Reading OpenROAD database at '/home/hassan-ul-haq/openlane2/designs/Multiplier/runs/120MHz/41-openroad-repairantennas/1-diodeinsertion/mult.odb'…
Reading library file at '/home/hassan-ul-haq/.volare/volare/sky130/versions/0fe599b2afb6708d281543108caf8310912f54af/sky130A/libs.ref/sky130_fd_sc_hd/lib/sky130_fd_sc_hd__tt_025C_1v80.lib'…
Reading design constraints file at '/nix/store/ss2cw3sxbrwwx9jl0rrppbw4kgcmgi2n-python3-3.11.9-env/lib/python3.11/site-packages/openlane/scripts/base.sdc'…
[INFO] Using clock clk…
[INFO] Setting output delay to: 1.6665999999999999
[INFO] Setting input delay to: 1.6665999999999999
[INFO] Setting load to: 0.033442
[INFO] Setting clock uncertainty to: 0.25
[INFO] Setting clock transition to: 0.1499999999999999944488848768742172978818416595458984375
[INFO] Setting timing derate to: 5%
[INFO ORD-0030] Using 4 thread(s).
[INFO DRT-0149] Reading tech and libs.
[WARNING DRT-0349] LEF58_ENCLOSURE with no CUTCLASS is not supported. Skipping for layer mcon
[WARNING DRT-0349] LEF58_ENCLOSURE with no CUTCLASS is not supported. Skipping for layer mcon
[WARNING DRT-0349] LEF58_ENCLOSURE with no CUTCLASS is not supported. Skipping for layer via
[WARNING DRT-0349] LEF58_ENCLOSURE with no CUTCLASS is not supported. Skipping for layer via
[WARNING DRT-0349] LEF58_ENCLOSURE with no CUTCLASS is not supported. Skipping for layer via2
[WARNING DRT-0349] LEF58_ENCLOSURE with no CUTCLASS is not supported. Skipping for layer via2
[WARNING DRT-0349] LEF58_ENCLOSURE with no CUTCLASS is not supported. Skipping for layer via3
[WARNING DRT-0349] LEF58_ENCLOSURE with no CUTCLASS is not supported. Skipping for layer via3
[WARNING DRT-0349] LEF58_ENCLOSURE with no CUTCLASS is not supported. Skipping for layer via4
[WARNING DRT-0349] LEF58_ENCLOSURE with no CUTCLASS is not supported. Skipping for layer via4

Units:                1000
Number of layers:     13
Number of macros:     441
Number of vias:       28
Number of viarulegen: 25

[INFO DRT-0150] Reading design.

Design:                   mult
Die area:                 ( 0 0 ) ( 99430 110150 )
Number of track patterns: 12
Number of DEF vias:       0
Number of components:     609
Number of terminals:      36
Number of snets:          2
Number of nets:           458

[INFO DRT-0167] List of default vias:
  Layer via
    default via: M1M2_PR
  Layer via2
    default via: M2M3_PR
  Layer via3
    default via: M3M4_PR
  Layer via4
    default via: M4M5_PR
[INFO DRT-0162] Library cell analysis.
[INFO DRT-0163] Instance analysis.
[INFO DRT-0164] Number of unique instances = 148.
[INFO DRT-0168] Init region query.
[INFO DRT-0024]   Complete FR_MASTERSLICE.
[INFO DRT-0024]   Complete licon.
[INFO DRT-0024]   Complete li1.
[INFO DRT-0024]   Complete mcon.
[INFO DRT-0024]   Complete met1.
[INFO DRT-0024]   Complete via.
[INFO DRT-0024]   Complete met2.
[INFO DRT-0024]   Complete via2.
[INFO DRT-0024]   Complete met3.
[INFO DRT-0024]   Complete via3.
[INFO DRT-0024]   Complete met4.
[INFO DRT-0024]   Complete via4.
[INFO DRT-0024]   Complete met5.
[INFO DRT-0033] FR_MASTERSLICE shape region query size = 0.
[INFO DRT-0033] licon shape region query size = 0.
[INFO DRT-0033] li1 shape region query size = 14100.
[INFO DRT-0033] mcon shape region query size = 0.
[INFO DRT-0033] met1 shape region query size = 1732.
[INFO DRT-0033] via shape region query size = 165.
[INFO DRT-0033] met2 shape region query size = 113.
[INFO DRT-0033] via2 shape region query size = 132.
[INFO DRT-0033] met3 shape region query size = 119.
[INFO DRT-0033] via3 shape region query size = 132.
[INFO DRT-0033] met4 shape region query size = 37.
[INFO DRT-0033] via4 shape region query size = 0.
[INFO DRT-0033] met5 shape region query size = 0.
[INFO DRT-0165] Start pin access.
[INFO DRT-0078]   Complete 508 pins.
[INFO DRT-0079]   Complete 100 unique inst patterns.
[INFO DRT-0081]   Complete 142 unique inst patterns.
[INFO DRT-0084]   Complete 266 groups.
#scanned instances     = 609
#unique  instances     = 148
#stdCellGenAp          = 3945
#stdCellValidPlanarAp  = 20
#stdCellValidViaAp     = 3055
#stdCellPinNoAp        = 0
#stdCellPinCnt         = 1465
#instTermValidViaApCnt = 0
#macroGenAp            = 0
#macroValidPlanarAp    = 0
#macroValidViaAp       = 0
#macroNoAp             = 0
[INFO DRT-0166] Complete pin access.
[INFO DRT-0267] cpu time = 00:00:31, elapsed time = 00:00:10, memory = 139.08 (MB), peak = 139.08 (MB)

[INFO DRT-0157] Number of guides:     2820

[INFO DRT-0169] Post process guides.
[INFO DRT-0176] GCELLGRID X 0 DO 14 STEP 6900 ;
[INFO DRT-0177] GCELLGRID Y 0 DO 15 STEP 6900 ;
[INFO DRT-0028]   Complete FR_MASTERSLICE.
[INFO DRT-0028]   Complete licon.
[INFO DRT-0028]   Complete li1.
[INFO DRT-0028]   Complete mcon.
[INFO DRT-0028]   Complete met1.
[INFO DRT-0028]   Complete via.
[INFO DRT-0028]   Complete met2.
[INFO DRT-0028]   Complete via2.
[INFO DRT-0028]   Complete met3.
[INFO DRT-0028]   Complete via3.
[INFO DRT-0028]   Complete met4.
[INFO DRT-0028]   Complete via4.
[INFO DRT-0028]   Complete met5.
[INFO DRT-0178] Init guide query.
[INFO DRT-0035]   Complete FR_MASTERSLICE (guide).
[INFO DRT-0035]   Complete licon (guide).
[INFO DRT-0035]   Complete li1 (guide).
[INFO DRT-0035]   Complete mcon (guide).
[INFO DRT-0035]   Complete met1 (guide).
[INFO DRT-0035]   Complete via (guide).
[INFO DRT-0035]   Complete met2 (guide).
[INFO DRT-0035]   Complete via2 (guide).
[INFO DRT-0035]   Complete met3 (guide).
[INFO DRT-0035]   Complete via3 (guide).
[INFO DRT-0035]   Complete met4 (guide).
[INFO DRT-0035]   Complete via4 (guide).
[INFO DRT-0035]   Complete met5 (guide).
[INFO DRT-0036] FR_MASTERSLICE guide region query size = 0.
[INFO DRT-0036] licon guide region query size = 0.
[INFO DRT-0036] li1 guide region query size = 1030.
[INFO DRT-0036] mcon guide region query size = 0.
[INFO DRT-0036] met1 guide region query size = 761.
[INFO DRT-0036] via guide region query size = 0.
[INFO DRT-0036] met2 guide region query size = 374.
[INFO DRT-0036] via2 guide region query size = 0.
[INFO DRT-0036] met3 guide region query size = 20.
[INFO DRT-0036] via3 guide region query size = 0.
[INFO DRT-0036] met4 guide region query size = 0.
[INFO DRT-0036] via4 guide region query size = 0.
[INFO DRT-0036] met5 guide region query size = 0.
[INFO DRT-0179] Init gr pin query.
[INFO DRT-0245] skipped writing guide updates to database.
[INFO DRT-0185] Post process initialize RPin region query.
[INFO DRT-0181] Start track assignment.
[INFO DRT-0184] Done with 1404 vertical wires in 1 frboxes and 781 horizontal wires in 1 frboxes.
[INFO DRT-0186] Done with 108 vertical wires in 1 frboxes and 197 horizontal wires in 1 frboxes.
[INFO DRT-0182] Complete track assignment.
[INFO DRT-0267] cpu time = 00:00:00, elapsed time = 00:00:00, memory = 146.62 (MB), peak = 146.62 (MB)
[INFO DRT-0187] Start routing data preparation.
[INFO DRT-0267] cpu time = 00:00:00, elapsed time = 00:00:00, memory = 146.62 (MB), peak = 146.62 (MB)
[INFO DRT-0194] Start detail routing.
[INFO DRT-0195] Start 0th optimization iteration.
    Completing 10% with 0 violations.
    elapsed time = 00:00:00, memory = 161.21 (MB).
    Completing 20% with 0 violations.
    elapsed time = 00:00:01, memory = 152.54 (MB).
    Completing 30% with 15 violations.
    elapsed time = 00:00:03, memory = 156.79 (MB).
    Completing 40% with 38 violations.
    elapsed time = 00:00:03, memory = 175.79 (MB).
    Completing 50% with 38 violations.
    elapsed time = 00:00:05, memory = 176.91 (MB).
    Completing 60% with 61 violations.
    elapsed time = 00:00:07, memory = 180.29 (MB).
[INFO DRT-0199]   Number of violations = 101.
Viol/Layer         li1   met1   met2   met3
Metal Spacing        3     23      4      5
Recheck              0      9      2      0
Short                0     54      1      0
[INFO DRT-0267] cpu time = 00:00:09, elapsed time = 00:00:08, memory = 510.29 (MB), peak = 510.29 (MB)
Total wire length = 7158 um.
Total wire length on LAYER li1 = 0 um.
Total wire length on LAYER met1 = 3536 um.
Total wire length on LAYER met2 = 3553 um.
Total wire length on LAYER met3 = 69 um.
Total wire length on LAYER met4 = 0 um.
Total wire length on LAYER met5 = 0 um.
Total number of vias = 2771.
Up-via summary (total 2771):

-----------------------
 FR_MASTERSLICE       0
            li1    1434
           met1    1317
           met2      20
           met3       0
           met4       0
-----------------------
                   2771


[INFO DRT-0195] Start 1st optimization iteration.
    Completing 10% with 101 violations.
    elapsed time = 00:00:00, memory = 513.41 (MB).
    Completing 20% with 101 violations.
    elapsed time = 00:00:00, memory = 515.16 (MB).
    Completing 30% with 101 violations.
    elapsed time = 00:00:00, memory = 515.66 (MB).
    Completing 40% with 101 violations.
    elapsed time = 00:00:00, memory = 515.66 (MB).
    Completing 50% with 92 violations.
    elapsed time = 00:00:00, memory = 243.79 (MB).
    Completing 60% with 92 violations.
    elapsed time = 00:00:02, memory = 243.79 (MB).
    Completing 70% with 102 violations.
    elapsed time = 00:00:03, memory = 248.91 (MB).
    Completing 80% with 102 violations.
    elapsed time = 00:00:04, memory = 248.91 (MB).
    Completing 90% with 76 violations.
    elapsed time = 00:00:07, memory = 248.91 (MB).
    Completing 100% with 70 violations.
    elapsed time = 00:00:07, memory = 248.91 (MB).
[INFO DRT-0199]   Number of violations = 70.
Viol/Layer        met1   met2   met3
Metal Spacing       20      1      3
Short               46      0      0
[INFO DRT-0267] cpu time = 00:00:09, elapsed time = 00:00:07, memory = 521.54 (MB), peak = 521.54 (MB)
Total wire length = 7129 um.
Total wire length on LAYER li1 = 0 um.
Total wire length on LAYER met1 = 3525 um.
Total wire length on LAYER met2 = 3525 um.
Total wire length on LAYER met3 = 78 um.
Total wire length on LAYER met4 = 0 um.
Total wire length on LAYER met5 = 0 um.
Total number of vias = 2781.
Up-via summary (total 2781):

-----------------------
 FR_MASTERSLICE       0
            li1    1433
           met1    1324
           met2      24
           met3       0
           met4       0
-----------------------
                   2781


[INFO DRT-0195] Start 2nd optimization iteration.
    Completing 10% with 70 violations.
    elapsed time = 00:00:00, memory = 521.54 (MB).
    Completing 20% with 70 violations.
    elapsed time = 00:00:00, memory = 521.54 (MB).
    Completing 30% with 70 violations.
    elapsed time = 00:00:00, memory = 521.54 (MB).
    Completing 40% with 70 violations.
    elapsed time = 00:00:00, memory = 521.54 (MB).
    Completing 50% with 74 violations.
    elapsed time = 00:00:00, memory = 264.88 (MB).
    Completing 60% with 74 violations.
    elapsed time = 00:00:01, memory = 270.26 (MB).
    Completing 70% with 69 violations.
    elapsed time = 00:00:01, memory = 270.26 (MB).
    Completing 80% with 69 violations.
    elapsed time = 00:00:02, memory = 270.26 (MB).
    Completing 90% with 72 violations.
    elapsed time = 00:00:07, memory = 270.26 (MB).
    Completing 100% with 53 violations.
    elapsed time = 00:00:07, memory = 270.26 (MB).
[INFO DRT-0199]   Number of violations = 53.
Viol/Layer        met1   met2
Metal Spacing       15      1
Short               35      2
[INFO DRT-0267] cpu time = 00:00:09, elapsed time = 00:00:07, memory = 543.01 (MB), peak = 543.01 (MB)
Total wire length = 7065 um.
Total wire length on LAYER li1 = 0 um.
Total wire length on LAYER met1 = 3473 um.
Total wire length on LAYER met2 = 3511 um.
Total wire length on LAYER met3 = 79 um.
Total wire length on LAYER met4 = 0 um.
Total wire length on LAYER met5 = 0 um.
Total number of vias = 2753.
Up-via summary (total 2753):

-----------------------
 FR_MASTERSLICE       0
            li1    1433
           met1    1298
           met2      22
           met3       0
           met4       0
-----------------------
                   2753


[INFO DRT-0195] Start 3rd optimization iteration.
    Completing 10% with 53 violations.
    elapsed time = 00:00:00, memory = 543.01 (MB).
    Completing 20% with 53 violations.
    elapsed time = 00:00:00, memory = 482.06 (MB).
    Completing 30% with 45 violations.
    elapsed time = 00:00:02, memory = 270.89 (MB).
    Completing 40% with 22 violations.
    elapsed time = 00:00:02, memory = 270.89 (MB).
    Completing 50% with 22 violations.
    elapsed time = 00:00:02, memory = 270.89 (MB).
    Completing 60% with 11 violations.
    elapsed time = 00:00:02, memory = 270.89 (MB).
[INFO DRT-0199]   Number of violations = 0.
[INFO DRT-0267] cpu time = 00:00:05, elapsed time = 00:00:03, memory = 542.76 (MB), peak = 543.01 (MB)
Total wire length = 7038 um.
Total wire length on LAYER li1 = 0 um.
Total wire length on LAYER met1 = 3331 um.
Total wire length on LAYER met2 = 3529 um.
Total wire length on LAYER met3 = 177 um.
Total wire length on LAYER met4 = 0 um.
Total wire length on LAYER met5 = 0 um.
Total number of vias = 2794.
Up-via summary (total 2794):

-----------------------
 FR_MASTERSLICE       0
            li1    1433
           met1    1316
           met2      45
           met3       0
           met4       0
-----------------------
                   2794


[INFO DRT-0198] Complete detail routing.
Total wire length = 7038 um.
Total wire length on LAYER li1 = 0 um.
Total wire length on LAYER met1 = 3331 um.
Total wire length on LAYER met2 = 3529 um.
Total wire length on LAYER met3 = 177 um.
Total wire length on LAYER met4 = 0 um.
Total wire length on LAYER met5 = 0 um.
Total number of vias = 2794.
Up-via summary (total 2794):

-----------------------
 FR_MASTERSLICE       0
            li1    1433
           met1    1316
           met2      45
           met3       0
           met4       0
-----------------------
                   2794


[INFO DRT-0267] cpu time = 00:00:34, elapsed time = 00:00:26, memory = 542.76 (MB), peak = 543.01 (MB)

[INFO DRT-0180] Post processing.
Setting global connections for newly added cells…
[INFO] Setting global connections...
Updating metrics…
Cell type report:                       Count       Area
  Fill cell                                64     240.23
  Tap cell                                102     127.62
  Clock buffer                              5     125.12
  Timing Repair Buffer                     66     332.82
  Inverter                                 37     138.88
  Clock inverter                            3      23.77
  Sequential cell                          32     804.52
  Multi-Input combinational cell          300    2084.50
  Total                                   609    3877.47
Writing OpenROAD database to '/home/hassan-ul-haq/openlane2/designs/Multiplier/runs/120MHz/43-openroad-detailedrouting/mult.odb'…
Writing netlist to '/home/hassan-ul-haq/openlane2/designs/Multiplier/runs/120MHz/43-openroad-detailedrouting/mult.nl.v'…
Writing powered netlist to '/home/hassan-ul-haq/openlane2/designs/Multiplier/runs/120MHz/43-openroad-detailedrouting/mult.pnl.v'…
Writing layout to '/home/hassan-ul-haq/openlane2/designs/Multiplier/runs/120MHz/43-openroad-detailedrouting/mult.def'…
Writing timing constraints to '/home/hassan-ul-haq/openlane2/designs/Multiplier/runs/120MHz/43-openroad-detailedrouting/mult.sdc'…
