Clock: clk
Sources: clk 
Generated: no
Virtual: yes
Propagated: no
Period: 5.000000

===========================================================================
report_clock_properties
============================================================================
Clock                   Period          Waveform
----------------------------------------------------
clk                   5.000000    0.000000  2.500000

===========================================================================
report_clock_latency
============================================================================
Clock clk
rise -> rise
    min     max
0.000000 0.000000 source latency
0.712194         network latency _770_/CLK
        0.722746 network latency _822_/CLK
---------------
0.712194 0.722746 latency
        0.010552 skew

fall -> fall
    min     max
0.000000 0.000000 source latency
0.664402         network latency _770_/CLK
        0.673469 network latency _821_/CLK
---------------
0.664402 0.673469 latency
        0.009067 skew



===========================================================================
report_clock_min_period
============================================================================
clk period_min = 5.23 fmax = 191.31
