
===========================================================================
report_checks -unconstrained
===========================================================================
======================= max_ss_100C_1v60 Corner ===================================

Startpoint: rst (input port clocked by clk)
Endpoint: _800_ (recovery check against rising-edge clock clk)
Path Group: asynchronous
Path Type: max

Fanout         Cap        Slew       Delay        Time   Description
---------------------------------------------------------------------------------------------
                                  0.000000    0.000000   clock clk (rise edge)
                                  0.000000    0.000000   clock network delay (propagated)
                                  1.250000    1.250000 v input external delay
     1    0.002429    0.017053    0.008106    1.258106 v rst (in)
                                                         rst (net)
                      0.017054    0.000000    1.258106 v input17/A (sky130_fd_sc_hd__buf_1)
     2    0.015827    0.186793    0.243909    1.502015 v input17/X (sky130_fd_sc_hd__buf_1)
                                                         net17 (net)
                      0.186793    0.000753    1.502768 v fanout67/A (sky130_fd_sc_hd__buf_2)
     6    0.032651    0.159607    0.393739    1.896508 v fanout67/X (sky130_fd_sc_hd__buf_2)
                                                         net67 (net)
                      0.159742    0.004194    1.900701 v fanout66/A (sky130_fd_sc_hd__buf_2)
     6    0.041634    0.195877    0.409556    2.310257 v fanout66/X (sky130_fd_sc_hd__buf_2)
                                                         net66 (net)
                      0.195888    0.001704    2.311961 v fanout64/A (sky130_fd_sc_hd__buf_4)
    10    0.055132    0.144005    0.398178    2.710139 v fanout64/X (sky130_fd_sc_hd__buf_4)
                                                         net64 (net)
                      0.144093    0.003271    2.713410 v _728_/A (sky130_fd_sc_hd__inv_2)
     1    0.003599    0.053853    0.098408    2.811818 ^ _728_/Y (sky130_fd_sc_hd__inv_2)
                                                         _088_ (net)
                      0.053853    0.000089    2.811907 ^ _800_/RESET_B (sky130_fd_sc_hd__dfrtp_1)
                                              2.811907   data arrival time

                                  6.250000    6.250000   clock clk (rise edge)
                                  0.000000    6.250000   clock source latency
     1    0.019633    0.147539    0.101165    6.351165 ^ clk (in)
                                                         clk (net)
                      0.147590    0.000000    6.351165 ^ clkbuf_0_clk/A (sky130_fd_sc_hd__clkbuf_16)
     8    0.083708    0.153837    0.331237    6.682402 ^ clkbuf_0_clk/X (sky130_fd_sc_hd__clkbuf_16)
                                                         clknet_0_clk (net)
                      0.154008    0.004578    6.686979 ^ clkbuf_3_4__f_clk/A (sky130_fd_sc_hd__clkbuf_16)
     8    0.031810    0.083017    0.276048    6.963027 ^ clkbuf_3_4__f_clk/X (sky130_fd_sc_hd__clkbuf_16)
                                                         clknet_3_4__leaf_clk (net)
                      0.083105    0.002343    6.965370 ^ _800_/CLK (sky130_fd_sc_hd__dfrtp_1)
                                 -0.250000    6.715370   clock uncertainty
                                  0.000000    6.715370   clock reconvergence pessimism
                                  0.472921    7.188292   library recovery time
                                              7.188292   data required time
---------------------------------------------------------------------------------------------
                                              7.188292   data required time
                                             -2.811907   data arrival time
---------------------------------------------------------------------------------------------
                                              4.376385   slack (MET)


Startpoint: _832_ (rising edge-triggered flip-flop clocked by clk)
Endpoint: _802_ (rising edge-triggered flip-flop clocked by clk)
Path Group: clk
Path Type: max

Fanout         Cap        Slew       Delay        Time   Description
---------------------------------------------------------------------------------------------
                                  0.000000    0.000000   clock clk (rise edge)
                                  0.000000    0.000000   clock source latency
     1    0.019633    0.147539    0.101165    0.101165 ^ clk (in)
                                                         clk (net)
                      0.147590    0.000000    0.101165 ^ clkbuf_0_clk/A (sky130_fd_sc_hd__clkbuf_16)
     8    0.083708    0.153837    0.331236    0.432402 ^ clkbuf_0_clk/X (sky130_fd_sc_hd__clkbuf_16)
                                                         clknet_0_clk (net)
                      0.154003    0.004518    0.436919 ^ clkbuf_3_1__f_clk/A (sky130_fd_sc_hd__clkbuf_16)
     9    0.035617    0.088491    0.280938    0.717857 ^ clkbuf_3_1__f_clk/X (sky130_fd_sc_hd__clkbuf_16)
                                                         clknet_3_1__leaf_clk (net)
                      0.088725    0.003895    0.721752 ^ _832_/CLK (sky130_fd_sc_hd__dfrtp_1)
     3    0.021257    0.306583    0.834394    1.556146 ^ _832_/Q (sky130_fd_sc_hd__dfrtp_1)
                                                         b_high[0] (net)
                      0.306583    0.001038    1.557184 ^ fanout39/A (sky130_fd_sc_hd__buf_2)
    10    0.042610    0.334054    0.488352    2.045536 ^ fanout39/X (sky130_fd_sc_hd__buf_2)
                                                         net39 (net)
                      0.334054    0.001079    2.046615 ^ _447_/A (sky130_fd_sc_hd__and4_1)
     4    0.011407    0.218017    0.549412    2.596027 ^ _447_/X (sky130_fd_sc_hd__and4_1)
                                                         _181_ (net)
                      0.218017    0.000542    2.596569 ^ _449_/A_N (sky130_fd_sc_hd__and4bb_1)
     3    0.008734    0.124951    0.478326    3.074894 v _449_/X (sky130_fd_sc_hd__and4bb_1)
                                                         _183_ (net)
                      0.124951    0.000243    3.075137 v _464_/B (sky130_fd_sc_hd__or3_1)
     1    0.002473    0.131235    0.800624    3.875761 v _464_/X (sky130_fd_sc_hd__or3_1)
                                                         _197_ (net)
                      0.131235    0.000145    3.875906 v _465_/B (sky130_fd_sc_hd__and2_1)
     2    0.007328    0.103871    0.382880    4.258786 v _465_/X (sky130_fd_sc_hd__and2_1)
                                                         _198_ (net)
                      0.103871    0.000505    4.259291 v _467_/B (sky130_fd_sc_hd__xnor2_1)
     2    0.008311    0.363790    0.363948    4.623239 ^ _467_/Y (sky130_fd_sc_hd__xnor2_1)
                                                         _200_ (net)
                      0.363791    0.000528    4.623767 ^ _469_/A (sky130_fd_sc_hd__nand2_1)
     2    0.005705    0.146627    0.240949    4.864716 v _469_/Y (sky130_fd_sc_hd__nand2_1)
                                                         _202_ (net)
                      0.146627    0.000401    4.865117 v _483_/A1 (sky130_fd_sc_hd__o21ba_1)
     2    0.004356    0.078297    0.378414    5.243531 v _483_/X (sky130_fd_sc_hd__o21ba_1)
                                                         _214_ (net)
                      0.078297    0.000142    5.243673 v _485_/B (sky130_fd_sc_hd__and2_1)
     1    0.003048    0.069835    0.319097    5.562770 v _485_/X (sky130_fd_sc_hd__and2_1)
                                                         _216_ (net)
                      0.069835    0.000202    5.562972 v _486_/B (sky130_fd_sc_hd__nor2_1)
     1    0.005217    0.193340    0.191348    5.754319 ^ _486_/Y (sky130_fd_sc_hd__nor2_1)
                                                         _051_ (net)
                      0.193403    0.000388    5.754707 ^ _802_/D (sky130_fd_sc_hd__dfrtp_1)
                                              5.754707   data arrival time

                                  6.250000    6.250000   clock clk (rise edge)
                                  0.000000    6.250000   clock source latency
     1    0.019633    0.147539    0.101165    6.351165 ^ clk (in)
                                                         clk (net)
                      0.147590    0.000000    6.351165 ^ clkbuf_0_clk/A (sky130_fd_sc_hd__clkbuf_16)
     8    0.083708    0.153837    0.331237    6.682402 ^ clkbuf_0_clk/X (sky130_fd_sc_hd__clkbuf_16)
                                                         clknet_0_clk (net)
                      0.154008    0.004578    6.686979 ^ clkbuf_3_4__f_clk/A (sky130_fd_sc_hd__clkbuf_16)
     8    0.031810    0.083017    0.276048    6.963027 ^ clkbuf_3_4__f_clk/X (sky130_fd_sc_hd__clkbuf_16)
                                                         clknet_3_4__leaf_clk (net)
                      0.083048    0.001517    6.964544 ^ _802_/CLK (sky130_fd_sc_hd__dfrtp_1)
                                 -0.250000    6.714544   clock uncertainty
                                  0.000000    6.714544   clock reconvergence pessimism
                                 -0.161842    6.552702   library setup time
                                              6.552702   data required time
---------------------------------------------------------------------------------------------
                                              6.552702   data required time
                                             -5.754707   data arrival time
---------------------------------------------------------------------------------------------
                                              0.797995   slack (MET)




===========================================================================
report_checks --slack_max -0.01
============================================================================
======================= max_ss_100C_1v60 Corner ===================================

No paths found.


===========================================================================
 report_check_types -max_slew -max_cap -max_fanout -violators
============================================================================
======================= max_ss_100C_1v60 Corner ===================================

max fanout

Pin                                   Limit Fanout  Slack
---------------------------------------------------------
clkbuf_3_2__f_clk/X                      10     13     -3 (VIOLATED)
clkbuf_3_7__f_clk/X                      10     13     -3 (VIOLATED)
clkbuf_3_6__f_clk/X                      10     11        (VIOLATED)



===========================================================================
report_parasitic_annotation -report_unannotated
============================================================================
Found 7 unannotated drivers.
 clkload0/Y
 clkload1/Y
 clkload2/X
 clkload3/Y
 clkload4/Y
 clkload5/Y
 clkload6/Y
Found 0 partially unannotated drivers.

===========================================================================
max slew violation count 0
max fanout violation count 3
max cap violation count 0
============================================================================

===========================================================================
check_setup -verbose -unconstrained_endpoints -multiple_clock -no_clock -no_input_delay -loops -generated_clocks
===========================================================================
