Clock: clk
Sources: clk 
Generated: no
Virtual: yes
Propagated: no
Period: 6.250000

===========================================================================
report_clock_properties
============================================================================
Clock                   Period          Waveform
----------------------------------------------------
clk                   6.250000    0.000000  3.125000

===========================================================================
report_clock_latency
============================================================================
Clock clk
rise -> rise
    min     max
0.000000 0.000000 source latency
0.714016         network latency _794_/CLK
        0.732518 network latency _764_/CLK
---------------
0.714016 0.732518 latency
        0.018502 skew

fall -> fall
    min     max
0.000000 0.000000 source latency
0.665660         network latency _794_/CLK
        0.682227 network latency _764_/CLK
---------------
0.665660 0.682227 latency
        0.016568 skew



===========================================================================
report_clock_min_period
============================================================================
clk period_min = 5.45 fmax = 183.42
