Clock: clk
Sources: clk 
Generated: no
Virtual: no
Propagated: no
Period: 5.000000

===========================================================================
report_clock_properties
============================================================================
Clock                   Period          Waveform
----------------------------------------------------
clk                   5.000000    0.000000  2.500000

===========================================================================
report_clock_latency
============================================================================
Clock clk
rise -> rise
    min     max
0.000000 0.000000 source latency
0.417602         network latency _764_/CLK
        0.417602 network latency _764_/CLK
---------------
0.417602 0.417602 latency
        0.000000 skew

fall -> fall
    min     max
0.000000 0.000000 source latency
0.199906         network latency _764_/CLK
        0.199906 network latency _764_/CLK
---------------
0.199906 0.199906 latency
        0.000000 skew



===========================================================================
report_clock_min_period
============================================================================
clk period_min = 2.82 fmax = 354.51
