
===========================================================================
report_checks -unconstrained
===========================================================================
======================= max_ff_n40C_1v95 Corner ===================================

Startpoint: rst (input port clocked by clk)
Endpoint: _668_ (recovery check against rising-edge clock clk)
Path Group: asynchronous
Path Type: max

Fanout         Cap        Slew       Delay        Time   Description
---------------------------------------------------------------------------------------------
                      0.150000    0.000000    0.000000   clock clk (rise edge)
                                  0.000000    0.000000   clock network delay (ideal)
                                  1.666600    1.666600 v input external delay
    32    0.137120    0.202739    0.152880    1.819480 v rst (in)
                                                         rst (net)
                      0.202739    0.000000    1.819480 v _636_/A (sky130_fd_sc_hd__inv_2)
     1    0.004590    0.049657    0.078350    1.897830 ^ _636_/Y (sky130_fd_sc_hd__inv_2)
                                                         _010_ (net)
                      0.049657    0.000247    1.898077 ^ _668_/RESET_B (sky130_fd_sc_hd__dfrtp_2)
                                              1.898077   data arrival time

                      0.150000    8.333000    8.333000   clock clk (rise edge)
                                  0.000000    8.333000   clock network delay (ideal)
                                 -0.250000    8.083000   clock uncertainty
                                  0.000000    8.083000   clock reconvergence pessimism
                                              8.083000 ^ _668_/CLK (sky130_fd_sc_hd__dfrtp_2)
                                  0.147095    8.230096   library recovery time
                                              8.230096   data required time
---------------------------------------------------------------------------------------------
                                              8.230096   data required time
                                             -1.898077   data arrival time
---------------------------------------------------------------------------------------------
                                              6.332019   slack (MET)


Startpoint: _670_ (rising edge-triggered flip-flop clocked by clk)
Endpoint: _662_ (rising edge-triggered flip-flop clocked by clk)
Path Group: clk
Path Type: max

Fanout         Cap        Slew       Delay        Time   Description
---------------------------------------------------------------------------------------------
                      0.150000    0.000000    0.000000   clock clk (rise edge)
                                  0.000000    0.000000   clock network delay (ideal)
                      0.150000    0.000000    0.000000 ^ _670_/CLK (sky130_fd_sc_hd__dfrtp_2)
    14    0.039922    0.087842    0.335780    0.335780 v _670_/Q (sky130_fd_sc_hd__dfrtp_2)
                                                         a_reg[5] (net)
                      0.087842    0.000000    0.335780 v _370_/D (sky130_fd_sc_hd__and4_2)
     3    0.009235    0.040674    0.180077    0.515857 v _370_/X (sky130_fd_sc_hd__and4_2)
                                                         _046_ (net)
                      0.040677    0.000376    0.516233 v _372_/B (sky130_fd_sc_hd__or3_2)
     2    0.008024    0.062152    0.271540    0.787773 v _372_/X (sky130_fd_sc_hd__or3_2)
                                                         _048_ (net)
                      0.062152    0.000412    0.788185 v _375_/A1 (sky130_fd_sc_hd__a21o_2)
     3    0.011256    0.040505    0.143818    0.932003 v _375_/X (sky130_fd_sc_hd__a21o_2)
                                                         _051_ (net)
                      0.040529    0.000912    0.932915 v _384_/A2 (sky130_fd_sc_hd__a21o_2)
     2    0.007118    0.032567    0.143019    1.075934 v _384_/X (sky130_fd_sc_hd__a21o_2)
                                                         _060_ (net)
                      0.032588    0.000431    1.076365 v _385_/C (sky130_fd_sc_hd__and3_2)
     4    0.017905    0.051869    0.159764    1.236129 v _385_/X (sky130_fd_sc_hd__and3_2)
                                                         _061_ (net)
                      0.051869    0.000000    1.236129 v _387_/A (sky130_fd_sc_hd__nor3b_2)
     4    0.013464    0.197537    0.200699    1.436829 ^ _387_/Y (sky130_fd_sc_hd__nor3b_2)
                                                         _063_ (net)
                      0.197537    0.000000    1.436829 ^ _413_/A2 (sky130_fd_sc_hd__o211a_2)
     6    0.025293    0.118027    0.180360    1.617189 ^ _413_/X (sky130_fd_sc_hd__o211a_2)
                                                         _089_ (net)
                      0.118039    0.001281    1.618469 ^ _415_/A (sky130_fd_sc_hd__nor2_2)
     1    0.002757    0.037439    0.025018    1.643487 v _415_/Y (sky130_fd_sc_hd__nor2_2)
                                                         _091_ (net)
                      0.037439    0.000191    1.643679 v _458_/A2 (sky130_fd_sc_hd__a41o_2)
     2    0.012083    0.046156    0.172815    1.816494 v _458_/X (sky130_fd_sc_hd__a41o_2)
                                                         _133_ (net)
                      0.046173    0.000839    1.817333 v _492_/A2 (sky130_fd_sc_hd__a21o_2)
     4    0.022977    0.057733    0.174183    1.991515 v _492_/X (sky130_fd_sc_hd__a21o_2)
                                                         _166_ (net)
                      0.057806    0.001827    1.993342 v _598_/A1 (sky130_fd_sc_hd__a211o_2)
     2    0.006536    0.041322    0.194607    2.187950 v _598_/X (sky130_fd_sc_hd__a211o_2)
                                                         _268_ (net)
                      0.041322    0.000312    2.188262 v _600_/C (sky130_fd_sc_hd__and4b_2)
     4    0.017299    0.055943    0.168971    2.357233 v _600_/X (sky130_fd_sc_hd__and4b_2)
                                                         _270_ (net)
                      0.055958    0.000848    2.358081 v _614_/B (sky130_fd_sc_hd__or4_2)
     1    0.004753    0.070873    0.372793    2.730874 v _614_/X (sky130_fd_sc_hd__or4_2)
                                                         _283_ (net)
                      0.070874    0.000348    2.731223 v _615_/B (sky130_fd_sc_hd__nand2_2)
     1    0.002410    0.032095    0.054039    2.785262 ^ _615_/Y (sky130_fd_sc_hd__nand2_2)
                                                         product_reg[13] (net)
                      0.032095    0.000175    2.785437 ^ _662_/D (sky130_fd_sc_hd__dfrtp_2)
                                              2.785437   data arrival time

                      0.150000    8.333000    8.333000   clock clk (rise edge)
                                  0.000000    8.333000   clock network delay (ideal)
                                 -0.250000    8.083000   clock uncertainty
                                  0.000000    8.083000   clock reconvergence pessimism
                                              8.083000 ^ _662_/CLK (sky130_fd_sc_hd__dfrtp_2)
                                 -0.032015    8.050985   library setup time
                                              8.050985   data required time
---------------------------------------------------------------------------------------------
                                              8.050985   data required time
                                             -2.785437   data arrival time
---------------------------------------------------------------------------------------------
                                              5.265548   slack (MET)




===========================================================================
report_checks --slack_max -0.01
============================================================================
======================= max_ff_n40C_1v95 Corner ===================================

No paths found.


===========================================================================
 report_check_types -max_slew -max_cap -max_fanout -violators
============================================================================
======================= max_ff_n40C_1v95 Corner ===================================

max fanout

Pin                                   Limit Fanout  Slack
---------------------------------------------------------
rst                                      10     32    -22 (VIOLATED)
_676_/Q                                  10     17     -7 (VIOLATED)
_677_/Q                                  10     17     -7 (VIOLATED)
_674_/Q                                  10     16     -6 (VIOLATED)
_679_/Q                                  10     16     -6 (VIOLATED)
_666_/Q                                  10     15     -5 (VIOLATED)
_667_/Q                                  10     15     -5 (VIOLATED)
_668_/Q                                  10     15     -5 (VIOLATED)
_671_/Q                                  10     15     -5 (VIOLATED)
_672_/Q                                  10     15     -5 (VIOLATED)
_670_/Q                                  10     14     -4 (VIOLATED)
_673_/Q                                  10     14     -4 (VIOLATED)
_678_/Q                                  10     14     -4 (VIOLATED)
_665_/Q                                  10     13     -3 (VIOLATED)
_669_/Q                                  10     12     -2 (VIOLATED)
_680_/Q                                  10     12     -2 (VIOLATED)



===========================================================================
report_parasitic_annotation -report_unannotated
============================================================================
Found 0 unannotated drivers.
Found 52 partially unannotated drivers.
 a[0]
  _665_/D
 a[1]
  _666_/D
 a[2]
  _667_/D
 a[3]
  _668_/D
 a[4]
  _669_/D
 a[5]
  _670_/D
 a[6]
  _671_/D
 a[7]
  _672_/D
 b[0]
  _673_/D
 b[1]
  _674_/D
 b[2]
  _675_/D
 b[3]
  _676_/D
 b[4]
  _677_/D
 b[5]
  _678_/D
 b[6]
  _679_/D
 b[7]
  _680_/D
 clk
  _658_/CLK
  _659_/CLK
  _660_/CLK
  _661_/CLK
  _662_/CLK
  _663_/CLK
  _664_/CLK
  _665_/CLK
  _666_/CLK
  _667_/CLK
  _668_/CLK
  _669_/CLK
  _670_/CLK
  _671_/CLK
  _672_/CLK
  _673_/CLK
  _674_/CLK
  _675_/CLK
  _676_/CLK
  _677_/CLK
  _678_/CLK
  _679_/CLK
  _680_/CLK
  _681_/CLK
  _682_/CLK
  _683_/CLK
  _684_/CLK
  _685_/CLK
  _686_/CLK
  _687_/CLK
  _688_/CLK
  _689_/CLK
 rst
  _321_/A
  _627_/A
  _628_/A
  _629_/A
  _630_/A
  _631_/A
  _632_/A
  _633_/A
  _634_/A
  _635_/A
  _636_/A
  _637_/A
  _638_/A
  _639_/A
  _640_/A
  _641_/A
  _642_/A
  _643_/A
  _644_/A
  _645_/A
  _646_/A
  _647_/A
  _648_/A
  _649_/A
  _650_/A
  _651_/A
  _652_/A
  _653_/A
  _654_/A
  _655_/A
  _656_/A
  _657_/A
 _385_/X
  _387_/A
 _386_/Y
  _387_/B
 _387_/Y
  _388_/A
  _414_/C1
  _417_/A_N
 _658_/Q
  product[9]
 _659_/Q
  product[10]
 _660_/Q
  product[11]
 _661_/Q
  product[12]
 _662_/Q
  product[13]
 _663_/Q
  product[14]
 _664_/Q
  product[15]
 _665_/Q
  _322_/B
  _323_/B2
  _326_/A
  _339_/A1
  _342_/A
  _343_/A1
  _348_/B2
  _349_/A
  _379_/A
  _389_/B1
 _666_/Q
  _323_/A2
  _324_/A
  _327_/B
  _328_/A1
  _334_/A
  _348_/A1
  _349_/B
  _376_/A
  _377_/A
  _378_/B2
  _392_/A
  _424_/A1
  _425_/A
  _460_/A1
  _464_/A
 _667_/Q
  _327_/D
  _328_/B1
  _335_/C
  _336_/A2
  _351_/A
  _376_/B
  _377_/B
  _378_/A1
  _393_/A
  _394_/B2
  _433_/A
  _461_/A1
  _462_/A
  _495_/A1
  _499_/A
 _668_/Q
  _335_/D
  _336_/B1
  _352_/C
  _353_/A2
  _369_/B
  _393_/B
  _394_/A1
  _430_/A
  _431_/B2
  _471_/A
  _496_/A1
  _497_/A
  _524_/A1
  _530_/A
  _554_/A1
 _669_/Q
  _352_/D
  _353_/B1
  _370_/C
  _371_/A2
  _397_/B
  _430_/C
  _431_/A2
  _468_/B
  _507_/A
  _526_/A
 _670_/Q
  _370_/D
  _371_/B1
  _399_/D
  _400_/B1
  _435_/B
  _468_/D
  _469_/B1
  _504_/D
  _505_/B1
  _535_/A
  _559_/A1
  _560_/A
  _561_/A
  _579_/A
 _671_/Q
  _398_/B
  _399_/C
  _400_/A2
  _436_/A2
  _437_/C
  _473_/A2
  _504_/C
  _505_/A2
  _532_/C
  _533_/A2
  _555_/A1
  _556_/B
  _580_/A
  _581_/A
  _602_/B2
 _672_/Q
  _436_/B1
  _437_/D
  _473_/B1
  _474_/B
  _475_/A2
  _532_/D
  _533_/B1
  _555_/B1
  _556_/D
  _584_/B
  _585_/A2
  _602_/A2
  _603_/A
  _616_/A
  _623_/C1
 _673_/Q
  _328_/B2
  _335_/A
  _352_/A
  _353_/B2
  _370_/A
  _371_/B2
  _399_/A
  _400_/A1
  _436_/B2
  _437_/A
 _674_/Q
  _323_/B1
  _324_/B
  _327_/C
  _328_/A2
  _335_/B
  _336_/A1
  _352_/B
  _353_/A1
  _370_/B
  _371_/A1
  _398_/A
  _399_/B
  _400_/B2
  _436_/A1
  _437_/B
  _473_/B2
 _676_/Q
  _342_/B
  _343_/A2
  _348_/A2
  _349_/C
  _376_/C
  _377_/C
  _378_/A2
  _393_/C
  _394_/A2
  _430_/B
  _431_/A1
  _468_/A
  _469_/B2
  _504_/A
  _505_/A1
  _532_/A
  _533_/B2
 _677_/Q
  _348_/B1
  _349_/D
  _376_/D
  _377_/D
  _378_/B1
  _393_/D
  _394_/B1
  _430_/D
  _431_/B1
  _468_/C
  _469_/A2
  _504_/B
  _505_/B2
  _532_/B
  _533_/A1
  _555_/B2
  _556_/A
 _678_/Q
  _379_/B
  _424_/A2
  _496_/A2
  _507_/B
  _535_/B
  _555_/A2
  _556_/C
  _559_/A2
  _584_/A
  _585_/A1
 _679_/Q
  _389_/C1
  _390_/A2
  _425_/B
  _460_/A2
  _462_/B
  _495_/A2
  _497_/B
  _524_/A2
  _526_/B
  _560_/B
  _561_/B
  _580_/B
  _581_/B
  _582_/A1
  _602_/A1
  _607_/A1_N
 _680_/Q
  _427_/B
  _428_/A2
  _530_/B
  _554_/A2
  _563_/B
  _579_/B
  _602_/B1
  _603_/B
  _616_/B
  _623_/B1
 _681_/Q
  product[0]
 _682_/Q
  product[1]
 _683_/Q
  product[2]
 _684_/Q
  product[3]
 _685_/Q
  product[4]
 _686_/Q
  product[5]
 _687_/Q
  product[6]
 _688_/Q
  product[7]
 _689_/Q
  product[8]

===========================================================================
max slew violation count 0
max fanout violation count 16
max cap violation count 0
============================================================================

===========================================================================
check_setup -verbose -unconstrained_endpoints -multiple_clock -no_clock -no_input_delay -loops -generated_clocks
===========================================================================
