Clock: clk
Sources: clk 
Generated: no
Virtual: yes
Propagated: no
Period: 3.333000

===========================================================================
report_clock_properties
============================================================================
Clock                   Period          Waveform
----------------------------------------------------
clk                   3.333000    0.000000  1.666500

===========================================================================
report_clock_latency
============================================================================
Clock clk
rise -> rise
    min     max
0.000000 0.000000 source latency
0.541843         network latency _1356_/CLK
        0.552485 network latency _1509_/CLK
---------------
0.541843 0.552485 latency
        0.010642 skew

fall -> fall
    min     max
0.000000 0.000000 source latency
0.510568         network latency _1356_/CLK
        0.517906 network latency _1509_/CLK
---------------
0.510568 0.517906 latency
        0.007338 skew



===========================================================================
report_clock_min_period
============================================================================
clk period_min = 2.53 fmax = 395.25
