Clock: clk
Sources: clk 
Generated: no
Virtual: yes
Propagated: no
Period: 8.333000

===========================================================================
report_clock_properties
============================================================================
Clock                   Period          Waveform
----------------------------------------------------
clk                   8.333000    0.000000  4.166500

===========================================================================
report_clock_latency
============================================================================
Clock clk
rise -> rise
    min     max
0.000000 0.000000 source latency
0.706382         network latency _816_/CLK
        0.716654 network latency _811_/CLK
---------------
0.706382 0.716654 latency
        0.010271 skew

fall -> fall
    min     max
0.000000 0.000000 source latency
0.659870         network latency _816_/CLK
        0.669054 network latency _811_/CLK
---------------
0.659870 0.669054 latency
        0.009184 skew



===========================================================================
report_clock_min_period
============================================================================
clk period_min = 6.76 fmax = 147.98
