
===========================================================================
report_checks -unconstrained
===========================================================================
======================= nom_ss_100C_1v60 Corner ===================================

Startpoint: rst (input port clocked by clk)
Endpoint: _658_ (recovery check against rising-edge clock clk)
Path Group: asynchronous
Path Type: max

Fanout         Cap        Slew       Delay        Time   Description
---------------------------------------------------------------------------------------------
                      0.150000    0.000000    0.000000   clock clk (rise edge)
                                  0.000000    0.000000   clock network delay (ideal)
                                  1.666600    1.666600 v input external delay
    32    0.137600    0.574706    0.419037    2.085637 v rst (in)
                                                         rst (net)
                      0.574706    0.000000    2.085637 v _321_/A (sky130_fd_sc_hd__inv_2)
     1    0.003263    0.128155    0.197233    2.282870 ^ _321_/Y (sky130_fd_sc_hd__inv_2)
                                                         _000_ (net)
                      0.128155    0.000000    2.282870 ^ _658_/RESET_B (sky130_fd_sc_hd__dfrtp_2)
                                              2.282870   data arrival time

                      0.150000    8.333000    8.333000   clock clk (rise edge)
                                  0.000000    8.333000   clock network delay (ideal)
                                 -0.250000    8.083000   clock uncertainty
                                  0.000000    8.083000   clock reconvergence pessimism
                                              8.083000 ^ _658_/CLK (sky130_fd_sc_hd__dfrtp_2)
                                  0.446567    8.529567   library recovery time
                                              8.529567   data required time
---------------------------------------------------------------------------------------------
                                              8.529567   data required time
                                             -2.282870   data arrival time
---------------------------------------------------------------------------------------------
                                              6.246696   slack (MET)


Startpoint: _670_ (rising edge-triggered flip-flop clocked by clk)
Endpoint: _662_ (rising edge-triggered flip-flop clocked by clk)
Path Group: clk
Path Type: max

Fanout         Cap        Slew       Delay        Time   Description
---------------------------------------------------------------------------------------------
                      0.150000    0.000000    0.000000   clock clk (rise edge)
                                  0.000000    0.000000   clock network delay (ideal)
                      0.150000    0.000000    0.000000 ^ _670_/CLK (sky130_fd_sc_hd__dfrtp_2)
    14    0.039299    0.231426    1.016450    1.016450 v _670_/Q (sky130_fd_sc_hd__dfrtp_2)
                                                         a_reg[5] (net)
                      0.231426    0.000000    1.016450 v _399_/D (sky130_fd_sc_hd__and4_2)
     3    0.007388    0.100056    0.591711    1.608162 v _399_/X (sky130_fd_sc_hd__and4_2)
                                                         _075_ (net)
                      0.100056    0.000000    1.608162 v _401_/B (sky130_fd_sc_hd__or3_2)
     2    0.006609    0.193517    1.103168    2.711330 v _401_/X (sky130_fd_sc_hd__or3_2)
                                                         _077_ (net)
                      0.193517    0.000000    2.711330 v _405_/A1 (sky130_fd_sc_hd__a21o_2)
     3    0.008864    0.087453    0.431844    3.143174 v _405_/X (sky130_fd_sc_hd__a21o_2)
                                                         _081_ (net)
                      0.087453    0.000000    3.143174 v _445_/A2 (sky130_fd_sc_hd__a21bo_2)
     2    0.006585    0.080451    0.410834    3.554008 v _445_/X (sky130_fd_sc_hd__a21bo_2)
                                                         _120_ (net)
                      0.080451    0.000000    3.554008 v _447_/B1 (sky130_fd_sc_hd__a21o_2)
     3    0.010700    0.095313    0.385598    3.939606 v _447_/X (sky130_fd_sc_hd__a21o_2)
                                                         _122_ (net)
                      0.095313    0.000000    3.939606 v _484_/A2 (sky130_fd_sc_hd__a21boi_2)
     2    0.010010    0.252904    0.311704    4.251310 ^ _484_/Y (sky130_fd_sc_hd__a21boi_2)
                                                         _158_ (net)
                      0.252904    0.000000    4.251310 ^ _485_/A_N (sky130_fd_sc_hd__and2b_2)
     1    0.002258    0.067129    0.503262    4.754573 v _485_/X (sky130_fd_sc_hd__and2b_2)
                                                         _159_ (net)
                      0.067129    0.000000    4.754573 v _494_/B1 (sky130_fd_sc_hd__a21o_2)
     2    0.002741    0.058122    0.332332    5.086905 v _494_/X (sky130_fd_sc_hd__a21o_2)
                                                         _167_ (net)
                      0.058122    0.000000    5.086905 v _518_/A (sky130_fd_sc_hd__or2_2)
     4    0.009973    0.152796    0.715263    5.802168 v _518_/X (sky130_fd_sc_hd__or2_2)
                                                         _191_ (net)
                      0.152796    0.000000    5.802168 v _597_/A2 (sky130_fd_sc_hd__a221o_2)
     1    0.002208    0.085272    0.732666    6.534834 v _597_/X (sky130_fd_sc_hd__a221o_2)
                                                         _267_ (net)
                      0.085272    0.000000    6.534834 v _598_/C1 (sky130_fd_sc_hd__a211o_2)
     2    0.002880    0.082746    0.506854    7.041688 v _598_/X (sky130_fd_sc_hd__a211o_2)
                                                         _268_ (net)
                      0.082746    0.000000    7.041688 v _600_/C (sky130_fd_sc_hd__and4b_2)
     4    0.012630    0.126432    0.525130    7.566819 v _600_/X (sky130_fd_sc_hd__and4b_2)
                                                         _270_ (net)
                      0.126432    0.000000    7.566819 v _614_/B (sky130_fd_sc_hd__or4_2)
     1    0.004241    0.231846    1.554152    9.120970 v _614_/X (sky130_fd_sc_hd__or4_2)
                                                         _283_ (net)
                      0.231846    0.000000    9.120970 v _615_/B (sky130_fd_sc_hd__nand2_2)
     1    0.001853    0.073025    0.158602    9.279572 ^ _615_/Y (sky130_fd_sc_hd__nand2_2)
                                                         product_reg[13] (net)
                      0.073025    0.000000    9.279572 ^ _662_/D (sky130_fd_sc_hd__dfrtp_2)
                                              9.279572   data arrival time

                      0.150000    8.333000    8.333000   clock clk (rise edge)
                                  0.000000    8.333000   clock network delay (ideal)
                                 -0.250000    8.083000   clock uncertainty
                                  0.000000    8.083000   clock reconvergence pessimism
                                              8.083000 ^ _662_/CLK (sky130_fd_sc_hd__dfrtp_2)
                                 -0.125036    7.957964   library setup time
                                              7.957964   data required time
---------------------------------------------------------------------------------------------
                                              7.957964   data required time
                                             -9.279572   data arrival time
---------------------------------------------------------------------------------------------
                                             -1.321608   slack (VIOLATED)




===========================================================================
report_checks --slack_max -0.01
============================================================================
======================= nom_ss_100C_1v60 Corner ===================================

Startpoint: _670_ (rising edge-triggered flip-flop clocked by clk)
Endpoint: _662_ (rising edge-triggered flip-flop clocked by clk)
Path Group: clk
Path Type: max

Fanout         Cap        Slew       Delay        Time   Description
---------------------------------------------------------------------------------------------
                      0.150000    0.000000    0.000000   clock clk (rise edge)
                                  0.000000    0.000000   clock network delay (ideal)
                      0.150000    0.000000    0.000000 ^ _670_/CLK (sky130_fd_sc_hd__dfrtp_2)
    14    0.039299    0.231426    1.016450    1.016450 v _670_/Q (sky130_fd_sc_hd__dfrtp_2)
                                                         a_reg[5] (net)
                      0.231426    0.000000    1.016450 v _399_/D (sky130_fd_sc_hd__and4_2)
     3    0.007388    0.100056    0.591711    1.608162 v _399_/X (sky130_fd_sc_hd__and4_2)
                                                         _075_ (net)
                      0.100056    0.000000    1.608162 v _401_/B (sky130_fd_sc_hd__or3_2)
     2    0.006609    0.193517    1.103168    2.711330 v _401_/X (sky130_fd_sc_hd__or3_2)
                                                         _077_ (net)
                      0.193517    0.000000    2.711330 v _405_/A1 (sky130_fd_sc_hd__a21o_2)
     3    0.008864    0.087453    0.431844    3.143174 v _405_/X (sky130_fd_sc_hd__a21o_2)
                                                         _081_ (net)
                      0.087453    0.000000    3.143174 v _445_/A2 (sky130_fd_sc_hd__a21bo_2)
     2    0.006585    0.080451    0.410834    3.554008 v _445_/X (sky130_fd_sc_hd__a21bo_2)
                                                         _120_ (net)
                      0.080451    0.000000    3.554008 v _447_/B1 (sky130_fd_sc_hd__a21o_2)
     3    0.010700    0.095313    0.385598    3.939606 v _447_/X (sky130_fd_sc_hd__a21o_2)
                                                         _122_ (net)
                      0.095313    0.000000    3.939606 v _484_/A2 (sky130_fd_sc_hd__a21boi_2)
     2    0.010010    0.252904    0.311704    4.251310 ^ _484_/Y (sky130_fd_sc_hd__a21boi_2)
                                                         _158_ (net)
                      0.252904    0.000000    4.251310 ^ _485_/A_N (sky130_fd_sc_hd__and2b_2)
     1    0.002258    0.067129    0.503262    4.754573 v _485_/X (sky130_fd_sc_hd__and2b_2)
                                                         _159_ (net)
                      0.067129    0.000000    4.754573 v _494_/B1 (sky130_fd_sc_hd__a21o_2)
     2    0.002741    0.058122    0.332332    5.086905 v _494_/X (sky130_fd_sc_hd__a21o_2)
                                                         _167_ (net)
                      0.058122    0.000000    5.086905 v _518_/A (sky130_fd_sc_hd__or2_2)
     4    0.009973    0.152796    0.715263    5.802168 v _518_/X (sky130_fd_sc_hd__or2_2)
                                                         _191_ (net)
                      0.152796    0.000000    5.802168 v _597_/A2 (sky130_fd_sc_hd__a221o_2)
     1    0.002208    0.085272    0.732666    6.534834 v _597_/X (sky130_fd_sc_hd__a221o_2)
                                                         _267_ (net)
                      0.085272    0.000000    6.534834 v _598_/C1 (sky130_fd_sc_hd__a211o_2)
     2    0.002880    0.082746    0.506854    7.041688 v _598_/X (sky130_fd_sc_hd__a211o_2)
                                                         _268_ (net)
                      0.082746    0.000000    7.041688 v _600_/C (sky130_fd_sc_hd__and4b_2)
     4    0.012630    0.126432    0.525130    7.566819 v _600_/X (sky130_fd_sc_hd__and4b_2)
                                                         _270_ (net)
                      0.126432    0.000000    7.566819 v _614_/B (sky130_fd_sc_hd__or4_2)
     1    0.004241    0.231846    1.554152    9.120970 v _614_/X (sky130_fd_sc_hd__or4_2)
                                                         _283_ (net)
                      0.231846    0.000000    9.120970 v _615_/B (sky130_fd_sc_hd__nand2_2)
     1    0.001853    0.073025    0.158602    9.279572 ^ _615_/Y (sky130_fd_sc_hd__nand2_2)
                                                         product_reg[13] (net)
                      0.073025    0.000000    9.279572 ^ _662_/D (sky130_fd_sc_hd__dfrtp_2)
                                              9.279572   data arrival time

                      0.150000    8.333000    8.333000   clock clk (rise edge)
                                  0.000000    8.333000   clock network delay (ideal)
                                 -0.250000    8.083000   clock uncertainty
                                  0.000000    8.083000   clock reconvergence pessimism
                                              8.083000 ^ _662_/CLK (sky130_fd_sc_hd__dfrtp_2)
                                 -0.125036    7.957964   library setup time
                                              7.957964   data required time
---------------------------------------------------------------------------------------------
                                              7.957964   data required time
                                             -9.279572   data arrival time
---------------------------------------------------------------------------------------------
                                             -1.321608   slack (VIOLATED)




===========================================================================
 report_check_types -max_slew -max_cap -max_fanout -violators
============================================================================
======================= nom_ss_100C_1v60 Corner ===================================

max slew

Pin                                        Limit        Slew       Slack
------------------------------------------------------------------------
rst                                     0.750000    1.059669   -0.309669 (VIOLATED)
_321_/A                                 0.750000    1.059669   -0.309669 (VIOLATED)
_627_/A                                 0.750000    1.059669   -0.309669 (VIOLATED)
_628_/A                                 0.750000    1.059669   -0.309669 (VIOLATED)
_629_/A                                 0.750000    1.059669   -0.309669 (VIOLATED)
_630_/A                                 0.750000    1.059669   -0.309669 (VIOLATED)
_631_/A                                 0.750000    1.059669   -0.309669 (VIOLATED)
_632_/A                                 0.750000    1.059669   -0.309669 (VIOLATED)
_633_/A                                 0.750000    1.059669   -0.309669 (VIOLATED)
_634_/A                                 0.750000    1.059669   -0.309669 (VIOLATED)
_635_/A                                 0.750000    1.059669   -0.309669 (VIOLATED)
_636_/A                                 0.750000    1.059669   -0.309669 (VIOLATED)
_637_/A                                 0.750000    1.059669   -0.309669 (VIOLATED)
_638_/A                                 0.750000    1.059669   -0.309669 (VIOLATED)
_639_/A                                 0.750000    1.059669   -0.309669 (VIOLATED)
_640_/A                                 0.750000    1.059669   -0.309669 (VIOLATED)
_641_/A                                 0.750000    1.059669   -0.309669 (VIOLATED)
_642_/A                                 0.750000    1.059669   -0.309669 (VIOLATED)
_643_/A                                 0.750000    1.059669   -0.309669 (VIOLATED)
_644_/A                                 0.750000    1.059669   -0.309669 (VIOLATED)
_645_/A                                 0.750000    1.059669   -0.309669 (VIOLATED)
_646_/A                                 0.750000    1.059669   -0.309669 (VIOLATED)
_647_/A                                 0.750000    1.059669   -0.309669 (VIOLATED)
_648_/A                                 0.750000    1.059669   -0.309669 (VIOLATED)
_649_/A                                 0.750000    1.059669   -0.309669 (VIOLATED)
_650_/A                                 0.750000    1.059669   -0.309669 (VIOLATED)
_651_/A                                 0.750000    1.059669   -0.309669 (VIOLATED)
_652_/A                                 0.750000    1.059669   -0.309669 (VIOLATED)
_653_/A                                 0.750000    1.059669   -0.309669 (VIOLATED)
_654_/A                                 0.750000    1.059669   -0.309669 (VIOLATED)
_655_/A                                 0.750000    1.059669   -0.309669 (VIOLATED)
_656_/A                                 0.750000    1.059669   -0.309669 (VIOLATED)
_657_/A                                 0.750000    1.059669   -0.309669 (VIOLATED)

max fanout

Pin                                   Limit Fanout  Slack
---------------------------------------------------------
rst                                      10     32    -22 (VIOLATED)
_676_/Q                                  10     17     -7 (VIOLATED)
_677_/Q                                  10     17     -7 (VIOLATED)
_674_/Q                                  10     16     -6 (VIOLATED)
_679_/Q                                  10     16     -6 (VIOLATED)
_666_/Q                                  10     15     -5 (VIOLATED)
_667_/Q                                  10     15     -5 (VIOLATED)
_668_/Q                                  10     15     -5 (VIOLATED)
_671_/Q                                  10     15     -5 (VIOLATED)
_672_/Q                                  10     15     -5 (VIOLATED)
_670_/Q                                  10     14     -4 (VIOLATED)
_673_/Q                                  10     14     -4 (VIOLATED)
_678_/Q                                  10     14     -4 (VIOLATED)
_665_/Q                                  10     13     -3 (VIOLATED)
_669_/Q                                  10     12     -2 (VIOLATED)
_680_/Q                                  10     12     -2 (VIOLATED)



===========================================================================
report_parasitic_annotation -report_unannotated
============================================================================
Found 387 unannotated drivers.
 a[0]
 a[1]
 a[2]
 a[3]
 a[4]
 a[5]
 a[6]
 a[7]
 b[0]
 b[1]
 b[2]
 b[3]
 b[4]
 b[5]
 b[6]
 b[7]
 clk
 rst
 _321_/Y
 _322_/X
 _323_/Y
 _324_/X
 _325_/Y
 _326_/Y
 _327_/X
 _328_/X
 _329_/X
 _330_/Y
 _331_/Y
 _332_/X
 _333_/X
 _334_/Y
 _335_/X
 _336_/Y
 _337_/Y
 _338_/Y
 _339_/X
 _340_/X
 _341_/X
 _342_/X
 _343_/Y
 _344_/X
 _345_/Y
 _346_/X
 _347_/Y
 _348_/Y
 _349_/X
 _350_/Y
 _351_/Y
 _352_/X
 _353_/Y
 _354_/X
 _355_/Y
 _356_/Y
 _357_/X
 _358_/X
 _359_/Y
 _360_/Y
 _361_/X
 _362_/Y
 _363_/Y
 _364_/X
 _365_/Y
 _366_/Y
 _367_/X
 _368_/Y
 _369_/Y
 _370_/X
 _371_/Y
 _372_/X
 _373_/Y
 _374_/Y
 _375_/X
 _376_/X
 _377_/Y
 _378_/X
 _379_/X
 _380_/Y
 _381_/X
 _382_/Y
 _383_/Y
 _384_/X
 _385_/X
 _386_/Y
 _387_/Y
 _388_/Y
 _389_/X
 _390_/Y
 _391_/Y
 _392_/Y
 _393_/X
 _394_/X
 _395_/X
 _396_/Y
 _397_/Y
 _398_/X
 _399_/X
 _400_/Y
 _401_/X
 _402_/Y
 _403_/Y
 _404_/Y
 _405_/X
 _406_/Y
 _407_/X
 _408_/X
 _409_/Y
 _410_/X
 _411_/Y
 _412_/X
 _413_/X
 _414_/Y
 _415_/Y
 _416_/Y
 _417_/Y
 _418_/Y
 _419_/X
 _420_/X
 _421_/X
 _422_/X
 _423_/Y
 _424_/X
 _425_/Y
 _426_/Y
 _427_/X
 _428_/Y
 _429_/Y
 _430_/X
 _431_/X
 _432_/X
 _433_/Y
 _434_/Y
 _435_/X
 _436_/X
 _437_/Y
 _438_/Y
 _439_/X
 _440_/Y
 _441_/Y
 _442_/X
 _443_/Y
 _444_/X
 _445_/X
 _446_/Y
 _447_/X
 _448_/X
 _449_/Y
 _450_/X
 _451_/Y
 _452_/Y
 _453_/X
 _454_/Y
 _455_/X
 _456_/X
 _457_/Y
 _458_/X
 _459_/X
 _460_/X
 _461_/X
 _462_/Y
 _463_/Y
 _464_/X
 _465_/Y
 _466_/X
 _467_/X
 _468_/X
 _469_/X
 _470_/X
 _471_/Y
 _472_/Y
 _473_/Y
 _474_/Y
 _475_/Y
 _476_/X
 _477_/Y
 _478_/X
 _479_/Y
 _480_/X
 _481_/Y
 _482_/X
 _483_/X
 _484_/Y
 _485_/X
 _486_/Y
 _487_/X
 _488_/X
 _489_/X
 _490_/X
 _491_/Y
 _492_/X
 _493_/Y
 _494_/X
 _495_/X
 _496_/X
 _497_/Y
 _498_/Y
 _499_/X
 _500_/Y
 _501_/X
 _502_/X
 _503_/Y
 _504_/Y
 _505_/X
 _506_/Y
 _507_/X
 _508_/Y
 _509_/Y
 _510_/Y
 _511_/Y
 _512_/X
 _513_/X
 _514_/Y
 _515_/Y
 _516_/Y
 _517_/X
 _518_/X
 _519_/Y
 _520_/X
 _521_/Y
 _522_/X
 _523_/X
 _524_/X
 _525_/X
 _526_/X
 _527_/Y
 _528_/X
 _529_/Y
 _530_/Y
 _531_/X
 _532_/X
 _533_/X
 _534_/Y
 _535_/Y
 _536_/X
 _537_/Y
 _538_/Y
 _539_/X
 _540_/Y
 _541_/Y
 _542_/X
 _543_/Y
 _544_/Y
 _545_/Y
 _546_/Y
 _547_/X
 _548_/Y
 _549_/Y
 _550_/Y
 _551_/X
 _552_/Y
 _553_/Y
 _554_/X
 _555_/X
 _556_/X
 _557_/Y
 _558_/Y
 _559_/X
 _560_/Y
 _561_/X
 _562_/Y
 _563_/X
 _564_/Y
 _565_/X
 _566_/Y
 _567_/X
 _568_/Y
 _569_/Y
 _570_/Y
 _571_/X
 _572_/Y
 _573_/Y
 _574_/Y
 _575_/Y
 _576_/Y
 _577_/X
 _578_/X
 _579_/Y
 _580_/X
 _581_/Y
 _582_/X
 _583_/X
 _584_/X
 _585_/Y
 _586_/Y
 _587_/X
 _588_/X
 _589_/X
 _590_/Y
 _591_/X
 _592_/X
 _593_/Y
 _594_/Y
 _595_/Y
 _596_/Y
 _597_/X
 _598_/X
 _599_/X
 _600_/X
 _601_/Y
 _602_/X
 _603_/Y
 _604_/X
 _605_/Y
 _606_/Y
 _607_/X
 _608_/X
 _609_/Y
 _610_/Y
 _611_/Y
 _612_/X
 _613_/Y
 _614_/X
 _615_/Y
 _616_/X
 _617_/Y
 _618_/Y
 _619_/X
 _620_/Y
 _621_/X
 _622_/Y
 _623_/X
 _624_/X
 _625_/Y
 _626_/Y
 _627_/Y
 _628_/Y
 _629_/Y
 _630_/Y
 _631_/Y
 _632_/Y
 _633_/Y
 _634_/Y
 _635_/Y
 _636_/Y
 _637_/Y
 _638_/Y
 _639_/Y
 _640_/Y
 _641_/Y
 _642_/Y
 _643_/Y
 _644_/Y
 _645_/Y
 _646_/Y
 _647_/Y
 _648_/Y
 _649_/Y
 _650_/Y
 _651_/Y
 _652_/Y
 _653_/Y
 _654_/Y
 _655_/Y
 _656_/Y
 _657_/Y
 _658_/Q
 _659_/Q
 _660_/Q
 _661_/Q
 _662_/Q
 _663_/Q
 _664_/Q
 _665_/Q
 _666_/Q
 _667_/Q
 _668_/Q
 _669_/Q
 _670_/Q
 _671_/Q
 _672_/Q
 _673_/Q
 _674_/Q
 _675_/Q
 _676_/Q
 _677_/Q
 _678_/Q
 _679_/Q
 _680_/Q
 _681_/Q
 _682_/Q
 _683_/Q
 _684_/Q
 _685_/Q
 _686_/Q
 _687_/Q
 _688_/Q
 _689_/Q
Found 0 partially unannotated drivers.

===========================================================================
max slew violation count 33
max fanout violation count 16
max cap violation count 0
============================================================================

===========================================================================
check_setup -verbose -unconstrained_endpoints -multiple_clock -no_clock -no_input_delay -loops -generated_clocks
===========================================================================
