Clock: clk
Sources: clk 
Generated: no
Virtual: yes
Propagated: no
Period: 8.333000

===========================================================================
report_clock_properties
============================================================================
Clock                   Period          Waveform
----------------------------------------------------
clk                   8.333000    0.000000  4.166500

===========================================================================
report_clock_latency
============================================================================
Clock clk
rise -> rise
    min     max
0.000000 0.000000 source latency
0.419456         network latency _816_/CLK
        0.427036 network latency _811_/CLK
---------------
0.419456 0.427036 latency
        0.007581 skew

fall -> fall
    min     max
0.000000 0.000000 source latency
0.378644         network latency _816_/CLK
        0.384862 network latency _811_/CLK
---------------
0.378644 0.384862 latency
        0.006218 skew



===========================================================================
report_clock_min_period
============================================================================
clk period_min = 3.46 fmax = 289.23
