Clock: clk
Sources: clk 
Generated: no
Virtual: yes
Propagated: no
Period: 8.333000

===========================================================================
report_clock_properties
============================================================================
Clock                   Period          Waveform
----------------------------------------------------
clk                   8.333000    0.000000  4.166500

===========================================================================
report_clock_latency
============================================================================
Clock clk
rise -> rise
    min     max
0.000000 0.000000 source latency
0.693706         network latency _816_/CLK
        0.702472 network latency _811_/CLK
---------------
0.693706 0.702472 latency
        0.008767 skew

fall -> fall
    min     max
0.000000 0.000000 source latency
0.650973         network latency _816_/CLK
        0.658858 network latency _811_/CLK
---------------
0.650973 0.658858 latency
        0.007885 skew



===========================================================================
report_clock_min_period
============================================================================
clk period_min = 6.73 fmax = 148.54
