Clock: clk
Sources: clk 
Generated: no
Virtual: no
Propagated: no
Period: 8.333000

===========================================================================
report_clock_properties
============================================================================
Clock                   Period          Waveform
----------------------------------------------------
clk                   8.333000    0.000000  4.166500

===========================================================================
report_clock_latency
============================================================================
Clock clk
rise -> rise
    min     max
0.000000 0.000000 source latency
0.146943         network latency _658_/CLK
        0.146943 network latency _658_/CLK
---------------
0.146943 0.146943 latency
        0.000000 skew

fall -> fall
    min     max
0.000000 0.000000 source latency
0.063053         network latency _658_/CLK
        0.063053 network latency _658_/CLK
---------------
0.063053 0.063053 latency
        0.000000 skew



===========================================================================
report_clock_min_period
============================================================================
clk period_min = 3.05 fmax = 327.98
