Clock: clk
Sources: clk 
Generated: no
Virtual: yes
Propagated: no
Period: 25.000000

===========================================================================
report_clock_properties
============================================================================
Clock                   Period          Waveform
----------------------------------------------------
clk                  25.000000    0.000000 12.500000

===========================================================================
report_clock_latency
============================================================================
Clock clk
rise -> rise
    min     max
0.000000 0.000000 source latency
0.352563         network latency _673_/CLK
        0.356611 network latency _661_/CLK
---------------
0.352563 0.356611 latency
        0.004048 skew

fall -> fall
    min     max
0.000000 0.000000 source latency
0.408696         network latency _673_/CLK
        0.411590 network latency _661_/CLK
---------------
0.408696 0.411590 latency
        0.002894 skew



===========================================================================
report_clock_min_period
============================================================================
clk period_min = 4.46 fmax = 224.15
