
===========================================================================
report_checks -path_delay min (Hold)
============================================================================
======================= min_tt_025C_1v80 Corner ===================================

Startpoint: _673_ (rising edge-triggered flip-flop clocked by clk)
Endpoint: _681_ (rising edge-triggered flip-flop clocked by clk)
Path Group: clk
Path Type: min

Fanout         Cap        Slew       Delay        Time   Description
---------------------------------------------------------------------------------------------
                                  0.000000    0.000000   clock clk (rise edge)
                                  0.000000    0.000000   clock source latency
     1    0.018594    0.250000    0.000000    0.000000 ^ clk (in)
                                                         clk (net)
                      0.251278    0.000639    0.000639 ^ clkbuf_0_clk/A (sky130_fd_sc_hd__clkbuf_16)
     4    0.039160    0.061766    0.208762    0.209401 ^ clkbuf_0_clk/X (sky130_fd_sc_hd__clkbuf_16)
                                                         clknet_0_clk (net)
                      0.061771    0.000543    0.209945 ^ clkbuf_2_0__f_clk/A (sky130_fd_sc_hd__clkbuf_16)
    12    0.032317    0.052972    0.142061    0.352006 ^ clkbuf_2_0__f_clk/X (sky130_fd_sc_hd__clkbuf_16)
                                                         clknet_2_0__leaf_clk (net)
                      0.052973    0.000557    0.352563 ^ _673_/CLK (sky130_fd_sc_hd__dfrtp_1)
     5    0.014634    0.138253    0.394217    0.746780 ^ _673_/Q (sky130_fd_sc_hd__dfrtp_1)
                                                         b_reg[0] (net)
                      0.138253    0.000188    0.746967 ^ _322_/A (sky130_fd_sc_hd__and2_1)
     2    0.004249    0.058982    0.150310    0.897277 ^ _322_/X (sky130_fd_sc_hd__and2_1)
                                                         product_reg[0] (net)
                      0.058982    0.000023    0.897301 ^ _681_/D (sky130_fd_sc_hd__dfrtp_1)
                                              0.897301   data arrival time

                                  0.000000    0.000000   clock clk (rise edge)
                                  0.000000    0.000000   clock source latency
     1    0.018594    0.250000    0.000000    0.000000 ^ clk (in)
                                                         clk (net)
                      0.251278    0.000639    0.000639 ^ clkbuf_0_clk/A (sky130_fd_sc_hd__clkbuf_16)
     4    0.039160    0.061766    0.208762    0.209401 ^ clkbuf_0_clk/X (sky130_fd_sc_hd__clkbuf_16)
                                                         clknet_0_clk (net)
                      0.061769    0.000459    0.209860 ^ clkbuf_2_1__f_clk/A (sky130_fd_sc_hd__clkbuf_16)
     8    0.033126    0.053725    0.142835    0.352695 ^ clkbuf_2_1__f_clk/X (sky130_fd_sc_hd__clkbuf_16)
                                                         clknet_2_1__leaf_clk (net)
                      0.053727    0.000676    0.353371 ^ _681_/CLK (sky130_fd_sc_hd__dfrtp_1)
                                  0.125000    0.478371   clock uncertainty
                                  0.000000    0.478371   clock reconvergence pessimism
                                 -0.036499    0.441872   library hold time
                                              0.441872   data required time
---------------------------------------------------------------------------------------------
                                              0.441872   data required time
                                             -0.897301   data arrival time
---------------------------------------------------------------------------------------------
                                              0.455429   slack (MET)


Startpoint: _673_ (rising edge-triggered flip-flop clocked by clk)
Endpoint: _682_ (rising edge-triggered flip-flop clocked by clk)
Path Group: clk
Path Type: min

Fanout         Cap        Slew       Delay        Time   Description
---------------------------------------------------------------------------------------------
                                  0.000000    0.000000   clock clk (rise edge)
                                  0.000000    0.000000   clock source latency
     1    0.018594    0.250000    0.000000    0.000000 ^ clk (in)
                                                         clk (net)
                      0.251278    0.000639    0.000639 ^ clkbuf_0_clk/A (sky130_fd_sc_hd__clkbuf_16)
     4    0.039160    0.061766    0.208762    0.209401 ^ clkbuf_0_clk/X (sky130_fd_sc_hd__clkbuf_16)
                                                         clknet_0_clk (net)
                      0.061771    0.000543    0.209945 ^ clkbuf_2_0__f_clk/A (sky130_fd_sc_hd__clkbuf_16)
    12    0.032317    0.052972    0.142061    0.352006 ^ clkbuf_2_0__f_clk/X (sky130_fd_sc_hd__clkbuf_16)
                                                         clknet_2_0__leaf_clk (net)
                      0.052973    0.000557    0.352563 ^ _673_/CLK (sky130_fd_sc_hd__dfrtp_1)
     5    0.014634    0.138253    0.394217    0.746780 ^ _673_/Q (sky130_fd_sc_hd__dfrtp_1)
                                                         b_reg[0] (net)
                      0.138253    0.000220    0.747000 ^ _323_/A1 (sky130_fd_sc_hd__a22oi_1)
     1    0.002555    0.062997    0.100637    0.847637 v _323_/Y (sky130_fd_sc_hd__a22oi_1)
                                                         _292_ (net)
                      0.062997    0.000012    0.847648 v _325_/A (sky130_fd_sc_hd__nor2_1)
     1    0.002616    0.073415    0.100822    0.948471 ^ _325_/Y (sky130_fd_sc_hd__nor2_1)
                                                         product_reg[1] (net)
                      0.073415    0.000024    0.948495 ^ _682_/D (sky130_fd_sc_hd__dfrtp_1)
                                              0.948495   data arrival time

                                  0.000000    0.000000   clock clk (rise edge)
                                  0.000000    0.000000   clock source latency
     1    0.018594    0.250000    0.000000    0.000000 ^ clk (in)
                                                         clk (net)
                      0.251278    0.000639    0.000639 ^ clkbuf_0_clk/A (sky130_fd_sc_hd__clkbuf_16)
     4    0.039160    0.061766    0.208762    0.209401 ^ clkbuf_0_clk/X (sky130_fd_sc_hd__clkbuf_16)
                                                         clknet_0_clk (net)
                      0.061769    0.000459    0.209860 ^ clkbuf_2_1__f_clk/A (sky130_fd_sc_hd__clkbuf_16)
     8    0.033126    0.053725    0.142835    0.352695 ^ clkbuf_2_1__f_clk/X (sky130_fd_sc_hd__clkbuf_16)
                                                         clknet_2_1__leaf_clk (net)
                      0.053728    0.000785    0.353481 ^ _682_/CLK (sky130_fd_sc_hd__dfrtp_1)
                                  0.125000    0.478481   clock uncertainty
                                  0.000000    0.478481   clock reconvergence pessimism
                                 -0.039521    0.438959   library hold time
                                              0.438959   data required time
---------------------------------------------------------------------------------------------
                                              0.438959   data required time
                                             -0.948495   data arrival time
---------------------------------------------------------------------------------------------
                                              0.509536   slack (MET)


Startpoint: _672_ (rising edge-triggered flip-flop clocked by clk)
Endpoint: _664_ (rising edge-triggered flip-flop clocked by clk)
Path Group: clk
Path Type: min

Fanout         Cap        Slew       Delay        Time   Description
---------------------------------------------------------------------------------------------
                                  0.000000    0.000000   clock clk (rise edge)
                                  0.000000    0.000000   clock source latency
     1    0.018594    0.250000    0.000000    0.000000 ^ clk (in)
                                                         clk (net)
                      0.251278    0.000639    0.000639 ^ clkbuf_0_clk/A (sky130_fd_sc_hd__clkbuf_16)
     4    0.039160    0.061766    0.208762    0.209401 ^ clkbuf_0_clk/X (sky130_fd_sc_hd__clkbuf_16)
                                                         clknet_0_clk (net)
                      0.061771    0.000543    0.209945 ^ clkbuf_2_0__f_clk/A (sky130_fd_sc_hd__clkbuf_16)
    12    0.032317    0.052972    0.142061    0.352006 ^ clkbuf_2_0__f_clk/X (sky130_fd_sc_hd__clkbuf_16)
                                                         clknet_2_0__leaf_clk (net)
                      0.052986    0.001303    0.353309 ^ _672_/CLK (sky130_fd_sc_hd__dfrtp_1)
     2    0.012634    0.121824    0.382133    0.735442 ^ _672_/Q (sky130_fd_sc_hd__dfrtp_1)
                                                         a_reg[7] (net)
                      0.121824    0.000108    0.735551 ^ fanout46/A (sky130_fd_sc_hd__buf_1)
     5    0.014942    0.181465    0.198600    0.934151 ^ fanout46/X (sky130_fd_sc_hd__buf_1)
                                                         net46 (net)
                      0.181465    0.000107    0.934258 ^ _623_/C1 (sky130_fd_sc_hd__o311a_1)
     1    0.002595    0.044095    0.183211    1.117469 ^ _623_/X (sky130_fd_sc_hd__o311a_1)
                                                         _290_ (net)
                      0.044095    0.000034    1.117503 ^ _624_/B (sky130_fd_sc_hd__or2_1)
     1    0.002220    0.034707    0.083396    1.200898 ^ _624_/X (sky130_fd_sc_hd__or2_1)
                                                         product_reg[15] (net)
                      0.034707    0.000018    1.200917 ^ _664_/D (sky130_fd_sc_hd__dfrtp_1)
                                              1.200917   data arrival time

                                  0.000000    0.000000   clock clk (rise edge)
                                  0.000000    0.000000   clock source latency
     1    0.018594    0.250000    0.000000    0.000000 ^ clk (in)
                                                         clk (net)
                      0.251278    0.000639    0.000639 ^ clkbuf_0_clk/A (sky130_fd_sc_hd__clkbuf_16)
     4    0.039160    0.061766    0.208762    0.209401 ^ clkbuf_0_clk/X (sky130_fd_sc_hd__clkbuf_16)
                                                         clknet_0_clk (net)
                      0.061772    0.000554    0.209955 ^ clkbuf_2_2__f_clk/A (sky130_fd_sc_hd__clkbuf_16)
     7    0.036903    0.056997    0.145645    0.355600 ^ clkbuf_2_2__f_clk/X (sky130_fd_sc_hd__clkbuf_16)
                                                         clknet_2_2__leaf_clk (net)
                      0.057025    0.000830    0.356431 ^ _664_/CLK (sky130_fd_sc_hd__dfrtp_1)
                                  0.125000    0.481431   clock uncertainty
                                  0.000000    0.481431   clock reconvergence pessimism
                                 -0.030967    0.450464   library hold time
                                              0.450464   data required time
---------------------------------------------------------------------------------------------
                                              0.450464   data required time
                                             -1.200917   data arrival time
---------------------------------------------------------------------------------------------
                                              0.750453   slack (MET)


Startpoint: _675_ (rising edge-triggered flip-flop clocked by clk)
Endpoint: _683_ (rising edge-triggered flip-flop clocked by clk)
Path Group: clk
Path Type: min

Fanout         Cap        Slew       Delay        Time   Description
---------------------------------------------------------------------------------------------
                                  0.000000    0.000000   clock clk (rise edge)
                                  0.000000    0.000000   clock source latency
     1    0.018594    0.250000    0.000000    0.000000 ^ clk (in)
                                                         clk (net)
                      0.251278    0.000639    0.000639 ^ clkbuf_0_clk/A (sky130_fd_sc_hd__clkbuf_16)
     4    0.039160    0.061766    0.208762    0.209401 ^ clkbuf_0_clk/X (sky130_fd_sc_hd__clkbuf_16)
                                                         clknet_0_clk (net)
                      0.061771    0.000543    0.209945 ^ clkbuf_2_0__f_clk/A (sky130_fd_sc_hd__clkbuf_16)
    12    0.032317    0.052972    0.142061    0.352006 ^ clkbuf_2_0__f_clk/X (sky130_fd_sc_hd__clkbuf_16)
                                                         clknet_2_0__leaf_clk (net)
                      0.052974    0.000723    0.352729 ^ _675_/CLK (sky130_fd_sc_hd__dfrtp_4)
    10    0.039846    0.139008    0.481839    0.834567 ^ _675_/Q (sky130_fd_sc_hd__dfrtp_4)
                                                         b_reg[2] (net)
                      0.139013    0.001028    0.835595 ^ _326_/B (sky130_fd_sc_hd__nand2_1)
     1    0.004885    0.052726    0.083248    0.918843 v _326_/Y (sky130_fd_sc_hd__nand2_1)
                                                         _294_ (net)
                      0.052726    0.000028    0.918871 v _330_/A (sky130_fd_sc_hd__xnor2_1)
     2    0.004462    0.044552    0.132144    1.051015 v _330_/Y (sky130_fd_sc_hd__xnor2_1)
                                                         _298_ (net)
                      0.044552    0.000029    1.051044 v _331_/B (sky130_fd_sc_hd__nand2_1)
     3    0.006929    0.072763    0.086610    1.137654 ^ _331_/Y (sky130_fd_sc_hd__nand2_1)
                                                         _299_ (net)
                      0.072763    0.000042    1.137696 ^ _333_/A (sky130_fd_sc_hd__and2_1)
     1    0.002302    0.041950    0.115532    1.253228 ^ _333_/X (sky130_fd_sc_hd__and2_1)
                                                         product_reg[2] (net)
                      0.041950    0.000020    1.253248 ^ _683_/D (sky130_fd_sc_hd__dfrtp_1)
                                              1.253248   data arrival time

                                  0.000000    0.000000   clock clk (rise edge)
                                  0.000000    0.000000   clock source latency
     1    0.018594    0.250000    0.000000    0.000000 ^ clk (in)
                                                         clk (net)
                      0.251278    0.000639    0.000639 ^ clkbuf_0_clk/A (sky130_fd_sc_hd__clkbuf_16)
     4    0.039160    0.061766    0.208762    0.209401 ^ clkbuf_0_clk/X (sky130_fd_sc_hd__clkbuf_16)
                                                         clknet_0_clk (net)
                      0.061769    0.000459    0.209860 ^ clkbuf_2_1__f_clk/A (sky130_fd_sc_hd__clkbuf_16)
     8    0.033126    0.053725    0.142835    0.352695 ^ clkbuf_2_1__f_clk/X (sky130_fd_sc_hd__clkbuf_16)
                                                         clknet_2_1__leaf_clk (net)
                      0.053730    0.000932    0.353627 ^ _683_/CLK (sky130_fd_sc_hd__dfrtp_1)
                                  0.125000    0.478627   clock uncertainty
                                  0.000000    0.478627   clock reconvergence pessimism
                                 -0.032933    0.445694   library hold time
                                              0.445694   data required time
---------------------------------------------------------------------------------------------
                                              0.445694   data required time
                                             -1.253248   data arrival time
---------------------------------------------------------------------------------------------
                                              0.807553   slack (MET)


Startpoint: _675_ (rising edge-triggered flip-flop clocked by clk)
Endpoint: _684_ (rising edge-triggered flip-flop clocked by clk)
Path Group: clk
Path Type: min

Fanout         Cap        Slew       Delay        Time   Description
---------------------------------------------------------------------------------------------
                                  0.000000    0.000000   clock clk (rise edge)
                                  0.000000    0.000000   clock source latency
     1    0.018594    0.250000    0.000000    0.000000 ^ clk (in)
                                                         clk (net)
                      0.251278    0.000639    0.000639 ^ clkbuf_0_clk/A (sky130_fd_sc_hd__clkbuf_16)
     4    0.039160    0.061766    0.208762    0.209401 ^ clkbuf_0_clk/X (sky130_fd_sc_hd__clkbuf_16)
                                                         clknet_0_clk (net)
                      0.061771    0.000543    0.209945 ^ clkbuf_2_0__f_clk/A (sky130_fd_sc_hd__clkbuf_16)
    12    0.032317    0.052972    0.142061    0.352006 ^ clkbuf_2_0__f_clk/X (sky130_fd_sc_hd__clkbuf_16)
                                                         clknet_2_0__leaf_clk (net)
                      0.052974    0.000723    0.352729 ^ _675_/CLK (sky130_fd_sc_hd__dfrtp_4)
    10    0.039846    0.139008    0.481839    0.834567 ^ _675_/Q (sky130_fd_sc_hd__dfrtp_4)
                                                         b_reg[2] (net)
                      0.139013    0.001028    0.835595 ^ _326_/B (sky130_fd_sc_hd__nand2_1)
     1    0.004885    0.052726    0.083248    0.918843 v _326_/Y (sky130_fd_sc_hd__nand2_1)
                                                         _294_ (net)
                      0.052726    0.000028    0.918871 v _330_/A (sky130_fd_sc_hd__xnor2_1)
     2    0.004462    0.044552    0.132144    1.051015 v _330_/Y (sky130_fd_sc_hd__xnor2_1)
                                                         _298_ (net)
                      0.044552    0.000029    1.051044 v _331_/B (sky130_fd_sc_hd__nand2_1)
     3    0.006929    0.072763    0.086610    1.137654 ^ _331_/Y (sky130_fd_sc_hd__nand2_1)
                                                         _299_ (net)
                      0.072763    0.000083    1.137737 ^ _346_/A (sky130_fd_sc_hd__and2_1)
     1    0.002962    0.047355    0.120602    1.258339 ^ _346_/X (sky130_fd_sc_hd__and2_1)
                                                         _313_ (net)
                      0.047355    0.000027    1.258366 ^ _347_/B (sky130_fd_sc_hd__nor2_1)
     1    0.002288    0.019887    0.034637    1.293003 v _347_/Y (sky130_fd_sc_hd__nor2_1)
                                                         product_reg[3] (net)
                      0.019887    0.000020    1.293023 v _684_/D (sky130_fd_sc_hd__dfrtp_1)
                                              1.293023   data arrival time

                                  0.000000    0.000000   clock clk (rise edge)
                                  0.000000    0.000000   clock source latency
     1    0.018594    0.250000    0.000000    0.000000 ^ clk (in)
                                                         clk (net)
                      0.251278    0.000639    0.000639 ^ clkbuf_0_clk/A (sky130_fd_sc_hd__clkbuf_16)
     4    0.039160    0.061766    0.208762    0.209401 ^ clkbuf_0_clk/X (sky130_fd_sc_hd__clkbuf_16)
                                                         clknet_0_clk (net)
                      0.061769    0.000459    0.209860 ^ clkbuf_2_1__f_clk/A (sky130_fd_sc_hd__clkbuf_16)
     8    0.033126    0.053725    0.142835    0.352695 ^ clkbuf_2_1__f_clk/X (sky130_fd_sc_hd__clkbuf_16)
                                                         clknet_2_1__leaf_clk (net)
                      0.053731    0.000977    0.353672 ^ _684_/CLK (sky130_fd_sc_hd__dfrtp_1)
                                  0.125000    0.478672   clock uncertainty
                                  0.000000    0.478672   clock reconvergence pessimism
                                 -0.033561    0.445111   library hold time
                                              0.445111   data required time
---------------------------------------------------------------------------------------------
                                              0.445111   data required time
                                             -1.293023   data arrival time
---------------------------------------------------------------------------------------------
                                              0.847912   slack (MET)


Startpoint: _675_ (rising edge-triggered flip-flop clocked by clk)
Endpoint: _685_ (rising edge-triggered flip-flop clocked by clk)
Path Group: clk
Path Type: min

Fanout         Cap        Slew       Delay        Time   Description
---------------------------------------------------------------------------------------------
                                  0.000000    0.000000   clock clk (rise edge)
                                  0.000000    0.000000   clock source latency
     1    0.018594    0.250000    0.000000    0.000000 ^ clk (in)
                                                         clk (net)
                      0.251278    0.000639    0.000639 ^ clkbuf_0_clk/A (sky130_fd_sc_hd__clkbuf_16)
     4    0.039160    0.061766    0.208762    0.209401 ^ clkbuf_0_clk/X (sky130_fd_sc_hd__clkbuf_16)
                                                         clknet_0_clk (net)
                      0.061771    0.000543    0.209945 ^ clkbuf_2_0__f_clk/A (sky130_fd_sc_hd__clkbuf_16)
    12    0.032317    0.052972    0.142061    0.352006 ^ clkbuf_2_0__f_clk/X (sky130_fd_sc_hd__clkbuf_16)
                                                         clknet_2_0__leaf_clk (net)
                      0.052974    0.000723    0.352729 ^ _675_/CLK (sky130_fd_sc_hd__dfrtp_4)
    10    0.039846    0.139008    0.481839    0.834567 ^ _675_/Q (sky130_fd_sc_hd__dfrtp_4)
                                                         b_reg[2] (net)
                      0.139013    0.001028    0.835595 ^ _326_/B (sky130_fd_sc_hd__nand2_1)
     1    0.004885    0.052726    0.083248    0.918843 v _326_/Y (sky130_fd_sc_hd__nand2_1)
                                                         _294_ (net)
                      0.052726    0.000028    0.918871 v _330_/A (sky130_fd_sc_hd__xnor2_1)
     2    0.004462    0.044552    0.132144    1.051015 v _330_/Y (sky130_fd_sc_hd__xnor2_1)
                                                         _298_ (net)
                      0.044552    0.000029    1.051044 v _331_/B (sky130_fd_sc_hd__nand2_1)
     3    0.006929    0.072763    0.086610    1.137654 ^ _331_/Y (sky130_fd_sc_hd__nand2_1)
                                                         _299_ (net)
                      0.072763    0.000075    1.137729 ^ _345_/A (sky130_fd_sc_hd__nor2_1)
     3    0.007904    0.041080    0.067352    1.205081 v _345_/Y (sky130_fd_sc_hd__nor2_1)
                                                         _312_ (net)
                      0.041080    0.000082    1.205163 v _365_/A (sky130_fd_sc_hd__nor2_1)
     1    0.003348    0.084351    0.101641    1.306804 ^ _365_/Y (sky130_fd_sc_hd__nor2_1)
                                                         _042_ (net)
                      0.084351    0.000038    1.306842 ^ _366_/B (sky130_fd_sc_hd__nor2_1)
     1    0.002273    0.026715    0.042666    1.349508 v _366_/Y (sky130_fd_sc_hd__nor2_1)
                                                         product_reg[4] (net)
                      0.026715    0.000020    1.349527 v _685_/D (sky130_fd_sc_hd__dfrtp_1)
                                              1.349527   data arrival time

                                  0.000000    0.000000   clock clk (rise edge)
                                  0.000000    0.000000   clock source latency
     1    0.018594    0.250000    0.000000    0.000000 ^ clk (in)
                                                         clk (net)
                      0.251278    0.000639    0.000639 ^ clkbuf_0_clk/A (sky130_fd_sc_hd__clkbuf_16)
     4    0.039160    0.061766    0.208762    0.209401 ^ clkbuf_0_clk/X (sky130_fd_sc_hd__clkbuf_16)
                                                         clknet_0_clk (net)
                      0.061769    0.000459    0.209860 ^ clkbuf_2_1__f_clk/A (sky130_fd_sc_hd__clkbuf_16)
     8    0.033126    0.053725    0.142835    0.352695 ^ clkbuf_2_1__f_clk/X (sky130_fd_sc_hd__clkbuf_16)
                                                         clknet_2_1__leaf_clk (net)
                      0.053732    0.000995    0.353690 ^ _685_/CLK (sky130_fd_sc_hd__dfrtp_1)
                                  0.125000    0.478690   clock uncertainty
                                  0.000000    0.478690   clock reconvergence pessimism
                                 -0.036340    0.442350   library hold time
                                              0.442350   data required time
---------------------------------------------------------------------------------------------
                                              0.442350   data required time
                                             -1.349527   data arrival time
---------------------------------------------------------------------------------------------
                                              0.907177   slack (MET)


Startpoint: _672_ (rising edge-triggered flip-flop clocked by clk)
Endpoint: _663_ (rising edge-triggered flip-flop clocked by clk)
Path Group: clk
Path Type: min

Fanout         Cap        Slew       Delay        Time   Description
---------------------------------------------------------------------------------------------
                                  0.000000    0.000000   clock clk (rise edge)
                                  0.000000    0.000000   clock source latency
     1    0.018594    0.250000    0.000000    0.000000 ^ clk (in)
                                                         clk (net)
                      0.251278    0.000639    0.000639 ^ clkbuf_0_clk/A (sky130_fd_sc_hd__clkbuf_16)
     4    0.039160    0.061766    0.208762    0.209401 ^ clkbuf_0_clk/X (sky130_fd_sc_hd__clkbuf_16)
                                                         clknet_0_clk (net)
                      0.061771    0.000543    0.209945 ^ clkbuf_2_0__f_clk/A (sky130_fd_sc_hd__clkbuf_16)
    12    0.032317    0.052972    0.142061    0.352006 ^ clkbuf_2_0__f_clk/X (sky130_fd_sc_hd__clkbuf_16)
                                                         clknet_2_0__leaf_clk (net)
                      0.052986    0.001303    0.353309 ^ _672_/CLK (sky130_fd_sc_hd__dfrtp_1)
     2    0.012298    0.080192    0.404020    0.757329 v _672_/Q (sky130_fd_sc_hd__dfrtp_1)
                                                         a_reg[7] (net)
                      0.080192    0.000105    0.757435 v fanout46/A (sky130_fd_sc_hd__buf_1)
     5    0.014207    0.087544    0.153620    0.911055 v fanout46/X (sky130_fd_sc_hd__buf_1)
                                                         net46 (net)
                      0.087544    0.000104    0.911159 v _616_/A (sky130_fd_sc_hd__and3_1)
     1    0.006558    0.049575    0.175908    1.087066 v _616_/X (sky130_fd_sc_hd__and3_1)
                                                         _284_ (net)
                      0.049575    0.000118    1.087184 v _618_/A (sky130_fd_sc_hd__xnor2_1)
     2    0.008566    0.074609    0.153513    1.240697 v _618_/Y (sky130_fd_sc_hd__xnor2_1)
                                                         _286_ (net)
                      0.074609    0.000110    1.240808 v _622_/A (sky130_fd_sc_hd__xnor2_1)
     1    0.002412    0.034604    0.129950    1.370758 v _622_/Y (sky130_fd_sc_hd__xnor2_1)
                                                         product_reg[14] (net)
                      0.034604    0.000023    1.370780 v _663_/D (sky130_fd_sc_hd__dfrtp_1)
                                              1.370780   data arrival time

                                  0.000000    0.000000   clock clk (rise edge)
                                  0.000000    0.000000   clock source latency
     1    0.018594    0.250000    0.000000    0.000000 ^ clk (in)
                                                         clk (net)
                      0.251278    0.000639    0.000639 ^ clkbuf_0_clk/A (sky130_fd_sc_hd__clkbuf_16)
     4    0.039160    0.061766    0.208762    0.209401 ^ clkbuf_0_clk/X (sky130_fd_sc_hd__clkbuf_16)
                                                         clknet_0_clk (net)
                      0.061772    0.000554    0.209955 ^ clkbuf_2_2__f_clk/A (sky130_fd_sc_hd__clkbuf_16)
     7    0.036903    0.056997    0.145645    0.355600 ^ clkbuf_2_2__f_clk/X (sky130_fd_sc_hd__clkbuf_16)
                                                         clknet_2_2__leaf_clk (net)
                      0.057032    0.000971    0.356572 ^ _663_/CLK (sky130_fd_sc_hd__dfrtp_1)
                                  0.125000    0.481572   clock uncertainty
                                  0.000000    0.481572   clock reconvergence pessimism
                                 -0.038799    0.442772   library hold time
                                              0.442772   data required time
---------------------------------------------------------------------------------------------
                                              0.442772   data required time
                                             -1.370780   data arrival time
---------------------------------------------------------------------------------------------
                                              0.928008   slack (MET)


Startpoint: _668_ (rising edge-triggered flip-flop clocked by clk)
Endpoint: _661_ (rising edge-triggered flip-flop clocked by clk)
Path Group: clk
Path Type: min

Fanout         Cap        Slew       Delay        Time   Description
---------------------------------------------------------------------------------------------
                                  0.000000    0.000000   clock clk (rise edge)
                                  0.000000    0.000000   clock source latency
     1    0.018594    0.250000    0.000000    0.000000 ^ clk (in)
                                                         clk (net)
                      0.251278    0.000639    0.000639 ^ clkbuf_0_clk/A (sky130_fd_sc_hd__clkbuf_16)
     4    0.039160    0.061766    0.208762    0.209401 ^ clkbuf_0_clk/X (sky130_fd_sc_hd__clkbuf_16)
                                                         clknet_0_clk (net)
                      0.061771    0.000543    0.209945 ^ clkbuf_2_0__f_clk/A (sky130_fd_sc_hd__clkbuf_16)
    12    0.032317    0.052972    0.142061    0.352006 ^ clkbuf_2_0__f_clk/X (sky130_fd_sc_hd__clkbuf_16)
                                                         clknet_2_0__leaf_clk (net)
                      0.052976    0.000888    0.352894 ^ _668_/CLK (sky130_fd_sc_hd__dfrtp_1)
     2    0.009232    0.067140    0.391433    0.744326 v _668_/Q (sky130_fd_sc_hd__dfrtp_1)
                                                         a_reg[3] (net)
                      0.067140    0.000166    0.744493 v fanout52/A (sky130_fd_sc_hd__buf_1)
     5    0.014809    0.090841    0.150355    0.894848 v fanout52/X (sky130_fd_sc_hd__buf_1)
                                                         net52 (net)
                      0.090841    0.000039    0.894887 v _554_/A1 (sky130_fd_sc_hd__a31o_1)
     2    0.009758    0.063854    0.221623    1.116510 v _554_/X (sky130_fd_sc_hd__a31o_1)
                                                         _225_ (net)
                      0.063854    0.000232    1.116742 v _572_/A (sky130_fd_sc_hd__nand2_1)
     2    0.005959    0.064987    0.081695    1.198437 ^ _572_/Y (sky130_fd_sc_hd__nand2_1)
                                                         _243_ (net)
                      0.064987    0.000054    1.198491 ^ _594_/B (sky130_fd_sc_hd__nand3_1)
     1    0.002518    0.048640    0.070350    1.268841 v _594_/Y (sky130_fd_sc_hd__nand3_1)
                                                         _264_ (net)
                      0.048640    0.000022    1.268863 v _595_/B (sky130_fd_sc_hd__nand2_1)
     2    0.007422    0.076566    0.091497    1.360360 ^ _595_/Y (sky130_fd_sc_hd__nand2_1)
                                                         _265_ (net)
                      0.076566    0.000086    1.360446 ^ _601_/A (sky130_fd_sc_hd__xnor2_1)
     1    0.003033    0.036241    0.073475    1.433921 v _601_/Y (sky130_fd_sc_hd__xnor2_1)
                                                         product_reg[12] (net)
                      0.036241    0.000036    1.433957 v _661_/D (sky130_fd_sc_hd__dfrtp_1)
                                              1.433957   data arrival time

                                  0.000000    0.000000   clock clk (rise edge)
                                  0.000000    0.000000   clock source latency
     1    0.018594    0.250000    0.000000    0.000000 ^ clk (in)
                                                         clk (net)
                      0.251278    0.000639    0.000639 ^ clkbuf_0_clk/A (sky130_fd_sc_hd__clkbuf_16)
     4    0.039160    0.061766    0.208762    0.209401 ^ clkbuf_0_clk/X (sky130_fd_sc_hd__clkbuf_16)
                                                         clknet_0_clk (net)
                      0.061772    0.000554    0.209955 ^ clkbuf_2_2__f_clk/A (sky130_fd_sc_hd__clkbuf_16)
     7    0.036903    0.056997    0.145645    0.355600 ^ clkbuf_2_2__f_clk/X (sky130_fd_sc_hd__clkbuf_16)
                                                         clknet_2_2__leaf_clk (net)
                      0.057034    0.001011    0.356611 ^ _661_/CLK (sky130_fd_sc_hd__dfrtp_1)
                                  0.125000    0.481611   clock uncertainty
                                  0.000000    0.481611   clock reconvergence pessimism
                                 -0.039465    0.442146   library hold time
                                              0.442146   data required time
---------------------------------------------------------------------------------------------
                                              0.442146   data required time
                                             -1.433957   data arrival time
---------------------------------------------------------------------------------------------
                                              0.991811   slack (MET)


Startpoint: _669_ (rising edge-triggered flip-flop clocked by clk)
Endpoint: _662_ (rising edge-triggered flip-flop clocked by clk)
Path Group: clk
Path Type: min

Fanout         Cap        Slew       Delay        Time   Description
---------------------------------------------------------------------------------------------
                                  0.000000    0.000000   clock clk (rise edge)
                                  0.000000    0.000000   clock source latency
     1    0.018594    0.250000    0.000000    0.000000 ^ clk (in)
                                                         clk (net)
                      0.251278    0.000639    0.000639 ^ clkbuf_0_clk/A (sky130_fd_sc_hd__clkbuf_16)
     4    0.039160    0.061766    0.208762    0.209401 ^ clkbuf_0_clk/X (sky130_fd_sc_hd__clkbuf_16)
                                                         clknet_0_clk (net)
                      0.061771    0.000543    0.209945 ^ clkbuf_2_0__f_clk/A (sky130_fd_sc_hd__clkbuf_16)
    12    0.032317    0.052972    0.142061    0.352006 ^ clkbuf_2_0__f_clk/X (sky130_fd_sc_hd__clkbuf_16)
                                                         clknet_2_0__leaf_clk (net)
                      0.052979    0.001132    0.353138 ^ _669_/CLK (sky130_fd_sc_hd__dfrtp_1)
     3    0.011337    0.111238    0.374149    0.727287 ^ _669_/Q (sky130_fd_sc_hd__dfrtp_1)
                                                         a_reg[4] (net)
                      0.111238    0.000370    0.727657 ^ _563_/A (sky130_fd_sc_hd__and2_1)
     2    0.005220    0.066930    0.149553    0.877210 ^ _563_/X (sky130_fd_sc_hd__and2_1)
                                                         _234_ (net)
                      0.066930    0.000025    0.877234 ^ _565_/B (sky130_fd_sc_hd__and2_1)
     3    0.009795    0.107156    0.169169    1.046403 ^ _565_/X (sky130_fd_sc_hd__and2_1)
                                                         _236_ (net)
                      0.107156    0.000130    1.046534 ^ _589_/A2 (sky130_fd_sc_hd__o21a_1)
     3    0.008372    0.088132    0.153991    1.200525 ^ _589_/X (sky130_fd_sc_hd__o21a_1)
                                                         _259_ (net)
                      0.088132    0.000115    1.200639 ^ _612_/A2 (sky130_fd_sc_hd__o21a_1)
     3    0.007937    0.084339    0.145961    1.346601 ^ _612_/X (sky130_fd_sc_hd__o21a_1)
                                                         _281_ (net)
                      0.084339    0.000110    1.346711 ^ _613_/B2 (sky130_fd_sc_hd__o22ai_1)
     1    0.002604    0.045218    0.067596    1.414308 v _613_/Y (sky130_fd_sc_hd__o22ai_1)
                                                         _282_ (net)
                      0.045218    0.000013    1.414321 v _615_/A (sky130_fd_sc_hd__nand2_1)
     1    0.002972    0.038751    0.054787    1.469108 ^ _615_/Y (sky130_fd_sc_hd__nand2_1)
                                                         product_reg[13] (net)
                      0.038751    0.000035    1.469143 ^ _662_/D (sky130_fd_sc_hd__dfrtp_1)
                                              1.469143   data arrival time

                                  0.000000    0.000000   clock clk (rise edge)
                                  0.000000    0.000000   clock source latency
     1    0.018594    0.250000    0.000000    0.000000 ^ clk (in)
                                                         clk (net)
                      0.251278    0.000639    0.000639 ^ clkbuf_0_clk/A (sky130_fd_sc_hd__clkbuf_16)
     4    0.039160    0.061766    0.208762    0.209401 ^ clkbuf_0_clk/X (sky130_fd_sc_hd__clkbuf_16)
                                                         clknet_0_clk (net)
                      0.061772    0.000554    0.209955 ^ clkbuf_2_2__f_clk/A (sky130_fd_sc_hd__clkbuf_16)
     7    0.036903    0.056997    0.145645    0.355600 ^ clkbuf_2_2__f_clk/X (sky130_fd_sc_hd__clkbuf_16)
                                                         clknet_2_2__leaf_clk (net)
                      0.057032    0.000970    0.356571 ^ _662_/CLK (sky130_fd_sc_hd__dfrtp_1)
                                  0.125000    0.481571   clock uncertainty
                                  0.000000    0.481571   clock reconvergence pessimism
                                 -0.031812    0.449758   library hold time
                                              0.449758   data required time
---------------------------------------------------------------------------------------------
                                              0.449758   data required time
                                             -1.469143   data arrival time
---------------------------------------------------------------------------------------------
                                              1.019385   slack (MET)


Startpoint: _667_ (rising edge-triggered flip-flop clocked by clk)
Endpoint: _659_ (rising edge-triggered flip-flop clocked by clk)
Path Group: clk
Path Type: min

Fanout         Cap        Slew       Delay        Time   Description
---------------------------------------------------------------------------------------------
                                  0.000000    0.000000   clock clk (rise edge)
                                  0.000000    0.000000   clock source latency
     1    0.018594    0.250000    0.000000    0.000000 ^ clk (in)
                                                         clk (net)
                      0.251278    0.000639    0.000639 ^ clkbuf_0_clk/A (sky130_fd_sc_hd__clkbuf_16)
     4    0.039160    0.061766    0.208762    0.209401 ^ clkbuf_0_clk/X (sky130_fd_sc_hd__clkbuf_16)
                                                         clknet_0_clk (net)
                      0.061771    0.000543    0.209945 ^ clkbuf_2_0__f_clk/A (sky130_fd_sc_hd__clkbuf_16)
    12    0.032317    0.052972    0.142061    0.352006 ^ clkbuf_2_0__f_clk/X (sky130_fd_sc_hd__clkbuf_16)
                                                         clknet_2_0__leaf_clk (net)
                      0.052974    0.000702    0.352708 ^ _667_/CLK (sky130_fd_sc_hd__dfrtp_1)
     2    0.010065    0.070556    0.394924    0.747632 v _667_/Q (sky130_fd_sc_hd__dfrtp_1)
                                                         a_reg[2] (net)
                      0.070622    0.000292    0.747924 v fanout54/A (sky130_fd_sc_hd__buf_1)
     5    0.014164    0.087322    0.149140    0.897064 v fanout54/X (sky130_fd_sc_hd__buf_1)
                                                         net54 (net)
                      0.087322    0.000193    0.897257 v _495_/A1 (sky130_fd_sc_hd__a31o_1)
     2    0.008577    0.059341    0.215222    1.112478 v _495_/X (sky130_fd_sc_hd__a31o_1)
                                                         _168_ (net)
                      0.059341    0.000141    1.112619 v _516_/A (sky130_fd_sc_hd__nand2_1)
     2    0.004931    0.055835    0.073194    1.185812 ^ _516_/Y (sky130_fd_sc_hd__nand2_1)
                                                         _189_ (net)
                      0.055835    0.000040    1.185852 ^ _548_/A2 (sky130_fd_sc_hd__a21oi_1)
     3    0.008545    0.053394    0.092144    1.277997 v _548_/Y (sky130_fd_sc_hd__a21oi_1)
                                                         _220_ (net)
                      0.053394    0.000132    1.278129 v _549_/B (sky130_fd_sc_hd__nor2_1)
     1    0.004964    0.110533    0.111091    1.389219 ^ _549_/Y (sky130_fd_sc_hd__nor2_1)
                                                         _221_ (net)
                      0.110533    0.000045    1.389265 ^ _553_/A (sky130_fd_sc_hd__xnor2_1)
     1    0.002775    0.036812    0.081173    1.470438 v _553_/Y (sky130_fd_sc_hd__xnor2_1)
                                                         product_reg[10] (net)
                      0.036812    0.000031    1.470469 v _659_/D (sky130_fd_sc_hd__dfrtp_1)
                                              1.470469   data arrival time

                                  0.000000    0.000000   clock clk (rise edge)
                                  0.000000    0.000000   clock source latency
     1    0.018594    0.250000    0.000000    0.000000 ^ clk (in)
                                                         clk (net)
                      0.251278    0.000639    0.000639 ^ clkbuf_0_clk/A (sky130_fd_sc_hd__clkbuf_16)
     4    0.039160    0.061766    0.208762    0.209401 ^ clkbuf_0_clk/X (sky130_fd_sc_hd__clkbuf_16)
                                                         clknet_0_clk (net)
                      0.061770    0.000499    0.209900 ^ clkbuf_2_3__f_clk/A (sky130_fd_sc_hd__clkbuf_16)
     8    0.033542    0.054128    0.143276    0.353176 ^ clkbuf_2_3__f_clk/X (sky130_fd_sc_hd__clkbuf_16)
                                                         clknet_2_3__leaf_clk (net)
                      0.054129    0.000362    0.353538 ^ _659_/CLK (sky130_fd_sc_hd__dfrtp_1)
                                  0.125000    0.478538   clock uncertainty
                                  0.000000    0.478538   clock reconvergence pessimism
                                 -0.040360    0.438178   library hold time
                                              0.438178   data required time
---------------------------------------------------------------------------------------------
                                              0.438178   data required time
                                             -1.470469   data arrival time
---------------------------------------------------------------------------------------------
                                              1.032291   slack (MET)


Startpoint: _665_ (rising edge-triggered flip-flop clocked by clk)
Endpoint: _689_ (rising edge-triggered flip-flop clocked by clk)
Path Group: clk
Path Type: min

Fanout         Cap        Slew       Delay        Time   Description
---------------------------------------------------------------------------------------------
                                  0.000000    0.000000   clock clk (rise edge)
                                  0.000000    0.000000   clock source latency
     1    0.018594    0.250000    0.000000    0.000000 ^ clk (in)
                                                         clk (net)
                      0.251278    0.000639    0.000639 ^ clkbuf_0_clk/A (sky130_fd_sc_hd__clkbuf_16)
     4    0.039160    0.061766    0.208762    0.209401 ^ clkbuf_0_clk/X (sky130_fd_sc_hd__clkbuf_16)
                                                         clknet_0_clk (net)
                      0.061769    0.000459    0.209860 ^ clkbuf_2_1__f_clk/A (sky130_fd_sc_hd__clkbuf_16)
     8    0.033126    0.053725    0.142835    0.352695 ^ clkbuf_2_1__f_clk/X (sky130_fd_sc_hd__clkbuf_16)
                                                         clknet_2_1__leaf_clk (net)
                      0.053726    0.000541    0.353236 ^ _665_/CLK (sky130_fd_sc_hd__dfrtp_1)
     4    0.017808    0.164471    0.413464    0.766700 ^ _665_/Q (sky130_fd_sc_hd__dfrtp_1)
                                                         a_reg[0] (net)
                      0.164472    0.000717    0.767417 ^ _427_/A (sky130_fd_sc_hd__and3_1)
     2    0.005454    0.074408    0.190688    0.958105 ^ _427_/X (sky130_fd_sc_hd__and3_1)
                                                         _102_ (net)
                      0.074408    0.000018    0.958123 ^ _460_/B1 (sky130_fd_sc_hd__a31o_1)
     2    0.008887    0.093126    0.137882    1.096005 ^ _460_/X (sky130_fd_sc_hd__a31o_1)
                                                         _134_ (net)
                      0.093126    0.000140    1.096146 ^ _487_/A (sky130_fd_sc_hd__xor2_1)
     3    0.008718    0.059335    0.102677    1.198822 v _487_/X (sky130_fd_sc_hd__xor2_1)
                                                         _161_ (net)
                      0.059335    0.000090    1.198912 v _491_/A (sky130_fd_sc_hd__xnor2_1)
     2    0.009654    0.081289    0.163804    1.362716 v _491_/Y (sky130_fd_sc_hd__xnor2_1)
                                                         _165_ (net)
                      0.081289    0.000080    1.362796 v _493_/A (sky130_fd_sc_hd__xnor2_1)
     1    0.003018    0.038354    0.136761    1.499557 v _493_/Y (sky130_fd_sc_hd__xnor2_1)
                                                         product_reg[8] (net)
                      0.038354    0.000026    1.499583 v _689_/D (sky130_fd_sc_hd__dfrtp_1)
                                              1.499583   data arrival time

                                  0.000000    0.000000   clock clk (rise edge)
                                  0.000000    0.000000   clock source latency
     1    0.018594    0.250000    0.000000    0.000000 ^ clk (in)
                                                         clk (net)
                      0.251278    0.000639    0.000639 ^ clkbuf_0_clk/A (sky130_fd_sc_hd__clkbuf_16)
     4    0.039160    0.061766    0.208762    0.209401 ^ clkbuf_0_clk/X (sky130_fd_sc_hd__clkbuf_16)
                                                         clknet_0_clk (net)
                      0.061770    0.000499    0.209900 ^ clkbuf_2_3__f_clk/A (sky130_fd_sc_hd__clkbuf_16)
     8    0.033542    0.054128    0.143276    0.353176 ^ clkbuf_2_3__f_clk/X (sky130_fd_sc_hd__clkbuf_16)
                                                         clknet_2_3__leaf_clk (net)
                      0.054129    0.000319    0.353495 ^ _689_/CLK (sky130_fd_sc_hd__dfrtp_1)
                                  0.125000    0.478495   clock uncertainty
                                  0.000000    0.478495   clock reconvergence pessimism
                                 -0.040988    0.437507   library hold time
                                              0.437507   data required time
---------------------------------------------------------------------------------------------
                                              0.437507   data required time
                                             -1.499583   data arrival time
---------------------------------------------------------------------------------------------
                                              1.062076   slack (MET)


Startpoint: _668_ (rising edge-triggered flip-flop clocked by clk)
Endpoint: _660_ (rising edge-triggered flip-flop clocked by clk)
Path Group: clk
Path Type: min

Fanout         Cap        Slew       Delay        Time   Description
---------------------------------------------------------------------------------------------
                                  0.000000    0.000000   clock clk (rise edge)
                                  0.000000    0.000000   clock source latency
     1    0.018594    0.250000    0.000000    0.000000 ^ clk (in)
                                                         clk (net)
                      0.251278    0.000639    0.000639 ^ clkbuf_0_clk/A (sky130_fd_sc_hd__clkbuf_16)
     4    0.039160    0.061766    0.208762    0.209401 ^ clkbuf_0_clk/X (sky130_fd_sc_hd__clkbuf_16)
                                                         clknet_0_clk (net)
                      0.061771    0.000543    0.209945 ^ clkbuf_2_0__f_clk/A (sky130_fd_sc_hd__clkbuf_16)
    12    0.032317    0.052972    0.142061    0.352006 ^ clkbuf_2_0__f_clk/X (sky130_fd_sc_hd__clkbuf_16)
                                                         clknet_2_0__leaf_clk (net)
                      0.052976    0.000888    0.352894 ^ _668_/CLK (sky130_fd_sc_hd__dfrtp_1)
     2    0.009232    0.067140    0.391433    0.744326 v _668_/Q (sky130_fd_sc_hd__dfrtp_1)
                                                         a_reg[3] (net)
                      0.067140    0.000166    0.744493 v fanout52/A (sky130_fd_sc_hd__buf_1)
     5    0.014809    0.090841    0.150355    0.894848 v fanout52/X (sky130_fd_sc_hd__buf_1)
                                                         net52 (net)
                      0.090841    0.000177    0.895025 v _524_/A1 (sky130_fd_sc_hd__a31o_1)
     2    0.008697    0.059714    0.217282    1.112308 v _524_/X (sky130_fd_sc_hd__a31o_1)
                                                         _196_ (net)
                      0.059714    0.000147    1.112454 v _545_/A (sky130_fd_sc_hd__nand2_1)
     2    0.005667    0.062085    0.078020    1.190474 ^ _545_/Y (sky130_fd_sc_hd__nand2_1)
                                                         _217_ (net)
                      0.062085    0.000049    1.190523 ^ _575_/B (sky130_fd_sc_hd__nand3_1)
     4    0.011893    0.132025    0.135993    1.326515 v _575_/Y (sky130_fd_sc_hd__nand3_1)
                                                         _246_ (net)
                      0.132026    0.000156    1.326672 v _576_/B (sky130_fd_sc_hd__nand2b_1)
     1    0.004838    0.065454    0.117245    1.443917 ^ _576_/Y (sky130_fd_sc_hd__nand2b_1)
                                                         _247_ (net)
                      0.065454    0.000043    1.443959 ^ _578_/A (sky130_fd_sc_hd__xor2_1)
     1    0.002430    0.034717    0.062358    1.506317 v _578_/X (sky130_fd_sc_hd__xor2_1)
                                                         product_reg[11] (net)
                      0.034717    0.000024    1.506341 v _660_/D (sky130_fd_sc_hd__dfrtp_1)
                                              1.506341   data arrival time

                                  0.000000    0.000000   clock clk (rise edge)
                                  0.000000    0.000000   clock source latency
     1    0.018594    0.250000    0.000000    0.000000 ^ clk (in)
                                                         clk (net)
                      0.251278    0.000639    0.000639 ^ clkbuf_0_clk/A (sky130_fd_sc_hd__clkbuf_16)
     4    0.039160    0.061766    0.208762    0.209401 ^ clkbuf_0_clk/X (sky130_fd_sc_hd__clkbuf_16)
                                                         clknet_0_clk (net)
                      0.061770    0.000499    0.209900 ^ clkbuf_2_3__f_clk/A (sky130_fd_sc_hd__clkbuf_16)
     8    0.033542    0.054128    0.143276    0.353176 ^ clkbuf_2_3__f_clk/X (sky130_fd_sc_hd__clkbuf_16)
                                                         clknet_2_3__leaf_clk (net)
                      0.054129    0.000369    0.353545 ^ _660_/CLK (sky130_fd_sc_hd__dfrtp_1)
                                  0.125000    0.478545   clock uncertainty
                                  0.000000    0.478545   clock reconvergence pessimism
                                 -0.039507    0.439038   library hold time
                                              0.439038   data required time
---------------------------------------------------------------------------------------------
                                              0.439038   data required time
                                             -1.506341   data arrival time
---------------------------------------------------------------------------------------------
                                              1.067304   slack (MET)


Startpoint: _679_ (rising edge-triggered flip-flop clocked by clk)
Endpoint: _688_ (rising edge-triggered flip-flop clocked by clk)
Path Group: clk
Path Type: min

Fanout         Cap        Slew       Delay        Time   Description
---------------------------------------------------------------------------------------------
                                  0.000000    0.000000   clock clk (rise edge)
                                  0.000000    0.000000   clock source latency
     1    0.018594    0.250000    0.000000    0.000000 ^ clk (in)
                                                         clk (net)
                      0.251278    0.000639    0.000639 ^ clkbuf_0_clk/A (sky130_fd_sc_hd__clkbuf_16)
     4    0.039160    0.061766    0.208762    0.209401 ^ clkbuf_0_clk/X (sky130_fd_sc_hd__clkbuf_16)
                                                         clknet_0_clk (net)
                      0.061772    0.000554    0.209955 ^ clkbuf_2_2__f_clk/A (sky130_fd_sc_hd__clkbuf_16)
     7    0.036903    0.056997    0.145645    0.355600 ^ clkbuf_2_2__f_clk/X (sky130_fd_sc_hd__clkbuf_16)
                                                         clknet_2_2__leaf_clk (net)
                      0.057023    0.000803    0.356403 ^ _679_/CLK (sky130_fd_sc_hd__dfrtp_1)
     2    0.010184    0.071151    0.396914    0.753317 v _679_/Q (sky130_fd_sc_hd__dfrtp_1)
                                                         b_reg[6] (net)
                      0.071151    0.000286    0.753603 v fanout36/A (sky130_fd_sc_hd__dlymetal6s2s_1)
     6    0.018515    0.103184    0.205895    0.959498 v fanout36/X (sky130_fd_sc_hd__dlymetal6s2s_1)
                                                         net36 (net)
                      0.103184    0.000245    0.959743 v _389_/C1 (sky130_fd_sc_hd__o211a_1)
     4    0.012553    0.072379    0.172934    1.132677 v _389_/X (sky130_fd_sc_hd__o211a_1)
                                                         _065_ (net)
                      0.072379    0.000210    1.132887 v _452_/A (sky130_fd_sc_hd__nand3_1)
     3    0.008640    0.100420    0.113552    1.246439 ^ _452_/Y (sky130_fd_sc_hd__nand3_1)
                                                         _127_ (net)
                      0.100420    0.000076    1.246515 ^ _454_/A1 (sky130_fd_sc_hd__a21oi_1)
     1    0.003312    0.044528    0.074440    1.320955 v _454_/Y (sky130_fd_sc_hd__a21oi_1)
                                                         _129_ (net)
                      0.044528    0.000038    1.320993 v _457_/A (sky130_fd_sc_hd__nor2_1)
     1    0.004958    0.110402    0.122825    1.443818 ^ _457_/Y (sky130_fd_sc_hd__nor2_1)
                                                         _132_ (net)
                      0.110402    0.000045    1.443863 ^ _459_/A (sky130_fd_sc_hd__xor2_1)
     1    0.002578    0.035431    0.075584    1.519447 v _459_/X (sky130_fd_sc_hd__xor2_1)
                                                         product_reg[7] (net)
                      0.035431    0.000026    1.519473 v _688_/D (sky130_fd_sc_hd__dfrtp_1)
                                              1.519473   data arrival time

                                  0.000000    0.000000   clock clk (rise edge)
                                  0.000000    0.000000   clock source latency
     1    0.018594    0.250000    0.000000    0.000000 ^ clk (in)
                                                         clk (net)
                      0.251278    0.000639    0.000639 ^ clkbuf_0_clk/A (sky130_fd_sc_hd__clkbuf_16)
     4    0.039160    0.061766    0.208762    0.209401 ^ clkbuf_0_clk/X (sky130_fd_sc_hd__clkbuf_16)
                                                         clknet_0_clk (net)
                      0.061770    0.000499    0.209900 ^ clkbuf_2_3__f_clk/A (sky130_fd_sc_hd__clkbuf_16)
     8    0.033542    0.054128    0.143276    0.353176 ^ clkbuf_2_3__f_clk/X (sky130_fd_sc_hd__clkbuf_16)
                                                         clknet_2_3__leaf_clk (net)
                      0.054129    0.000289    0.353465 ^ _688_/CLK (sky130_fd_sc_hd__dfrtp_1)
                                  0.125000    0.478465   clock uncertainty
                                  0.000000    0.478465   clock reconvergence pessimism
                                 -0.039798    0.438667   library hold time
                                              0.438667   data required time
---------------------------------------------------------------------------------------------
                                              0.438667   data required time
                                             -1.519473   data arrival time
---------------------------------------------------------------------------------------------
                                              1.080806   slack (MET)


Startpoint: _675_ (rising edge-triggered flip-flop clocked by clk)
Endpoint: _686_ (rising edge-triggered flip-flop clocked by clk)
Path Group: clk
Path Type: min

Fanout         Cap        Slew       Delay        Time   Description
---------------------------------------------------------------------------------------------
                                  0.000000    0.000000   clock clk (rise edge)
                                  0.000000    0.000000   clock source latency
     1    0.018594    0.250000    0.000000    0.000000 ^ clk (in)
                                                         clk (net)
                      0.251278    0.000639    0.000639 ^ clkbuf_0_clk/A (sky130_fd_sc_hd__clkbuf_16)
     4    0.039160    0.061766    0.208762    0.209401 ^ clkbuf_0_clk/X (sky130_fd_sc_hd__clkbuf_16)
                                                         clknet_0_clk (net)
                      0.061771    0.000543    0.209945 ^ clkbuf_2_0__f_clk/A (sky130_fd_sc_hd__clkbuf_16)
    12    0.032317    0.052972    0.142061    0.352006 ^ clkbuf_2_0__f_clk/X (sky130_fd_sc_hd__clkbuf_16)
                                                         clknet_2_0__leaf_clk (net)
                      0.052974    0.000723    0.352729 ^ _675_/CLK (sky130_fd_sc_hd__dfrtp_4)
    10    0.039846    0.139008    0.481839    0.834567 ^ _675_/Q (sky130_fd_sc_hd__dfrtp_4)
                                                         b_reg[2] (net)
                      0.139013    0.001028    0.835595 ^ _326_/B (sky130_fd_sc_hd__nand2_1)
     1    0.004885    0.052726    0.083248    0.918843 v _326_/Y (sky130_fd_sc_hd__nand2_1)
                                                         _294_ (net)
                      0.052726    0.000028    0.918871 v _330_/A (sky130_fd_sc_hd__xnor2_1)
     2    0.004462    0.044552    0.132144    1.051015 v _330_/Y (sky130_fd_sc_hd__xnor2_1)
                                                         _298_ (net)
                      0.044552    0.000029    1.051044 v _331_/B (sky130_fd_sc_hd__nand2_1)
     3    0.006929    0.072763    0.086610    1.137654 ^ _331_/Y (sky130_fd_sc_hd__nand2_1)
                                                         _299_ (net)
                      0.072763    0.000075    1.137729 ^ _345_/A (sky130_fd_sc_hd__nor2_1)
     3    0.007904    0.041080    0.067352    1.205081 v _345_/Y (sky130_fd_sc_hd__nor2_1)
                                                         _312_ (net)
                      0.041080    0.000072    1.205153 v _364_/A (sky130_fd_sc_hd__and2_1)
     4    0.011423    0.068876    0.167491    1.372644 v _364_/X (sky130_fd_sc_hd__and2_1)
                                                         _041_ (net)
                      0.068876    0.000148    1.372792 v _625_/B1 (sky130_fd_sc_hd__a21oi_1)
     1    0.003255    0.095095    0.124544    1.497337 ^ _625_/Y (sky130_fd_sc_hd__a21oi_1)
                                                         _291_ (net)
                      0.095095    0.000033    1.497370 ^ _626_/B (sky130_fd_sc_hd__nor2_1)
     1    0.002318    0.028945    0.045070    1.542440 v _626_/Y (sky130_fd_sc_hd__nor2_1)
                                                         product_reg[5] (net)
                      0.028945    0.000021    1.542460 v _686_/D (sky130_fd_sc_hd__dfrtp_1)
                                              1.542460   data arrival time

                                  0.000000    0.000000   clock clk (rise edge)
                                  0.000000    0.000000   clock source latency
     1    0.018594    0.250000    0.000000    0.000000 ^ clk (in)
                                                         clk (net)
                      0.251278    0.000639    0.000639 ^ clkbuf_0_clk/A (sky130_fd_sc_hd__clkbuf_16)
     4    0.039160    0.061766    0.208762    0.209401 ^ clkbuf_0_clk/X (sky130_fd_sc_hd__clkbuf_16)
                                                         clknet_0_clk (net)
                      0.061770    0.000499    0.209900 ^ clkbuf_2_3__f_clk/A (sky130_fd_sc_hd__clkbuf_16)
     8    0.033542    0.054128    0.143276    0.353176 ^ clkbuf_2_3__f_clk/X (sky130_fd_sc_hd__clkbuf_16)
                                                         clknet_2_3__leaf_clk (net)
                      0.054129    0.000331    0.353507 ^ _686_/CLK (sky130_fd_sc_hd__dfrtp_1)
                                  0.125000    0.478507   clock uncertainty
                                  0.000000    0.478507   clock reconvergence pessimism
                                 -0.037158    0.441349   library hold time
                                              0.441349   data required time
---------------------------------------------------------------------------------------------
                                              0.441349   data required time
                                             -1.542460   data arrival time
---------------------------------------------------------------------------------------------
                                              1.101111   slack (MET)


Startpoint: _667_ (rising edge-triggered flip-flop clocked by clk)
Endpoint: _658_ (rising edge-triggered flip-flop clocked by clk)
Path Group: clk
Path Type: min

Fanout         Cap        Slew       Delay        Time   Description
---------------------------------------------------------------------------------------------
                                  0.000000    0.000000   clock clk (rise edge)
                                  0.000000    0.000000   clock source latency
     1    0.018594    0.250000    0.000000    0.000000 ^ clk (in)
                                                         clk (net)
                      0.251278    0.000639    0.000639 ^ clkbuf_0_clk/A (sky130_fd_sc_hd__clkbuf_16)
     4    0.039160    0.061766    0.208762    0.209401 ^ clkbuf_0_clk/X (sky130_fd_sc_hd__clkbuf_16)
                                                         clknet_0_clk (net)
                      0.061771    0.000543    0.209945 ^ clkbuf_2_0__f_clk/A (sky130_fd_sc_hd__clkbuf_16)
    12    0.032317    0.052972    0.142061    0.352006 ^ clkbuf_2_0__f_clk/X (sky130_fd_sc_hd__clkbuf_16)
                                                         clknet_2_0__leaf_clk (net)
                      0.052974    0.000702    0.352708 ^ _667_/CLK (sky130_fd_sc_hd__dfrtp_1)
     2    0.010471    0.104150    0.368927    0.721635 ^ _667_/Q (sky130_fd_sc_hd__dfrtp_1)
                                                         a_reg[2] (net)
                      0.104150    0.000305    0.721940 ^ fanout54/A (sky130_fd_sc_hd__buf_1)
     5    0.014771    0.179498    0.192470    0.914410 ^ fanout54/X (sky130_fd_sc_hd__buf_1)
                                                         net54 (net)
                      0.179498    0.000201    0.914611 ^ _495_/A1 (sky130_fd_sc_hd__a31o_1)
     2    0.009032    0.094374    0.203774    1.118385 ^ _495_/X (sky130_fd_sc_hd__a31o_1)
                                                         _168_ (net)
                      0.094374    0.000150    1.118535 ^ _517_/A (sky130_fd_sc_hd__xor2_1)
     2    0.003853    0.040264    0.078049    1.196584 v _517_/X (sky130_fd_sc_hd__xor2_1)
                                                         _190_ (net)
                      0.040264    0.000028    1.196612 v _520_/B (sky130_fd_sc_hd__and2_1)
     4    0.011423    0.068893    0.185758    1.382370 v _520_/X (sky130_fd_sc_hd__and2_1)
                                                         _193_ (net)
                      0.068893    0.000131    1.382501 v _521_/B (sky130_fd_sc_hd__nor2_1)
     1    0.004840    0.112763    0.115544    1.498045 ^ _521_/Y (sky130_fd_sc_hd__nor2_1)
                                                         _194_ (net)
                      0.112763    0.000026    1.498071 ^ _523_/A (sky130_fd_sc_hd__xor2_1)
     1    0.004214    0.041752    0.085273    1.583344 v _523_/X (sky130_fd_sc_hd__xor2_1)
                                                         product_reg[9] (net)
                      0.041752    0.000072    1.583415 v _658_/D (sky130_fd_sc_hd__dfrtp_1)
                                              1.583415   data arrival time

                                  0.000000    0.000000   clock clk (rise edge)
                                  0.000000    0.000000   clock source latency
     1    0.018594    0.250000    0.000000    0.000000 ^ clk (in)
                                                         clk (net)
                      0.251278    0.000639    0.000639 ^ clkbuf_0_clk/A (sky130_fd_sc_hd__clkbuf_16)
     4    0.039160    0.061766    0.208762    0.209401 ^ clkbuf_0_clk/X (sky130_fd_sc_hd__clkbuf_16)
                                                         clknet_0_clk (net)
                      0.061770    0.000499    0.209900 ^ clkbuf_2_3__f_clk/A (sky130_fd_sc_hd__clkbuf_16)
     8    0.033542    0.054128    0.143276    0.353176 ^ clkbuf_2_3__f_clk/X (sky130_fd_sc_hd__clkbuf_16)
                                                         clknet_2_3__leaf_clk (net)
                      0.054129    0.000335    0.353510 ^ _658_/CLK (sky130_fd_sc_hd__dfrtp_1)
                                  0.125000    0.478511   clock uncertainty
                                  0.000000    0.478511   clock reconvergence pessimism
                                 -0.042371    0.436139   library hold time
                                              0.436139   data required time
---------------------------------------------------------------------------------------------
                                              0.436139   data required time
                                             -1.583415   data arrival time
---------------------------------------------------------------------------------------------
                                              1.147276   slack (MET)


Startpoint: _665_ (rising edge-triggered flip-flop clocked by clk)
Endpoint: _687_ (rising edge-triggered flip-flop clocked by clk)
Path Group: clk
Path Type: min

Fanout         Cap        Slew       Delay        Time   Description
---------------------------------------------------------------------------------------------
                                  0.000000    0.000000   clock clk (rise edge)
                                  0.000000    0.000000   clock source latency
     1    0.018594    0.250000    0.000000    0.000000 ^ clk (in)
                                                         clk (net)
                      0.251278    0.000639    0.000639 ^ clkbuf_0_clk/A (sky130_fd_sc_hd__clkbuf_16)
     4    0.039160    0.061766    0.208762    0.209401 ^ clkbuf_0_clk/X (sky130_fd_sc_hd__clkbuf_16)
                                                         clknet_0_clk (net)
                      0.061769    0.000459    0.209860 ^ clkbuf_2_1__f_clk/A (sky130_fd_sc_hd__clkbuf_16)
     8    0.033126    0.053725    0.142835    0.352695 ^ clkbuf_2_1__f_clk/X (sky130_fd_sc_hd__clkbuf_16)
                                                         clknet_2_1__leaf_clk (net)
                      0.053726    0.000541    0.353236 ^ _665_/CLK (sky130_fd_sc_hd__dfrtp_1)
     4    0.017808    0.164471    0.413464    0.766700 ^ _665_/Q (sky130_fd_sc_hd__dfrtp_1)
                                                         a_reg[0] (net)
                      0.164472    0.000750    0.767450 ^ _390_/A1 (sky130_fd_sc_hd__a211oi_1)
     1    0.002286    0.037580    0.090603    0.858053 v _390_/Y (sky130_fd_sc_hd__a211oi_1)
                                                         _066_ (net)
                      0.037580    0.000008    0.858061 v _391_/B (sky130_fd_sc_hd__nor2_1)
     2    0.008404    0.167167    0.148246    1.006307 ^ _391_/Y (sky130_fd_sc_hd__nor2_1)
                                                         _067_ (net)
                      0.167167    0.000106    1.006413 ^ _412_/B1 (sky130_fd_sc_hd__a21o_1)
     2    0.005486    0.057532    0.120030    1.126443 ^ _412_/X (sky130_fd_sc_hd__a21o_1)
                                                         _088_ (net)
                      0.057532    0.000048    1.126491 ^ _414_/A2 (sky130_fd_sc_hd__a211oi_1)
     3    0.008465    0.068124    0.097438    1.223930 v _414_/Y (sky130_fd_sc_hd__a211oi_1)
                                                         _090_ (net)
                      0.068124    0.000058    1.223987 v _418_/B (sky130_fd_sc_hd__nor3_1)
     2    0.004953    0.205864    0.212715    1.436702 ^ _418_/Y (sky130_fd_sc_hd__nor3_1)
                                                         _094_ (net)
                      0.205864    0.000035    1.436737 ^ _420_/A (sky130_fd_sc_hd__or2_1)
     1    0.005280    0.060649    0.150075    1.586813 ^ _420_/X (sky130_fd_sc_hd__or2_1)
                                                         _096_ (net)
                      0.060649    0.000036    1.586848 ^ _423_/A (sky130_fd_sc_hd__xnor2_1)
     1    0.002599    0.035772    0.066610    1.653458 v _423_/Y (sky130_fd_sc_hd__xnor2_1)
                                                         product_reg[6] (net)
                      0.035772    0.000028    1.653486 v _687_/D (sky130_fd_sc_hd__dfrtp_1)
                                              1.653486   data arrival time

                                  0.000000    0.000000   clock clk (rise edge)
                                  0.000000    0.000000   clock source latency
     1    0.018594    0.250000    0.000000    0.000000 ^ clk (in)
                                                         clk (net)
                      0.251278    0.000639    0.000639 ^ clkbuf_0_clk/A (sky130_fd_sc_hd__clkbuf_16)
     4    0.039160    0.061766    0.208762    0.209401 ^ clkbuf_0_clk/X (sky130_fd_sc_hd__clkbuf_16)
                                                         clknet_0_clk (net)
                      0.061770    0.000499    0.209900 ^ clkbuf_2_3__f_clk/A (sky130_fd_sc_hd__clkbuf_16)
     8    0.033542    0.054128    0.143276    0.353176 ^ clkbuf_2_3__f_clk/X (sky130_fd_sc_hd__clkbuf_16)
                                                         clknet_2_3__leaf_clk (net)
                      0.054129    0.000305    0.353481 ^ _687_/CLK (sky130_fd_sc_hd__dfrtp_1)
                                  0.125000    0.478481   clock uncertainty
                                  0.000000    0.478481   clock reconvergence pessimism
                                 -0.039937    0.438544   library hold time
                                              0.438544   data required time
---------------------------------------------------------------------------------------------
                                              0.438544   data required time
                                             -1.653486   data arrival time
---------------------------------------------------------------------------------------------
                                              1.214941   slack (MET)



