Reading OpenROAD database at '/home/hassan-ul-haq/openlane2/designs/Multiplier/runs/500MHz/31-openroad-repairdesignpostgpl/mult.odb'…
Reading library file at '/home/hassan-ul-haq/.volare/volare/sky130/versions/0fe599b2afb6708d281543108caf8310912f54af/sky130A/libs.ref/sky130_fd_sc_hd/lib/sky130_fd_sc_hd__tt_025C_1v80.lib'…
Reading design constraints file at 'pnr.sdc'…
[WARNING STA-0366] port 'product[*]' not found.
[INFO] No information on clock propagation in input SDC file-- propagating all clocks.
Placement Analysis
---------------------------------
total displacement          0.0 u
average displacement        0.0 u
max displacement            0.0 u
original HPWL            4317.6 u
legalized HPWL           4336.5 u
delta HPWL                    0 %

[INFO DPL-0020] Mirrored 17 instances
[INFO DPL-0021] HPWL before            4336.5 u
[INFO DPL-0022] HPWL after             4317.6 u
[INFO DPL-0023] HPWL delta               -0.4 %
Setting global connections for newly added cells…
[INFO] Setting global connections...
Updating metrics…
Cell type report:                       Count       Area
  Fill cell                               324    1216.17
  Tap cell                               2788    3488.35
  Timing Repair Buffer                     18     112.61
  Sequential cell                          41    1030.99
  Multi-Input combinational cell           16      80.08
  Total                                  3187    5928.19
Writing OpenROAD database to '/home/hassan-ul-haq/openlane2/designs/Multiplier/runs/500MHz/33-openroad-detailedplacement/mult.odb'…
Writing netlist to '/home/hassan-ul-haq/openlane2/designs/Multiplier/runs/500MHz/33-openroad-detailedplacement/mult.nl.v'…
Writing powered netlist to '/home/hassan-ul-haq/openlane2/designs/Multiplier/runs/500MHz/33-openroad-detailedplacement/mult.pnl.v'…
Writing layout to '/home/hassan-ul-haq/openlane2/designs/Multiplier/runs/500MHz/33-openroad-detailedplacement/mult.def'…
Writing timing constraints to '/home/hassan-ul-haq/openlane2/designs/Multiplier/runs/500MHz/33-openroad-detailedplacement/mult.sdc'…
