Clock: clk
Sources: clk 
Generated: no
Virtual: yes
Propagated: no
Period: 6.250000

===========================================================================
report_clock_properties
============================================================================
Clock                   Period          Waveform
----------------------------------------------------
clk                   6.250000    0.000000  3.125000

===========================================================================
report_clock_latency
============================================================================
Clock clk
rise -> rise
    min     max
0.000000 0.000000 source latency
0.717261         network latency _806_/CLK
        0.728520 network latency _811_/CLK
---------------
0.717261 0.728520 latency
        0.011259 skew

fall -> fall
    min     max
0.000000 0.000000 source latency
0.667600         network latency _806_/CLK
        0.677600 network latency _811_/CLK
---------------
0.667600 0.677600 latency
        0.010000 skew



===========================================================================
report_clock_min_period
============================================================================
clk period_min = 6.43 fmax = 155.49
