Clock: clk
Sources: clk 
Generated: no
Virtual: yes
Propagated: no
Period: 8.333000

===========================================================================
report_clock_properties
============================================================================
Clock                   Period          Waveform
----------------------------------------------------
clk                   8.333000    0.000000  4.166500

===========================================================================
report_clock_latency
============================================================================
Clock clk
rise -> rise
    min     max
0.000000 0.000000 source latency
0.259332         network latency _688_/CLK
        0.267814 network latency _680_/CLK
---------------
0.259332 0.267814 latency
        0.008482 skew

fall -> fall
    min     max
0.000000 0.000000 source latency
0.238066         network latency _688_/CLK
        0.244472 network latency _680_/CLK
---------------
0.238066 0.244472 latency
        0.006407 skew



===========================================================================
report_clock_min_period
============================================================================
clk period_min = 2.80 fmax = 356.72
