
===========================================================================
report_checks -unconstrained
===========================================================================
======================= max_tt_025C_1v80 Corner ===================================

Startpoint: rst (input port clocked by clk)
Endpoint: _679_ (recovery check against rising-edge clock clk)
Path Group: asynchronous
Path Type: max

Fanout         Cap        Slew       Delay        Time   Description
---------------------------------------------------------------------------------------------
                                  0.000000    0.000000   clock clk (rise edge)
                                  0.000000    0.000000   clock network delay (propagated)
                                  1.666600    1.666600 v input external delay
     1    0.002712    0.008412    0.004325    1.670925 v rst (in)
                                                         rst (net)
                      0.008419    0.000000    1.670925 v input17/A (sky130_fd_sc_hd__clkbuf_1)
     1    0.002253    0.023684    0.069059    1.739984 v input17/X (sky130_fd_sc_hd__clkbuf_1)
                                                         net17 (net)
                      0.023684    0.000147    1.740132 v fanout62/A (sky130_fd_sc_hd__buf_2)
     5    0.031568    0.083929    0.164967    1.905099 v fanout62/X (sky130_fd_sc_hd__buf_2)
                                                         net62 (net)
                      0.083965    0.001612    1.906711 v fanout60/A (sky130_fd_sc_hd__buf_4)
    10    0.065981    0.092371    0.212956    2.119667 v fanout60/X (sky130_fd_sc_hd__buf_4)
                                                         net60 (net)
                      0.092408    0.001582    2.121248 v fanout59/A (sky130_fd_sc_hd__buf_4)
    10    0.055316    0.080266    0.208105    2.329353 v fanout59/X (sky130_fd_sc_hd__buf_4)
                                                         net59 (net)
                      0.081401    0.007543    2.336896 v _647_/A (sky130_fd_sc_hd__inv_2)
     1    0.004416    0.035277    0.059917    2.396813 ^ _647_/Y (sky130_fd_sc_hd__inv_2)
                                                         _021_ (net)
                      0.035277    0.000235    2.397048 ^ _679_/RESET_B (sky130_fd_sc_hd__dfrtp_1)
                                              2.397048   data arrival time

                                  8.333000    8.333000   clock clk (rise edge)
                                  0.000000    8.333000   clock source latency
     1    0.019803    0.094597    0.065778    8.398779 ^ clk (in)
                                                         clk (net)
                      0.094648    0.000000    8.398779 ^ clkbuf_0_clk/A (sky130_fd_sc_hd__clkbuf_16)
     4    0.041259    0.060946    0.160100    8.558879 ^ clkbuf_0_clk/X (sky130_fd_sc_hd__clkbuf_16)
                                                         clknet_0_clk (net)
                      0.061089    0.002466    8.561346 ^ clkbuf_2_0__f_clk/A (sky130_fd_sc_hd__clkbuf_16)
    12    0.036252    0.056118    0.143734    8.705080 ^ clkbuf_2_0__f_clk/X (sky130_fd_sc_hd__clkbuf_16)
                                                         clknet_2_0__leaf_clk (net)
                      0.056864    0.004245    8.709324 ^ _679_/CLK (sky130_fd_sc_hd__dfrtp_1)
                                 -0.250000    8.459324   clock uncertainty
                                  0.000000    8.459324   clock reconvergence pessimism
                                  0.236482    8.695807   library recovery time
                                              8.695807   data required time
---------------------------------------------------------------------------------------------
                                              8.695807   data required time
                                             -2.397048   data arrival time
---------------------------------------------------------------------------------------------
                                              6.298758   slack (MET)


Startpoint: _669_ (rising edge-triggered flip-flop clocked by clk)
Endpoint: _662_ (rising edge-triggered flip-flop clocked by clk)
Path Group: clk
Path Type: max

Fanout         Cap        Slew       Delay        Time   Description
---------------------------------------------------------------------------------------------
                                  0.000000    0.000000   clock clk (rise edge)
                                  0.000000    0.000000   clock source latency
     1    0.019803    0.094597    0.065778    0.065778 ^ clk (in)
                                                         clk (net)
                      0.094648    0.000000    0.065778 ^ clkbuf_0_clk/A (sky130_fd_sc_hd__clkbuf_16)
     4    0.041259    0.060946    0.160101    0.225879 ^ clkbuf_0_clk/X (sky130_fd_sc_hd__clkbuf_16)
                                                         clknet_0_clk (net)
                      0.061089    0.002466    0.228345 ^ clkbuf_2_0__f_clk/A (sky130_fd_sc_hd__clkbuf_16)
    12    0.036252    0.056118    0.143734    0.372079 ^ clkbuf_2_0__f_clk/X (sky130_fd_sc_hd__clkbuf_16)
                                                         clknet_2_0__leaf_clk (net)
                      0.056734    0.003578    0.375657 ^ _669_/CLK (sky130_fd_sc_hd__dfrtp_1)
     3    0.013072    0.083819    0.408085    0.783742 v _669_/Q (sky130_fd_sc_hd__dfrtp_1)
                                                         a_reg[4] (net)
                      0.083823    0.000659    0.784401 v fanout51/A (sky130_fd_sc_hd__buf_2)
    10    0.037113    0.092803    0.201821    0.986221 v fanout51/X (sky130_fd_sc_hd__buf_2)
                                                         net51 (net)
                      0.092867    0.002226    0.988447 v _370_/C (sky130_fd_sc_hd__and4_1)
     3    0.007073    0.056581    0.226034    1.214481 v _370_/X (sky130_fd_sc_hd__and4_1)
                                                         _046_ (net)
                      0.056582    0.000327    1.214808 v _372_/B (sky130_fd_sc_hd__or3_1)
     2    0.006022    0.082794    0.367909    1.582717 v _372_/X (sky130_fd_sc_hd__or3_1)
                                                         _048_ (net)
                      0.082794    0.000333    1.583050 v _375_/A1 (sky130_fd_sc_hd__a21o_1)
     3    0.009259    0.059689    0.195161    1.778211 v _375_/X (sky130_fd_sc_hd__a21o_1)
                                                         _051_ (net)
                      0.059700    0.000797    1.779007 v _384_/A2 (sky130_fd_sc_hd__a21o_1)
     2    0.004662    0.040933    0.186296    1.965303 v _384_/X (sky130_fd_sc_hd__a21o_1)
                                                         _060_ (net)
                      0.040934    0.000290    1.965593 v _385_/C (sky130_fd_sc_hd__and3_1)
     4    0.015811    0.091646    0.228056    2.193650 v _385_/X (sky130_fd_sc_hd__and3_1)
                                                         _061_ (net)
                      0.091656    0.000967    2.194617 v _387_/B (sky130_fd_sc_hd__nor3b_2)
     3    0.008537    0.194305    0.223787    2.418404 ^ _387_/Y (sky130_fd_sc_hd__nor3b_2)
                                                         _063_ (net)
                      0.194305    0.000501    2.418905 ^ max_cap34/A (sky130_fd_sc_hd__clkbuf_1)
     2    0.006868    0.090011    0.144432    2.563337 ^ max_cap34/X (sky130_fd_sc_hd__clkbuf_1)
                                                         net34 (net)
                      0.090011    0.000407    2.563744 ^ _417_/A_N (sky130_fd_sc_hd__nand3b_2)
     5    0.015366    0.119522    0.166853    2.730597 ^ _417_/Y (sky130_fd_sc_hd__nand3b_2)
                                                         _093_ (net)
                      0.119529    0.000938    2.731535 ^ _418_/C (sky130_fd_sc_hd__nor3_1)
     2    0.004414    0.068417    0.066983    2.798518 v _418_/Y (sky130_fd_sc_hd__nor3_1)
                                                         _094_ (net)
                      0.068417    0.000160    2.798677 v _458_/B1 (sky130_fd_sc_hd__a41o_1)
     2    0.008563    0.064366    0.236535    3.035212 v _458_/X (sky130_fd_sc_hd__a41o_1)
                                                         _133_ (net)
                      0.064371    0.000608    3.035820 v _492_/A2 (sky130_fd_sc_hd__a21o_1)
     4    0.017522    0.093427    0.239338    3.275158 v _492_/X (sky130_fd_sc_hd__a21o_1)
                                                         _166_ (net)
                      0.093451    0.001432    3.276590 v _598_/A1 (sky130_fd_sc_hd__a211o_1)
     2    0.006393    0.064531    0.289517    3.566107 v _598_/X (sky130_fd_sc_hd__a211o_1)
                                                         _268_ (net)
                      0.064531    0.000302    3.566410 v _600_/C (sky130_fd_sc_hd__and4b_1)
     4    0.012990    0.082310    0.236456    3.802866 v _600_/X (sky130_fd_sc_hd__and4b_1)
                                                         _270_ (net)
                      0.082314    0.000647    3.803513 v _614_/B (sky130_fd_sc_hd__or4_1)
     1    0.002750    0.081467    0.503916    4.307429 v _614_/X (sky130_fd_sc_hd__or4_1)
                                                         _283_ (net)
                      0.081506    0.000191    4.307620 v _615_/B (sky130_fd_sc_hd__nand2_1)
     1    0.002329    0.044270    0.073905    4.381525 ^ _615_/Y (sky130_fd_sc_hd__nand2_1)
                                                         product_reg[13] (net)
                      0.044270    0.000168    4.381693 ^ _662_/D (sky130_fd_sc_hd__dfrtp_1)
                                              4.381693   data arrival time

                                  8.333000    8.333000   clock clk (rise edge)
                                  0.000000    8.333000   clock source latency
     1    0.019803    0.094597    0.065778    8.398779 ^ clk (in)
                                                         clk (net)
                      0.094648    0.000000    8.398779 ^ clkbuf_0_clk/A (sky130_fd_sc_hd__clkbuf_16)
     4    0.041259    0.060946    0.160100    8.558879 ^ clkbuf_0_clk/X (sky130_fd_sc_hd__clkbuf_16)
                                                         clknet_0_clk (net)
                      0.061083    0.002418    8.561296 ^ clkbuf_2_2__f_clk/A (sky130_fd_sc_hd__clkbuf_16)
     8    0.045939    0.065191    0.151027    8.712323 ^ clkbuf_2_2__f_clk/X (sky130_fd_sc_hd__clkbuf_16)
                                                         clknet_2_2__leaf_clk (net)
                      0.065508    0.003215    8.715539 ^ _662_/CLK (sky130_fd_sc_hd__dfrtp_1)
                                 -0.250000    8.465539   clock uncertainty
                                  0.000000    8.465539   clock reconvergence pessimism
                                 -0.056580    8.408958   library setup time
                                              8.408958   data required time
---------------------------------------------------------------------------------------------
                                              8.408958   data required time
                                             -4.381693   data arrival time
---------------------------------------------------------------------------------------------
                                              4.027265   slack (MET)




===========================================================================
report_checks --slack_max -0.01
============================================================================
======================= max_tt_025C_1v80 Corner ===================================

No paths found.


===========================================================================
 report_check_types -max_slew -max_cap -max_fanout -violators
============================================================================
======================= max_tt_025C_1v80 Corner ===================================

max fanout

Pin                                   Limit Fanout  Slack
---------------------------------------------------------
clkbuf_2_0__f_clk/X                      10     12     -2 (VIOLATED)



===========================================================================
report_parasitic_annotation -report_unannotated
============================================================================
Found 3 unannotated drivers.
 clkload0/Y
 clkload1/Y
 clkload2/Y
Found 0 partially unannotated drivers.

===========================================================================
max slew violation count 0
max fanout violation count 1
max cap violation count 0
============================================================================

===========================================================================
check_setup -verbose -unconstrained_endpoints -multiple_clock -no_clock -no_input_delay -loops -generated_clocks
===========================================================================
