
===========================================================================
report_checks -unconstrained
===========================================================================
======================= nom_tt_025C_1v80 Corner ===================================

Startpoint: rst (input port clocked by clk)
Endpoint: _802_ (recovery check against rising-edge clock clk)
Path Group: asynchronous
Path Type: max

Fanout         Cap        Slew       Delay        Time   Description
---------------------------------------------------------------------------------------------
                                  0.000000    0.000000   clock clk (rise edge)
                                  0.000000    0.000000   clock network delay (propagated)
                                  1.000000    1.000000 v input external delay
     1    0.002499    0.007937    0.003904    1.003904 v rst (in)
                                                         rst (net)
                      0.007937    0.000000    1.003904 v input17/A (sky130_fd_sc_hd__buf_1)
     3    0.013777    0.085360    0.120612    1.124516 v input17/X (sky130_fd_sc_hd__buf_1)
                                                         net17 (net)
                      0.085360    0.000075    1.124592 v fanout61/A (sky130_fd_sc_hd__clkbuf_4)
     7    0.035167    0.081062    0.202196    1.326788 v fanout61/X (sky130_fd_sc_hd__clkbuf_4)
                                                         net61 (net)
                      0.081067    0.000715    1.327503 v fanout60/A (sky130_fd_sc_hd__buf_4)
    10    0.051690    0.079215    0.202887    1.530390 v fanout60/X (sky130_fd_sc_hd__buf_4)
                                                         net60 (net)
                      0.079215    0.000010    1.530400 v _730_/A (sky130_fd_sc_hd__inv_2)
     1    0.003997    0.034362    0.057353    1.587753 ^ _730_/Y (sky130_fd_sc_hd__inv_2)
                                                         _090_ (net)
                      0.034362    0.000006    1.587759 ^ _802_/RESET_B (sky130_fd_sc_hd__dfrtp_1)
                                              1.587759   data arrival time

                                  5.000000    5.000000   clock clk (rise edge)
                                  0.000000    5.000000   clock source latency
     1    0.015783    0.076914    0.052575    5.052575 ^ clk (in)
                                                         clk (net)
                      0.076919    0.000000    5.052575 ^ clkbuf_0_clk/A (sky130_fd_sc_hd__clkbuf_16)
     8    0.073635    0.090779    0.178764    5.231339 ^ clkbuf_0_clk/X (sky130_fd_sc_hd__clkbuf_16)
                                                         clknet_0_clk (net)
                      0.090779    0.000195    5.231534 ^ clkbuf_3_4__f_clk/A (sky130_fd_sc_hd__clkbuf_16)
     8    0.029733    0.050898    0.151156    5.382690 ^ clkbuf_3_4__f_clk/X (sky130_fd_sc_hd__clkbuf_16)
                                                         clknet_3_4__leaf_clk (net)
                      0.050898    0.000062    5.382752 ^ _802_/CLK (sky130_fd_sc_hd__dfrtp_1)
                                 -0.250000    5.132751   clock uncertainty
                                  0.000000    5.132751   clock reconvergence pessimism
                                  0.234892    5.367644   library recovery time
                                              5.367644   data required time
---------------------------------------------------------------------------------------------
                                              5.367644   data required time
                                             -1.587759   data arrival time
---------------------------------------------------------------------------------------------
                                              3.779885   slack (MET)


Startpoint: _831_ (rising edge-triggered flip-flop clocked by clk)
Endpoint: _810_ (rising edge-triggered flip-flop clocked by clk)
Path Group: clk
Path Type: max

Fanout         Cap        Slew       Delay        Time   Description
---------------------------------------------------------------------------------------------
                                  0.000000    0.000000   clock clk (rise edge)
                                  0.000000    0.000000   clock source latency
     1    0.015783    0.076914    0.052575    0.052575 ^ clk (in)
                                                         clk (net)
                      0.076919    0.000000    0.052575 ^ clkbuf_0_clk/A (sky130_fd_sc_hd__clkbuf_16)
     8    0.073635    0.090779    0.178764    0.231339 ^ clkbuf_0_clk/X (sky130_fd_sc_hd__clkbuf_16)
                                                         clknet_0_clk (net)
                      0.090779    0.000291    0.231630 ^ clkbuf_3_0__f_clk/A (sky130_fd_sc_hd__clkbuf_16)
     7    0.034378    0.054909    0.154620    0.386250 ^ clkbuf_3_0__f_clk/X (sky130_fd_sc_hd__clkbuf_16)
                                                         clknet_3_0__leaf_clk (net)
                      0.054909    0.000137    0.386388 ^ _831_/CLK (sky130_fd_sc_hd__dfrtp_1)
     2    0.007558    0.061192    0.383181    0.769569 v _831_/Q (sky130_fd_sc_hd__dfrtp_1)
                                                         b_low[3] (net)
                      0.061192    0.000062    0.769630 v fanout41/A (sky130_fd_sc_hd__buf_1)
     6    0.013907    0.085864    0.143955    0.913585 v fanout41/X (sky130_fd_sc_hd__buf_1)
                                                         net41 (net)
                      0.085864    0.000014    0.913599 v _643_/A2 (sky130_fd_sc_hd__a22o_1)
     3    0.007069    0.061297    0.262875    1.176474 v _643_/X (sky130_fd_sc_hd__a22o_1)
                                                         _339_ (net)
                      0.061297    0.000012    1.176486 v _646_/B2 (sky130_fd_sc_hd__a22o_1)
     2    0.004770    0.050918    0.209300    1.385787 v _646_/X (sky130_fd_sc_hd__a22o_1)
                                                         _342_ (net)
                      0.050918    0.000000    1.385788 v _648_/A2 (sky130_fd_sc_hd__a21o_1)
     2    0.005216    0.044699    0.185531    1.571319 v _648_/X (sky130_fd_sc_hd__a21o_1)
                                                         _344_ (net)
                      0.044699    0.000014    1.571333 v _649_/C (sky130_fd_sc_hd__nand3b_1)
     3    0.007001    0.104331    0.105846    1.677178 ^ _649_/Y (sky130_fd_sc_hd__nand3b_1)
                                                         _345_ (net)
                      0.104331    0.000005    1.677183 ^ _651_/B (sky130_fd_sc_hd__and3_1)
     3    0.006111    0.080167    0.182974    1.860157 ^ _651_/X (sky130_fd_sc_hd__and3_1)
                                                         _347_ (net)
                      0.080167    0.000006    1.860164 ^ _669_/B1_N (sky130_fd_sc_hd__o21ba_1)
     3    0.010358    0.070030    0.181581    2.041745 v _669_/X (sky130_fd_sc_hd__o21ba_1)
                                                         _364_ (net)
                      0.070030    0.000034    2.041779 v _684_/A3 (sky130_fd_sc_hd__a31o_1)
     2    0.004164    0.044457    0.227436    2.269215 v _684_/X (sky130_fd_sc_hd__a31o_1)
                                                         _377_ (net)
                      0.044457    0.000008    2.269223 v _685_/B (sky130_fd_sc_hd__or2_1)
     2    0.004369    0.057110    0.211748    2.480972 v _685_/X (sky130_fd_sc_hd__or2_1)
                                                         _378_ (net)
                      0.057110    0.000006    2.480978 v _687_/A (sky130_fd_sc_hd__and2_1)
     1    0.002175    0.033236    0.133305    2.614282 v _687_/X (sky130_fd_sc_hd__and2_1)
                                                         _040_ (net)
                      0.033236    0.000002    2.614285 v _810_/D (sky130_fd_sc_hd__dfrtp_1)
                                              2.614285   data arrival time

                                  5.000000    5.000000   clock clk (rise edge)
                                  0.000000    5.000000   clock source latency
     1    0.015783    0.076914    0.052575    5.052575 ^ clk (in)
                                                         clk (net)
                      0.076919    0.000000    5.052575 ^ clkbuf_0_clk/A (sky130_fd_sc_hd__clkbuf_16)
     8    0.073635    0.090779    0.178764    5.231339 ^ clkbuf_0_clk/X (sky130_fd_sc_hd__clkbuf_16)
                                                         clknet_0_clk (net)
                      0.090779    0.000195    5.231534 ^ clkbuf_3_4__f_clk/A (sky130_fd_sc_hd__clkbuf_16)
     8    0.029733    0.050898    0.151156    5.382690 ^ clkbuf_3_4__f_clk/X (sky130_fd_sc_hd__clkbuf_16)
                                                         clknet_3_4__leaf_clk (net)
                      0.050898    0.000111    5.382801 ^ _810_/CLK (sky130_fd_sc_hd__dfrtp_1)
                                 -0.250000    5.132801   clock uncertainty
                                  0.000000    5.132801   clock reconvergence pessimism
                                 -0.107793    5.025008   library setup time
                                              5.025008   data required time
---------------------------------------------------------------------------------------------
                                              5.025008   data required time
                                             -2.614285   data arrival time
---------------------------------------------------------------------------------------------
                                              2.410724   slack (MET)




===========================================================================
report_checks --slack_max -0.01
============================================================================
======================= nom_tt_025C_1v80 Corner ===================================

No paths found.


===========================================================================
 report_check_types -max_slew -max_cap -max_fanout -violators
============================================================================
======================= nom_tt_025C_1v80 Corner ===================================

max fanout

Pin                                   Limit Fanout  Slack
---------------------------------------------------------
clkbuf_3_7__f_clk/X                      10     13     -3 (VIOLATED)
clkbuf_3_2__f_clk/X                      10     12     -2 (VIOLATED)
clkbuf_3_6__f_clk/X                      10     11        (VIOLATED)



===========================================================================
report_parasitic_annotation -report_unannotated
============================================================================
Found 7 unannotated drivers.
 clkload0/Y
 clkload1/Y
 clkload2/X
 clkload3/Y
 clkload4/Y
 clkload5/Y
 clkload6/Y
Found 0 partially unannotated drivers.

===========================================================================
max slew violation count 0
Writing metric design__max_slew_violation__count__corner:nom_tt_025C_1v80: 0
max fanout violation count 3
Writing metric design__max_fanout_violation__count__corner:nom_tt_025C_1v80: 3
max cap violation count 0
Writing metric design__max_cap_violation__count__corner:nom_tt_025C_1v80: 0
============================================================================

===========================================================================
check_setup -verbose -unconstrained_endpoints -multiple_clock -no_clock -no_input_delay -loops -generated_clocks
===========================================================================
