Clock: clk
Sources: clk 
Generated: no
Virtual: yes
Propagated: no
Period: 5.000000

===========================================================================
report_clock_properties
============================================================================
Clock                   Period          Waveform
----------------------------------------------------
clk                   5.000000    0.000000  2.500000

===========================================================================
report_clock_latency
============================================================================
Clock clk
rise -> rise
    min     max
0.000000 0.000000 source latency
0.382697         network latency _807_/CLK
        0.386388 network latency _831_/CLK
---------------
0.382697 0.386388 latency
        0.003691 skew

fall -> fall
    min     max
0.000000 0.000000 source latency
0.354092         network latency _807_/CLK
        0.357163 network latency _831_/CLK
---------------
0.354092 0.357163 latency
        0.003071 skew



===========================================================================
report_clock_min_period
============================================================================
clk period_min = 2.59 fmax = 386.21
