Clock: clk
Sources: clk 
Generated: no
Virtual: yes
Propagated: no
Period: 25.000000

===========================================================================
report_clock_properties
============================================================================
Clock                   Period          Waveform
----------------------------------------------------
clk                  25.000000    0.000000 12.500000

===========================================================================
report_clock_latency
============================================================================
Clock clk
rise -> rise
    min     max
0.000000 0.000000 source latency
0.239299         network latency _673_/CLK
        0.242165 network latency _661_/CLK
---------------
0.239299 0.242165 latency
        0.002866 skew

fall -> fall
    min     max
0.000000 0.000000 source latency
0.306359         network latency _673_/CLK
        0.308463 network latency _661_/CLK
---------------
0.306359 0.308463 latency
        0.002104 skew



===========================================================================
report_clock_min_period
============================================================================
clk period_min = 2.87 fmax = 347.94
