
===========================================================================
report_checks -path_delay min (Hold)
============================================================================
======================= min_ff_n40C_1v95 Corner ===================================

Startpoint: _673_ (rising edge-triggered flip-flop clocked by clk)
Endpoint: _681_ (rising edge-triggered flip-flop clocked by clk)
Path Group: clk
Path Type: min

Fanout         Cap        Slew       Delay        Time   Description
---------------------------------------------------------------------------------------------
                                  0.000000    0.000000   clock clk (rise edge)
                                  0.000000    0.000000   clock source latency
     1    0.018663    0.250000    0.000000    0.000000 ^ clk (in)
                                                         clk (net)
                      0.251284    0.000642    0.000642 ^ clkbuf_0_clk/A (sky130_fd_sc_hd__clkbuf_16)
     4    0.039436    0.049379    0.139187    0.139829 ^ clkbuf_0_clk/X (sky130_fd_sc_hd__clkbuf_16)
                                                         clknet_0_clk (net)
                      0.049381    0.000547    0.140376 ^ clkbuf_2_0__f_clk/A (sky130_fd_sc_hd__clkbuf_16)
    12    0.033278    0.040487    0.098350    0.238726 ^ clkbuf_2_0__f_clk/X (sky130_fd_sc_hd__clkbuf_16)
                                                         clknet_2_0__leaf_clk (net)
                      0.040490    0.000574    0.239299 ^ _673_/CLK (sky130_fd_sc_hd__dfrtp_1)
     5    0.014954    0.105105    0.257620    0.496920 ^ _673_/Q (sky130_fd_sc_hd__dfrtp_1)
                                                         b_reg[0] (net)
                      0.105105    0.000192    0.497111 ^ _322_/A (sky130_fd_sc_hd__and2_1)
     2    0.004434    0.043959    0.092339    0.589451 ^ _322_/X (sky130_fd_sc_hd__and2_1)
                                                         product_reg[0] (net)
                      0.043959    0.000024    0.589475 ^ _681_/D (sky130_fd_sc_hd__dfrtp_1)
                                              0.589475   data arrival time

                                  0.000000    0.000000   clock clk (rise edge)
                                  0.000000    0.000000   clock source latency
     1    0.018663    0.250000    0.000000    0.000000 ^ clk (in)
                                                         clk (net)
                      0.251284    0.000642    0.000642 ^ clkbuf_0_clk/A (sky130_fd_sc_hd__clkbuf_16)
     4    0.039436    0.049379    0.139187    0.139829 ^ clkbuf_0_clk/X (sky130_fd_sc_hd__clkbuf_16)
                                                         clknet_0_clk (net)
                      0.049381    0.000462    0.140291 ^ clkbuf_2_1__f_clk/A (sky130_fd_sc_hd__clkbuf_16)
     8    0.034012    0.040994    0.098929    0.239220 ^ clkbuf_2_1__f_clk/X (sky130_fd_sc_hd__clkbuf_16)
                                                         clknet_2_1__leaf_clk (net)
                      0.040998    0.000693    0.239913 ^ _681_/CLK (sky130_fd_sc_hd__dfrtp_1)
                                  0.125000    0.364913   clock uncertainty
                                  0.000000    0.364913   clock reconvergence pessimism
                                 -0.020505    0.344408   library hold time
                                              0.344408   data required time
---------------------------------------------------------------------------------------------
                                              0.344408   data required time
                                             -0.589475   data arrival time
---------------------------------------------------------------------------------------------
                                              0.245068   slack (MET)


Startpoint: _673_ (rising edge-triggered flip-flop clocked by clk)
Endpoint: _682_ (rising edge-triggered flip-flop clocked by clk)
Path Group: clk
Path Type: min

Fanout         Cap        Slew       Delay        Time   Description
---------------------------------------------------------------------------------------------
                                  0.000000    0.000000   clock clk (rise edge)
                                  0.000000    0.000000   clock source latency
     1    0.018663    0.250000    0.000000    0.000000 ^ clk (in)
                                                         clk (net)
                      0.251284    0.000642    0.000642 ^ clkbuf_0_clk/A (sky130_fd_sc_hd__clkbuf_16)
     4    0.039436    0.049379    0.139187    0.139829 ^ clkbuf_0_clk/X (sky130_fd_sc_hd__clkbuf_16)
                                                         clknet_0_clk (net)
                      0.049381    0.000547    0.140376 ^ clkbuf_2_0__f_clk/A (sky130_fd_sc_hd__clkbuf_16)
    12    0.033278    0.040487    0.098350    0.238726 ^ clkbuf_2_0__f_clk/X (sky130_fd_sc_hd__clkbuf_16)
                                                         clknet_2_0__leaf_clk (net)
                      0.040490    0.000574    0.239299 ^ _673_/CLK (sky130_fd_sc_hd__dfrtp_1)
     5    0.014954    0.105105    0.257620    0.496920 ^ _673_/Q (sky130_fd_sc_hd__dfrtp_1)
                                                         b_reg[0] (net)
                      0.105105    0.000224    0.497144 ^ _323_/A1 (sky130_fd_sc_hd__a22oi_1)
     1    0.002553    0.039773    0.049123    0.546267 v _323_/Y (sky130_fd_sc_hd__a22oi_1)
                                                         _292_ (net)
                      0.039773    0.000012    0.546279 v _325_/A (sky130_fd_sc_hd__nor2_1)
     1    0.002696    0.052098    0.066974    0.613253 ^ _325_/Y (sky130_fd_sc_hd__nor2_1)
                                                         product_reg[1] (net)
                      0.052098    0.000025    0.613278 ^ _682_/D (sky130_fd_sc_hd__dfrtp_1)
                                              0.613278   data arrival time

                                  0.000000    0.000000   clock clk (rise edge)
                                  0.000000    0.000000   clock source latency
     1    0.018663    0.250000    0.000000    0.000000 ^ clk (in)
                                                         clk (net)
                      0.251284    0.000642    0.000642 ^ clkbuf_0_clk/A (sky130_fd_sc_hd__clkbuf_16)
     4    0.039436    0.049379    0.139187    0.139829 ^ clkbuf_0_clk/X (sky130_fd_sc_hd__clkbuf_16)
                                                         clknet_0_clk (net)
                      0.049381    0.000462    0.140291 ^ clkbuf_2_1__f_clk/A (sky130_fd_sc_hd__clkbuf_16)
     8    0.034012    0.040994    0.098929    0.239220 ^ clkbuf_2_1__f_clk/X (sky130_fd_sc_hd__clkbuf_16)
                                                         clknet_2_1__leaf_clk (net)
                      0.040999    0.000805    0.240025 ^ _682_/CLK (sky130_fd_sc_hd__dfrtp_1)
                                  0.125000    0.365025   clock uncertainty
                                  0.000000    0.365025   clock reconvergence pessimism
                                 -0.021120    0.343905   library hold time
                                              0.343905   data required time
---------------------------------------------------------------------------------------------
                                              0.343905   data required time
                                             -0.613278   data arrival time
---------------------------------------------------------------------------------------------
                                              0.269373   slack (MET)


Startpoint: _672_ (rising edge-triggered flip-flop clocked by clk)
Endpoint: _664_ (rising edge-triggered flip-flop clocked by clk)
Path Group: clk
Path Type: min

Fanout         Cap        Slew       Delay        Time   Description
---------------------------------------------------------------------------------------------
                                  0.000000    0.000000   clock clk (rise edge)
                                  0.000000    0.000000   clock source latency
     1    0.018663    0.250000    0.000000    0.000000 ^ clk (in)
                                                         clk (net)
                      0.251284    0.000642    0.000642 ^ clkbuf_0_clk/A (sky130_fd_sc_hd__clkbuf_16)
     4    0.039436    0.049379    0.139187    0.139829 ^ clkbuf_0_clk/X (sky130_fd_sc_hd__clkbuf_16)
                                                         clknet_0_clk (net)
                      0.049381    0.000547    0.140376 ^ clkbuf_2_0__f_clk/A (sky130_fd_sc_hd__clkbuf_16)
    12    0.033278    0.040487    0.098350    0.238726 ^ clkbuf_2_0__f_clk/X (sky130_fd_sc_hd__clkbuf_16)
                                                         clknet_2_0__leaf_clk (net)
                      0.040516    0.001344    0.240069 ^ _672_/CLK (sky130_fd_sc_hd__dfrtp_1)
     2    0.012772    0.091272    0.247789    0.487858 ^ _672_/Q (sky130_fd_sc_hd__dfrtp_1)
                                                         a_reg[7] (net)
                      0.091272    0.000110    0.487968 ^ fanout46/A (sky130_fd_sc_hd__buf_1)
     5    0.015193    0.136876    0.131842    0.619810 ^ fanout46/X (sky130_fd_sc_hd__buf_1)
                                                         net46 (net)
                      0.136876    0.000109    0.619919 ^ _623_/C1 (sky130_fd_sc_hd__o311a_1)
     1    0.002689    0.031022    0.079608    0.699527 ^ _623_/X (sky130_fd_sc_hd__o311a_1)
                                                         _290_ (net)
                      0.031022    0.000035    0.699562 ^ _624_/B (sky130_fd_sc_hd__or2_1)
     1    0.002300    0.025661    0.055163    0.754724 ^ _624_/X (sky130_fd_sc_hd__or2_1)
                                                         product_reg[15] (net)
                      0.025661    0.000019    0.754744 ^ _664_/D (sky130_fd_sc_hd__dfrtp_1)
                                              0.754744   data arrival time

                                  0.000000    0.000000   clock clk (rise edge)
                                  0.000000    0.000000   clock source latency
     1    0.018663    0.250000    0.000000    0.000000 ^ clk (in)
                                                         clk (net)
                      0.251284    0.000642    0.000642 ^ clkbuf_0_clk/A (sky130_fd_sc_hd__clkbuf_16)
     4    0.039436    0.049379    0.139187    0.139829 ^ clkbuf_0_clk/X (sky130_fd_sc_hd__clkbuf_16)
                                                         clknet_0_clk (net)
                      0.049381    0.000558    0.140387 ^ clkbuf_2_2__f_clk/A (sky130_fd_sc_hd__clkbuf_16)
     7    0.037318    0.043245    0.100747    0.241134 ^ clkbuf_2_2__f_clk/X (sky130_fd_sc_hd__clkbuf_16)
                                                         clknet_2_2__leaf_clk (net)
                      0.043277    0.000847    0.241981 ^ _664_/CLK (sky130_fd_sc_hd__dfrtp_1)
                                  0.125000    0.366981   clock uncertainty
                                  0.000000    0.366981   clock reconvergence pessimism
                                 -0.019064    0.347917   library hold time
                                              0.347917   data required time
---------------------------------------------------------------------------------------------
                                              0.347917   data required time
                                             -0.754744   data arrival time
---------------------------------------------------------------------------------------------
                                              0.406827   slack (MET)


Startpoint: _675_ (rising edge-triggered flip-flop clocked by clk)
Endpoint: _683_ (rising edge-triggered flip-flop clocked by clk)
Path Group: clk
Path Type: min

Fanout         Cap        Slew       Delay        Time   Description
---------------------------------------------------------------------------------------------
                                  0.000000    0.000000   clock clk (rise edge)
                                  0.000000    0.000000   clock source latency
     1    0.018663    0.250000    0.000000    0.000000 ^ clk (in)
                                                         clk (net)
                      0.251284    0.000642    0.000642 ^ clkbuf_0_clk/A (sky130_fd_sc_hd__clkbuf_16)
     4    0.039436    0.049379    0.139187    0.139829 ^ clkbuf_0_clk/X (sky130_fd_sc_hd__clkbuf_16)
                                                         clknet_0_clk (net)
                      0.049381    0.000547    0.140376 ^ clkbuf_2_0__f_clk/A (sky130_fd_sc_hd__clkbuf_16)
    12    0.033278    0.040487    0.098350    0.238726 ^ clkbuf_2_0__f_clk/X (sky130_fd_sc_hd__clkbuf_16)
                                                         clknet_2_0__leaf_clk (net)
                      0.040491    0.000745    0.239470 ^ _675_/CLK (sky130_fd_sc_hd__dfrtp_4)
    10    0.039994    0.099827    0.306813    0.546283 ^ _675_/Q (sky130_fd_sc_hd__dfrtp_4)
                                                         b_reg[2] (net)
                      0.099836    0.001030    0.547313 ^ _326_/B (sky130_fd_sc_hd__nand2_1)
     1    0.004867    0.036857    0.045069    0.592382 v _326_/Y (sky130_fd_sc_hd__nand2_1)
                                                         _294_ (net)
                      0.036857    0.000028    0.592409 v _330_/A (sky130_fd_sc_hd__xnor2_1)
     2    0.004545    0.028482    0.085502    0.677911 v _330_/Y (sky130_fd_sc_hd__xnor2_1)
                                                         _298_ (net)
                      0.028482    0.000030    0.677941 v _331_/B (sky130_fd_sc_hd__nand2_1)
     3    0.007121    0.055592    0.061764    0.739705 ^ _331_/Y (sky130_fd_sc_hd__nand2_1)
                                                         _299_ (net)
                      0.055592    0.000043    0.739748 ^ _333_/A (sky130_fd_sc_hd__and2_1)
     1    0.002382    0.029919    0.072396    0.812144 ^ _333_/X (sky130_fd_sc_hd__and2_1)
                                                         product_reg[2] (net)
                      0.029919    0.000021    0.812165 ^ _683_/D (sky130_fd_sc_hd__dfrtp_1)
                                              0.812165   data arrival time

                                  0.000000    0.000000   clock clk (rise edge)
                                  0.000000    0.000000   clock source latency
     1    0.018663    0.250000    0.000000    0.000000 ^ clk (in)
                                                         clk (net)
                      0.251284    0.000642    0.000642 ^ clkbuf_0_clk/A (sky130_fd_sc_hd__clkbuf_16)
     4    0.039436    0.049379    0.139187    0.139829 ^ clkbuf_0_clk/X (sky130_fd_sc_hd__clkbuf_16)
                                                         clknet_0_clk (net)
                      0.049381    0.000462    0.140291 ^ clkbuf_2_1__f_clk/A (sky130_fd_sc_hd__clkbuf_16)
     8    0.034012    0.040994    0.098929    0.239220 ^ clkbuf_2_1__f_clk/X (sky130_fd_sc_hd__clkbuf_16)
                                                         clknet_2_1__leaf_clk (net)
                      0.041004    0.000956    0.240175 ^ _683_/CLK (sky130_fd_sc_hd__dfrtp_1)
                                  0.125000    0.365175   clock uncertainty
                                  0.000000    0.365175   clock reconvergence pessimism
                                 -0.019445    0.345730   library hold time
                                              0.345730   data required time
---------------------------------------------------------------------------------------------
                                              0.345730   data required time
                                             -0.812165   data arrival time
---------------------------------------------------------------------------------------------
                                              0.466435   slack (MET)


Startpoint: _675_ (rising edge-triggered flip-flop clocked by clk)
Endpoint: _684_ (rising edge-triggered flip-flop clocked by clk)
Path Group: clk
Path Type: min

Fanout         Cap        Slew       Delay        Time   Description
---------------------------------------------------------------------------------------------
                                  0.000000    0.000000   clock clk (rise edge)
                                  0.000000    0.000000   clock source latency
     1    0.018663    0.250000    0.000000    0.000000 ^ clk (in)
                                                         clk (net)
                      0.251284    0.000642    0.000642 ^ clkbuf_0_clk/A (sky130_fd_sc_hd__clkbuf_16)
     4    0.039436    0.049379    0.139187    0.139829 ^ clkbuf_0_clk/X (sky130_fd_sc_hd__clkbuf_16)
                                                         clknet_0_clk (net)
                      0.049381    0.000547    0.140376 ^ clkbuf_2_0__f_clk/A (sky130_fd_sc_hd__clkbuf_16)
    12    0.033278    0.040487    0.098350    0.238726 ^ clkbuf_2_0__f_clk/X (sky130_fd_sc_hd__clkbuf_16)
                                                         clknet_2_0__leaf_clk (net)
                      0.040491    0.000745    0.239470 ^ _675_/CLK (sky130_fd_sc_hd__dfrtp_4)
    10    0.039994    0.099827    0.306813    0.546283 ^ _675_/Q (sky130_fd_sc_hd__dfrtp_4)
                                                         b_reg[2] (net)
                      0.099836    0.001030    0.547313 ^ _326_/B (sky130_fd_sc_hd__nand2_1)
     1    0.004867    0.036857    0.045069    0.592382 v _326_/Y (sky130_fd_sc_hd__nand2_1)
                                                         _294_ (net)
                      0.036857    0.000028    0.592409 v _330_/A (sky130_fd_sc_hd__xnor2_1)
     2    0.004545    0.028482    0.085502    0.677911 v _330_/Y (sky130_fd_sc_hd__xnor2_1)
                                                         _298_ (net)
                      0.028482    0.000030    0.677941 v _331_/B (sky130_fd_sc_hd__nand2_1)
     3    0.007121    0.055592    0.061764    0.739705 ^ _331_/Y (sky130_fd_sc_hd__nand2_1)
                                                         _299_ (net)
                      0.055592    0.000086    0.739791 ^ _346_/A (sky130_fd_sc_hd__and2_1)
     1    0.002972    0.033609    0.075568    0.815359 ^ _346_/X (sky130_fd_sc_hd__and2_1)
                                                         _313_ (net)
                      0.033609    0.000027    0.815386 ^ _347_/B (sky130_fd_sc_hd__nor2_1)
     1    0.002398    0.015112    0.020284    0.835670 v _347_/Y (sky130_fd_sc_hd__nor2_1)
                                                         product_reg[3] (net)
                      0.015112    0.000021    0.835691 v _684_/D (sky130_fd_sc_hd__dfrtp_1)
                                              0.835691   data arrival time

                                  0.000000    0.000000   clock clk (rise edge)
                                  0.000000    0.000000   clock source latency
     1    0.018663    0.250000    0.000000    0.000000 ^ clk (in)
                                                         clk (net)
                      0.251284    0.000642    0.000642 ^ clkbuf_0_clk/A (sky130_fd_sc_hd__clkbuf_16)
     4    0.039436    0.049379    0.139187    0.139829 ^ clkbuf_0_clk/X (sky130_fd_sc_hd__clkbuf_16)
                                                         clknet_0_clk (net)
                      0.049381    0.000462    0.140291 ^ clkbuf_2_1__f_clk/A (sky130_fd_sc_hd__clkbuf_16)
     8    0.034012    0.040994    0.098929    0.239220 ^ clkbuf_2_1__f_clk/X (sky130_fd_sc_hd__clkbuf_16)
                                                         clknet_2_1__leaf_clk (net)
                      0.041006    0.001002    0.240221 ^ _684_/CLK (sky130_fd_sc_hd__dfrtp_1)
                                  0.125000    0.365221   clock uncertainty
                                  0.000000    0.365221   clock reconvergence pessimism
                                 -0.025908    0.339313   library hold time
                                              0.339313   data required time
---------------------------------------------------------------------------------------------
                                              0.339313   data required time
                                             -0.835691   data arrival time
---------------------------------------------------------------------------------------------
                                              0.496378   slack (MET)


Startpoint: _675_ (rising edge-triggered flip-flop clocked by clk)
Endpoint: _685_ (rising edge-triggered flip-flop clocked by clk)
Path Group: clk
Path Type: min

Fanout         Cap        Slew       Delay        Time   Description
---------------------------------------------------------------------------------------------
                                  0.000000    0.000000   clock clk (rise edge)
                                  0.000000    0.000000   clock source latency
     1    0.018663    0.250000    0.000000    0.000000 ^ clk (in)
                                                         clk (net)
                      0.251284    0.000642    0.000642 ^ clkbuf_0_clk/A (sky130_fd_sc_hd__clkbuf_16)
     4    0.039436    0.049379    0.139187    0.139829 ^ clkbuf_0_clk/X (sky130_fd_sc_hd__clkbuf_16)
                                                         clknet_0_clk (net)
                      0.049381    0.000547    0.140376 ^ clkbuf_2_0__f_clk/A (sky130_fd_sc_hd__clkbuf_16)
    12    0.033278    0.040487    0.098350    0.238726 ^ clkbuf_2_0__f_clk/X (sky130_fd_sc_hd__clkbuf_16)
                                                         clknet_2_0__leaf_clk (net)
                      0.040491    0.000745    0.239470 ^ _675_/CLK (sky130_fd_sc_hd__dfrtp_4)
    10    0.039994    0.099827    0.306813    0.546283 ^ _675_/Q (sky130_fd_sc_hd__dfrtp_4)
                                                         b_reg[2] (net)
                      0.099836    0.001030    0.547313 ^ _326_/B (sky130_fd_sc_hd__nand2_1)
     1    0.004867    0.036857    0.045069    0.592382 v _326_/Y (sky130_fd_sc_hd__nand2_1)
                                                         _294_ (net)
                      0.036857    0.000028    0.592409 v _330_/A (sky130_fd_sc_hd__xnor2_1)
     2    0.004545    0.028482    0.085502    0.677911 v _330_/Y (sky130_fd_sc_hd__xnor2_1)
                                                         _298_ (net)
                      0.028482    0.000030    0.677941 v _331_/B (sky130_fd_sc_hd__nand2_1)
     3    0.007121    0.055592    0.061764    0.739705 ^ _331_/Y (sky130_fd_sc_hd__nand2_1)
                                                         _299_ (net)
                      0.055592    0.000076    0.739782 ^ _345_/A (sky130_fd_sc_hd__nor2_1)
     3    0.007985    0.030099    0.043373    0.783155 v _345_/Y (sky130_fd_sc_hd__nor2_1)
                                                         _312_ (net)
                      0.030099    0.000083    0.783238 v _365_/A (sky130_fd_sc_hd__nor2_1)
     1    0.003358    0.059451    0.069469    0.852707 ^ _365_/Y (sky130_fd_sc_hd__nor2_1)
                                                         _042_ (net)
                      0.059451    0.000038    0.852745 ^ _366_/B (sky130_fd_sc_hd__nor2_1)
     1    0.002383    0.020529    0.022960    0.875705 v _366_/Y (sky130_fd_sc_hd__nor2_1)
                                                         product_reg[4] (net)
                      0.020529    0.000021    0.875725 v _685_/D (sky130_fd_sc_hd__dfrtp_1)
                                              0.875725   data arrival time

                                  0.000000    0.000000   clock clk (rise edge)
                                  0.000000    0.000000   clock source latency
     1    0.018663    0.250000    0.000000    0.000000 ^ clk (in)
                                                         clk (net)
                      0.251284    0.000642    0.000642 ^ clkbuf_0_clk/A (sky130_fd_sc_hd__clkbuf_16)
     4    0.039436    0.049379    0.139187    0.139829 ^ clkbuf_0_clk/X (sky130_fd_sc_hd__clkbuf_16)
                                                         clknet_0_clk (net)
                      0.049381    0.000462    0.140291 ^ clkbuf_2_1__f_clk/A (sky130_fd_sc_hd__clkbuf_16)
     8    0.034012    0.040994    0.098929    0.239220 ^ clkbuf_2_1__f_clk/X (sky130_fd_sc_hd__clkbuf_16)
                                                         clknet_2_1__leaf_clk (net)
                      0.041007    0.001020    0.240240 ^ _685_/CLK (sky130_fd_sc_hd__dfrtp_1)
                                  0.125000    0.365240   clock uncertainty
                                  0.000000    0.365240   clock reconvergence pessimism
                                 -0.027669    0.337571   library hold time
                                              0.337571   data required time
---------------------------------------------------------------------------------------------
                                              0.337571   data required time
                                             -0.875725   data arrival time
---------------------------------------------------------------------------------------------
                                              0.538155   slack (MET)


Startpoint: _672_ (rising edge-triggered flip-flop clocked by clk)
Endpoint: _663_ (rising edge-triggered flip-flop clocked by clk)
Path Group: clk
Path Type: min

Fanout         Cap        Slew       Delay        Time   Description
---------------------------------------------------------------------------------------------
                                  0.000000    0.000000   clock clk (rise edge)
                                  0.000000    0.000000   clock source latency
     1    0.018663    0.250000    0.000000    0.000000 ^ clk (in)
                                                         clk (net)
                      0.251284    0.000642    0.000642 ^ clkbuf_0_clk/A (sky130_fd_sc_hd__clkbuf_16)
     4    0.039436    0.049379    0.139187    0.139829 ^ clkbuf_0_clk/X (sky130_fd_sc_hd__clkbuf_16)
                                                         clknet_0_clk (net)
                      0.049381    0.000547    0.140376 ^ clkbuf_2_0__f_clk/A (sky130_fd_sc_hd__clkbuf_16)
    12    0.033278    0.040487    0.098350    0.238726 ^ clkbuf_2_0__f_clk/X (sky130_fd_sc_hd__clkbuf_16)
                                                         clknet_2_0__leaf_clk (net)
                      0.040516    0.001344    0.240069 ^ _672_/CLK (sky130_fd_sc_hd__dfrtp_1)
     2    0.012772    0.091272    0.247789    0.487858 ^ _672_/Q (sky130_fd_sc_hd__dfrtp_1)
                                                         a_reg[7] (net)
                      0.091272    0.000110    0.487968 ^ fanout46/A (sky130_fd_sc_hd__buf_1)
     5    0.015193    0.136876    0.131842    0.619810 ^ fanout46/X (sky130_fd_sc_hd__buf_1)
                                                         net46 (net)
                      0.136876    0.000111    0.619921 ^ _616_/A (sky130_fd_sc_hd__and3_1)
     1    0.006866    0.061034    0.124336    0.744257 ^ _616_/X (sky130_fd_sc_hd__and3_1)
                                                         _284_ (net)
                      0.061034    0.000124    0.744382 ^ _618_/A (sky130_fd_sc_hd__xnor2_1)
     2    0.008572    0.046166    0.064389    0.808770 v _618_/Y (sky130_fd_sc_hd__xnor2_1)
                                                         _286_ (net)
                      0.046166    0.000110    0.808881 v _622_/A (sky130_fd_sc_hd__xnor2_1)
     1    0.002522    0.022612    0.081788    0.890669 v _622_/Y (sky130_fd_sc_hd__xnor2_1)
                                                         product_reg[14] (net)
                      0.022612    0.000024    0.890692 v _663_/D (sky130_fd_sc_hd__dfrtp_1)
                                              0.890692   data arrival time

                                  0.000000    0.000000   clock clk (rise edge)
                                  0.000000    0.000000   clock source latency
     1    0.018663    0.250000    0.000000    0.000000 ^ clk (in)
                                                         clk (net)
                      0.251284    0.000642    0.000642 ^ clkbuf_0_clk/A (sky130_fd_sc_hd__clkbuf_16)
     4    0.039436    0.049379    0.139187    0.139829 ^ clkbuf_0_clk/X (sky130_fd_sc_hd__clkbuf_16)
                                                         clknet_0_clk (net)
                      0.049381    0.000558    0.140387 ^ clkbuf_2_2__f_clk/A (sky130_fd_sc_hd__clkbuf_16)
     7    0.037318    0.043245    0.100747    0.241134 ^ clkbuf_2_2__f_clk/X (sky130_fd_sc_hd__clkbuf_16)
                                                         clknet_2_2__leaf_clk (net)
                      0.043286    0.000991    0.242125 ^ _663_/CLK (sky130_fd_sc_hd__dfrtp_1)
                                  0.125000    0.367125   clock uncertainty
                                  0.000000    0.367125   clock reconvergence pessimism
                                 -0.028122    0.339003   library hold time
                                              0.339003   data required time
---------------------------------------------------------------------------------------------
                                              0.339003   data required time
                                             -0.890692   data arrival time
---------------------------------------------------------------------------------------------
                                              0.551689   slack (MET)


Startpoint: _669_ (rising edge-triggered flip-flop clocked by clk)
Endpoint: _662_ (rising edge-triggered flip-flop clocked by clk)
Path Group: clk
Path Type: min

Fanout         Cap        Slew       Delay        Time   Description
---------------------------------------------------------------------------------------------
                                  0.000000    0.000000   clock clk (rise edge)
                                  0.000000    0.000000   clock source latency
     1    0.018663    0.250000    0.000000    0.000000 ^ clk (in)
                                                         clk (net)
                      0.251284    0.000642    0.000642 ^ clkbuf_0_clk/A (sky130_fd_sc_hd__clkbuf_16)
     4    0.039436    0.049379    0.139187    0.139829 ^ clkbuf_0_clk/X (sky130_fd_sc_hd__clkbuf_16)
                                                         clknet_0_clk (net)
                      0.049381    0.000547    0.140376 ^ clkbuf_2_0__f_clk/A (sky130_fd_sc_hd__clkbuf_16)
    12    0.033278    0.040487    0.098350    0.238726 ^ clkbuf_2_0__f_clk/X (sky130_fd_sc_hd__clkbuf_16)
                                                         clknet_2_0__leaf_clk (net)
                      0.040503    0.001167    0.239893 ^ _669_/CLK (sky130_fd_sc_hd__dfrtp_1)
     3    0.011598    0.083877    0.242345    0.482238 ^ _669_/Q (sky130_fd_sc_hd__dfrtp_1)
                                                         a_reg[4] (net)
                      0.083878    0.000380    0.482618 ^ _563_/A (sky130_fd_sc_hd__and2_1)
     2    0.005325    0.049424    0.092877    0.575495 ^ _563_/X (sky130_fd_sc_hd__and2_1)
                                                         _234_ (net)
                      0.049424    0.000025    0.575520 ^ _565_/B (sky130_fd_sc_hd__and2_1)
     3    0.009827    0.079386    0.111409    0.686929 ^ _565_/X (sky130_fd_sc_hd__and2_1)
                                                         _236_ (net)
                      0.079386    0.000131    0.687060 ^ _589_/A2 (sky130_fd_sc_hd__o21a_1)
     3    0.008491    0.065673    0.097804    0.784863 ^ _589_/X (sky130_fd_sc_hd__o21a_1)
                                                         _259_ (net)
                      0.065673    0.000116    0.784980 ^ _612_/A2 (sky130_fd_sc_hd__o21a_1)
     3    0.008181    0.063479    0.094687    0.879666 ^ _612_/X (sky130_fd_sc_hd__o21a_1)
                                                         _281_ (net)
                      0.063479    0.000114    0.879780 ^ _613_/B2 (sky130_fd_sc_hd__o22ai_1)
     1    0.002609    0.024098    0.028233    0.908013 v _613_/Y (sky130_fd_sc_hd__o22ai_1)
                                                         _282_ (net)
                      0.024098    0.000013    0.908026 v _615_/A (sky130_fd_sc_hd__nand2_1)
     1    0.003052    0.028682    0.035490    0.943516 ^ _615_/Y (sky130_fd_sc_hd__nand2_1)
                                                         product_reg[13] (net)
                      0.028682    0.000036    0.943552 ^ _662_/D (sky130_fd_sc_hd__dfrtp_1)
                                              0.943552   data arrival time

                                  0.000000    0.000000   clock clk (rise edge)
                                  0.000000    0.000000   clock source latency
     1    0.018663    0.250000    0.000000    0.000000 ^ clk (in)
                                                         clk (net)
                      0.251284    0.000642    0.000642 ^ clkbuf_0_clk/A (sky130_fd_sc_hd__clkbuf_16)
     4    0.039436    0.049379    0.139187    0.139829 ^ clkbuf_0_clk/X (sky130_fd_sc_hd__clkbuf_16)
                                                         clknet_0_clk (net)
                      0.049381    0.000558    0.140387 ^ clkbuf_2_2__f_clk/A (sky130_fd_sc_hd__clkbuf_16)
     7    0.037318    0.043245    0.100747    0.241134 ^ clkbuf_2_2__f_clk/X (sky130_fd_sc_hd__clkbuf_16)
                                                         clknet_2_2__leaf_clk (net)
                      0.043286    0.000990    0.242124 ^ _662_/CLK (sky130_fd_sc_hd__dfrtp_1)
                                  0.125000    0.367124   clock uncertainty
                                  0.000000    0.367124   clock reconvergence pessimism
                                 -0.019292    0.347832   library hold time
                                              0.347832   data required time
---------------------------------------------------------------------------------------------
                                              0.347832   data required time
                                             -0.943552   data arrival time
---------------------------------------------------------------------------------------------
                                              0.595720   slack (MET)


Startpoint: _668_ (rising edge-triggered flip-flop clocked by clk)
Endpoint: _661_ (rising edge-triggered flip-flop clocked by clk)
Path Group: clk
Path Type: min

Fanout         Cap        Slew       Delay        Time   Description
---------------------------------------------------------------------------------------------
                                  0.000000    0.000000   clock clk (rise edge)
                                  0.000000    0.000000   clock source latency
     1    0.018663    0.250000    0.000000    0.000000 ^ clk (in)
                                                         clk (net)
                      0.251284    0.000642    0.000642 ^ clkbuf_0_clk/A (sky130_fd_sc_hd__clkbuf_16)
     4    0.039436    0.049379    0.139187    0.139829 ^ clkbuf_0_clk/X (sky130_fd_sc_hd__clkbuf_16)
                                                         clknet_0_clk (net)
                      0.049381    0.000547    0.140376 ^ clkbuf_2_0__f_clk/A (sky130_fd_sc_hd__clkbuf_16)
    12    0.033278    0.040487    0.098350    0.238726 ^ clkbuf_2_0__f_clk/X (sky130_fd_sc_hd__clkbuf_16)
                                                         clknet_2_0__leaf_clk (net)
                      0.040494    0.000915    0.239641 ^ _668_/CLK (sky130_fd_sc_hd__dfrtp_1)
     2    0.009359    0.049522    0.248344    0.487985 v _668_/Q (sky130_fd_sc_hd__dfrtp_1)
                                                         a_reg[3] (net)
                      0.049522    0.000169    0.488154 v fanout52/A (sky130_fd_sc_hd__buf_1)
     5    0.014861    0.062055    0.100957    0.589111 v fanout52/X (sky130_fd_sc_hd__buf_1)
                                                         net52 (net)
                      0.062055    0.000039    0.589150 v _554_/A1 (sky130_fd_sc_hd__a31o_1)
     2    0.009745    0.039788    0.142226    0.731376 v _554_/X (sky130_fd_sc_hd__a31o_1)
                                                         _225_ (net)
                      0.039788    0.000232    0.731607 v _572_/A (sky130_fd_sc_hd__nand2_1)
     2    0.005976    0.048205    0.055788    0.787396 ^ _572_/Y (sky130_fd_sc_hd__nand2_1)
                                                         _243_ (net)
                      0.048205    0.000054    0.787450 ^ _594_/B (sky130_fd_sc_hd__nand3_1)
     1    0.002517    0.028665    0.039720    0.827171 v _594_/Y (sky130_fd_sc_hd__nand3_1)
                                                         _264_ (net)
                      0.028665    0.000022    0.827192 v _595_/B (sky130_fd_sc_hd__nand2_1)
     2    0.007508    0.057788    0.063630    0.890822 ^ _595_/Y (sky130_fd_sc_hd__nand2_1)
                                                         _265_ (net)
                      0.057788    0.000087    0.890909 ^ _601_/A (sky130_fd_sc_hd__xnor2_1)
     1    0.003143    0.023998    0.043917    0.934826 v _601_/Y (sky130_fd_sc_hd__xnor2_1)
                                                         product_reg[12] (net)
                      0.023998    0.000037    0.934863 v _661_/D (sky130_fd_sc_hd__dfrtp_1)
                                              0.934863   data arrival time

                                  0.000000    0.000000   clock clk (rise edge)
                                  0.000000    0.000000   clock source latency
     1    0.018663    0.250000    0.000000    0.000000 ^ clk (in)
                                                         clk (net)
                      0.251284    0.000642    0.000642 ^ clkbuf_0_clk/A (sky130_fd_sc_hd__clkbuf_16)
     4    0.039436    0.049379    0.139187    0.139829 ^ clkbuf_0_clk/X (sky130_fd_sc_hd__clkbuf_16)
                                                         clknet_0_clk (net)
                      0.049381    0.000558    0.140387 ^ clkbuf_2_2__f_clk/A (sky130_fd_sc_hd__clkbuf_16)
     7    0.037318    0.043245    0.100747    0.241134 ^ clkbuf_2_2__f_clk/X (sky130_fd_sc_hd__clkbuf_16)
                                                         clknet_2_2__leaf_clk (net)
                      0.043289    0.001031    0.242165 ^ _661_/CLK (sky130_fd_sc_hd__dfrtp_1)
                                  0.125000    0.367165   clock uncertainty
                                  0.000000    0.367165   clock reconvergence pessimism
                                 -0.028572    0.338593   library hold time
                                              0.338593   data required time
---------------------------------------------------------------------------------------------
                                              0.338593   data required time
                                             -0.934863   data arrival time
---------------------------------------------------------------------------------------------
                                              0.596270   slack (MET)


Startpoint: _667_ (rising edge-triggered flip-flop clocked by clk)
Endpoint: _659_ (rising edge-triggered flip-flop clocked by clk)
Path Group: clk
Path Type: min

Fanout         Cap        Slew       Delay        Time   Description
---------------------------------------------------------------------------------------------
                                  0.000000    0.000000   clock clk (rise edge)
                                  0.000000    0.000000   clock source latency
     1    0.018663    0.250000    0.000000    0.000000 ^ clk (in)
                                                         clk (net)
                      0.251284    0.000642    0.000642 ^ clkbuf_0_clk/A (sky130_fd_sc_hd__clkbuf_16)
     4    0.039436    0.049379    0.139187    0.139829 ^ clkbuf_0_clk/X (sky130_fd_sc_hd__clkbuf_16)
                                                         clknet_0_clk (net)
                      0.049381    0.000547    0.140376 ^ clkbuf_2_0__f_clk/A (sky130_fd_sc_hd__clkbuf_16)
    12    0.033278    0.040487    0.098350    0.238726 ^ clkbuf_2_0__f_clk/X (sky130_fd_sc_hd__clkbuf_16)
                                                         clknet_2_0__leaf_clk (net)
                      0.040491    0.000723    0.239449 ^ _667_/CLK (sky130_fd_sc_hd__dfrtp_1)
     2    0.010158    0.051326    0.251183    0.490632 v _667_/Q (sky130_fd_sc_hd__dfrtp_1)
                                                         a_reg[2] (net)
                      0.051327    0.000295    0.490927 v fanout54/A (sky130_fd_sc_hd__buf_1)
     5    0.014287    0.059919    0.099995    0.590922 v fanout54/X (sky130_fd_sc_hd__buf_1)
                                                         net54 (net)
                      0.059919    0.000195    0.591117 v _495_/A1 (sky130_fd_sc_hd__a31o_1)
     2    0.008561    0.036557    0.137546    0.728663 v _495_/X (sky130_fd_sc_hd__a31o_1)
                                                         _168_ (net)
                      0.036557    0.000140    0.728803 v _516_/A (sky130_fd_sc_hd__nand2_1)
     2    0.005012    0.041927    0.049944    0.778747 ^ _516_/Y (sky130_fd_sc_hd__nand2_1)
                                                         _189_ (net)
                      0.041927    0.000041    0.778787 ^ _548_/A2 (sky130_fd_sc_hd__a21oi_1)
     3    0.008676    0.036673    0.057103    0.835890 v _548_/Y (sky130_fd_sc_hd__a21oi_1)
                                                         _220_ (net)
                      0.036687    0.000134    0.836023 v _549_/B (sky130_fd_sc_hd__nor2_1)
     1    0.004934    0.077627    0.075540    0.911563 ^ _549_/Y (sky130_fd_sc_hd__nor2_1)
                                                         _221_ (net)
                      0.077627    0.000045    0.911608 ^ _553_/A (sky130_fd_sc_hd__xnor2_1)
     1    0.002885    0.023996    0.045307    0.956915 v _553_/Y (sky130_fd_sc_hd__xnor2_1)
                                                         product_reg[10] (net)
                      0.023996    0.000033    0.956947 v _659_/D (sky130_fd_sc_hd__dfrtp_1)
                                              0.956947   data arrival time

                                  0.000000    0.000000   clock clk (rise edge)
                                  0.000000    0.000000   clock source latency
     1    0.018663    0.250000    0.000000    0.000000 ^ clk (in)
                                                         clk (net)
                      0.251284    0.000642    0.000642 ^ clkbuf_0_clk/A (sky130_fd_sc_hd__clkbuf_16)
     4    0.039436    0.049379    0.139187    0.139829 ^ clkbuf_0_clk/X (sky130_fd_sc_hd__clkbuf_16)
                                                         clknet_0_clk (net)
                      0.049381    0.000502    0.140331 ^ clkbuf_2_3__f_clk/A (sky130_fd_sc_hd__clkbuf_16)
     8    0.034428    0.041335    0.099292    0.239623 ^ clkbuf_2_3__f_clk/X (sky130_fd_sc_hd__clkbuf_16)
                                                         clknet_2_3__leaf_clk (net)
                      0.041336    0.000372    0.239995 ^ _659_/CLK (sky130_fd_sc_hd__dfrtp_1)
                                  0.125000    0.364995   clock uncertainty
                                  0.000000    0.364995   clock reconvergence pessimism
                                 -0.028764    0.336232   library hold time
                                              0.336232   data required time
---------------------------------------------------------------------------------------------
                                              0.336232   data required time
                                             -0.956947   data arrival time
---------------------------------------------------------------------------------------------
                                              0.620716   slack (MET)


Startpoint: _665_ (rising edge-triggered flip-flop clocked by clk)
Endpoint: _689_ (rising edge-triggered flip-flop clocked by clk)
Path Group: clk
Path Type: min

Fanout         Cap        Slew       Delay        Time   Description
---------------------------------------------------------------------------------------------
                                  0.000000    0.000000   clock clk (rise edge)
                                  0.000000    0.000000   clock source latency
     1    0.018663    0.250000    0.000000    0.000000 ^ clk (in)
                                                         clk (net)
                      0.251284    0.000642    0.000642 ^ clkbuf_0_clk/A (sky130_fd_sc_hd__clkbuf_16)
     4    0.039436    0.049379    0.139187    0.139829 ^ clkbuf_0_clk/X (sky130_fd_sc_hd__clkbuf_16)
                                                         clknet_0_clk (net)
                      0.049381    0.000462    0.140291 ^ clkbuf_2_1__f_clk/A (sky130_fd_sc_hd__clkbuf_16)
     8    0.034012    0.040994    0.098929    0.239220 ^ clkbuf_2_1__f_clk/X (sky130_fd_sc_hd__clkbuf_16)
                                                         clknet_2_1__leaf_clk (net)
                      0.040997    0.000555    0.239774 ^ _665_/CLK (sky130_fd_sc_hd__dfrtp_1)
     4    0.018009    0.124566    0.271325    0.511100 ^ _665_/Q (sky130_fd_sc_hd__dfrtp_1)
                                                         a_reg[0] (net)
                      0.124568    0.000725    0.511825 ^ _427_/A (sky130_fd_sc_hd__and3_1)
     2    0.005504    0.051852    0.115962    0.627787 ^ _427_/X (sky130_fd_sc_hd__and3_1)
                                                         _102_ (net)
                      0.051852    0.000018    0.627806 ^ _460_/B1 (sky130_fd_sc_hd__a31o_1)
     2    0.008887    0.068667    0.085356    0.713162 ^ _460_/X (sky130_fd_sc_hd__a31o_1)
                                                         _134_ (net)
                      0.068667    0.000140    0.713302 ^ _487_/A (sky130_fd_sc_hd__xor2_1)
     3    0.008877    0.041659    0.062910    0.776212 v _487_/X (sky130_fd_sc_hd__xor2_1)
                                                         _161_ (net)
                      0.041659    0.000091    0.776303 v _491_/A (sky130_fd_sc_hd__xnor2_1)
     2    0.009636    0.050556    0.105151    0.881454 v _491_/Y (sky130_fd_sc_hd__xnor2_1)
                                                         _165_ (net)
                      0.050556    0.000080    0.881534 v _493_/A (sky130_fd_sc_hd__xnor2_1)
     1    0.003128    0.024915    0.086096    0.967630 v _493_/Y (sky130_fd_sc_hd__xnor2_1)
                                                         product_reg[8] (net)
                      0.024915    0.000027    0.967658 v _689_/D (sky130_fd_sc_hd__dfrtp_1)
                                              0.967658   data arrival time

                                  0.000000    0.000000   clock clk (rise edge)
                                  0.000000    0.000000   clock source latency
     1    0.018663    0.250000    0.000000    0.000000 ^ clk (in)
                                                         clk (net)
                      0.251284    0.000642    0.000642 ^ clkbuf_0_clk/A (sky130_fd_sc_hd__clkbuf_16)
     4    0.039436    0.049379    0.139187    0.139829 ^ clkbuf_0_clk/X (sky130_fd_sc_hd__clkbuf_16)
                                                         clknet_0_clk (net)
                      0.049381    0.000502    0.140331 ^ clkbuf_2_3__f_clk/A (sky130_fd_sc_hd__clkbuf_16)
     8    0.034428    0.041335    0.099292    0.239623 ^ clkbuf_2_3__f_clk/X (sky130_fd_sc_hd__clkbuf_16)
                                                         clknet_2_3__leaf_clk (net)
                      0.041336    0.000328    0.239952 ^ _689_/CLK (sky130_fd_sc_hd__dfrtp_1)
                                  0.125000    0.364952   clock uncertainty
                                  0.000000    0.364952   clock reconvergence pessimism
                                 -0.029062    0.335889   library hold time
                                              0.335889   data required time
---------------------------------------------------------------------------------------------
                                              0.335889   data required time
                                             -0.967658   data arrival time
---------------------------------------------------------------------------------------------
                                              0.631769   slack (MET)


Startpoint: _668_ (rising edge-triggered flip-flop clocked by clk)
Endpoint: _660_ (rising edge-triggered flip-flop clocked by clk)
Path Group: clk
Path Type: min

Fanout         Cap        Slew       Delay        Time   Description
---------------------------------------------------------------------------------------------
                                  0.000000    0.000000   clock clk (rise edge)
                                  0.000000    0.000000   clock source latency
     1    0.018663    0.250000    0.000000    0.000000 ^ clk (in)
                                                         clk (net)
                      0.251284    0.000642    0.000642 ^ clkbuf_0_clk/A (sky130_fd_sc_hd__clkbuf_16)
     4    0.039436    0.049379    0.139187    0.139829 ^ clkbuf_0_clk/X (sky130_fd_sc_hd__clkbuf_16)
                                                         clknet_0_clk (net)
                      0.049381    0.000547    0.140376 ^ clkbuf_2_0__f_clk/A (sky130_fd_sc_hd__clkbuf_16)
    12    0.033278    0.040487    0.098350    0.238726 ^ clkbuf_2_0__f_clk/X (sky130_fd_sc_hd__clkbuf_16)
                                                         clknet_2_0__leaf_clk (net)
                      0.040494    0.000915    0.239641 ^ _668_/CLK (sky130_fd_sc_hd__dfrtp_1)
     2    0.009359    0.049522    0.248344    0.487985 v _668_/Q (sky130_fd_sc_hd__dfrtp_1)
                                                         a_reg[3] (net)
                      0.049522    0.000169    0.488154 v fanout52/A (sky130_fd_sc_hd__buf_1)
     5    0.014861    0.062055    0.100957    0.589111 v fanout52/X (sky130_fd_sc_hd__buf_1)
                                                         net52 (net)
                      0.062055    0.000178    0.589289 v _524_/A1 (sky130_fd_sc_hd__a31o_1)
     2    0.008684    0.036929    0.138763    0.728052 v _524_/X (sky130_fd_sc_hd__a31o_1)
                                                         _196_ (net)
                      0.036929    0.000147    0.728199 v _545_/A (sky130_fd_sc_hd__nand2_1)
     2    0.005679    0.046184    0.053238    0.781437 ^ _545_/Y (sky130_fd_sc_hd__nand2_1)
                                                         _217_ (net)
                      0.046184    0.000049    0.781485 ^ _575_/B (sky130_fd_sc_hd__nand3_1)
     4    0.012127    0.075976    0.078648    0.860133 v _575_/Y (sky130_fd_sc_hd__nand3_1)
                                                         _246_ (net)
                      0.075977    0.000159    0.860292 v _576_/B (sky130_fd_sc_hd__nand2b_1)
     1    0.004814    0.048453    0.073906    0.934198 ^ _576_/Y (sky130_fd_sc_hd__nand2b_1)
                                                         _247_ (net)
                      0.048453    0.000043    0.934240 ^ _578_/A (sky130_fd_sc_hd__xor2_1)
     1    0.002540    0.024294    0.038204    0.972444 v _578_/X (sky130_fd_sc_hd__xor2_1)
                                                         product_reg[11] (net)
                      0.024294    0.000025    0.972469 v _660_/D (sky130_fd_sc_hd__dfrtp_1)
                                              0.972469   data arrival time

                                  0.000000    0.000000   clock clk (rise edge)
                                  0.000000    0.000000   clock source latency
     1    0.018663    0.250000    0.000000    0.000000 ^ clk (in)
                                                         clk (net)
                      0.251284    0.000642    0.000642 ^ clkbuf_0_clk/A (sky130_fd_sc_hd__clkbuf_16)
     4    0.039436    0.049379    0.139187    0.139829 ^ clkbuf_0_clk/X (sky130_fd_sc_hd__clkbuf_16)
                                                         clknet_0_clk (net)
                      0.049381    0.000502    0.140331 ^ clkbuf_2_3__f_clk/A (sky130_fd_sc_hd__clkbuf_16)
     8    0.034428    0.041335    0.099292    0.239623 ^ clkbuf_2_3__f_clk/X (sky130_fd_sc_hd__clkbuf_16)
                                                         clknet_2_3__leaf_clk (net)
                      0.041336    0.000379    0.240002 ^ _660_/CLK (sky130_fd_sc_hd__dfrtp_1)
                                  0.125000    0.365002   clock uncertainty
                                  0.000000    0.365002   clock reconvergence pessimism
                                 -0.028861    0.336142   library hold time
                                              0.336142   data required time
---------------------------------------------------------------------------------------------
                                              0.336142   data required time
                                             -0.972469   data arrival time
---------------------------------------------------------------------------------------------
                                              0.636328   slack (MET)


Startpoint: _675_ (rising edge-triggered flip-flop clocked by clk)
Endpoint: _686_ (rising edge-triggered flip-flop clocked by clk)
Path Group: clk
Path Type: min

Fanout         Cap        Slew       Delay        Time   Description
---------------------------------------------------------------------------------------------
                                  0.000000    0.000000   clock clk (rise edge)
                                  0.000000    0.000000   clock source latency
     1    0.018663    0.250000    0.000000    0.000000 ^ clk (in)
                                                         clk (net)
                      0.251284    0.000642    0.000642 ^ clkbuf_0_clk/A (sky130_fd_sc_hd__clkbuf_16)
     4    0.039436    0.049379    0.139187    0.139829 ^ clkbuf_0_clk/X (sky130_fd_sc_hd__clkbuf_16)
                                                         clknet_0_clk (net)
                      0.049381    0.000547    0.140376 ^ clkbuf_2_0__f_clk/A (sky130_fd_sc_hd__clkbuf_16)
    12    0.033278    0.040487    0.098350    0.238726 ^ clkbuf_2_0__f_clk/X (sky130_fd_sc_hd__clkbuf_16)
                                                         clknet_2_0__leaf_clk (net)
                      0.040491    0.000745    0.239470 ^ _675_/CLK (sky130_fd_sc_hd__dfrtp_4)
    10    0.039994    0.099827    0.306813    0.546283 ^ _675_/Q (sky130_fd_sc_hd__dfrtp_4)
                                                         b_reg[2] (net)
                      0.099836    0.001030    0.547313 ^ _326_/B (sky130_fd_sc_hd__nand2_1)
     1    0.004867    0.036857    0.045069    0.592382 v _326_/Y (sky130_fd_sc_hd__nand2_1)
                                                         _294_ (net)
                      0.036857    0.000028    0.592409 v _330_/A (sky130_fd_sc_hd__xnor2_1)
     2    0.004545    0.028482    0.085502    0.677911 v _330_/Y (sky130_fd_sc_hd__xnor2_1)
                                                         _298_ (net)
                      0.028482    0.000030    0.677941 v _331_/B (sky130_fd_sc_hd__nand2_1)
     3    0.007121    0.055592    0.061764    0.739705 ^ _331_/Y (sky130_fd_sc_hd__nand2_1)
                                                         _299_ (net)
                      0.055592    0.000076    0.739782 ^ _345_/A (sky130_fd_sc_hd__nor2_1)
     3    0.007985    0.030099    0.043373    0.783155 v _345_/Y (sky130_fd_sc_hd__nor2_1)
                                                         _312_ (net)
                      0.030099    0.000073    0.783229 v _364_/A (sky130_fd_sc_hd__and2_1)
     4    0.011585    0.048506    0.109544    0.892772 v _364_/X (sky130_fd_sc_hd__and2_1)
                                                         _041_ (net)
                      0.048506    0.000151    0.892923 v _625_/B1 (sky130_fd_sc_hd__a21oi_1)
     1    0.003265    0.051633    0.059835    0.952758 ^ _625_/Y (sky130_fd_sc_hd__a21oi_1)
                                                         _291_ (net)
                      0.051633    0.000033    0.952791 ^ _626_/B (sky130_fd_sc_hd__nor2_1)
     1    0.002428    0.019265    0.022828    0.975619 v _626_/Y (sky130_fd_sc_hd__nor2_1)
                                                         product_reg[5] (net)
                      0.019265    0.000022    0.975641 v _686_/D (sky130_fd_sc_hd__dfrtp_1)
                                              0.975641   data arrival time

                                  0.000000    0.000000   clock clk (rise edge)
                                  0.000000    0.000000   clock source latency
     1    0.018663    0.250000    0.000000    0.000000 ^ clk (in)
                                                         clk (net)
                      0.251284    0.000642    0.000642 ^ clkbuf_0_clk/A (sky130_fd_sc_hd__clkbuf_16)
     4    0.039436    0.049379    0.139187    0.139829 ^ clkbuf_0_clk/X (sky130_fd_sc_hd__clkbuf_16)
                                                         clknet_0_clk (net)
                      0.049381    0.000502    0.140331 ^ clkbuf_2_3__f_clk/A (sky130_fd_sc_hd__clkbuf_16)
     8    0.034428    0.041335    0.099292    0.239623 ^ clkbuf_2_3__f_clk/X (sky130_fd_sc_hd__clkbuf_16)
                                                         clknet_2_3__leaf_clk (net)
                      0.041336    0.000340    0.239963 ^ _686_/CLK (sky130_fd_sc_hd__dfrtp_1)
                                  0.125000    0.364963   clock uncertainty
                                  0.000000    0.364963   clock reconvergence pessimism
                                 -0.027226    0.337737   library hold time
                                              0.337737   data required time
---------------------------------------------------------------------------------------------
                                              0.337737   data required time
                                             -0.975641   data arrival time
---------------------------------------------------------------------------------------------
                                              0.637903   slack (MET)


Startpoint: _679_ (rising edge-triggered flip-flop clocked by clk)
Endpoint: _688_ (rising edge-triggered flip-flop clocked by clk)
Path Group: clk
Path Type: min

Fanout         Cap        Slew       Delay        Time   Description
---------------------------------------------------------------------------------------------
                                  0.000000    0.000000   clock clk (rise edge)
                                  0.000000    0.000000   clock source latency
     1    0.018663    0.250000    0.000000    0.000000 ^ clk (in)
                                                         clk (net)
                      0.251284    0.000642    0.000642 ^ clkbuf_0_clk/A (sky130_fd_sc_hd__clkbuf_16)
     4    0.039436    0.049379    0.139187    0.139829 ^ clkbuf_0_clk/X (sky130_fd_sc_hd__clkbuf_16)
                                                         clknet_0_clk (net)
                      0.049381    0.000558    0.140387 ^ clkbuf_2_2__f_clk/A (sky130_fd_sc_hd__clkbuf_16)
     7    0.037318    0.043245    0.100747    0.241134 ^ clkbuf_2_2__f_clk/X (sky130_fd_sc_hd__clkbuf_16)
                                                         clknet_2_2__leaf_clk (net)
                      0.043275    0.000819    0.241953 ^ _679_/CLK (sky130_fd_sc_hd__dfrtp_1)
     2    0.010335    0.051560    0.252660    0.494613 v _679_/Q (sky130_fd_sc_hd__dfrtp_1)
                                                         b_reg[6] (net)
                      0.051560    0.000291    0.494904 v fanout36/A (sky130_fd_sc_hd__dlymetal6s2s_1)
     6    0.018562    0.071995    0.134904    0.629808 v fanout36/X (sky130_fd_sc_hd__dlymetal6s2s_1)
                                                         net36 (net)
                      0.071995    0.000246    0.630054 v _389_/C1 (sky130_fd_sc_hd__o211a_1)
     4    0.012679    0.045879    0.107759    0.737813 v _389_/X (sky130_fd_sc_hd__o211a_1)
                                                         _065_ (net)
                      0.045879    0.000212    0.738025 v _452_/A (sky130_fd_sc_hd__nand3_1)
     3    0.008763    0.075674    0.079040    0.817065 ^ _452_/Y (sky130_fd_sc_hd__nand3_1)
                                                         _127_ (net)
                      0.075675    0.000077    0.817142 ^ _454_/A1 (sky130_fd_sc_hd__a21oi_1)
     1    0.003310    0.029395    0.040979    0.858121 v _454_/Y (sky130_fd_sc_hd__a21oi_1)
                                                         _129_ (net)
                      0.029395    0.000038    0.858159 v _457_/A (sky130_fd_sc_hd__nor2_1)
     1    0.004934    0.077608    0.083016    0.941175 ^ _457_/Y (sky130_fd_sc_hd__nor2_1)
                                                         _132_ (net)
                      0.077608    0.000045    0.941220 ^ _459_/A (sky130_fd_sc_hd__xor2_1)
     1    0.002688    0.024758    0.042624    0.983844 v _459_/X (sky130_fd_sc_hd__xor2_1)
                                                         product_reg[7] (net)
                      0.024758    0.000028    0.983871 v _688_/D (sky130_fd_sc_hd__dfrtp_1)
                                              0.983871   data arrival time

                                  0.000000    0.000000   clock clk (rise edge)
                                  0.000000    0.000000   clock source latency
     1    0.018663    0.250000    0.000000    0.000000 ^ clk (in)
                                                         clk (net)
                      0.251284    0.000642    0.000642 ^ clkbuf_0_clk/A (sky130_fd_sc_hd__clkbuf_16)
     4    0.039436    0.049379    0.139187    0.139829 ^ clkbuf_0_clk/X (sky130_fd_sc_hd__clkbuf_16)
                                                         clknet_0_clk (net)
                      0.049381    0.000502    0.140331 ^ clkbuf_2_3__f_clk/A (sky130_fd_sc_hd__clkbuf_16)
     8    0.034428    0.041335    0.099292    0.239623 ^ clkbuf_2_3__f_clk/X (sky130_fd_sc_hd__clkbuf_16)
                                                         clknet_2_3__leaf_clk (net)
                      0.041336    0.000297    0.239920 ^ _688_/CLK (sky130_fd_sc_hd__dfrtp_1)
                                  0.125000    0.364920   clock uncertainty
                                  0.000000    0.364920   clock reconvergence pessimism
                                 -0.029011    0.335909   library hold time
                                              0.335909   data required time
---------------------------------------------------------------------------------------------
                                              0.335909   data required time
                                             -0.983871   data arrival time
---------------------------------------------------------------------------------------------
                                              0.647962   slack (MET)


Startpoint: _667_ (rising edge-triggered flip-flop clocked by clk)
Endpoint: _658_ (rising edge-triggered flip-flop clocked by clk)
Path Group: clk
Path Type: min

Fanout         Cap        Slew       Delay        Time   Description
---------------------------------------------------------------------------------------------
                                  0.000000    0.000000   clock clk (rise edge)
                                  0.000000    0.000000   clock source latency
     1    0.018663    0.250000    0.000000    0.000000 ^ clk (in)
                                                         clk (net)
                      0.251284    0.000642    0.000642 ^ clkbuf_0_clk/A (sky130_fd_sc_hd__clkbuf_16)
     4    0.039436    0.049379    0.139187    0.139829 ^ clkbuf_0_clk/X (sky130_fd_sc_hd__clkbuf_16)
                                                         clknet_0_clk (net)
                      0.049381    0.000547    0.140376 ^ clkbuf_2_0__f_clk/A (sky130_fd_sc_hd__clkbuf_16)
    12    0.033278    0.040487    0.098350    0.238726 ^ clkbuf_2_0__f_clk/X (sky130_fd_sc_hd__clkbuf_16)
                                                         clknet_2_0__leaf_clk (net)
                      0.040491    0.000723    0.239449 ^ _667_/CLK (sky130_fd_sc_hd__dfrtp_1)
     2    0.010575    0.077550    0.237687    0.477136 ^ _667_/Q (sky130_fd_sc_hd__dfrtp_1)
                                                         a_reg[2] (net)
                      0.077550    0.000309    0.477445 ^ fanout54/A (sky130_fd_sc_hd__buf_1)
     5    0.014946    0.134803    0.129377    0.606822 ^ fanout54/X (sky130_fd_sc_hd__buf_1)
                                                         net54 (net)
                      0.134803    0.000204    0.607026 ^ _495_/A1 (sky130_fd_sc_hd__a31o_1)
     2    0.009020    0.069616    0.120143    0.727169 ^ _495_/X (sky130_fd_sc_hd__a31o_1)
                                                         _168_ (net)
                      0.069616    0.000150    0.727319 ^ _517_/A (sky130_fd_sc_hd__xor2_1)
     2    0.004028    0.028410    0.046624    0.773943 v _517_/X (sky130_fd_sc_hd__xor2_1)
                                                         _190_ (net)
                      0.028410    0.000029    0.773972 v _520_/B (sky130_fd_sc_hd__and2_1)
     4    0.011626    0.048631    0.121253    0.895225 v _520_/X (sky130_fd_sc_hd__and2_1)
                                                         _193_ (net)
                      0.048631    0.000133    0.895358 v _521_/B (sky130_fd_sc_hd__nor2_1)
     1    0.004816    0.079069    0.078714    0.974073 ^ _521_/Y (sky130_fd_sc_hd__nor2_1)
                                                         _194_ (net)
                      0.079069    0.000026    0.974098 ^ _523_/A (sky130_fd_sc_hd__xor2_1)
     1    0.004324    0.029215    0.048993    1.023091 v _523_/X (sky130_fd_sc_hd__xor2_1)
                                                         product_reg[9] (net)
                      0.029216    0.000074    1.023165 v _658_/D (sky130_fd_sc_hd__dfrtp_1)
                                              1.023165   data arrival time

                                  0.000000    0.000000   clock clk (rise edge)
                                  0.000000    0.000000   clock source latency
     1    0.018663    0.250000    0.000000    0.000000 ^ clk (in)
                                                         clk (net)
                      0.251284    0.000642    0.000642 ^ clkbuf_0_clk/A (sky130_fd_sc_hd__clkbuf_16)
     4    0.039436    0.049379    0.139187    0.139829 ^ clkbuf_0_clk/X (sky130_fd_sc_hd__clkbuf_16)
                                                         clknet_0_clk (net)
                      0.049381    0.000502    0.140331 ^ clkbuf_2_3__f_clk/A (sky130_fd_sc_hd__clkbuf_16)
     8    0.034428    0.041335    0.099292    0.239623 ^ clkbuf_2_3__f_clk/X (sky130_fd_sc_hd__clkbuf_16)
                                                         clknet_2_3__leaf_clk (net)
                      0.041336    0.000344    0.239967 ^ _658_/CLK (sky130_fd_sc_hd__dfrtp_1)
                                  0.125000    0.364968   clock uncertainty
                                  0.000000    0.364968   clock reconvergence pessimism
                                 -0.030461    0.334507   library hold time
                                              0.334507   data required time
---------------------------------------------------------------------------------------------
                                              0.334507   data required time
                                             -1.023165   data arrival time
---------------------------------------------------------------------------------------------
                                              0.688658   slack (MET)


Startpoint: _665_ (rising edge-triggered flip-flop clocked by clk)
Endpoint: _687_ (rising edge-triggered flip-flop clocked by clk)
Path Group: clk
Path Type: min

Fanout         Cap        Slew       Delay        Time   Description
---------------------------------------------------------------------------------------------
                                  0.000000    0.000000   clock clk (rise edge)
                                  0.000000    0.000000   clock source latency
     1    0.018663    0.250000    0.000000    0.000000 ^ clk (in)
                                                         clk (net)
                      0.251284    0.000642    0.000642 ^ clkbuf_0_clk/A (sky130_fd_sc_hd__clkbuf_16)
     4    0.039436    0.049379    0.139187    0.139829 ^ clkbuf_0_clk/X (sky130_fd_sc_hd__clkbuf_16)
                                                         clknet_0_clk (net)
                      0.049381    0.000462    0.140291 ^ clkbuf_2_1__f_clk/A (sky130_fd_sc_hd__clkbuf_16)
     8    0.034012    0.040994    0.098929    0.239220 ^ clkbuf_2_1__f_clk/X (sky130_fd_sc_hd__clkbuf_16)
                                                         clknet_2_1__leaf_clk (net)
                      0.040997    0.000555    0.239774 ^ _665_/CLK (sky130_fd_sc_hd__dfrtp_1)
     4    0.018009    0.124566    0.271325    0.511100 ^ _665_/Q (sky130_fd_sc_hd__dfrtp_1)
                                                         a_reg[0] (net)
                      0.124569    0.000757    0.511857 ^ _390_/A1 (sky130_fd_sc_hd__a211oi_1)
     1    0.002291    0.024366    0.047298    0.559155 v _390_/Y (sky130_fd_sc_hd__a211oi_1)
                                                         _066_ (net)
                      0.024366    0.000008    0.559164 v _391_/B (sky130_fd_sc_hd__nor2_1)
     2    0.008446    0.118876    0.102021    0.661184 ^ _391_/Y (sky130_fd_sc_hd__nor2_1)
                                                         _067_ (net)
                      0.118876    0.000107    0.661291 ^ _412_/B1 (sky130_fd_sc_hd__a21o_1)
     2    0.005558    0.042838    0.065726    0.727017 ^ _412_/X (sky130_fd_sc_hd__a21o_1)
                                                         _088_ (net)
                      0.042838    0.000047    0.727065 ^ _413_/C1 (sky130_fd_sc_hd__o211a_1)
     6    0.018549    0.120676    0.134180    0.861244 ^ _413_/X (sky130_fd_sc_hd__o211a_1)
                                                         _089_ (net)
                      0.120676    0.000215    0.861459 ^ _419_/A1 (sky130_fd_sc_hd__o21a_1)
     1    0.002362    0.025455    0.083236    0.944695 ^ _419_/X (sky130_fd_sc_hd__o21a_1)
                                                         _095_ (net)
                      0.025455    0.000023    0.944718 ^ _420_/B (sky130_fd_sc_hd__or2_1)
     1    0.005250    0.044683    0.068402    1.013120 ^ _420_/X (sky130_fd_sc_hd__or2_1)
                                                         _096_ (net)
                      0.044683    0.000035    1.013156 ^ _423_/A (sky130_fd_sc_hd__xnor2_1)
     1    0.002709    0.023326    0.039846    1.053002 v _423_/Y (sky130_fd_sc_hd__xnor2_1)
                                                         product_reg[6] (net)
                      0.023326    0.000029    1.053030 v _687_/D (sky130_fd_sc_hd__dfrtp_1)
                                              1.053030   data arrival time

                                  0.000000    0.000000   clock clk (rise edge)
                                  0.000000    0.000000   clock source latency
     1    0.018663    0.250000    0.000000    0.000000 ^ clk (in)
                                                         clk (net)
                      0.251284    0.000642    0.000642 ^ clkbuf_0_clk/A (sky130_fd_sc_hd__clkbuf_16)
     4    0.039436    0.049379    0.139187    0.139829 ^ clkbuf_0_clk/X (sky130_fd_sc_hd__clkbuf_16)
                                                         clknet_0_clk (net)
                      0.049381    0.000502    0.140331 ^ clkbuf_2_3__f_clk/A (sky130_fd_sc_hd__clkbuf_16)
     8    0.034428    0.041335    0.099292    0.239623 ^ clkbuf_2_3__f_clk/X (sky130_fd_sc_hd__clkbuf_16)
                                                         clknet_2_3__leaf_clk (net)
                      0.041336    0.000314    0.239937 ^ _687_/CLK (sky130_fd_sc_hd__dfrtp_1)
                                  0.125000    0.364937   clock uncertainty
                                  0.000000    0.364937   clock reconvergence pessimism
                                 -0.028546    0.336391   library hold time
                                              0.336391   data required time
---------------------------------------------------------------------------------------------
                                              0.336391   data required time
                                             -1.053030   data arrival time
---------------------------------------------------------------------------------------------
                                              0.716639   slack (MET)



