Clock: clk
Sources: clk 
Generated: no
Virtual: yes
Propagated: no
Period: 12.500000

===========================================================================
report_clock_properties
============================================================================
Clock                   Period          Waveform
----------------------------------------------------
clk                  12.500000    0.000000  6.250000

===========================================================================
report_clock_latency
============================================================================
Clock clk
rise -> rise
    min     max
0.000000 0.000000 source latency
0.259468         network latency _688_/CLK
        0.268194 network latency _680_/CLK
---------------
0.259468 0.268194 latency
        0.008726 skew

fall -> fall
    min     max
0.000000 0.000000 source latency
0.238028         network latency _688_/CLK
        0.244540 network latency _680_/CLK
---------------
0.238028 0.244540 latency
        0.006513 skew



===========================================================================
report_clock_min_period
============================================================================
clk period_min = 2.91 fmax = 343.09
