94. Printing statistics.

=== mult ===

   Number of wires:                362
   Number of wire bits:            636
   Number of public wires:          14
   Number of public wire bits:      90
   Number of ports:                  5
   Number of port bits:             34
   Number of memories:               0
   Number of memory bits:            0
   Number of processes:              0
   Number of cells:                446
     $_ANDNOT_                      90
     $_AND_                         43
     $_DFF_PP0_                     72
     $_NAND_                        44
     $_NOR_                         17
     $_NOT_                          5
     $_ORNOT_                       15
     $_OR_                          43
     $_XNOR_                        37
     $_XOR_                         80

   Area for cell type $_NOT_ is unknown!
   Area for cell type $_AND_ is unknown!
   Area for cell type $_NAND_ is unknown!
   Area for cell type $_OR_ is unknown!
   Area for cell type $_NOR_ is unknown!
   Area for cell type $_XOR_ is unknown!
   Area for cell type $_XNOR_ is unknown!
   Area for cell type $_ANDNOT_ is unknown!
   Area for cell type $_ORNOT_ is unknown!
   Area for cell type $_DFF_PP0_ is unknown!

