108. Printing statistics.

=== mult ===

   Number of wires:                443
   Number of wire bits:            472
   Number of public wires:          61
   Number of public wire bits:      90
   Number of ports:                  5
   Number of port bits:             34
   Number of memories:               0
   Number of memory bits:            0
   Number of processes:              0
   Number of cells:                454
     sky130_fd_sc_hd__a211oi_2       3
     sky130_fd_sc_hd__a21bo_2        5
     sky130_fd_sc_hd__a21boi_2       1
     sky130_fd_sc_hd__a21o_2         4
     sky130_fd_sc_hd__a21oi_2        9
     sky130_fd_sc_hd__a22o_2         9
     sky130_fd_sc_hd__a22oi_2        6
     sky130_fd_sc_hd__a31o_2         9
     sky130_fd_sc_hd__a31oi_2        1
     sky130_fd_sc_hd__a32o_2         1
     sky130_fd_sc_hd__a41o_2         2
     sky130_fd_sc_hd__and2_2        35
     sky130_fd_sc_hd__and2b_2        6
     sky130_fd_sc_hd__and3_2        10
     sky130_fd_sc_hd__and4_2        14
     sky130_fd_sc_hd__and4b_2        1
     sky130_fd_sc_hd__and4bb_2       3
     sky130_fd_sc_hd__dfrtp_2       72
     sky130_fd_sc_hd__inv_2         77
     sky130_fd_sc_hd__nand2_2       38
     sky130_fd_sc_hd__nand2b_2       5
     sky130_fd_sc_hd__nand3_2        3
     sky130_fd_sc_hd__nand3b_2       1
     sky130_fd_sc_hd__nand4_2        3
     sky130_fd_sc_hd__nor2_2        38
     sky130_fd_sc_hd__nor3_2         2
     sky130_fd_sc_hd__o211a_2        3
     sky130_fd_sc_hd__o211ai_2       1
     sky130_fd_sc_hd__o21a_2         5
     sky130_fd_sc_hd__o21ai_2        7
     sky130_fd_sc_hd__o21ba_2        8
     sky130_fd_sc_hd__o21bai_2       2
     sky130_fd_sc_hd__o2bb2a_2       7
     sky130_fd_sc_hd__or2_2         14
     sky130_fd_sc_hd__or3_2          4
     sky130_fd_sc_hd__xnor2_2       36
     sky130_fd_sc_hd__xor2_2         9

   Chip area for module '\mult': 5059.852800
     of which used for sequential elements: 1891.814400 (37.39%)

