Clock: clk
Sources: clk 
Generated: no
Virtual: yes
Propagated: no
Period: 6.250000

===========================================================================
report_clock_properties
============================================================================
Clock                   Period          Waveform
----------------------------------------------------
clk                   6.250000    0.000000  3.125000

===========================================================================
report_clock_latency
============================================================================
Clock clk
rise -> rise
    min     max
0.000000 0.000000 source latency
0.290467         network latency _794_/CLK
        0.298932 network latency _764_/CLK
---------------
0.290467 0.298932 latency
        0.008465 skew

fall -> fall
    min     max
0.000000 0.000000 source latency
0.259193         network latency _794_/CLK
        0.266230 network latency _764_/CLK
---------------
0.259193 0.266230 latency
        0.007037 skew



===========================================================================
report_clock_min_period
============================================================================
clk period_min = 1.88 fmax = 533.04
