
===========================================================================
report_checks -unconstrained
===========================================================================
======================= nom_tt_025C_1v80 Corner ===================================

Startpoint: rst (input port clocked by clk)
Endpoint: _1464_ (recovery check against rising-edge clock clk)
Path Group: asynchronous
Path Type: max

Fanout         Cap        Slew       Delay        Time   Description
---------------------------------------------------------------------------------------------
                                  0.000000    0.000000   clock clk (rise edge)
                                  0.000000    0.000000   clock network delay (propagated)
                                  0.666600    0.666600 v input external delay
   247    1.211025    2.624357    1.973719    2.640319 v rst (in)
                                                         rst (net)
                      2.625100    0.000000    2.640319 v _1217_/A (sky130_fd_sc_hd__inv_2)
     1    0.003645    0.283526    0.393127    3.033446 ^ _1217_/Y (sky130_fd_sc_hd__inv_2)
                                                         _0315_ (net)
                      0.283526    0.000000    3.033447 ^ _1464_/RESET_B (sky130_fd_sc_hd__dfrtp_2)
                                              3.033447   data arrival time

                                  3.333000    3.333000   clock clk (rise edge)
                                  0.000000    3.333000   clock source latency
   247    0.616495    2.740674    1.882890    5.215890 ^ clk (in)
                                                         clk (net)
                      2.740690    0.000000    5.215890 ^ _1464_/CLK (sky130_fd_sc_hd__dfrtp_2)
                                 -0.250000    4.965890   clock uncertainty
                                  0.000000    4.965890   clock reconvergence pessimism
                                  0.584984    5.550874   library recovery time
                                              5.550874   data required time
---------------------------------------------------------------------------------------------
                                              5.550874   data required time
                                             -3.033447   data arrival time
---------------------------------------------------------------------------------------------
                                              2.517427   slack (MET)


Startpoint: _1288_ (rising edge-triggered flip-flop clocked by clk)
Endpoint: product[1] (output port clocked by clk)
Path Group: clk
Path Type: max

Fanout         Cap        Slew       Delay        Time   Description
---------------------------------------------------------------------------------------------
                                  0.000000    0.000000   clock clk (rise edge)
                                  0.000000    0.000000   clock source latency
   247    0.616495    2.740674    1.894143    1.894143 ^ clk (in)
                                                         clk (net)
                      2.740823    0.000000    1.894143 ^ _1288_/CLK (sky130_fd_sc_hd__dfrtp_2)
     1    0.034427    0.174005    0.825278    2.719421 ^ _1288_/Q (sky130_fd_sc_hd__dfrtp_2)
                                                         product[1] (net)
                      0.174005    0.000222    2.719643 ^ product[1] (out)
                                              2.719643   data arrival time

                                  3.333000    3.333000   clock clk (rise edge)
                                  0.000000    3.333000   clock network delay (propagated)
                                 -0.250000    3.083000   clock uncertainty
                                  0.000000    3.083000   clock reconvergence pessimism
                                 -0.666600    2.416400   output external delay
                                              2.416400   data required time
---------------------------------------------------------------------------------------------
                                              2.416400   data required time
                                             -2.719643   data arrival time
---------------------------------------------------------------------------------------------
                                             -0.303243   slack (VIOLATED)




===========================================================================
report_checks --slack_max -0.01
============================================================================
======================= nom_tt_025C_1v80 Corner ===================================

Startpoint: _1288_ (rising edge-triggered flip-flop clocked by clk)
Endpoint: product[1] (output port clocked by clk)
Path Group: clk
Path Type: max

Fanout         Cap        Slew       Delay        Time   Description
---------------------------------------------------------------------------------------------
                                  0.000000    0.000000   clock clk (rise edge)
                                  0.000000    0.000000   clock source latency
   247    0.616495    2.740674    1.894143    1.894143 ^ clk (in)
                                                         clk (net)
                      2.740823    0.000000    1.894143 ^ _1288_/CLK (sky130_fd_sc_hd__dfrtp_2)
     1    0.034427    0.174005    0.825278    2.719421 ^ _1288_/Q (sky130_fd_sc_hd__dfrtp_2)
                                                         product[1] (net)
                      0.174005    0.000222    2.719643 ^ product[1] (out)
                                              2.719643   data arrival time

                                  3.333000    3.333000   clock clk (rise edge)
                                  0.000000    3.333000   clock network delay (propagated)
                                 -0.250000    3.083000   clock uncertainty
                                  0.000000    3.083000   clock reconvergence pessimism
                                 -0.666600    2.416400   output external delay
                                              2.416400   data required time
---------------------------------------------------------------------------------------------
                                              2.416400   data required time
                                             -2.719643   data arrival time
---------------------------------------------------------------------------------------------
                                             -0.303243   slack (VIOLATED)




===========================================================================
 report_check_types -max_slew -max_cap -max_fanout -violators
============================================================================
======================= nom_tt_025C_1v80 Corner ===================================

max slew

Pin                                        Limit        Slew       Slack
------------------------------------------------------------------------
_1040_/A                                0.750000    5.778199   -5.028198 (VIOLATED)
_1042_/A                                0.750000    5.778200   -5.028200 (VIOLATED)
_1043_/A                                0.750000    5.778199   -5.028199 (VIOLATED)
_1056_/A                                0.750000    5.778197   -5.028197 (VIOLATED)
_1058_/A                                0.750000    5.778198   -5.028198 (VIOLATED)
_1059_/A                                0.750000    5.778197   -5.028197 (VIOLATED)
_1072_/A                                0.750000    5.778196   -5.028196 (VIOLATED)
_1074_/A                                0.750000    5.778197   -5.028197 (VIOLATED)
_1075_/A                                0.750000    5.778196   -5.028196 (VIOLATED)
_1041_/A                                0.750000    5.778191   -5.028191 (VIOLATED)
_1057_/A                                0.750000    5.778190   -5.028190 (VIOLATED)
_1073_/A                                0.750000    5.778189   -5.028189 (VIOLATED)
_1102_/A                                0.750000    5.778193   -5.028193 (VIOLATED)
_1103_/A                                0.750000    5.778188   -5.028188 (VIOLATED)
_1104_/A                                0.750000    5.778190   -5.028190 (VIOLATED)
_1105_/A                                0.750000    5.778190   -5.028190 (VIOLATED)
_1110_/A                                0.750000    5.778188   -5.028188 (VIOLATED)
_1112_/A                                0.750000    5.778186   -5.028185 (VIOLATED)
_1113_/A                                0.750000    5.778185   -5.028185 (VIOLATED)
_1166_/A                                0.750000    5.778183   -5.028183 (VIOLATED)
_1111_/A                                0.750000    5.778172   -5.028172 (VIOLATED)
_1127_/A                                0.750000    5.778171   -5.028171 (VIOLATED)
_1128_/A                                0.750000    5.778170   -5.028170 (VIOLATED)
_1167_/A                                0.750000    5.778172   -5.028172 (VIOLATED)
_1230_/A                                0.750000    5.778176   -5.028176 (VIOLATED)
_1168_/A                                0.750000    5.778166   -5.028166 (VIOLATED)
_1169_/A                                0.750000    5.778169   -5.028169 (VIOLATED)
_1129_/A                                0.750000    5.778159   -5.028159 (VIOLATED)
_1130_/A                                0.750000    5.778147   -5.028147 (VIOLATED)
_1044_/A                                0.750000    5.778134   -5.028134 (VIOLATED)
_1045_/A                                0.750000    5.778134   -5.028134 (VIOLATED)
_1060_/A                                0.750000    5.778134   -5.028133 (VIOLATED)
_1061_/A                                0.750000    5.778133   -5.028133 (VIOLATED)
_1046_/A                                0.750000    5.778128   -5.028128 (VIOLATED)
_1062_/A                                0.750000    5.778128   -5.028127 (VIOLATED)
_1076_/A                                0.750000    5.778132   -5.028132 (VIOLATED)
_1077_/A                                0.750000    5.778132   -5.028132 (VIOLATED)
_1131_/A                                0.750000    5.778132   -5.028132 (VIOLATED)
_1132_/A                                0.750000    5.778135   -5.028135 (VIOLATED)
_1133_/A                                0.750000    5.778135   -5.028135 (VIOLATED)
_1078_/A                                0.750000    5.778126   -5.028126 (VIOLATED)
_1155_/A                                0.750000    5.778130   -5.028130 (VIOLATED)
_1156_/A                                0.750000    5.778129   -5.028129 (VIOLATED)
_1157_/A                                0.750000    5.778125   -5.028125 (VIOLATED)
_1160_/A                                0.750000    5.778128   -5.028128 (VIOLATED)
_1231_/A                                0.750000    5.778130   -5.028130 (VIOLATED)
_1047_/A                                0.750000    5.778119   -5.028119 (VIOLATED)
_1052_/A                                0.750000    5.778120   -5.028120 (VIOLATED)
_1053_/A                                0.750000    5.778121   -5.028121 (VIOLATED)
_1054_/A                                0.750000    5.778121   -5.028121 (VIOLATED)
_1063_/A                                0.750000    5.778119   -5.028119 (VIOLATED)
_1079_/A                                0.750000    5.778118   -5.028118 (VIOLATED)
_1158_/A                                0.750000    5.778122   -5.028122 (VIOLATED)
_1232_/A                                0.750000    5.778126   -5.028126 (VIOLATED)
_1233_/A                                0.750000    5.778128   -5.028127 (VIOLATED)
_1159_/A                                0.750000    5.778120   -5.028120 (VIOLATED)
_1048_/A                                0.750000    5.778112   -5.028112 (VIOLATED)
_1049_/A                                0.750000    5.778114   -5.028114 (VIOLATED)
_1050_/A                                0.750000    5.778116   -5.028116 (VIOLATED)
_1051_/A                                0.750000    5.778119   -5.028119 (VIOLATED)
_1161_/A                                0.750000    5.778117   -5.028117 (VIOLATED)
_1064_/A                                0.750000    5.778109   -5.028109 (VIOLATED)
_1065_/A                                0.750000    5.778111   -5.028111 (VIOLATED)
_1066_/A                                0.750000    5.778112   -5.028112 (VIOLATED)
_1067_/A                                0.750000    5.778113   -5.028113 (VIOLATED)
_1068_/A                                0.750000    5.778114   -5.028114 (VIOLATED)
_1080_/A                                0.750000    5.778106   -5.028106 (VIOLATED)
_1082_/A                                0.750000    5.778099   -5.028099 (VIOLATED)
_1162_/A                                0.750000    5.778103   -5.028103 (VIOLATED)
_1081_/A                                0.750000    5.778089   -5.028089 (VIOLATED)
_1163_/A                                0.750000    5.778090   -5.028090 (VIOLATED)
_0643_/A                                0.750000    5.778079   -5.028079 (VIOLATED)
_1087_/A                                0.750000    5.778083   -5.028083 (VIOLATED)
_1032_/A                                0.750000    5.778078   -5.028078 (VIOLATED)
_1106_/A                                0.750000    5.778081   -5.028081 (VIOLATED)
_1107_/A                                0.750000    5.778080   -5.028080 (VIOLATED)
_1033_/A                                0.750000    5.778073   -5.028073 (VIOLATED)
_1086_/A                                0.750000    5.778077   -5.028077 (VIOLATED)
_1108_/A                                0.750000    5.778077   -5.028077 (VIOLATED)
_1114_/A                                0.750000    5.778080   -5.028080 (VIOLATED)
_1115_/A                                0.750000    5.778080   -5.028080 (VIOLATED)
_1034_/A                                0.750000    5.778070   -5.028069 (VIOLATED)
_1109_/A                                0.750000    5.778073   -5.028073 (VIOLATED)
_1116_/A                                0.750000    5.778076   -5.028076 (VIOLATED)
_1117_/A                                0.750000    5.778076   -5.028075 (VIOLATED)
_1118_/A                                0.750000    5.778080   -5.028080 (VIOLATED)
_1119_/A                                0.750000    5.778079   -5.028079 (VIOLATED)
_1120_/A                                0.750000    5.778075   -5.028075 (VIOLATED)
_1121_/A                                0.750000    5.778071   -5.028071 (VIOLATED)
_1122_/A                                0.750000    5.778069   -5.028069 (VIOLATED)
_1123_/A                                0.750000    5.778069   -5.028069 (VIOLATED)
_1165_/A                                0.750000    5.778071   -5.028071 (VIOLATED)
_1035_/A                                0.750000    5.778063   -5.028062 (VIOLATED)
_1124_/A                                0.750000    5.778068   -5.028068 (VIOLATED)
_1126_/A                                0.750000    5.778066   -5.028066 (VIOLATED)
_1094_/A                                0.750000    5.778060   -5.028060 (VIOLATED)
_1164_/A                                0.750000    5.778063   -5.028063 (VIOLATED)
_1036_/A                                0.750000    5.778055   -5.028055 (VIOLATED)
_1037_/A                                0.750000    5.778048   -5.028048 (VIOLATED)
_1039_/A                                0.750000    5.778051   -5.028051 (VIOLATED)
_1214_/A                                0.750000    5.778035   -5.028035 (VIOLATED)
_1134_/A                                0.750000    5.778025   -5.028024 (VIOLATED)
_1135_/A                                0.750000    5.778024   -5.028024 (VIOLATED)
_1215_/A                                0.750000    5.778029   -5.028029 (VIOLATED)
_1136_/A                                0.750000    5.778023   -5.028023 (VIOLATED)
_1137_/A                                0.750000    5.778024   -5.028023 (VIOLATED)
_1138_/A                                0.750000    5.778022   -5.028022 (VIOLATED)
_1139_/A                                0.750000    5.778020   -5.028020 (VIOLATED)
_1140_/A                                0.750000    5.778018   -5.028018 (VIOLATED)
_1141_/A                                0.750000    5.778016   -5.028016 (VIOLATED)
_1216_/A                                0.750000    5.778018   -5.028018 (VIOLATED)
_1142_/A                                0.750000    5.778012   -5.028011 (VIOLATED)
_1143_/A                                0.750000    5.777998   -5.027998 (VIOLATED)
_1217_/A                                0.750000    5.777961   -5.027961 (VIOLATED)
_1218_/A                                0.750000    5.777947   -5.027947 (VIOLATED)
_1219_/A                                0.750000    5.777936   -5.027936 (VIOLATED)
_1220_/A                                0.750000    5.777894   -5.027894 (VIOLATED)
_1180_/A                                0.750000    5.777855   -5.027855 (VIOLATED)
_1203_/A                                0.750000    5.777856   -5.027856 (VIOLATED)
_1204_/A                                0.750000    5.777856   -5.027856 (VIOLATED)
_1205_/A                                0.750000    5.777854   -5.027854 (VIOLATED)
_1206_/A                                0.750000    5.777853   -5.027853 (VIOLATED)
_1208_/A                                0.750000    5.777829   -5.027829 (VIOLATED)
_1055_/A                                0.750000    5.777817   -5.027817 (VIOLATED)
_1069_/A                                0.750000    5.777818   -5.027818 (VIOLATED)
_1070_/A                                0.750000    5.777818   -5.027817 (VIOLATED)
_1071_/A                                0.750000    5.777817   -5.027816 (VIOLATED)
_1091_/A                                0.750000    5.777812   -5.027812 (VIOLATED)
_1092_/A                                0.750000    5.777813   -5.027813 (VIOLATED)
_1093_/A                                0.750000    5.777814   -5.027814 (VIOLATED)
_1101_/A                                0.750000    5.777811   -5.027811 (VIOLATED)
_1083_/A                                0.750000    5.777803   -5.027803 (VIOLATED)
_1084_/A                                0.750000    5.777805   -5.027804 (VIOLATED)
_1085_/A                                0.750000    5.777805   -5.027804 (VIOLATED)
_1088_/A                                0.750000    5.777803   -5.027803 (VIOLATED)
_1089_/A                                0.750000    5.777804   -5.027804 (VIOLATED)
_1090_/A                                0.750000    5.777804   -5.027804 (VIOLATED)
_1096_/A                                0.750000    5.777800   -5.027800 (VIOLATED)
_1097_/A                                0.750000    5.777804   -5.027803 (VIOLATED)
_1098_/A                                0.750000    5.777807   -5.027807 (VIOLATED)
_1099_/A                                0.750000    5.777810   -5.027810 (VIOLATED)
_1100_/A                                0.750000    5.777811   -5.027810 (VIOLATED)
_1125_/A                                0.750000    5.777802   -5.027802 (VIOLATED)
_1038_/A                                0.750000    5.777794   -5.027794 (VIOLATED)
_1095_/A                                0.750000    5.777794   -5.027794 (VIOLATED)
_1144_/A                                0.750000    5.777794   -5.027794 (VIOLATED)
_1145_/A                                0.750000    5.777794   -5.027794 (VIOLATED)
_1146_/A                                0.750000    5.777792   -5.027792 (VIOLATED)
_1207_/A                                0.750000    5.777794   -5.027794 (VIOLATED)
_1147_/A                                0.750000    5.777779   -5.027779 (VIOLATED)
_1150_/A                                0.750000    5.777784   -5.027784 (VIOLATED)
_1151_/A                                0.750000    5.777779   -5.027778 (VIOLATED)
_1209_/A                                0.750000    5.777775   -5.027775 (VIOLATED)
_1221_/A                                0.750000    5.777779   -5.027779 (VIOLATED)
_1154_/A                                0.750000    5.777768   -5.027768 (VIOLATED)
_1170_/A                                0.750000    5.777764   -5.027764 (VIOLATED)
_1171_/A                                0.750000    5.777763   -5.027763 (VIOLATED)
_1172_/A                                0.750000    5.777762   -5.027762 (VIOLATED)
_1226_/A                                0.750000    5.777766   -5.027766 (VIOLATED)
_1228_/A                                0.750000    5.777768   -5.027768 (VIOLATED)
_1229_/A                                0.750000    5.777767   -5.027767 (VIOLATED)
_1234_/A                                0.750000    5.777763   -5.027763 (VIOLATED)
_1235_/A                                0.750000    5.777763   -5.027763 (VIOLATED)
_1236_/A                                0.750000    5.777761   -5.027761 (VIOLATED)
_1148_/A                                0.750000    5.777756   -5.027756 (VIOLATED)
_1149_/A                                0.750000    5.777755   -5.027755 (VIOLATED)
_1173_/A                                0.750000    5.777760   -5.027759 (VIOLATED)
_1237_/A                                0.750000    5.777760   -5.027760 (VIOLATED)
_1152_/A                                0.750000    5.777753   -5.027753 (VIOLATED)
_1182_/A                                0.750000    5.777758   -5.027758 (VIOLATED)
_1183_/A                                0.750000    5.777758   -5.027758 (VIOLATED)
_1184_/A                                0.750000    5.777757   -5.027757 (VIOLATED)
_1185_/A                                0.750000    5.777760   -5.027759 (VIOLATED)
_1186_/A                                0.750000    5.777756   -5.027756 (VIOLATED)
_1187_/A                                0.750000    5.777753   -5.027752 (VIOLATED)
_1188_/A                                0.750000    5.777757   -5.027757 (VIOLATED)
_1198_/A                                0.750000    5.777753   -5.027753 (VIOLATED)
_1246_/A                                0.750000    5.777758   -5.027758 (VIOLATED)
_1247_/A                                0.750000    5.777757   -5.027757 (VIOLATED)
_1248_/A                                0.750000    5.777757   -5.027757 (VIOLATED)
_1249_/A                                0.750000    5.777755   -5.027755 (VIOLATED)
_1250_/A                                0.750000    5.777753   -5.027752 (VIOLATED)
_1153_/A                                0.750000    5.777743   -5.027743 (VIOLATED)
_1227_/A                                0.750000    5.777745   -5.027745 (VIOLATED)
_1251_/A                                0.750000    5.777750   -5.027750 (VIOLATED)
_1252_/A                                0.750000    5.777753   -5.027753 (VIOLATED)
_1177_/A                                0.750000    5.777739   -5.027739 (VIOLATED)
_1253_/A                                0.750000    5.777743   -5.027743 (VIOLATED)
_1176_/A                                0.750000    5.777733   -5.027733 (VIOLATED)
_1189_/A                                0.750000    5.777735   -5.027735 (VIOLATED)
_1199_/A                                0.750000    5.777735   -5.027735 (VIOLATED)
_1200_/A                                0.750000    5.777734   -5.027734 (VIOLATED)
_1201_/A                                0.750000    5.777734   -5.027734 (VIOLATED)
_1210_/A                                0.750000    5.777740   -5.027739 (VIOLATED)
_1211_/A                                0.750000    5.777732   -5.027732 (VIOLATED)
_1175_/A                                0.750000    5.777722   -5.027722 (VIOLATED)
_1178_/A                                0.750000    5.777724   -5.027724 (VIOLATED)
_1190_/A                                0.750000    5.777723   -5.027723 (VIOLATED)
_1202_/A                                0.750000    5.777725   -5.027725 (VIOLATED)
_1212_/A                                0.750000    5.777727   -5.027727 (VIOLATED)
_1213_/A                                0.750000    5.777722   -5.027722 (VIOLATED)
_1224_/A                                0.750000    5.777720   -5.027719 (VIOLATED)
_1225_/A                                0.750000    5.777722   -5.027722 (VIOLATED)
_1240_/A                                0.750000    5.777721   -5.027721 (VIOLATED)
_1241_/A                                0.750000    5.777721   -5.027721 (VIOLATED)
_1242_/A                                0.750000    5.777719   -5.027719 (VIOLATED)
_1269_/A                                0.750000    5.777722   -5.027722 (VIOLATED)
_1174_/A                                0.750000    5.777708   -5.027708 (VIOLATED)
_1222_/A                                0.750000    5.777712   -5.027712 (VIOLATED)
_1179_/A                                0.750000    5.777707   -5.027707 (VIOLATED)
_1191_/A                                0.750000    5.777709   -5.027709 (VIOLATED)
_1238_/A                                0.750000    5.777708   -5.027708 (VIOLATED)
_1262_/A                                0.750000    5.777708   -5.027708 (VIOLATED)
_1263_/A                                0.750000    5.777709   -5.027709 (VIOLATED)
_1264_/A                                0.750000    5.777708   -5.027707 (VIOLATED)
_1265_/A                                0.750000    5.777706   -5.027706 (VIOLATED)
_1270_/A                                0.750000    5.777708   -5.027708 (VIOLATED)
_1271_/A                                0.750000    5.777709   -5.027709 (VIOLATED)
_1272_/A                                0.750000    5.777708   -5.027708 (VIOLATED)
_1273_/A                                0.750000    5.777709   -5.027709 (VIOLATED)
_1192_/A                                0.750000    5.777699   -5.027699 (VIOLATED)
_1239_/A                                0.750000    5.777704   -5.027704 (VIOLATED)
_1244_/A                                0.750000    5.777699   -5.027699 (VIOLATED)
_1254_/A                                0.750000    5.777697   -5.027697 (VIOLATED)
_1266_/A                                0.750000    5.777699   -5.027699 (VIOLATED)
_1223_/A                                0.750000    5.777689   -5.027689 (VIOLATED)
_1255_/A                                0.750000    5.777693   -5.027693 (VIOLATED)
_1256_/A                                0.750000    5.777695   -5.027694 (VIOLATED)
_1274_/A                                0.750000    5.777698   -5.027698 (VIOLATED)
_1243_/A                                0.750000    5.777685   -5.027685 (VIOLATED)
_1181_/A                                0.750000    5.777654   -5.027654 (VIOLATED)
_1193_/A                                0.750000    5.777654   -5.027654 (VIOLATED)
_1194_/A                                0.750000    5.777653   -5.027653 (VIOLATED)
_1195_/A                                0.750000    5.777652   -5.027652 (VIOLATED)
_1196_/A                                0.750000    5.777653   -5.027653 (VIOLATED)
_1197_/A                                0.750000    5.777652   -5.027652 (VIOLATED)
_1245_/A                                0.750000    5.777654   -5.027654 (VIOLATED)
_1257_/A                                0.750000    5.777654   -5.027654 (VIOLATED)
_1258_/A                                0.750000    5.777653   -5.027653 (VIOLATED)
_1267_/A                                0.750000    5.777657   -5.027657 (VIOLATED)
_1259_/A                                0.750000    5.777652   -5.027652 (VIOLATED)
_1260_/A                                0.750000    5.777653   -5.027653 (VIOLATED)
_1261_/A                                0.750000    5.777651   -5.027651 (VIOLATED)
_1268_/A                                0.750000    5.777647   -5.027647 (VIOLATED)
_1276_/A                                0.750000    5.777629   -5.027629 (VIOLATED)
_1275_/A                                0.750000    5.777613   -5.027613 (VIOLATED)
_1277_/A                                0.750000    5.777590   -5.027590 (VIOLATED)
rst                                     0.750000    5.777560   -5.027560 (VIOLATED)
_1287_/CLK                              0.750000    2.740825   -1.990825 (VIOLATED)
_1289_/CLK                              0.750000    2.740825   -1.990825 (VIOLATED)
_1290_/CLK                              0.750000    2.740825   -1.990825 (VIOLATED)
_1288_/CLK                              0.750000    2.740823   -1.990823 (VIOLATED)
_1303_/CLK                              0.750000    2.740824   -1.990824 (VIOLATED)
_1305_/CLK                              0.750000    2.740825   -1.990825 (VIOLATED)
_1306_/CLK                              0.750000    2.740824   -1.990824 (VIOLATED)
_1304_/CLK                              0.750000    2.740822   -1.990822 (VIOLATED)
_1319_/CLK                              0.750000    2.740824   -1.990824 (VIOLATED)
_1321_/CLK                              0.750000    2.740824   -1.990824 (VIOLATED)
_1322_/CLK                              0.750000    2.740824   -1.990824 (VIOLATED)
_1320_/CLK                              0.750000    2.740822   -1.990822 (VIOLATED)
_1349_/CLK                              0.750000    2.740823   -1.990823 (VIOLATED)
_1350_/CLK                              0.750000    2.740821   -1.990821 (VIOLATED)
_1351_/CLK                              0.750000    2.740822   -1.990822 (VIOLATED)
_1352_/CLK                              0.750000    2.740822   -1.990822 (VIOLATED)
_1357_/CLK                              0.750000    2.740822   -1.990822 (VIOLATED)
_1359_/CLK                              0.750000    2.740821   -1.990821 (VIOLATED)
_1360_/CLK                              0.750000    2.740821   -1.990820 (VIOLATED)
_1413_/CLK                              0.750000    2.740820   -1.990820 (VIOLATED)
_1358_/CLK                              0.750000    2.740816   -1.990816 (VIOLATED)
_1374_/CLK                              0.750000    2.740816   -1.990816 (VIOLATED)
_1375_/CLK                              0.750000    2.740815   -1.990816 (VIOLATED)
_1414_/CLK                              0.750000    2.740816   -1.990816 (VIOLATED)
_1477_/CLK                              0.750000    2.740818   -1.990817 (VIOLATED)
_1415_/CLK                              0.750000    2.740814   -1.990814 (VIOLATED)
_1416_/CLK                              0.750000    2.740815   -1.990815 (VIOLATED)
_1376_/CLK                              0.750000    2.740812   -1.990812 (VIOLATED)
_1377_/CLK                              0.750000    2.740808   -1.990808 (VIOLATED)
_1378_/CLK                              0.750000    2.740803   -1.990803 (VIOLATED)
_1402_/CLK                              0.750000    2.740803   -1.990803 (VIOLATED)
_1403_/CLK                              0.750000    2.740803   -1.990803 (VIOLATED)
_1404_/CLK                              0.750000    2.740801   -1.990801 (VIOLATED)
_1478_/CLK                              0.750000    2.740803   -1.990803 (VIOLATED)
_1405_/CLK                              0.750000    2.740801   -1.990800 (VIOLATED)
_1407_/CLK                              0.750000    2.740802   -1.990802 (VIOLATED)
_1406_/CLK                              0.750000    2.740800   -1.990800 (VIOLATED)
_1479_/CLK                              0.750000    2.740801   -1.990801 (VIOLATED)
_1480_/CLK                              0.750000    2.740802   -1.990802 (VIOLATED)
_1408_/CLK                              0.750000    2.740798   -1.990799 (VIOLATED)
_1409_/CLK                              0.750000    2.740794   -1.990794 (VIOLATED)
_1410_/CLK                              0.750000    2.740790   -1.990790 (VIOLATED)
_1291_/CLK                              0.750000    2.740788   -1.990788 (VIOLATED)
_1292_/CLK                              0.750000    2.740788   -1.990788 (VIOLATED)
_1293_/CLK                              0.750000    2.740786   -1.990786 (VIOLATED)
_1307_/CLK                              0.750000    2.740788   -1.990788 (VIOLATED)
_1308_/CLK                              0.750000    2.740788   -1.990788 (VIOLATED)
_1309_/CLK                              0.750000    2.740786   -1.990786 (VIOLATED)
_1323_/CLK                              0.750000    2.740787   -1.990787 (VIOLATED)
_1324_/CLK                              0.750000    2.740787   -1.990787 (VIOLATED)
_1325_/CLK                              0.750000    2.740785   -1.990785 (VIOLATED)
_1294_/CLK                              0.750000    2.740783   -1.990783 (VIOLATED)
_1310_/CLK                              0.750000    2.740783   -1.990783 (VIOLATED)
_1412_/CLK                              0.750000    2.740785   -1.990785 (VIOLATED)
_1326_/CLK                              0.750000    2.740783   -1.990783 (VIOLATED)
_1411_/CLK                              0.750000    2.740782   -1.990782 (VIOLATED)
_1327_/CLK                              0.750000    2.740779   -1.990779 (VIOLATED)
_1278_/CLK                              0.750000    2.740776   -1.990777 (VIOLATED)
_1279_/CLK                              0.750000    2.740776   -1.990776 (VIOLATED)
_1353_/CLK                              0.750000    2.740777   -1.990777 (VIOLATED)
_1354_/CLK                              0.750000    2.740777   -1.990777 (VIOLATED)
_1280_/CLK                              0.750000    2.740775   -1.990775 (VIOLATED)
_1355_/CLK                              0.750000    2.740776   -1.990776 (VIOLATED)
_1281_/CLK                              0.750000    2.740774   -1.990774 (VIOLATED)
_1295_/CLK                              0.750000    2.740776   -1.990776 (VIOLATED)
_1296_/CLK                              0.750000    2.740775   -1.990776 (VIOLATED)
_1297_/CLK                              0.750000    2.740775   -1.990775 (VIOLATED)
_1298_/CLK                              0.750000    2.740775   -1.990775 (VIOLATED)
_1299_/CLK                              0.750000    2.740776   -1.990776 (VIOLATED)
_1300_/CLK                              0.750000    2.740776   -1.990776 (VIOLATED)
_1301_/CLK                              0.750000    2.740776   -1.990776 (VIOLATED)
_1311_/CLK                              0.750000    2.740775   -1.990775 (VIOLATED)
_1312_/CLK                              0.750000    2.740775   -1.990775 (VIOLATED)
_1313_/CLK                              0.750000    2.740775   -1.990775 (VIOLATED)
_1314_/CLK                              0.750000    2.740775   -1.990775 (VIOLATED)
_1315_/CLK                              0.750000    2.740775   -1.990775 (VIOLATED)
_1316_/CLK                              0.750000    2.740775   -1.990776 (VIOLATED)
_1317_/CLK                              0.750000    2.740776   -1.990776 (VIOLATED)
_1328_/CLK                              0.750000    2.740775   -1.990776 (VIOLATED)
_1329_/CLK                              0.750000    2.740777   -1.990777 (VIOLATED)
_1356_/CLK                              0.750000    2.740775   -1.990775 (VIOLATED)
_1361_/CLK                              0.750000    2.740777   -1.990777 (VIOLATED)
_1362_/CLK                              0.750000    2.740777   -1.990777 (VIOLATED)
_1363_/CLK                              0.750000    2.740776   -1.990776 (VIOLATED)
_1364_/CLK                              0.750000    2.740775   -1.990776 (VIOLATED)
_1365_/CLK                              0.750000    2.740777   -1.990777 (VIOLATED)
_1366_/CLK                              0.750000    2.740776   -1.990777 (VIOLATED)
_1367_/CLK                              0.750000    2.740775   -1.990775 (VIOLATED)
_1368_/CLK                              0.750000    2.740774   -1.990774 (VIOLATED)
_1282_/CLK                              0.750000    2.740772   -1.990772 (VIOLATED)
_1334_/CLK                              0.750000    2.740773   -1.990773 (VIOLATED)
_1461_/CLK                              0.750000    2.740773   -1.990773 (VIOLATED)
_1463_/CLK                              0.750000    2.740772   -1.990772 (VIOLATED)
_1283_/CLK                              0.750000    2.740769   -1.990769 (VIOLATED)
_1330_/CLK                              0.750000    2.740771   -1.990771 (VIOLATED)
_1284_/CLK                              0.750000    2.740767   -1.990767 (VIOLATED)
_1302_/CLK                              0.750000    2.740767   -1.990767 (VIOLATED)
_1318_/CLK                              0.750000    2.740767   -1.990767 (VIOLATED)
_1331_/CLK                              0.750000    2.740768   -1.990768 (VIOLATED)
_1332_/CLK                              0.750000    2.740768   -1.990768 (VIOLATED)
_1462_/CLK                              0.750000    2.740768   -1.990768 (VIOLATED)
_1286_/CLK                              0.750000    2.740765   -1.990764 (VIOLATED)
_1333_/CLK                              0.750000    2.740766   -1.990766 (VIOLATED)
_1335_/CLK                              0.750000    2.740766   -1.990766 (VIOLATED)
_1336_/CLK                              0.750000    2.740767   -1.990768 (VIOLATED)
_1337_/CLK                              0.750000    2.740768   -1.990768 (VIOLATED)
_1369_/CLK                              0.750000    2.740768   -1.990768 (VIOLATED)
_1370_/CLK                              0.750000    2.740768   -1.990768 (VIOLATED)
_1371_/CLK                              0.750000    2.740768   -1.990768 (VIOLATED)
_1338_/CLK                              0.750000    2.740766   -1.990765 (VIOLATED)
_1339_/CLK                              0.750000    2.740766   -1.990766 (VIOLATED)
_1340_/CLK                              0.750000    2.740766   -1.990766 (VIOLATED)
_1341_/CLK                              0.750000    2.740766   -1.990765 (VIOLATED)
_1346_/CLK                              0.750000    2.740765   -1.990765 (VIOLATED)
_1372_/CLK                              0.750000    2.740765   -1.990765 (VIOLATED)
_1373_/CLK                              0.750000    2.740766   -1.990765 (VIOLATED)
_1379_/CLK                              0.750000    2.740766   -1.990766 (VIOLATED)
_1380_/CLK                              0.750000    2.740766   -1.990766 (VIOLATED)
_1381_/CLK                              0.750000    2.740766   -1.990766 (VIOLATED)
_1382_/CLK                              0.750000    2.740766   -1.990765 (VIOLATED)
_1383_/CLK                              0.750000    2.740765   -1.990765 (VIOLATED)
_1384_/CLK                              0.750000    2.740765   -1.990765 (VIOLATED)
_1445_/CLK                              0.750000    2.740763   -1.990764 (VIOLATED)
_1446_/CLK                              0.750000    2.740763   -1.990763 (VIOLATED)
_1285_/CLK                              0.750000    2.740761   -1.990761 (VIOLATED)
_1344_/CLK                              0.750000    2.740763   -1.990763 (VIOLATED)
_1345_/CLK                              0.750000    2.740764   -1.990764 (VIOLATED)
_1347_/CLK                              0.750000    2.740765   -1.990765 (VIOLATED)
_1348_/CLK                              0.750000    2.740765   -1.990765 (VIOLATED)
_1385_/CLK                              0.750000    2.740764   -1.990764 (VIOLATED)
_1386_/CLK                              0.750000    2.740764   -1.990764 (VIOLATED)
_1387_/CLK                              0.750000    2.740763   -1.990763 (VIOLATED)
_1447_/CLK                              0.750000    2.740763   -1.990763 (VIOLATED)
_1342_/CLK                              0.750000    2.740760   -1.990760 (VIOLATED)
_1343_/CLK                              0.750000    2.740761   -1.990760 (VIOLATED)
_1388_/CLK                              0.750000    2.740762   -1.990762 (VIOLATED)
_1389_/CLK                              0.750000    2.740761   -1.990760 (VIOLATED)
_1390_/CLK                              0.750000    2.740760   -1.990760 (VIOLATED)
_1391_/CLK                              0.750000    2.740759   -1.990759 (VIOLATED)
_1417_/CLK                              0.750000    2.740761   -1.990760 (VIOLATED)
_1418_/CLK                              0.750000    2.740761   -1.990760 (VIOLATED)
_1419_/CLK                              0.750000    2.740760   -1.990760 (VIOLATED)
_1481_/CLK                              0.750000    2.740760   -1.990760 (VIOLATED)
_1482_/CLK                              0.750000    2.740760   -1.990760 (VIOLATED)
_1392_/CLK                              0.750000    2.740758   -1.990758 (VIOLATED)
_1420_/CLK                              0.750000    2.740759   -1.990759 (VIOLATED)
_1429_/CLK                              0.750000    2.740758   -1.990758 (VIOLATED)
_1430_/CLK                              0.750000    2.740758   -1.990758 (VIOLATED)
_1431_/CLK                              0.750000    2.740758   -1.990758 (VIOLATED)
_1432_/CLK                              0.750000    2.740759   -1.990759 (VIOLATED)
_1483_/CLK                              0.750000    2.740760   -1.990760 (VIOLATED)
_1433_/CLK                              0.750000    2.740757   -1.990757 (VIOLATED)
_1435_/CLK                              0.750000    2.740758   -1.990758 (VIOLATED)
_1484_/CLK                              0.750000    2.740759   -1.990759 (VIOLATED)
_1493_/CLK                              0.750000    2.740758   -1.990758 (VIOLATED)
_1494_/CLK                              0.750000    2.740758   -1.990758 (VIOLATED)
_1495_/CLK                              0.750000    2.740758   -1.990758 (VIOLATED)
_1434_/CLK                              0.750000    2.740756   -1.990756 (VIOLATED)
_1449_/CLK                              0.750000    2.740756   -1.990756 (VIOLATED)
_1496_/CLK                              0.750000    2.740757   -1.990757 (VIOLATED)
_1497_/CLK                              0.750000    2.740756   -1.990756 (VIOLATED)
_1393_/CLK                              0.750000    2.740753   -1.990753 (VIOLATED)
_1498_/CLK                              0.750000    2.740755   -1.990755 (VIOLATED)
_1499_/CLK                              0.750000    2.740756   -1.990756 (VIOLATED)
_1500_/CLK                              0.750000    2.740752   -1.990752 (VIOLATED)
_1424_/CLK                              0.750000    2.740750   -1.990750 (VIOLATED)
_1436_/CLK                              0.750000    2.740749   -1.990749 (VIOLATED)
_1448_/CLK                              0.750000    2.740749   -1.990749 (VIOLATED)
_1450_/CLK                              0.750000    2.740750   -1.990750 (VIOLATED)
_1421_/CLK                              0.750000    2.740746   -1.990746 (VIOLATED)
_1423_/CLK                              0.750000    2.740748   -1.990748 (VIOLATED)
_1422_/CLK                              0.750000    2.740745   -1.990745 (VIOLATED)
_1451_/CLK                              0.750000    2.740745   -1.990745 (VIOLATED)
_1485_/CLK                              0.750000    2.740746   -1.990746 (VIOLATED)
_1487_/CLK                              0.750000    2.740745   -1.990745 (VIOLATED)
_1488_/CLK                              0.750000    2.740745   -1.990744 (VIOLATED)
_1517_/CLK                              0.750000    2.740746   -1.990746 (VIOLATED)
_1519_/CLK                              0.750000    2.740746   -1.990746 (VIOLATED)
_1397_/CLK                              0.750000    2.740741   -1.990741 (VIOLATED)
_1427_/CLK                              0.750000    2.740741   -1.990741 (VIOLATED)
_1452_/CLK                              0.750000    2.740742   -1.990742 (VIOLATED)
_1486_/CLK                              0.750000    2.740740   -1.990740 (VIOLATED)
_1501_/CLK                              0.750000    2.740740   -1.990740 (VIOLATED)
_1509_/CLK                              0.750000    2.740741   -1.990741 (VIOLATED)
_1510_/CLK                              0.750000    2.740742   -1.990742 (VIOLATED)
_1511_/CLK                              0.750000    2.740741   -1.990741 (VIOLATED)
_1512_/CLK                              0.750000    2.740741   -1.990741 (VIOLATED)
_1518_/CLK                              0.750000    2.740742   -1.990742 (VIOLATED)
_1520_/CLK                              0.750000    2.740742   -1.990742 (VIOLATED)
_1513_/CLK                              0.750000    2.740739   -1.990739 (VIOLATED)
_1521_/CLK                              0.750000    2.740738   -1.990738 (VIOLATED)
_1394_/CLK                              0.750000    2.740734   -1.990734 (VIOLATED)
_1398_/CLK                              0.750000    2.740734   -1.990734 (VIOLATED)
_1439_/CLK                              0.750000    2.740734   -1.990734 (VIOLATED)
_1491_/CLK                              0.750000    2.740736   -1.990736 (VIOLATED)
_1502_/CLK                              0.750000    2.740733   -1.990733 (VIOLATED)
_1425_/CLK                              0.750000    2.740729   -1.990729 (VIOLATED)
_1426_/CLK                              0.750000    2.740729   -1.990729 (VIOLATED)
_1428_/CLK                              0.750000    2.740728   -1.990728 (VIOLATED)
_1437_/CLK                              0.750000    2.740729   -1.990729 (VIOLATED)
_1438_/CLK                              0.750000    2.740729   -1.990729 (VIOLATED)
_1489_/CLK                              0.750000    2.740729   -1.990729 (VIOLATED)
_1440_/CLK                              0.750000    2.740727   -1.990727 (VIOLATED)
_1490_/CLK                              0.750000    2.740726   -1.990726 (VIOLATED)
_1503_/CLK                              0.750000    2.740728   -1.990728 (VIOLATED)
_1395_/CLK                              0.750000    2.740721   -1.990721 (VIOLATED)
_1492_/CLK                              0.750000    2.740723   -1.990723 (VIOLATED)
_1504_/CLK                              0.750000    2.740721   -1.990721 (VIOLATED)
_1396_/CLK                              0.750000    2.740715   -1.990715 (VIOLATED)
_1399_/CLK                              0.750000    2.740708   -1.990709 (VIOLATED)
_1514_/CLK                              0.750000    2.740710   -1.990710 (VIOLATED)
_1474_/CLK                              0.750000    2.740702   -1.990702 (VIOLATED)
_1400_/CLK                              0.750000    2.740696   -1.990696 (VIOLATED)
_1401_/CLK                              0.750000    2.740694   -1.990694 (VIOLATED)
_1473_/CLK                              0.750000    2.740695   -1.990694 (VIOLATED)
_1475_/CLK                              0.750000    2.740694   -1.990694 (VIOLATED)
_1476_/CLK                              0.750000    2.740695   -1.990694 (VIOLATED)
_1453_/CLK                              0.750000    2.740690   -1.990690 (VIOLATED)
_1441_/CLK                              0.750000    2.740688   -1.990688 (VIOLATED)
_1442_/CLK                              0.750000    2.740688   -1.990688 (VIOLATED)
_1443_/CLK                              0.750000    2.740688   -1.990688 (VIOLATED)
_1454_/CLK                              0.750000    2.740689   -1.990689 (VIOLATED)
_1455_/CLK                              0.750000    2.740690   -1.990689 (VIOLATED)
_1523_/CLK                              0.750000    2.740690   -1.990689 (VIOLATED)
_1444_/CLK                              0.750000    2.740687   -1.990687 (VIOLATED)
_1456_/CLK                              0.750000    2.740689   -1.990689 (VIOLATED)
_1457_/CLK                              0.750000    2.740689   -1.990689 (VIOLATED)
_1458_/CLK                              0.750000    2.740688   -1.990689 (VIOLATED)
_1464_/CLK                              0.750000    2.740690   -1.990690 (VIOLATED)
_1459_/CLK                              0.750000    2.740688   -1.990688 (VIOLATED)
_1465_/CLK                              0.750000    2.740690   -1.990690 (VIOLATED)
_1466_/CLK                              0.750000    2.740690   -1.990690 (VIOLATED)
_1467_/CLK                              0.750000    2.740690   -1.990690 (VIOLATED)
_1468_/CLK                              0.750000    2.740689   -1.990689 (VIOLATED)
_1469_/CLK                              0.750000    2.740688   -1.990688 (VIOLATED)
_1470_/CLK                              0.750000    2.740688   -1.990688 (VIOLATED)
_1471_/CLK                              0.750000    2.740688   -1.990688 (VIOLATED)
_1505_/CLK                              0.750000    2.740687   -1.990687 (VIOLATED)
_1506_/CLK                              0.750000    2.740687   -1.990687 (VIOLATED)
_1507_/CLK                              0.750000    2.740688   -1.990688 (VIOLATED)
_1508_/CLK                              0.750000    2.740687   -1.990687 (VIOLATED)
_1460_/CLK                              0.750000    2.740685   -1.990685 (VIOLATED)
_1515_/CLK                              0.750000    2.740687   -1.990687 (VIOLATED)
_1472_/CLK                              0.750000    2.740682   -1.990682 (VIOLATED)
_1522_/CLK                              0.750000    2.740684   -1.990684 (VIOLATED)
_1516_/CLK                              0.750000    2.740680   -1.990680 (VIOLATED)
_1524_/CLK                              0.750000    2.740680   -1.990680 (VIOLATED)
clk                                     0.750000    2.740674   -1.990674 (VIOLATED)

max fanout

Pin                                   Limit Fanout  Slack
---------------------------------------------------------
clk                                      10    247   -237 (VIOLATED)
rst                                      10    247   -237 (VIOLATED)
_1510_/Q                                 10     12     -2 (VIOLATED)

max capacitance

Pin                                        Limit         Cap       Slack
------------------------------------------------------------------------
rst                                     0.200000    1.301427   -1.101428 (VIOLATED)
clk                                     0.200000    0.616495   -0.416495 (VIOLATED)



===========================================================================
report_parasitic_annotation -report_unannotated
============================================================================
Found 0 unannotated drivers.
Found 0 partially unannotated drivers.

===========================================================================
max slew violation count 496
Writing metric design__max_slew_violation__count__corner:nom_tt_025C_1v80: 496
max fanout violation count 3
Writing metric design__max_fanout_violation__count__corner:nom_tt_025C_1v80: 3
max cap violation count 2
Writing metric design__max_cap_violation__count__corner:nom_tt_025C_1v80: 2
============================================================================

===========================================================================
check_setup -verbose -unconstrained_endpoints -multiple_clock -no_clock -no_input_delay -loops -generated_clocks
===========================================================================
