Clock: clk
Sources: clk 
Generated: no
Virtual: yes
Propagated: no
Period: 3.333000

===========================================================================
report_clock_properties
============================================================================
Clock                   Period          Waveform
----------------------------------------------------
clk                   3.333000    0.000000  1.666500

===========================================================================
report_clock_latency
============================================================================
Clock clk
rise -> rise
    min     max
0.000000 0.000000 source latency
1.880717         network latency _1516_/CLK
        1.894311 network latency _1289_/CLK
---------------
1.880717 1.894311 latency
        0.013594 skew

fall -> fall
    min     max
0.000000 0.000000 source latency
0.933379         network latency _1516_/CLK
        0.946132 network latency _1289_/CLK
---------------
0.933379 0.946132 latency
        0.012753 skew



===========================================================================
report_clock_min_period
============================================================================
clk period_min = 3.16 fmax = 316.29
