
===========================================================================
Violator List
============================================================================
[hold in-reg] a[2] -> _1511_/D : -1.721016
[hold in-reg] a[1] -> _1510_/D : -1.720944
[hold in-reg] a[0] -> _1509_/D : -1.720942
[hold in-reg] a[4] -> _1513_/D : -1.720772
[hold in-reg] b[4] -> _1521_/D : -1.720604
[hold in-reg] a[3] -> _1512_/D : -1.720512
[hold in-reg] b[2] -> _1519_/D : -1.719747
[hold in-reg] b[0] -> _1517_/D : -1.719637
[hold in-reg] b[3] -> _1520_/D : -1.719610
[hold in-reg] b[1] -> _1518_/D : -1.718899
[hold in-reg] a[5] -> _1514_/D : -1.717945
[hold in-reg] b[6] -> _1523_/D : -1.714878
[hold in-reg] b[5] -> _1522_/D : -1.713782
[hold in-reg] b[7] -> _1524_/D : -1.713167
[hold in-reg] a[6] -> _1515_/D : -1.712758
[hold in-reg] a[7] -> _1516_/D : -1.710812
[setup reg-out] _1288_/Q -> product[1] : -0.303243
[setup reg-out] _1289_/Q -> product[2] : -0.301578
[setup reg-out] _1290_/Q -> product[3] : -0.301507
[setup reg-out] _1287_/Q -> product[0] : -0.301418
[setup reg-out] _1302_/Q -> product[15] : -0.300136
[setup reg-out] _1291_/Q -> product[4] : -0.299192
[setup reg-out] _1292_/Q -> product[5] : -0.299129
[setup reg-out] _1293_/Q -> product[6] : -0.298996
[setup reg-out] _1294_/Q -> product[7] : -0.298831
[setup reg-out] _1298_/Q -> product[11] : -0.298489
[setup reg-out] _1301_/Q -> product[14] : -0.298444
[setup reg-out] _1299_/Q -> product[12] : -0.298370
[setup reg-out] _1295_/Q -> product[8] : -0.298364
[setup reg-out] _1296_/Q -> product[9] : -0.298350
[setup reg-out] _1300_/Q -> product[13] : -0.298340
[setup reg-out] _1297_/Q -> product[10] : -0.298312
Writing metric timing__hold_vio__count__corner:nom_tt_025C_1v80: 16
Writing metric timing__hold_r2r__ws__corner:nom_tt_025C_1v80: 0.231388
Writing metric timing__hold_r2r_vio__count__corner:nom_tt_025C_1v80: 0
Writing metric timing__setup_vio__count__corner:nom_tt_025C_1v80: 16
Writing metric timing__setup_r2r__ws__corner:nom_tt_025C_1v80: 0.171375
Writing metric timing__setup_r2r_vio__count__corner:nom_tt_025C_1v80: 0
