Reading OpenROAD database at '/home/hassan-ul-haq/openlane2/designs/Multiplier/runs/160MHz/38-openroad-globalrouting/mult.odb'…
Reading library file at '/home/hassan-ul-haq/.volare/volare/sky130/versions/0fe599b2afb6708d281543108caf8310912f54af/sky130A/libs.ref/sky130_fd_sc_hd/lib/sky130_fd_sc_hd__tt_025C_1v80.lib'…
Reading design constraints file at '/nix/store/ss2cw3sxbrwwx9jl0rrppbw4kgcmgi2n-python3-3.11.9-env/lib/python3.11/site-packages/openlane/scripts/base.sdc'…
[INFO] Using clock clk…
[INFO] Setting output delay to: 1.25
[INFO] Setting input delay to: 1.25
[INFO] Setting load to: 0.033442
[INFO] Setting clock uncertainty to: 0.25
[INFO] Setting clock transition to: 0.1499999999999999944488848768742172978818416595458984375
[INFO] Setting timing derate to: 5%
[INFO] Setting signal min routing layer to: met1 and clock min routing layer to met1. 
[INFO] Setting signal max routing layer to: met5 and clock max routing layer to met5. 
-congestion_iterations 50 -verbose
[INFO GRT-0020] Min routing layer: met1
[INFO GRT-0021] Max routing layer: met5
[INFO GRT-0022] Global adjustment: 30%
[INFO GRT-0023] Grid origin: (0, 0)
[INFO GRT-0043] No OR_DEFAULT vias defined.
[INFO GRT-0088] Layer li1     Track-Pitch = 0.4600  line-2-Via Pitch: 0.3400
[INFO GRT-0088] Layer met1    Track-Pitch = 0.3400  line-2-Via Pitch: 0.3400
[INFO GRT-0088] Layer met2    Track-Pitch = 0.4600  line-2-Via Pitch: 0.3500
[INFO GRT-0088] Layer met3    Track-Pitch = 0.6800  line-2-Via Pitch: 0.6150
[INFO GRT-0088] Layer met4    Track-Pitch = 0.9200  line-2-Via Pitch: 1.0400
[INFO GRT-0088] Layer met5    Track-Pitch = 3.4000  line-2-Via Pitch: 3.1100
[INFO GRT-0019] Found 10 clock nets.
[INFO GRT-0001] Minimum degree: 2
[INFO GRT-0002] Maximum degree: 13
[INFO GRT-0003] Macros: 0
[INFO GRT-0043] No OR_DEFAULT vias defined.
[INFO GRT-0004] Blockages: 911

[INFO GRT-0053] Routing resources analysis:
          Routing      Original      Derated      Resource
Layer     Direction    Resources     Resources    Reduction (%)
---------------------------------------------------------------
li1        Vertical            0             0          0.00%
met1       Horizontal       5210          2488          52.25%
met2       Vertical         4076          2538          37.73%
met3       Horizontal       2605          1708          34.43%
met4       Vertical         1678           998          40.52%
met5       Horizontal        521           252          51.63%
---------------------------------------------------------------

[INFO GRT-0197] Via related to pin nodes: 2416
[INFO GRT-0198] Via related Steiner nodes: 31
[INFO GRT-0199] Via filling finished.
[INFO GRT-0111] Final number of vias: 2915
[INFO GRT-0112] Final usage 3D: 9917

[INFO GRT-0096] Final congestion report:
Layer         Resource        Demand        Usage (%)    Max H / Max V / Total Overflow
---------------------------------------------------------------------------------------
li1                  0             0            0.00%             0 /  0 /  0
met1              2488           600           24.12%             0 /  0 /  0
met2              2538           547           21.55%             0 /  0 /  0
met3              1708            16            0.94%             0 /  0 /  0
met4               998             9            0.90%             0 /  0 /  0
met5               252             0            0.00%             0 /  0 /  0
---------------------------------------------------------------------------------------
Total             7984          1172           14.68%             0 /  0 /  0

[INFO GRT-0018] Total wirelength: 14407 um
[INFO GRT-0014] Routed nets: 539
[INFO GRT-0006] Repairing antennas, iteration 1.
[INFO GRT-0043] No OR_DEFAULT vias defined.
[INFO GRT-0012] Found 0 antenna violations.
Placement Analysis
---------------------------------
total displacement          0.0 u
average displacement        0.0 u
max displacement            0.0 u
original HPWL            7431.4 u
legalized HPWL           7634.3 u
delta HPWL                    3 %

[INFO DPL-0020] Mirrored 194 instances
[INFO DPL-0021] HPWL before            7634.3 u
[INFO DPL-0022] HPWL after             7431.4 u
[INFO DPL-0023] HPWL delta               -2.7 %
-congestion_iterations 50 -verbose
[INFO GRT-0020] Min routing layer: met1
[INFO GRT-0021] Max routing layer: met5
[INFO GRT-0022] Global adjustment: 30%
[INFO GRT-0023] Grid origin: (0, 0)
[INFO GRT-0043] No OR_DEFAULT vias defined.
[INFO GRT-0088] Layer li1     Track-Pitch = 0.4600  line-2-Via Pitch: 0.3400
[INFO GRT-0088] Layer met1    Track-Pitch = 0.3400  line-2-Via Pitch: 0.3400
[INFO GRT-0088] Layer met2    Track-Pitch = 0.4600  line-2-Via Pitch: 0.3500
[INFO GRT-0088] Layer met3    Track-Pitch = 0.6800  line-2-Via Pitch: 0.6150
[INFO GRT-0088] Layer met4    Track-Pitch = 0.9200  line-2-Via Pitch: 1.0400
[INFO GRT-0088] Layer met5    Track-Pitch = 3.4000  line-2-Via Pitch: 3.1100
[INFO GRT-0019] Found 10 clock nets.
[INFO GRT-0001] Minimum degree: 2
[INFO GRT-0002] Maximum degree: 13
[INFO GRT-0003] Macros: 0
[INFO GRT-0043] No OR_DEFAULT vias defined.
[INFO GRT-0004] Blockages: 911

[INFO GRT-0053] Routing resources analysis:
          Routing      Original      Derated      Resource
Layer     Direction    Resources     Resources    Reduction (%)
---------------------------------------------------------------
li1        Vertical            0             0          0.00%
met1       Horizontal       5210          2488          52.25%
met2       Vertical         4076          2538          37.73%
met3       Horizontal       2605          1708          34.43%
met4       Vertical         1678           998          40.52%
met5       Horizontal        521           252          51.63%
---------------------------------------------------------------

[INFO GRT-0197] Via related to pin nodes: 2416
[INFO GRT-0198] Via related Steiner nodes: 31
[INFO GRT-0199] Via filling finished.
[INFO GRT-0111] Final number of vias: 2915
[INFO GRT-0112] Final usage 3D: 9917

[INFO GRT-0096] Final congestion report:
Layer         Resource        Demand        Usage (%)    Max H / Max V / Total Overflow
---------------------------------------------------------------------------------------
li1                  0             0            0.00%             0 /  0 /  0
met1              2488           600           24.12%             0 /  0 /  0
met2              2538           547           21.55%             0 /  0 /  0
met3              1708            16            0.94%             0 /  0 /  0
met4               998             9            0.90%             0 /  0 /  0
met5               252             0            0.00%             0 /  0 /  0
---------------------------------------------------------------------------------------
Total             7984          1172           14.68%             0 /  0 /  0

[INFO GRT-0018] Total wirelength: 14407 um
[INFO GRT-0014] Routed nets: 539
[INFO] Setting RC values…
Setting global connections for newly added cells…
[INFO] Setting global connections...
Updating metrics…
Cell type report:                       Count       Area
  Fill cell                                72     270.26
  Tap cell                                133     166.41
  Clock buffer                             10     238.98
  Timing Repair Buffer                     71     409.14
  Inverter                                 71     266.51
  Clock inverter                            6      92.59
  Sequential cell                          64    1601.54
  Multi-Input combinational cell          306    2103.27
  Total                                   733    5148.69
Writing OpenROAD database to '/home/hassan-ul-haq/openlane2/designs/Multiplier/runs/160MHz/41-openroad-repairantennas/1-diodeinsertion/mult.odb'…
Writing layout to '/home/hassan-ul-haq/openlane2/designs/Multiplier/runs/160MHz/41-openroad-repairantennas/1-diodeinsertion/mult.def'…
