Clock: clk
Sources: clk 
Generated: no
Virtual: yes
Propagated: no
Period: 6.250000

===========================================================================
report_clock_properties
============================================================================
Clock                   Period          Waveform
----------------------------------------------------
clk                   6.250000    0.000000  3.125000

===========================================================================
report_clock_latency
============================================================================
Clock clk
rise -> rise
    min     max
0.000000 0.000000 source latency
0.706077         network latency _806_/CLK
        0.716341 network latency _811_/CLK
---------------
0.706077 0.716341 latency
        0.010264 skew

fall -> fall
    min     max
0.000000 0.000000 source latency
0.659486         network latency _806_/CLK
        0.668643 network latency _811_/CLK
---------------
0.659486 0.668643 latency
        0.009157 skew



===========================================================================
report_clock_min_period
============================================================================
clk period_min = 6.36 fmax = 157.21
