Reading timing models for corner nom_tt_025C_1v80…
Reading timing library for the 'nom_tt_025C_1v80' corner at '/home/hassan-ul-haq/.volare/volare/sky130/versions/0fe599b2afb6708d281543108caf8310912f54af/sky130A/libs.ref/sky130_fd_sc_hd/lib/sky130_fd_sc_hd__tt_025C_1v80.lib'…
Reading timing models for corner nom_ff_n40C_1v95…
Reading timing library for the 'nom_ff_n40C_1v95' corner at '/home/hassan-ul-haq/.volare/volare/sky130/versions/0fe599b2afb6708d281543108caf8310912f54af/sky130A/libs.ref/sky130_fd_sc_hd/lib/sky130_fd_sc_hd__ff_n40C_1v95.lib'…
Reading timing models for corner nom_ss_100C_1v60…
Reading timing library for the 'nom_ss_100C_1v60' corner at '/home/hassan-ul-haq/.volare/volare/sky130/versions/0fe599b2afb6708d281543108caf8310912f54af/sky130A/libs.ref/sky130_fd_sc_hd/lib/sky130_fd_sc_hd__ss_100C_1v60.lib'…
Reading OpenROAD database at '/home/hassan-ul-haq/openlane2/designs/Multiplier/runs/500MHz/27-openroad-globalplacement/mult.odb'…
Reading design constraints file at 'pnr.sdc'…
[WARNING STA-0366] port 'product[*]' not found.
[INFO] No information on clock propagation in input SDC file-- propagating all clocks.
[INFO] Setting RC values…
[INFO RSZ-0027] Inserted 10 input buffers.
[INFO RSZ-0028] Inserted 8 output buffers.
[INFO RSZ-0058] Using max wire length 6335um.
Iteration | Resized | Buffers | Nets repaired | Remaining
---------------------------------------------------------
        0 |       0 |       0 |             0 |       101
       10 |       8 |       0 |             0 |        91
       20 |      11 |       0 |             0 |        81
       30 |      21 |       0 |             0 |        71
       40 |      31 |       0 |             0 |        61
       50 |      40 |       0 |             0 |        51
       60 |      49 |       0 |             0 |        41
       70 |      54 |       0 |             0 |        31
       80 |      54 |       0 |             0 |        21
       90 |      54 |       0 |             0 |        11
      100 |      54 |       0 |             0 |         1
    final |      54 |       0 |             0 |         0
---------------------------------------------------------
[INFO RSZ-0039] Resized 54 instances.
[INFO RSZ-0042] Inserted 8 tie sky130_fd_sc_hd__conb_1 instances.
Placement Analysis
---------------------------------
total displacement        145.9 u
average displacement        0.0 u
max displacement            9.8 u
original HPWL            4243.6 u
legalized HPWL           4336.5 u
delta HPWL                    2 %

[INFO DPL-0020] Mirrored 17 instances
[INFO DPL-0021] HPWL before            4336.5 u
[INFO DPL-0022] HPWL after             4317.6 u
[INFO DPL-0023] HPWL delta               -0.4 %
[INFO] Setting RC values…
Setting global connections for newly added cells…
[INFO] Setting global connections...
Updating metrics…
Cell type report:                       Count       Area
  Fill cell                               324    1216.17
  Tap cell                               2788    3488.35
  Timing Repair Buffer                     18     112.61
  Sequential cell                          41    1030.99
  Multi-Input combinational cell           16      80.08
  Total                                  3187    5928.19
Writing OpenROAD database to '/home/hassan-ul-haq/openlane2/designs/Multiplier/runs/500MHz/31-openroad-repairdesignpostgpl/mult.odb'…
Writing netlist to '/home/hassan-ul-haq/openlane2/designs/Multiplier/runs/500MHz/31-openroad-repairdesignpostgpl/mult.nl.v'…
Writing powered netlist to '/home/hassan-ul-haq/openlane2/designs/Multiplier/runs/500MHz/31-openroad-repairdesignpostgpl/mult.pnl.v'…
Writing layout to '/home/hassan-ul-haq/openlane2/designs/Multiplier/runs/500MHz/31-openroad-repairdesignpostgpl/mult.def'…
Writing timing constraints to '/home/hassan-ul-haq/openlane2/designs/Multiplier/runs/500MHz/31-openroad-repairdesignpostgpl/mult.sdc'…
