
===========================================================================
report_checks -unconstrained
===========================================================================
======================= nom_ss_100C_1v60 Corner ===================================

Startpoint: rst (input port clocked by clk)
Endpoint: _668_ (recovery check against rising-edge clock clk)
Path Group: asynchronous
Path Type: max

Fanout         Cap        Slew       Delay        Time   Description
---------------------------------------------------------------------------------------------
                                  0.000000    0.000000   clock clk (rise edge)
                                  0.000000    0.000000   clock network delay (propagated)
                                  1.666600    1.666600 v input external delay
     1    0.002642    0.017861    0.008737    1.675337 v rst (in)
                                                         rst (net)
                      0.017861    0.000000    1.675337 v input17/A (sky130_fd_sc_hd__clkbuf_1)
     1    0.002181    0.044241    0.130788    1.806125 v input17/X (sky130_fd_sc_hd__clkbuf_1)
                                                         net17 (net)
                      0.044241    0.000061    1.806186 v fanout62/A (sky130_fd_sc_hd__buf_2)
     5    0.030755    0.152238    0.321351    2.127537 v fanout62/X (sky130_fd_sc_hd__buf_2)
                                                         net62 (net)
                      0.152239    0.000728    2.128266 v fanout60/A (sky130_fd_sc_hd__buf_4)
    10    0.063883    0.161540    0.392262    2.520528 v fanout60/X (sky130_fd_sc_hd__buf_4)
                                                         net60 (net)
                      0.161540    0.000625    2.521153 v fanout59/A (sky130_fd_sc_hd__buf_4)
    10    0.054707    0.143121    0.381424    2.902577 v fanout59/X (sky130_fd_sc_hd__buf_4)
                                                         net59 (net)
                      0.143165    0.002428    2.905005 v _636_/A (sky130_fd_sc_hd__inv_2)
     1    0.004141    0.056759    0.101924    3.006929 ^ _636_/Y (sky130_fd_sc_hd__inv_2)
                                                         _010_ (net)
                      0.056759    0.000094    3.007023 ^ _668_/RESET_B (sky130_fd_sc_hd__dfrtp_1)
                                              3.007023   data arrival time

                                  8.333000    8.333000   clock clk (rise edge)
                                  0.000000    8.333000   clock source latency
     1    0.018913    0.142415    0.097117    8.430118 ^ clk (in)
                                                         clk (net)
                      0.142432    0.000000    8.430118 ^ clkbuf_0_clk/A (sky130_fd_sc_hd__clkbuf_16)
     4    0.040252    0.095056    0.283144    8.713262 ^ clkbuf_0_clk/X (sky130_fd_sc_hd__clkbuf_16)
                                                         clknet_0_clk (net)
                      0.095067    0.001057    8.714318 ^ clkbuf_2_0__f_clk/A (sky130_fd_sc_hd__clkbuf_16)
    12    0.033808    0.085807    0.251955    8.966273 ^ clkbuf_2_0__f_clk/X (sky130_fd_sc_hd__clkbuf_16)
                                                         clknet_2_0__leaf_clk (net)
                      0.085832    0.001428    8.967702 ^ _668_/CLK (sky130_fd_sc_hd__dfrtp_1)
                                 -0.250000    8.717702   clock uncertainty
                                  0.000000    8.717702   clock reconvergence pessimism
                                  0.472753    9.190454   library recovery time
                                              9.190454   data required time
---------------------------------------------------------------------------------------------
                                              9.190454   data required time
                                             -3.007023   data arrival time
---------------------------------------------------------------------------------------------
                                              6.183432   slack (MET)


Startpoint: _671_ (rising edge-triggered flip-flop clocked by clk)
Endpoint: _662_ (rising edge-triggered flip-flop clocked by clk)
Path Group: clk
Path Type: max

Fanout         Cap        Slew       Delay        Time   Description
---------------------------------------------------------------------------------------------
                                  0.000000    0.000000   clock clk (rise edge)
                                  0.000000    0.000000   clock source latency
     1    0.018913    0.142415    0.097117    0.097117 ^ clk (in)
                                                         clk (net)
                      0.142432    0.000000    0.097117 ^ clkbuf_0_clk/A (sky130_fd_sc_hd__clkbuf_16)
     4    0.040252    0.095056    0.283144    0.380261 ^ clkbuf_0_clk/X (sky130_fd_sc_hd__clkbuf_16)
                                                         clknet_0_clk (net)
                      0.095067    0.001056    0.381318 ^ clkbuf_2_0__f_clk/A (sky130_fd_sc_hd__clkbuf_16)
    12    0.033808    0.085807    0.251955    0.633273 ^ clkbuf_2_0__f_clk/X (sky130_fd_sc_hd__clkbuf_16)
                                                         clknet_2_0__leaf_clk (net)
                      0.085867    0.002039    0.635311 ^ _671_/CLK (sky130_fd_sc_hd__dfrtp_1)
     2    0.008073    0.120748    0.792726    1.428038 v _671_/Q (sky130_fd_sc_hd__dfrtp_1)
                                                         a_reg[6] (net)
                      0.120748    0.000110    1.428148 v fanout48/A (sky130_fd_sc_hd__clkbuf_4)
    10    0.033915    0.138018    0.348040    1.776187 v fanout48/X (sky130_fd_sc_hd__clkbuf_4)
                                                         net48 (net)
                      0.138035    0.001582    1.777769 v _399_/C (sky130_fd_sc_hd__and4_1)
     3    0.009177    0.124123    0.469978    2.247747 v _399_/X (sky130_fd_sc_hd__and4_1)
                                                         _075_ (net)
                      0.124123    0.000319    2.248065 v _401_/B (sky130_fd_sc_hd__or3_1)
     2    0.006238    0.171044    0.865867    3.113933 v _401_/X (sky130_fd_sc_hd__or3_1)
                                                         _077_ (net)
                      0.171044    0.000163    3.114096 v _405_/A1 (sky130_fd_sc_hd__a21o_1)
     3    0.008538    0.104828    0.375139    3.489235 v _405_/X (sky130_fd_sc_hd__a21o_1)
                                                         _081_ (net)
                      0.104828    0.000208    3.489443 v _445_/A2 (sky130_fd_sc_hd__a21bo_1)
     2    0.007284    0.097563    0.390341    3.879784 v _445_/X (sky130_fd_sc_hd__a21bo_1)
                                                         _120_ (net)
                      0.097563    0.000211    3.879996 v _447_/B1 (sky130_fd_sc_hd__a21o_1)
     3    0.010536    0.120968    0.349641    4.229636 v _447_/X (sky130_fd_sc_hd__a21o_1)
                                                         _122_ (net)
                      0.120968    0.000199    4.229836 v _448_/C (sky130_fd_sc_hd__and3_1)
     2    0.008595    0.117890    0.436920    4.666756 v _448_/X (sky130_fd_sc_hd__and3_1)
                                                         _123_ (net)
                      0.117890    0.000226    4.666983 v _450_/B1 (sky130_fd_sc_hd__a211o_1)
     3    0.007481    0.126350    0.566719    5.233702 v _450_/X (sky130_fd_sc_hd__a211o_1)
                                                         _125_ (net)
                      0.126350    0.000170    5.233871 v _453_/A1 (sky130_fd_sc_hd__a21o_1)
     3    0.007093    0.093415    0.344853    5.578725 v _453_/X (sky130_fd_sc_hd__a21o_1)
                                                         _128_ (net)
                      0.093415    0.000098    5.578823 v _456_/C (sky130_fd_sc_hd__and3_1)
     2    0.005944    0.096445    0.400821    5.979643 v _456_/X (sky130_fd_sc_hd__and3_1)
                                                         _131_ (net)
                      0.096445    0.000139    5.979783 v _492_/B1 (sky130_fd_sc_hd__a21o_1)
     4    0.017207    0.168931    0.395421    6.375204 v _492_/X (sky130_fd_sc_hd__a21o_1)
                                                         _166_ (net)
                      0.168931    0.000705    6.375908 v _598_/A1 (sky130_fd_sc_hd__a211o_1)
     2    0.006099    0.115053    0.561250    6.937159 v _598_/X (sky130_fd_sc_hd__a211o_1)
                                                         _268_ (net)
                      0.115053    0.000146    6.937304 v _600_/C (sky130_fd_sc_hd__and4b_1)
     4    0.012788    0.154681    0.489856    7.427161 v _600_/X (sky130_fd_sc_hd__and4b_1)
                                                         _270_ (net)
                      0.154681    0.000322    7.427483 v _614_/B (sky130_fd_sc_hd__or4_1)
     1    0.002698    0.174029    1.190916    8.618399 v _614_/X (sky130_fd_sc_hd__or4_1)
                                                         _283_ (net)
                      0.174029    0.000077    8.618476 v _615_/B (sky130_fd_sc_hd__nand2_1)
     1    0.002135    0.074635    0.139799    8.758275 ^ _615_/Y (sky130_fd_sc_hd__nand2_1)
                                                         product_reg[13] (net)
                      0.074635    0.000060    8.758335 ^ _662_/D (sky130_fd_sc_hd__dfrtp_1)
                                              8.758335   data arrival time

                                  8.333000    8.333000   clock clk (rise edge)
                                  0.000000    8.333000   clock source latency
     1    0.018913    0.142415    0.097117    8.430118 ^ clk (in)
                                                         clk (net)
                      0.142432    0.000000    8.430118 ^ clkbuf_0_clk/A (sky130_fd_sc_hd__clkbuf_16)
     4    0.040252    0.095056    0.283144    8.713262 ^ clkbuf_0_clk/X (sky130_fd_sc_hd__clkbuf_16)
                                                         clknet_0_clk (net)
                      0.095066    0.001041    8.714302 ^ clkbuf_2_2__f_clk/A (sky130_fd_sc_hd__clkbuf_16)
     8    0.042663    0.097330    0.264612    8.978915 ^ clkbuf_2_2__f_clk/X (sky130_fd_sc_hd__clkbuf_16)
                                                         clknet_2_2__leaf_clk (net)
                      0.097405    0.001430    8.980345 ^ _662_/CLK (sky130_fd_sc_hd__dfrtp_1)
                                 -0.250000    8.730345   clock uncertainty
                                  0.000000    8.730345   clock reconvergence pessimism
                                 -0.129402    8.600943   library setup time
                                              8.600943   data required time
---------------------------------------------------------------------------------------------
                                              8.600943   data required time
                                             -8.758335   data arrival time
---------------------------------------------------------------------------------------------
                                             -0.157392   slack (VIOLATED)




===========================================================================
report_checks --slack_max -0.01
============================================================================
======================= nom_ss_100C_1v60 Corner ===================================

Startpoint: _671_ (rising edge-triggered flip-flop clocked by clk)
Endpoint: _662_ (rising edge-triggered flip-flop clocked by clk)
Path Group: clk
Path Type: max

Fanout         Cap        Slew       Delay        Time   Description
---------------------------------------------------------------------------------------------
                                  0.000000    0.000000   clock clk (rise edge)
                                  0.000000    0.000000   clock source latency
     1    0.018913    0.142415    0.097117    0.097117 ^ clk (in)
                                                         clk (net)
                      0.142432    0.000000    0.097117 ^ clkbuf_0_clk/A (sky130_fd_sc_hd__clkbuf_16)
     4    0.040252    0.095056    0.283144    0.380261 ^ clkbuf_0_clk/X (sky130_fd_sc_hd__clkbuf_16)
                                                         clknet_0_clk (net)
                      0.095067    0.001056    0.381318 ^ clkbuf_2_0__f_clk/A (sky130_fd_sc_hd__clkbuf_16)
    12    0.033808    0.085807    0.251955    0.633273 ^ clkbuf_2_0__f_clk/X (sky130_fd_sc_hd__clkbuf_16)
                                                         clknet_2_0__leaf_clk (net)
                      0.085867    0.002039    0.635311 ^ _671_/CLK (sky130_fd_sc_hd__dfrtp_1)
     2    0.008073    0.120748    0.792726    1.428038 v _671_/Q (sky130_fd_sc_hd__dfrtp_1)
                                                         a_reg[6] (net)
                      0.120748    0.000110    1.428148 v fanout48/A (sky130_fd_sc_hd__clkbuf_4)
    10    0.033915    0.138018    0.348040    1.776187 v fanout48/X (sky130_fd_sc_hd__clkbuf_4)
                                                         net48 (net)
                      0.138035    0.001582    1.777769 v _399_/C (sky130_fd_sc_hd__and4_1)
     3    0.009177    0.124123    0.469978    2.247747 v _399_/X (sky130_fd_sc_hd__and4_1)
                                                         _075_ (net)
                      0.124123    0.000319    2.248065 v _401_/B (sky130_fd_sc_hd__or3_1)
     2    0.006238    0.171044    0.865867    3.113933 v _401_/X (sky130_fd_sc_hd__or3_1)
                                                         _077_ (net)
                      0.171044    0.000163    3.114096 v _405_/A1 (sky130_fd_sc_hd__a21o_1)
     3    0.008538    0.104828    0.375139    3.489235 v _405_/X (sky130_fd_sc_hd__a21o_1)
                                                         _081_ (net)
                      0.104828    0.000208    3.489443 v _445_/A2 (sky130_fd_sc_hd__a21bo_1)
     2    0.007284    0.097563    0.390341    3.879784 v _445_/X (sky130_fd_sc_hd__a21bo_1)
                                                         _120_ (net)
                      0.097563    0.000211    3.879996 v _447_/B1 (sky130_fd_sc_hd__a21o_1)
     3    0.010536    0.120968    0.349641    4.229636 v _447_/X (sky130_fd_sc_hd__a21o_1)
                                                         _122_ (net)
                      0.120968    0.000199    4.229836 v _448_/C (sky130_fd_sc_hd__and3_1)
     2    0.008595    0.117890    0.436920    4.666756 v _448_/X (sky130_fd_sc_hd__and3_1)
                                                         _123_ (net)
                      0.117890    0.000226    4.666983 v _450_/B1 (sky130_fd_sc_hd__a211o_1)
     3    0.007481    0.126350    0.566719    5.233702 v _450_/X (sky130_fd_sc_hd__a211o_1)
                                                         _125_ (net)
                      0.126350    0.000170    5.233871 v _453_/A1 (sky130_fd_sc_hd__a21o_1)
     3    0.007093    0.093415    0.344853    5.578725 v _453_/X (sky130_fd_sc_hd__a21o_1)
                                                         _128_ (net)
                      0.093415    0.000098    5.578823 v _456_/C (sky130_fd_sc_hd__and3_1)
     2    0.005944    0.096445    0.400821    5.979643 v _456_/X (sky130_fd_sc_hd__and3_1)
                                                         _131_ (net)
                      0.096445    0.000139    5.979783 v _492_/B1 (sky130_fd_sc_hd__a21o_1)
     4    0.017207    0.168931    0.395421    6.375204 v _492_/X (sky130_fd_sc_hd__a21o_1)
                                                         _166_ (net)
                      0.168931    0.000705    6.375908 v _598_/A1 (sky130_fd_sc_hd__a211o_1)
     2    0.006099    0.115053    0.561250    6.937159 v _598_/X (sky130_fd_sc_hd__a211o_1)
                                                         _268_ (net)
                      0.115053    0.000146    6.937304 v _600_/C (sky130_fd_sc_hd__and4b_1)
     4    0.012788    0.154681    0.489856    7.427161 v _600_/X (sky130_fd_sc_hd__and4b_1)
                                                         _270_ (net)
                      0.154681    0.000322    7.427483 v _614_/B (sky130_fd_sc_hd__or4_1)
     1    0.002698    0.174029    1.190916    8.618399 v _614_/X (sky130_fd_sc_hd__or4_1)
                                                         _283_ (net)
                      0.174029    0.000077    8.618476 v _615_/B (sky130_fd_sc_hd__nand2_1)
     1    0.002135    0.074635    0.139799    8.758275 ^ _615_/Y (sky130_fd_sc_hd__nand2_1)
                                                         product_reg[13] (net)
                      0.074635    0.000060    8.758335 ^ _662_/D (sky130_fd_sc_hd__dfrtp_1)
                                              8.758335   data arrival time

                                  8.333000    8.333000   clock clk (rise edge)
                                  0.000000    8.333000   clock source latency
     1    0.018913    0.142415    0.097117    8.430118 ^ clk (in)
                                                         clk (net)
                      0.142432    0.000000    8.430118 ^ clkbuf_0_clk/A (sky130_fd_sc_hd__clkbuf_16)
     4    0.040252    0.095056    0.283144    8.713262 ^ clkbuf_0_clk/X (sky130_fd_sc_hd__clkbuf_16)
                                                         clknet_0_clk (net)
                      0.095066    0.001041    8.714302 ^ clkbuf_2_2__f_clk/A (sky130_fd_sc_hd__clkbuf_16)
     8    0.042663    0.097330    0.264612    8.978915 ^ clkbuf_2_2__f_clk/X (sky130_fd_sc_hd__clkbuf_16)
                                                         clknet_2_2__leaf_clk (net)
                      0.097405    0.001430    8.980345 ^ _662_/CLK (sky130_fd_sc_hd__dfrtp_1)
                                 -0.250000    8.730345   clock uncertainty
                                  0.000000    8.730345   clock reconvergence pessimism
                                 -0.129402    8.600943   library setup time
                                              8.600943   data required time
---------------------------------------------------------------------------------------------
                                              8.600943   data required time
                                             -8.758335   data arrival time
---------------------------------------------------------------------------------------------
                                             -0.157392   slack (VIOLATED)




===========================================================================
 report_check_types -max_slew -max_cap -max_fanout -violators
============================================================================
======================= nom_ss_100C_1v60 Corner ===================================

max fanout

Pin                                   Limit Fanout  Slack
---------------------------------------------------------
clkbuf_2_0__f_clk/X                      10     12     -2 (VIOLATED)



===========================================================================
report_parasitic_annotation -report_unannotated
============================================================================
Found 3 unannotated drivers.
 clkload0/Y
 clkload1/Y
 clkload2/Y
Found 0 partially unannotated drivers.

===========================================================================
max slew violation count 0
max fanout violation count 1
max cap violation count 0
============================================================================

===========================================================================
check_setup -verbose -unconstrained_endpoints -multiple_clock -no_clock -no_input_delay -loops -generated_clocks
===========================================================================
