Clock: clk
Sources: clk 
Generated: no
Virtual: yes
Propagated: no
Period: 25.000000

===========================================================================
report_clock_properties
============================================================================
Clock                   Period          Waveform
----------------------------------------------------
clk                  25.000000    0.000000 12.500000

===========================================================================
report_clock_latency
============================================================================
Clock clk
rise -> rise
    min     max
0.000000 0.000000 source latency
0.353781         network latency _688_/CLK
        0.354915 network latency _677_/CLK
---------------
0.353781 0.354915 latency
        0.001134 skew

fall -> fall
    min     max
0.000000 0.000000 source latency
0.409457         network latency _688_/CLK
        0.410899 network latency _677_/CLK
---------------
0.409457 0.410899 latency
        0.001442 skew



===========================================================================
report_clock_min_period
============================================================================
clk period_min = 4.46 fmax = 224.43
