Clock: clk
Sources: clk 
Generated: no
Virtual: yes
Propagated: no
Period: 12.500000

===========================================================================
report_clock_properties
============================================================================
Clock                   Period          Waveform
----------------------------------------------------
clk                  12.500000    0.000000  6.250000

===========================================================================
report_clock_latency
============================================================================
Clock clk
rise -> rise
    min     max
0.000000 0.000000 source latency
0.248841         network latency _688_/CLK
        0.255162 network latency _680_/CLK
---------------
0.248841 0.255162 latency
        0.006321 skew

fall -> fall
    min     max
0.000000 0.000000 source latency
0.230602         network latency _688_/CLK
        0.235310 network latency _680_/CLK
---------------
0.230602 0.235310 latency
        0.004708 skew



===========================================================================
report_clock_min_period
============================================================================
clk period_min = 2.87 fmax = 348.60
