Reading OpenROAD database at '/home/hassan-ul-haq/openlane2/designs/Multiplier/runs/500MHz/17-openroad-cutrows/mult.odb'…
Reading library file at '/home/hassan-ul-haq/.volare/volare/sky130/versions/0fe599b2afb6708d281543108caf8310912f54af/sky130A/libs.ref/sky130_fd_sc_hd/lib/sky130_fd_sc_hd__tt_025C_1v80.lib'…
Reading design constraints file at 'pnr.sdc'…
[WARNING STA-0366] port 'product[*]' not found.
[INFO] No information on clock propagation in input SDC file-- propagating all clocks.
[INFO TAP-0004] Inserted 324 endcaps.
[INFO TAP-0005] Inserted 2788 tapcells.
Setting global connections for newly added cells…
[INFO] Setting global connections...
Updating metrics…
Cell type report:                       Count       Area
  Fill cell                               324    1216.17
  Tap cell                               2788    3488.35
  Sequential cell                          41    1077.28
  Multi-Input combinational cell           16      90.09
  Total                                  3169    5871.88
Writing OpenROAD database to '/home/hassan-ul-haq/openlane2/designs/Multiplier/runs/500MHz/18-openroad-tapendcapinsertion/mult.odb'…
Writing netlist to '/home/hassan-ul-haq/openlane2/designs/Multiplier/runs/500MHz/18-openroad-tapendcapinsertion/mult.nl.v'…
Writing powered netlist to '/home/hassan-ul-haq/openlane2/designs/Multiplier/runs/500MHz/18-openroad-tapendcapinsertion/mult.pnl.v'…
Writing layout to '/home/hassan-ul-haq/openlane2/designs/Multiplier/runs/500MHz/18-openroad-tapendcapinsertion/mult.def'…
Writing timing constraints to '/home/hassan-ul-haq/openlane2/designs/Multiplier/runs/500MHz/18-openroad-tapendcapinsertion/mult.sdc'…
