Clock: clk
Sources: clk 
Generated: no
Virtual: yes
Propagated: no
Period: 5.000000

===========================================================================
report_clock_properties
============================================================================
Clock                   Period          Waveform
----------------------------------------------------
clk                   5.000000    0.000000  2.500000

===========================================================================
report_clock_latency
============================================================================
Clock clk
rise -> rise
    min     max
0.000000 0.000000 source latency
0.422534         network latency _807_/CLK
        0.431768 network latency _822_/CLK
---------------
0.422534 0.431768 latency
        0.009234 skew

fall -> fall
    min     max
0.000000 0.000000 source latency
0.380665         network latency _807_/CLK
        0.388364 network latency _822_/CLK
---------------
0.380665 0.388364 latency
        0.007699 skew



===========================================================================
report_clock_min_period
============================================================================
clk period_min = 2.77 fmax = 360.59
