Clock: clk
Sources: clk 
Generated: no
Virtual: yes
Propagated: no
Period: 5.000000

===========================================================================
report_clock_properties
============================================================================
Clock                   Period          Waveform
----------------------------------------------------
clk                   5.000000    0.000000  2.500000

===========================================================================
report_clock_latency
============================================================================
Clock clk
rise -> rise
    min     max
0.000000 0.000000 source latency
0.465243         network latency _1021_/CLK
        0.477939 network latency _0981_/CLK
---------------
0.465243 0.477939 latency
        0.012697 skew

fall -> fall
    min     max
0.000000 0.000000 source latency
0.403813         network latency _1021_/CLK
        0.413418 network latency _0981_/CLK
---------------
0.403813 0.413418 latency
        0.009605 skew



===========================================================================
report_clock_min_period
============================================================================
clk period_min = 2.38 fmax = 421.04
