Reading timing models for corner nom_tt_025C_1v80…
Reading timing library for the 'nom_tt_025C_1v80' corner at '/home/hassan-ul-haq/.volare/volare/sky130/versions/0fe599b2afb6708d281543108caf8310912f54af/sky130A/libs.ref/sky130_fd_sc_hd/lib/sky130_fd_sc_hd__tt_025C_1v80.lib'…
Reading timing models for corner nom_ff_n40C_1v95…
Reading timing library for the 'nom_ff_n40C_1v95' corner at '/home/hassan-ul-haq/.volare/volare/sky130/versions/0fe599b2afb6708d281543108caf8310912f54af/sky130A/libs.ref/sky130_fd_sc_hd/lib/sky130_fd_sc_hd__ff_n40C_1v95.lib'…
Reading timing models for corner nom_ss_100C_1v60…
Reading timing library for the 'nom_ss_100C_1v60' corner at '/home/hassan-ul-haq/.volare/volare/sky130/versions/0fe599b2afb6708d281543108caf8310912f54af/sky130A/libs.ref/sky130_fd_sc_hd/lib/sky130_fd_sc_hd__ss_100C_1v60.lib'…
Reading OpenROAD database at '/home/hassan-ul-haq/openlane2/designs/Multiplier/runs/300MHz/27-openroad-globalplacement/mult.odb'…
Reading design constraints file at '/nix/store/ss2cw3sxbrwwx9jl0rrppbw4kgcmgi2n-python3-3.11.9-env/lib/python3.11/site-packages/openlane/scripts/base.sdc'…
[INFO] Using clock clk…
[INFO] Setting output delay to: 0.6666
[INFO] Setting input delay to: 0.6666
[INFO] Setting load to: 0.033442
[INFO] Setting clock uncertainty to: 0.25
[INFO] Setting clock transition to: 0.1499999999999999944488848768742172978818416595458984375
[INFO] Setting timing derate to: 5%
[INFO] Setting RC values…
[INFO RSZ-0027] Inserted 17 input buffers.
[INFO RSZ-0028] Inserted 16 output buffers.
[INFO RSZ-0058] Using max wire length 6335um.
Iteration | Resized | Buffers | Nets repaired | Remaining
---------------------------------------------------------
        0 |       0 |       0 |             0 |       937
      100 |      99 |       0 |             0 |       837
      200 |     192 |       0 |             0 |       737
      300 |     291 |       0 |             0 |       637
      400 |     387 |       0 |             0 |       537
      500 |     488 |       1 |             1 |       437
      600 |     588 |       1 |             1 |       337
      700 |     644 |       1 |            45 |       237
      800 |     644 |       1 |           145 |       137
      900 |     644 |       1 |           245 |        37
    final |     692 |      32 |           249 |         0
---------------------------------------------------------
[INFO RSZ-0034] Found 247 slew violations.
[INFO RSZ-0035] Found 2 fanout violations.
[INFO RSZ-0038] Inserted 32 buffers in 249 nets.
[INFO RSZ-0039] Resized 692 instances.
Placement Analysis
---------------------------------
total displacement       2175.2 u
average displacement        1.6 u
max displacement            8.4 u
original HPWL            8316.3 u
legalized HPWL          10511.6 u
delta HPWL                   26 %

[INFO DPL-0020] Mirrored 266 instances
[INFO DPL-0021] HPWL before           10511.6 u
[INFO DPL-0022] HPWL after            10320.9 u
[INFO DPL-0023] HPWL delta               -1.8 %
[INFO] Setting RC values…
Setting global connections for newly added cells…
[INFO] Setting global connections...
Updating metrics…
Cell type report:                       Count       Area
  Fill cell                               108     405.39
  Tap cell                                308     385.37
  Timing Repair Buffer                     65     366.60
  Inverter                                259     972.18
  Sequential cell                         247    6237.23
  Multi-Input combinational cell          380    2374.78
  Total                                  1367   10741.55
Writing OpenROAD database to '/home/hassan-ul-haq/openlane2/designs/Multiplier/runs/300MHz/31-openroad-repairdesignpostgpl/mult.odb'…
Writing netlist to '/home/hassan-ul-haq/openlane2/designs/Multiplier/runs/300MHz/31-openroad-repairdesignpostgpl/mult.nl.v'…
Writing powered netlist to '/home/hassan-ul-haq/openlane2/designs/Multiplier/runs/300MHz/31-openroad-repairdesignpostgpl/mult.pnl.v'…
Writing layout to '/home/hassan-ul-haq/openlane2/designs/Multiplier/runs/300MHz/31-openroad-repairdesignpostgpl/mult.def'…
Writing timing constraints to '/home/hassan-ul-haq/openlane2/designs/Multiplier/runs/300MHz/31-openroad-repairdesignpostgpl/mult.sdc'…
