Reading OpenROAD database at '/home/hassan-ul-haq/openlane2/designs/Multiplier/runs/200MHz/36-openroad-resizertimingpostcts/mult.odb'…
Reading library file at '/home/hassan-ul-haq/.volare/volare/sky130/versions/0fe599b2afb6708d281543108caf8310912f54af/sky130A/libs.ref/sky130_fd_sc_hd/lib/sky130_fd_sc_hd__tt_025C_1v80.lib'…
Reading design constraints file at '/nix/store/ss2cw3sxbrwwx9jl0rrppbw4kgcmgi2n-python3-3.11.9-env/lib/python3.11/site-packages/openlane/scripts/base.sdc'…
[INFO] Using clock clk…
[INFO] Setting output delay to: 1
[INFO] Setting input delay to: 1
[INFO] Setting load to: 0.033442
[INFO] Setting clock uncertainty to: 0.25
[INFO] Setting clock transition to: 0.1499999999999999944488848768742172978818416595458984375
[INFO] Setting timing derate to: 5%
[INFO] Setting signal min routing layer to: met1 and clock min routing layer to met1. 
[INFO] Setting signal max routing layer to: met5 and clock max routing layer to met5. 
-congestion_iterations 50 -verbose
[INFO GRT-0020] Min routing layer: met1
[INFO GRT-0021] Max routing layer: met5
[INFO GRT-0022] Global adjustment: 30%
[INFO GRT-0023] Grid origin: (0, 0)
[INFO GRT-0043] No OR_DEFAULT vias defined.
[INFO GRT-0088] Layer li1     Track-Pitch = 0.4600  line-2-Via Pitch: 0.3400
[INFO GRT-0088] Layer met1    Track-Pitch = 0.3400  line-2-Via Pitch: 0.3400
[INFO GRT-0088] Layer met2    Track-Pitch = 0.4600  line-2-Via Pitch: 0.3500
[INFO GRT-0088] Layer met3    Track-Pitch = 0.6800  line-2-Via Pitch: 0.6150
[INFO GRT-0088] Layer met4    Track-Pitch = 0.9200  line-2-Via Pitch: 1.0400
[INFO GRT-0088] Layer met5    Track-Pitch = 3.4000  line-2-Via Pitch: 3.1100
[INFO GRT-0019] Found 10 clock nets.
[INFO GRT-0001] Minimum degree: 2
[INFO GRT-0002] Maximum degree: 14
[INFO GRT-0003] Macros: 0
[INFO GRT-0043] No OR_DEFAULT vias defined.
[INFO GRT-0004] Blockages: 1008

[INFO GRT-0053] Routing resources analysis:
          Routing      Original      Derated      Resource
Layer     Direction    Resources     Resources    Reduction (%)
---------------------------------------------------------------
li1        Vertical            0             0          0.00%
met1       Horizontal       5660          2704          52.23%
met2       Vertical         4129          2570          37.76%
met3       Horizontal       2822          1845          34.62%
met4       Vertical         1672           998          40.31%
met5       Horizontal        558           270          51.61%
---------------------------------------------------------------

[INFO GRT-0197] Via related to pin nodes: 2457
[INFO GRT-0198] Via related Steiner nodes: 20
[INFO GRT-0199] Via filling finished.
[INFO GRT-0111] Final number of vias: 2957
[INFO GRT-0112] Final usage 3D: 10079

[INFO GRT-0096] Final congestion report:
Layer         Resource        Demand        Usage (%)    Max H / Max V / Total Overflow
---------------------------------------------------------------------------------------
li1                  0             0            0.00%             0 /  0 /  0
met1              2704           607           22.45%             0 /  0 /  0
met2              2570           589           22.92%             0 /  0 /  0
met3              1845            12            0.65%             0 /  0 /  0
met4               998             0            0.00%             0 /  0 /  0
met5               270             0            0.00%             0 /  0 /  0
---------------------------------------------------------------------------------------
Total             8387          1208           14.40%             0 /  0 /  0

[INFO GRT-0018] Total wirelength: 14828 um
[INFO GRT-0014] Routed nets: 557
%OL_CREATE_REPORT antenna.rpt
[INFO GRT-0043] No OR_DEFAULT vias defined.
[INFO ANT-0002] Found 0 net violations.
[INFO ANT-0001] Found 0 pin violations.
%OL_END_REPORT
[INFO] Setting RC values…
Setting global connections for newly added cells…
[INFO] Setting global connections...
Updating metrics…
Cell type report:                       Count       Area
  Fill cell                                72     270.26
  Tap cell                                133     166.41
  Clock buffer                             10     238.98
  Timing Repair Buffer                     76     467.95
  Inverter                                 77     289.03
  Clock inverter                            6      67.56
  Sequential cell                          72    1801.73
  Multi-Input combinational cell          305    2048.21
  Total                                   751    5350.13
Writing OpenROAD database to '/home/hassan-ul-haq/openlane2/designs/Multiplier/runs/200MHz/38-openroad-globalrouting/mult.odb'…
Writing layout to '/home/hassan-ul-haq/openlane2/designs/Multiplier/runs/200MHz/38-openroad-globalrouting/mult.def'…
