Clock: clk
Sources: clk 
Generated: no
Virtual: yes
Propagated: no
Period: 2.000000

===========================================================================
report_clock_properties
============================================================================
Clock                   Period          Waveform
----------------------------------------------------
clk                   2.000000    0.000000  1.000000

===========================================================================
report_clock_latency
============================================================================
Clock clk
rise -> rise
    min     max
0.000000 0.000000 source latency
0.269642         network latency _37_/CLK
        0.274240 network latency _29_/CLK
---------------
0.269642 0.274240 latency
        0.004597 skew

fall -> fall
    min     max
0.000000 0.000000 source latency
0.294556         network latency _37_/CLK
        0.298068 network latency _29_/CLK
---------------
0.294556 0.298068 latency
        0.003512 skew



===========================================================================
report_clock_min_period
============================================================================
clk period_min = 0.82 fmax = 1220.08
