136. Printing statistics.

=== mult ===

   Number of wires:                712
   Number of wire bits:           1418
   Number of public wires:          52
   Number of public wire bits:     351
   Number of ports:                  5
   Number of port bits:             34
   Number of memories:               0
   Number of memory bits:            0
   Number of processes:              0
   Number of cells:                940
     $_ANDNOT_                      86
     $_AND_                        117
     $_NAND_                        30
     $_NOR_                         31
     $_NOT_                        248
     $_ORNOT_                        2
     $_OR_                          27
     $_XNOR_                        59
     $_XOR_                         93
     sky130_fd_sc_hd__dfrtp_2      247

   Area for cell type $_NOT_ is unknown!
   Area for cell type $_AND_ is unknown!
   Area for cell type $_NAND_ is unknown!
   Area for cell type $_OR_ is unknown!
   Area for cell type $_NOR_ is unknown!
   Area for cell type $_XOR_ is unknown!
   Area for cell type $_XNOR_ is unknown!
   Area for cell type $_ANDNOT_ is unknown!
   Area for cell type $_ORNOT_ is unknown!

   Chip area for module '\mult': 6489.974400
     of which used for sequential elements: 6489.974400 (100.00%)

