144. Printing statistics.

=== mult ===

   Number of wires:                875
   Number of wire bits:            904
   Number of public wires:         236
   Number of public wire bits:     265
   Number of ports:                  5
   Number of port bits:             34
   Number of memories:               0
   Number of memory bits:            0
   Number of processes:              0
   Number of cells:                886
     sky130_fd_sc_hd__a211o_2        1
     sky130_fd_sc_hd__a211oi_2       3
     sky130_fd_sc_hd__a21bo_2        4
     sky130_fd_sc_hd__a21boi_2       1
     sky130_fd_sc_hd__a21o_2         2
     sky130_fd_sc_hd__a21oi_2       18
     sky130_fd_sc_hd__a22o_2         9
     sky130_fd_sc_hd__a22oi_2        9
     sky130_fd_sc_hd__a31o_2         1
     sky130_fd_sc_hd__and2_2        51
     sky130_fd_sc_hd__and2b_2       13
     sky130_fd_sc_hd__and3_2        15
     sky130_fd_sc_hd__and3b_2        9
     sky130_fd_sc_hd__and4_2         1
     sky130_fd_sc_hd__dfrtp_2      247
     sky130_fd_sc_hd__inv_2        259
     sky130_fd_sc_hd__nand2_2       41
     sky130_fd_sc_hd__nand3_2        2
     sky130_fd_sc_hd__nand4_2        1
     sky130_fd_sc_hd__nor2_2        72
     sky130_fd_sc_hd__nor3_2         2
     sky130_fd_sc_hd__nor3b_2        1
     sky130_fd_sc_hd__o2111a_2       1
     sky130_fd_sc_hd__o211a_2        5
     sky130_fd_sc_hd__o21a_2        13
     sky130_fd_sc_hd__o21ai_2        6
     sky130_fd_sc_hd__o21ba_2        4
     sky130_fd_sc_hd__o21bai_2       2
     sky130_fd_sc_hd__o31a_2         1
     sky130_fd_sc_hd__o32a_2         1
     sky130_fd_sc_hd__or2_2         27
     sky130_fd_sc_hd__or3_2          5
     sky130_fd_sc_hd__or3b_2         2
     sky130_fd_sc_hd__xnor2_2       35
     sky130_fd_sc_hd__xor2_2        22

   Chip area for module '\mult': 10892.947200
     of which used for sequential elements: 6489.974400 (59.58%)

