
===========================================================================
report_checks -unconstrained
===========================================================================
======================= nom_tt_025C_1v80 Corner ===================================

Startpoint: rst (input port clocked by clk)
Endpoint: _0937_ (recovery check against rising-edge clock clk)
Path Group: asynchronous
Path Type: max

Fanout         Cap        Slew       Delay        Time   Description
---------------------------------------------------------------------------------------------
                                  0.000000    0.000000   clock clk (rise edge)
                                  0.000000    0.000000   clock network delay (propagated)
                                  1.000000    1.000000 v input external delay
     1    0.002493    0.007923    0.003894    1.003894 v rst (in)
                                                         rst (net)
                      0.007923    0.000000    1.003894 v input17/A (sky130_fd_sc_hd__clkbuf_1)
     1    0.002559    0.025240    0.070612    1.074506 v input17/X (sky130_fd_sc_hd__clkbuf_1)
                                                         net17 (net)
                      0.025240    0.000013    1.074519 v fanout59/A (sky130_fd_sc_hd__buf_2)
     6    0.027535    0.075069    0.159339    1.233858 v fanout59/X (sky130_fd_sc_hd__buf_2)
                                                         net59 (net)
                      0.075069    0.000278    1.234136 v fanout58/A (sky130_fd_sc_hd__clkbuf_2)
     5    0.022591    0.090951    0.169866    1.404002 v fanout58/X (sky130_fd_sc_hd__clkbuf_2)
                                                         net58 (net)
                      0.090951    0.000063    1.404065 v fanout55/A (sky130_fd_sc_hd__clkbuf_4)
     8    0.034866    0.080442    0.204419    1.608484 v fanout55/X (sky130_fd_sc_hd__clkbuf_4)
                                                         net55 (net)
                      0.080442    0.000333    1.608817 v fanout54/A (sky130_fd_sc_hd__clkbuf_4)
     9    0.043486    0.095878    0.212876    1.821693 v fanout54/X (sky130_fd_sc_hd__clkbuf_4)
                                                         net54 (net)
                      0.095878    0.000304    1.821998 v _0777_/A (sky130_fd_sc_hd__inv_2)
     1    0.004323    0.038150    0.064987    1.886985 ^ _0777_/Y (sky130_fd_sc_hd__inv_2)
                                                         _0156_ (net)
                      0.038150    0.000019    1.887004 ^ _0937_/RESET_B (sky130_fd_sc_hd__dfrtp_1)
                                              1.887004   data arrival time

                                  5.000000    5.000000   clock clk (rise edge)
                                  0.000000    5.000000   clock source latency
     1    0.016889    0.081844    0.056074    5.056074 ^ clk (in)
                                                         clk (net)
                      0.081850    0.000000    5.056074 ^ clkbuf_0_clk/A (sky130_fd_sc_hd__clkbuf_16)
    16    0.090869    0.107154    0.193028    5.249102 ^ clkbuf_0_clk/X (sky130_fd_sc_hd__clkbuf_16)
                                                         clknet_0_clk (net)
                      0.107157    0.000810    5.249912 ^ clkbuf_4_12_0_clk/A (sky130_fd_sc_hd__clkbuf_8)
    10    0.027098    0.061906    0.164117    5.414030 ^ clkbuf_4_12_0_clk/X (sky130_fd_sc_hd__clkbuf_8)
                                                         clknet_4_12_0_clk (net)
                      0.061906    0.000022    5.414051 ^ _0937_/CLK (sky130_fd_sc_hd__dfrtp_1)
                                 -0.250000    5.164051   clock uncertainty
                                  0.000000    5.164051   clock reconvergence pessimism
                                  0.237284    5.401335   library recovery time
                                              5.401335   data required time
---------------------------------------------------------------------------------------------
                                              5.401335   data required time
                                             -1.887004   data arrival time
---------------------------------------------------------------------------------------------
                                              3.514332   slack (MET)


Startpoint: _0990_ (rising edge-triggered flip-flop clocked by clk)
Endpoint: _0953_ (rising edge-triggered flip-flop clocked by clk)
Path Group: clk
Path Type: max

Fanout         Cap        Slew       Delay        Time   Description
---------------------------------------------------------------------------------------------
                                  0.000000    0.000000   clock clk (rise edge)
                                  0.000000    0.000000   clock source latency
     1    0.016889    0.081844    0.056074    0.056074 ^ clk (in)
                                                         clk (net)
                      0.081850    0.000000    0.056074 ^ clkbuf_0_clk/A (sky130_fd_sc_hd__clkbuf_16)
    16    0.090869    0.107154    0.193028    0.249102 ^ clkbuf_0_clk/X (sky130_fd_sc_hd__clkbuf_16)
                                                         clknet_0_clk (net)
                      0.107156    0.000702    0.249804 ^ clkbuf_4_2_0_clk/A (sky130_fd_sc_hd__clkbuf_8)
    13    0.030223    0.066712    0.167897    0.417701 ^ clkbuf_4_2_0_clk/X (sky130_fd_sc_hd__clkbuf_8)
                                                         clknet_4_2_0_clk (net)
                      0.066712    0.000093    0.417794 ^ _0990_/CLK (sky130_fd_sc_hd__dfrtp_1)
     2    0.004813    0.048264    0.372743    0.790537 v _0990_/Q (sky130_fd_sc_hd__dfrtp_1)
                                                         pp[6][0] (net)
                      0.048264    0.000019    0.790556 v _0517_/A (sky130_fd_sc_hd__or2_1)
     3    0.008638    0.074707    0.256277    1.046833 v _0517_/X (sky130_fd_sc_hd__or2_1)
                                                         _0308_ (net)
                      0.074707    0.000027    1.046860 v _0532_/A2 (sky130_fd_sc_hd__a21bo_1)
     2    0.006719    0.051340    0.214992    1.261852 v _0532_/X (sky130_fd_sc_hd__a21bo_1)
                                                         _0322_ (net)
                      0.051340    0.000026    1.261878 v _0535_/A (sky130_fd_sc_hd__xnor2_1)
     2    0.007279    0.082336    0.147455    1.409333 v _0535_/Y (sky130_fd_sc_hd__xnor2_1)
                                                         _0325_ (net)
                      0.082336    0.000013    1.409346 v _0536_/A2 (sky130_fd_sc_hd__a21oi_1)
     3    0.010822    0.261468    0.264135    1.673481 ^ _0536_/Y (sky130_fd_sc_hd__a21oi_1)
                                                         _0326_ (net)
                      0.261468    0.000079    1.673560 ^ _0538_/B (sky130_fd_sc_hd__xnor2_1)
     3    0.009352    0.106854    0.148799    1.822359 v _0538_/Y (sky130_fd_sc_hd__xnor2_1)
                                                         _0328_ (net)
                      0.106854    0.000005    1.822363 v _0556_/A1 (sky130_fd_sc_hd__o311a_1)
     2    0.007714    0.075522    0.395999    2.218363 v _0556_/X (sky130_fd_sc_hd__o311a_1)
                                                         _0344_ (net)
                      0.075522    0.000047    2.218409 v _0562_/A (sky130_fd_sc_hd__xnor2_1)
     1    0.002560    0.044662    0.131375    2.349784 v _0562_/Y (sky130_fd_sc_hd__xnor2_1)
                                                         _0083_ (net)
                      0.044662    0.000006    2.349790 v _0953_/D (sky130_fd_sc_hd__dfrtp_1)
                                              2.349790   data arrival time

                                  5.000000    5.000000   clock clk (rise edge)
                                  0.000000    5.000000   clock source latency
     1    0.016889    0.081844    0.056074    5.056074 ^ clk (in)
                                                         clk (net)
                      0.081850    0.000000    5.056074 ^ clkbuf_0_clk/A (sky130_fd_sc_hd__clkbuf_16)
    16    0.090869    0.107154    0.193028    5.249102 ^ clkbuf_0_clk/X (sky130_fd_sc_hd__clkbuf_16)
                                                         clknet_0_clk (net)
                      0.107157    0.000810    5.249912 ^ clkbuf_4_12_0_clk/A (sky130_fd_sc_hd__clkbuf_8)
    10    0.027098    0.061906    0.164117    5.414030 ^ clkbuf_4_12_0_clk/X (sky130_fd_sc_hd__clkbuf_8)
                                                         clknet_4_12_0_clk (net)
                      0.061906    0.000083    5.414113 ^ _0953_/CLK (sky130_fd_sc_hd__dfrtp_1)
                                 -0.250000    5.164113   clock uncertainty
                                  0.000000    5.164113   clock reconvergence pessimism
                                 -0.110258    5.053854   library setup time
                                              5.053854   data required time
---------------------------------------------------------------------------------------------
                                              5.053854   data required time
                                             -2.349790   data arrival time
---------------------------------------------------------------------------------------------
                                              2.704064   slack (MET)




===========================================================================
report_checks --slack_max -0.01
============================================================================
======================= nom_tt_025C_1v80 Corner ===================================

No paths found.


===========================================================================
 report_check_types -max_slew -max_cap -max_fanout -violators
============================================================================
======================= nom_tt_025C_1v80 Corner ===================================

max fanout

Pin                                   Limit Fanout  Slack
---------------------------------------------------------
clkbuf_0_clk/X                           10     16     -6 (VIOLATED)
clkbuf_4_0_0_clk/X                       10     13     -3 (VIOLATED)
clkbuf_4_2_0_clk/X                       10     13     -3 (VIOLATED)
clkbuf_4_8_0_clk/X                       10     13     -3 (VIOLATED)
clkbuf_4_13_0_clk/X                      10     12     -2 (VIOLATED)
clkbuf_4_14_0_clk/X                      10     12     -2 (VIOLATED)
clkbuf_4_3_0_clk/X                       10     12     -2 (VIOLATED)
clkbuf_4_4_0_clk/X                       10     12     -2 (VIOLATED)
clkbuf_4_5_0_clk/X                       10     12     -2 (VIOLATED)
clkbuf_4_15_0_clk/X                      10     11        (VIOLATED)
clkbuf_4_1_0_clk/X                       10     11        (VIOLATED)



===========================================================================
report_parasitic_annotation -report_unannotated
============================================================================
Found 14 unannotated drivers.
 clkload0/X
 clkload1/X
 clkload10/Y
 clkload11/Y
 clkload12/X
 clkload13/X
 clkload2/X
 clkload3/X
 clkload4/X
 clkload5/Y
 clkload6/Y
 clkload7/X
 clkload8/Y
 clkload9/Y
Found 0 partially unannotated drivers.

===========================================================================
max slew violation count 0
Writing metric design__max_slew_violation__count__corner:nom_tt_025C_1v80: 0
max fanout violation count 11
Writing metric design__max_fanout_violation__count__corner:nom_tt_025C_1v80: 11
max cap violation count 0
Writing metric design__max_cap_violation__count__corner:nom_tt_025C_1v80: 0
============================================================================

===========================================================================
check_setup -verbose -unconstrained_endpoints -multiple_clock -no_clock -no_input_delay -loops -generated_clocks
===========================================================================
