Clock: clk
Sources: clk 
Generated: no
Virtual: yes
Propagated: no
Period: 6.250000

===========================================================================
report_clock_properties
============================================================================
Clock                   Period          Waveform
----------------------------------------------------
clk                   6.250000    0.000000  3.125000

===========================================================================
report_clock_latency
============================================================================
Clock clk
rise -> rise
    min     max
0.000000 0.000000 source latency
0.387554         network latency _780_/CLK
        0.391742 network latency _801_/CLK
---------------
0.387554 0.391742 latency
        0.004189 skew

fall -> fall
    min     max
0.000000 0.000000 source latency
0.357924         network latency _780_/CLK
        0.361606 network latency _811_/CLK
---------------
0.357924 0.361606 latency
        0.003683 skew



===========================================================================
report_clock_min_period
============================================================================
clk period_min = 3.35 fmax = 298.27
