
===========================================================================
report_checks -unconstrained
===========================================================================
======================= min_ss_100C_1v60 Corner ===================================

Startpoint: rst (input port clocked by clk)
Endpoint: _1322_ (recovery check against rising-edge clock clk)
Path Group: asynchronous
Path Type: max

Fanout         Cap        Slew       Delay        Time   Description
---------------------------------------------------------------------------------------------
                                  0.000000    0.000000   clock clk (rise edge)
                                  0.000000    0.000000   clock network delay (propagated)
                                  0.666600    0.666600 v input external delay
     1    0.002092    0.015785    0.006987    0.673587 v rst (in)
                                                         rst (net)
                      0.015785    0.000000    0.673587 v hold50/A (sky130_fd_sc_hd__dlygate4sd3_1)
     1    0.002051    0.101581    1.088431    1.762019 v hold50/X (sky130_fd_sc_hd__dlygate4sd3_1)
                                                         net115 (net)
                      0.101581    0.000007    1.762026 v input17/A (sky130_fd_sc_hd__clkbuf_1)
     1    0.002741    0.049851    0.174235    1.936261 v input17/X (sky130_fd_sc_hd__clkbuf_1)
                                                         net17 (net)
                      0.049851    0.000033    1.936294 v fanout65/A (sky130_fd_sc_hd__buf_2)
     5    0.039993    0.188789    0.353430    2.289724 v fanout65/X (sky130_fd_sc_hd__buf_2)
                                                         net65 (net)
                      0.188805    0.001869    2.291593 v fanout50/A (sky130_fd_sc_hd__buf_2)
     7    0.041164    0.193396    0.423696    2.715290 v fanout50/X (sky130_fd_sc_hd__buf_2)
                                                         net50 (net)
                      0.193399    0.001063    2.716353 v fanout46/A (sky130_fd_sc_hd__clkbuf_4)
     7    0.036542    0.146197    0.389304    3.105657 v fanout46/X (sky130_fd_sc_hd__clkbuf_4)
                                                         net46 (net)
                      0.146197    0.000117    3.105774 v fanout45/A (sky130_fd_sc_hd__buf_4)
    10    0.052939    0.139474    0.372741    3.478516 v fanout45/X (sky130_fd_sc_hd__buf_4)
                                                         net45 (net)
                      0.139478    0.000951    3.479467 v _1075_/A (sky130_fd_sc_hd__inv_2)
     1    0.005582    0.064630    0.110628    3.590095 ^ _1075_/Y (sky130_fd_sc_hd__inv_2)
                                                         _0173_ (net)
                      0.064630    0.000083    3.590178 ^ _1322_/RESET_B (sky130_fd_sc_hd__dfrtp_1)
                                              3.590178   data arrival time

                                  3.333000    3.333000   clock clk (rise edge)
                                  0.000000    3.333000   clock source latency
     1    0.024574    0.182036    0.125440    3.458440 ^ clk (in)
                                                         clk (net)
                      0.182067    0.000000    3.458440 ^ clkbuf_0_clk/A (sky130_fd_sc_hd__clkbuf_16)
     2    0.022992    0.071154    0.277280    3.735720 ^ clkbuf_0_clk/X (sky130_fd_sc_hd__clkbuf_16)
                                                         clknet_0_clk (net)
                      0.071180    0.000242    3.735962 ^ clkbuf_1_1__f_clk/A (sky130_fd_sc_hd__clkbuf_16)
    12    0.087050    0.158195    0.301878    4.037839 ^ clkbuf_1_1__f_clk/X (sky130_fd_sc_hd__clkbuf_16)
                                                         clknet_1_1__leaf_clk (net)
                      0.158206    0.001477    4.039317 ^ clkbuf_leaf_16_clk/A (sky130_fd_sc_hd__clkbuf_8)
    12    0.037918    0.124775    0.314409    4.353726 ^ clkbuf_leaf_16_clk/X (sky130_fd_sc_hd__clkbuf_8)
                                                         clknet_leaf_16_clk (net)
                      0.124775    0.000441    4.354167 ^ _1322_/CLK (sky130_fd_sc_hd__dfrtp_1)
                                 -0.250000    4.104167   clock uncertainty
                                  0.000000    4.104167   clock reconvergence pessimism
                                  0.482802    4.586968   library recovery time
                                              4.586968   data required time
---------------------------------------------------------------------------------------------
                                              4.586968   data required time
                                             -3.590178   data arrival time
---------------------------------------------------------------------------------------------
                                              0.996791   slack (MET)


Startpoint: _1425_ (rising edge-triggered flip-flop clocked by clk)
Endpoint: _1389_ (rising edge-triggered flip-flop clocked by clk)
Path Group: clk
Path Type: max

Fanout         Cap        Slew       Delay        Time   Description
---------------------------------------------------------------------------------------------
                                  0.000000    0.000000   clock clk (rise edge)
                                  0.000000    0.000000   clock source latency
     1    0.024574    0.182036    0.125440    0.125440 ^ clk (in)
                                                         clk (net)
                      0.182067    0.000000    0.125440 ^ clkbuf_0_clk/A (sky130_fd_sc_hd__clkbuf_16)
     2    0.022992    0.071154    0.277280    0.402720 ^ clkbuf_0_clk/X (sky130_fd_sc_hd__clkbuf_16)
                                                         clknet_0_clk (net)
                      0.071180    0.000311    0.403031 ^ clkbuf_1_0__f_clk/A (sky130_fd_sc_hd__clkbuf_16)
    12    0.089011    0.160931    0.304024    0.707055 ^ clkbuf_1_0__f_clk/X (sky130_fd_sc_hd__clkbuf_16)
                                                         clknet_1_0__leaf_clk (net)
                      0.160934    0.001050    0.708105 ^ clkbuf_leaf_1_clk/A (sky130_fd_sc_hd__clkbuf_8)
    12    0.046468    0.145353    0.331565    1.039670 ^ clkbuf_leaf_1_clk/X (sky130_fd_sc_hd__clkbuf_8)
                                                         clknet_leaf_1_clk (net)
                      0.145353    0.000242    1.039912 ^ _1425_/CLK (sky130_fd_sc_hd__dfrtp_1)
     2    0.004295    0.092721    0.784442    1.824354 v _1425_/Q (sky130_fd_sc_hd__dfrtp_1)
                                                         pp3[3][0] (net)
                      0.092721    0.000028    1.824382 v _0859_/A (sky130_fd_sc_hd__or2_4)
     3    0.007948    0.090279    0.491886    2.316268 v _0859_/X (sky130_fd_sc_hd__or2_4)
                                                         _0522_ (net)
                      0.090279    0.000126    2.316394 v rebuffer4/A (sky130_fd_sc_hd__clkbuf_2)
     1    0.004965    0.054279    0.197933    2.514327 v rebuffer4/X (sky130_fd_sc_hd__clkbuf_2)
                                                         net69 (net)
                      0.054279    0.000045    2.514371 v _0875_/A2 (sky130_fd_sc_hd__a21bo_4)
     2    0.021035    0.099619    0.426476    2.940848 v _0875_/X (sky130_fd_sc_hd__a21bo_4)
                                                         _0537_ (net)
                      0.099620    0.000462    2.941309 v _0878_/B (sky130_fd_sc_hd__xnor2_4)
     2    0.018136    0.158736    0.280170    3.221479 v _0878_/Y (sky130_fd_sc_hd__xnor2_4)
                                                         _0540_ (net)
                      0.158736    0.000125    3.221604 v _0881_/A (sky130_fd_sc_hd__xnor2_2)
     3    0.009054    0.137064    0.306419    3.528023 v _0881_/Y (sky130_fd_sc_hd__xnor2_2)
                                                         _0543_ (net)
                      0.137064    0.000088    3.528111 v _0882_/A (sky130_fd_sc_hd__or2_4)
     3    0.010509    0.095821    0.520067    4.048177 v _0882_/X (sky130_fd_sc_hd__or2_4)
                                                         _0544_ (net)
                      0.095821    0.000120    4.048298 v _0895_/C (sky130_fd_sc_hd__or3_4)
     1    0.002739    0.111348    0.638971    4.687269 v _0895_/X (sky130_fd_sc_hd__or3_4)
                                                         _0555_ (net)
                      0.111348    0.000024    4.687294 v _0897_/C1 (sky130_fd_sc_hd__o211a_1)
     2    0.008027    0.116513    0.262570    4.949863 v _0897_/X (sky130_fd_sc_hd__o211a_1)
                                                         _0557_ (net)
                      0.116513    0.000094    4.949957 v _0903_/B (sky130_fd_sc_hd__xnor2_1)
     1    0.002381    0.087345    0.218533    5.168490 v _0903_/Y (sky130_fd_sc_hd__xnor2_1)
                                                         _0091_ (net)
                      0.087345    0.000015    5.168505 v _1389_/D (sky130_fd_sc_hd__dfrtp_1)
                                              5.168505   data arrival time

                                  3.333000    3.333000   clock clk (rise edge)
                                  0.000000    3.333000   clock source latency
     1    0.024574    0.182036    0.125440    3.458440 ^ clk (in)
                                                         clk (net)
                      0.182067    0.000000    3.458440 ^ clkbuf_0_clk/A (sky130_fd_sc_hd__clkbuf_16)
     2    0.022992    0.071154    0.277280    3.735720 ^ clkbuf_0_clk/X (sky130_fd_sc_hd__clkbuf_16)
                                                         clknet_0_clk (net)
                      0.071180    0.000242    3.735962 ^ clkbuf_1_1__f_clk/A (sky130_fd_sc_hd__clkbuf_16)
    12    0.087050    0.158195    0.301878    4.037839 ^ clkbuf_1_1__f_clk/X (sky130_fd_sc_hd__clkbuf_16)
                                                         clknet_1_1__leaf_clk (net)
                      0.158207    0.001516    4.039356 ^ clkbuf_leaf_8_clk/A (sky130_fd_sc_hd__clkbuf_8)
     7    0.035876    0.119904    0.310553    4.349908 ^ clkbuf_leaf_8_clk/X (sky130_fd_sc_hd__clkbuf_8)
                                                         clknet_leaf_8_clk (net)
                      0.119904    0.000453    4.350361 ^ _1389_/CLK (sky130_fd_sc_hd__dfrtp_1)
                                 -0.250000    4.100361   clock uncertainty
                                  0.000000    4.100361   clock reconvergence pessimism
                                 -0.270493    3.829869   library setup time
                                              3.829869   data required time
---------------------------------------------------------------------------------------------
                                              3.829869   data required time
                                             -5.168505   data arrival time
---------------------------------------------------------------------------------------------
                                             -1.338636   slack (VIOLATED)




===========================================================================
report_checks --slack_max -0.01
============================================================================
======================= min_ss_100C_1v60 Corner ===================================

Startpoint: _1425_ (rising edge-triggered flip-flop clocked by clk)
Endpoint: _1389_ (rising edge-triggered flip-flop clocked by clk)
Path Group: clk
Path Type: max

Fanout         Cap        Slew       Delay        Time   Description
---------------------------------------------------------------------------------------------
                                  0.000000    0.000000   clock clk (rise edge)
                                  0.000000    0.000000   clock source latency
     1    0.024574    0.182036    0.125440    0.125440 ^ clk (in)
                                                         clk (net)
                      0.182067    0.000000    0.125440 ^ clkbuf_0_clk/A (sky130_fd_sc_hd__clkbuf_16)
     2    0.022992    0.071154    0.277280    0.402720 ^ clkbuf_0_clk/X (sky130_fd_sc_hd__clkbuf_16)
                                                         clknet_0_clk (net)
                      0.071180    0.000311    0.403031 ^ clkbuf_1_0__f_clk/A (sky130_fd_sc_hd__clkbuf_16)
    12    0.089011    0.160931    0.304024    0.707055 ^ clkbuf_1_0__f_clk/X (sky130_fd_sc_hd__clkbuf_16)
                                                         clknet_1_0__leaf_clk (net)
                      0.160934    0.001050    0.708105 ^ clkbuf_leaf_1_clk/A (sky130_fd_sc_hd__clkbuf_8)
    12    0.046468    0.145353    0.331565    1.039670 ^ clkbuf_leaf_1_clk/X (sky130_fd_sc_hd__clkbuf_8)
                                                         clknet_leaf_1_clk (net)
                      0.145353    0.000242    1.039912 ^ _1425_/CLK (sky130_fd_sc_hd__dfrtp_1)
     2    0.004295    0.092721    0.784442    1.824354 v _1425_/Q (sky130_fd_sc_hd__dfrtp_1)
                                                         pp3[3][0] (net)
                      0.092721    0.000028    1.824382 v _0859_/A (sky130_fd_sc_hd__or2_4)
     3    0.007948    0.090279    0.491886    2.316268 v _0859_/X (sky130_fd_sc_hd__or2_4)
                                                         _0522_ (net)
                      0.090279    0.000126    2.316394 v rebuffer4/A (sky130_fd_sc_hd__clkbuf_2)
     1    0.004965    0.054279    0.197933    2.514327 v rebuffer4/X (sky130_fd_sc_hd__clkbuf_2)
                                                         net69 (net)
                      0.054279    0.000045    2.514371 v _0875_/A2 (sky130_fd_sc_hd__a21bo_4)
     2    0.021035    0.099619    0.426476    2.940848 v _0875_/X (sky130_fd_sc_hd__a21bo_4)
                                                         _0537_ (net)
                      0.099620    0.000462    2.941309 v _0878_/B (sky130_fd_sc_hd__xnor2_4)
     2    0.018136    0.158736    0.280170    3.221479 v _0878_/Y (sky130_fd_sc_hd__xnor2_4)
                                                         _0540_ (net)
                      0.158736    0.000125    3.221604 v _0881_/A (sky130_fd_sc_hd__xnor2_2)
     3    0.009054    0.137064    0.306419    3.528023 v _0881_/Y (sky130_fd_sc_hd__xnor2_2)
                                                         _0543_ (net)
                      0.137064    0.000088    3.528111 v _0882_/A (sky130_fd_sc_hd__or2_4)
     3    0.010509    0.095821    0.520067    4.048177 v _0882_/X (sky130_fd_sc_hd__or2_4)
                                                         _0544_ (net)
                      0.095821    0.000120    4.048298 v _0895_/C (sky130_fd_sc_hd__or3_4)
     1    0.002739    0.111348    0.638971    4.687269 v _0895_/X (sky130_fd_sc_hd__or3_4)
                                                         _0555_ (net)
                      0.111348    0.000024    4.687294 v _0897_/C1 (sky130_fd_sc_hd__o211a_1)
     2    0.008027    0.116513    0.262570    4.949863 v _0897_/X (sky130_fd_sc_hd__o211a_1)
                                                         _0557_ (net)
                      0.116513    0.000094    4.949957 v _0903_/B (sky130_fd_sc_hd__xnor2_1)
     1    0.002381    0.087345    0.218533    5.168490 v _0903_/Y (sky130_fd_sc_hd__xnor2_1)
                                                         _0091_ (net)
                      0.087345    0.000015    5.168505 v _1389_/D (sky130_fd_sc_hd__dfrtp_1)
                                              5.168505   data arrival time

                                  3.333000    3.333000   clock clk (rise edge)
                                  0.000000    3.333000   clock source latency
     1    0.024574    0.182036    0.125440    3.458440 ^ clk (in)
                                                         clk (net)
                      0.182067    0.000000    3.458440 ^ clkbuf_0_clk/A (sky130_fd_sc_hd__clkbuf_16)
     2    0.022992    0.071154    0.277280    3.735720 ^ clkbuf_0_clk/X (sky130_fd_sc_hd__clkbuf_16)
                                                         clknet_0_clk (net)
                      0.071180    0.000242    3.735962 ^ clkbuf_1_1__f_clk/A (sky130_fd_sc_hd__clkbuf_16)
    12    0.087050    0.158195    0.301878    4.037839 ^ clkbuf_1_1__f_clk/X (sky130_fd_sc_hd__clkbuf_16)
                                                         clknet_1_1__leaf_clk (net)
                      0.158207    0.001516    4.039356 ^ clkbuf_leaf_8_clk/A (sky130_fd_sc_hd__clkbuf_8)
     7    0.035876    0.119904    0.310553    4.349908 ^ clkbuf_leaf_8_clk/X (sky130_fd_sc_hd__clkbuf_8)
                                                         clknet_leaf_8_clk (net)
                      0.119904    0.000453    4.350361 ^ _1389_/CLK (sky130_fd_sc_hd__dfrtp_1)
                                 -0.250000    4.100361   clock uncertainty
                                  0.000000    4.100361   clock reconvergence pessimism
                                 -0.270493    3.829869   library setup time
                                              3.829869   data required time
---------------------------------------------------------------------------------------------
                                              3.829869   data required time
                                             -5.168505   data arrival time
---------------------------------------------------------------------------------------------
                                             -1.338636   slack (VIOLATED)




===========================================================================
 report_check_types -max_slew -max_cap -max_fanout -violators
============================================================================
======================= min_ss_100C_1v60 Corner ===================================

max fanout

Pin                                   Limit Fanout  Slack
---------------------------------------------------------
clkbuf_leaf_0_clk/X                      10     18     -8 (VIOLATED)
clkbuf_leaf_22_clk/X                     10     18     -8 (VIOLATED)
clkbuf_leaf_19_clk/X                     10     16     -6 (VIOLATED)
clkbuf_leaf_12_clk/X                     10     15     -5 (VIOLATED)
clkbuf_leaf_9_clk/X                      10     15     -5 (VIOLATED)
clkbuf_leaf_17_clk/X                     10     14     -4 (VIOLATED)
clkbuf_1_0__f_clk/X                      10     12     -2 (VIOLATED)
clkbuf_1_1__f_clk/X                      10     12     -2 (VIOLATED)
clkbuf_leaf_16_clk/X                     10     12     -2 (VIOLATED)
clkbuf_leaf_1_clk/X                      10     12     -2 (VIOLATED)
clkbuf_leaf_21_clk/X                     10     12     -2 (VIOLATED)
clkbuf_leaf_6_clk/X                      10     12     -2 (VIOLATED)
clkbuf_leaf_10_clk/X                     10     11        (VIOLATED)
clkbuf_leaf_11_clk/X                     10     11        (VIOLATED)
clkbuf_leaf_15_clk/X                     10     11        (VIOLATED)
clkbuf_leaf_18_clk/X                     10     11        (VIOLATED)
clkbuf_leaf_2_clk/X                      10     11        (VIOLATED)
clkbuf_leaf_3_clk/X                      10     11        (VIOLATED)
clkbuf_leaf_5_clk/X                      10     11        (VIOLATED)



===========================================================================
report_parasitic_annotation -report_unannotated
============================================================================
Found 22 unannotated drivers.
 clkload0/X
 clkload1/X
 clkload10/Y
 clkload11/Y
 clkload12/X
 clkload13/Y
 clkload14/Y
 clkload15/X
 clkload16/Y
 clkload17/Y
 clkload18/Y
 clkload19/Y
 clkload2/Y
 clkload20/Y
 clkload21/Y
 clkload3/Y
 clkload4/Y
 clkload5/Y
 clkload6/Y
 clkload7/Y
 clkload8/Y
 clkload9/Y
Found 0 partially unannotated drivers.

===========================================================================
max slew violation count 0
max fanout violation count 19
max cap violation count 0
============================================================================

===========================================================================
check_setup -verbose -unconstrained_endpoints -multiple_clock -no_clock -no_input_delay -loops -generated_clocks
===========================================================================
