Clock: clk
Sources: clk 
Generated: no
Virtual: yes
Propagated: no
Period: 3.333000

===========================================================================
report_clock_properties
============================================================================
Clock                   Period          Waveform
----------------------------------------------------
clk                   3.333000    0.000000  1.666500

===========================================================================
report_clock_latency
============================================================================
Clock clk
rise -> rise
    min     max
0.000000 0.000000 source latency
1.014556         network latency _1325_/CLK
        1.044869 network latency _1438_/CLK
---------------
1.014556 1.044869 latency
        0.030312 skew

fall -> fall
    min     max
0.000000 0.000000 source latency
0.960695         network latency _1325_/CLK
        0.982099 network latency _1438_/CLK
---------------
0.960695 0.982099 latency
        0.021404 skew



===========================================================================
report_clock_min_period
============================================================================
clk period_min = 4.67 fmax = 214.06
