
===========================================================================
report_checks -path_delay min (Hold)
============================================================================
======================= nom_tt_025C_1v80 Corner ===================================

Startpoint: _665_ (rising edge-triggered flip-flop clocked by clk)
Endpoint: _681_ (rising edge-triggered flip-flop clocked by clk)
Path Group: clk
Path Type: min

Fanout         Cap        Slew       Delay        Time   Description
---------------------------------------------------------------------------------------------
                                  0.000000    0.000000   clock clk (rise edge)
                                  0.000000    0.000000   clock source latency
    32    0.059840    0.250000    0.000000    0.000000 ^ clk (in)
                                                         clk (net)
                      0.250000    0.000000    0.000000 ^ _665_/CLK (sky130_fd_sc_hd__dfrtp_2)
    13    0.039748    0.199577    0.535940    0.535940 ^ _665_/Q (sky130_fd_sc_hd__dfrtp_2)
                                                         a_reg[0] (net)
                      0.199577    0.000000    0.535940 ^ _322_/B (sky130_fd_sc_hd__and2_2)
     2    0.003598    0.042875    0.173864    0.709804 ^ _322_/X (sky130_fd_sc_hd__and2_2)
                                                         product_reg[0] (net)
                      0.042875    0.000000    0.709804 ^ _681_/D (sky130_fd_sc_hd__dfrtp_2)
                                              0.709804   data arrival time

                                  0.000000    0.000000   clock clk (rise edge)
                                  0.000000    0.000000   clock source latency
    32    0.059840    0.250000    0.000000    0.000000 ^ clk (in)
                                                         clk (net)
                      0.250000    0.000000    0.000000 ^ _681_/CLK (sky130_fd_sc_hd__dfrtp_2)
                                  0.125000    0.125000   clock uncertainty
                                  0.000000    0.125000   clock reconvergence pessimism
                                 -0.006236    0.118764   library hold time
                                              0.118764   data required time
---------------------------------------------------------------------------------------------
                                              0.118764   data required time
                                             -0.709804   data arrival time
---------------------------------------------------------------------------------------------
                                              0.591040   slack (MET)


Startpoint: _665_ (rising edge-triggered flip-flop clocked by clk)
Endpoint: _682_ (rising edge-triggered flip-flop clocked by clk)
Path Group: clk
Path Type: min

Fanout         Cap        Slew       Delay        Time   Description
---------------------------------------------------------------------------------------------
                                  0.000000    0.000000   clock clk (rise edge)
                                  0.000000    0.000000   clock source latency
    32    0.059840    0.250000    0.000000    0.000000 ^ clk (in)
                                                         clk (net)
                      0.250000    0.000000    0.000000 ^ _665_/CLK (sky130_fd_sc_hd__dfrtp_2)
    13    0.039748    0.199577    0.535940    0.535940 ^ _665_/Q (sky130_fd_sc_hd__dfrtp_2)
                                                         a_reg[0] (net)
                      0.199577    0.000000    0.535940 ^ _323_/B2 (sky130_fd_sc_hd__a22oi_2)
     1    0.004190    0.062979    0.080891    0.616831 v _323_/Y (sky130_fd_sc_hd__a22oi_2)
                                                         _292_ (net)
                      0.062979    0.000000    0.616831 v _325_/A (sky130_fd_sc_hd__nor2_2)
     1    0.002005    0.053307    0.093015    0.709847 ^ _325_/Y (sky130_fd_sc_hd__nor2_2)
                                                         product_reg[1] (net)
                      0.053307    0.000000    0.709847 ^ _682_/D (sky130_fd_sc_hd__dfrtp_2)
                                              0.709847   data arrival time

                                  0.000000    0.000000   clock clk (rise edge)
                                  0.000000    0.000000   clock source latency
    32    0.059840    0.250000    0.000000    0.000000 ^ clk (in)
                                                         clk (net)
                      0.250000    0.000000    0.000000 ^ _682_/CLK (sky130_fd_sc_hd__dfrtp_2)
                                  0.125000    0.125000   clock uncertainty
                                  0.000000    0.125000   clock reconvergence pessimism
                                 -0.008342    0.116658   library hold time
                                              0.116658   data required time
---------------------------------------------------------------------------------------------
                                              0.116658   data required time
                                             -0.709847   data arrival time
---------------------------------------------------------------------------------------------
                                              0.593189   slack (MET)


Startpoint: _680_ (rising edge-triggered flip-flop clocked by clk)
Endpoint: _664_ (rising edge-triggered flip-flop clocked by clk)
Path Group: clk
Path Type: min

Fanout         Cap        Slew       Delay        Time   Description
---------------------------------------------------------------------------------------------
                                  0.000000    0.000000   clock clk (rise edge)
                                  0.000000    0.000000   clock source latency
    32    0.059840    0.250000    0.000000    0.000000 ^ clk (in)
                                                         clk (net)
                      0.250000    0.000000    0.000000 ^ _680_/CLK (sky130_fd_sc_hd__dfrtp_2)
    12    0.033988    0.174114    0.516721    0.516721 ^ _680_/Q (sky130_fd_sc_hd__dfrtp_2)
                                                         b_reg[7] (net)
                      0.174114    0.000000    0.516721 ^ _623_/B1 (sky130_fd_sc_hd__o311a_2)
     1    0.001496    0.031410    0.187275    0.703997 ^ _623_/X (sky130_fd_sc_hd__o311a_2)
                                                         _290_ (net)
                      0.031410    0.000000    0.703997 ^ _624_/B (sky130_fd_sc_hd__or2_2)
     1    0.002005    0.025991    0.084447    0.788444 ^ _624_/X (sky130_fd_sc_hd__or2_2)
                                                         product_reg[15] (net)
                      0.025991    0.000000    0.788444 ^ _664_/D (sky130_fd_sc_hd__dfrtp_2)
                                              0.788444   data arrival time

                                  0.000000    0.000000   clock clk (rise edge)
                                  0.000000    0.000000   clock source latency
    32    0.059840    0.250000    0.000000    0.000000 ^ clk (in)
                                                         clk (net)
                      0.250000    0.000000    0.000000 ^ _664_/CLK (sky130_fd_sc_hd__dfrtp_2)
                                  0.125000    0.125000   clock uncertainty
                                  0.000000    0.125000   clock reconvergence pessimism
                                 -0.002827    0.122173   library hold time
                                              0.122173   data required time
---------------------------------------------------------------------------------------------
                                              0.122173   data required time
                                             -0.788444   data arrival time
---------------------------------------------------------------------------------------------
                                              0.666271   slack (MET)


Startpoint: _665_ (rising edge-triggered flip-flop clocked by clk)
Endpoint: _684_ (rising edge-triggered flip-flop clocked by clk)
Path Group: clk
Path Type: min

Fanout         Cap        Slew       Delay        Time   Description
---------------------------------------------------------------------------------------------
                                  0.000000    0.000000   clock clk (rise edge)
                                  0.000000    0.000000   clock source latency
    32    0.059840    0.250000    0.000000    0.000000 ^ clk (in)
                                                         clk (net)
                      0.250000    0.000000    0.000000 ^ _665_/CLK (sky130_fd_sc_hd__dfrtp_2)
    13    0.036663    0.116500    0.542625    0.542625 v _665_/Q (sky130_fd_sc_hd__dfrtp_2)
                                                         a_reg[0] (net)
                      0.116500    0.000000    0.542625 v _343_/A1 (sky130_fd_sc_hd__a21oi_2)
     1    0.001496    0.056162    0.122591    0.665216 ^ _343_/Y (sky130_fd_sc_hd__a21oi_2)
                                                         _310_ (net)
                      0.056162    0.000000    0.665216 ^ _344_/B (sky130_fd_sc_hd__or2_2)
     2    0.006281    0.046103    0.111675    0.776891 ^ _344_/X (sky130_fd_sc_hd__or2_2)
                                                         _311_ (net)
                      0.046103    0.000000    0.776891 ^ _345_/B (sky130_fd_sc_hd__nor2_2)
     3    0.009798    0.029559    0.043267    0.820157 v _345_/Y (sky130_fd_sc_hd__nor2_2)
                                                         _312_ (net)
                      0.029559    0.000000    0.820157 v _347_/A (sky130_fd_sc_hd__nor2_2)
     1    0.002005    0.053426    0.079166    0.899324 ^ _347_/Y (sky130_fd_sc_hd__nor2_2)
                                                         product_reg[3] (net)
                      0.053426    0.000000    0.899324 ^ _684_/D (sky130_fd_sc_hd__dfrtp_2)
                                              0.899324   data arrival time

                                  0.000000    0.000000   clock clk (rise edge)
                                  0.000000    0.000000   clock source latency
    32    0.059840    0.250000    0.000000    0.000000 ^ clk (in)
                                                         clk (net)
                      0.250000    0.000000    0.000000 ^ _684_/CLK (sky130_fd_sc_hd__dfrtp_2)
                                  0.125000    0.125000   clock uncertainty
                                  0.000000    0.125000   clock reconvergence pessimism
                                 -0.008366    0.116634   library hold time
                                              0.116634   data required time
---------------------------------------------------------------------------------------------
                                              0.116634   data required time
                                             -0.899324   data arrival time
---------------------------------------------------------------------------------------------
                                              0.782690   slack (MET)


Startpoint: _665_ (rising edge-triggered flip-flop clocked by clk)
Endpoint: _683_ (rising edge-triggered flip-flop clocked by clk)
Path Group: clk
Path Type: min

Fanout         Cap        Slew       Delay        Time   Description
---------------------------------------------------------------------------------------------
                                  0.000000    0.000000   clock clk (rise edge)
                                  0.000000    0.000000   clock source latency
    32    0.059840    0.250000    0.000000    0.000000 ^ clk (in)
                                                         clk (net)
                      0.250000    0.000000    0.000000 ^ _665_/CLK (sky130_fd_sc_hd__dfrtp_2)
    13    0.036663    0.116500    0.542625    0.542625 v _665_/Q (sky130_fd_sc_hd__dfrtp_2)
                                                         a_reg[0] (net)
                      0.116500    0.000000    0.542625 v _326_/A (sky130_fd_sc_hd__nand2_2)
     1    0.009040    0.066503    0.100933    0.643558 ^ _326_/Y (sky130_fd_sc_hd__nand2_2)
                                                         _294_ (net)
                      0.066503    0.000000    0.643558 ^ _330_/A (sky130_fd_sc_hd__xnor2_2)
     2    0.005536    0.040426    0.073330    0.716889 v _330_/Y (sky130_fd_sc_hd__xnor2_2)
                                                         _298_ (net)
                      0.040426    0.000000    0.716889 v _331_/B (sky130_fd_sc_hd__nand2_2)
     3    0.007577    0.051874    0.071606    0.788495 ^ _331_/Y (sky130_fd_sc_hd__nand2_2)
                                                         _299_ (net)
                      0.051874    0.000000    0.788495 ^ _333_/A (sky130_fd_sc_hd__and2_2)
     1    0.002005    0.033918    0.121344    0.909839 ^ _333_/X (sky130_fd_sc_hd__and2_2)
                                                         product_reg[2] (net)
                      0.033918    0.000000    0.909839 ^ _683_/D (sky130_fd_sc_hd__dfrtp_2)
                                              0.909839   data arrival time

                                  0.000000    0.000000   clock clk (rise edge)
                                  0.000000    0.000000   clock source latency
    32    0.059840    0.250000    0.000000    0.000000 ^ clk (in)
                                                         clk (net)
                      0.250000    0.000000    0.000000 ^ _683_/CLK (sky130_fd_sc_hd__dfrtp_2)
                                  0.125000    0.125000   clock uncertainty
                                  0.000000    0.125000   clock reconvergence pessimism
                                 -0.004427    0.120573   library hold time
                                              0.120573   data required time
---------------------------------------------------------------------------------------------
                                              0.120573   data required time
                                             -0.909839   data arrival time
---------------------------------------------------------------------------------------------
                                              0.789267   slack (MET)


Startpoint: _680_ (rising edge-triggered flip-flop clocked by clk)
Endpoint: _663_ (rising edge-triggered flip-flop clocked by clk)
Path Group: clk
Path Type: min

Fanout         Cap        Slew       Delay        Time   Description
---------------------------------------------------------------------------------------------
                                  0.000000    0.000000   clock clk (rise edge)
                                  0.000000    0.000000   clock source latency
    32    0.059840    0.250000    0.000000    0.000000 ^ clk (in)
                                                         clk (net)
                      0.250000    0.000000    0.000000 ^ _680_/CLK (sky130_fd_sc_hd__dfrtp_2)
    12    0.033988    0.174114    0.516721    0.516721 ^ _680_/Q (sky130_fd_sc_hd__dfrtp_2)
                                                         b_reg[7] (net)
                      0.174114    0.000000    0.516721 ^ _616_/B (sky130_fd_sc_hd__and3_2)
     1    0.009040    0.072155    0.227884    0.744605 ^ _616_/X (sky130_fd_sc_hd__and3_2)
                                                         _284_ (net)
                      0.072155    0.000000    0.744605 ^ _618_/A (sky130_fd_sc_hd__xnor2_2)
     2    0.011463    0.074566    0.137706    0.882311 ^ _618_/Y (sky130_fd_sc_hd__xnor2_2)
                                                         _286_ (net)
                      0.074566    0.000000    0.882311 ^ _622_/A (sky130_fd_sc_hd__xnor2_2)
     1    0.001949    0.026286    0.062460    0.944771 v _622_/Y (sky130_fd_sc_hd__xnor2_2)
                                                         product_reg[14] (net)
                      0.026286    0.000000    0.944771 v _663_/D (sky130_fd_sc_hd__dfrtp_2)
                                              0.944771   data arrival time

                                  0.000000    0.000000   clock clk (rise edge)
                                  0.000000    0.000000   clock source latency
    32    0.059840    0.250000    0.000000    0.000000 ^ clk (in)
                                                         clk (net)
                      0.250000    0.000000    0.000000 ^ _663_/CLK (sky130_fd_sc_hd__dfrtp_2)
                                  0.125000    0.125000   clock uncertainty
                                  0.000000    0.125000   clock reconvergence pessimism
                                  0.012248    0.137248   library hold time
                                              0.137248   data required time
---------------------------------------------------------------------------------------------
                                              0.137248   data required time
                                             -0.944771   data arrival time
---------------------------------------------------------------------------------------------
                                              0.807523   slack (MET)


Startpoint: _665_ (rising edge-triggered flip-flop clocked by clk)
Endpoint: _685_ (rising edge-triggered flip-flop clocked by clk)
Path Group: clk
Path Type: min

Fanout         Cap        Slew       Delay        Time   Description
---------------------------------------------------------------------------------------------
                                  0.000000    0.000000   clock clk (rise edge)
                                  0.000000    0.000000   clock source latency
    32    0.059840    0.250000    0.000000    0.000000 ^ clk (in)
                                                         clk (net)
                      0.250000    0.000000    0.000000 ^ _665_/CLK (sky130_fd_sc_hd__dfrtp_2)
    13    0.036663    0.116500    0.542625    0.542625 v _665_/Q (sky130_fd_sc_hd__dfrtp_2)
                                                         a_reg[0] (net)
                      0.116500    0.000000    0.542625 v _343_/A1 (sky130_fd_sc_hd__a21oi_2)
     1    0.001496    0.056162    0.122591    0.665216 ^ _343_/Y (sky130_fd_sc_hd__a21oi_2)
                                                         _310_ (net)
                      0.056162    0.000000    0.665216 ^ _344_/B (sky130_fd_sc_hd__or2_2)
     2    0.006281    0.046103    0.111675    0.776891 ^ _344_/X (sky130_fd_sc_hd__or2_2)
                                                         _311_ (net)
                      0.046103    0.000000    0.776891 ^ _345_/B (sky130_fd_sc_hd__nor2_2)
     3    0.009798    0.029559    0.043267    0.820157 v _345_/Y (sky130_fd_sc_hd__nor2_2)
                                                         _312_ (net)
                      0.029559    0.000000    0.820157 v _365_/A (sky130_fd_sc_hd__nor2_2)
     1    0.004740    0.081644    0.100112    0.920269 ^ _365_/Y (sky130_fd_sc_hd__nor2_2)
                                                         _042_ (net)
                      0.081644    0.000000    0.920269 ^ _366_/B (sky130_fd_sc_hd__nor2_2)
     1    0.001949    0.021300    0.032544    0.952813 v _366_/Y (sky130_fd_sc_hd__nor2_2)
                                                         product_reg[4] (net)
                      0.021300    0.000000    0.952813 v _685_/D (sky130_fd_sc_hd__dfrtp_2)
                                              0.952813   data arrival time

                                  0.000000    0.000000   clock clk (rise edge)
                                  0.000000    0.000000   clock source latency
    32    0.059840    0.250000    0.000000    0.000000 ^ clk (in)
                                                         clk (net)
                      0.250000    0.000000    0.000000 ^ _685_/CLK (sky130_fd_sc_hd__dfrtp_2)
                                  0.125000    0.125000   clock uncertainty
                                  0.000000    0.125000   clock reconvergence pessimism
                                  0.014273    0.139273   library hold time
                                              0.139273   data required time
---------------------------------------------------------------------------------------------
                                              0.139273   data required time
                                             -0.952813   data arrival time
---------------------------------------------------------------------------------------------
                                              0.813540   slack (MET)


Startpoint: _680_ (rising edge-triggered flip-flop clocked by clk)
Endpoint: _661_ (rising edge-triggered flip-flop clocked by clk)
Path Group: clk
Path Type: min

Fanout         Cap        Slew       Delay        Time   Description
---------------------------------------------------------------------------------------------
                                  0.000000    0.000000   clock clk (rise edge)
                                  0.000000    0.000000   clock source latency
    32    0.059840    0.250000    0.000000    0.000000 ^ clk (in)
                                                         clk (net)
                      0.250000    0.000000    0.000000 ^ _680_/CLK (sky130_fd_sc_hd__dfrtp_2)
    12    0.033988    0.174114    0.516721    0.516721 ^ _680_/Q (sky130_fd_sc_hd__dfrtp_2)
                                                         b_reg[7] (net)
                      0.174114    0.000000    0.516721 ^ _554_/A2 (sky130_fd_sc_hd__a31o_2)
     2    0.013597    0.087766    0.222780    0.739501 ^ _554_/X (sky130_fd_sc_hd__a31o_2)
                                                         _225_ (net)
                      0.087766    0.000000    0.739501 ^ _572_/A (sky130_fd_sc_hd__nand2_2)
     2    0.006544    0.044640    0.059500    0.799001 v _572_/Y (sky130_fd_sc_hd__nand2_2)
                                                         _243_ (net)
                      0.044640    0.000000    0.799001 v _594_/B (sky130_fd_sc_hd__nand3_2)
     1    0.004621    0.040538    0.067893    0.866894 ^ _594_/Y (sky130_fd_sc_hd__nand3_2)
                                                         _264_ (net)
                      0.040538    0.000000    0.866894 ^ _595_/B (sky130_fd_sc_hd__nand2_2)
     2    0.009787    0.048532    0.061850    0.928744 v _595_/Y (sky130_fd_sc_hd__nand2_2)
                                                         _265_ (net)
                      0.048532    0.000000    0.928744 v _601_/A (sky130_fd_sc_hd__xnor2_2)
     1    0.001949    0.026277    0.121140    1.049884 v _601_/Y (sky130_fd_sc_hd__xnor2_2)
                                                         product_reg[12] (net)
                      0.026277    0.000000    1.049884 v _661_/D (sky130_fd_sc_hd__dfrtp_2)
                                              1.049884   data arrival time

                                  0.000000    0.000000   clock clk (rise edge)
                                  0.000000    0.000000   clock source latency
    32    0.059840    0.250000    0.000000    0.000000 ^ clk (in)
                                                         clk (net)
                      0.250000    0.000000    0.000000 ^ _661_/CLK (sky130_fd_sc_hd__dfrtp_2)
                                  0.125000    0.125000   clock uncertainty
                                  0.000000    0.125000   clock reconvergence pessimism
                                  0.012252    0.137252   library hold time
                                              0.137252   data required time
---------------------------------------------------------------------------------------------
                                              0.137252   data required time
                                             -1.049884   data arrival time
---------------------------------------------------------------------------------------------
                                              0.912632   slack (MET)


Startpoint: _665_ (rising edge-triggered flip-flop clocked by clk)
Endpoint: _688_ (rising edge-triggered flip-flop clocked by clk)
Path Group: clk
Path Type: min

Fanout         Cap        Slew       Delay        Time   Description
---------------------------------------------------------------------------------------------
                                  0.000000    0.000000   clock clk (rise edge)
                                  0.000000    0.000000   clock source latency
    32    0.059840    0.250000    0.000000    0.000000 ^ clk (in)
                                                         clk (net)
                      0.250000    0.000000    0.000000 ^ _665_/CLK (sky130_fd_sc_hd__dfrtp_2)
    13    0.036663    0.116500    0.542625    0.542625 v _665_/Q (sky130_fd_sc_hd__dfrtp_2)
                                                         a_reg[0] (net)
                      0.116500    0.000000    0.542625 v _389_/B1 (sky130_fd_sc_hd__o211a_2)
     4    0.012946    0.050148    0.190188    0.732813 v _389_/X (sky130_fd_sc_hd__o211a_2)
                                                         _065_ (net)
                      0.050148    0.000000    0.732813 v _452_/A (sky130_fd_sc_hd__nand3_2)
     3    0.008585    0.059665    0.072822    0.805636 ^ _452_/Y (sky130_fd_sc_hd__nand3_2)
                                                         _127_ (net)
                      0.059665    0.000000    0.805636 ^ _454_/A1 (sky130_fd_sc_hd__a21oi_2)
     1    0.004190    0.033564    0.050411    0.856047 v _454_/Y (sky130_fd_sc_hd__a21oi_2)
                                                         _129_ (net)
                      0.033564    0.000000    0.856047 v _457_/A (sky130_fd_sc_hd__nor2_2)
     1    0.009376    0.128866    0.136719    0.992766 ^ _457_/Y (sky130_fd_sc_hd__nor2_2)
                                                         _132_ (net)
                      0.128866    0.000000    0.992766 ^ _459_/A (sky130_fd_sc_hd__xor2_2)
     1    0.001949    0.027981    0.074726    1.067491 v _459_/X (sky130_fd_sc_hd__xor2_2)
                                                         product_reg[7] (net)
                      0.027981    0.000000    1.067491 v _688_/D (sky130_fd_sc_hd__dfrtp_2)
                                              1.067491   data arrival time

                                  0.000000    0.000000   clock clk (rise edge)
                                  0.000000    0.000000   clock source latency
    32    0.059840    0.250000    0.000000    0.000000 ^ clk (in)
                                                         clk (net)
                      0.250000    0.000000    0.000000 ^ _688_/CLK (sky130_fd_sc_hd__dfrtp_2)
                                  0.125000    0.125000   clock uncertainty
                                  0.000000    0.125000   clock reconvergence pessimism
                                  0.011560    0.136560   library hold time
                                              0.136560   data required time
---------------------------------------------------------------------------------------------
                                              0.136560   data required time
                                             -1.067491   data arrival time
---------------------------------------------------------------------------------------------
                                              0.930931   slack (MET)


Startpoint: _667_ (rising edge-triggered flip-flop clocked by clk)
Endpoint: _659_ (rising edge-triggered flip-flop clocked by clk)
Path Group: clk
Path Type: min

Fanout         Cap        Slew       Delay        Time   Description
---------------------------------------------------------------------------------------------
                                  0.000000    0.000000   clock clk (rise edge)
                                  0.000000    0.000000   clock source latency
    32    0.059840    0.250000    0.000000    0.000000 ^ clk (in)
                                                         clk (net)
                      0.250000    0.000000    0.000000 ^ _667_/CLK (sky130_fd_sc_hd__dfrtp_2)
    15    0.039867    0.123176    0.548867    0.548867 v _667_/Q (sky130_fd_sc_hd__dfrtp_2)
                                                         a_reg[2] (net)
                      0.123176    0.000000    0.548867 v _495_/A1 (sky130_fd_sc_hd__a31o_2)
     2    0.012888    0.059112    0.259422    0.808289 v _495_/X (sky130_fd_sc_hd__a31o_2)
                                                         _168_ (net)
                      0.059112    0.000000    0.808289 v _516_/A (sky130_fd_sc_hd__nand2_2)
     2    0.006587    0.048031    0.066879    0.875168 ^ _516_/Y (sky130_fd_sc_hd__nand2_2)
                                                         _189_ (net)
                      0.048031    0.000000    0.875168 ^ _548_/A2 (sky130_fd_sc_hd__a21oi_2)
     3    0.007673    0.029483    0.060691    0.935859 v _548_/Y (sky130_fd_sc_hd__a21oi_2)
                                                         _220_ (net)
                      0.029483    0.000000    0.935859 v _549_/B (sky130_fd_sc_hd__nor2_2)
     1    0.009040    0.125490    0.111739    1.047598 ^ _549_/Y (sky130_fd_sc_hd__nor2_2)
                                                         _221_ (net)
                      0.125490    0.000000    1.047598 ^ _553_/A (sky130_fd_sc_hd__xnor2_2)
     1    0.001949    0.029940    0.073675    1.121273 v _553_/Y (sky130_fd_sc_hd__xnor2_2)
                                                         product_reg[10] (net)
                      0.029940    0.000000    1.121273 v _659_/D (sky130_fd_sc_hd__dfrtp_2)
                                              1.121273   data arrival time

                                  0.000000    0.000000   clock clk (rise edge)
                                  0.000000    0.000000   clock source latency
    32    0.059840    0.250000    0.000000    0.000000 ^ clk (in)
                                                         clk (net)
                      0.250000    0.000000    0.000000 ^ _659_/CLK (sky130_fd_sc_hd__dfrtp_2)
                                  0.125000    0.125000   clock uncertainty
                                  0.000000    0.125000   clock reconvergence pessimism
                                  0.010764    0.135764   library hold time
                                              0.135764   data required time
---------------------------------------------------------------------------------------------
                                              0.135764   data required time
                                             -1.121273   data arrival time
---------------------------------------------------------------------------------------------
                                              0.985509   slack (MET)


Startpoint: _680_ (rising edge-triggered flip-flop clocked by clk)
Endpoint: _660_ (rising edge-triggered flip-flop clocked by clk)
Path Group: clk
Path Type: min

Fanout         Cap        Slew       Delay        Time   Description
---------------------------------------------------------------------------------------------
                                  0.000000    0.000000   clock clk (rise edge)
                                  0.000000    0.000000   clock source latency
    32    0.059840    0.250000    0.000000    0.000000 ^ clk (in)
                                                         clk (net)
                      0.250000    0.000000    0.000000 ^ _680_/CLK (sky130_fd_sc_hd__dfrtp_2)
    12    0.033988    0.174114    0.516721    0.516721 ^ _680_/Q (sky130_fd_sc_hd__dfrtp_2)
                                                         b_reg[7] (net)
                      0.174114    0.000000    0.516721 ^ _554_/A2 (sky130_fd_sc_hd__a31o_2)
     2    0.013597    0.087766    0.222780    0.739501 ^ _554_/X (sky130_fd_sc_hd__a31o_2)
                                                         _225_ (net)
                      0.087766    0.000000    0.739501 ^ _573_/A (sky130_fd_sc_hd__xnor2_2)
     2    0.009433    0.065154    0.134824    0.874325 ^ _573_/Y (sky130_fd_sc_hd__xnor2_2)
                                                         _244_ (net)
                      0.065154    0.000000    0.874325 ^ _575_/C (sky130_fd_sc_hd__nand3_2)
     4    0.009437    0.076413    0.094665    0.968990 v _575_/Y (sky130_fd_sc_hd__nand3_2)
                                                         _246_ (net)
                      0.076413    0.000000    0.968990 v _576_/B (sky130_fd_sc_hd__nand2b_2)
     1    0.009376    0.067115    0.094888    1.063878 ^ _576_/Y (sky130_fd_sc_hd__nand2b_2)
                                                         _247_ (net)
                      0.067115    0.000000    1.063878 ^ _578_/A (sky130_fd_sc_hd__xor2_2)
     1    0.001949    0.027937    0.059073    1.122951 v _578_/X (sky130_fd_sc_hd__xor2_2)
                                                         product_reg[11] (net)
                      0.027937    0.000000    1.122951 v _660_/D (sky130_fd_sc_hd__dfrtp_2)
                                              1.122951   data arrival time

                                  0.000000    0.000000   clock clk (rise edge)
                                  0.000000    0.000000   clock source latency
    32    0.059840    0.250000    0.000000    0.000000 ^ clk (in)
                                                         clk (net)
                      0.250000    0.000000    0.000000 ^ _660_/CLK (sky130_fd_sc_hd__dfrtp_2)
                                  0.125000    0.125000   clock uncertainty
                                  0.000000    0.125000   clock reconvergence pessimism
                                  0.011578    0.136578   library hold time
                                              0.136578   data required time
---------------------------------------------------------------------------------------------
                                              0.136578   data required time
                                             -1.122951   data arrival time
---------------------------------------------------------------------------------------------
                                              0.986373   slack (MET)


Startpoint: _678_ (rising edge-triggered flip-flop clocked by clk)
Endpoint: _662_ (rising edge-triggered flip-flop clocked by clk)
Path Group: clk
Path Type: min

Fanout         Cap        Slew       Delay        Time   Description
---------------------------------------------------------------------------------------------
                                  0.000000    0.000000   clock clk (rise edge)
                                  0.000000    0.000000   clock source latency
    32    0.059840    0.250000    0.000000    0.000000 ^ clk (in)
                                                         clk (net)
                      0.250000    0.000000    0.000000 ^ _678_/CLK (sky130_fd_sc_hd__dfrtp_2)
    14    0.041467    0.207418    0.541455    0.541455 ^ _678_/Q (sky130_fd_sc_hd__dfrtp_2)
                                                         b_reg[5] (net)
                      0.207418    0.000000    0.541455 ^ _585_/A1 (sky130_fd_sc_hd__a21oi_2)
     1    0.004136    0.037165    0.079743    0.621198 v _585_/Y (sky130_fd_sc_hd__a21oi_2)
                                                         _255_ (net)
                      0.037165    0.000000    0.621198 v _586_/B (sky130_fd_sc_hd__nor2_2)
     2    0.010034    0.135532    0.121575    0.742773 ^ _586_/Y (sky130_fd_sc_hd__nor2_2)
                                                         _256_ (net)
                      0.135532    0.000000    0.742773 ^ _587_/B (sky130_fd_sc_hd__and2_2)
     2    0.007039    0.057299    0.172706    0.915479 ^ _587_/X (sky130_fd_sc_hd__and2_2)
                                                         _257_ (net)
                      0.057299    0.000000    0.915479 ^ _610_/A (sky130_fd_sc_hd__nor3_2)
     3    0.009861    0.032915    0.054659    0.970138 v _610_/Y (sky130_fd_sc_hd__nor3_2)
                                                         _279_ (net)
                      0.032915    0.000000    0.970138 v _613_/B1 (sky130_fd_sc_hd__o22ai_2)
     1    0.004557    0.125901    0.108944    1.079082 ^ _613_/Y (sky130_fd_sc_hd__o22ai_2)
                                                         _282_ (net)
                      0.125901    0.000000    1.079082 ^ _615_/A (sky130_fd_sc_hd__nand2_2)
     1    0.001949    0.019887    0.047744    1.126826 v _615_/Y (sky130_fd_sc_hd__nand2_2)
                                                         product_reg[13] (net)
                      0.019887    0.000000    1.126826 v _662_/D (sky130_fd_sc_hd__dfrtp_2)
                                              1.126826   data arrival time

                                  0.000000    0.000000   clock clk (rise edge)
                                  0.000000    0.000000   clock source latency
    32    0.059840    0.250000    0.000000    0.000000 ^ clk (in)
                                                         clk (net)
                      0.250000    0.000000    0.000000 ^ _662_/CLK (sky130_fd_sc_hd__dfrtp_2)
                                  0.125000    0.125000   clock uncertainty
                                  0.000000    0.125000   clock reconvergence pessimism
                                  0.014847    0.139847   library hold time
                                              0.139847   data required time
---------------------------------------------------------------------------------------------
                                              0.139847   data required time
                                             -1.126826   data arrival time
---------------------------------------------------------------------------------------------
                                              0.986979   slack (MET)


Startpoint: _665_ (rising edge-triggered flip-flop clocked by clk)
Endpoint: _689_ (rising edge-triggered flip-flop clocked by clk)
Path Group: clk
Path Type: min

Fanout         Cap        Slew       Delay        Time   Description
---------------------------------------------------------------------------------------------
                                  0.000000    0.000000   clock clk (rise edge)
                                  0.000000    0.000000   clock source latency
    32    0.059840    0.250000    0.000000    0.000000 ^ clk (in)
                                                         clk (net)
                      0.250000    0.000000    0.000000 ^ _665_/CLK (sky130_fd_sc_hd__dfrtp_2)
    13    0.036663    0.116500    0.542625    0.542625 v _665_/Q (sky130_fd_sc_hd__dfrtp_2)
                                                         a_reg[0] (net)
                      0.116500    0.000000    0.542625 v _389_/B1 (sky130_fd_sc_hd__o211a_2)
     4    0.012946    0.050148    0.190188    0.732813 v _389_/X (sky130_fd_sc_hd__o211a_2)
                                                         _065_ (net)
                      0.050148    0.000000    0.732813 v _452_/A (sky130_fd_sc_hd__nand3_2)
     3    0.008585    0.059665    0.072822    0.805636 ^ _452_/Y (sky130_fd_sc_hd__nand3_2)
                                                         _127_ (net)
                      0.059665    0.000000    0.805636 ^ _455_/A1 (sky130_fd_sc_hd__a21o_2)
     1    0.002444    0.027221    0.108408    0.914044 ^ _455_/X (sky130_fd_sc_hd__a21o_2)
                                                         _130_ (net)
                      0.027221    0.000000    0.914044 ^ _492_/A1 (sky130_fd_sc_hd__a21o_2)
     4    0.017925    0.097064    0.156632    1.070675 ^ _492_/X (sky130_fd_sc_hd__a21o_2)
                                                         _166_ (net)
                      0.097064    0.000000    1.070675 ^ _493_/B (sky130_fd_sc_hd__xnor2_2)
     1    0.001949    0.028850    0.057168    1.127844 v _493_/Y (sky130_fd_sc_hd__xnor2_2)
                                                         product_reg[8] (net)
                      0.028850    0.000000    1.127844 v _689_/D (sky130_fd_sc_hd__dfrtp_2)
                                              1.127844   data arrival time

                                  0.000000    0.000000   clock clk (rise edge)
                                  0.000000    0.000000   clock source latency
    32    0.059840    0.250000    0.000000    0.000000 ^ clk (in)
                                                         clk (net)
                      0.250000    0.000000    0.000000 ^ _689_/CLK (sky130_fd_sc_hd__dfrtp_2)
                                  0.125000    0.125000   clock uncertainty
                                  0.000000    0.125000   clock reconvergence pessimism
                                  0.011207    0.136207   library hold time
                                              0.136207   data required time
---------------------------------------------------------------------------------------------
                                              0.136207   data required time
                                             -1.127844   data arrival time
---------------------------------------------------------------------------------------------
                                              0.991636   slack (MET)


Startpoint: _665_ (rising edge-triggered flip-flop clocked by clk)
Endpoint: _686_ (rising edge-triggered flip-flop clocked by clk)
Path Group: clk
Path Type: min

Fanout         Cap        Slew       Delay        Time   Description
---------------------------------------------------------------------------------------------
                                  0.000000    0.000000   clock clk (rise edge)
                                  0.000000    0.000000   clock source latency
    32    0.059840    0.250000    0.000000    0.000000 ^ clk (in)
                                                         clk (net)
                      0.250000    0.000000    0.000000 ^ _665_/CLK (sky130_fd_sc_hd__dfrtp_2)
    13    0.036663    0.116500    0.542625    0.542625 v _665_/Q (sky130_fd_sc_hd__dfrtp_2)
                                                         a_reg[0] (net)
                      0.116500    0.000000    0.542625 v _343_/A1 (sky130_fd_sc_hd__a21oi_2)
     1    0.001496    0.056162    0.122591    0.665216 ^ _343_/Y (sky130_fd_sc_hd__a21oi_2)
                                                         _310_ (net)
                      0.056162    0.000000    0.665216 ^ _344_/B (sky130_fd_sc_hd__or2_2)
     2    0.006281    0.046103    0.111675    0.776891 ^ _344_/X (sky130_fd_sc_hd__or2_2)
                                                         _311_ (net)
                      0.046103    0.000000    0.776891 ^ _345_/B (sky130_fd_sc_hd__nor2_2)
     3    0.009798    0.029559    0.043267    0.820157 v _345_/Y (sky130_fd_sc_hd__nor2_2)
                                                         _312_ (net)
                      0.029559    0.000000    0.820157 v _364_/A (sky130_fd_sc_hd__and2_2)
     4    0.011934    0.056568    0.186119    1.006277 v _364_/X (sky130_fd_sc_hd__and2_2)
                                                         _041_ (net)
                      0.056568    0.000000    1.006277 v _625_/B1 (sky130_fd_sc_hd__a21oi_2)
     1    0.004740    0.092122    0.111262    1.117539 ^ _625_/Y (sky130_fd_sc_hd__a21oi_2)
                                                         _291_ (net)
                      0.092122    0.000000    1.117539 ^ _626_/B (sky130_fd_sc_hd__nor2_2)
     1    0.001949    0.022987    0.033817    1.151356 v _626_/Y (sky130_fd_sc_hd__nor2_2)
                                                         product_reg[5] (net)
                      0.022987    0.000000    1.151356 v _686_/D (sky130_fd_sc_hd__dfrtp_2)
                                              1.151356   data arrival time

                                  0.000000    0.000000   clock clk (rise edge)
                                  0.000000    0.000000   clock source latency
    32    0.059840    0.250000    0.000000    0.000000 ^ clk (in)
                                                         clk (net)
                      0.250000    0.000000    0.000000 ^ _686_/CLK (sky130_fd_sc_hd__dfrtp_2)
                                  0.125000    0.125000   clock uncertainty
                                  0.000000    0.125000   clock reconvergence pessimism
                                  0.013588    0.138588   library hold time
                                              0.138588   data required time
---------------------------------------------------------------------------------------------
                                              0.138588   data required time
                                             -1.151356   data arrival time
---------------------------------------------------------------------------------------------
                                              1.012768   slack (MET)


Startpoint: _665_ (rising edge-triggered flip-flop clocked by clk)
Endpoint: _658_ (rising edge-triggered flip-flop clocked by clk)
Path Group: clk
Path Type: min

Fanout         Cap        Slew       Delay        Time   Description
---------------------------------------------------------------------------------------------
                                  0.000000    0.000000   clock clk (rise edge)
                                  0.000000    0.000000   clock source latency
    32    0.059840    0.250000    0.000000    0.000000 ^ clk (in)
                                                         clk (net)
                      0.250000    0.000000    0.000000 ^ _665_/CLK (sky130_fd_sc_hd__dfrtp_2)
    13    0.039748    0.199577    0.535940    0.535940 ^ _665_/Q (sky130_fd_sc_hd__dfrtp_2)
                                                         a_reg[0] (net)
                      0.199577    0.000000    0.535940 ^ _389_/B1 (sky130_fd_sc_hd__o211a_2)
     4    0.014081    0.101078    0.259591    0.795531 ^ _389_/X (sky130_fd_sc_hd__o211a_2)
                                                         _065_ (net)
                      0.101078    0.000000    0.795531 ^ _488_/A1 (sky130_fd_sc_hd__a21bo_2)
     3    0.011479    0.073069    0.166359    0.961890 ^ _488_/X (sky130_fd_sc_hd__a21bo_2)
                                                         _162_ (net)
                      0.073069    0.000000    0.961890 ^ _490_/B (sky130_fd_sc_hd__or2_2)
     1    0.002444    0.028207    0.102254    1.064144 ^ _490_/X (sky130_fd_sc_hd__or2_2)
                                                         _164_ (net)
                      0.028207    0.000000    1.064144 ^ _522_/A1 (sky130_fd_sc_hd__a21o_2)
     1    0.008493    0.052702    0.123001    1.187145 ^ _522_/X (sky130_fd_sc_hd__a21o_2)
                                                         _195_ (net)
                      0.052702    0.000000    1.187145 ^ _523_/B (sky130_fd_sc_hd__xor2_2)
     1    0.001949    0.027980    0.048471    1.235616 v _523_/X (sky130_fd_sc_hd__xor2_2)
                                                         product_reg[9] (net)
                      0.027980    0.000000    1.235616 v _658_/D (sky130_fd_sc_hd__dfrtp_2)
                                              1.235616   data arrival time

                                  0.000000    0.000000   clock clk (rise edge)
                                  0.000000    0.000000   clock source latency
    32    0.059840    0.250000    0.000000    0.000000 ^ clk (in)
                                                         clk (net)
                      0.250000    0.000000    0.000000 ^ _658_/CLK (sky130_fd_sc_hd__dfrtp_2)
                                  0.125000    0.125000   clock uncertainty
                                  0.000000    0.125000   clock reconvergence pessimism
                                  0.011560    0.136560   library hold time
                                              0.136560   data required time
---------------------------------------------------------------------------------------------
                                              0.136560   data required time
                                             -1.235616   data arrival time
---------------------------------------------------------------------------------------------
                                              1.099056   slack (MET)


Startpoint: _665_ (rising edge-triggered flip-flop clocked by clk)
Endpoint: _687_ (rising edge-triggered flip-flop clocked by clk)
Path Group: clk
Path Type: min

Fanout         Cap        Slew       Delay        Time   Description
---------------------------------------------------------------------------------------------
                                  0.000000    0.000000   clock clk (rise edge)
                                  0.000000    0.000000   clock source latency
    32    0.059840    0.250000    0.000000    0.000000 ^ clk (in)
                                                         clk (net)
                      0.250000    0.000000    0.000000 ^ _665_/CLK (sky130_fd_sc_hd__dfrtp_2)
    13    0.039748    0.199577    0.535940    0.535940 ^ _665_/Q (sky130_fd_sc_hd__dfrtp_2)
                                                         a_reg[0] (net)
                      0.199577    0.000000    0.535940 ^ _390_/A1 (sky130_fd_sc_hd__a211oi_2)
     1    0.004136    0.033577    0.098648    0.634588 v _390_/Y (sky130_fd_sc_hd__a211oi_2)
                                                         _066_ (net)
                      0.033577    0.000000    0.634588 v _391_/B (sky130_fd_sc_hd__nor2_2)
     2    0.006989    0.104589    0.097367    0.731956 ^ _391_/Y (sky130_fd_sc_hd__nor2_2)
                                                         _067_ (net)
                      0.104589    0.000000    0.731956 ^ _412_/B1 (sky130_fd_sc_hd__a21o_2)
     2    0.007017    0.046595    0.114514    0.846470 ^ _412_/X (sky130_fd_sc_hd__a21o_2)
                                                         _088_ (net)
                      0.046595    0.000000    0.846470 ^ _414_/A2 (sky130_fd_sc_hd__a211oi_2)
     3    0.010462    0.053408    0.081758    0.928227 v _414_/Y (sky130_fd_sc_hd__a211oi_2)
                                                         _090_ (net)
                      0.053408    0.000000    0.928227 v _418_/B (sky130_fd_sc_hd__nor3_2)
     2    0.004084    0.131732    0.155852    1.084080 ^ _418_/Y (sky130_fd_sc_hd__nor3_2)
                                                         _094_ (net)
                      0.131732    0.000000    1.084080 ^ _420_/A (sky130_fd_sc_hd__or2_2)
     1    0.009040    0.059086    0.151064    1.235144 ^ _420_/X (sky130_fd_sc_hd__or2_2)
                                                         _096_ (net)
                      0.059086    0.000000    1.235144 ^ _423_/A (sky130_fd_sc_hd__xnor2_2)
     1    0.001949    0.028211    0.058978    1.294122 v _423_/Y (sky130_fd_sc_hd__xnor2_2)
                                                         product_reg[6] (net)
                      0.028211    0.000000    1.294122 v _687_/D (sky130_fd_sc_hd__dfrtp_2)
                                              1.294122   data arrival time

                                  0.000000    0.000000   clock clk (rise edge)
                                  0.000000    0.000000   clock source latency
    32    0.059840    0.250000    0.000000    0.000000 ^ clk (in)
                                                         clk (net)
                      0.250000    0.000000    0.000000 ^ _687_/CLK (sky130_fd_sc_hd__dfrtp_2)
                                  0.125000    0.125000   clock uncertainty
                                  0.000000    0.125000   clock reconvergence pessimism
                                  0.011467    0.136467   library hold time
                                              0.136467   data required time
---------------------------------------------------------------------------------------------
                                              0.136467   data required time
                                             -1.294122   data arrival time
---------------------------------------------------------------------------------------------
                                              1.157655   slack (MET)



