Reading timing models for corner nom_tt_025C_1v80…
Reading timing library for the 'nom_tt_025C_1v80' corner at '/home/hassan-ul-haq/.volare/volare/sky130/versions/0fe599b2afb6708d281543108caf8310912f54af/sky130A/libs.ref/sky130_fd_sc_hd/lib/sky130_fd_sc_hd__tt_025C_1v80.lib'…
Reading timing models for corner nom_ff_n40C_1v95…
Reading timing library for the 'nom_ff_n40C_1v95' corner at '/home/hassan-ul-haq/.volare/volare/sky130/versions/0fe599b2afb6708d281543108caf8310912f54af/sky130A/libs.ref/sky130_fd_sc_hd/lib/sky130_fd_sc_hd__ff_n40C_1v95.lib'…
Reading timing models for corner nom_ss_100C_1v60…
Reading timing library for the 'nom_ss_100C_1v60' corner at '/home/hassan-ul-haq/.volare/volare/sky130/versions/0fe599b2afb6708d281543108caf8310912f54af/sky130A/libs.ref/sky130_fd_sc_hd/lib/sky130_fd_sc_hd__ss_100C_1v60.lib'…
Reading OpenROAD database at '/home/hassan-ul-haq/openlane2/designs/Multiplier/runs/300MHz/34-openroad-cts/mult.odb'…
Reading design constraints file at '/nix/store/ss2cw3sxbrwwx9jl0rrppbw4kgcmgi2n-python3-3.11.9-env/lib/python3.11/site-packages/openlane/scripts/base.sdc'…
[INFO] Using clock clk…
[INFO] Setting output delay to: 0.6666
[INFO] Setting input delay to: 0.6666
[INFO] Setting load to: 0.033442
[INFO] Setting clock uncertainty to: 0.25
[INFO] Setting clock transition to: 0.1499999999999999944488848768742172978818416595458984375
[INFO] Setting timing derate to: 5%
[INFO] Setting RC values…
[INFO RSZ-0094] Found 29 endpoints with setup violations.
[INFO RSZ-0099] Repairing 29 out of 29 (100.00%) violating endpoints...
   Iter   | Removed | Resized | Inserted | Cloned |  Pin  |    WNS   |   TNS      |  Viol  | Worst
          | Buffers |  Gates  | Buffers  |  Gates | Swaps |          |            | Endpts | Endpt
---------------------------------------------------------------------------------------------------
        0 |       0 |       0 |        0 |      0 |     0 |   -1.909 |      -15.9 |     29 | _1389_/D
       10 |       0 |       6 |        2 |      0 |     2 |   -1.433 |      -14.2 |     29 | _1389_/D
       20 |       0 |       9 |        6 |      0 |     7 |   -1.453 |      -14.3 |     29 | _1389_/D
       30 |       0 |      14 |        8 |      0 |    11 |   -1.404 |      -13.8 |     29 | _1389_/D
       40 |       0 |      18 |       15 |      0 |    14 |   -1.374 |      -13.6 |     29 | _1317_/D
       45 |       0 |      20 |       15 |      0 |    15 |   -1.296 |      -13.4 |     29 | _1317_/D
       47 |       0 |      20 |       15 |      0 |    16 |   -1.296 |      -13.4 |     29 | _1317_/D
       48 |       0 |      20 |       15 |      0 |    16 |   -1.296 |      -13.4 |     29 | _1317_/D
       50 |       0 |      21 |       15 |      0 |    16 |   -1.296 |      -13.4 |     29 | _1317_/D
       60 |       0 |      28 |       20 |      0 |    17 |   -1.297 |      -13.5 |     29 | _1389_/D
       66 |       0 |      27 |       20 |      0 |    17 |   -1.296 |      -13.4 |     29 | _1317_/D
       68 |       0 |      27 |       20 |      0 |    17 |   -1.296 |      -13.4 |     29 | _1317_/D
       70 |       0 |      28 |       20 |      0 |    17 |   -1.297 |      -13.4 |     29 | _1389_/D
       71 |       0 |      27 |       20 |      0 |    17 |   -1.296 |      -13.4 |     29 | _1317_/D
       77 |       0 |      28 |       22 |      0 |    17 |   -1.288 |      -13.5 |     29 | _1317_/D
       80 |       0 |      29 |       24 |      0 |    17 |   -1.288 |      -13.3 |     29 | _1317_/D
       90 |       0 |      35 |       26 |      0 |    20 |   -1.288 |      -13.2 |     29 | _1317_/D
       94 |       0 |      36 |       26 |      0 |    21 |   -1.288 |      -13.0 |     29 | _1317_/D
      100 |       0 |      38 |       28 |      0 |    23 |   -1.288 |      -12.6 |     29 | _1317_/D
      105 |       0 |      40 |       30 |      0 |    24 |   -1.288 |      -12.5 |     29 | _1317_/D
      110 |       0 |      42 |       30 |      0 |    26 |   -1.288 |      -12.5 |     29 | _1317_/D
      120 |       0 |      49 |       32 |      0 |    28 |   -1.288 |      -12.5 |     29 | _1317_/D
      125 |       0 |      41 |       31 |      0 |    25 |   -1.288 |      -12.5 |     29 | _1317_/D
      130 |       0 |      44 |       31 |      0 |    26 |   -1.288 |      -12.5 |     29 | _1317_/D
      140 |       0 |      53 |       31 |      0 |    27 |   -1.288 |      -12.3 |     29 | _1317_/D
      145 |       0 |      55 |       31 |      0 |    30 |   -1.288 |      -12.3 |     29 | _1317_/D
      150 |       0 |      57 |       33 |      0 |    31 |   -1.288 |      -11.5 |     29 | _1317_/D
      160 |       0 |      62 |       35 |      0 |    35 |   -1.288 |      -11.0 |     29 | _1317_/D
      167 |       0 |      63 |       35 |      0 |    36 |   -1.288 |      -11.0 |     29 | _1317_/D
      170 |       0 |      65 |       35 |      0 |    36 |   -1.288 |      -11.0 |     29 | _1317_/D
      180 |       0 |      71 |       40 |      0 |    38 |   -1.288 |      -11.9 |     29 | _1317_/D
      190 |       0 |      75 |       44 |      0 |    42 |   -1.288 |      -11.4 |     29 | _1317_/D
      190 |       0 |      67 |       39 |      0 |    37 |   -1.288 |      -11.1 |     29 | _1317_/D
      191 |       0 |      67 |       39 |      0 |    37 |   -1.288 |      -11.1 |     29 | _1317_/D
      193 |       0 |      67 |       39 |      0 |    38 |   -1.288 |      -11.0 |     29 | _1317_/D
      200 |       0 |      71 |       39 |      0 |    40 |   -1.288 |      -11.1 |     29 | _1317_/D
      210 |       0 |      77 |       39 |      0 |    44 |   -1.288 |      -11.0 |     29 | _1317_/D
      211 |       0 |      76 |       39 |      0 |    42 |   -1.288 |      -11.0 |     29 | _1317_/D
      216 |       0 |      78 |       39 |      0 |    42 |   -1.288 |      -10.9 |     29 | _1317_/D
      220 |       0 |      81 |       39 |      0 |    42 |   -1.288 |      -11.0 |     29 | _1317_/D
      222 |       0 |      81 |       41 |      0 |    42 |   -1.288 |      -11.0 |     29 | _1317_/D
      224 |       0 |      82 |       41 |      0 |    42 |   -1.288 |      -11.0 |     27 | _1317_/D
      225 |       0 |      82 |       41 |      0 |    42 |   -1.288 |      -11.0 |     27 | _1317_/D
      230 |       0 |      86 |       41 |      0 |    42 |   -1.288 |      -11.2 |     27 | _1317_/D
      238 |       0 |      85 |       45 |      0 |    42 |   -1.288 |      -10.9 |     27 | _1317_/D
      240 |       0 |      86 |       45 |      0 |    42 |   -1.288 |      -10.8 |     27 | _1317_/D
      243 |       0 |      86 |       49 |      0 |    43 |   -1.288 |      -10.5 |     25 | _1317_/D
      244 |       0 |      86 |       49 |      0 |    43 |   -1.288 |      -10.5 |     24 | _1317_/D
      246 |       0 |      86 |       49 |      0 |    43 |   -1.288 |      -10.5 |     24 | _1317_/D
      247 |       0 |      86 |       49 |      0 |    43 |   -1.288 |      -10.5 |     23 | _1317_/D
      249 |       0 |      87 |       49 |      0 |    43 |   -1.288 |      -10.5 |     21 | _1317_/D
      250 |       0 |      87 |       49 |      0 |    43 |   -1.288 |      -10.5 |     21 | _1317_/D
      250 |       0 |      87 |       49 |      0 |    43 |   -1.288 |      -10.5 |     20 | _1317_/D
      251 |       0 |      87 |       49 |      0 |    43 |   -1.288 |      -10.5 |     19 | _1317_/D
      253 |       0 |      87 |       49 |      0 |    44 |   -1.288 |      -10.5 |     17 | _1317_/D
     254* |       0 |      87 |       49 |      0 |    44 |   -1.288 |      -10.5 |     21 | _1317_/D
     255* |       0 |      87 |       49 |      0 |    44 |   -1.288 |      -10.5 |     21 | _1317_/D
     256* |       0 |      87 |       49 |      0 |    44 |   -1.288 |      -10.5 |     21 | _1317_/D
     257* |       0 |      87 |       49 |      0 |    44 |   -1.288 |      -10.5 |     21 | _1317_/D
     258* |       0 |      87 |       49 |      0 |    44 |   -1.288 |      -10.5 |     21 | _1317_/D
     259* |       0 |      87 |       49 |      0 |    44 |   -1.288 |      -10.5 |     21 | _1317_/D
     260* |       0 |      87 |       49 |      0 |    44 |   -1.288 |      -10.5 |     21 | _1317_/D
     260* |       0 |      87 |       49 |      0 |    44 |   -1.288 |      -10.5 |     21 | _1317_/D
     261* |       0 |      87 |       49 |      0 |    44 |   -1.288 |      -10.5 |     21 | _1317_/D
     262* |       0 |      87 |       49 |      0 |    44 |   -1.288 |      -10.5 |     21 | _1317_/D
     263* |       0 |      87 |       49 |      0 |    44 |   -1.288 |      -10.5 |     21 | _1317_/D
     264* |       0 |      87 |       49 |      0 |    44 |   -1.288 |      -10.5 |     21 | _1317_/D
     265* |       0 |      87 |       49 |      0 |    44 |   -1.288 |      -10.5 |     21 | _1317_/D
     266* |       0 |      87 |       49 |      0 |    44 |   -1.288 |      -10.5 |     21 | _1317_/D
     267* |       0 |      87 |       49 |      0 |    44 |   -1.288 |      -10.5 |     21 | _1317_/D
     268* |       0 |      87 |       49 |      0 |    44 |   -1.288 |      -10.5 |     21 | _1317_/D
     269* |       0 |      87 |       49 |      0 |    44 |   -1.288 |      -10.5 |     21 | _1317_/D
     270* |       0 |      87 |       49 |      0 |    44 |   -1.288 |      -10.5 |     21 | _1317_/D
     270* |       0 |      87 |       49 |      0 |    44 |   -1.288 |      -10.5 |     21 | _1317_/D
     271* |       0 |      87 |       49 |      0 |    44 |   -1.288 |      -10.5 |     21 | _1317_/D
     272* |       0 |      87 |       49 |      0 |    44 |   -1.288 |      -10.5 |     21 | _1317_/D
     273* |       0 |      87 |       49 |      0 |    44 |   -1.288 |      -10.5 |     21 | _1317_/D
     274* |       0 |      87 |       49 |      0 |    44 |   -1.288 |      -10.5 |     21 | _1317_/D
    final |       0 |      87 |       49 |      0 |    44 |   -1.288 |      -10.5 |     21 | _1317_/D
---------------------------------------------------------------------------------------------------
[INFO RSZ-0040] Inserted 20 buffers.
[INFO RSZ-0041] Resized 87 instances.
[INFO RSZ-0043] Swapped pins on 44 instances.
[WARNING RSZ-0062] Unable to repair all setup violations.
[INFO RSZ-0046] Found 269 endpoints with hold violations.
Iteration | Resized | Buffers | Cloned Gates |   WNS   |   TNS   | Endpoint
---------------------------------------------------------------------------
        0 |       0 |       0 |            0 |   0.032 | -10.813 | _1318_/D
    final |       0 |     136 |            0 |   0.102 |   0.000 | _1391_/D
---------------------------------------------------------------------------
[INFO RSZ-0032] Inserted 136 hold buffers.
Placement Analysis
---------------------------------
total displacement       1184.6 u
average displacement        0.8 u
max displacement           14.1 u
original HPWL           12277.0 u
legalized HPWL          13505.6 u
delta HPWL                   10 %

[INFO DPL-0020] Mirrored 343 instances
[INFO DPL-0021] HPWL before           13505.6 u
[INFO DPL-0022] HPWL after            13283.3 u
[INFO DPL-0023] HPWL delta               -1.6 %
[INFO] Setting RC values…
Setting global connections for newly added cells…
[INFO] Setting global connections...
Updating metrics…
Cell type report:                       Count       Area
  Fill cell                               108     405.39
  Tap cell                                308     385.37
  Clock buffer                             30     440.42
  Timing Repair Buffer                    221    1910.58
  Inverter                                259     972.18
  Clock inverter                           18     175.17
  Sequential cell                         247    6237.23
  Multi-Input combinational cell          380    2705.09
  Total                                  1571   13231.44
Writing OpenROAD database to '/home/hassan-ul-haq/openlane2/designs/Multiplier/runs/300MHz/36-openroad-resizertimingpostcts/mult.odb'…
Writing netlist to '/home/hassan-ul-haq/openlane2/designs/Multiplier/runs/300MHz/36-openroad-resizertimingpostcts/mult.nl.v'…
Writing powered netlist to '/home/hassan-ul-haq/openlane2/designs/Multiplier/runs/300MHz/36-openroad-resizertimingpostcts/mult.pnl.v'…
Writing layout to '/home/hassan-ul-haq/openlane2/designs/Multiplier/runs/300MHz/36-openroad-resizertimingpostcts/mult.def'…
Writing timing constraints to '/home/hassan-ul-haq/openlane2/designs/Multiplier/runs/300MHz/36-openroad-resizertimingpostcts/mult.sdc'…
