
===========================================================================
report_checks -unconstrained
===========================================================================
======================= nom_ff_n40C_1v95 Corner ===================================

Startpoint: rst (input port clocked by clk)
Endpoint: _658_ (recovery check against rising-edge clock clk)
Path Group: asynchronous
Path Type: max

Fanout         Cap        Slew       Delay        Time   Description
---------------------------------------------------------------------------------------------
                      0.150000    0.000000    0.000000   clock clk (rise edge)
                                  0.000000    0.000000   clock network delay (ideal)
                                  1.666600    1.666600 v input external delay
    32    0.137120    0.202739    0.152880    1.819480 v rst (in)
                                                         rst (net)
                      0.202739    0.000000    1.819480 v _321_/A (sky130_fd_sc_hd__inv_2)
     1    0.003617    0.046403    0.072730    1.892210 ^ _321_/Y (sky130_fd_sc_hd__inv_2)
                                                         _000_ (net)
                      0.046403    0.000000    1.892210 ^ _658_/RESET_B (sky130_fd_sc_hd__dfrtp_2)
                                              1.892210   data arrival time

                      0.150000    8.333000    8.333000   clock clk (rise edge)
                                  0.000000    8.333000   clock network delay (ideal)
                                 -0.250000    8.083000   clock uncertainty
                                  0.000000    8.083000   clock reconvergence pessimism
                                              8.083000 ^ _658_/CLK (sky130_fd_sc_hd__dfrtp_2)
                                  0.147911    8.230911   library recovery time
                                              8.230911   data required time
---------------------------------------------------------------------------------------------
                                              8.230911   data required time
                                             -1.892210   data arrival time
---------------------------------------------------------------------------------------------
                                              6.338701   slack (MET)


Startpoint: _670_ (rising edge-triggered flip-flop clocked by clk)
Endpoint: _662_ (rising edge-triggered flip-flop clocked by clk)
Path Group: clk
Path Type: max

Fanout         Cap        Slew       Delay        Time   Description
---------------------------------------------------------------------------------------------
                      0.150000    0.000000    0.000000   clock clk (rise edge)
                                  0.000000    0.000000   clock network delay (ideal)
                      0.150000    0.000000    0.000000 ^ _670_/CLK (sky130_fd_sc_hd__dfrtp_2)
    14    0.039922    0.087842    0.335780    0.335780 v _670_/Q (sky130_fd_sc_hd__dfrtp_2)
                                                         a_reg[5] (net)
                      0.087842    0.000000    0.335780 v _370_/D (sky130_fd_sc_hd__and4_2)
     3    0.007574    0.039215    0.176194    0.511974 v _370_/X (sky130_fd_sc_hd__and4_2)
                                                         _046_ (net)
                      0.039215    0.000000    0.511974 v _372_/B (sky130_fd_sc_hd__or3_2)
     2    0.006626    0.060635    0.266714    0.778688 v _372_/X (sky130_fd_sc_hd__or3_2)
                                                         _048_ (net)
                      0.060635    0.000000    0.778688 v _375_/A1 (sky130_fd_sc_hd__a21o_2)
     3    0.008867    0.036765    0.138617    0.917305 v _375_/X (sky130_fd_sc_hd__a21o_2)
                                                         _051_ (net)
                      0.036765    0.000000    0.917305 v _384_/A2 (sky130_fd_sc_hd__a21o_2)
     2    0.006161    0.032016    0.139646    1.056952 v _384_/X (sky130_fd_sc_hd__a21o_2)
                                                         _060_ (net)
                      0.032016    0.000000    1.056952 v _385_/C (sky130_fd_sc_hd__and3_2)
     4    0.014769    0.049239    0.155315    1.212267 v _385_/X (sky130_fd_sc_hd__and3_2)
                                                         _061_ (net)
                      0.049239    0.000000    1.212267 v _387_/A (sky130_fd_sc_hd__nor3b_2)
     4    0.013464    0.197520    0.199724    1.411991 ^ _387_/Y (sky130_fd_sc_hd__nor3b_2)
                                                         _063_ (net)
                      0.197520    0.000000    1.411991 ^ _413_/A2 (sky130_fd_sc_hd__o211a_2)
     6    0.020611    0.102045    0.167494    1.579485 ^ _413_/X (sky130_fd_sc_hd__o211a_2)
                                                         _089_ (net)
                      0.102045    0.000000    1.579485 ^ _415_/A (sky130_fd_sc_hd__nor2_2)
     1    0.002263    0.035075    0.023361    1.602846 v _415_/Y (sky130_fd_sc_hd__nor2_2)
                                                         _091_ (net)
                      0.035075    0.000000    1.602846 v _458_/A2 (sky130_fd_sc_hd__a41o_2)
     2    0.009923    0.042654    0.167371    1.770217 v _458_/X (sky130_fd_sc_hd__a41o_2)
                                                         _133_ (net)
                      0.042654    0.000000    1.770217 v _492_/A2 (sky130_fd_sc_hd__a21o_2)
     4    0.016749    0.049883    0.164267    1.934484 v _492_/X (sky130_fd_sc_hd__a21o_2)
                                                         _166_ (net)
                      0.049883    0.000000    1.934484 v _598_/A1 (sky130_fd_sc_hd__a211o_2)
     2    0.003148    0.034500    0.181675    2.116159 v _598_/X (sky130_fd_sc_hd__a211o_2)
                                                         _268_ (net)
                      0.034500    0.000000    2.116159 v _600_/C (sky130_fd_sc_hd__and4b_2)
     4    0.012609    0.050820    0.158068    2.274227 v _600_/X (sky130_fd_sc_hd__and4b_2)
                                                         _270_ (net)
                      0.050820    0.000000    2.274227 v _614_/B (sky130_fd_sc_hd__or4_2)
     1    0.004223    0.069818    0.368896    2.643123 v _614_/X (sky130_fd_sc_hd__or4_2)
                                                         _283_ (net)
                      0.069818    0.000000    2.643123 v _615_/B (sky130_fd_sc_hd__nand2_2)
     1    0.002087    0.031097    0.052740    2.695863 ^ _615_/Y (sky130_fd_sc_hd__nand2_2)
                                                         product_reg[13] (net)
                      0.031097    0.000000    2.695863 ^ _662_/D (sky130_fd_sc_hd__dfrtp_2)
                                              2.695863   data arrival time

                      0.150000    8.333000    8.333000   clock clk (rise edge)
                                  0.000000    8.333000   clock network delay (ideal)
                                 -0.250000    8.083000   clock uncertainty
                                  0.000000    8.083000   clock reconvergence pessimism
                                              8.083000 ^ _662_/CLK (sky130_fd_sc_hd__dfrtp_2)
                                 -0.031920    8.051081   library setup time
                                              8.051081   data required time
---------------------------------------------------------------------------------------------
                                              8.051081   data required time
                                             -2.695863   data arrival time
---------------------------------------------------------------------------------------------
                                              5.355218   slack (MET)




===========================================================================
report_checks --slack_max -0.01
============================================================================
======================= nom_ff_n40C_1v95 Corner ===================================

No paths found.


===========================================================================
 report_check_types -max_slew -max_cap -max_fanout -violators
============================================================================
======================= nom_ff_n40C_1v95 Corner ===================================

max fanout

Pin                                   Limit Fanout  Slack
---------------------------------------------------------
rst                                      10     32    -22 (VIOLATED)
_676_/Q                                  10     17     -7 (VIOLATED)
_677_/Q                                  10     17     -7 (VIOLATED)
_674_/Q                                  10     16     -6 (VIOLATED)
_679_/Q                                  10     16     -6 (VIOLATED)
_666_/Q                                  10     15     -5 (VIOLATED)
_667_/Q                                  10     15     -5 (VIOLATED)
_668_/Q                                  10     15     -5 (VIOLATED)
_671_/Q                                  10     15     -5 (VIOLATED)
_672_/Q                                  10     15     -5 (VIOLATED)
_670_/Q                                  10     14     -4 (VIOLATED)
_673_/Q                                  10     14     -4 (VIOLATED)
_678_/Q                                  10     14     -4 (VIOLATED)
_665_/Q                                  10     13     -3 (VIOLATED)
_669_/Q                                  10     12     -2 (VIOLATED)
_680_/Q                                  10     12     -2 (VIOLATED)



===========================================================================
report_parasitic_annotation -report_unannotated
============================================================================
Found 387 unannotated drivers.
 a[0]
 a[1]
 a[2]
 a[3]
 a[4]
 a[5]
 a[6]
 a[7]
 b[0]
 b[1]
 b[2]
 b[3]
 b[4]
 b[5]
 b[6]
 b[7]
 clk
 rst
 _321_/Y
 _322_/X
 _323_/Y
 _324_/X
 _325_/Y
 _326_/Y
 _327_/X
 _328_/X
 _329_/X
 _330_/Y
 _331_/Y
 _332_/X
 _333_/X
 _334_/Y
 _335_/X
 _336_/Y
 _337_/Y
 _338_/Y
 _339_/X
 _340_/X
 _341_/X
 _342_/X
 _343_/Y
 _344_/X
 _345_/Y
 _346_/X
 _347_/Y
 _348_/Y
 _349_/X
 _350_/Y
 _351_/Y
 _352_/X
 _353_/Y
 _354_/X
 _355_/Y
 _356_/Y
 _357_/X
 _358_/X
 _359_/Y
 _360_/Y
 _361_/X
 _362_/Y
 _363_/Y
 _364_/X
 _365_/Y
 _366_/Y
 _367_/X
 _368_/Y
 _369_/Y
 _370_/X
 _371_/Y
 _372_/X
 _373_/Y
 _374_/Y
 _375_/X
 _376_/X
 _377_/Y
 _378_/X
 _379_/X
 _380_/Y
 _381_/X
 _382_/Y
 _383_/Y
 _384_/X
 _385_/X
 _386_/Y
 _387_/Y
 _388_/Y
 _389_/X
 _390_/Y
 _391_/Y
 _392_/Y
 _393_/X
 _394_/X
 _395_/X
 _396_/Y
 _397_/Y
 _398_/X
 _399_/X
 _400_/Y
 _401_/X
 _402_/Y
 _403_/Y
 _404_/Y
 _405_/X
 _406_/Y
 _407_/X
 _408_/X
 _409_/Y
 _410_/X
 _411_/Y
 _412_/X
 _413_/X
 _414_/Y
 _415_/Y
 _416_/Y
 _417_/Y
 _418_/Y
 _419_/X
 _420_/X
 _421_/X
 _422_/X
 _423_/Y
 _424_/X
 _425_/Y
 _426_/Y
 _427_/X
 _428_/Y
 _429_/Y
 _430_/X
 _431_/X
 _432_/X
 _433_/Y
 _434_/Y
 _435_/X
 _436_/X
 _437_/Y
 _438_/Y
 _439_/X
 _440_/Y
 _441_/Y
 _442_/X
 _443_/Y
 _444_/X
 _445_/X
 _446_/Y
 _447_/X
 _448_/X
 _449_/Y
 _450_/X
 _451_/Y
 _452_/Y
 _453_/X
 _454_/Y
 _455_/X
 _456_/X
 _457_/Y
 _458_/X
 _459_/X
 _460_/X
 _461_/X
 _462_/Y
 _463_/Y
 _464_/X
 _465_/Y
 _466_/X
 _467_/X
 _468_/X
 _469_/X
 _470_/X
 _471_/Y
 _472_/Y
 _473_/Y
 _474_/Y
 _475_/Y
 _476_/X
 _477_/Y
 _478_/X
 _479_/Y
 _480_/X
 _481_/Y
 _482_/X
 _483_/X
 _484_/Y
 _485_/X
 _486_/Y
 _487_/X
 _488_/X
 _489_/X
 _490_/X
 _491_/Y
 _492_/X
 _493_/Y
 _494_/X
 _495_/X
 _496_/X
 _497_/Y
 _498_/Y
 _499_/X
 _500_/Y
 _501_/X
 _502_/X
 _503_/Y
 _504_/Y
 _505_/X
 _506_/Y
 _507_/X
 _508_/Y
 _509_/Y
 _510_/Y
 _511_/Y
 _512_/X
 _513_/X
 _514_/Y
 _515_/Y
 _516_/Y
 _517_/X
 _518_/X
 _519_/Y
 _520_/X
 _521_/Y
 _522_/X
 _523_/X
 _524_/X
 _525_/X
 _526_/X
 _527_/Y
 _528_/X
 _529_/Y
 _530_/Y
 _531_/X
 _532_/X
 _533_/X
 _534_/Y
 _535_/Y
 _536_/X
 _537_/Y
 _538_/Y
 _539_/X
 _540_/Y
 _541_/Y
 _542_/X
 _543_/Y
 _544_/Y
 _545_/Y
 _546_/Y
 _547_/X
 _548_/Y
 _549_/Y
 _550_/Y
 _551_/X
 _552_/Y
 _553_/Y
 _554_/X
 _555_/X
 _556_/X
 _557_/Y
 _558_/Y
 _559_/X
 _560_/Y
 _561_/X
 _562_/Y
 _563_/X
 _564_/Y
 _565_/X
 _566_/Y
 _567_/X
 _568_/Y
 _569_/Y
 _570_/Y
 _571_/X
 _572_/Y
 _573_/Y
 _574_/Y
 _575_/Y
 _576_/Y
 _577_/X
 _578_/X
 _579_/Y
 _580_/X
 _581_/Y
 _582_/X
 _583_/X
 _584_/X
 _585_/Y
 _586_/Y
 _587_/X
 _588_/X
 _589_/X
 _590_/Y
 _591_/X
 _592_/X
 _593_/Y
 _594_/Y
 _595_/Y
 _596_/Y
 _597_/X
 _598_/X
 _599_/X
 _600_/X
 _601_/Y
 _602_/X
 _603_/Y
 _604_/X
 _605_/Y
 _606_/Y
 _607_/X
 _608_/X
 _609_/Y
 _610_/Y
 _611_/Y
 _612_/X
 _613_/Y
 _614_/X
 _615_/Y
 _616_/X
 _617_/Y
 _618_/Y
 _619_/X
 _620_/Y
 _621_/X
 _622_/Y
 _623_/X
 _624_/X
 _625_/Y
 _626_/Y
 _627_/Y
 _628_/Y
 _629_/Y
 _630_/Y
 _631_/Y
 _632_/Y
 _633_/Y
 _634_/Y
 _635_/Y
 _636_/Y
 _637_/Y
 _638_/Y
 _639_/Y
 _640_/Y
 _641_/Y
 _642_/Y
 _643_/Y
 _644_/Y
 _645_/Y
 _646_/Y
 _647_/Y
 _648_/Y
 _649_/Y
 _650_/Y
 _651_/Y
 _652_/Y
 _653_/Y
 _654_/Y
 _655_/Y
 _656_/Y
 _657_/Y
 _658_/Q
 _659_/Q
 _660_/Q
 _661_/Q
 _662_/Q
 _663_/Q
 _664_/Q
 _665_/Q
 _666_/Q
 _667_/Q
 _668_/Q
 _669_/Q
 _670_/Q
 _671_/Q
 _672_/Q
 _673_/Q
 _674_/Q
 _675_/Q
 _676_/Q
 _677_/Q
 _678_/Q
 _679_/Q
 _680_/Q
 _681_/Q
 _682_/Q
 _683_/Q
 _684_/Q
 _685_/Q
 _686_/Q
 _687_/Q
 _688_/Q
 _689_/Q
Found 0 partially unannotated drivers.

===========================================================================
max slew violation count 0
max fanout violation count 16
max cap violation count 0
============================================================================

===========================================================================
check_setup -verbose -unconstrained_endpoints -multiple_clock -no_clock -no_input_delay -loops -generated_clocks
===========================================================================
