
===========================================================================
report_checks -unconstrained
===========================================================================
======================= max_ss_100C_1v60 Corner ===================================

Startpoint: rst (input port clocked by clk)
Endpoint: _668_ (recovery check against rising-edge clock clk)
Path Group: asynchronous
Path Type: max

Fanout         Cap        Slew       Delay        Time   Description
---------------------------------------------------------------------------------------------
                                  0.000000    0.000000   clock clk (rise edge)
                                  0.000000    0.000000   clock network delay (propagated)
                                  1.666600    1.666600 v input external delay
     1    0.002693    0.018048    0.008942    1.675542 v rst (in)
                                                         rst (net)
                      0.018048    0.000000    1.675542 v input17/A (sky130_fd_sc_hd__clkbuf_1)
     1    0.002231    0.044722    0.131322    1.806864 v input17/X (sky130_fd_sc_hd__clkbuf_1)
                                                         net17 (net)
                      0.044722    0.000146    1.807010 v fanout62/A (sky130_fd_sc_hd__buf_2)
     5    0.031724    0.156300    0.324004    2.131014 v fanout62/X (sky130_fd_sc_hd__buf_2)
                                                         net62 (net)
                      0.156315    0.001623    2.132637 v fanout60/A (sky130_fd_sc_hd__buf_4)
    10    0.066239    0.168226    0.395236    2.527873 v fanout60/X (sky130_fd_sc_hd__buf_4)
                                                         net60 (net)
                      0.168234    0.001590    2.529464 v fanout59/A (sky130_fd_sc_hd__buf_4)
    10    0.055556    0.146085    0.383946    2.913410 v fanout59/X (sky130_fd_sc_hd__buf_4)
                                                         net59 (net)
                      0.146261    0.004629    2.918038 v _636_/A (sky130_fd_sc_hd__inv_2)
     1    0.004238    0.057985    0.103735    3.021773 ^ _636_/Y (sky130_fd_sc_hd__inv_2)
                                                         _010_ (net)
                      0.057985    0.000226    3.021999 ^ _668_/RESET_B (sky130_fd_sc_hd__dfrtp_1)
                                              3.021999   data arrival time

                                  8.333000    8.333000   clock clk (rise edge)
                                  0.000000    8.333000   clock source latency
     1    0.019803    0.148680    0.101789    8.434789 ^ clk (in)
                                                         clk (net)
                      0.148711    0.000000    8.434789 ^ clkbuf_0_clk/A (sky130_fd_sc_hd__clkbuf_16)
     4    0.041259    0.095390    0.286697    8.721486 ^ clkbuf_0_clk/X (sky130_fd_sc_hd__clkbuf_16)
                                                         clknet_0_clk (net)
                      0.095475    0.002469    8.723955 ^ clkbuf_2_0__f_clk/A (sky130_fd_sc_hd__clkbuf_16)
    12    0.035026    0.088029    0.253017    8.976973 ^ clkbuf_2_0__f_clk/X (sky130_fd_sc_hd__clkbuf_16)
                                                         clknet_2_0__leaf_clk (net)
                      0.088130    0.002714    8.979687 ^ _668_/CLK (sky130_fd_sc_hd__dfrtp_1)
                                 -0.250000    8.729687   clock uncertainty
                                  0.000000    8.729687   clock reconvergence pessimism
                                  0.473064    9.202751   library recovery time
                                              9.202751   data required time
---------------------------------------------------------------------------------------------
                                              9.202751   data required time
                                             -3.021999   data arrival time
---------------------------------------------------------------------------------------------
                                              6.180751   slack (MET)


Startpoint: _671_ (rising edge-triggered flip-flop clocked by clk)
Endpoint: _662_ (rising edge-triggered flip-flop clocked by clk)
Path Group: clk
Path Type: max

Fanout         Cap        Slew       Delay        Time   Description
---------------------------------------------------------------------------------------------
                                  0.000000    0.000000   clock clk (rise edge)
                                  0.000000    0.000000   clock source latency
     1    0.019803    0.148680    0.101789    0.101789 ^ clk (in)
                                                         clk (net)
                      0.148711    0.000000    0.101789 ^ clkbuf_0_clk/A (sky130_fd_sc_hd__clkbuf_16)
     4    0.041259    0.095390    0.286697    0.388486 ^ clkbuf_0_clk/X (sky130_fd_sc_hd__clkbuf_16)
                                                         clknet_0_clk (net)
                      0.095475    0.002469    0.390955 ^ clkbuf_2_0__f_clk/A (sky130_fd_sc_hd__clkbuf_16)
    12    0.035026    0.088029    0.253017    0.643972 ^ clkbuf_2_0__f_clk/X (sky130_fd_sc_hd__clkbuf_16)
                                                         clknet_2_0__leaf_clk (net)
                      0.088272    0.003966    0.647938 ^ _671_/CLK (sky130_fd_sc_hd__dfrtp_1)
     2    0.008649    0.125889    0.799036    1.446974 v _671_/Q (sky130_fd_sc_hd__dfrtp_1)
                                                         a_reg[6] (net)
                      0.126050    0.000263    1.447238 v fanout48/A (sky130_fd_sc_hd__clkbuf_4)
    10    0.035087    0.141513    0.352589    1.799827 v fanout48/X (sky130_fd_sc_hd__clkbuf_4)
                                                         net48 (net)
                      0.141635    0.003755    1.803582 v _399_/C (sky130_fd_sc_hd__and4_1)
     3    0.009582    0.127711    0.474918    2.278500 v _399_/X (sky130_fd_sc_hd__and4_1)
                                                         _075_ (net)
                      0.127715    0.000843    2.279343 v _401_/B (sky130_fd_sc_hd__or3_1)
     2    0.006443    0.172933    0.869853    3.149196 v _401_/X (sky130_fd_sc_hd__or3_1)
                                                         _077_ (net)
                      0.172994    0.000375    3.149572 v _405_/A1 (sky130_fd_sc_hd__a21o_1)
     3    0.008701    0.106230    0.377038    3.526610 v _405_/X (sky130_fd_sc_hd__a21o_1)
                                                         _081_ (net)
                      0.106230    0.000518    3.527128 v _445_/A2 (sky130_fd_sc_hd__a21bo_1)
     2    0.007570    0.099878    0.393017    3.920145 v _445_/X (sky130_fd_sc_hd__a21bo_1)
                                                         _120_ (net)
                      0.099878    0.000481    3.920626 v _447_/B1 (sky130_fd_sc_hd__a21o_1)
     3    0.010717    0.122598    0.351727    4.272352 v _447_/X (sky130_fd_sc_hd__a21o_1)
                                                         _122_ (net)
                      0.122598    0.000499    4.272851 v _448_/C (sky130_fd_sc_hd__and3_1)
     2    0.008721    0.119067    0.438610    4.711461 v _448_/X (sky130_fd_sc_hd__and3_1)
                                                         _123_ (net)
                      0.119067    0.000574    4.712035 v _450_/B1 (sky130_fd_sc_hd__a211o_1)
     3    0.007647    0.127866    0.568668    5.280703 v _450_/X (sky130_fd_sc_hd__a211o_1)
                                                         _125_ (net)
                      0.127866    0.000434    5.281137 v _453_/A1 (sky130_fd_sc_hd__a21o_1)
     3    0.007210    0.094360    0.346318    5.627455 v _453_/X (sky130_fd_sc_hd__a21o_1)
                                                         _128_ (net)
                      0.094360    0.000222    5.627676 v _456_/C (sky130_fd_sc_hd__and3_1)
     2    0.006119    0.097837    0.402670    6.030346 v _456_/X (sky130_fd_sc_hd__and3_1)
                                                         _131_ (net)
                      0.097837    0.000357    6.030704 v _492_/B1 (sky130_fd_sc_hd__a21o_1)
     4    0.017552    0.171728    0.397706    6.428411 v _492_/X (sky130_fd_sc_hd__a21o_1)
                                                         _166_ (net)
                      0.171737    0.001440    6.429851 v _598_/A1 (sky130_fd_sc_hd__a211o_1)
     2    0.006294    0.116657    0.564260    6.994111 v _598_/X (sky130_fd_sc_hd__a211o_1)
                                                         _268_ (net)
                      0.116657    0.000296    6.994407 v _600_/C (sky130_fd_sc_hd__and4b_1)
     4    0.013025    0.155816    0.492545    7.486952 v _600_/X (sky130_fd_sc_hd__and4b_1)
                                                         _270_ (net)
                      0.155816    0.000647    7.487599 v _614_/B (sky130_fd_sc_hd__or4_1)
     1    0.002762    0.174558    1.192932    8.680532 v _614_/X (sky130_fd_sc_hd__or4_1)
                                                         _283_ (net)
                      0.174558    0.000191    8.680722 v _615_/B (sky130_fd_sc_hd__nand2_1)
     1    0.002176    0.075129    0.140479    8.821201 ^ _615_/Y (sky130_fd_sc_hd__nand2_1)
                                                         product_reg[13] (net)
                      0.075129    0.000156    8.821357 ^ _662_/D (sky130_fd_sc_hd__dfrtp_1)
                                              8.821357   data arrival time

                                  8.333000    8.333000   clock clk (rise edge)
                                  0.000000    8.333000   clock source latency
     1    0.019803    0.148680    0.101789    8.434789 ^ clk (in)
                                                         clk (net)
                      0.148711    0.000000    8.434789 ^ clkbuf_0_clk/A (sky130_fd_sc_hd__clkbuf_16)
     4    0.041259    0.095390    0.286697    8.721486 ^ clkbuf_0_clk/X (sky130_fd_sc_hd__clkbuf_16)
                                                         clknet_0_clk (net)
                      0.095472    0.002421    8.723907 ^ clkbuf_2_2__f_clk/A (sky130_fd_sc_hd__clkbuf_16)
     8    0.044971    0.100442    0.266599    8.990506 ^ clkbuf_2_2__f_clk/X (sky130_fd_sc_hd__clkbuf_16)
                                                         clknet_2_2__leaf_clk (net)
                      0.100582    0.003141    8.993648 ^ _662_/CLK (sky130_fd_sc_hd__dfrtp_1)
                                 -0.250000    8.743648   clock uncertainty
                                  0.000000    8.743648   clock reconvergence pessimism
                                 -0.128971    8.614676   library setup time
                                              8.614676   data required time
---------------------------------------------------------------------------------------------
                                              8.614676   data required time
                                             -8.821357   data arrival time
---------------------------------------------------------------------------------------------
                                             -0.206681   slack (VIOLATED)




===========================================================================
report_checks --slack_max -0.01
============================================================================
======================= max_ss_100C_1v60 Corner ===================================

Startpoint: _671_ (rising edge-triggered flip-flop clocked by clk)
Endpoint: _662_ (rising edge-triggered flip-flop clocked by clk)
Path Group: clk
Path Type: max

Fanout         Cap        Slew       Delay        Time   Description
---------------------------------------------------------------------------------------------
                                  0.000000    0.000000   clock clk (rise edge)
                                  0.000000    0.000000   clock source latency
     1    0.019803    0.148680    0.101789    0.101789 ^ clk (in)
                                                         clk (net)
                      0.148711    0.000000    0.101789 ^ clkbuf_0_clk/A (sky130_fd_sc_hd__clkbuf_16)
     4    0.041259    0.095390    0.286697    0.388486 ^ clkbuf_0_clk/X (sky130_fd_sc_hd__clkbuf_16)
                                                         clknet_0_clk (net)
                      0.095475    0.002469    0.390955 ^ clkbuf_2_0__f_clk/A (sky130_fd_sc_hd__clkbuf_16)
    12    0.035026    0.088029    0.253017    0.643972 ^ clkbuf_2_0__f_clk/X (sky130_fd_sc_hd__clkbuf_16)
                                                         clknet_2_0__leaf_clk (net)
                      0.088272    0.003966    0.647938 ^ _671_/CLK (sky130_fd_sc_hd__dfrtp_1)
     2    0.008649    0.125889    0.799036    1.446974 v _671_/Q (sky130_fd_sc_hd__dfrtp_1)
                                                         a_reg[6] (net)
                      0.126050    0.000263    1.447238 v fanout48/A (sky130_fd_sc_hd__clkbuf_4)
    10    0.035087    0.141513    0.352589    1.799827 v fanout48/X (sky130_fd_sc_hd__clkbuf_4)
                                                         net48 (net)
                      0.141635    0.003755    1.803582 v _399_/C (sky130_fd_sc_hd__and4_1)
     3    0.009582    0.127711    0.474918    2.278500 v _399_/X (sky130_fd_sc_hd__and4_1)
                                                         _075_ (net)
                      0.127715    0.000843    2.279343 v _401_/B (sky130_fd_sc_hd__or3_1)
     2    0.006443    0.172933    0.869853    3.149196 v _401_/X (sky130_fd_sc_hd__or3_1)
                                                         _077_ (net)
                      0.172994    0.000375    3.149572 v _405_/A1 (sky130_fd_sc_hd__a21o_1)
     3    0.008701    0.106230    0.377038    3.526610 v _405_/X (sky130_fd_sc_hd__a21o_1)
                                                         _081_ (net)
                      0.106230    0.000518    3.527128 v _445_/A2 (sky130_fd_sc_hd__a21bo_1)
     2    0.007570    0.099878    0.393017    3.920145 v _445_/X (sky130_fd_sc_hd__a21bo_1)
                                                         _120_ (net)
                      0.099878    0.000481    3.920626 v _447_/B1 (sky130_fd_sc_hd__a21o_1)
     3    0.010717    0.122598    0.351727    4.272352 v _447_/X (sky130_fd_sc_hd__a21o_1)
                                                         _122_ (net)
                      0.122598    0.000499    4.272851 v _448_/C (sky130_fd_sc_hd__and3_1)
     2    0.008721    0.119067    0.438610    4.711461 v _448_/X (sky130_fd_sc_hd__and3_1)
                                                         _123_ (net)
                      0.119067    0.000574    4.712035 v _450_/B1 (sky130_fd_sc_hd__a211o_1)
     3    0.007647    0.127866    0.568668    5.280703 v _450_/X (sky130_fd_sc_hd__a211o_1)
                                                         _125_ (net)
                      0.127866    0.000434    5.281137 v _453_/A1 (sky130_fd_sc_hd__a21o_1)
     3    0.007210    0.094360    0.346318    5.627455 v _453_/X (sky130_fd_sc_hd__a21o_1)
                                                         _128_ (net)
                      0.094360    0.000222    5.627676 v _456_/C (sky130_fd_sc_hd__and3_1)
     2    0.006119    0.097837    0.402670    6.030346 v _456_/X (sky130_fd_sc_hd__and3_1)
                                                         _131_ (net)
                      0.097837    0.000357    6.030704 v _492_/B1 (sky130_fd_sc_hd__a21o_1)
     4    0.017552    0.171728    0.397706    6.428411 v _492_/X (sky130_fd_sc_hd__a21o_1)
                                                         _166_ (net)
                      0.171737    0.001440    6.429851 v _598_/A1 (sky130_fd_sc_hd__a211o_1)
     2    0.006294    0.116657    0.564260    6.994111 v _598_/X (sky130_fd_sc_hd__a211o_1)
                                                         _268_ (net)
                      0.116657    0.000296    6.994407 v _600_/C (sky130_fd_sc_hd__and4b_1)
     4    0.013025    0.155816    0.492545    7.486952 v _600_/X (sky130_fd_sc_hd__and4b_1)
                                                         _270_ (net)
                      0.155816    0.000647    7.487599 v _614_/B (sky130_fd_sc_hd__or4_1)
     1    0.002762    0.174558    1.192932    8.680532 v _614_/X (sky130_fd_sc_hd__or4_1)
                                                         _283_ (net)
                      0.174558    0.000191    8.680722 v _615_/B (sky130_fd_sc_hd__nand2_1)
     1    0.002176    0.075129    0.140479    8.821201 ^ _615_/Y (sky130_fd_sc_hd__nand2_1)
                                                         product_reg[13] (net)
                      0.075129    0.000156    8.821357 ^ _662_/D (sky130_fd_sc_hd__dfrtp_1)
                                              8.821357   data arrival time

                                  8.333000    8.333000   clock clk (rise edge)
                                  0.000000    8.333000   clock source latency
     1    0.019803    0.148680    0.101789    8.434789 ^ clk (in)
                                                         clk (net)
                      0.148711    0.000000    8.434789 ^ clkbuf_0_clk/A (sky130_fd_sc_hd__clkbuf_16)
     4    0.041259    0.095390    0.286697    8.721486 ^ clkbuf_0_clk/X (sky130_fd_sc_hd__clkbuf_16)
                                                         clknet_0_clk (net)
                      0.095472    0.002421    8.723907 ^ clkbuf_2_2__f_clk/A (sky130_fd_sc_hd__clkbuf_16)
     8    0.044971    0.100442    0.266599    8.990506 ^ clkbuf_2_2__f_clk/X (sky130_fd_sc_hd__clkbuf_16)
                                                         clknet_2_2__leaf_clk (net)
                      0.100582    0.003141    8.993648 ^ _662_/CLK (sky130_fd_sc_hd__dfrtp_1)
                                 -0.250000    8.743648   clock uncertainty
                                  0.000000    8.743648   clock reconvergence pessimism
                                 -0.128971    8.614676   library setup time
                                              8.614676   data required time
---------------------------------------------------------------------------------------------
                                              8.614676   data required time
                                             -8.821357   data arrival time
---------------------------------------------------------------------------------------------
                                             -0.206681   slack (VIOLATED)




===========================================================================
 report_check_types -max_slew -max_cap -max_fanout -violators
============================================================================
======================= max_ss_100C_1v60 Corner ===================================

max fanout

Pin                                   Limit Fanout  Slack
---------------------------------------------------------
clkbuf_2_0__f_clk/X                      10     12     -2 (VIOLATED)



===========================================================================
report_parasitic_annotation -report_unannotated
============================================================================
Found 3 unannotated drivers.
 clkload0/Y
 clkload1/Y
 clkload2/Y
Found 0 partially unannotated drivers.

===========================================================================
max slew violation count 0
max fanout violation count 1
max cap violation count 0
============================================================================

===========================================================================
check_setup -verbose -unconstrained_endpoints -multiple_clock -no_clock -no_input_delay -loops -generated_clocks
===========================================================================
