Reading OpenROAD database at '/home/hassan-ul-haq/openlane2/designs/Multiplier/runs/120MHz/47-odb-reportdisconnectedpins/mult.odb'…
Reading library file at '/home/hassan-ul-haq/.volare/volare/sky130/versions/0fe599b2afb6708d281543108caf8310912f54af/sky130A/libs.ref/sky130_fd_sc_hd/lib/sky130_fd_sc_hd__tt_025C_1v80.lib'…
Reading design constraints file at '/nix/store/ss2cw3sxbrwwx9jl0rrppbw4kgcmgi2n-python3-3.11.9-env/lib/python3.11/site-packages/openlane/scripts/base.sdc'…
[INFO] Using clock clk…
[INFO] Setting output delay to: 1.6665999999999999
[INFO] Setting input delay to: 1.6665999999999999
[INFO] Setting load to: 0.033442
[INFO] Setting clock uncertainty to: 0.25
[INFO] Setting clock transition to: 0.1499999999999999944488848768742172978818416595458984375
[INFO] Setting timing derate to: 5%
sky130_ef_sc_hd__decap_12 sky130_fd_sc_hd__decap_8 sky130_fd_sc_hd__decap_6 sky130_fd_sc_hd__decap_4 sky130_fd_sc_hd__decap_3 sky130_fd_sc_hd__fill*
[INFO DPL-0001] Placed 524 filler instances.
Setting global connections for newly added cells…
[INFO] Setting global connections...
Updating metrics…
Cell type report:                       Count       Area
  Fill cell                               588    4050.13
  Tap cell                                102     127.62
  Clock buffer                              5     125.12
  Timing Repair Buffer                     66     332.82
  Inverter                                 37     138.88
  Clock inverter                            3      23.77
  Sequential cell                          32     804.52
  Multi-Input combinational cell          300    2084.50
  Total                                  1133    7687.37
Writing OpenROAD database to '/home/hassan-ul-haq/openlane2/designs/Multiplier/runs/120MHz/51-openroad-fillinsertion/mult.odb'…
Writing netlist to '/home/hassan-ul-haq/openlane2/designs/Multiplier/runs/120MHz/51-openroad-fillinsertion/mult.nl.v'…
Writing powered netlist to '/home/hassan-ul-haq/openlane2/designs/Multiplier/runs/120MHz/51-openroad-fillinsertion/mult.pnl.v'…
Writing layout to '/home/hassan-ul-haq/openlane2/designs/Multiplier/runs/120MHz/51-openroad-fillinsertion/mult.def'…
Writing timing constraints to '/home/hassan-ul-haq/openlane2/designs/Multiplier/runs/120MHz/51-openroad-fillinsertion/mult.sdc'…
