Clock: clk
Sources: clk 
Generated: no
Virtual: no
Propagated: no
Period: 3.333000

===========================================================================
report_clock_properties
============================================================================
Clock                   Period          Waveform
----------------------------------------------------
clk                   3.333000    0.000000  1.666500

===========================================================================
report_clock_latency
============================================================================
Clock clk
rise -> rise
    min     max
0.000000 0.000000 source latency
2.184718         network latency _1278_/CLK
        2.184718 network latency _1278_/CLK
---------------
2.184718 2.184718 latency
        0.000000 skew

fall -> fall
    min     max
0.000000 0.000000 source latency
1.207200         network latency _1278_/CLK
        1.207200 network latency _1278_/CLK
---------------
1.207200 1.207200 latency
        0.000000 skew



===========================================================================
report_clock_min_period
============================================================================
clk period_min = 6.30 fmax = 158.80
