
===========================================================================
Violator List
============================================================================
[setup reg-reg] _1437_/Q -> _1389_/D : -2.964397
[setup reg-reg] _1437_/Q -> _1390_/D : -2.821384
[setup reg-reg] _1334_/Q -> _1317_/D : -2.114828
[setup reg-reg] _1437_/Q -> _1386_/D : -1.715685
[setup reg-reg] _1437_/Q -> _1388_/D : -1.632349
[setup reg-reg] _1437_/Q -> _1387_/D : -1.622177
[setup reg-reg] _1422_/Q -> _1410_/D : -1.386350
[setup reg-reg] _1386_/Q -> _1284_/D : -1.191761
[setup reg-reg] _1334_/Q -> _1318_/D : -1.186958
[setup reg-reg] _1455_/Q -> _1394_/D : -1.107696
[setup reg-reg] _1437_/Q -> _1385_/D : -0.952268
[setup in-reg] rst -> _1278_/RESET_B : -0.941644
[setup in-reg] rst -> _1279_/RESET_B : -0.941644
[setup in-reg] rst -> _1280_/RESET_B : -0.941644
[setup in-reg] rst -> _1281_/RESET_B : -0.941644
[setup in-reg] rst -> _1282_/RESET_B : -0.941644
[setup in-reg] rst -> _1283_/RESET_B : -0.941644
[setup in-reg] rst -> _1284_/RESET_B : -0.941644
[setup in-reg] rst -> _1285_/RESET_B : -0.941644
[setup in-reg] rst -> _1286_/RESET_B : -0.941644
[setup in-reg] rst -> _1287_/RESET_B : -0.941644
[setup in-reg] rst -> _1288_/RESET_B : -0.941644
[setup in-reg] rst -> _1289_/RESET_B : -0.941644
[setup in-reg] rst -> _1290_/RESET_B : -0.941644
[setup in-reg] rst -> _1291_/RESET_B : -0.941644
[setup in-reg] rst -> _1292_/RESET_B : -0.941644
[setup in-reg] rst -> _1293_/RESET_B : -0.941644
[setup in-reg] rst -> _1294_/RESET_B : -0.941644
[setup in-reg] rst -> _1295_/RESET_B : -0.941644
[setup in-reg] rst -> _1296_/RESET_B : -0.941644
[setup in-reg] rst -> _1297_/RESET_B : -0.941644
[setup in-reg] rst -> _1298_/RESET_B : -0.941644
[setup in-reg] rst -> _1299_/RESET_B : -0.941644
[setup in-reg] rst -> _1300_/RESET_B : -0.941644
[setup in-reg] rst -> _1301_/RESET_B : -0.941644
[setup in-reg] rst -> _1302_/RESET_B : -0.941644
[setup in-reg] rst -> _1303_/RESET_B : -0.941644
[setup in-reg] rst -> _1304_/RESET_B : -0.941644
[setup in-reg] rst -> _1305_/RESET_B : -0.941644
[setup in-reg] rst -> _1306_/RESET_B : -0.941644
[setup in-reg] rst -> _1307_/RESET_B : -0.941644
[setup in-reg] rst -> _1308_/RESET_B : -0.941644
[setup in-reg] rst -> _1309_/RESET_B : -0.941644
[setup in-reg] rst -> _1310_/RESET_B : -0.941644
[setup in-reg] rst -> _1311_/RESET_B : -0.941644
[setup in-reg] rst -> _1312_/RESET_B : -0.941644
[setup in-reg] rst -> _1313_/RESET_B : -0.941644
[setup in-reg] rst -> _1314_/RESET_B : -0.941644
[setup in-reg] rst -> _1315_/RESET_B : -0.941644
[setup in-reg] rst -> _1316_/RESET_B : -0.941644
[setup in-reg] rst -> _1317_/RESET_B : -0.941644
[setup in-reg] rst -> _1318_/RESET_B : -0.941644
[setup in-reg] rst -> _1319_/RESET_B : -0.941644
[setup in-reg] rst -> _1320_/RESET_B : -0.941644
[setup in-reg] rst -> _1321_/RESET_B : -0.941644
[setup in-reg] rst -> _1322_/RESET_B : -0.941644
[setup in-reg] rst -> _1323_/RESET_B : -0.941644
[setup in-reg] rst -> _1324_/RESET_B : -0.941644
[setup in-reg] rst -> _1325_/RESET_B : -0.941644
[setup in-reg] rst -> _1326_/RESET_B : -0.941644
[setup in-reg] rst -> _1327_/RESET_B : -0.941644
[setup in-reg] rst -> _1328_/RESET_B : -0.941644
[setup in-reg] rst -> _1329_/RESET_B : -0.941644
[setup in-reg] rst -> _1330_/RESET_B : -0.941644
[setup in-reg] rst -> _1331_/RESET_B : -0.941644
[setup in-reg] rst -> _1332_/RESET_B : -0.941644
[setup in-reg] rst -> _1333_/RESET_B : -0.941644
[setup in-reg] rst -> _1334_/RESET_B : -0.941644
[setup in-reg] rst -> _1335_/RESET_B : -0.941644
[setup in-reg] rst -> _1336_/RESET_B : -0.941644
[setup in-reg] rst -> _1337_/RESET_B : -0.941644
[setup in-reg] rst -> _1338_/RESET_B : -0.941644
[setup in-reg] rst -> _1339_/RESET_B : -0.941644
[setup in-reg] rst -> _1340_/RESET_B : -0.941644
[setup in-reg] rst -> _1341_/RESET_B : -0.941644
[setup in-reg] rst -> _1342_/RESET_B : -0.941644
[setup in-reg] rst -> _1343_/RESET_B : -0.941644
[setup in-reg] rst -> _1344_/RESET_B : -0.941644
[setup in-reg] rst -> _1345_/RESET_B : -0.941644
[setup in-reg] rst -> _1346_/RESET_B : -0.941644
[setup in-reg] rst -> _1347_/RESET_B : -0.941644
[setup in-reg] rst -> _1348_/RESET_B : -0.941644
[setup in-reg] rst -> _1349_/RESET_B : -0.941644
[setup in-reg] rst -> _1350_/RESET_B : -0.941644
[setup in-reg] rst -> _1351_/RESET_B : -0.941644
[setup in-reg] rst -> _1352_/RESET_B : -0.941644
[setup in-reg] rst -> _1353_/RESET_B : -0.941644
[setup in-reg] rst -> _1354_/RESET_B : -0.941644
[setup in-reg] rst -> _1355_/RESET_B : -0.941644
[setup in-reg] rst -> _1356_/RESET_B : -0.941644
[setup in-reg] rst -> _1357_/RESET_B : -0.941644
[setup in-reg] rst -> _1358_/RESET_B : -0.941644
[setup in-reg] rst -> _1359_/RESET_B : -0.941644
[setup in-reg] rst -> _1360_/RESET_B : -0.941644
[setup in-reg] rst -> _1361_/RESET_B : -0.941644
[setup in-reg] rst -> _1362_/RESET_B : -0.941644
[setup in-reg] rst -> _1363_/RESET_B : -0.941644
[setup in-reg] rst -> _1364_/RESET_B : -0.941644
[setup in-reg] rst -> _1365_/RESET_B : -0.941644
[setup in-reg] rst -> _1366_/RESET_B : -0.941644
[setup in-reg] rst -> _1367_/RESET_B : -0.941644
[setup in-reg] rst -> _1368_/RESET_B : -0.941644
[setup in-reg] rst -> _1369_/RESET_B : -0.941644
[setup in-reg] rst -> _1370_/RESET_B : -0.941644
[setup in-reg] rst -> _1371_/RESET_B : -0.941644
[setup in-reg] rst -> _1372_/RESET_B : -0.941644
[setup in-reg] rst -> _1373_/RESET_B : -0.941644
[setup in-reg] rst -> _1374_/RESET_B : -0.941644
[setup in-reg] rst -> _1375_/RESET_B : -0.941644
[setup in-reg] rst -> _1376_/RESET_B : -0.941644
[setup in-reg] rst -> _1377_/RESET_B : -0.941644
[setup in-reg] rst -> _1378_/RESET_B : -0.941644
[setup in-reg] rst -> _1379_/RESET_B : -0.941644
[setup in-reg] rst -> _1380_/RESET_B : -0.941644
[setup in-reg] rst -> _1381_/RESET_B : -0.941644
[setup in-reg] rst -> _1382_/RESET_B : -0.941644
[setup in-reg] rst -> _1383_/RESET_B : -0.941644
[setup in-reg] rst -> _1384_/RESET_B : -0.941644
[setup in-reg] rst -> _1385_/RESET_B : -0.941644
[setup in-reg] rst -> _1386_/RESET_B : -0.941644
[setup in-reg] rst -> _1387_/RESET_B : -0.941644
[setup in-reg] rst -> _1388_/RESET_B : -0.941644
[setup in-reg] rst -> _1389_/RESET_B : -0.941644
[setup in-reg] rst -> _1390_/RESET_B : -0.941644
[setup in-reg] rst -> _1391_/RESET_B : -0.941644
[setup in-reg] rst -> _1392_/RESET_B : -0.941644
[setup in-reg] rst -> _1393_/RESET_B : -0.941644
[setup in-reg] rst -> _1394_/RESET_B : -0.941644
[setup in-reg] rst -> _1395_/RESET_B : -0.941644
[setup in-reg] rst -> _1396_/RESET_B : -0.941644
[setup in-reg] rst -> _1397_/RESET_B : -0.941644
[setup in-reg] rst -> _1398_/RESET_B : -0.941644
[setup in-reg] rst -> _1399_/RESET_B : -0.941644
[setup in-reg] rst -> _1400_/RESET_B : -0.941644
[setup in-reg] rst -> _1401_/RESET_B : -0.941644
[setup in-reg] rst -> _1402_/RESET_B : -0.941644
[setup in-reg] rst -> _1403_/RESET_B : -0.941644
[setup in-reg] rst -> _1404_/RESET_B : -0.941644
[setup in-reg] rst -> _1405_/RESET_B : -0.941644
[setup in-reg] rst -> _1406_/RESET_B : -0.941644
[setup in-reg] rst -> _1407_/RESET_B : -0.941644
[setup in-reg] rst -> _1408_/RESET_B : -0.941644
[setup in-reg] rst -> _1409_/RESET_B : -0.941644
[setup in-reg] rst -> _1410_/RESET_B : -0.941644
[setup in-reg] rst -> _1411_/RESET_B : -0.941644
[setup in-reg] rst -> _1412_/RESET_B : -0.941644
[setup in-reg] rst -> _1413_/RESET_B : -0.941644
[setup in-reg] rst -> _1414_/RESET_B : -0.941644
[setup in-reg] rst -> _1415_/RESET_B : -0.941644
[setup in-reg] rst -> _1416_/RESET_B : -0.941644
[setup in-reg] rst -> _1417_/RESET_B : -0.941644
[setup in-reg] rst -> _1418_/RESET_B : -0.941644
[setup in-reg] rst -> _1419_/RESET_B : -0.941644
[setup in-reg] rst -> _1420_/RESET_B : -0.941644
[setup in-reg] rst -> _1421_/RESET_B : -0.941644
[setup in-reg] rst -> _1422_/RESET_B : -0.941644
[setup in-reg] rst -> _1423_/RESET_B : -0.941644
[setup in-reg] rst -> _1424_/RESET_B : -0.941644
[setup in-reg] rst -> _1425_/RESET_B : -0.941644
[setup in-reg] rst -> _1426_/RESET_B : -0.941644
[setup in-reg] rst -> _1427_/RESET_B : -0.941644
[setup in-reg] rst -> _1428_/RESET_B : -0.941644
[setup in-reg] rst -> _1429_/RESET_B : -0.941644
[setup in-reg] rst -> _1430_/RESET_B : -0.941644
[setup in-reg] rst -> _1431_/RESET_B : -0.941644
[setup in-reg] rst -> _1432_/RESET_B : -0.941644
[setup in-reg] rst -> _1433_/RESET_B : -0.941644
[setup in-reg] rst -> _1434_/RESET_B : -0.941644
[setup in-reg] rst -> _1435_/RESET_B : -0.941644
[setup in-reg] rst -> _1436_/RESET_B : -0.941644
[setup in-reg] rst -> _1437_/RESET_B : -0.941644
[setup in-reg] rst -> _1438_/RESET_B : -0.941644
[setup in-reg] rst -> _1439_/RESET_B : -0.941644
[setup in-reg] rst -> _1440_/RESET_B : -0.941644
[setup in-reg] rst -> _1441_/RESET_B : -0.941644
[setup in-reg] rst -> _1442_/RESET_B : -0.941644
[setup in-reg] rst -> _1443_/RESET_B : -0.941644
[setup in-reg] rst -> _1444_/RESET_B : -0.941644
[setup in-reg] rst -> _1445_/RESET_B : -0.941644
[setup in-reg] rst -> _1446_/RESET_B : -0.941644
[setup in-reg] rst -> _1447_/RESET_B : -0.941644
[setup in-reg] rst -> _1448_/RESET_B : -0.941644
[setup in-reg] rst -> _1449_/RESET_B : -0.941644
[setup in-reg] rst -> _1450_/RESET_B : -0.941644
[setup in-reg] rst -> _1451_/RESET_B : -0.941644
[setup in-reg] rst -> _1452_/RESET_B : -0.941644
[setup in-reg] rst -> _1453_/RESET_B : -0.941644
[setup in-reg] rst -> _1454_/RESET_B : -0.941644
[setup in-reg] rst -> _1455_/RESET_B : -0.941644
[setup in-reg] rst -> _1456_/RESET_B : -0.941644
[setup in-reg] rst -> _1457_/RESET_B : -0.941644
[setup in-reg] rst -> _1458_/RESET_B : -0.941644
[setup in-reg] rst -> _1459_/RESET_B : -0.941644
[setup in-reg] rst -> _1460_/RESET_B : -0.941644
[setup in-reg] rst -> _1461_/RESET_B : -0.941644
[setup in-reg] rst -> _1462_/RESET_B : -0.941644
[setup in-reg] rst -> _1463_/RESET_B : -0.941644
[setup in-reg] rst -> _1464_/RESET_B : -0.941644
[setup in-reg] rst -> _1465_/RESET_B : -0.941644
[setup in-reg] rst -> _1466_/RESET_B : -0.941644
[setup in-reg] rst -> _1467_/RESET_B : -0.941644
[setup in-reg] rst -> _1468_/RESET_B : -0.941644
[setup in-reg] rst -> _1469_/RESET_B : -0.941644
[setup in-reg] rst -> _1470_/RESET_B : -0.941644
[setup in-reg] rst -> _1471_/RESET_B : -0.941644
[setup in-reg] rst -> _1472_/RESET_B : -0.941644
[setup in-reg] rst -> _1473_/RESET_B : -0.941644
[setup in-reg] rst -> _1474_/RESET_B : -0.941644
[setup in-reg] rst -> _1475_/RESET_B : -0.941644
[setup in-reg] rst -> _1476_/RESET_B : -0.941644
[setup in-reg] rst -> _1477_/RESET_B : -0.941644
[setup in-reg] rst -> _1478_/RESET_B : -0.941644
[setup in-reg] rst -> _1479_/RESET_B : -0.941644
[setup in-reg] rst -> _1480_/RESET_B : -0.941644
[setup in-reg] rst -> _1481_/RESET_B : -0.941644
[setup in-reg] rst -> _1482_/RESET_B : -0.941644
[setup in-reg] rst -> _1483_/RESET_B : -0.941644
[setup in-reg] rst -> _1484_/RESET_B : -0.941644
[setup in-reg] rst -> _1485_/RESET_B : -0.941644
[setup in-reg] rst -> _1486_/RESET_B : -0.941644
[setup in-reg] rst -> _1487_/RESET_B : -0.941644
[setup in-reg] rst -> _1488_/RESET_B : -0.941644
[setup in-reg] rst -> _1489_/RESET_B : -0.941644
[setup in-reg] rst -> _1490_/RESET_B : -0.941644
[setup in-reg] rst -> _1491_/RESET_B : -0.941644
[setup in-reg] rst -> _1492_/RESET_B : -0.941644
[setup in-reg] rst -> _1493_/RESET_B : -0.941644
[setup in-reg] rst -> _1494_/RESET_B : -0.941644
[setup in-reg] rst -> _1495_/RESET_B : -0.941644
[setup in-reg] rst -> _1496_/RESET_B : -0.941644
[setup in-reg] rst -> _1497_/RESET_B : -0.941644
[setup in-reg] rst -> _1498_/RESET_B : -0.941644
[setup in-reg] rst -> _1499_/RESET_B : -0.941644
[setup in-reg] rst -> _1500_/RESET_B : -0.941644
[setup in-reg] rst -> _1501_/RESET_B : -0.941644
[setup in-reg] rst -> _1502_/RESET_B : -0.941644
[setup in-reg] rst -> _1503_/RESET_B : -0.941644
[setup in-reg] rst -> _1504_/RESET_B : -0.941644
[setup in-reg] rst -> _1505_/RESET_B : -0.941644
[setup in-reg] rst -> _1506_/RESET_B : -0.941644
[setup in-reg] rst -> _1507_/RESET_B : -0.941644
[setup in-reg] rst -> _1508_/RESET_B : -0.941644
[setup in-reg] rst -> _1509_/RESET_B : -0.941644
[setup in-reg] rst -> _1510_/RESET_B : -0.941644
[setup in-reg] rst -> _1511_/RESET_B : -0.941644
[setup in-reg] rst -> _1512_/RESET_B : -0.941644
[setup in-reg] rst -> _1513_/RESET_B : -0.941644
[setup in-reg] rst -> _1514_/RESET_B : -0.941644
[setup in-reg] rst -> _1515_/RESET_B : -0.941644
[setup in-reg] rst -> _1516_/RESET_B : -0.941644
[setup in-reg] rst -> _1517_/RESET_B : -0.941644
[setup in-reg] rst -> _1518_/RESET_B : -0.941644
[setup in-reg] rst -> _1519_/RESET_B : -0.941644
[setup in-reg] rst -> _1520_/RESET_B : -0.941644
[setup in-reg] rst -> _1521_/RESET_B : -0.941644
[setup in-reg] rst -> _1522_/RESET_B : -0.941644
[setup in-reg] rst -> _1523_/RESET_B : -0.941644
[setup in-reg] rst -> _1524_/RESET_B : -0.941644
[setup reg-reg] _1456_/Q -> _1395_/D : -0.827550
[setup reg-reg] _1436_/Q -> _1411_/D : -0.827545
[setup reg-reg] _1334_/Q -> _1316_/D : -0.786850
[setup reg-reg] _1354_/Q -> _1327_/D : -0.775063
[setup reg-reg] _1422_/Q -> _1412_/D : -0.750527
[setup reg-reg] _1398_/Q -> _1347_/D : -0.739488
[setup reg-reg] _1456_/Q -> _1396_/D : -0.638731
[setup reg-reg] _1354_/Q -> _1331_/D : -0.635620
[setup reg-reg] _1375_/Q -> _1363_/D : -0.601878
[setup reg-reg] _1375_/Q -> _1364_/D : -0.584076
[setup reg-reg] _1400_/Q -> _1348_/D : -0.562971
[setup reg-reg] _1354_/Q -> _1332_/D : -0.449197
[setup reg-reg] _1422_/Q -> _1409_/D : -0.302883
[setup reg-reg] _1354_/Q -> _1330_/D : -0.287185
[setup reg-reg] _1334_/Q -> _1315_/D : -0.285147
[setup reg-reg] _1386_/Q -> _1286_/D : -0.273416
[setup reg-reg] _1386_/Q -> _1285_/D : -0.262988
[setup reg-reg] _1354_/Q -> _1329_/D : -0.197658
[setup reg-reg] _1375_/Q -> _1362_/D : -0.177961
[setup reg-reg] _1354_/Q -> _1328_/D : -0.154448
[setup reg-reg] _1400_/Q -> _1346_/D : -0.108242
