Reading OpenROAD database at '/home/hassan-ul-haq/openlane2/designs/Multiplier/runs/300MHz/20-openroad-generatepdn/mult.odb'…
Reading library file at '/home/hassan-ul-haq/.volare/volare/sky130/versions/0fe599b2afb6708d281543108caf8310912f54af/sky130A/libs.ref/sky130_fd_sc_hd/lib/sky130_fd_sc_hd__tt_025C_1v80.lib'…
Reading design constraints file at '/nix/store/ss2cw3sxbrwwx9jl0rrppbw4kgcmgi2n-python3-3.11.9-env/lib/python3.11/site-packages/openlane/scripts/base.sdc'…
[INFO] Using clock clk…
[INFO] Setting output delay to: 0.6666
[INFO] Setting input delay to: 0.6666
[INFO] Setting load to: 0.033442
[INFO] Setting clock uncertainty to: 0.25
[INFO] Setting clock transition to: 0.1499999999999999944488848768742172978818416595458984375
[INFO] Setting timing derate to: 5%
+ global_placement -density 0.621644 -skip_io -pad_right 0 -pad_left 0 -init_wirelength_coef 0.25
[INFO GPL-0002] DBU: 1000
[INFO GPL-0003] SiteSize: (  0.460  2.720 ) um
[INFO GPL-0004] CoreBBox: (  5.520 10.880 ) ( 152.720 157.760 ) um
[INFO GPL-0006] NumInstances:              1302
[INFO GPL-0007] NumPlaceInstances:          886
[INFO GPL-0008] NumFixedInstances:          416
[INFO GPL-0009] NumDummyInstances:            0
[INFO GPL-0010] NumNets:                    904
[INFO GPL-0011] NumPins:                   2800
[INFO GPL-0012] DieBBox:  (  0.000  0.000 ) ( 158.640 169.360 ) um
[INFO GPL-0013] CoreBBox: (  5.520 10.880 ) ( 152.720 157.760 ) um
[INFO GPL-0016] CoreArea:             21620.736 um^2
[INFO GPL-0017] NonPlaceInstsArea:      790.758 um^2
[INFO GPL-0018] PlaceInstsArea:       10892.947 um^2
[INFO GPL-0019] Util:                    52.295 %
[INFO GPL-0020] StdInstsArea:         10892.947 um^2
[INFO GPL-0021] MacroInstsArea:           0.000 um^2
[INFO GPL-0031] FillerInit:NumGCells:      1057
[INFO GPL-0032] FillerInit:NumGNets:        904
[INFO GPL-0033] FillerInit:NumGPins:       2800
[INFO GPL-0023] TargetDensity:            0.622
[INFO GPL-0024] AvrgPlaceInstArea:       12.295 um^2
[INFO GPL-0025] IdealBinArea:            19.777 um^2
[INFO GPL-0026] IdealBinCnt:               1093
[INFO GPL-0027] TotalBinArea:         21620.736 um^2
[INFO GPL-0028] BinCnt:        32     32
[INFO GPL-0029] BinSize: (  4.600  4.590 )
[INFO GPL-0030] NumBins: 1024
[NesterovSolve] Iter:    1 overflow: 0.990 HPWL: 2779682
[NesterovSolve] Iter:   10 overflow: 0.983 HPWL: 1962114
[NesterovSolve] Iter:   20 overflow: 0.976 HPWL: 1543651
[NesterovSolve] Iter:   30 overflow: 0.971 HPWL: 1280196
[NesterovSolve] Iter:   40 overflow: 0.969 HPWL: 1128425
[NesterovSolve] Iter:   50 overflow: 0.969 HPWL: 1071035
[NesterovSolve] Iter:   60 overflow: 0.969 HPWL: 1090453
[NesterovSolve] Iter:   70 overflow: 0.969 HPWL: 1125868
[NesterovSolve] Iter:   80 overflow: 0.969 HPWL: 1142281
[NesterovSolve] Iter:   90 overflow: 0.969 HPWL: 1136248
[NesterovSolve] Iter:  100 overflow: 0.969 HPWL: 1112826
[NesterovSolve] Iter:  110 overflow: 0.968 HPWL: 1085262
[NesterovSolve] Iter:  120 overflow: 0.965 HPWL: 1066323
[NesterovSolve] Iter:  130 overflow: 0.962 HPWL: 1056314
[NesterovSolve] Iter:  140 overflow: 0.953 HPWL: 1063599
[NesterovSolve] Iter:  150 overflow: 0.927 HPWL: 1148238
[NesterovSolve] Iter:  160 overflow: 0.883 HPWL: 1431290
[NesterovSolve] Iter:  170 overflow: 0.833 HPWL: 1769645
[NesterovSolve] Iter:  180 overflow: 0.803 HPWL: 2015097
[NesterovSolve] Iter:  190 overflow: 0.772 HPWL: 2256487
[NesterovSolve] Iter:  200 overflow: 0.728 HPWL: 2537141
[NesterovSolve] Iter:  210 overflow: 0.683 HPWL: 2852884
[NesterovSolve] Iter:  220 overflow: 0.644 HPWL: 3187003
[NesterovSolve] Iter:  230 overflow: 0.605 HPWL: 3573145
[NesterovSolve] Iter:  240 overflow: 0.551 HPWL: 3944590
[NesterovSolve] Iter:  250 overflow: 0.509 HPWL: 4311375
[NesterovSolve] Iter:  260 overflow: 0.455 HPWL: 4684733
[NesterovSolve] Iter:  270 overflow: 0.417 HPWL: 4995739
[NesterovSolve] Iter:  280 overflow: 0.371 HPWL: 5227875
[NesterovSolve] Iter:  290 overflow: 0.327 HPWL: 5439355
[NesterovSolve] Iter:  300 overflow: 0.297 HPWL: 5545102
[NesterovSolve] Iter:  310 overflow: 0.267 HPWL: 5681003
[NesterovSolve] Iter:  320 overflow: 0.234 HPWL: 5725909
[NesterovSolve] Iter:  330 overflow: 0.204 HPWL: 5809490
[NesterovSolve] Iter:  340 overflow: 0.181 HPWL: 5832804
[NesterovSolve] Iter:  350 overflow: 0.152 HPWL: 5855626
[NesterovSolve] Iter:  360 overflow: 0.134 HPWL: 5898175
[NesterovSolve] Iter:  370 overflow: 0.119 HPWL: 5913717
[NesterovSolve] Iter:  380 overflow: 0.104 HPWL: 5933074
[NesterovSolve] Finished with Overflow: 0.099554
[INFO] Setting RC values…
Setting global connections for newly added cells…
[INFO] Setting global connections...
Updating metrics…
Cell type report:                       Count       Area
  Fill cell                               108     405.39
  Tap cell                                308     385.37
  Inverter                                259     972.18
  Sequential cell                         247    6489.97
  Multi-Input combinational cell          380    3430.79
  Total                                  1302   11683.71
Writing OpenROAD database to '/home/hassan-ul-haq/openlane2/designs/Multiplier/runs/300MHz/23-openroad-globalplacementskipio/mult.odb'…
Writing netlist to '/home/hassan-ul-haq/openlane2/designs/Multiplier/runs/300MHz/23-openroad-globalplacementskipio/mult.nl.v'…
Writing powered netlist to '/home/hassan-ul-haq/openlane2/designs/Multiplier/runs/300MHz/23-openroad-globalplacementskipio/mult.pnl.v'…
Writing layout to '/home/hassan-ul-haq/openlane2/designs/Multiplier/runs/300MHz/23-openroad-globalplacementskipio/mult.def'…
Writing timing constraints to '/home/hassan-ul-haq/openlane2/designs/Multiplier/runs/300MHz/23-openroad-globalplacementskipio/mult.sdc'…
