Clock: clk
Sources: clk 
Generated: no
Virtual: no
Propagated: no
Period: 6.250000

===========================================================================
report_clock_properties
============================================================================
Clock                   Period          Waveform
----------------------------------------------------
clk                   6.250000    0.000000  3.125000

===========================================================================
report_clock_latency
============================================================================
Clock clk
rise -> rise
    min     max
0.000000 0.000000 source latency
0.640239         network latency _764_/CLK
        0.640239 network latency _764_/CLK
---------------
0.640239 0.640239 latency
        0.000000 skew

fall -> fall
    min     max
0.000000 0.000000 source latency
0.355501         network latency _764_/CLK
        0.355501 network latency _764_/CLK
---------------
0.355501 0.355501 latency
        0.000000 skew



===========================================================================
report_clock_min_period
============================================================================
clk period_min = 5.57 fmax = 179.63
