
===========================================================================
report_checks -unconstrained
===========================================================================
======================= nom_tt_025C_1v80 Corner ===================================

Startpoint: rst (input port clocked by clk)
Endpoint: _669_ (recovery check against rising-edge clock clk)
Path Group: asynchronous
Path Type: max

Fanout         Cap        Slew       Delay        Time   Description
---------------------------------------------------------------------------------------------
                                  0.000000    0.000000   clock clk (rise edge)
                                  0.000000    0.000000   clock network delay (propagated)
                                  1.666600    1.666600 v input external delay
     1    0.002679    0.008343    0.004240    1.670840 v rst (in)
                                                         rst (net)
                      0.008343    0.000000    1.670840 v input17/A (sky130_fd_sc_hd__clkbuf_1)
     1    0.003641    0.030773    0.076282    1.747122 v input17/X (sky130_fd_sc_hd__clkbuf_1)
                                                         net17 (net)
                      0.030773    0.000129    1.747250 v fanout62/A (sky130_fd_sc_hd__buf_2)
     5    0.027655    0.075571    0.161424    1.908675 v fanout62/X (sky130_fd_sc_hd__buf_2)
                                                         net62 (net)
                      0.075573    0.000535    1.909209 v fanout60/A (sky130_fd_sc_hd__buf_4)
    10    0.054709    0.079235    0.202731    2.111940 v fanout60/X (sky130_fd_sc_hd__buf_4)
                                                         net60 (net)
                      0.079235    0.000629    2.112569 v fanout59/A (sky130_fd_sc_hd__buf_4)
    10    0.052975    0.081316    0.202306    2.314875 v fanout59/X (sky130_fd_sc_hd__buf_4)
                                                         net59 (net)
                      0.081385    0.002137    2.317012 v _637_/A (sky130_fd_sc_hd__inv_2)
     1    0.005609    0.039402    0.063997    2.381009 ^ _637_/Y (sky130_fd_sc_hd__inv_2)
                                                         _011_ (net)
                      0.039403    0.000186    2.381195 ^ _669_/RESET_B (sky130_fd_sc_hd__dfrtp_1)
                                              2.381195   data arrival time

                                  8.333000    8.333000   clock clk (rise edge)
                                  0.000000    8.333000   clock source latency
     1    0.015213    0.074424    0.051068    8.384068 ^ clk (in)
                                                         clk (net)
                      0.074446    0.000000    8.384068 ^ clkbuf_0_clk/A (sky130_fd_sc_hd__clkbuf_16)
     4    0.037602    0.057599    0.150584    8.534653 ^ clkbuf_0_clk/X (sky130_fd_sc_hd__clkbuf_16)
                                                         clknet_0_clk (net)
                      0.057627    0.001108    8.535760 ^ clkbuf_2_0__f_clk/A (sky130_fd_sc_hd__clkbuf_16)
    12    0.033953    0.054374    0.141469    8.677229 ^ clkbuf_2_0__f_clk/X (sky130_fd_sc_hd__clkbuf_16)
                                                         clknet_2_0__leaf_clk (net)
                      0.054454    0.001652    8.678881 ^ _669_/CLK (sky130_fd_sc_hd__dfrtp_1)
                                 -0.250000    8.428881   clock uncertainty
                                  0.000000    8.428881   clock reconvergence pessimism
                                  0.234677    8.663558   library recovery time
                                              8.663558   data required time
---------------------------------------------------------------------------------------------
                                              8.663558   data required time
                                             -2.381195   data arrival time
---------------------------------------------------------------------------------------------
                                              6.282363   slack (MET)


Startpoint: _669_ (rising edge-triggered flip-flop clocked by clk)
Endpoint: _662_ (rising edge-triggered flip-flop clocked by clk)
Path Group: clk
Path Type: max

Fanout         Cap        Slew       Delay        Time   Description
---------------------------------------------------------------------------------------------
                                  0.000000    0.000000   clock clk (rise edge)
                                  0.000000    0.000000   clock source latency
     1    0.015213    0.074424    0.051068    0.051068 ^ clk (in)
                                                         clk (net)
                      0.074446    0.000000    0.051068 ^ clkbuf_0_clk/A (sky130_fd_sc_hd__clkbuf_16)
     4    0.037602    0.057599    0.150584    0.201652 ^ clkbuf_0_clk/X (sky130_fd_sc_hd__clkbuf_16)
                                                         clknet_0_clk (net)
                      0.057627    0.001108    0.202760 ^ clkbuf_2_0__f_clk/A (sky130_fd_sc_hd__clkbuf_16)
    12    0.033953    0.054374    0.141469    0.344228 ^ clkbuf_2_0__f_clk/X (sky130_fd_sc_hd__clkbuf_16)
                                                         clknet_2_0__leaf_clk (net)
                      0.054454    0.001653    0.345881 ^ _669_/CLK (sky130_fd_sc_hd__dfrtp_1)
     3    0.009717    0.069123    0.394005    0.739886 v _669_/Q (sky130_fd_sc_hd__dfrtp_1)
                                                         a_reg[4] (net)
                      0.069123    0.000259    0.740145 v fanout51/A (sky130_fd_sc_hd__buf_2)
    10    0.030587    0.081577    0.184042    0.924187 v fanout51/X (sky130_fd_sc_hd__buf_2)
                                                         net51 (net)
                      0.081581    0.000625    0.924812 v _370_/C (sky130_fd_sc_hd__and4_1)
     3    0.007886    0.060309    0.225009    1.149821 v _370_/X (sky130_fd_sc_hd__and4_1)
                                                         _046_ (net)
                      0.060309    0.000227    1.150048 v _372_/B (sky130_fd_sc_hd__or3_1)
     2    0.006563    0.085960    0.373375    1.523423 v _372_/X (sky130_fd_sc_hd__or3_1)
                                                         _048_ (net)
                      0.085960    0.000201    1.523624 v _375_/A1 (sky130_fd_sc_hd__a21o_1)
     3    0.009646    0.061081    0.198365    1.721989 v _375_/X (sky130_fd_sc_hd__a21o_1)
                                                         _051_ (net)
                      0.061081    0.000281    1.722270 v _384_/A2 (sky130_fd_sc_hd__a21o_1)
     2    0.005006    0.042347    0.188527    1.910797 v _384_/X (sky130_fd_sc_hd__a21o_1)
                                                         _060_ (net)
                      0.042347    0.000146    1.910943 v _385_/C (sky130_fd_sc_hd__and3_1)
     4    0.015688    0.090907    0.228608    2.139550 v _385_/X (sky130_fd_sc_hd__and3_1)
                                                         _061_ (net)
                      0.090908    0.000465    2.140015 v _387_/B (sky130_fd_sc_hd__nor3b_2)
     3    0.009333    0.205742    0.232516    2.372531 ^ _387_/Y (sky130_fd_sc_hd__nor3b_2)
                                                         _063_ (net)
                      0.205742    0.000200    2.372731 ^ max_cap34/A (sky130_fd_sc_hd__clkbuf_1)
     2    0.006773    0.088983    0.145512    2.518243 ^ max_cap34/X (sky130_fd_sc_hd__clkbuf_1)
                                                         net34 (net)
                      0.088983    0.000137    2.518380 ^ _388_/A (sky130_fd_sc_hd__inv_2)
     1    0.002957    0.022071    0.033078    2.551457 v _388_/Y (sky130_fd_sc_hd__inv_2)
                                                         _064_ (net)
                      0.022071    0.000067    2.551524 v _421_/A1 (sky130_fd_sc_hd__a21o_1)
     3    0.009622    0.061012    0.172101    2.723626 v _421_/X (sky130_fd_sc_hd__a21o_1)
                                                         _097_ (net)
                      0.061013    0.000353    2.723979 v _458_/A4 (sky130_fd_sc_hd__a41o_1)
     2    0.008541    0.064205    0.267807    2.991786 v _458_/X (sky130_fd_sc_hd__a41o_1)
                                                         _133_ (net)
                      0.064205    0.000305    2.992091 v _492_/A2 (sky130_fd_sc_hd__a21o_1)
     4    0.016241    0.087895    0.235041    3.227132 v _492_/X (sky130_fd_sc_hd__a21o_1)
                                                         _166_ (net)
                      0.087899    0.000712    3.227844 v _598_/A1 (sky130_fd_sc_hd__a211o_1)
     2    0.004820    0.056964    0.278186    3.506030 v _598_/X (sky130_fd_sc_hd__a211o_1)
                                                         _268_ (net)
                      0.056964    0.000116    3.506146 v _600_/C (sky130_fd_sc_hd__and4b_1)
     4    0.011037    0.074130    0.225531    3.731677 v _600_/X (sky130_fd_sc_hd__and4b_1)
                                                         _270_ (net)
                      0.074130    0.000269    3.731946 v _614_/B (sky130_fd_sc_hd__or4_1)
     1    0.003435    0.087691    0.510393    4.242339 v _614_/X (sky130_fd_sc_hd__or4_1)
                                                         _283_ (net)
                      0.087691    0.000114    4.242453 v _615_/B (sky130_fd_sc_hd__nand2_1)
     1    0.003234    0.051453    0.082903    4.325356 ^ _615_/Y (sky130_fd_sc_hd__nand2_1)
                                                         product_reg[13] (net)
                      0.051453    0.000083    4.325439 ^ _662_/D (sky130_fd_sc_hd__dfrtp_1)
                                              4.325439   data arrival time

                                  8.333000    8.333000   clock clk (rise edge)
                                  0.000000    8.333000   clock source latency
     1    0.015213    0.074424    0.051068    8.384068 ^ clk (in)
                                                         clk (net)
                      0.074446    0.000000    8.384068 ^ clkbuf_0_clk/A (sky130_fd_sc_hd__clkbuf_16)
     4    0.037602    0.057599    0.150584    8.534653 ^ clkbuf_0_clk/X (sky130_fd_sc_hd__clkbuf_16)
                                                         clknet_0_clk (net)
                      0.057631    0.001168    8.535820 ^ clkbuf_2_2__f_clk/A (sky130_fd_sc_hd__clkbuf_16)
     8    0.037796    0.057767    0.144620    8.680441 ^ clkbuf_2_2__f_clk/X (sky130_fd_sc_hd__clkbuf_16)
                                                         clknet_2_2__leaf_clk (net)
                      0.057807    0.001282    8.681723 ^ _662_/CLK (sky130_fd_sc_hd__dfrtp_1)
                                 -0.250000    8.431723   clock uncertainty
                                  0.000000    8.431723   clock reconvergence pessimism
                                 -0.059390    8.372333   library setup time
                                              8.372333   data required time
---------------------------------------------------------------------------------------------
                                              8.372333   data required time
                                             -4.325439   data arrival time
---------------------------------------------------------------------------------------------
                                              4.046893   slack (MET)




===========================================================================
report_checks --slack_max -0.01
============================================================================
======================= nom_tt_025C_1v80 Corner ===================================

No paths found.


===========================================================================
 report_check_types -max_slew -max_cap -max_fanout -violators
============================================================================
======================= nom_tt_025C_1v80 Corner ===================================

max fanout

Pin                                   Limit Fanout  Slack
---------------------------------------------------------
clkbuf_2_0__f_clk/X                      10     12     -2 (VIOLATED)



===========================================================================
report_parasitic_annotation -report_unannotated
============================================================================
Found 3 unannotated drivers.
 clkload0/Y
 clkload1/Y
 clkload2/Y
Found 0 partially unannotated drivers.

===========================================================================
max slew violation count 0
Writing metric design__max_slew_violation__count__corner:nom_tt_025C_1v80: 0
max fanout violation count 1
Writing metric design__max_fanout_violation__count__corner:nom_tt_025C_1v80: 1
max cap violation count 0
Writing metric design__max_cap_violation__count__corner:nom_tt_025C_1v80: 0
============================================================================

===========================================================================
check_setup -verbose -unconstrained_endpoints -multiple_clock -no_clock -no_input_delay -loops -generated_clocks
===========================================================================
