
===========================================================================
report_checks -unconstrained
===========================================================================
======================= nom_tt_025C_1v80 Corner ===================================

Startpoint: _663_ (rising edge-triggered flip-flop clocked by clk)
Endpoint: product[14] (output port clocked by clk)
Path Group: clk
Path Type: max

Fanout         Cap        Slew       Delay        Time   Description
---------------------------------------------------------------------------------------------
                                  0.000000    0.000000   clock clk (rise edge)
                                  0.000000    0.000000   clock source latency
     1    0.014645    0.250000    0.000000    0.000000 ^ clk (in)
                                                         clk (net)
                      0.250561    0.000281    0.000281 ^ clkbuf_0_clk/A (sky130_fd_sc_hd__clkbuf_16)
     4    0.036147    0.059248    0.206418    0.206699 ^ clkbuf_0_clk/X (sky130_fd_sc_hd__clkbuf_16)
                                                         clknet_0_clk (net)
                      0.059248    0.000161    0.206860 ^ clkbuf_2_2__f_clk/A (sky130_fd_sc_hd__clkbuf_16)
     7    0.029949    0.051031    0.139685    0.346544 ^ clkbuf_2_2__f_clk/X (sky130_fd_sc_hd__clkbuf_16)
                                                         clknet_2_2__leaf_clk (net)
                      0.051032    0.000332    0.346876 ^ _663_/CLK (sky130_fd_sc_hd__dfrtp_1)
     1    0.002666    0.039915    0.353581    0.700458 v _663_/Q (sky130_fd_sc_hd__dfrtp_1)
                                                         net23 (net)
                      0.039915    0.000009    0.700466 v output23/A (sky130_fd_sc_hd__buf_1)
     1    0.000918    0.017053    0.074449    0.774916 v output23/X (sky130_fd_sc_hd__buf_1)
                                                         product[14] (net)
                      0.017053    0.000003    0.774919 v product[14] (out)
                                              0.774919   data arrival time

                                 25.000000   25.000000   clock clk (rise edge)
                                  0.000000   25.000000   clock network delay (propagated)
                                 -0.250000   24.750000   clock uncertainty
                                  0.000000   24.750000   clock reconvergence pessimism
                                -18.750000    6.000000   output external delay
                                              6.000000   data required time
---------------------------------------------------------------------------------------------
                                              6.000000   data required time
                                             -0.774919   data arrival time
---------------------------------------------------------------------------------------------
                                              5.225082   slack (MET)




===========================================================================
report_checks --slack_max -0.01
============================================================================
======================= nom_tt_025C_1v80 Corner ===================================

No paths found.


===========================================================================
 report_check_types -max_slew -max_cap -max_fanout -violators
============================================================================
======================= nom_tt_025C_1v80 Corner ===================================

max fanout

Pin                                   Limit Fanout  Slack
---------------------------------------------------------
clkbuf_2_0__f_clk/X                      10     12     -2 (VIOLATED)



===========================================================================
report_parasitic_annotation -report_unannotated
============================================================================
Found 3 unannotated drivers.
 clkload0/Y
 clkload1/Y
 clkload2/Y
Found 0 partially unannotated drivers.

===========================================================================
max slew violation count 0
Writing metric design__max_slew_violation__count__corner:nom_tt_025C_1v80: 0
max fanout violation count 1
Writing metric design__max_fanout_violation__count__corner:nom_tt_025C_1v80: 1
max cap violation count 0
Writing metric design__max_cap_violation__count__corner:nom_tt_025C_1v80: 0
============================================================================

===========================================================================
check_setup -verbose -unconstrained_endpoints -multiple_clock -no_clock -no_input_delay -loops -generated_clocks
===========================================================================
Warning: There is 1 input port missing set_input_delay.
  rst
