
===========================================================================
report_checks -unconstrained
===========================================================================
======================= nom_tt_025C_1v80 Corner ===================================

Startpoint: rst (input port clocked by clk)
Endpoint: _807_ (recovery check against rising-edge clock clk)
Path Group: asynchronous
Path Type: max

Fanout         Cap        Slew       Delay        Time   Description
---------------------------------------------------------------------------------------------
                                  0.000000    0.000000   clock clk (rise edge)
                                  0.000000    0.000000   clock network delay (propagated)
                                  1.250000    1.250000 v input external delay
     1    0.002340    0.007561    0.003667    1.253667 v rst (in)
                                                         rst (net)
                      0.007562    0.000000    1.253667 v input17/A (sky130_fd_sc_hd__buf_1)
     2    0.010716    0.068475    0.107332    1.360999 v input17/X (sky130_fd_sc_hd__buf_1)
                                                         net17 (net)
                      0.068476    0.000292    1.361291 v fanout67/A (sky130_fd_sc_hd__buf_2)
     6    0.028059    0.076330    0.178752    1.540043 v fanout67/X (sky130_fd_sc_hd__buf_2)
                                                         net67 (net)
                      0.076355    0.001293    1.541336 v fanout66/A (sky130_fd_sc_hd__buf_2)
     6    0.033667    0.088499    0.192450    1.733786 v fanout66/X (sky130_fd_sc_hd__buf_2)
                                                         net66 (net)
                      0.088505    0.000783    1.734569 v fanout64/A (sky130_fd_sc_hd__buf_4)
    10    0.052416    0.080505    0.206314    1.940883 v fanout64/X (sky130_fd_sc_hd__buf_4)
                                                         net64 (net)
                      0.080538    0.001516    1.942399 v _735_/A (sky130_fd_sc_hd__inv_2)
     1    0.004787    0.036373    0.060905    2.003304 ^ _735_/Y (sky130_fd_sc_hd__inv_2)
                                                         _095_ (net)
                      0.036373    0.000094    2.003398 ^ _807_/RESET_B (sky130_fd_sc_hd__dfrtp_1)
                                              2.003398   data arrival time

                                  6.250000    6.250000   clock clk (rise edge)
                                  0.000000    6.250000   clock source latency
     1    0.015985    0.077873    0.053544    6.303544 ^ clk (in)
                                                         clk (net)
                      0.077899    0.000000    6.303544 ^ clkbuf_0_clk/A (sky130_fd_sc_hd__clkbuf_16)
     8    0.076075    0.093039    0.179682    6.483226 ^ clkbuf_0_clk/X (sky130_fd_sc_hd__clkbuf_16)
                                                         clknet_0_clk (net)
                      0.093109    0.002321    6.485548 ^ clkbuf_3_4__f_clk/A (sky130_fd_sc_hd__clkbuf_16)
     8    0.031642    0.052481    0.153234    6.638781 ^ clkbuf_3_4__f_clk/X (sky130_fd_sc_hd__clkbuf_16)
                                                         clknet_3_4__leaf_clk (net)
                      0.052483    0.000623    6.639404 ^ _807_/CLK (sky130_fd_sc_hd__dfrtp_1)
                                 -0.250000    6.389404   clock uncertainty
                                  0.000000    6.389404   clock reconvergence pessimism
                                  0.234857    6.624261   library recovery time
                                              6.624261   data required time
---------------------------------------------------------------------------------------------
                                              6.624261   data required time
                                             -2.003398   data arrival time
---------------------------------------------------------------------------------------------
                                              4.620863   slack (MET)


Startpoint: _832_ (rising edge-triggered flip-flop clocked by clk)
Endpoint: _802_ (rising edge-triggered flip-flop clocked by clk)
Path Group: clk
Path Type: max

Fanout         Cap        Slew       Delay        Time   Description
---------------------------------------------------------------------------------------------
                                  0.000000    0.000000   clock clk (rise edge)
                                  0.000000    0.000000   clock source latency
     1    0.015985    0.077873    0.053544    0.053544 ^ clk (in)
                                                         clk (net)
                      0.077899    0.000000    0.053544 ^ clkbuf_0_clk/A (sky130_fd_sc_hd__clkbuf_16)
     8    0.076075    0.093039    0.179683    0.233226 ^ clkbuf_0_clk/X (sky130_fd_sc_hd__clkbuf_16)
                                                         clknet_0_clk (net)
                      0.093110    0.002339    0.235565 ^ clkbuf_3_1__f_clk/A (sky130_fd_sc_hd__clkbuf_16)
     9    0.034401    0.054760    0.155014    0.390579 ^ clkbuf_3_1__f_clk/X (sky130_fd_sc_hd__clkbuf_16)
                                                         clknet_3_1__leaf_clk (net)
                      0.054824    0.001407    0.391986 ^ _832_/CLK (sky130_fd_sc_hd__dfrtp_1)
     3    0.013622    0.130010    0.388545    0.780530 ^ _832_/Q (sky130_fd_sc_hd__dfrtp_1)
                                                         b_high[0] (net)
                      0.130010    0.000300    0.780830 ^ fanout39/A (sky130_fd_sc_hd__buf_2)
    10    0.032634    0.163072    0.222884    1.003714 ^ fanout39/X (sky130_fd_sc_hd__buf_2)
                                                         net39 (net)
                      0.163072    0.000402    1.004116 ^ _447_/A (sky130_fd_sc_hd__and4_1)
     4    0.009963    0.114547    0.250516    1.254632 ^ _447_/X (sky130_fd_sc_hd__and4_1)
                                                         _181_ (net)
                      0.114547    0.000249    1.254882 ^ _449_/A_N (sky130_fd_sc_hd__and4bb_1)
     3    0.008844    0.065912    0.223511    1.478392 v _449_/X (sky130_fd_sc_hd__and4bb_1)
                                                         _183_ (net)
                      0.065912    0.000169    1.478561 v _464_/B (sky130_fd_sc_hd__or3_1)
     1    0.001904    0.058927    0.334921    1.813482 v _464_/X (sky130_fd_sc_hd__or3_1)
                                                         _197_ (net)
                      0.058927    0.000038    1.813520 v _465_/B (sky130_fd_sc_hd__and2_1)
     2    0.007620    0.055321    0.178955    1.992475 v _465_/X (sky130_fd_sc_hd__and2_1)
                                                         _198_ (net)
                      0.055321    0.000144    1.992619 v _467_/B (sky130_fd_sc_hd__xnor2_1)
     2    0.009221    0.240677    0.227143    2.219762 ^ _467_/Y (sky130_fd_sc_hd__xnor2_1)
                                                         _200_ (net)
                      0.240678    0.000342    2.220104 ^ _469_/A (sky130_fd_sc_hd__nand2_1)
     2    0.005593    0.081776    0.105357    2.325461 v _469_/Y (sky130_fd_sc_hd__nand2_1)
                                                         _202_ (net)
                      0.081776    0.000128    2.325590 v _483_/A1 (sky130_fd_sc_hd__o21ba_1)
     2    0.004963    0.044907    0.202339    2.527928 v _483_/X (sky130_fd_sc_hd__o21ba_1)
                                                         _214_ (net)
                      0.044907    0.000077    2.528006 v _485_/B (sky130_fd_sc_hd__and2_1)
     1    0.003443    0.037946    0.153684    2.681690 v _485_/X (sky130_fd_sc_hd__and2_1)
                                                         _216_ (net)
                      0.037946    0.000119    2.681808 v _486_/B (sky130_fd_sc_hd__nor2_1)
     1    0.005153    0.113740    0.108193    2.790001 ^ _486_/Y (sky130_fd_sc_hd__nor2_1)
                                                         _051_ (net)
                      0.113777    0.000219    2.790220 ^ _802_/D (sky130_fd_sc_hd__dfrtp_1)
                                              2.790220   data arrival time

                                  6.250000    6.250000   clock clk (rise edge)
                                  0.000000    6.250000   clock source latency
     1    0.015985    0.077873    0.053544    6.303544 ^ clk (in)
                                                         clk (net)
                      0.077899    0.000000    6.303544 ^ clkbuf_0_clk/A (sky130_fd_sc_hd__clkbuf_16)
     8    0.076075    0.093039    0.179682    6.483226 ^ clkbuf_0_clk/X (sky130_fd_sc_hd__clkbuf_16)
                                                         clknet_0_clk (net)
                      0.093109    0.002321    6.485548 ^ clkbuf_3_4__f_clk/A (sky130_fd_sc_hd__clkbuf_16)
     8    0.031642    0.052481    0.153234    6.638781 ^ clkbuf_3_4__f_clk/X (sky130_fd_sc_hd__clkbuf_16)
                                                         clknet_3_4__leaf_clk (net)
                      0.052483    0.000595    6.639376 ^ _802_/CLK (sky130_fd_sc_hd__dfrtp_1)
                                 -0.250000    6.389376   clock uncertainty
                                  0.000000    6.389376   clock reconvergence pessimism
                                 -0.074560    6.314817   library setup time
                                              6.314817   data required time
---------------------------------------------------------------------------------------------
                                              6.314817   data required time
                                             -2.790220   data arrival time
---------------------------------------------------------------------------------------------
                                              3.524597   slack (MET)




===========================================================================
report_checks --slack_max -0.01
============================================================================
======================= nom_tt_025C_1v80 Corner ===================================

No paths found.


===========================================================================
 report_check_types -max_slew -max_cap -max_fanout -violators
============================================================================
======================= nom_tt_025C_1v80 Corner ===================================

max fanout

Pin                                   Limit Fanout  Slack
---------------------------------------------------------
clkbuf_3_2__f_clk/X                      10     13     -3 (VIOLATED)
clkbuf_3_7__f_clk/X                      10     13     -3 (VIOLATED)
clkbuf_3_6__f_clk/X                      10     11        (VIOLATED)



===========================================================================
report_parasitic_annotation -report_unannotated
============================================================================
Found 7 unannotated drivers.
 clkload0/Y
 clkload1/Y
 clkload2/X
 clkload3/Y
 clkload4/Y
 clkload5/Y
 clkload6/Y
Found 0 partially unannotated drivers.

===========================================================================
max slew violation count 0
Writing metric design__max_slew_violation__count__corner:nom_tt_025C_1v80: 0
max fanout violation count 3
Writing metric design__max_fanout_violation__count__corner:nom_tt_025C_1v80: 3
max cap violation count 0
Writing metric design__max_cap_violation__count__corner:nom_tt_025C_1v80: 0
============================================================================

===========================================================================
check_setup -verbose -unconstrained_endpoints -multiple_clock -no_clock -no_input_delay -loops -generated_clocks
===========================================================================
