Clock: clk
Sources: clk 
Generated: no
Virtual: yes
Propagated: no
Period: 6.250000

===========================================================================
report_clock_properties
============================================================================
Clock                   Period          Waveform
----------------------------------------------------
clk                   6.250000    0.000000  3.125000

===========================================================================
report_clock_latency
============================================================================
Clock clk
rise -> rise
    min     max
0.000000 0.000000 source latency
0.388744         network latency _794_/CLK
        0.393855 network latency _835_/CLK
---------------
0.388744 0.393855 latency
        0.005110 skew

fall -> fall
    min     max
0.000000 0.000000 source latency
0.358998         network latency _794_/CLK
        0.363207 network latency _835_/CLK
---------------
0.358998 0.363207 latency
        0.004210 skew



===========================================================================
report_clock_min_period
============================================================================
clk period_min = 2.73 fmax = 366.92
