                                                                        Cells by Master                                                                         
┏━━━━━━━━━━━━━━━━━━━━━━━━━━━━━━━━━━━━━━━━━━━━━━━━━━━━━━━━━━━━━━━━━━━━━━━━━━━━━━━━━━━━━━━━━━━━━━━━━━━━━━━━━━━━━━━━━━━━━━━━━━━━━━━━━━┳━━━━━━━━━━━━━━━━━━━━━━━━━━━┓
┃ Cell                                                                                                                             ┃ Count                     ┃
┡━━━━━━━━━━━━━━━━━━━━━━━━━━━━━━━━━━━━━━━━━━━━━━━━━━━━━━━━━━━━━━━━━━━━━━━━━━━━━━━━━━━━━━━━━━━━━━━━━━━━━━━━━━━━━━━━━━━━━━━━━━━━━━━━━━╇━━━━━━━━━━━━━━━━━━━━━━━━━━━┩
│ sky130_ef_sc_hd__decap_12                                                                                                        │ 164                       │
│ sky130_fd_sc_hd__a211oi_1                                                                                                        │ 3                         │
│ sky130_fd_sc_hd__a21bo_1                                                                                                         │ 5                         │
│ sky130_fd_sc_hd__a21boi_2                                                                                                        │ 1                         │
│ sky130_fd_sc_hd__a21o_1                                                                                                          │ 4                         │
│ sky130_fd_sc_hd__a21oi_1                                                                                                         │ 9                         │
│ sky130_fd_sc_hd__a22o_1                                                                                                          │ 9                         │
│ sky130_fd_sc_hd__a22oi_1                                                                                                         │ 6                         │
│ sky130_fd_sc_hd__a31o_1                                                                                                          │ 9                         │
│ sky130_fd_sc_hd__a31oi_1                                                                                                         │ 1                         │
│ sky130_fd_sc_hd__a32o_1                                                                                                          │ 1                         │
│ sky130_fd_sc_hd__a41o_1                                                                                                          │ 2                         │
│ sky130_fd_sc_hd__and2_1                                                                                                          │ 35                        │
│ sky130_fd_sc_hd__and2b_1                                                                                                         │ 6                         │
│ sky130_fd_sc_hd__and3_1                                                                                                          │ 10                        │
│ sky130_fd_sc_hd__and4_1                                                                                                          │ 14                        │
│ sky130_fd_sc_hd__and4b_1                                                                                                         │ 1                         │
│ sky130_fd_sc_hd__and4bb_1                                                                                                        │ 3                         │
│ sky130_fd_sc_hd__buf_1                                                                                                           │ 3                         │
│ sky130_fd_sc_hd__buf_2                                                                                                           │ 27                        │
│ sky130_fd_sc_hd__buf_4                                                                                                           │ 6                         │
│ sky130_fd_sc_hd__bufinv_16                                                                                                       │ 1                         │
│ sky130_fd_sc_hd__clkbuf_1                                                                                                        │ 16                        │
│ sky130_fd_sc_hd__clkbuf_16                                                                                                       │ 9                         │
│ sky130_fd_sc_hd__clkbuf_2                                                                                                        │ 9                         │
│ sky130_fd_sc_hd__clkbuf_4                                                                                                        │ 2                         │
│ sky130_fd_sc_hd__clkinv_2                                                                                                        │ 1                         │
│ sky130_fd_sc_hd__clkinv_4                                                                                                        │ 2                         │
│ sky130_fd_sc_hd__clkinvlp_4                                                                                                      │ 1                         │
│ sky130_fd_sc_hd__decap_3                                                                                                         │ 129                       │
│ sky130_fd_sc_hd__decap_4                                                                                                         │ 58                        │
│ sky130_fd_sc_hd__decap_6                                                                                                         │ 55                        │
│ sky130_fd_sc_hd__decap_8                                                                                                         │ 73                        │
│ sky130_fd_sc_hd__dfrtp_1                                                                                                         │ 72                        │
│ sky130_fd_sc_hd__dlygate4sd3_1                                                                                                   │ 7                         │
│ sky130_fd_sc_hd__dlymetal6s2s_1                                                                                                  │ 5                         │
│ sky130_fd_sc_hd__fill_1                                                                                                          │ 151                       │
│ sky130_fd_sc_hd__fill_2                                                                                                          │ 84                        │
│ sky130_fd_sc_hd__inv_2                                                                                                           │ 77                        │
│ sky130_fd_sc_hd__inv_6                                                                                                           │ 1                         │
│ sky130_fd_sc_hd__nand2_1                                                                                                         │ 38                        │
│ sky130_fd_sc_hd__nand2b_1                                                                                                        │ 5                         │
│ sky130_fd_sc_hd__nand3_1                                                                                                         │ 3                         │
│ sky130_fd_sc_hd__nand3b_1                                                                                                        │ 1                         │
│ sky130_fd_sc_hd__nand4_1                                                                                                         │ 3                         │
│ sky130_fd_sc_hd__nor2_1                                                                                                          │ 38                        │
│ sky130_fd_sc_hd__nor3_1                                                                                                          │ 2                         │
│ sky130_fd_sc_hd__o211a_1                                                                                                         │ 3                         │
│ sky130_fd_sc_hd__o211ai_1                                                                                                        │ 1                         │
│ sky130_fd_sc_hd__o21a_1                                                                                                          │ 5                         │
│ sky130_fd_sc_hd__o21ai_1                                                                                                         │ 7                         │
│ sky130_fd_sc_hd__o21ba_1                                                                                                         │ 8                         │
│ sky130_fd_sc_hd__o21bai_1                                                                                                        │ 2                         │
│ sky130_fd_sc_hd__o2bb2a_1                                                                                                        │ 7                         │
│ sky130_fd_sc_hd__or2_1                                                                                                           │ 14                        │
│ sky130_fd_sc_hd__or3_1                                                                                                           │ 4                         │
│ sky130_fd_sc_hd__tapvpwrvgnd_1                                                                                                   │ 133                       │
│ sky130_fd_sc_hd__xnor2_1                                                                                                         │ 36                        │
│ sky130_fd_sc_hd__xor2_1                                                                                                          │ 9                         │
└──────────────────────────────────────────────────────────────────────────────────────────────────────────────────────────────────┴───────────────────────────┘
