                                                                       Cells by Function                                                                        
┏━━━━━━━━━━━━━━━━━━━━━━━━━━━━━━━━━━━━━━━━━━━━━━━━━━━━━━━━━━━━━━━━━━━━━━━━━━━━━━━━━━━━━━━━━━━━━━━━━━━━━━━━━━━━━━━━━━━━━━━━━━━━━━━━━┳━━━━━━━━━━━━━━━━━━━━━━━━━━━━┓
┃ Cell Function                                                                                                                   ┃ Count                      ┃
┡━━━━━━━━━━━━━━━━━━━━━━━━━━━━━━━━━━━━━━━━━━━━━━━━━━━━━━━━━━━━━━━━━━━━━━━━━━━━━━━━━━━━━━━━━━━━━━━━━━━━━━━━━━━━━━━━━━━━━━━━━━━━━━━━━╇━━━━━━━━━━━━━━━━━━━━━━━━━━━━┩
│ sky130_ef_sc_hd__decap                                                                                                          │ 164                        │
│ sky130_fd_sc_hd__a211oi                                                                                                         │ 3                          │
│ sky130_fd_sc_hd__a21bo                                                                                                          │ 5                          │
│ sky130_fd_sc_hd__a21boi                                                                                                         │ 1                          │
│ sky130_fd_sc_hd__a21o                                                                                                           │ 4                          │
│ sky130_fd_sc_hd__a21oi                                                                                                          │ 9                          │
│ sky130_fd_sc_hd__a22o                                                                                                           │ 9                          │
│ sky130_fd_sc_hd__a22oi                                                                                                          │ 6                          │
│ sky130_fd_sc_hd__a31o                                                                                                           │ 9                          │
│ sky130_fd_sc_hd__a31oi                                                                                                          │ 1                          │
│ sky130_fd_sc_hd__a32o                                                                                                           │ 1                          │
│ sky130_fd_sc_hd__a41o                                                                                                           │ 2                          │
│ sky130_fd_sc_hd__and2                                                                                                           │ 35                         │
│ sky130_fd_sc_hd__and2b                                                                                                          │ 6                          │
│ sky130_fd_sc_hd__and3                                                                                                           │ 10                         │
│ sky130_fd_sc_hd__and4                                                                                                           │ 14                         │
│ sky130_fd_sc_hd__and4b                                                                                                          │ 1                          │
│ sky130_fd_sc_hd__and4bb                                                                                                         │ 3                          │
│ sky130_fd_sc_hd__buf                                                                                                            │ 36                         │
│ sky130_fd_sc_hd__bufinv                                                                                                         │ 1                          │
│ sky130_fd_sc_hd__clkbuf                                                                                                         │ 36                         │
│ sky130_fd_sc_hd__clkinv                                                                                                         │ 3                          │
│ sky130_fd_sc_hd__clkinvlp                                                                                                       │ 1                          │
│ sky130_fd_sc_hd__decap                                                                                                          │ 315                        │
│ sky130_fd_sc_hd__dfrtp                                                                                                          │ 72                         │
│ sky130_fd_sc_hd__dlygate4sd3                                                                                                    │ 7                          │
│ sky130_fd_sc_hd__dlymetal6s2s                                                                                                   │ 5                          │
│ sky130_fd_sc_hd__fill                                                                                                           │ 235                        │
│ sky130_fd_sc_hd__inv                                                                                                            │ 78                         │
│ sky130_fd_sc_hd__nand2                                                                                                          │ 38                         │
│ sky130_fd_sc_hd__nand2b                                                                                                         │ 5                          │
│ sky130_fd_sc_hd__nand3                                                                                                          │ 3                          │
│ sky130_fd_sc_hd__nand3b                                                                                                         │ 1                          │
│ sky130_fd_sc_hd__nand4                                                                                                          │ 3                          │
│ sky130_fd_sc_hd__nor2                                                                                                           │ 38                         │
│ sky130_fd_sc_hd__nor3                                                                                                           │ 2                          │
│ sky130_fd_sc_hd__o211a                                                                                                          │ 3                          │
│ sky130_fd_sc_hd__o211ai                                                                                                         │ 1                          │
│ sky130_fd_sc_hd__o21a                                                                                                           │ 5                          │
│ sky130_fd_sc_hd__o21ai                                                                                                          │ 7                          │
│ sky130_fd_sc_hd__o21ba                                                                                                          │ 8                          │
│ sky130_fd_sc_hd__o21bai                                                                                                         │ 2                          │
│ sky130_fd_sc_hd__o2bb2a                                                                                                         │ 7                          │
│ sky130_fd_sc_hd__or2                                                                                                            │ 14                         │
│ sky130_fd_sc_hd__or3                                                                                                            │ 4                          │
│ sky130_fd_sc_hd__tapvpwrvgnd                                                                                                    │ 133                        │
│ sky130_fd_sc_hd__xnor2                                                                                                          │ 36                         │
│ sky130_fd_sc_hd__xor2                                                                                                           │ 9                          │
└─────────────────────────────────────────────────────────────────────────────────────────────────────────────────────────────────┴────────────────────────────┘
