[WARNING ORD-0039] .openroad ignored with -python
                                Cells by Master                                 
┏━━━━━━━━━━━━━━━━━━━━━━━━━━━━━━━━━━━━━━━━━━━━━━━━━━━━━━━━━━━━━━━━┳━━━━━━━━━━━━━┓
┃ Cell                                                           ┃ Count       ┃
┡━━━━━━━━━━━━━━━━━━━━━━━━━━━━━━━━━━━━━━━━━━━━━━━━━━━━━━━━━━━━━━━━╇━━━━━━━━━━━━━┩
│ sky130_ef_sc_hd__decap_12                                      │ 164         │
│ sky130_fd_sc_hd__a211oi_1                                      │ 3           │
│ sky130_fd_sc_hd__a21bo_1                                       │ 5           │
│ sky130_fd_sc_hd__a21boi_2                                      │ 1           │
│ sky130_fd_sc_hd__a21o_1                                        │ 4           │
│ sky130_fd_sc_hd__a21oi_1                                       │ 9           │
│ sky130_fd_sc_hd__a22o_1                                        │ 9           │
│ sky130_fd_sc_hd__a22oi_1                                       │ 6           │
│ sky130_fd_sc_hd__a31o_1                                        │ 9           │
│ sky130_fd_sc_hd__a31oi_1                                       │ 1           │
│ sky130_fd_sc_hd__a32o_1                                        │ 1           │
│ sky130_fd_sc_hd__a41o_1                                        │ 2           │
│ sky130_fd_sc_hd__and2_1                                        │ 35          │
│ sky130_fd_sc_hd__and2b_1                                       │ 6           │
│ sky130_fd_sc_hd__and3_1                                        │ 10          │
│ sky130_fd_sc_hd__and4_1                                        │ 14          │
│ sky130_fd_sc_hd__and4b_1                                       │ 1           │
│ sky130_fd_sc_hd__and4bb_1                                      │ 3           │
│ sky130_fd_sc_hd__buf_1                                         │ 3           │
│ sky130_fd_sc_hd__buf_2                                         │ 27          │
│ sky130_fd_sc_hd__buf_4                                         │ 6           │
│ sky130_fd_sc_hd__bufinv_16                                     │ 1           │
│ sky130_fd_sc_hd__clkbuf_1                                      │ 16          │
│ sky130_fd_sc_hd__clkbuf_16                                     │ 9           │
│ sky130_fd_sc_hd__clkbuf_2                                      │ 9           │
│ sky130_fd_sc_hd__clkbuf_4                                      │ 2           │
│ sky130_fd_sc_hd__clkinv_2                                      │ 1           │
│ sky130_fd_sc_hd__clkinv_4                                      │ 2           │
│ sky130_fd_sc_hd__clkinvlp_4                                    │ 1           │
│ sky130_fd_sc_hd__decap_3                                       │ 129         │
│ sky130_fd_sc_hd__decap_4                                       │ 58          │
│ sky130_fd_sc_hd__decap_6                                       │ 55          │
│ sky130_fd_sc_hd__decap_8                                       │ 73          │
│ sky130_fd_sc_hd__dfrtp_1                                       │ 72          │
│ sky130_fd_sc_hd__dlygate4sd3_1                                 │ 7           │
│ sky130_fd_sc_hd__dlymetal6s2s_1                                │ 5           │
│ sky130_fd_sc_hd__fill_1                                        │ 151         │
│ sky130_fd_sc_hd__fill_2                                        │ 84          │
│ sky130_fd_sc_hd__inv_2                                         │ 77          │
│ sky130_fd_sc_hd__inv_6                                         │ 1           │
│ sky130_fd_sc_hd__nand2_1                                       │ 38          │
│ sky130_fd_sc_hd__nand2b_1                                      │ 5           │
│ sky130_fd_sc_hd__nand3_1                                       │ 3           │
│ sky130_fd_sc_hd__nand3b_1                                      │ 1           │
│ sky130_fd_sc_hd__nand4_1                                       │ 3           │
│ sky130_fd_sc_hd__nor2_1                                        │ 38          │
│ sky130_fd_sc_hd__nor3_1                                        │ 2           │
│ sky130_fd_sc_hd__o211a_1                                       │ 3           │
│ sky130_fd_sc_hd__o211ai_1                                      │ 1           │
│ sky130_fd_sc_hd__o21a_1                                        │ 5           │
│ sky130_fd_sc_hd__o21ai_1                                       │ 7           │
│ sky130_fd_sc_hd__o21ba_1                                       │ 8           │
│ sky130_fd_sc_hd__o21bai_1                                      │ 2           │
│ sky130_fd_sc_hd__o2bb2a_1                                      │ 7           │
│ sky130_fd_sc_hd__or2_1                                         │ 14          │
│ sky130_fd_sc_hd__or3_1                                         │ 4           │
│ sky130_fd_sc_hd__tapvpwrvgnd_1                                 │ 133         │
│ sky130_fd_sc_hd__xnor2_1                                       │ 36          │
│ sky130_fd_sc_hd__xor2_1                                        │ 9           │
└────────────────────────────────────────────────────────────────┴─────────────┘
                               Cells by Function                                
┏━━━━━━━━━━━━━━━━━━━━━━━━━━━━━━━━━━━━━━━━━━━━━━━━━━━━━━━━━━━━━━━┳━━━━━━━━━━━━━━┓
┃ Cell Function                                                 ┃ Count        ┃
┡━━━━━━━━━━━━━━━━━━━━━━━━━━━━━━━━━━━━━━━━━━━━━━━━━━━━━━━━━━━━━━━╇━━━━━━━━━━━━━━┩
│ sky130_ef_sc_hd__decap                                        │ 164          │
│ sky130_fd_sc_hd__a211oi                                       │ 3            │
│ sky130_fd_sc_hd__a21bo                                        │ 5            │
│ sky130_fd_sc_hd__a21boi                                       │ 1            │
│ sky130_fd_sc_hd__a21o                                         │ 4            │
│ sky130_fd_sc_hd__a21oi                                        │ 9            │
│ sky130_fd_sc_hd__a22o                                         │ 9            │
│ sky130_fd_sc_hd__a22oi                                        │ 6            │
│ sky130_fd_sc_hd__a31o                                         │ 9            │
│ sky130_fd_sc_hd__a31oi                                        │ 1            │
│ sky130_fd_sc_hd__a32o                                         │ 1            │
│ sky130_fd_sc_hd__a41o                                         │ 2            │
│ sky130_fd_sc_hd__and2                                         │ 35           │
│ sky130_fd_sc_hd__and2b                                        │ 6            │
│ sky130_fd_sc_hd__and3                                         │ 10           │
│ sky130_fd_sc_hd__and4                                         │ 14           │
│ sky130_fd_sc_hd__and4b                                        │ 1            │
│ sky130_fd_sc_hd__and4bb                                       │ 3            │
│ sky130_fd_sc_hd__buf                                          │ 36           │
│ sky130_fd_sc_hd__bufinv                                       │ 1            │
│ sky130_fd_sc_hd__clkbuf                                       │ 36           │
│ sky130_fd_sc_hd__clkinv                                       │ 3            │
│ sky130_fd_sc_hd__clkinvlp                                     │ 1            │
│ sky130_fd_sc_hd__decap                                        │ 315          │
│ sky130_fd_sc_hd__dfrtp                                        │ 72           │
│ sky130_fd_sc_hd__dlygate4sd3                                  │ 7            │
│ sky130_fd_sc_hd__dlymetal6s2s                                 │ 5            │
│ sky130_fd_sc_hd__fill                                         │ 235          │
│ sky130_fd_sc_hd__inv                                          │ 78           │
│ sky130_fd_sc_hd__nand2                                        │ 38           │
│ sky130_fd_sc_hd__nand2b                                       │ 5            │
│ sky130_fd_sc_hd__nand3                                        │ 3            │
│ sky130_fd_sc_hd__nand3b                                       │ 1            │
│ sky130_fd_sc_hd__nand4                                        │ 3            │
│ sky130_fd_sc_hd__nor2                                         │ 38           │
│ sky130_fd_sc_hd__nor3                                         │ 2            │
│ sky130_fd_sc_hd__o211a                                        │ 3            │
│ sky130_fd_sc_hd__o211ai                                       │ 1            │
│ sky130_fd_sc_hd__o21a                                         │ 5            │
│ sky130_fd_sc_hd__o21ai                                        │ 7            │
│ sky130_fd_sc_hd__o21ba                                        │ 8            │
│ sky130_fd_sc_hd__o21bai                                       │ 2            │
│ sky130_fd_sc_hd__o2bb2a                                       │ 7            │
│ sky130_fd_sc_hd__or2                                          │ 14           │
│ sky130_fd_sc_hd__or3                                          │ 4            │
│ sky130_fd_sc_hd__tapvpwrvgnd                                  │ 133          │
│ sky130_fd_sc_hd__xnor2                                        │ 36           │
│ sky130_fd_sc_hd__xor2                                         │ 9            │
└───────────────────────────────────────────────────────────────┴──────────────┘
                                  Cells by SCL                                  
┏━━━━━━━━━━━━━━━━━━━━━━━━━━━━━━━━━━━━━━━━━━━━━━━━━━━━━━━┳━━━━━━━━━━━━━━━━━━━━━━┓
┃ SCL                                                   ┃ Count                ┃
┡━━━━━━━━━━━━━━━━━━━━━━━━━━━━━━━━━━━━━━━━━━━━━━━━━━━━━━━╇━━━━━━━━━━━━━━━━━━━━━━┩
│ sky130_ef_sc_hd                                       │ 164                  │
│ sky130_fd_sc_hd                                       │ 1227                 │
└───────────────────────────────────────────────────────┴──────────────────────┘
                             Buffers by Cell Master                             
┏━━━━━━━━━━━━━━━━━━━━━━━━━━━━━━━━━━━━━━━━━━━━━━━━━━━━━━━━━━━━━━━━┳━━━━━━━━━━━━━┓
┃ Buffer                                                         ┃ Count       ┃
┡━━━━━━━━━━━━━━━━━━━━━━━━━━━━━━━━━━━━━━━━━━━━━━━━━━━━━━━━━━━━━━━━╇━━━━━━━━━━━━━┩
│ sky130_fd_sc_hd__buf_1                                         │ 3           │
│ sky130_fd_sc_hd__buf_2                                         │ 27          │
│ sky130_fd_sc_hd__buf_4                                         │ 6           │
│ sky130_fd_sc_hd__clkbuf_1                                      │ 16          │
│ sky130_fd_sc_hd__clkbuf_16                                     │ 9           │
│ sky130_fd_sc_hd__clkbuf_2                                      │ 9           │
│ sky130_fd_sc_hd__clkbuf_4                                      │ 2           │
│ sky130_fd_sc_hd__dlygate4sd3_1                                 │ 7           │
│ sky130_fd_sc_hd__dlymetal6s2s_1                                │ 5           │
└────────────────────────────────────────────────────────────────┴─────────────┘
