Clock: clk
Sources: clk 
Generated: no
Virtual: yes
Propagated: no
Period: 8.333000

===========================================================================
report_clock_properties
============================================================================
Clock                   Period          Waveform
----------------------------------------------------
clk                   8.333000    0.000000  4.166500

===========================================================================
report_clock_latency
============================================================================
Clock clk
rise -> rise
    min     max
0.000000 0.000000 source latency
0.292017         network latency _816_/CLK
        0.298449 network latency _811_/CLK
---------------
0.292017 0.298449 latency
        0.006431 skew

fall -> fall
    min     max
0.000000 0.000000 source latency
0.260074         network latency _816_/CLK
        0.265863 network latency _811_/CLK
---------------
0.260074 0.265863 latency
        0.005789 skew



===========================================================================
report_clock_min_period
============================================================================
clk period_min = 2.26 fmax = 442.79
