87. Printing statistics.

=== mult ===

   Number of wires:                346
   Number of wire bits:            404
   Number of public wires:           8
   Number of public wire bits:      66
   Number of ports:                  5
   Number of port bits:             34
   Number of memories:               0
   Number of memory bits:            0
   Number of processes:              0
   Number of cells:                386
     $_ANDNOT_                      97
     $_AND_                         55
     $_DFF_PP0_                     32
     $_NAND_                        25
     $_NOR_                         12
     $_NOT_                          7
     $_ORNOT_                       10
     $_OR_                          37
     $_XNOR_                        25
     $_XOR_                         86

   Area for cell type $_NOT_ is unknown!
   Area for cell type $_AND_ is unknown!
   Area for cell type $_NAND_ is unknown!
   Area for cell type $_OR_ is unknown!
   Area for cell type $_NOR_ is unknown!
   Area for cell type $_XOR_ is unknown!
   Area for cell type $_XNOR_ is unknown!
   Area for cell type $_ANDNOT_ is unknown!
   Area for cell type $_ORNOT_ is unknown!
   Area for cell type $_DFF_PP0_ is unknown!

