101. Printing statistics.

=== mult ===

   Number of wires:                358
   Number of wire bits:            387
   Number of public wires:          37
   Number of public wire bits:      66
   Number of ports:                  5
   Number of port bits:             34
   Number of memories:               0
   Number of memory bits:            0
   Number of processes:              0
   Number of cells:                369
     sky130_fd_sc_hd__a211o_2        2
     sky130_fd_sc_hd__a211oi_2       2
     sky130_fd_sc_hd__a21bo_2        6
     sky130_fd_sc_hd__a21boi_2       2
     sky130_fd_sc_hd__a21o_2        20
     sky130_fd_sc_hd__a21oi_2       12
     sky130_fd_sc_hd__a221o_2        1
     sky130_fd_sc_hd__a22o_2        10
     sky130_fd_sc_hd__a22oi_2        7
     sky130_fd_sc_hd__a31o_2         9
     sky130_fd_sc_hd__a31oi_2        1
     sky130_fd_sc_hd__a41o_2         1
     sky130_fd_sc_hd__and2_2        21
     sky130_fd_sc_hd__and2b_2        7
     sky130_fd_sc_hd__and3_2        16
     sky130_fd_sc_hd__and4_2        12
     sky130_fd_sc_hd__and4b_2        1
     sky130_fd_sc_hd__dfrtp_2       32
     sky130_fd_sc_hd__inv_2         37
     sky130_fd_sc_hd__mux2_1         1
     sky130_fd_sc_hd__nand2_2       27
     sky130_fd_sc_hd__nand2b_2       8
     sky130_fd_sc_hd__nand3_2       14
     sky130_fd_sc_hd__nand3b_2       1
     sky130_fd_sc_hd__nand4_2        3
     sky130_fd_sc_hd__nor2_2        26
     sky130_fd_sc_hd__nor3_2         4
     sky130_fd_sc_hd__nor3b_2        2
     sky130_fd_sc_hd__o211a_2        3
     sky130_fd_sc_hd__o211ai_2       1
     sky130_fd_sc_hd__o21a_2         5
     sky130_fd_sc_hd__o21ai_2        5
     sky130_fd_sc_hd__o21ba_2        1
     sky130_fd_sc_hd__o21bai_2       6
     sky130_fd_sc_hd__o22ai_2        1
     sky130_fd_sc_hd__o2bb2a_2       1
     sky130_fd_sc_hd__o311a_2        1
     sky130_fd_sc_hd__o32a_2         1
     sky130_fd_sc_hd__or2_2         10
     sky130_fd_sc_hd__or3_2          3
     sky130_fd_sc_hd__or4_2          1
     sky130_fd_sc_hd__xnor2_2       30
     sky130_fd_sc_hd__xor2_2        15

   Chip area for module '\mult': 3906.246400
     of which used for sequential elements: 840.806400 (21.52%)

