
===========================================================================
report_checks -unconstrained
===========================================================================
======================= nom_tt_025C_1v80 Corner ===================================

Startpoint: _682_ (rising edge-triggered flip-flop clocked by clk)
Endpoint: product[1] (output port clocked by clk)
Path Group: clk
Path Type: max

Fanout         Cap        Slew       Delay        Time   Description
---------------------------------------------------------------------------------------------
                                  0.000000    0.000000   clock clk (rise edge)
                                  0.000000    0.000000   clock source latency
    32    0.084693    0.250000    0.000000    0.000000 ^ clk (in)
                                                         clk (net)
                      0.252633    0.001316    0.001316 ^ _682_/CLK (sky130_fd_sc_hd__dfrtp_2)
     1    0.001081    0.032762    0.435430    0.436747 v _682_/Q (sky130_fd_sc_hd__dfrtp_2)
                                                         product[1] (net)
                      0.032762    0.000004    0.436750 v product[1] (out)
                                              0.436750   data arrival time

                                 25.000000   25.000000   clock clk (rise edge)
                                  0.000000   25.000000   clock network delay (propagated)
                                 -0.250000   24.750000   clock uncertainty
                                  0.000000   24.750000   clock reconvergence pessimism
                                -18.750000    6.000000   output external delay
                                              6.000000   data required time
---------------------------------------------------------------------------------------------
                                              6.000000   data required time
                                             -0.436750   data arrival time
---------------------------------------------------------------------------------------------
                                              5.563251   slack (MET)




===========================================================================
report_checks --slack_max -0.01
============================================================================
======================= nom_tt_025C_1v80 Corner ===================================

No paths found.


===========================================================================
 report_check_types -max_slew -max_cap -max_fanout -violators
============================================================================
======================= nom_tt_025C_1v80 Corner ===================================

max fanout

Pin                                   Limit Fanout  Slack
---------------------------------------------------------
clk                                      10     32    -22 (VIOLATED)
rst                                      10     32    -22 (VIOLATED)
_676_/Q                                  10     17     -7 (VIOLATED)
_677_/Q                                  10     17     -7 (VIOLATED)
_674_/Q                                  10     16     -6 (VIOLATED)
_679_/Q                                  10     16     -6 (VIOLATED)
_666_/Q                                  10     15     -5 (VIOLATED)
_667_/Q                                  10     15     -5 (VIOLATED)
_668_/Q                                  10     15     -5 (VIOLATED)
_671_/Q                                  10     15     -5 (VIOLATED)
_672_/Q                                  10     15     -5 (VIOLATED)
_670_/Q                                  10     14     -4 (VIOLATED)
_673_/Q                                  10     14     -4 (VIOLATED)
_678_/Q                                  10     14     -4 (VIOLATED)
_665_/Q                                  10     13     -3 (VIOLATED)
_669_/Q                                  10     12     -2 (VIOLATED)
_680_/Q                                  10     12     -2 (VIOLATED)



===========================================================================
report_parasitic_annotation -report_unannotated
============================================================================
Found 0 unannotated drivers.
Found 0 partially unannotated drivers.

===========================================================================
max slew violation count 0
Writing metric design__max_slew_violation__count__corner:nom_tt_025C_1v80: 0
max fanout violation count 17
Writing metric design__max_fanout_violation__count__corner:nom_tt_025C_1v80: 17
max cap violation count 0
Writing metric design__max_cap_violation__count__corner:nom_tt_025C_1v80: 0
============================================================================

===========================================================================
check_setup -verbose -unconstrained_endpoints -multiple_clock -no_clock -no_input_delay -loops -generated_clocks
===========================================================================
Warning: There is 1 input port missing set_input_delay.
  rst
