
===========================================================================
report_checks -path_delay min (Hold)
============================================================================
======================= nom_tt_025C_1v80 Corner ===================================

Startpoint: _673_ (rising edge-triggered flip-flop clocked by clk)
Endpoint: _681_ (rising edge-triggered flip-flop clocked by clk)
Path Group: clk
Path Type: min

Fanout         Cap        Slew       Delay        Time   Description
---------------------------------------------------------------------------------------------
                                  0.000000    0.000000   clock clk (rise edge)
                                  0.000000    0.000000   clock source latency
    32    0.084693    0.250000    0.000000    0.000000 ^ clk (in)
                                                         clk (net)
                      0.252557    0.001279    0.001279 ^ _673_/CLK (sky130_fd_sc_hd__dfrtp_2)
    14    0.042427    0.125099    0.554192    0.555471 v _673_/Q (sky130_fd_sc_hd__dfrtp_2)
                                                         b_reg[0] (net)
                      0.125099    0.000076    0.555547 v _322_/A (sky130_fd_sc_hd__and2_2)
     2    0.003712    0.037892    0.201757    0.757305 v _322_/X (sky130_fd_sc_hd__and2_2)
                                                         product_reg[0] (net)
                      0.037892    0.000002    0.757306 v _681_/D (sky130_fd_sc_hd__dfrtp_2)
                                              0.757306   data arrival time

                                  0.000000    0.000000   clock clk (rise edge)
                                  0.000000    0.000000   clock source latency
    32    0.084693    0.250000    0.000000    0.000000 ^ clk (in)
                                                         clk (net)
                      0.252624    0.001312    0.001312 ^ _681_/CLK (sky130_fd_sc_hd__dfrtp_2)
                                  0.125000    0.126312   clock uncertainty
                                  0.000000    0.126312   clock reconvergence pessimism
                                  0.008134    0.134446   library hold time
                                              0.134446   data required time
---------------------------------------------------------------------------------------------
                                              0.134446   data required time
                                             -0.757306   data arrival time
---------------------------------------------------------------------------------------------
                                              0.622861   slack (MET)


Startpoint: _665_ (rising edge-triggered flip-flop clocked by clk)
Endpoint: _682_ (rising edge-triggered flip-flop clocked by clk)
Path Group: clk
Path Type: min

Fanout         Cap        Slew       Delay        Time   Description
---------------------------------------------------------------------------------------------
                                  0.000000    0.000000   clock clk (rise edge)
                                  0.000000    0.000000   clock source latency
    32    0.084693    0.250000    0.000000    0.000000 ^ clk (in)
                                                         clk (net)
                      0.252601    0.001301    0.001301 ^ _665_/CLK (sky130_fd_sc_hd__dfrtp_2)
    13    0.047264    0.229905    0.560556    0.561857 ^ _665_/Q (sky130_fd_sc_hd__dfrtp_2)
                                                         a_reg[0] (net)
                      0.229905    0.000146    0.562003 ^ _323_/B2 (sky130_fd_sc_hd__a22oi_2)
     1    0.004363    0.068078    0.085788    0.647791 v _323_/Y (sky130_fd_sc_hd__a22oi_2)
                                                         _292_ (net)
                      0.068078    0.000004    0.647795 v _325_/A (sky130_fd_sc_hd__nor2_2)
     1    0.002209    0.055719    0.096614    0.744409 ^ _325_/Y (sky130_fd_sc_hd__nor2_2)
                                                         product_reg[1] (net)
                      0.055719    0.000002    0.744411 ^ _682_/D (sky130_fd_sc_hd__dfrtp_2)
                                              0.744411   data arrival time

                                  0.000000    0.000000   clock clk (rise edge)
                                  0.000000    0.000000   clock source latency
    32    0.084693    0.250000    0.000000    0.000000 ^ clk (in)
                                                         clk (net)
                      0.252633    0.001316    0.001316 ^ _682_/CLK (sky130_fd_sc_hd__dfrtp_2)
                                  0.125000    0.126316   clock uncertainty
                                  0.000000    0.126316   clock reconvergence pessimism
                                 -0.008469    0.117848   library hold time
                                              0.117848   data required time
---------------------------------------------------------------------------------------------
                                              0.117848   data required time
                                             -0.744411   data arrival time
---------------------------------------------------------------------------------------------
                                              0.626564   slack (MET)


Startpoint: _680_ (rising edge-triggered flip-flop clocked by clk)
Endpoint: _664_ (rising edge-triggered flip-flop clocked by clk)
Path Group: clk
Path Type: min

Fanout         Cap        Slew       Delay        Time   Description
---------------------------------------------------------------------------------------------
                                  0.000000    0.000000   clock clk (rise edge)
                                  0.000000    0.000000   clock source latency
    32    0.084693    0.250000    0.000000    0.000000 ^ clk (in)
                                                         clk (net)
                      0.250731    0.000365    0.000365 ^ _680_/CLK (sky130_fd_sc_hd__dfrtp_2)
    12    0.040908    0.201027    0.539616    0.539981 ^ _680_/Q (sky130_fd_sc_hd__dfrtp_2)
                                                         b_reg[7] (net)
                      0.201027    0.000060    0.540042 ^ _623_/B1 (sky130_fd_sc_hd__o311a_2)
     1    0.002457    0.035316    0.200294    0.740335 ^ _623_/X (sky130_fd_sc_hd__o311a_2)
                                                         _290_ (net)
                      0.035316    0.000013    0.740348 ^ _624_/B (sky130_fd_sc_hd__or2_2)
     1    0.002688    0.029168    0.089023    0.829371 ^ _624_/X (sky130_fd_sc_hd__or2_2)
                                                         product_reg[15] (net)
                      0.029168    0.000007    0.829378 ^ _664_/D (sky130_fd_sc_hd__dfrtp_2)
                                              0.829378   data arrival time

                                  0.000000    0.000000   clock clk (rise edge)
                                  0.000000    0.000000   clock source latency
    32    0.084693    0.250000    0.000000    0.000000 ^ clk (in)
                                                         clk (net)
                      0.250411    0.000205    0.000205 ^ _664_/CLK (sky130_fd_sc_hd__dfrtp_2)
                                  0.125000    0.125205   clock uncertainty
                                  0.000000    0.125205   clock reconvergence pessimism
                                 -0.003412    0.121793   library hold time
                                              0.121793   data required time
---------------------------------------------------------------------------------------------
                                              0.121793   data required time
                                             -0.829378   data arrival time
---------------------------------------------------------------------------------------------
                                              0.707585   slack (MET)


Startpoint: _665_ (rising edge-triggered flip-flop clocked by clk)
Endpoint: _684_ (rising edge-triggered flip-flop clocked by clk)
Path Group: clk
Path Type: min

Fanout         Cap        Slew       Delay        Time   Description
---------------------------------------------------------------------------------------------
                                  0.000000    0.000000   clock clk (rise edge)
                                  0.000000    0.000000   clock source latency
    32    0.084693    0.250000    0.000000    0.000000 ^ clk (in)
                                                         clk (net)
                      0.252601    0.001301    0.001301 ^ _665_/CLK (sky130_fd_sc_hd__dfrtp_2)
    13    0.044179    0.128881    0.557260    0.558561 v _665_/Q (sky130_fd_sc_hd__dfrtp_2)
                                                         a_reg[0] (net)
                      0.128881    0.000286    0.558847 v _343_/A1 (sky130_fd_sc_hd__a21oi_2)
     1    0.001741    0.059581    0.129322    0.688169 ^ _343_/Y (sky130_fd_sc_hd__a21oi_2)
                                                         _310_ (net)
                      0.059581    0.000002    0.688171 ^ _344_/B (sky130_fd_sc_hd__or2_2)
     2    0.006584    0.047554    0.114097    0.802268 ^ _344_/X (sky130_fd_sc_hd__or2_2)
                                                         _311_ (net)
                      0.047554    0.000007    0.802276 ^ _345_/B (sky130_fd_sc_hd__nor2_2)
     3    0.010605    0.030301    0.045128    0.847403 v _345_/Y (sky130_fd_sc_hd__nor2_2)
                                                         _312_ (net)
                      0.030301    0.000004    0.847408 v _347_/A (sky130_fd_sc_hd__nor2_2)
     1    0.002126    0.054673    0.080418    0.927826 ^ _347_/Y (sky130_fd_sc_hd__nor2_2)
                                                         product_reg[3] (net)
                      0.054673    0.000001    0.927827 ^ _684_/D (sky130_fd_sc_hd__dfrtp_2)
                                              0.927827   data arrival time

                                  0.000000    0.000000   clock clk (rise edge)
                                  0.000000    0.000000   clock source latency
    32    0.084693    0.250000    0.000000    0.000000 ^ clk (in)
                                                         clk (net)
                      0.251875    0.000938    0.000938 ^ _684_/CLK (sky130_fd_sc_hd__dfrtp_2)
                                  0.125000    0.125938   clock uncertainty
                                  0.000000    0.125938   clock reconvergence pessimism
                                 -0.008361    0.117577   library hold time
                                              0.117577   data required time
---------------------------------------------------------------------------------------------
                                              0.117577   data required time
                                             -0.927827   data arrival time
---------------------------------------------------------------------------------------------
                                              0.810250   slack (MET)


Startpoint: _665_ (rising edge-triggered flip-flop clocked by clk)
Endpoint: _683_ (rising edge-triggered flip-flop clocked by clk)
Path Group: clk
Path Type: min

Fanout         Cap        Slew       Delay        Time   Description
---------------------------------------------------------------------------------------------
                                  0.000000    0.000000   clock clk (rise edge)
                                  0.000000    0.000000   clock source latency
    32    0.084693    0.250000    0.000000    0.000000 ^ clk (in)
                                                         clk (net)
                      0.252601    0.001301    0.001301 ^ _665_/CLK (sky130_fd_sc_hd__dfrtp_2)
    13    0.044179    0.128881    0.557260    0.558561 v _665_/Q (sky130_fd_sc_hd__dfrtp_2)
                                                         a_reg[0] (net)
                      0.128881    0.000247    0.558808 v _326_/A (sky130_fd_sc_hd__nand2_2)
     1    0.009177    0.069029    0.106412    0.665220 ^ _326_/Y (sky130_fd_sc_hd__nand2_2)
                                                         _294_ (net)
                      0.069029    0.000006    0.665226 ^ _330_/A (sky130_fd_sc_hd__xnor2_2)
     2    0.005672    0.041066    0.074417    0.739644 v _330_/Y (sky130_fd_sc_hd__xnor2_2)
                                                         _298_ (net)
                      0.041066    0.000002    0.739646 v _331_/B (sky130_fd_sc_hd__nand2_2)
     3    0.008397    0.054245    0.074792    0.814438 ^ _331_/Y (sky130_fd_sc_hd__nand2_2)
                                                         _299_ (net)
                      0.054245    0.000005    0.814443 ^ _333_/A (sky130_fd_sc_hd__and2_2)
     1    0.002240    0.035045    0.123399    0.937842 ^ _333_/X (sky130_fd_sc_hd__and2_2)
                                                         product_reg[2] (net)
                      0.035045    0.000002    0.937844 ^ _683_/D (sky130_fd_sc_hd__dfrtp_2)
                                              0.937844   data arrival time

                                  0.000000    0.000000   clock clk (rise edge)
                                  0.000000    0.000000   clock source latency
    32    0.084693    0.250000    0.000000    0.000000 ^ clk (in)
                                                         clk (net)
                      0.251891    0.000945    0.000945 ^ _683_/CLK (sky130_fd_sc_hd__dfrtp_2)
                                  0.125000    0.125945   clock uncertainty
                                  0.000000    0.125945   clock reconvergence pessimism
                                 -0.004397    0.121548   library hold time
                                              0.121548   data required time
---------------------------------------------------------------------------------------------
                                              0.121548   data required time
                                             -0.937844   data arrival time
---------------------------------------------------------------------------------------------
                                              0.816296   slack (MET)


Startpoint: _665_ (rising edge-triggered flip-flop clocked by clk)
Endpoint: _685_ (rising edge-triggered flip-flop clocked by clk)
Path Group: clk
Path Type: min

Fanout         Cap        Slew       Delay        Time   Description
---------------------------------------------------------------------------------------------
                                  0.000000    0.000000   clock clk (rise edge)
                                  0.000000    0.000000   clock source latency
    32    0.084693    0.250000    0.000000    0.000000 ^ clk (in)
                                                         clk (net)
                      0.252601    0.001301    0.001301 ^ _665_/CLK (sky130_fd_sc_hd__dfrtp_2)
    13    0.044179    0.128881    0.557260    0.558561 v _665_/Q (sky130_fd_sc_hd__dfrtp_2)
                                                         a_reg[0] (net)
                      0.128881    0.000286    0.558847 v _343_/A1 (sky130_fd_sc_hd__a21oi_2)
     1    0.001741    0.059581    0.129322    0.688169 ^ _343_/Y (sky130_fd_sc_hd__a21oi_2)
                                                         _310_ (net)
                      0.059581    0.000002    0.688171 ^ _344_/B (sky130_fd_sc_hd__or2_2)
     2    0.006584    0.047554    0.114097    0.802268 ^ _344_/X (sky130_fd_sc_hd__or2_2)
                                                         _311_ (net)
                      0.047554    0.000007    0.802276 ^ _345_/B (sky130_fd_sc_hd__nor2_2)
     3    0.010605    0.030301    0.045128    0.847403 v _345_/Y (sky130_fd_sc_hd__nor2_2)
                                                         _312_ (net)
                      0.030301    0.000028    0.847431 v _365_/A (sky130_fd_sc_hd__nor2_2)
     1    0.004937    0.083646    0.101906    0.949337 ^ _365_/Y (sky130_fd_sc_hd__nor2_2)
                                                         _042_ (net)
                      0.083646    0.000005    0.949343 ^ _366_/B (sky130_fd_sc_hd__nor2_2)
     1    0.002101    0.021973    0.033322    0.982665 v _366_/Y (sky130_fd_sc_hd__nor2_2)
                                                         product_reg[4] (net)
                      0.021973    0.000002    0.982666 v _685_/D (sky130_fd_sc_hd__dfrtp_2)
                                              0.982666   data arrival time

                                  0.000000    0.000000   clock clk (rise edge)
                                  0.000000    0.000000   clock source latency
    32    0.084693    0.250000    0.000000    0.000000 ^ clk (in)
                                                         clk (net)
                      0.251840    0.000920    0.000920 ^ _685_/CLK (sky130_fd_sc_hd__dfrtp_2)
                                  0.125000    0.125920   clock uncertainty
                                  0.000000    0.125920   clock reconvergence pessimism
                                  0.014419    0.140339   library hold time
                                              0.140339   data required time
---------------------------------------------------------------------------------------------
                                              0.140339   data required time
                                             -0.982666   data arrival time
---------------------------------------------------------------------------------------------
                                              0.842327   slack (MET)


Startpoint: _680_ (rising edge-triggered flip-flop clocked by clk)
Endpoint: _663_ (rising edge-triggered flip-flop clocked by clk)
Path Group: clk
Path Type: min

Fanout         Cap        Slew       Delay        Time   Description
---------------------------------------------------------------------------------------------
                                  0.000000    0.000000   clock clk (rise edge)
                                  0.000000    0.000000   clock source latency
    32    0.084693    0.250000    0.000000    0.000000 ^ clk (in)
                                                         clk (net)
                      0.250731    0.000365    0.000365 ^ _680_/CLK (sky130_fd_sc_hd__dfrtp_2)
    12    0.040908    0.201027    0.539616    0.539981 ^ _680_/Q (sky130_fd_sc_hd__dfrtp_2)
                                                         b_reg[7] (net)
                      0.201027    0.000190    0.540171 ^ _616_/B (sky130_fd_sc_hd__and3_2)
     1    0.010240    0.075569    0.240739    0.780910 ^ _616_/X (sky130_fd_sc_hd__and3_2)
                                                         _284_ (net)
                      0.075569    0.000078    0.780988 ^ _618_/A (sky130_fd_sc_hd__xnor2_2)
     2    0.012231    0.075531    0.141263    0.922251 ^ _618_/Y (sky130_fd_sc_hd__xnor2_2)
                                                         _286_ (net)
                      0.075531    0.000052    0.922303 ^ _622_/A (sky130_fd_sc_hd__xnor2_2)
     1    0.002467    0.028089    0.064631    0.986935 v _622_/Y (sky130_fd_sc_hd__xnor2_2)
                                                         product_reg[14] (net)
                      0.028089    0.000008    0.986942 v _663_/D (sky130_fd_sc_hd__dfrtp_2)
                                              0.986942   data arrival time

                                  0.000000    0.000000   clock clk (rise edge)
                                  0.000000    0.000000   clock source latency
    32    0.084693    0.250000    0.000000    0.000000 ^ clk (in)
                                                         clk (net)
                      0.250520    0.000260    0.000260 ^ _663_/CLK (sky130_fd_sc_hd__dfrtp_2)
                                  0.125000    0.125260   clock uncertainty
                                  0.000000    0.125260   clock reconvergence pessimism
                                  0.011634    0.136894   library hold time
                                              0.136894   data required time
---------------------------------------------------------------------------------------------
                                              0.136894   data required time
                                             -0.986942   data arrival time
---------------------------------------------------------------------------------------------
                                              0.850048   slack (MET)


Startpoint: _665_ (rising edge-triggered flip-flop clocked by clk)
Endpoint: _688_ (rising edge-triggered flip-flop clocked by clk)
Path Group: clk
Path Type: min

Fanout         Cap        Slew       Delay        Time   Description
---------------------------------------------------------------------------------------------
                                  0.000000    0.000000   clock clk (rise edge)
                                  0.000000    0.000000   clock source latency
    32    0.084693    0.250000    0.000000    0.000000 ^ clk (in)
                                                         clk (net)
                      0.252601    0.001301    0.001301 ^ _665_/CLK (sky130_fd_sc_hd__dfrtp_2)
    13    0.044179    0.128881    0.557260    0.558561 v _665_/Q (sky130_fd_sc_hd__dfrtp_2)
                                                         a_reg[0] (net)
                      0.128882    0.000610    0.559170 v _389_/B1 (sky130_fd_sc_hd__o211a_2)
     4    0.013958    0.050809    0.198073    0.757243 v _389_/X (sky130_fd_sc_hd__o211a_2)
                                                         _065_ (net)
                      0.050809    0.000046    0.757289 v _452_/A (sky130_fd_sc_hd__nand3_2)
     3    0.009049    0.061892    0.074755    0.832044 ^ _452_/Y (sky130_fd_sc_hd__nand3_2)
                                                         _127_ (net)
                      0.061892    0.000012    0.832055 ^ _454_/A1 (sky130_fd_sc_hd__a21oi_2)
     1    0.004318    0.034282    0.051386    0.883441 v _454_/Y (sky130_fd_sc_hd__a21oi_2)
                                                         _129_ (net)
                      0.034282    0.000003    0.883444 v _457_/A (sky130_fd_sc_hd__nor2_2)
     1    0.009512    0.130244    0.138037    1.021482 ^ _457_/Y (sky130_fd_sc_hd__nor2_2)
                                                         _132_ (net)
                      0.130244    0.000007    1.021489 ^ _459_/A (sky130_fd_sc_hd__xor2_2)
     1    0.002308    0.029068    0.076429    1.097918 v _459_/X (sky130_fd_sc_hd__xor2_2)
                                                         product_reg[7] (net)
                      0.029068    0.000004    1.097922 v _688_/D (sky130_fd_sc_hd__dfrtp_2)
                                              1.097922   data arrival time

                                  0.000000    0.000000   clock clk (rise edge)
                                  0.000000    0.000000   clock source latency
    32    0.084693    0.250000    0.000000    0.000000 ^ clk (in)
                                                         clk (net)
                      0.251601    0.000800    0.000800 ^ _688_/CLK (sky130_fd_sc_hd__dfrtp_2)
                                  0.125000    0.125800   clock uncertainty
                                  0.000000    0.125800   clock reconvergence pessimism
                                  0.011483    0.137284   library hold time
                                              0.137284   data required time
---------------------------------------------------------------------------------------------
                                              0.137284   data required time
                                             -1.097922   data arrival time
---------------------------------------------------------------------------------------------
                                              0.960638   slack (MET)


Startpoint: _680_ (rising edge-triggered flip-flop clocked by clk)
Endpoint: _661_ (rising edge-triggered flip-flop clocked by clk)
Path Group: clk
Path Type: min

Fanout         Cap        Slew       Delay        Time   Description
---------------------------------------------------------------------------------------------
                                  0.000000    0.000000   clock clk (rise edge)
                                  0.000000    0.000000   clock source latency
    32    0.084693    0.250000    0.000000    0.000000 ^ clk (in)
                                                         clk (net)
                      0.250731    0.000365    0.000365 ^ _680_/CLK (sky130_fd_sc_hd__dfrtp_2)
    12    0.040908    0.201027    0.539616    0.539981 ^ _680_/Q (sky130_fd_sc_hd__dfrtp_2)
                                                         b_reg[7] (net)
                      0.201027    0.000488    0.540470 ^ _554_/A2 (sky130_fd_sc_hd__a31o_2)
     2    0.016054    0.098315    0.239011    0.779481 ^ _554_/X (sky130_fd_sc_hd__a31o_2)
                                                         _225_ (net)
                      0.098315    0.000224    0.779705 ^ _572_/A (sky130_fd_sc_hd__nand2_2)
     2    0.006765    0.047325    0.062883    0.842588 v _572_/Y (sky130_fd_sc_hd__nand2_2)
                                                         _243_ (net)
                      0.047325    0.000008    0.842596 v _594_/B (sky130_fd_sc_hd__nand3_2)
     1    0.004889    0.041856    0.070020    0.912615 ^ _594_/Y (sky130_fd_sc_hd__nand3_2)
                                                         _264_ (net)
                      0.041856    0.000008    0.912623 ^ _595_/B (sky130_fd_sc_hd__nand2_2)
     2    0.010594    0.049966    0.064503    0.977127 v _595_/Y (sky130_fd_sc_hd__nand2_2)
                                                         _265_ (net)
                      0.049966    0.000041    0.977167 v _601_/A (sky130_fd_sc_hd__xnor2_2)
     1    0.002532    0.028339    0.124248    1.101415 v _601_/Y (sky130_fd_sc_hd__xnor2_2)
                                                         product_reg[12] (net)
                      0.028339    0.000009    1.101424 v _661_/D (sky130_fd_sc_hd__dfrtp_2)
                                              1.101424   data arrival time

                                  0.000000    0.000000   clock clk (rise edge)
                                  0.000000    0.000000   clock source latency
    32    0.084693    0.250000    0.000000    0.000000 ^ clk (in)
                                                         clk (net)
                      0.250772    0.000386    0.000386 ^ _661_/CLK (sky130_fd_sc_hd__dfrtp_2)
                                  0.125000    0.125386   clock uncertainty
                                  0.000000    0.125386   clock reconvergence pessimism
                                  0.011591    0.136976   library hold time
                                              0.136976   data required time
---------------------------------------------------------------------------------------------
                                              0.136976   data required time
                                             -1.101424   data arrival time
---------------------------------------------------------------------------------------------
                                              0.964448   slack (MET)


Startpoint: _667_ (rising edge-triggered flip-flop clocked by clk)
Endpoint: _659_ (rising edge-triggered flip-flop clocked by clk)
Path Group: clk
Path Type: min

Fanout         Cap        Slew       Delay        Time   Description
---------------------------------------------------------------------------------------------
                                  0.000000    0.000000   clock clk (rise edge)
                                  0.000000    0.000000   clock source latency
    32    0.084693    0.250000    0.000000    0.000000 ^ clk (in)
                                                         clk (net)
                      0.252534    0.001267    0.001267 ^ _667_/CLK (sky130_fd_sc_hd__dfrtp_2)
    15    0.048371    0.137884    0.564782    0.566049 v _667_/Q (sky130_fd_sc_hd__dfrtp_2)
                                                         a_reg[2] (net)
                      0.137885    0.000729    0.566778 v _495_/A1 (sky130_fd_sc_hd__a31o_2)
     2    0.014105    0.059544    0.268018    0.834796 v _495_/X (sky130_fd_sc_hd__a31o_2)
                                                         _168_ (net)
                      0.059544    0.000105    0.834901 v _516_/A (sky130_fd_sc_hd__nand2_2)
     2    0.006952    0.049839    0.068376    0.903278 ^ _516_/Y (sky130_fd_sc_hd__nand2_2)
                                                         _189_ (net)
                      0.049839    0.000011    0.903289 ^ _548_/A2 (sky130_fd_sc_hd__a21oi_2)
     3    0.009274    0.031454    0.065343    0.968631 v _548_/Y (sky130_fd_sc_hd__a21oi_2)
                                                         _220_ (net)
                      0.031454    0.000038    0.968669 v _549_/B (sky130_fd_sc_hd__nor2_2)
     1    0.009380    0.128925    0.114893    1.083563 ^ _549_/Y (sky130_fd_sc_hd__nor2_2)
                                                         _221_ (net)
                      0.128925    0.000018    1.083581 ^ _553_/A (sky130_fd_sc_hd__xnor2_2)
     1    0.002480    0.031562    0.076390    1.159971 v _553_/Y (sky130_fd_sc_hd__xnor2_2)
                                                         product_reg[10] (net)
                      0.031562    0.000007    1.159978 v _659_/D (sky130_fd_sc_hd__dfrtp_2)
                                              1.159978   data arrival time

                                  0.000000    0.000000   clock clk (rise edge)
                                  0.000000    0.000000   clock source latency
    32    0.084693    0.250000    0.000000    0.000000 ^ clk (in)
                                                         clk (net)
                      0.251015    0.000507    0.000507 ^ _659_/CLK (sky130_fd_sc_hd__dfrtp_2)
                                  0.125000    0.125507   clock uncertainty
                                  0.000000    0.125507   clock reconvergence pessimism
                                  0.010337    0.135845   library hold time
                                              0.135845   data required time
---------------------------------------------------------------------------------------------
                                              0.135845   data required time
                                             -1.159978   data arrival time
---------------------------------------------------------------------------------------------
                                              1.024133   slack (MET)


Startpoint: _665_ (rising edge-triggered flip-flop clocked by clk)
Endpoint: _689_ (rising edge-triggered flip-flop clocked by clk)
Path Group: clk
Path Type: min

Fanout         Cap        Slew       Delay        Time   Description
---------------------------------------------------------------------------------------------
                                  0.000000    0.000000   clock clk (rise edge)
                                  0.000000    0.000000   clock source latency
    32    0.084693    0.250000    0.000000    0.000000 ^ clk (in)
                                                         clk (net)
                      0.252601    0.001301    0.001301 ^ _665_/CLK (sky130_fd_sc_hd__dfrtp_2)
    13    0.044179    0.128881    0.557260    0.558561 v _665_/Q (sky130_fd_sc_hd__dfrtp_2)
                                                         a_reg[0] (net)
                      0.128882    0.000610    0.559170 v _389_/B1 (sky130_fd_sc_hd__o211a_2)
     4    0.013958    0.050809    0.198073    0.757243 v _389_/X (sky130_fd_sc_hd__o211a_2)
                                                         _065_ (net)
                      0.050809    0.000046    0.757289 v _452_/A (sky130_fd_sc_hd__nand3_2)
     3    0.009049    0.061892    0.074755    0.832044 ^ _452_/Y (sky130_fd_sc_hd__nand3_2)
                                                         _127_ (net)
                      0.061892    0.000012    0.832056 ^ _455_/A1 (sky130_fd_sc_hd__a21o_2)
     1    0.002674    0.028386    0.110258    0.942314 ^ _455_/X (sky130_fd_sc_hd__a21o_2)
                                                         _130_ (net)
                      0.028386    0.000003    0.942317 ^ _492_/A1 (sky130_fd_sc_hd__a21o_2)
     4    0.020775    0.108403    0.166680    1.108997 ^ _492_/X (sky130_fd_sc_hd__a21o_2)
                                                         _166_ (net)
                      0.108403    0.000136    1.109134 ^ _493_/B (sky130_fd_sc_hd__xnor2_2)
     1    0.002698    0.032330    0.062496    1.171630 v _493_/Y (sky130_fd_sc_hd__xnor2_2)
                                                         product_reg[8] (net)
                      0.032330    0.000008    1.171637 v _689_/D (sky130_fd_sc_hd__dfrtp_2)
                                              1.171637   data arrival time

                                  0.000000    0.000000   clock clk (rise edge)
                                  0.000000    0.000000   clock source latency
    32    0.084693    0.250000    0.000000    0.000000 ^ clk (in)
                                                         clk (net)
                      0.251482    0.000741    0.000741 ^ _689_/CLK (sky130_fd_sc_hd__dfrtp_2)
                                  0.125000    0.125741   clock uncertainty
                                  0.000000    0.125741   clock reconvergence pessimism
                                  0.010132    0.135873   library hold time
                                              0.135873   data required time
---------------------------------------------------------------------------------------------
                                              0.135873   data required time
                                             -1.171637   data arrival time
---------------------------------------------------------------------------------------------
                                              1.035764   slack (MET)


Startpoint: _678_ (rising edge-triggered flip-flop clocked by clk)
Endpoint: _662_ (rising edge-triggered flip-flop clocked by clk)
Path Group: clk
Path Type: min

Fanout         Cap        Slew       Delay        Time   Description
---------------------------------------------------------------------------------------------
                                  0.000000    0.000000   clock clk (rise edge)
                                  0.000000    0.000000   clock source latency
    32    0.084693    0.250000    0.000000    0.000000 ^ clk (in)
                                                         clk (net)
                      0.251592    0.000796    0.000796 ^ _678_/CLK (sky130_fd_sc_hd__dfrtp_2)
    14    0.050618    0.245142    0.571006    0.571802 ^ _678_/Q (sky130_fd_sc_hd__dfrtp_2)
                                                         b_reg[5] (net)
                      0.245142    0.000297    0.572099 ^ _585_/A1 (sky130_fd_sc_hd__a21oi_2)
     1    0.004575    0.037866    0.087142    0.659241 v _585_/Y (sky130_fd_sc_hd__a21oi_2)
                                                         _255_ (net)
                      0.037866    0.000011    0.659252 v _586_/B (sky130_fd_sc_hd__nor2_2)
     2    0.010828    0.143566    0.127734    0.786986 ^ _586_/Y (sky130_fd_sc_hd__nor2_2)
                                                         _256_ (net)
                      0.143566    0.000039    0.787025 ^ _587_/B (sky130_fd_sc_hd__and2_2)
     2    0.007913    0.059137    0.178288    0.965314 ^ _587_/X (sky130_fd_sc_hd__and2_2)
                                                         _257_ (net)
                      0.059137    0.000039    0.965353 ^ _610_/A (sky130_fd_sc_hd__nor3_2)
     3    0.010525    0.033259    0.056465    1.021818 v _610_/Y (sky130_fd_sc_hd__nor3_2)
                                                         _279_ (net)
                      0.033259    0.000037    1.021855 v _613_/B1 (sky130_fd_sc_hd__o22ai_2)
     1    0.004835    0.128768    0.111230    1.133085 ^ _613_/Y (sky130_fd_sc_hd__o22ai_2)
                                                         _282_ (net)
                      0.128768    0.000007    1.133092 ^ _615_/A (sky130_fd_sc_hd__nand2_2)
     1    0.002620    0.021843    0.051549    1.184641 v _615_/Y (sky130_fd_sc_hd__nand2_2)
                                                         product_reg[13] (net)
                      0.021843    0.000010    1.184651 v _662_/D (sky130_fd_sc_hd__dfrtp_2)
                                              1.184651   data arrival time

                                  0.000000    0.000000   clock clk (rise edge)
                                  0.000000    0.000000   clock source latency
    32    0.084693    0.250000    0.000000    0.000000 ^ clk (in)
                                                         clk (net)
                      0.250577    0.000288    0.000288 ^ _662_/CLK (sky130_fd_sc_hd__dfrtp_2)
                                  0.125000    0.125288   clock uncertainty
                                  0.000000    0.125288   clock reconvergence pessimism
                                  0.014184    0.139472   library hold time
                                              0.139472   data required time
---------------------------------------------------------------------------------------------
                                              0.139472   data required time
                                             -1.184651   data arrival time
---------------------------------------------------------------------------------------------
                                              1.045179   slack (MET)


Startpoint: _665_ (rising edge-triggered flip-flop clocked by clk)
Endpoint: _686_ (rising edge-triggered flip-flop clocked by clk)
Path Group: clk
Path Type: min

Fanout         Cap        Slew       Delay        Time   Description
---------------------------------------------------------------------------------------------
                                  0.000000    0.000000   clock clk (rise edge)
                                  0.000000    0.000000   clock source latency
    32    0.084693    0.250000    0.000000    0.000000 ^ clk (in)
                                                         clk (net)
                      0.252601    0.001301    0.001301 ^ _665_/CLK (sky130_fd_sc_hd__dfrtp_2)
    13    0.044179    0.128881    0.557260    0.558561 v _665_/Q (sky130_fd_sc_hd__dfrtp_2)
                                                         a_reg[0] (net)
                      0.128881    0.000286    0.558847 v _343_/A1 (sky130_fd_sc_hd__a21oi_2)
     1    0.001741    0.059581    0.129322    0.688169 ^ _343_/Y (sky130_fd_sc_hd__a21oi_2)
                                                         _310_ (net)
                      0.059581    0.000002    0.688171 ^ _344_/B (sky130_fd_sc_hd__or2_2)
     2    0.006584    0.047554    0.114097    0.802268 ^ _344_/X (sky130_fd_sc_hd__or2_2)
                                                         _311_ (net)
                      0.047554    0.000007    0.802276 ^ _345_/B (sky130_fd_sc_hd__nor2_2)
     3    0.010605    0.030301    0.045128    0.847403 v _345_/Y (sky130_fd_sc_hd__nor2_2)
                                                         _312_ (net)
                      0.030301    0.000028    0.847432 v _364_/A (sky130_fd_sc_hd__and2_2)
     4    0.013555    0.057830    0.190228    1.037660 v _364_/X (sky130_fd_sc_hd__and2_2)
                                                         _041_ (net)
                      0.057830    0.000074    1.037734 v _625_/B1 (sky130_fd_sc_hd__a21oi_2)
     1    0.004981    0.094857    0.113669    1.151403 ^ _625_/Y (sky130_fd_sc_hd__a21oi_2)
                                                         _291_ (net)
                      0.094857    0.000006    1.151409 ^ _626_/B (sky130_fd_sc_hd__nor2_2)
     1    0.002048    0.023669    0.034525    1.185934 v _626_/Y (sky130_fd_sc_hd__nor2_2)
                                                         product_reg[5] (net)
                      0.023669    0.000000    1.185935 v _686_/D (sky130_fd_sc_hd__dfrtp_2)
                                              1.185935   data arrival time

                                  0.000000    0.000000   clock clk (rise edge)
                                  0.000000    0.000000   clock source latency
    32    0.084693    0.250000    0.000000    0.000000 ^ clk (in)
                                                         clk (net)
                      0.251762    0.000881    0.000881 ^ _686_/CLK (sky130_fd_sc_hd__dfrtp_2)
                                  0.125000    0.125881   clock uncertainty
                                  0.000000    0.125881   clock reconvergence pessimism
                                  0.013713    0.139593   library hold time
                                              0.139593   data required time
---------------------------------------------------------------------------------------------
                                              0.139593   data required time
                                             -1.185935   data arrival time
---------------------------------------------------------------------------------------------
                                              1.046342   slack (MET)


Startpoint: _680_ (rising edge-triggered flip-flop clocked by clk)
Endpoint: _660_ (rising edge-triggered flip-flop clocked by clk)
Path Group: clk
Path Type: min

Fanout         Cap        Slew       Delay        Time   Description
---------------------------------------------------------------------------------------------
                                  0.000000    0.000000   clock clk (rise edge)
                                  0.000000    0.000000   clock source latency
    32    0.084693    0.250000    0.000000    0.000000 ^ clk (in)
                                                         clk (net)
                      0.250731    0.000365    0.000365 ^ _680_/CLK (sky130_fd_sc_hd__dfrtp_2)
    12    0.040908    0.201027    0.539616    0.539981 ^ _680_/Q (sky130_fd_sc_hd__dfrtp_2)
                                                         b_reg[7] (net)
                      0.201027    0.000488    0.540470 ^ _554_/A2 (sky130_fd_sc_hd__a31o_2)
     2    0.016054    0.098315    0.239011    0.779481 ^ _554_/X (sky130_fd_sc_hd__a31o_2)
                                                         _225_ (net)
                      0.098315    0.000231    0.779712 ^ _573_/A (sky130_fd_sc_hd__xnor2_2)
     2    0.009955    0.065274    0.139447    0.919158 ^ _573_/Y (sky130_fd_sc_hd__xnor2_2)
                                                         _244_ (net)
                      0.065274    0.000024    0.919182 ^ _575_/C (sky130_fd_sc_hd__nand3_2)
     4    0.011542    0.084764    0.103441    1.022623 v _575_/Y (sky130_fd_sc_hd__nand3_2)
                                                         _246_ (net)
                      0.084764    0.000056    1.022679 v _576_/B (sky130_fd_sc_hd__nand2b_2)
     1    0.009587    0.068257    0.099503    1.122182 ^ _576_/Y (sky130_fd_sc_hd__nand2b_2)
                                                         _247_ (net)
                      0.068257    0.000013    1.122195 ^ _578_/A (sky130_fd_sc_hd__xor2_2)
     1    0.002493    0.029076    0.061293    1.183488 v _578_/X (sky130_fd_sc_hd__xor2_2)
                                                         product_reg[11] (net)
                      0.029076    0.000008    1.183496 v _660_/D (sky130_fd_sc_hd__dfrtp_2)
                                              1.183496   data arrival time

                                  0.000000    0.000000   clock clk (rise edge)
                                  0.000000    0.000000   clock source latency
    32    0.084693    0.250000    0.000000    0.000000 ^ clk (in)
                                                         clk (net)
                      0.250911    0.000455    0.000455 ^ _660_/CLK (sky130_fd_sc_hd__dfrtp_2)
                                  0.125000    0.125455   clock uncertainty
                                  0.000000    0.125455   clock reconvergence pessimism
                                  0.011323    0.136778   library hold time
                                              0.136778   data required time
---------------------------------------------------------------------------------------------
                                              0.136778   data required time
                                             -1.183496   data arrival time
---------------------------------------------------------------------------------------------
                                              1.046718   slack (MET)


Startpoint: _665_ (rising edge-triggered flip-flop clocked by clk)
Endpoint: _658_ (rising edge-triggered flip-flop clocked by clk)
Path Group: clk
Path Type: min

Fanout         Cap        Slew       Delay        Time   Description
---------------------------------------------------------------------------------------------
                                  0.000000    0.000000   clock clk (rise edge)
                                  0.000000    0.000000   clock source latency
    32    0.084693    0.250000    0.000000    0.000000 ^ clk (in)
                                                         clk (net)
                      0.252601    0.001301    0.001301 ^ _665_/CLK (sky130_fd_sc_hd__dfrtp_2)
    13    0.047264    0.229905    0.560556    0.561857 ^ _665_/Q (sky130_fd_sc_hd__dfrtp_2)
                                                         a_reg[0] (net)
                      0.229905    0.000648    0.562504 ^ _389_/B1 (sky130_fd_sc_hd__o211a_2)
     4    0.015093    0.102999    0.272335    0.834839 ^ _389_/X (sky130_fd_sc_hd__o211a_2)
                                                         _065_ (net)
                      0.102999    0.000051    0.834890 ^ _488_/A1 (sky130_fd_sc_hd__a21bo_2)
     3    0.012493    0.075789    0.170915    1.005804 ^ _488_/X (sky130_fd_sc_hd__a21bo_2)
                                                         _162_ (net)
                      0.075789    0.000073    1.005878 ^ _490_/B (sky130_fd_sc_hd__or2_2)
     1    0.002619    0.029044    0.104056    1.109934 ^ _490_/X (sky130_fd_sc_hd__or2_2)
                                                         _164_ (net)
                      0.029044    0.000003    1.109937 ^ _522_/A1 (sky130_fd_sc_hd__a21o_2)
     1    0.008741    0.053874    0.124222    1.234159 ^ _522_/X (sky130_fd_sc_hd__a21o_2)
                                                         _195_ (net)
                      0.053874    0.000014    1.234173 ^ _523_/B (sky130_fd_sc_hd__xor2_2)
     1    0.003649    0.032201    0.054382    1.288555 v _523_/X (sky130_fd_sc_hd__xor2_2)
                                                         product_reg[9] (net)
                      0.032201    0.000022    1.288577 v _658_/D (sky130_fd_sc_hd__dfrtp_2)
                                              1.288577   data arrival time

                                  0.000000    0.000000   clock clk (rise edge)
                                  0.000000    0.000000   clock source latency
    32    0.084693    0.250000    0.000000    0.000000 ^ clk (in)
                                                         clk (net)
                      0.251401    0.000701    0.000701 ^ _658_/CLK (sky130_fd_sc_hd__dfrtp_2)
                                  0.125000    0.125700   clock uncertainty
                                  0.000000    0.125700   clock reconvergence pessimism
                                  0.010166    0.135866   library hold time
                                              0.135866   data required time
---------------------------------------------------------------------------------------------
                                              0.135866   data required time
                                             -1.288577   data arrival time
---------------------------------------------------------------------------------------------
                                              1.152711   slack (MET)


Startpoint: _665_ (rising edge-triggered flip-flop clocked by clk)
Endpoint: _687_ (rising edge-triggered flip-flop clocked by clk)
Path Group: clk
Path Type: min

Fanout         Cap        Slew       Delay        Time   Description
---------------------------------------------------------------------------------------------
                                  0.000000    0.000000   clock clk (rise edge)
                                  0.000000    0.000000   clock source latency
    32    0.084693    0.250000    0.000000    0.000000 ^ clk (in)
                                                         clk (net)
                      0.252601    0.001301    0.001301 ^ _665_/CLK (sky130_fd_sc_hd__dfrtp_2)
    13    0.047264    0.229905    0.560556    0.561857 ^ _665_/Q (sky130_fd_sc_hd__dfrtp_2)
                                                         a_reg[0] (net)
                      0.229905    0.000650    0.562507 ^ _390_/A1 (sky130_fd_sc_hd__a211oi_2)
     1    0.004333    0.034536    0.106016    0.668523 v _390_/Y (sky130_fd_sc_hd__a211oi_2)
                                                         _066_ (net)
                      0.034536    0.000004    0.668527 v _391_/B (sky130_fd_sc_hd__nor2_2)
     2    0.007572    0.110543    0.102165    0.770692 ^ _391_/Y (sky130_fd_sc_hd__nor2_2)
                                                         _067_ (net)
                      0.110543    0.000024    0.770715 ^ _412_/B1 (sky130_fd_sc_hd__a21o_2)
     2    0.007692    0.049716    0.118854    0.889569 ^ _412_/X (sky130_fd_sc_hd__a21o_2)
                                                         _088_ (net)
                      0.049716    0.000019    0.889588 ^ _414_/A2 (sky130_fd_sc_hd__a211oi_2)
     3    0.011268    0.053644    0.085233    0.974820 v _414_/Y (sky130_fd_sc_hd__a211oi_2)
                                                         _090_ (net)
                      0.053644    0.000039    0.974859 v _418_/B (sky130_fd_sc_hd__nor3_2)
     2    0.004297    0.134941    0.158381    1.133240 ^ _418_/Y (sky130_fd_sc_hd__nor3_2)
                                                         _094_ (net)
                      0.134941    0.000002    1.133241 ^ _420_/A (sky130_fd_sc_hd__or2_2)
     1    0.009329    0.060455    0.153014    1.286256 ^ _420_/X (sky130_fd_sc_hd__or2_2)
                                                         _096_ (net)
                      0.060455    0.000015    1.286270 ^ _423_/A (sky130_fd_sc_hd__xnor2_2)
     1    0.002325    0.029690    0.060663    1.346933 v _423_/Y (sky130_fd_sc_hd__xnor2_2)
                                                         product_reg[6] (net)
                      0.029690    0.000005    1.346939 v _687_/D (sky130_fd_sc_hd__dfrtp_2)
                                              1.346939   data arrival time

                                  0.000000    0.000000   clock clk (rise edge)
                                  0.000000    0.000000   clock source latency
    32    0.084693    0.250000    0.000000    0.000000 ^ clk (in)
                                                         clk (net)
                      0.251673    0.000836    0.000836 ^ _687_/CLK (sky130_fd_sc_hd__dfrtp_2)
                                  0.125000    0.125836   clock uncertainty
                                  0.000000    0.125836   clock reconvergence pessimism
                                  0.011247    0.137084   library hold time
                                              0.137084   data required time
---------------------------------------------------------------------------------------------
                                              0.137084   data required time
                                             -1.346939   data arrival time
---------------------------------------------------------------------------------------------
                                              1.209855   slack (MET)



