Clock: clk
Sources: clk 
Generated: no
Virtual: no
Propagated: no
Period: 3.333000

===========================================================================
report_clock_properties
============================================================================
Clock                   Period          Waveform
----------------------------------------------------
clk                   3.333000    0.000000  1.666500

===========================================================================
report_clock_latency
============================================================================
Clock clk
rise -> rise
    min     max
0.000000 0.000000 source latency
1.415137         network latency _1278_/CLK
        1.415137 network latency _1278_/CLK
---------------
1.415137 1.415137 latency
        0.000000 skew

fall -> fall
    min     max
0.000000 0.000000 source latency
0.689204         network latency _1278_/CLK
        0.689204 network latency _1278_/CLK
---------------
0.689204 0.689204 latency
        0.000000 skew



===========================================================================
report_clock_min_period
============================================================================
clk period_min = 2.97 fmax = 336.85
