
===========================================================================
report_checks -unconstrained
===========================================================================
======================= nom_tt_025C_1v80 Corner ===================================

Startpoint: rst (input port clocked by clk)
Endpoint: _679_ (recovery check against rising-edge clock clk)
Path Group: asynchronous
Path Type: max

Fanout         Cap        Slew       Delay        Time   Description
---------------------------------------------------------------------------------------------
                                  0.000000    0.000000   clock clk (rise edge)
                                  0.000000    0.000000   clock network delay (propagated)
                                  2.500000    2.500000 v input external delay
     1    0.002661    0.008303    0.004201    2.504201 v rst (in)
                                                         rst (net)
                      0.008304    0.000000    2.504201 v input17/A (sky130_fd_sc_hd__clkbuf_1)
     1    0.002203    0.023431    0.068770    2.572971 v input17/X (sky130_fd_sc_hd__clkbuf_1)
                                                         net17 (net)
                      0.023431    0.000062    2.573033 v fanout62/A (sky130_fd_sc_hd__buf_2)
     5    0.029856    0.080331    0.162331    2.735363 v fanout62/X (sky130_fd_sc_hd__buf_2)
                                                         net62 (net)
                      0.080337    0.000749    2.736113 v fanout60/A (sky130_fd_sc_hd__buf_4)
    10    0.063148    0.088499    0.211525    2.947637 v fanout60/X (sky130_fd_sc_hd__buf_4)
                                                         net60 (net)
                      0.088505    0.000616    2.948253 v fanout59/A (sky130_fd_sc_hd__buf_4)
    10    0.054362    0.079004    0.207587    3.155840 v fanout59/X (sky130_fd_sc_hd__buf_4)
                                                         net59 (net)
                      0.079386    0.004030    3.159871 v _647_/A (sky130_fd_sc_hd__inv_2)
     1    0.004278    0.034344    0.058645    3.218516 ^ _647_/Y (sky130_fd_sc_hd__inv_2)
                                                         _021_ (net)
                      0.034344    0.000092    3.218607 ^ _679_/RESET_B (sky130_fd_sc_hd__dfrtp_1)
                                              3.218607   data arrival time

                                 12.500000   12.500000   clock clk (rise edge)
                                  0.000000   12.500000   clock source latency
     1    0.018983    0.091248    0.062903   12.562903 ^ clk (in)
                                                         clk (net)
                      0.091275    0.000000   12.562903 ^ clkbuf_0_clk/A (sky130_fd_sc_hd__clkbuf_16)
     4    0.040535    0.060242    0.159003   12.721906 ^ clkbuf_0_clk/X (sky130_fd_sc_hd__clkbuf_16)
                                                         clknet_0_clk (net)
                      0.060262    0.000970   12.722876 ^ clkbuf_2_0__f_clk/A (sky130_fd_sc_hd__clkbuf_16)
    12    0.034501    0.054851    0.142852   12.865727 ^ clkbuf_2_0__f_clk/X (sky130_fd_sc_hd__clkbuf_16)
                                                         clknet_2_0__leaf_clk (net)
                      0.054991    0.002195   12.867922 ^ _679_/CLK (sky130_fd_sc_hd__dfrtp_1)
                                 -0.250000   12.617922   clock uncertainty
                                  0.000000   12.617922   clock reconvergence pessimism
                                  0.236150   12.854072   library recovery time
                                             12.854072   data required time
---------------------------------------------------------------------------------------------
                                             12.854072   data required time
                                             -3.218607   data arrival time
---------------------------------------------------------------------------------------------
                                              9.635465   slack (MET)


Startpoint: _670_ (rising edge-triggered flip-flop clocked by clk)
Endpoint: _662_ (rising edge-triggered flip-flop clocked by clk)
Path Group: clk
Path Type: max

Fanout         Cap        Slew       Delay        Time   Description
---------------------------------------------------------------------------------------------
                                  0.000000    0.000000   clock clk (rise edge)
                                  0.000000    0.000000   clock source latency
     1    0.018983    0.091248    0.062903    0.062903 ^ clk (in)
                                                         clk (net)
                      0.091275    0.000000    0.062903 ^ clkbuf_0_clk/A (sky130_fd_sc_hd__clkbuf_16)
     4    0.040535    0.060242    0.159003    0.221906 ^ clkbuf_0_clk/X (sky130_fd_sc_hd__clkbuf_16)
                                                         clknet_0_clk (net)
                      0.060262    0.000971    0.222876 ^ clkbuf_2_0__f_clk/A (sky130_fd_sc_hd__clkbuf_16)
    12    0.034501    0.054851    0.142851    0.365728 ^ clkbuf_2_0__f_clk/X (sky130_fd_sc_hd__clkbuf_16)
                                                         clknet_2_0__leaf_clk (net)
                      0.054978    0.002072    0.367800 ^ _670_/CLK (sky130_fd_sc_hd__dfrtp_1)
     5    0.018925    0.109980    0.431086    0.798886 v _670_/Q (sky130_fd_sc_hd__dfrtp_1)
                                                         a_reg[5] (net)
                      0.109980    0.000316    0.799202 v fanout50/A (sky130_fd_sc_hd__buf_2)
    10    0.040396    0.099871    0.220128    1.019330 v fanout50/X (sky130_fd_sc_hd__buf_2)
                                                         net50 (net)
                      0.099874    0.000717    1.020046 v _370_/D (sky130_fd_sc_hd__and4_1)
     3    0.007370    0.057877    0.241048    1.261095 v _370_/X (sky130_fd_sc_hd__and4_1)
                                                         _046_ (net)
                      0.057877    0.000108    1.261202 v _372_/B (sky130_fd_sc_hd__or3_1)
     2    0.005943    0.082272    0.367859    1.629061 v _372_/X (sky130_fd_sc_hd__or3_1)
                                                         _048_ (net)
                      0.082272    0.000127    1.629188 v _375_/A1 (sky130_fd_sc_hd__a21o_1)
     3    0.009703    0.061311    0.197040    1.826228 v _375_/X (sky130_fd_sc_hd__a21o_1)
                                                         _051_ (net)
                      0.061311    0.000273    1.826502 v _384_/A2 (sky130_fd_sc_hd__a21o_1)
     2    0.004320    0.039538    0.185434    2.011935 v _384_/X (sky130_fd_sc_hd__a21o_1)
                                                         _060_ (net)
                      0.039538    0.000083    2.012019 v _385_/C (sky130_fd_sc_hd__and3_1)
     4    0.012311    0.076532    0.214597    2.226616 v _385_/X (sky130_fd_sc_hd__and3_1)
                                                         _061_ (net)
                      0.076532    0.000280    2.226896 v _387_/A (sky130_fd_sc_hd__nor3b_1)
     3    0.009181    0.332086    0.333503    2.560399 ^ _387_/Y (sky130_fd_sc_hd__nor3b_1)
                                                         _063_ (net)
                      0.332086    0.000198    2.560598 ^ max_cap34/A (sky130_fd_sc_hd__clkbuf_1)
     2    0.006676    0.088666    0.159031    2.719628 ^ max_cap34/X (sky130_fd_sc_hd__clkbuf_1)
                                                         net34 (net)
                      0.088666    0.000151    2.719779 ^ _417_/A_N (sky130_fd_sc_hd__nand3b_2)
     5    0.014652    0.115935    0.164099    2.883878 ^ _417_/Y (sky130_fd_sc_hd__nand3b_2)
                                                         _093_ (net)
                      0.115935    0.000392    2.884270 ^ _418_/C (sky130_fd_sc_hd__nor3_1)
     2    0.004488    0.090819    0.066388    2.950658 v _418_/Y (sky130_fd_sc_hd__nor3_1)
                                                         _094_ (net)
                      0.090819    0.000069    2.950728 v _458_/B1 (sky130_fd_sc_hd__a41o_1)
     2    0.008290    0.063589    0.243949    3.194677 v _458_/X (sky130_fd_sc_hd__a41o_1)
                                                         _133_ (net)
                      0.063589    0.000257    3.194933 v _492_/A2 (sky130_fd_sc_hd__a21o_1)
     4    0.017443    0.092863    0.239198    3.434131 v _492_/X (sky130_fd_sc_hd__a21o_1)
                                                         _166_ (net)
                      0.092868    0.000738    3.434869 v _598_/A1 (sky130_fd_sc_hd__a211o_1)
     2    0.005420    0.059709    0.283653    3.718522 v _598_/X (sky130_fd_sc_hd__a211o_1)
                                                         _268_ (net)
                      0.059755    0.000151    3.718673 v _600_/C (sky130_fd_sc_hd__and4b_1)
     4    0.011955    0.077915    0.230384    3.949057 v _600_/X (sky130_fd_sc_hd__and4b_1)
                                                         _270_ (net)
                      0.077915    0.000314    3.949371 v _614_/B (sky130_fd_sc_hd__or4_1)
     1    0.002998    0.083624    0.505848    4.455218 v _614_/X (sky130_fd_sc_hd__or4_1)
                                                         _283_ (net)
                      0.083624    0.000065    4.455283 v _615_/B (sky130_fd_sc_hd__nand2_1)
     1    0.002595    0.046430    0.076683    4.531967 ^ _615_/Y (sky130_fd_sc_hd__nand2_1)
                                                         product_reg[13] (net)
                      0.046430    0.000074    4.532041 ^ _662_/D (sky130_fd_sc_hd__dfrtp_1)
                                              4.532041   data arrival time

                                 12.500000   12.500000   clock clk (rise edge)
                                  0.000000   12.500000   clock source latency
     1    0.018983    0.091248    0.062903   12.562903 ^ clk (in)
                                                         clk (net)
                      0.091275    0.000000   12.562903 ^ clkbuf_0_clk/A (sky130_fd_sc_hd__clkbuf_16)
     4    0.040535    0.060242    0.159003   12.721906 ^ clkbuf_0_clk/X (sky130_fd_sc_hd__clkbuf_16)
                                                         clknet_0_clk (net)
                      0.060261    0.000957   12.722863 ^ clkbuf_2_2__f_clk/A (sky130_fd_sc_hd__clkbuf_16)
     8    0.044448    0.063720    0.150417   12.873281 ^ clkbuf_2_2__f_clk/X (sky130_fd_sc_hd__clkbuf_16)
                                                         clknet_2_2__leaf_clk (net)
                      0.063762    0.001434   12.874715 ^ _662_/CLK (sky130_fd_sc_hd__dfrtp_1)
                                 -0.250000   12.624715   clock uncertainty
                                  0.000000   12.624715   clock reconvergence pessimism
                                 -0.057339   12.567376   library setup time
                                             12.567376   data required time
---------------------------------------------------------------------------------------------
                                             12.567376   data required time
                                             -4.532041   data arrival time
---------------------------------------------------------------------------------------------
                                              8.035336   slack (MET)




===========================================================================
report_checks --slack_max -0.01
============================================================================
======================= nom_tt_025C_1v80 Corner ===================================

No paths found.


===========================================================================
 report_check_types -max_slew -max_cap -max_fanout -violators
============================================================================
======================= nom_tt_025C_1v80 Corner ===================================

max fanout

Pin                                   Limit Fanout  Slack
---------------------------------------------------------
clkbuf_2_0__f_clk/X                      10     12     -2 (VIOLATED)



===========================================================================
report_parasitic_annotation -report_unannotated
============================================================================
Found 3 unannotated drivers.
 clkload0/Y
 clkload1/Y
 clkload2/Y
Found 0 partially unannotated drivers.

===========================================================================
max slew violation count 0
max fanout violation count 1
max cap violation count 0
============================================================================

===========================================================================
check_setup -verbose -unconstrained_endpoints -multiple_clock -no_clock -no_input_delay -loops -generated_clocks
===========================================================================
