Clock: clk
Sources: clk 
Generated: no
Virtual: yes
Propagated: no
Period: 12.500000

===========================================================================
report_clock_properties
============================================================================
Clock                   Period          Waveform
----------------------------------------------------
clk                  12.500000    0.000000  6.250000

===========================================================================
report_clock_latency
============================================================================
Clock clk
rise -> rise
    min     max
0.000000 0.000000 source latency
0.365833         network latency _688_/CLK
        0.374958 network latency _680_/CLK
---------------
0.365833 0.374958 latency
        0.009125 skew

fall -> fall
    min     max
0.000000 0.000000 source latency
0.342061         network latency _688_/CLK
        0.348879 network latency _680_/CLK
---------------
0.342061 0.348879 latency
        0.006818 skew



===========================================================================
report_clock_min_period
============================================================================
clk period_min = 4.46 fmax = 223.98
