
===========================================================================
report_checks -path_delay max (Setup)
============================================================================
======================= nom_tt_025C_1v80 Corner ===================================

Startpoint: _48_ (rising edge-triggered flip-flop clocked by clk)
Endpoint: _32_ (rising edge-triggered flip-flop clocked by clk)
Path Group: clk
Path Type: max

Fanout         Cap        Slew       Delay        Time   Description
---------------------------------------------------------------------------------------------
                      0.000000    0.000000    0.000000   clock clk (rise edge)
                                  0.000000    0.000000   clock network delay (ideal)
                      0.000000    0.000000    0.000000 ^ _48_/CLK (sky130_fd_sc_hd__dfrtp_2)
     8    0.011329    0.063503    0.395920    0.395920 v _48_/Q (sky130_fd_sc_hd__dfrtp_2)
                                                         b_r1[0] (net)
                      0.063503    0.000000    0.395920 v _00_/B (sky130_fd_sc_hd__and2_2)
     1    0.001949    0.034522    0.186626    0.582546 v _00_/X (sky130_fd_sc_hd__and2_2)
                                                         PPs_w[6][6] (net)
                      0.034522    0.000000    0.582546 v _32_/D (sky130_fd_sc_hd__dfrtp_2)
                                              0.582546   data arrival time

                      0.000000    2.000000    2.000000   clock clk (rise edge)
                                  0.000000    2.000000   clock network delay (ideal)
                                 -0.020000    1.980000   clock uncertainty
                                  0.000000    1.980000   clock reconvergence pessimism
                                              1.980000 ^ _32_/CLK (sky130_fd_sc_hd__dfrtp_2)
                                 -0.121293    1.858707   library setup time
                                              1.858707   data required time
---------------------------------------------------------------------------------------------
                                              1.858707   data required time
                                             -0.582546   data arrival time
---------------------------------------------------------------------------------------------
                                              1.276160   slack (MET)


Startpoint: _48_ (rising edge-triggered flip-flop clocked by clk)
Endpoint: _18_ (rising edge-triggered flip-flop clocked by clk)
Path Group: clk
Path Type: max

Fanout         Cap        Slew       Delay        Time   Description
---------------------------------------------------------------------------------------------
                      0.000000    0.000000    0.000000   clock clk (rise edge)
                                  0.000000    0.000000   clock network delay (ideal)
                      0.000000    0.000000    0.000000 ^ _48_/CLK (sky130_fd_sc_hd__dfrtp_2)
     8    0.011329    0.063503    0.395920    0.395920 v _48_/Q (sky130_fd_sc_hd__dfrtp_2)
                                                         b_r1[0] (net)
                      0.063503    0.000000    0.395920 v _06_/A (sky130_fd_sc_hd__and2_2)
     1    0.001949    0.034558    0.166462    0.562383 v _06_/X (sky130_fd_sc_hd__and2_2)
                                                         PPs_w[0][0] (net)
                      0.034558    0.000000    0.562383 v _18_/D (sky130_fd_sc_hd__dfrtp_2)
                                              0.562383   data arrival time

                      0.000000    2.000000    2.000000   clock clk (rise edge)
                                  0.000000    2.000000   clock network delay (ideal)
                                 -0.020000    1.980000   clock uncertainty
                                  0.000000    1.980000   clock reconvergence pessimism
                                              1.980000 ^ _18_/CLK (sky130_fd_sc_hd__dfrtp_2)
                                 -0.121309    1.858691   library setup time
                                              1.858691   data required time
---------------------------------------------------------------------------------------------
                                              1.858691   data required time
                                             -0.562383   data arrival time
---------------------------------------------------------------------------------------------
                                              1.296308   slack (MET)


Startpoint: _48_ (rising edge-triggered flip-flop clocked by clk)
Endpoint: _19_ (rising edge-triggered flip-flop clocked by clk)
Path Group: clk
Path Type: max

Fanout         Cap        Slew       Delay        Time   Description
---------------------------------------------------------------------------------------------
                      0.000000    0.000000    0.000000   clock clk (rise edge)
                                  0.000000    0.000000   clock network delay (ideal)
                      0.000000    0.000000    0.000000 ^ _48_/CLK (sky130_fd_sc_hd__dfrtp_2)
     8    0.011329    0.063503    0.395920    0.395920 v _48_/Q (sky130_fd_sc_hd__dfrtp_2)
                                                         b_r1[0] (net)
                      0.063503    0.000000    0.395920 v _05_/A (sky130_fd_sc_hd__and2_2)
     1    0.001949    0.034558    0.166462    0.562383 v _05_/X (sky130_fd_sc_hd__and2_2)
                                                         PPs_w[1][1] (net)
                      0.034558    0.000000    0.562383 v _19_/D (sky130_fd_sc_hd__dfrtp_2)
                                              0.562383   data arrival time

                      0.000000    2.000000    2.000000   clock clk (rise edge)
                                  0.000000    2.000000   clock network delay (ideal)
                                 -0.020000    1.980000   clock uncertainty
                                  0.000000    1.980000   clock reconvergence pessimism
                                              1.980000 ^ _19_/CLK (sky130_fd_sc_hd__dfrtp_2)
                                 -0.121309    1.858691   library setup time
                                              1.858691   data required time
---------------------------------------------------------------------------------------------
                                              1.858691   data required time
                                             -0.562383   data arrival time
---------------------------------------------------------------------------------------------
                                              1.296308   slack (MET)


Startpoint: _48_ (rising edge-triggered flip-flop clocked by clk)
Endpoint: _20_ (rising edge-triggered flip-flop clocked by clk)
Path Group: clk
Path Type: max

Fanout         Cap        Slew       Delay        Time   Description
---------------------------------------------------------------------------------------------
                      0.000000    0.000000    0.000000   clock clk (rise edge)
                                  0.000000    0.000000   clock network delay (ideal)
                      0.000000    0.000000    0.000000 ^ _48_/CLK (sky130_fd_sc_hd__dfrtp_2)
     8    0.011329    0.063503    0.395920    0.395920 v _48_/Q (sky130_fd_sc_hd__dfrtp_2)
                                                         b_r1[0] (net)
                      0.063503    0.000000    0.395920 v _04_/A (sky130_fd_sc_hd__and2_2)
     1    0.001949    0.034558    0.166462    0.562383 v _04_/X (sky130_fd_sc_hd__and2_2)
                                                         PPs_w[2][2] (net)
                      0.034558    0.000000    0.562383 v _20_/D (sky130_fd_sc_hd__dfrtp_2)
                                              0.562383   data arrival time

                      0.000000    2.000000    2.000000   clock clk (rise edge)
                                  0.000000    2.000000   clock network delay (ideal)
                                 -0.020000    1.980000   clock uncertainty
                                  0.000000    1.980000   clock reconvergence pessimism
                                              1.980000 ^ _20_/CLK (sky130_fd_sc_hd__dfrtp_2)
                                 -0.121309    1.858691   library setup time
                                              1.858691   data required time
---------------------------------------------------------------------------------------------
                                              1.858691   data required time
                                             -0.562383   data arrival time
---------------------------------------------------------------------------------------------
                                              1.296308   slack (MET)


Startpoint: _48_ (rising edge-triggered flip-flop clocked by clk)
Endpoint: _21_ (rising edge-triggered flip-flop clocked by clk)
Path Group: clk
Path Type: max

Fanout         Cap        Slew       Delay        Time   Description
---------------------------------------------------------------------------------------------
                      0.000000    0.000000    0.000000   clock clk (rise edge)
                                  0.000000    0.000000   clock network delay (ideal)
                      0.000000    0.000000    0.000000 ^ _48_/CLK (sky130_fd_sc_hd__dfrtp_2)
     8    0.011329    0.063503    0.395920    0.395920 v _48_/Q (sky130_fd_sc_hd__dfrtp_2)
                                                         b_r1[0] (net)
                      0.063503    0.000000    0.395920 v _03_/A (sky130_fd_sc_hd__and2_2)
     1    0.001949    0.034558    0.166462    0.562383 v _03_/X (sky130_fd_sc_hd__and2_2)
                                                         PPs_w[3][3] (net)
                      0.034558    0.000000    0.562383 v _21_/D (sky130_fd_sc_hd__dfrtp_2)
                                              0.562383   data arrival time

                      0.000000    2.000000    2.000000   clock clk (rise edge)
                                  0.000000    2.000000   clock network delay (ideal)
                                 -0.020000    1.980000   clock uncertainty
                                  0.000000    1.980000   clock reconvergence pessimism
                                              1.980000 ^ _21_/CLK (sky130_fd_sc_hd__dfrtp_2)
                                 -0.121309    1.858691   library setup time
                                              1.858691   data required time
---------------------------------------------------------------------------------------------
                                              1.858691   data required time
                                             -0.562383   data arrival time
---------------------------------------------------------------------------------------------
                                              1.296308   slack (MET)


Startpoint: _48_ (rising edge-triggered flip-flop clocked by clk)
Endpoint: _30_ (rising edge-triggered flip-flop clocked by clk)
Path Group: clk
Path Type: max

Fanout         Cap        Slew       Delay        Time   Description
---------------------------------------------------------------------------------------------
                      0.000000    0.000000    0.000000   clock clk (rise edge)
                                  0.000000    0.000000   clock network delay (ideal)
                      0.000000    0.000000    0.000000 ^ _48_/CLK (sky130_fd_sc_hd__dfrtp_2)
     8    0.011329    0.063503    0.395920    0.395920 v _48_/Q (sky130_fd_sc_hd__dfrtp_2)
                                                         b_r1[0] (net)
                      0.063503    0.000000    0.395920 v _02_/A (sky130_fd_sc_hd__and2_2)
     1    0.001949    0.034558    0.166462    0.562383 v _02_/X (sky130_fd_sc_hd__and2_2)
                                                         PPs_w[4][4] (net)
                      0.034558    0.000000    0.562383 v _30_/D (sky130_fd_sc_hd__dfrtp_2)
                                              0.562383   data arrival time

                      0.000000    2.000000    2.000000   clock clk (rise edge)
                                  0.000000    2.000000   clock network delay (ideal)
                                 -0.020000    1.980000   clock uncertainty
                                  0.000000    1.980000   clock reconvergence pessimism
                                              1.980000 ^ _30_/CLK (sky130_fd_sc_hd__dfrtp_2)
                                 -0.121309    1.858691   library setup time
                                              1.858691   data required time
---------------------------------------------------------------------------------------------
                                              1.858691   data required time
                                             -0.562383   data arrival time
---------------------------------------------------------------------------------------------
                                              1.296308   slack (MET)


Startpoint: _48_ (rising edge-triggered flip-flop clocked by clk)
Endpoint: _31_ (rising edge-triggered flip-flop clocked by clk)
Path Group: clk
Path Type: max

Fanout         Cap        Slew       Delay        Time   Description
---------------------------------------------------------------------------------------------
                      0.000000    0.000000    0.000000   clock clk (rise edge)
                                  0.000000    0.000000   clock network delay (ideal)
                      0.000000    0.000000    0.000000 ^ _48_/CLK (sky130_fd_sc_hd__dfrtp_2)
     8    0.011329    0.063503    0.395920    0.395920 v _48_/Q (sky130_fd_sc_hd__dfrtp_2)
                                                         b_r1[0] (net)
                      0.063503    0.000000    0.395920 v _01_/A (sky130_fd_sc_hd__and2_2)
     1    0.001949    0.034558    0.166462    0.562383 v _01_/X (sky130_fd_sc_hd__and2_2)
                                                         PPs_w[5][5] (net)
                      0.034558    0.000000    0.562383 v _31_/D (sky130_fd_sc_hd__dfrtp_2)
                                              0.562383   data arrival time

                      0.000000    2.000000    2.000000   clock clk (rise edge)
                                  0.000000    2.000000   clock network delay (ideal)
                                 -0.020000    1.980000   clock uncertainty
                                  0.000000    1.980000   clock reconvergence pessimism
                                              1.980000 ^ _31_/CLK (sky130_fd_sc_hd__dfrtp_2)
                                 -0.121309    1.858691   library setup time
                                              1.858691   data required time
---------------------------------------------------------------------------------------------
                                              1.858691   data required time
                                             -0.562383   data arrival time
---------------------------------------------------------------------------------------------
                                              1.296308   slack (MET)


Startpoint: _48_ (rising edge-triggered flip-flop clocked by clk)
Endpoint: _33_ (rising edge-triggered flip-flop clocked by clk)
Path Group: clk
Path Type: max

Fanout         Cap        Slew       Delay        Time   Description
---------------------------------------------------------------------------------------------
                      0.000000    0.000000    0.000000   clock clk (rise edge)
                                  0.000000    0.000000   clock network delay (ideal)
                      0.000000    0.000000    0.000000 ^ _48_/CLK (sky130_fd_sc_hd__dfrtp_2)
     8    0.011329    0.063503    0.395920    0.395920 v _48_/Q (sky130_fd_sc_hd__dfrtp_2)
                                                         b_r1[0] (net)
                      0.063503    0.000000    0.395920 v _07_/A (sky130_fd_sc_hd__and2_2)
     1    0.001949    0.034558    0.166462    0.562383 v _07_/X (sky130_fd_sc_hd__and2_2)
                                                         PPs_w[7][7] (net)
                      0.034558    0.000000    0.562383 v _33_/D (sky130_fd_sc_hd__dfrtp_2)
                                              0.562383   data arrival time

                      0.000000    2.000000    2.000000   clock clk (rise edge)
                                  0.000000    2.000000   clock network delay (ideal)
                                 -0.020000    1.980000   clock uncertainty
                                  0.000000    1.980000   clock reconvergence pessimism
                                              1.980000 ^ _33_/CLK (sky130_fd_sc_hd__dfrtp_2)
                                 -0.121309    1.858691   library setup time
                                              1.858691   data required time
---------------------------------------------------------------------------------------------
                                              1.858691   data required time
                                             -0.562383   data arrival time
---------------------------------------------------------------------------------------------
                                              1.296308   slack (MET)


Startpoint: _34_ (rising edge-triggered flip-flop clocked by clk)
Endpoint: _08_ (rising edge-triggered flip-flop clocked by clk)
Path Group: clk
Path Type: max

Fanout         Cap        Slew       Delay        Time   Description
---------------------------------------------------------------------------------------------
                      0.000000    0.000000    0.000000   clock clk (rise edge)
                                  0.000000    0.000000   clock network delay (ideal)
                      0.000000    0.000000    0.000000 ^ _34_/CLK (sky130_fd_sc_hd__dfrtp_2)
     1    0.001949    0.036093    0.356787    0.356787 v _34_/Q (sky130_fd_sc_hd__dfrtp_2)
                                                         S_r3[0][0] (net)
                      0.036093    0.000000    0.356787 v _08_/D (sky130_fd_sc_hd__dfrtp_2)
                                              0.356787   data arrival time

                      0.000000    2.000000    2.000000   clock clk (rise edge)
                                  0.000000    2.000000   clock network delay (ideal)
                                 -0.020000    1.980000   clock uncertainty
                                  0.000000    1.980000   clock reconvergence pessimism
                                              1.980000 ^ _08_/CLK (sky130_fd_sc_hd__dfrtp_2)
                                 -0.121985    1.858015   library setup time
                                              1.858015   data required time
---------------------------------------------------------------------------------------------
                                              1.858015   data required time
                                             -0.356787   data arrival time
---------------------------------------------------------------------------------------------
                                              1.501228   slack (MET)


Startpoint: _35_ (rising edge-triggered flip-flop clocked by clk)
Endpoint: _09_ (rising edge-triggered flip-flop clocked by clk)
Path Group: clk
Path Type: max

Fanout         Cap        Slew       Delay        Time   Description
---------------------------------------------------------------------------------------------
                      0.000000    0.000000    0.000000   clock clk (rise edge)
                                  0.000000    0.000000   clock network delay (ideal)
                      0.000000    0.000000    0.000000 ^ _35_/CLK (sky130_fd_sc_hd__dfrtp_2)
     1    0.001949    0.036093    0.356787    0.356787 v _35_/Q (sky130_fd_sc_hd__dfrtp_2)
                                                         S_r3[0][1] (net)
                      0.036093    0.000000    0.356787 v _09_/D (sky130_fd_sc_hd__dfrtp_2)
                                              0.356787   data arrival time

                      0.000000    2.000000    2.000000   clock clk (rise edge)
                                  0.000000    2.000000   clock network delay (ideal)
                                 -0.020000    1.980000   clock uncertainty
                                  0.000000    1.980000   clock reconvergence pessimism
                                              1.980000 ^ _09_/CLK (sky130_fd_sc_hd__dfrtp_2)
                                 -0.121985    1.858015   library setup time
                                              1.858015   data required time
---------------------------------------------------------------------------------------------
                                              1.858015   data required time
                                             -0.356787   data arrival time
---------------------------------------------------------------------------------------------
                                              1.501228   slack (MET)


Startpoint: _36_ (rising edge-triggered flip-flop clocked by clk)
Endpoint: _10_ (rising edge-triggered flip-flop clocked by clk)
Path Group: clk
Path Type: max

Fanout         Cap        Slew       Delay        Time   Description
---------------------------------------------------------------------------------------------
                      0.000000    0.000000    0.000000   clock clk (rise edge)
                                  0.000000    0.000000   clock network delay (ideal)
                      0.000000    0.000000    0.000000 ^ _36_/CLK (sky130_fd_sc_hd__dfrtp_2)
     1    0.001949    0.036093    0.356787    0.356787 v _36_/Q (sky130_fd_sc_hd__dfrtp_2)
                                                         S_r3[0][2] (net)
                      0.036093    0.000000    0.356787 v _10_/D (sky130_fd_sc_hd__dfrtp_2)
                                              0.356787   data arrival time

                      0.000000    2.000000    2.000000   clock clk (rise edge)
                                  0.000000    2.000000   clock network delay (ideal)
                                 -0.020000    1.980000   clock uncertainty
                                  0.000000    1.980000   clock reconvergence pessimism
                                              1.980000 ^ _10_/CLK (sky130_fd_sc_hd__dfrtp_2)
                                 -0.121985    1.858015   library setup time
                                              1.858015   data required time
---------------------------------------------------------------------------------------------
                                              1.858015   data required time
                                             -0.356787   data arrival time
---------------------------------------------------------------------------------------------
                                              1.501228   slack (MET)


Startpoint: _37_ (rising edge-triggered flip-flop clocked by clk)
Endpoint: _11_ (rising edge-triggered flip-flop clocked by clk)
Path Group: clk
Path Type: max

Fanout         Cap        Slew       Delay        Time   Description
---------------------------------------------------------------------------------------------
                      0.000000    0.000000    0.000000   clock clk (rise edge)
                                  0.000000    0.000000   clock network delay (ideal)
                      0.000000    0.000000    0.000000 ^ _37_/CLK (sky130_fd_sc_hd__dfrtp_2)
     1    0.001949    0.036093    0.356787    0.356787 v _37_/Q (sky130_fd_sc_hd__dfrtp_2)
                                                         S_r3[1][3] (net)
                      0.036093    0.000000    0.356787 v _11_/D (sky130_fd_sc_hd__dfrtp_2)
                                              0.356787   data arrival time

                      0.000000    2.000000    2.000000   clock clk (rise edge)
                                  0.000000    2.000000   clock network delay (ideal)
                                 -0.020000    1.980000   clock uncertainty
                                  0.000000    1.980000   clock reconvergence pessimism
                                              1.980000 ^ _11_/CLK (sky130_fd_sc_hd__dfrtp_2)
                                 -0.121985    1.858015   library setup time
                                              1.858015   data required time
---------------------------------------------------------------------------------------------
                                              1.858015   data required time
                                             -0.356787   data arrival time
---------------------------------------------------------------------------------------------
                                              1.501228   slack (MET)


Startpoint: _38_ (rising edge-triggered flip-flop clocked by clk)
Endpoint: _12_ (rising edge-triggered flip-flop clocked by clk)
Path Group: clk
Path Type: max

Fanout         Cap        Slew       Delay        Time   Description
---------------------------------------------------------------------------------------------
                      0.000000    0.000000    0.000000   clock clk (rise edge)
                                  0.000000    0.000000   clock network delay (ideal)
                      0.000000    0.000000    0.000000 ^ _38_/CLK (sky130_fd_sc_hd__dfrtp_2)
     1    0.001949    0.036093    0.356787    0.356787 v _38_/Q (sky130_fd_sc_hd__dfrtp_2)
                                                         S_r3[1][4] (net)
                      0.036093    0.000000    0.356787 v _12_/D (sky130_fd_sc_hd__dfrtp_2)
                                              0.356787   data arrival time

                      0.000000    2.000000    2.000000   clock clk (rise edge)
                                  0.000000    2.000000   clock network delay (ideal)
                                 -0.020000    1.980000   clock uncertainty
                                  0.000000    1.980000   clock reconvergence pessimism
                                              1.980000 ^ _12_/CLK (sky130_fd_sc_hd__dfrtp_2)
                                 -0.121985    1.858015   library setup time
                                              1.858015   data required time
---------------------------------------------------------------------------------------------
                                              1.858015   data required time
                                             -0.356787   data arrival time
---------------------------------------------------------------------------------------------
                                              1.501228   slack (MET)


Startpoint: _39_ (rising edge-triggered flip-flop clocked by clk)
Endpoint: _13_ (rising edge-triggered flip-flop clocked by clk)
Path Group: clk
Path Type: max

Fanout         Cap        Slew       Delay        Time   Description
---------------------------------------------------------------------------------------------
                      0.000000    0.000000    0.000000   clock clk (rise edge)
                                  0.000000    0.000000   clock network delay (ideal)
                      0.000000    0.000000    0.000000 ^ _39_/CLK (sky130_fd_sc_hd__dfrtp_2)
     1    0.001949    0.036093    0.356787    0.356787 v _39_/Q (sky130_fd_sc_hd__dfrtp_2)
                                                         S_r3[1][5] (net)
                      0.036093    0.000000    0.356787 v _13_/D (sky130_fd_sc_hd__dfrtp_2)
                                              0.356787   data arrival time

                      0.000000    2.000000    2.000000   clock clk (rise edge)
                                  0.000000    2.000000   clock network delay (ideal)
                                 -0.020000    1.980000   clock uncertainty
                                  0.000000    1.980000   clock reconvergence pessimism
                                              1.980000 ^ _13_/CLK (sky130_fd_sc_hd__dfrtp_2)
                                 -0.121985    1.858015   library setup time
                                              1.858015   data required time
---------------------------------------------------------------------------------------------
                                              1.858015   data required time
                                             -0.356787   data arrival time
---------------------------------------------------------------------------------------------
                                              1.501228   slack (MET)


Startpoint: _16_ (rising edge-triggered flip-flop clocked by clk)
Endpoint: _14_ (rising edge-triggered flip-flop clocked by clk)
Path Group: clk
Path Type: max

Fanout         Cap        Slew       Delay        Time   Description
---------------------------------------------------------------------------------------------
                      0.000000    0.000000    0.000000   clock clk (rise edge)
                                  0.000000    0.000000   clock network delay (ideal)
                      0.000000    0.000000    0.000000 ^ _16_/CLK (sky130_fd_sc_hd__dfrtp_2)
     1    0.001949    0.036093    0.356787    0.356787 v _16_/Q (sky130_fd_sc_hd__dfrtp_2)
                                                         PPs_r3_remain[0][6] (net)
                      0.036093    0.000000    0.356787 v _14_/D (sky130_fd_sc_hd__dfrtp_2)
                                              0.356787   data arrival time

                      0.000000    2.000000    2.000000   clock clk (rise edge)
                                  0.000000    2.000000   clock network delay (ideal)
                                 -0.020000    1.980000   clock uncertainty
                                  0.000000    1.980000   clock reconvergence pessimism
                                              1.980000 ^ _14_/CLK (sky130_fd_sc_hd__dfrtp_2)
                                 -0.121985    1.858015   library setup time
                                              1.858015   data required time
---------------------------------------------------------------------------------------------
                                              1.858015   data required time
                                             -0.356787   data arrival time
---------------------------------------------------------------------------------------------
                                              1.501228   slack (MET)


Startpoint: _17_ (rising edge-triggered flip-flop clocked by clk)
Endpoint: _15_ (rising edge-triggered flip-flop clocked by clk)
Path Group: clk
Path Type: max

Fanout         Cap        Slew       Delay        Time   Description
---------------------------------------------------------------------------------------------
                      0.000000    0.000000    0.000000   clock clk (rise edge)
                                  0.000000    0.000000   clock network delay (ideal)
                      0.000000    0.000000    0.000000 ^ _17_/CLK (sky130_fd_sc_hd__dfrtp_2)
     1    0.001949    0.036093    0.356787    0.356787 v _17_/Q (sky130_fd_sc_hd__dfrtp_2)
                                                         PPs_r3_remain[1][7] (net)
                      0.036093    0.000000    0.356787 v _15_/D (sky130_fd_sc_hd__dfrtp_2)
                                              0.356787   data arrival time

                      0.000000    2.000000    2.000000   clock clk (rise edge)
                                  0.000000    2.000000   clock network delay (ideal)
                                 -0.020000    1.980000   clock uncertainty
                                  0.000000    1.980000   clock reconvergence pessimism
                                              1.980000 ^ _15_/CLK (sky130_fd_sc_hd__dfrtp_2)
                                 -0.121985    1.858015   library setup time
                                              1.858015   data required time
---------------------------------------------------------------------------------------------
                                              1.858015   data required time
                                             -0.356787   data arrival time
---------------------------------------------------------------------------------------------
                                              1.501228   slack (MET)


Startpoint: _32_ (rising edge-triggered flip-flop clocked by clk)
Endpoint: _16_ (rising edge-triggered flip-flop clocked by clk)
Path Group: clk
Path Type: max

Fanout         Cap        Slew       Delay        Time   Description
---------------------------------------------------------------------------------------------
                      0.000000    0.000000    0.000000   clock clk (rise edge)
                                  0.000000    0.000000   clock network delay (ideal)
                      0.000000    0.000000    0.000000 ^ _32_/CLK (sky130_fd_sc_hd__dfrtp_2)
     1    0.001949    0.036093    0.356787    0.356787 v _32_/Q (sky130_fd_sc_hd__dfrtp_2)
                                                         PPs_r2[6][6] (net)
                      0.036093    0.000000    0.356787 v _16_/D (sky130_fd_sc_hd__dfrtp_2)
                                              0.356787   data arrival time

                      0.000000    2.000000    2.000000   clock clk (rise edge)
                                  0.000000    2.000000   clock network delay (ideal)
                                 -0.020000    1.980000   clock uncertainty
                                  0.000000    1.980000   clock reconvergence pessimism
                                              1.980000 ^ _16_/CLK (sky130_fd_sc_hd__dfrtp_2)
                                 -0.121985    1.858015   library setup time
                                              1.858015   data required time
---------------------------------------------------------------------------------------------
                                              1.858015   data required time
                                             -0.356787   data arrival time
---------------------------------------------------------------------------------------------
                                              1.501228   slack (MET)


Startpoint: _33_ (rising edge-triggered flip-flop clocked by clk)
Endpoint: _17_ (rising edge-triggered flip-flop clocked by clk)
Path Group: clk
Path Type: max

Fanout         Cap        Slew       Delay        Time   Description
---------------------------------------------------------------------------------------------
                      0.000000    0.000000    0.000000   clock clk (rise edge)
                                  0.000000    0.000000   clock network delay (ideal)
                      0.000000    0.000000    0.000000 ^ _33_/CLK (sky130_fd_sc_hd__dfrtp_2)
     1    0.001949    0.036093    0.356787    0.356787 v _33_/Q (sky130_fd_sc_hd__dfrtp_2)
                                                         PPs_r2[7][7] (net)
                      0.036093    0.000000    0.356787 v _17_/D (sky130_fd_sc_hd__dfrtp_2)
                                              0.356787   data arrival time

                      0.000000    2.000000    2.000000   clock clk (rise edge)
                                  0.000000    2.000000   clock network delay (ideal)
                                 -0.020000    1.980000   clock uncertainty
                                  0.000000    1.980000   clock reconvergence pessimism
                                              1.980000 ^ _17_/CLK (sky130_fd_sc_hd__dfrtp_2)
                                 -0.121985    1.858015   library setup time
                                              1.858015   data required time
---------------------------------------------------------------------------------------------
                                              1.858015   data required time
                                             -0.356787   data arrival time
---------------------------------------------------------------------------------------------
                                              1.501228   slack (MET)


Startpoint: _08_ (rising edge-triggered flip-flop clocked by clk)
Endpoint: _22_ (rising edge-triggered flip-flop clocked by clk)
Path Group: clk
Path Type: max

Fanout         Cap        Slew       Delay        Time   Description
---------------------------------------------------------------------------------------------
                      0.000000    0.000000    0.000000   clock clk (rise edge)
                                  0.000000    0.000000   clock network delay (ideal)
                      0.000000    0.000000    0.000000 ^ _08_/CLK (sky130_fd_sc_hd__dfrtp_2)
     1    0.001949    0.036093    0.356787    0.356787 v _08_/Q (sky130_fd_sc_hd__dfrtp_2)
                                                         S_r4[0] (net)
                      0.036093    0.000000    0.356787 v _22_/D (sky130_fd_sc_hd__dfrtp_2)
                                              0.356787   data arrival time

                      0.000000    2.000000    2.000000   clock clk (rise edge)
                                  0.000000    2.000000   clock network delay (ideal)
                                 -0.020000    1.980000   clock uncertainty
                                  0.000000    1.980000   clock reconvergence pessimism
                                              1.980000 ^ _22_/CLK (sky130_fd_sc_hd__dfrtp_2)
                                 -0.121985    1.858015   library setup time
                                              1.858015   data required time
---------------------------------------------------------------------------------------------
                                              1.858015   data required time
                                             -0.356787   data arrival time
---------------------------------------------------------------------------------------------
                                              1.501228   slack (MET)


Startpoint: _09_ (rising edge-triggered flip-flop clocked by clk)
Endpoint: _23_ (rising edge-triggered flip-flop clocked by clk)
Path Group: clk
Path Type: max

Fanout         Cap        Slew       Delay        Time   Description
---------------------------------------------------------------------------------------------
                      0.000000    0.000000    0.000000   clock clk (rise edge)
                                  0.000000    0.000000   clock network delay (ideal)
                      0.000000    0.000000    0.000000 ^ _09_/CLK (sky130_fd_sc_hd__dfrtp_2)
     1    0.001949    0.036093    0.356787    0.356787 v _09_/Q (sky130_fd_sc_hd__dfrtp_2)
                                                         S_r4[1] (net)
                      0.036093    0.000000    0.356787 v _23_/D (sky130_fd_sc_hd__dfrtp_2)
                                              0.356787   data arrival time

                      0.000000    2.000000    2.000000   clock clk (rise edge)
                                  0.000000    2.000000   clock network delay (ideal)
                                 -0.020000    1.980000   clock uncertainty
                                  0.000000    1.980000   clock reconvergence pessimism
                                              1.980000 ^ _23_/CLK (sky130_fd_sc_hd__dfrtp_2)
                                 -0.121985    1.858015   library setup time
                                              1.858015   data required time
---------------------------------------------------------------------------------------------
                                              1.858015   data required time
                                             -0.356787   data arrival time
---------------------------------------------------------------------------------------------
                                              1.501228   slack (MET)


Startpoint: _10_ (rising edge-triggered flip-flop clocked by clk)
Endpoint: _24_ (rising edge-triggered flip-flop clocked by clk)
Path Group: clk
Path Type: max

Fanout         Cap        Slew       Delay        Time   Description
---------------------------------------------------------------------------------------------
                      0.000000    0.000000    0.000000   clock clk (rise edge)
                                  0.000000    0.000000   clock network delay (ideal)
                      0.000000    0.000000    0.000000 ^ _10_/CLK (sky130_fd_sc_hd__dfrtp_2)
     1    0.001949    0.036093    0.356787    0.356787 v _10_/Q (sky130_fd_sc_hd__dfrtp_2)
                                                         S_r4[2] (net)
                      0.036093    0.000000    0.356787 v _24_/D (sky130_fd_sc_hd__dfrtp_2)
                                              0.356787   data arrival time

                      0.000000    2.000000    2.000000   clock clk (rise edge)
                                  0.000000    2.000000   clock network delay (ideal)
                                 -0.020000    1.980000   clock uncertainty
                                  0.000000    1.980000   clock reconvergence pessimism
                                              1.980000 ^ _24_/CLK (sky130_fd_sc_hd__dfrtp_2)
                                 -0.121985    1.858015   library setup time
                                              1.858015   data required time
---------------------------------------------------------------------------------------------
                                              1.858015   data required time
                                             -0.356787   data arrival time
---------------------------------------------------------------------------------------------
                                              1.501228   slack (MET)


Startpoint: _11_ (rising edge-triggered flip-flop clocked by clk)
Endpoint: _25_ (rising edge-triggered flip-flop clocked by clk)
Path Group: clk
Path Type: max

Fanout         Cap        Slew       Delay        Time   Description
---------------------------------------------------------------------------------------------
                      0.000000    0.000000    0.000000   clock clk (rise edge)
                                  0.000000    0.000000   clock network delay (ideal)
                      0.000000    0.000000    0.000000 ^ _11_/CLK (sky130_fd_sc_hd__dfrtp_2)
     1    0.001949    0.036093    0.356787    0.356787 v _11_/Q (sky130_fd_sc_hd__dfrtp_2)
                                                         S_r4[3] (net)
                      0.036093    0.000000    0.356787 v _25_/D (sky130_fd_sc_hd__dfrtp_2)
                                              0.356787   data arrival time

                      0.000000    2.000000    2.000000   clock clk (rise edge)
                                  0.000000    2.000000   clock network delay (ideal)
                                 -0.020000    1.980000   clock uncertainty
                                  0.000000    1.980000   clock reconvergence pessimism
                                              1.980000 ^ _25_/CLK (sky130_fd_sc_hd__dfrtp_2)
                                 -0.121985    1.858015   library setup time
                                              1.858015   data required time
---------------------------------------------------------------------------------------------
                                              1.858015   data required time
                                             -0.356787   data arrival time
---------------------------------------------------------------------------------------------
                                              1.501228   slack (MET)


Startpoint: _12_ (rising edge-triggered flip-flop clocked by clk)
Endpoint: _26_ (rising edge-triggered flip-flop clocked by clk)
Path Group: clk
Path Type: max

Fanout         Cap        Slew       Delay        Time   Description
---------------------------------------------------------------------------------------------
                      0.000000    0.000000    0.000000   clock clk (rise edge)
                                  0.000000    0.000000   clock network delay (ideal)
                      0.000000    0.000000    0.000000 ^ _12_/CLK (sky130_fd_sc_hd__dfrtp_2)
     1    0.001949    0.036093    0.356787    0.356787 v _12_/Q (sky130_fd_sc_hd__dfrtp_2)
                                                         S_r4[4] (net)
                      0.036093    0.000000    0.356787 v _26_/D (sky130_fd_sc_hd__dfrtp_2)
                                              0.356787   data arrival time

                      0.000000    2.000000    2.000000   clock clk (rise edge)
                                  0.000000    2.000000   clock network delay (ideal)
                                 -0.020000    1.980000   clock uncertainty
                                  0.000000    1.980000   clock reconvergence pessimism
                                              1.980000 ^ _26_/CLK (sky130_fd_sc_hd__dfrtp_2)
                                 -0.121985    1.858015   library setup time
                                              1.858015   data required time
---------------------------------------------------------------------------------------------
                                              1.858015   data required time
                                             -0.356787   data arrival time
---------------------------------------------------------------------------------------------
                                              1.501228   slack (MET)


Startpoint: _13_ (rising edge-triggered flip-flop clocked by clk)
Endpoint: _27_ (rising edge-triggered flip-flop clocked by clk)
Path Group: clk
Path Type: max

Fanout         Cap        Slew       Delay        Time   Description
---------------------------------------------------------------------------------------------
                      0.000000    0.000000    0.000000   clock clk (rise edge)
                                  0.000000    0.000000   clock network delay (ideal)
                      0.000000    0.000000    0.000000 ^ _13_/CLK (sky130_fd_sc_hd__dfrtp_2)
     1    0.001949    0.036093    0.356787    0.356787 v _13_/Q (sky130_fd_sc_hd__dfrtp_2)
                                                         S_r4[5] (net)
                      0.036093    0.000000    0.356787 v _27_/D (sky130_fd_sc_hd__dfrtp_2)
                                              0.356787   data arrival time

                      0.000000    2.000000    2.000000   clock clk (rise edge)
                                  0.000000    2.000000   clock network delay (ideal)
                                 -0.020000    1.980000   clock uncertainty
                                  0.000000    1.980000   clock reconvergence pessimism
                                              1.980000 ^ _27_/CLK (sky130_fd_sc_hd__dfrtp_2)
                                 -0.121985    1.858015   library setup time
                                              1.858015   data required time
---------------------------------------------------------------------------------------------
                                              1.858015   data required time
                                             -0.356787   data arrival time
---------------------------------------------------------------------------------------------
                                              1.501228   slack (MET)


Startpoint: _14_ (rising edge-triggered flip-flop clocked by clk)
Endpoint: _28_ (rising edge-triggered flip-flop clocked by clk)
Path Group: clk
Path Type: max

Fanout         Cap        Slew       Delay        Time   Description
---------------------------------------------------------------------------------------------
                      0.000000    0.000000    0.000000   clock clk (rise edge)
                                  0.000000    0.000000   clock network delay (ideal)
                      0.000000    0.000000    0.000000 ^ _14_/CLK (sky130_fd_sc_hd__dfrtp_2)
     1    0.001949    0.036093    0.356787    0.356787 v _14_/Q (sky130_fd_sc_hd__dfrtp_2)
                                                         S_r4[6] (net)
                      0.036093    0.000000    0.356787 v _28_/D (sky130_fd_sc_hd__dfrtp_2)
                                              0.356787   data arrival time

                      0.000000    2.000000    2.000000   clock clk (rise edge)
                                  0.000000    2.000000   clock network delay (ideal)
                                 -0.020000    1.980000   clock uncertainty
                                  0.000000    1.980000   clock reconvergence pessimism
                                              1.980000 ^ _28_/CLK (sky130_fd_sc_hd__dfrtp_2)
                                 -0.121985    1.858015   library setup time
                                              1.858015   data required time
---------------------------------------------------------------------------------------------
                                              1.858015   data required time
                                             -0.356787   data arrival time
---------------------------------------------------------------------------------------------
                                              1.501228   slack (MET)


Startpoint: _15_ (rising edge-triggered flip-flop clocked by clk)
Endpoint: _29_ (rising edge-triggered flip-flop clocked by clk)
Path Group: clk
Path Type: max

Fanout         Cap        Slew       Delay        Time   Description
---------------------------------------------------------------------------------------------
                      0.000000    0.000000    0.000000   clock clk (rise edge)
                                  0.000000    0.000000   clock network delay (ideal)
                      0.000000    0.000000    0.000000 ^ _15_/CLK (sky130_fd_sc_hd__dfrtp_2)
     1    0.001949    0.036093    0.356787    0.356787 v _15_/Q (sky130_fd_sc_hd__dfrtp_2)
                                                         S_r4[7] (net)
                      0.036093    0.000000    0.356787 v _29_/D (sky130_fd_sc_hd__dfrtp_2)
                                              0.356787   data arrival time

                      0.000000    2.000000    2.000000   clock clk (rise edge)
                                  0.000000    2.000000   clock network delay (ideal)
                                 -0.020000    1.980000   clock uncertainty
                                  0.000000    1.980000   clock reconvergence pessimism
                                              1.980000 ^ _29_/CLK (sky130_fd_sc_hd__dfrtp_2)
                                 -0.121985    1.858015   library setup time
                                              1.858015   data required time
---------------------------------------------------------------------------------------------
                                              1.858015   data required time
                                             -0.356787   data arrival time
---------------------------------------------------------------------------------------------
                                              1.501228   slack (MET)


Startpoint: _18_ (rising edge-triggered flip-flop clocked by clk)
Endpoint: _34_ (rising edge-triggered flip-flop clocked by clk)
Path Group: clk
Path Type: max

Fanout         Cap        Slew       Delay        Time   Description
---------------------------------------------------------------------------------------------
                      0.000000    0.000000    0.000000   clock clk (rise edge)
                                  0.000000    0.000000   clock network delay (ideal)
                      0.000000    0.000000    0.000000 ^ _18_/CLK (sky130_fd_sc_hd__dfrtp_2)
     1    0.001949    0.036093    0.356787    0.356787 v _18_/Q (sky130_fd_sc_hd__dfrtp_2)
                                                         PPs_r2[0][0] (net)
                      0.036093    0.000000    0.356787 v _34_/D (sky130_fd_sc_hd__dfrtp_2)
                                              0.356787   data arrival time

                      0.000000    2.000000    2.000000   clock clk (rise edge)
                                  0.000000    2.000000   clock network delay (ideal)
                                 -0.020000    1.980000   clock uncertainty
                                  0.000000    1.980000   clock reconvergence pessimism
                                              1.980000 ^ _34_/CLK (sky130_fd_sc_hd__dfrtp_2)
                                 -0.121985    1.858015   library setup time
                                              1.858015   data required time
---------------------------------------------------------------------------------------------
                                              1.858015   data required time
                                             -0.356787   data arrival time
---------------------------------------------------------------------------------------------
                                              1.501228   slack (MET)


Startpoint: _19_ (rising edge-triggered flip-flop clocked by clk)
Endpoint: _35_ (rising edge-triggered flip-flop clocked by clk)
Path Group: clk
Path Type: max

Fanout         Cap        Slew       Delay        Time   Description
---------------------------------------------------------------------------------------------
                      0.000000    0.000000    0.000000   clock clk (rise edge)
                                  0.000000    0.000000   clock network delay (ideal)
                      0.000000    0.000000    0.000000 ^ _19_/CLK (sky130_fd_sc_hd__dfrtp_2)
     1    0.001949    0.036093    0.356787    0.356787 v _19_/Q (sky130_fd_sc_hd__dfrtp_2)
                                                         PPs_r2[1][1] (net)
                      0.036093    0.000000    0.356787 v _35_/D (sky130_fd_sc_hd__dfrtp_2)
                                              0.356787   data arrival time

                      0.000000    2.000000    2.000000   clock clk (rise edge)
                                  0.000000    2.000000   clock network delay (ideal)
                                 -0.020000    1.980000   clock uncertainty
                                  0.000000    1.980000   clock reconvergence pessimism
                                              1.980000 ^ _35_/CLK (sky130_fd_sc_hd__dfrtp_2)
                                 -0.121985    1.858015   library setup time
                                              1.858015   data required time
---------------------------------------------------------------------------------------------
                                              1.858015   data required time
                                             -0.356787   data arrival time
---------------------------------------------------------------------------------------------
                                              1.501228   slack (MET)


Startpoint: _20_ (rising edge-triggered flip-flop clocked by clk)
Endpoint: _36_ (rising edge-triggered flip-flop clocked by clk)
Path Group: clk
Path Type: max

Fanout         Cap        Slew       Delay        Time   Description
---------------------------------------------------------------------------------------------
                      0.000000    0.000000    0.000000   clock clk (rise edge)
                                  0.000000    0.000000   clock network delay (ideal)
                      0.000000    0.000000    0.000000 ^ _20_/CLK (sky130_fd_sc_hd__dfrtp_2)
     1    0.001949    0.036093    0.356787    0.356787 v _20_/Q (sky130_fd_sc_hd__dfrtp_2)
                                                         PPs_r2[2][2] (net)
                      0.036093    0.000000    0.356787 v _36_/D (sky130_fd_sc_hd__dfrtp_2)
                                              0.356787   data arrival time

                      0.000000    2.000000    2.000000   clock clk (rise edge)
                                  0.000000    2.000000   clock network delay (ideal)
                                 -0.020000    1.980000   clock uncertainty
                                  0.000000    1.980000   clock reconvergence pessimism
                                              1.980000 ^ _36_/CLK (sky130_fd_sc_hd__dfrtp_2)
                                 -0.121985    1.858015   library setup time
                                              1.858015   data required time
---------------------------------------------------------------------------------------------
                                              1.858015   data required time
                                             -0.356787   data arrival time
---------------------------------------------------------------------------------------------
                                              1.501228   slack (MET)


Startpoint: _21_ (rising edge-triggered flip-flop clocked by clk)
Endpoint: _37_ (rising edge-triggered flip-flop clocked by clk)
Path Group: clk
Path Type: max

Fanout         Cap        Slew       Delay        Time   Description
---------------------------------------------------------------------------------------------
                      0.000000    0.000000    0.000000   clock clk (rise edge)
                                  0.000000    0.000000   clock network delay (ideal)
                      0.000000    0.000000    0.000000 ^ _21_/CLK (sky130_fd_sc_hd__dfrtp_2)
     1    0.001949    0.036093    0.356787    0.356787 v _21_/Q (sky130_fd_sc_hd__dfrtp_2)
                                                         PPs_r2[3][3] (net)
                      0.036093    0.000000    0.356787 v _37_/D (sky130_fd_sc_hd__dfrtp_2)
                                              0.356787   data arrival time

                      0.000000    2.000000    2.000000   clock clk (rise edge)
                                  0.000000    2.000000   clock network delay (ideal)
                                 -0.020000    1.980000   clock uncertainty
                                  0.000000    1.980000   clock reconvergence pessimism
                                              1.980000 ^ _37_/CLK (sky130_fd_sc_hd__dfrtp_2)
                                 -0.121985    1.858015   library setup time
                                              1.858015   data required time
---------------------------------------------------------------------------------------------
                                              1.858015   data required time
                                             -0.356787   data arrival time
---------------------------------------------------------------------------------------------
                                              1.501228   slack (MET)


Startpoint: _30_ (rising edge-triggered flip-flop clocked by clk)
Endpoint: _38_ (rising edge-triggered flip-flop clocked by clk)
Path Group: clk
Path Type: max

Fanout         Cap        Slew       Delay        Time   Description
---------------------------------------------------------------------------------------------
                      0.000000    0.000000    0.000000   clock clk (rise edge)
                                  0.000000    0.000000   clock network delay (ideal)
                      0.000000    0.000000    0.000000 ^ _30_/CLK (sky130_fd_sc_hd__dfrtp_2)
     1    0.001949    0.036093    0.356787    0.356787 v _30_/Q (sky130_fd_sc_hd__dfrtp_2)
                                                         PPs_r2[4][4] (net)
                      0.036093    0.000000    0.356787 v _38_/D (sky130_fd_sc_hd__dfrtp_2)
                                              0.356787   data arrival time

                      0.000000    2.000000    2.000000   clock clk (rise edge)
                                  0.000000    2.000000   clock network delay (ideal)
                                 -0.020000    1.980000   clock uncertainty
                                  0.000000    1.980000   clock reconvergence pessimism
                                              1.980000 ^ _38_/CLK (sky130_fd_sc_hd__dfrtp_2)
                                 -0.121985    1.858015   library setup time
                                              1.858015   data required time
---------------------------------------------------------------------------------------------
                                              1.858015   data required time
                                             -0.356787   data arrival time
---------------------------------------------------------------------------------------------
                                              1.501228   slack (MET)


Startpoint: _31_ (rising edge-triggered flip-flop clocked by clk)
Endpoint: _39_ (rising edge-triggered flip-flop clocked by clk)
Path Group: clk
Path Type: max

Fanout         Cap        Slew       Delay        Time   Description
---------------------------------------------------------------------------------------------
                      0.000000    0.000000    0.000000   clock clk (rise edge)
                                  0.000000    0.000000   clock network delay (ideal)
                      0.000000    0.000000    0.000000 ^ _31_/CLK (sky130_fd_sc_hd__dfrtp_2)
     1    0.001949    0.036093    0.356787    0.356787 v _31_/Q (sky130_fd_sc_hd__dfrtp_2)
                                                         PPs_r2[5][5] (net)
                      0.036093    0.000000    0.356787 v _39_/D (sky130_fd_sc_hd__dfrtp_2)
                                              0.356787   data arrival time

                      0.000000    2.000000    2.000000   clock clk (rise edge)
                                  0.000000    2.000000   clock network delay (ideal)
                                 -0.020000    1.980000   clock uncertainty
                                  0.000000    1.980000   clock reconvergence pessimism
                                              1.980000 ^ _39_/CLK (sky130_fd_sc_hd__dfrtp_2)
                                 -0.121985    1.858015   library setup time
                                              1.858015   data required time
---------------------------------------------------------------------------------------------
                                              1.858015   data required time
                                             -0.356787   data arrival time
---------------------------------------------------------------------------------------------
                                              1.501228   slack (MET)


Startpoint: a[0] (input port clocked by clk)
Endpoint: _40_ (rising edge-triggered flip-flop clocked by clk)
Path Group: clk
Path Type: max

Fanout         Cap        Slew       Delay        Time   Description
---------------------------------------------------------------------------------------------
                      0.000000    0.000000    0.000000   clock clk (rise edge)
                                  0.000000    0.000000   clock network delay (ideal)
                                  0.200000    0.200000 v input external delay
     1    0.001949    0.000000    0.000000    0.200000 v a[0] (in)
                                                         a[0] (net)
                      0.000000    0.000000    0.200000 v _40_/D (sky130_fd_sc_hd__dfrtp_2)
                                              0.200000   data arrival time

                      0.000000    2.000000    2.000000   clock clk (rise edge)
                                  0.000000    2.000000   clock network delay (ideal)
                                 -0.020000    1.980000   clock uncertainty
                                  0.000000    1.980000   clock reconvergence pessimism
                                              1.980000 ^ _40_/CLK (sky130_fd_sc_hd__dfrtp_2)
                                 -0.106106    1.873894   library setup time
                                              1.873894   data required time
---------------------------------------------------------------------------------------------
                                              1.873894   data required time
                                             -0.200000   data arrival time
---------------------------------------------------------------------------------------------
                                              1.673894   slack (MET)


Startpoint: a[1] (input port clocked by clk)
Endpoint: _41_ (rising edge-triggered flip-flop clocked by clk)
Path Group: clk
Path Type: max

Fanout         Cap        Slew       Delay        Time   Description
---------------------------------------------------------------------------------------------
                      0.000000    0.000000    0.000000   clock clk (rise edge)
                                  0.000000    0.000000   clock network delay (ideal)
                                  0.200000    0.200000 v input external delay
     1    0.001949    0.000000    0.000000    0.200000 v a[1] (in)
                                                         a[1] (net)
                      0.000000    0.000000    0.200000 v _41_/D (sky130_fd_sc_hd__dfrtp_2)
                                              0.200000   data arrival time

                      0.000000    2.000000    2.000000   clock clk (rise edge)
                                  0.000000    2.000000   clock network delay (ideal)
                                 -0.020000    1.980000   clock uncertainty
                                  0.000000    1.980000   clock reconvergence pessimism
                                              1.980000 ^ _41_/CLK (sky130_fd_sc_hd__dfrtp_2)
                                 -0.106106    1.873894   library setup time
                                              1.873894   data required time
---------------------------------------------------------------------------------------------
                                              1.873894   data required time
                                             -0.200000   data arrival time
---------------------------------------------------------------------------------------------
                                              1.673894   slack (MET)


Startpoint: a[2] (input port clocked by clk)
Endpoint: _42_ (rising edge-triggered flip-flop clocked by clk)
Path Group: clk
Path Type: max

Fanout         Cap        Slew       Delay        Time   Description
---------------------------------------------------------------------------------------------
                      0.000000    0.000000    0.000000   clock clk (rise edge)
                                  0.000000    0.000000   clock network delay (ideal)
                                  0.200000    0.200000 v input external delay
     1    0.001949    0.000000    0.000000    0.200000 v a[2] (in)
                                                         a[2] (net)
                      0.000000    0.000000    0.200000 v _42_/D (sky130_fd_sc_hd__dfrtp_2)
                                              0.200000   data arrival time

                      0.000000    2.000000    2.000000   clock clk (rise edge)
                                  0.000000    2.000000   clock network delay (ideal)
                                 -0.020000    1.980000   clock uncertainty
                                  0.000000    1.980000   clock reconvergence pessimism
                                              1.980000 ^ _42_/CLK (sky130_fd_sc_hd__dfrtp_2)
                                 -0.106106    1.873894   library setup time
                                              1.873894   data required time
---------------------------------------------------------------------------------------------
                                              1.873894   data required time
                                             -0.200000   data arrival time
---------------------------------------------------------------------------------------------
                                              1.673894   slack (MET)


Startpoint: a[3] (input port clocked by clk)
Endpoint: _43_ (rising edge-triggered flip-flop clocked by clk)
Path Group: clk
Path Type: max

Fanout         Cap        Slew       Delay        Time   Description
---------------------------------------------------------------------------------------------
                      0.000000    0.000000    0.000000   clock clk (rise edge)
                                  0.000000    0.000000   clock network delay (ideal)
                                  0.200000    0.200000 v input external delay
     1    0.001949    0.000000    0.000000    0.200000 v a[3] (in)
                                                         a[3] (net)
                      0.000000    0.000000    0.200000 v _43_/D (sky130_fd_sc_hd__dfrtp_2)
                                              0.200000   data arrival time

                      0.000000    2.000000    2.000000   clock clk (rise edge)
                                  0.000000    2.000000   clock network delay (ideal)
                                 -0.020000    1.980000   clock uncertainty
                                  0.000000    1.980000   clock reconvergence pessimism
                                              1.980000 ^ _43_/CLK (sky130_fd_sc_hd__dfrtp_2)
                                 -0.106106    1.873894   library setup time
                                              1.873894   data required time
---------------------------------------------------------------------------------------------
                                              1.873894   data required time
                                             -0.200000   data arrival time
---------------------------------------------------------------------------------------------
                                              1.673894   slack (MET)


Startpoint: a[4] (input port clocked by clk)
Endpoint: _44_ (rising edge-triggered flip-flop clocked by clk)
Path Group: clk
Path Type: max

Fanout         Cap        Slew       Delay        Time   Description
---------------------------------------------------------------------------------------------
                      0.000000    0.000000    0.000000   clock clk (rise edge)
                                  0.000000    0.000000   clock network delay (ideal)
                                  0.200000    0.200000 v input external delay
     1    0.001949    0.000000    0.000000    0.200000 v a[4] (in)
                                                         a[4] (net)
                      0.000000    0.000000    0.200000 v _44_/D (sky130_fd_sc_hd__dfrtp_2)
                                              0.200000   data arrival time

                      0.000000    2.000000    2.000000   clock clk (rise edge)
                                  0.000000    2.000000   clock network delay (ideal)
                                 -0.020000    1.980000   clock uncertainty
                                  0.000000    1.980000   clock reconvergence pessimism
                                              1.980000 ^ _44_/CLK (sky130_fd_sc_hd__dfrtp_2)
                                 -0.106106    1.873894   library setup time
                                              1.873894   data required time
---------------------------------------------------------------------------------------------
                                              1.873894   data required time
                                             -0.200000   data arrival time
---------------------------------------------------------------------------------------------
                                              1.673894   slack (MET)


Startpoint: a[5] (input port clocked by clk)
Endpoint: _45_ (rising edge-triggered flip-flop clocked by clk)
Path Group: clk
Path Type: max

Fanout         Cap        Slew       Delay        Time   Description
---------------------------------------------------------------------------------------------
                      0.000000    0.000000    0.000000   clock clk (rise edge)
                                  0.000000    0.000000   clock network delay (ideal)
                                  0.200000    0.200000 v input external delay
     1    0.001949    0.000000    0.000000    0.200000 v a[5] (in)
                                                         a[5] (net)
                      0.000000    0.000000    0.200000 v _45_/D (sky130_fd_sc_hd__dfrtp_2)
                                              0.200000   data arrival time

                      0.000000    2.000000    2.000000   clock clk (rise edge)
                                  0.000000    2.000000   clock network delay (ideal)
                                 -0.020000    1.980000   clock uncertainty
                                  0.000000    1.980000   clock reconvergence pessimism
                                              1.980000 ^ _45_/CLK (sky130_fd_sc_hd__dfrtp_2)
                                 -0.106106    1.873894   library setup time
                                              1.873894   data required time
---------------------------------------------------------------------------------------------
                                              1.873894   data required time
                                             -0.200000   data arrival time
---------------------------------------------------------------------------------------------
                                              1.673894   slack (MET)


Startpoint: a[6] (input port clocked by clk)
Endpoint: _46_ (rising edge-triggered flip-flop clocked by clk)
Path Group: clk
Path Type: max

Fanout         Cap        Slew       Delay        Time   Description
---------------------------------------------------------------------------------------------
                      0.000000    0.000000    0.000000   clock clk (rise edge)
                                  0.000000    0.000000   clock network delay (ideal)
                                  0.200000    0.200000 v input external delay
     1    0.001949    0.000000    0.000000    0.200000 v a[6] (in)
                                                         a[6] (net)
                      0.000000    0.000000    0.200000 v _46_/D (sky130_fd_sc_hd__dfrtp_2)
                                              0.200000   data arrival time

                      0.000000    2.000000    2.000000   clock clk (rise edge)
                                  0.000000    2.000000   clock network delay (ideal)
                                 -0.020000    1.980000   clock uncertainty
                                  0.000000    1.980000   clock reconvergence pessimism
                                              1.980000 ^ _46_/CLK (sky130_fd_sc_hd__dfrtp_2)
                                 -0.106106    1.873894   library setup time
                                              1.873894   data required time
---------------------------------------------------------------------------------------------
                                              1.873894   data required time
                                             -0.200000   data arrival time
---------------------------------------------------------------------------------------------
                                              1.673894   slack (MET)


Startpoint: a[7] (input port clocked by clk)
Endpoint: _47_ (rising edge-triggered flip-flop clocked by clk)
Path Group: clk
Path Type: max

Fanout         Cap        Slew       Delay        Time   Description
---------------------------------------------------------------------------------------------
                      0.000000    0.000000    0.000000   clock clk (rise edge)
                                  0.000000    0.000000   clock network delay (ideal)
                                  0.200000    0.200000 v input external delay
     1    0.001949    0.000000    0.000000    0.200000 v a[7] (in)
                                                         a[7] (net)
                      0.000000    0.000000    0.200000 v _47_/D (sky130_fd_sc_hd__dfrtp_2)
                                              0.200000   data arrival time

                      0.000000    2.000000    2.000000   clock clk (rise edge)
                                  0.000000    2.000000   clock network delay (ideal)
                                 -0.020000    1.980000   clock uncertainty
                                  0.000000    1.980000   clock reconvergence pessimism
                                              1.980000 ^ _47_/CLK (sky130_fd_sc_hd__dfrtp_2)
                                 -0.106106    1.873894   library setup time
                                              1.873894   data required time
---------------------------------------------------------------------------------------------
                                              1.873894   data required time
                                             -0.200000   data arrival time
---------------------------------------------------------------------------------------------
                                              1.673894   slack (MET)


Startpoint: b[0] (input port clocked by clk)
Endpoint: _48_ (rising edge-triggered flip-flop clocked by clk)
Path Group: clk
Path Type: max

Fanout         Cap        Slew       Delay        Time   Description
---------------------------------------------------------------------------------------------
                      0.000000    0.000000    0.000000   clock clk (rise edge)
                                  0.000000    0.000000   clock network delay (ideal)
                                  0.200000    0.200000 v input external delay
     1    0.001949    0.000000    0.000000    0.200000 v b[0] (in)
                                                         b[0] (net)
                      0.000000    0.000000    0.200000 v _48_/D (sky130_fd_sc_hd__dfrtp_2)
                                              0.200000   data arrival time

                      0.000000    2.000000    2.000000   clock clk (rise edge)
                                  0.000000    2.000000   clock network delay (ideal)
                                 -0.020000    1.980000   clock uncertainty
                                  0.000000    1.980000   clock reconvergence pessimism
                                              1.980000 ^ _48_/CLK (sky130_fd_sc_hd__dfrtp_2)
                                 -0.106106    1.873894   library setup time
                                              1.873894   data required time
---------------------------------------------------------------------------------------------
                                              1.873894   data required time
                                             -0.200000   data arrival time
---------------------------------------------------------------------------------------------
                                              1.673894   slack (MET)



