
===========================================================================
report_checks -path_delay min (Hold)
============================================================================
======================= nom_tt_025C_1v80 Corner ===================================

Startpoint: _34_ (rising edge-triggered flip-flop clocked by clk)
Endpoint: _08_ (rising edge-triggered flip-flop clocked by clk)
Path Group: clk
Path Type: min

Fanout         Cap        Slew       Delay        Time   Description
---------------------------------------------------------------------------------------------
                      0.000000    0.000000    0.000000   clock clk (rise edge)
                                  0.000000    0.000000   clock network delay (ideal)
                      0.000000    0.000000    0.000000 ^ _34_/CLK (sky130_fd_sc_hd__dfrtp_2)
     1    0.002005    0.035427    0.309611    0.309611 ^ _34_/Q (sky130_fd_sc_hd__dfrtp_2)
                                                         S_r3[0][0] (net)
                      0.035427    0.000000    0.309611 ^ _08_/D (sky130_fd_sc_hd__dfrtp_2)
                                              0.309611   data arrival time

                      0.000000    0.000000    0.000000   clock clk (rise edge)
                                  0.000000    0.000000   clock network delay (ideal)
                                  0.010000    0.010000   clock uncertainty
                                  0.000000    0.010000   clock reconvergence pessimism
                                              0.010000 ^ _08_/CLK (sky130_fd_sc_hd__dfrtp_2)
                                 -0.038832   -0.028832   library hold time
                                             -0.028832   data required time
---------------------------------------------------------------------------------------------
                                             -0.028832   data required time
                                             -0.309611   data arrival time
---------------------------------------------------------------------------------------------
                                              0.338443   slack (MET)


Startpoint: _35_ (rising edge-triggered flip-flop clocked by clk)
Endpoint: _09_ (rising edge-triggered flip-flop clocked by clk)
Path Group: clk
Path Type: min

Fanout         Cap        Slew       Delay        Time   Description
---------------------------------------------------------------------------------------------
                      0.000000    0.000000    0.000000   clock clk (rise edge)
                                  0.000000    0.000000   clock network delay (ideal)
                      0.000000    0.000000    0.000000 ^ _35_/CLK (sky130_fd_sc_hd__dfrtp_2)
     1    0.002005    0.035427    0.309611    0.309611 ^ _35_/Q (sky130_fd_sc_hd__dfrtp_2)
                                                         S_r3[0][1] (net)
                      0.035427    0.000000    0.309611 ^ _09_/D (sky130_fd_sc_hd__dfrtp_2)
                                              0.309611   data arrival time

                      0.000000    0.000000    0.000000   clock clk (rise edge)
                                  0.000000    0.000000   clock network delay (ideal)
                                  0.010000    0.010000   clock uncertainty
                                  0.000000    0.010000   clock reconvergence pessimism
                                              0.010000 ^ _09_/CLK (sky130_fd_sc_hd__dfrtp_2)
                                 -0.038832   -0.028832   library hold time
                                             -0.028832   data required time
---------------------------------------------------------------------------------------------
                                             -0.028832   data required time
                                             -0.309611   data arrival time
---------------------------------------------------------------------------------------------
                                              0.338443   slack (MET)


Startpoint: _36_ (rising edge-triggered flip-flop clocked by clk)
Endpoint: _10_ (rising edge-triggered flip-flop clocked by clk)
Path Group: clk
Path Type: min

Fanout         Cap        Slew       Delay        Time   Description
---------------------------------------------------------------------------------------------
                      0.000000    0.000000    0.000000   clock clk (rise edge)
                                  0.000000    0.000000   clock network delay (ideal)
                      0.000000    0.000000    0.000000 ^ _36_/CLK (sky130_fd_sc_hd__dfrtp_2)
     1    0.002005    0.035427    0.309611    0.309611 ^ _36_/Q (sky130_fd_sc_hd__dfrtp_2)
                                                         S_r3[0][2] (net)
                      0.035427    0.000000    0.309611 ^ _10_/D (sky130_fd_sc_hd__dfrtp_2)
                                              0.309611   data arrival time

                      0.000000    0.000000    0.000000   clock clk (rise edge)
                                  0.000000    0.000000   clock network delay (ideal)
                                  0.010000    0.010000   clock uncertainty
                                  0.000000    0.010000   clock reconvergence pessimism
                                              0.010000 ^ _10_/CLK (sky130_fd_sc_hd__dfrtp_2)
                                 -0.038832   -0.028832   library hold time
                                             -0.028832   data required time
---------------------------------------------------------------------------------------------
                                             -0.028832   data required time
                                             -0.309611   data arrival time
---------------------------------------------------------------------------------------------
                                              0.338443   slack (MET)


Startpoint: _37_ (rising edge-triggered flip-flop clocked by clk)
Endpoint: _11_ (rising edge-triggered flip-flop clocked by clk)
Path Group: clk
Path Type: min

Fanout         Cap        Slew       Delay        Time   Description
---------------------------------------------------------------------------------------------
                      0.000000    0.000000    0.000000   clock clk (rise edge)
                                  0.000000    0.000000   clock network delay (ideal)
                      0.000000    0.000000    0.000000 ^ _37_/CLK (sky130_fd_sc_hd__dfrtp_2)
     1    0.002005    0.035427    0.309611    0.309611 ^ _37_/Q (sky130_fd_sc_hd__dfrtp_2)
                                                         S_r3[1][3] (net)
                      0.035427    0.000000    0.309611 ^ _11_/D (sky130_fd_sc_hd__dfrtp_2)
                                              0.309611   data arrival time

                      0.000000    0.000000    0.000000   clock clk (rise edge)
                                  0.000000    0.000000   clock network delay (ideal)
                                  0.010000    0.010000   clock uncertainty
                                  0.000000    0.010000   clock reconvergence pessimism
                                              0.010000 ^ _11_/CLK (sky130_fd_sc_hd__dfrtp_2)
                                 -0.038832   -0.028832   library hold time
                                             -0.028832   data required time
---------------------------------------------------------------------------------------------
                                             -0.028832   data required time
                                             -0.309611   data arrival time
---------------------------------------------------------------------------------------------
                                              0.338443   slack (MET)


Startpoint: _38_ (rising edge-triggered flip-flop clocked by clk)
Endpoint: _12_ (rising edge-triggered flip-flop clocked by clk)
Path Group: clk
Path Type: min

Fanout         Cap        Slew       Delay        Time   Description
---------------------------------------------------------------------------------------------
                      0.000000    0.000000    0.000000   clock clk (rise edge)
                                  0.000000    0.000000   clock network delay (ideal)
                      0.000000    0.000000    0.000000 ^ _38_/CLK (sky130_fd_sc_hd__dfrtp_2)
     1    0.002005    0.035427    0.309611    0.309611 ^ _38_/Q (sky130_fd_sc_hd__dfrtp_2)
                                                         S_r3[1][4] (net)
                      0.035427    0.000000    0.309611 ^ _12_/D (sky130_fd_sc_hd__dfrtp_2)
                                              0.309611   data arrival time

                      0.000000    0.000000    0.000000   clock clk (rise edge)
                                  0.000000    0.000000   clock network delay (ideal)
                                  0.010000    0.010000   clock uncertainty
                                  0.000000    0.010000   clock reconvergence pessimism
                                              0.010000 ^ _12_/CLK (sky130_fd_sc_hd__dfrtp_2)
                                 -0.038832   -0.028832   library hold time
                                             -0.028832   data required time
---------------------------------------------------------------------------------------------
                                             -0.028832   data required time
                                             -0.309611   data arrival time
---------------------------------------------------------------------------------------------
                                              0.338443   slack (MET)


Startpoint: _39_ (rising edge-triggered flip-flop clocked by clk)
Endpoint: _13_ (rising edge-triggered flip-flop clocked by clk)
Path Group: clk
Path Type: min

Fanout         Cap        Slew       Delay        Time   Description
---------------------------------------------------------------------------------------------
                      0.000000    0.000000    0.000000   clock clk (rise edge)
                                  0.000000    0.000000   clock network delay (ideal)
                      0.000000    0.000000    0.000000 ^ _39_/CLK (sky130_fd_sc_hd__dfrtp_2)
     1    0.002005    0.035427    0.309611    0.309611 ^ _39_/Q (sky130_fd_sc_hd__dfrtp_2)
                                                         S_r3[1][5] (net)
                      0.035427    0.000000    0.309611 ^ _13_/D (sky130_fd_sc_hd__dfrtp_2)
                                              0.309611   data arrival time

                      0.000000    0.000000    0.000000   clock clk (rise edge)
                                  0.000000    0.000000   clock network delay (ideal)
                                  0.010000    0.010000   clock uncertainty
                                  0.000000    0.010000   clock reconvergence pessimism
                                              0.010000 ^ _13_/CLK (sky130_fd_sc_hd__dfrtp_2)
                                 -0.038832   -0.028832   library hold time
                                             -0.028832   data required time
---------------------------------------------------------------------------------------------
                                             -0.028832   data required time
                                             -0.309611   data arrival time
---------------------------------------------------------------------------------------------
                                              0.338443   slack (MET)


Startpoint: _16_ (rising edge-triggered flip-flop clocked by clk)
Endpoint: _14_ (rising edge-triggered flip-flop clocked by clk)
Path Group: clk
Path Type: min

Fanout         Cap        Slew       Delay        Time   Description
---------------------------------------------------------------------------------------------
                      0.000000    0.000000    0.000000   clock clk (rise edge)
                                  0.000000    0.000000   clock network delay (ideal)
                      0.000000    0.000000    0.000000 ^ _16_/CLK (sky130_fd_sc_hd__dfrtp_2)
     1    0.002005    0.035427    0.309611    0.309611 ^ _16_/Q (sky130_fd_sc_hd__dfrtp_2)
                                                         PPs_r3_remain[0][6] (net)
                      0.035427    0.000000    0.309611 ^ _14_/D (sky130_fd_sc_hd__dfrtp_2)
                                              0.309611   data arrival time

                      0.000000    0.000000    0.000000   clock clk (rise edge)
                                  0.000000    0.000000   clock network delay (ideal)
                                  0.010000    0.010000   clock uncertainty
                                  0.000000    0.010000   clock reconvergence pessimism
                                              0.010000 ^ _14_/CLK (sky130_fd_sc_hd__dfrtp_2)
                                 -0.038832   -0.028832   library hold time
                                             -0.028832   data required time
---------------------------------------------------------------------------------------------
                                             -0.028832   data required time
                                             -0.309611   data arrival time
---------------------------------------------------------------------------------------------
                                              0.338443   slack (MET)


Startpoint: _17_ (rising edge-triggered flip-flop clocked by clk)
Endpoint: _15_ (rising edge-triggered flip-flop clocked by clk)
Path Group: clk
Path Type: min

Fanout         Cap        Slew       Delay        Time   Description
---------------------------------------------------------------------------------------------
                      0.000000    0.000000    0.000000   clock clk (rise edge)
                                  0.000000    0.000000   clock network delay (ideal)
                      0.000000    0.000000    0.000000 ^ _17_/CLK (sky130_fd_sc_hd__dfrtp_2)
     1    0.002005    0.035427    0.309611    0.309611 ^ _17_/Q (sky130_fd_sc_hd__dfrtp_2)
                                                         PPs_r3_remain[1][7] (net)
                      0.035427    0.000000    0.309611 ^ _15_/D (sky130_fd_sc_hd__dfrtp_2)
                                              0.309611   data arrival time

                      0.000000    0.000000    0.000000   clock clk (rise edge)
                                  0.000000    0.000000   clock network delay (ideal)
                                  0.010000    0.010000   clock uncertainty
                                  0.000000    0.010000   clock reconvergence pessimism
                                              0.010000 ^ _15_/CLK (sky130_fd_sc_hd__dfrtp_2)
                                 -0.038832   -0.028832   library hold time
                                             -0.028832   data required time
---------------------------------------------------------------------------------------------
                                             -0.028832   data required time
                                             -0.309611   data arrival time
---------------------------------------------------------------------------------------------
                                              0.338443   slack (MET)


Startpoint: _32_ (rising edge-triggered flip-flop clocked by clk)
Endpoint: _16_ (rising edge-triggered flip-flop clocked by clk)
Path Group: clk
Path Type: min

Fanout         Cap        Slew       Delay        Time   Description
---------------------------------------------------------------------------------------------
                      0.000000    0.000000    0.000000   clock clk (rise edge)
                                  0.000000    0.000000   clock network delay (ideal)
                      0.000000    0.000000    0.000000 ^ _32_/CLK (sky130_fd_sc_hd__dfrtp_2)
     1    0.002005    0.035427    0.309611    0.309611 ^ _32_/Q (sky130_fd_sc_hd__dfrtp_2)
                                                         PPs_r2[6][6] (net)
                      0.035427    0.000000    0.309611 ^ _16_/D (sky130_fd_sc_hd__dfrtp_2)
                                              0.309611   data arrival time

                      0.000000    0.000000    0.000000   clock clk (rise edge)
                                  0.000000    0.000000   clock network delay (ideal)
                                  0.010000    0.010000   clock uncertainty
                                  0.000000    0.010000   clock reconvergence pessimism
                                              0.010000 ^ _16_/CLK (sky130_fd_sc_hd__dfrtp_2)
                                 -0.038832   -0.028832   library hold time
                                             -0.028832   data required time
---------------------------------------------------------------------------------------------
                                             -0.028832   data required time
                                             -0.309611   data arrival time
---------------------------------------------------------------------------------------------
                                              0.338443   slack (MET)


Startpoint: _33_ (rising edge-triggered flip-flop clocked by clk)
Endpoint: _17_ (rising edge-triggered flip-flop clocked by clk)
Path Group: clk
Path Type: min

Fanout         Cap        Slew       Delay        Time   Description
---------------------------------------------------------------------------------------------
                      0.000000    0.000000    0.000000   clock clk (rise edge)
                                  0.000000    0.000000   clock network delay (ideal)
                      0.000000    0.000000    0.000000 ^ _33_/CLK (sky130_fd_sc_hd__dfrtp_2)
     1    0.002005    0.035427    0.309611    0.309611 ^ _33_/Q (sky130_fd_sc_hd__dfrtp_2)
                                                         PPs_r2[7][7] (net)
                      0.035427    0.000000    0.309611 ^ _17_/D (sky130_fd_sc_hd__dfrtp_2)
                                              0.309611   data arrival time

                      0.000000    0.000000    0.000000   clock clk (rise edge)
                                  0.000000    0.000000   clock network delay (ideal)
                                  0.010000    0.010000   clock uncertainty
                                  0.000000    0.010000   clock reconvergence pessimism
                                              0.010000 ^ _17_/CLK (sky130_fd_sc_hd__dfrtp_2)
                                 -0.038832   -0.028832   library hold time
                                             -0.028832   data required time
---------------------------------------------------------------------------------------------
                                             -0.028832   data required time
                                             -0.309611   data arrival time
---------------------------------------------------------------------------------------------
                                              0.338443   slack (MET)


Startpoint: _08_ (rising edge-triggered flip-flop clocked by clk)
Endpoint: _22_ (rising edge-triggered flip-flop clocked by clk)
Path Group: clk
Path Type: min

Fanout         Cap        Slew       Delay        Time   Description
---------------------------------------------------------------------------------------------
                      0.000000    0.000000    0.000000   clock clk (rise edge)
                                  0.000000    0.000000   clock network delay (ideal)
                      0.000000    0.000000    0.000000 ^ _08_/CLK (sky130_fd_sc_hd__dfrtp_2)
     1    0.002005    0.035427    0.309611    0.309611 ^ _08_/Q (sky130_fd_sc_hd__dfrtp_2)
                                                         S_r4[0] (net)
                      0.035427    0.000000    0.309611 ^ _22_/D (sky130_fd_sc_hd__dfrtp_2)
                                              0.309611   data arrival time

                      0.000000    0.000000    0.000000   clock clk (rise edge)
                                  0.000000    0.000000   clock network delay (ideal)
                                  0.010000    0.010000   clock uncertainty
                                  0.000000    0.010000   clock reconvergence pessimism
                                              0.010000 ^ _22_/CLK (sky130_fd_sc_hd__dfrtp_2)
                                 -0.038832   -0.028832   library hold time
                                             -0.028832   data required time
---------------------------------------------------------------------------------------------
                                             -0.028832   data required time
                                             -0.309611   data arrival time
---------------------------------------------------------------------------------------------
                                              0.338443   slack (MET)


Startpoint: _09_ (rising edge-triggered flip-flop clocked by clk)
Endpoint: _23_ (rising edge-triggered flip-flop clocked by clk)
Path Group: clk
Path Type: min

Fanout         Cap        Slew       Delay        Time   Description
---------------------------------------------------------------------------------------------
                      0.000000    0.000000    0.000000   clock clk (rise edge)
                                  0.000000    0.000000   clock network delay (ideal)
                      0.000000    0.000000    0.000000 ^ _09_/CLK (sky130_fd_sc_hd__dfrtp_2)
     1    0.002005    0.035427    0.309611    0.309611 ^ _09_/Q (sky130_fd_sc_hd__dfrtp_2)
                                                         S_r4[1] (net)
                      0.035427    0.000000    0.309611 ^ _23_/D (sky130_fd_sc_hd__dfrtp_2)
                                              0.309611   data arrival time

                      0.000000    0.000000    0.000000   clock clk (rise edge)
                                  0.000000    0.000000   clock network delay (ideal)
                                  0.010000    0.010000   clock uncertainty
                                  0.000000    0.010000   clock reconvergence pessimism
                                              0.010000 ^ _23_/CLK (sky130_fd_sc_hd__dfrtp_2)
                                 -0.038832   -0.028832   library hold time
                                             -0.028832   data required time
---------------------------------------------------------------------------------------------
                                             -0.028832   data required time
                                             -0.309611   data arrival time
---------------------------------------------------------------------------------------------
                                              0.338443   slack (MET)


Startpoint: _10_ (rising edge-triggered flip-flop clocked by clk)
Endpoint: _24_ (rising edge-triggered flip-flop clocked by clk)
Path Group: clk
Path Type: min

Fanout         Cap        Slew       Delay        Time   Description
---------------------------------------------------------------------------------------------
                      0.000000    0.000000    0.000000   clock clk (rise edge)
                                  0.000000    0.000000   clock network delay (ideal)
                      0.000000    0.000000    0.000000 ^ _10_/CLK (sky130_fd_sc_hd__dfrtp_2)
     1    0.002005    0.035427    0.309611    0.309611 ^ _10_/Q (sky130_fd_sc_hd__dfrtp_2)
                                                         S_r4[2] (net)
                      0.035427    0.000000    0.309611 ^ _24_/D (sky130_fd_sc_hd__dfrtp_2)
                                              0.309611   data arrival time

                      0.000000    0.000000    0.000000   clock clk (rise edge)
                                  0.000000    0.000000   clock network delay (ideal)
                                  0.010000    0.010000   clock uncertainty
                                  0.000000    0.010000   clock reconvergence pessimism
                                              0.010000 ^ _24_/CLK (sky130_fd_sc_hd__dfrtp_2)
                                 -0.038832   -0.028832   library hold time
                                             -0.028832   data required time
---------------------------------------------------------------------------------------------
                                             -0.028832   data required time
                                             -0.309611   data arrival time
---------------------------------------------------------------------------------------------
                                              0.338443   slack (MET)


Startpoint: _11_ (rising edge-triggered flip-flop clocked by clk)
Endpoint: _25_ (rising edge-triggered flip-flop clocked by clk)
Path Group: clk
Path Type: min

Fanout         Cap        Slew       Delay        Time   Description
---------------------------------------------------------------------------------------------
                      0.000000    0.000000    0.000000   clock clk (rise edge)
                                  0.000000    0.000000   clock network delay (ideal)
                      0.000000    0.000000    0.000000 ^ _11_/CLK (sky130_fd_sc_hd__dfrtp_2)
     1    0.002005    0.035427    0.309611    0.309611 ^ _11_/Q (sky130_fd_sc_hd__dfrtp_2)
                                                         S_r4[3] (net)
                      0.035427    0.000000    0.309611 ^ _25_/D (sky130_fd_sc_hd__dfrtp_2)
                                              0.309611   data arrival time

                      0.000000    0.000000    0.000000   clock clk (rise edge)
                                  0.000000    0.000000   clock network delay (ideal)
                                  0.010000    0.010000   clock uncertainty
                                  0.000000    0.010000   clock reconvergence pessimism
                                              0.010000 ^ _25_/CLK (sky130_fd_sc_hd__dfrtp_2)
                                 -0.038832   -0.028832   library hold time
                                             -0.028832   data required time
---------------------------------------------------------------------------------------------
                                             -0.028832   data required time
                                             -0.309611   data arrival time
---------------------------------------------------------------------------------------------
                                              0.338443   slack (MET)


Startpoint: _12_ (rising edge-triggered flip-flop clocked by clk)
Endpoint: _26_ (rising edge-triggered flip-flop clocked by clk)
Path Group: clk
Path Type: min

Fanout         Cap        Slew       Delay        Time   Description
---------------------------------------------------------------------------------------------
                      0.000000    0.000000    0.000000   clock clk (rise edge)
                                  0.000000    0.000000   clock network delay (ideal)
                      0.000000    0.000000    0.000000 ^ _12_/CLK (sky130_fd_sc_hd__dfrtp_2)
     1    0.002005    0.035427    0.309611    0.309611 ^ _12_/Q (sky130_fd_sc_hd__dfrtp_2)
                                                         S_r4[4] (net)
                      0.035427    0.000000    0.309611 ^ _26_/D (sky130_fd_sc_hd__dfrtp_2)
                                              0.309611   data arrival time

                      0.000000    0.000000    0.000000   clock clk (rise edge)
                                  0.000000    0.000000   clock network delay (ideal)
                                  0.010000    0.010000   clock uncertainty
                                  0.000000    0.010000   clock reconvergence pessimism
                                              0.010000 ^ _26_/CLK (sky130_fd_sc_hd__dfrtp_2)
                                 -0.038832   -0.028832   library hold time
                                             -0.028832   data required time
---------------------------------------------------------------------------------------------
                                             -0.028832   data required time
                                             -0.309611   data arrival time
---------------------------------------------------------------------------------------------
                                              0.338443   slack (MET)


Startpoint: _13_ (rising edge-triggered flip-flop clocked by clk)
Endpoint: _27_ (rising edge-triggered flip-flop clocked by clk)
Path Group: clk
Path Type: min

Fanout         Cap        Slew       Delay        Time   Description
---------------------------------------------------------------------------------------------
                      0.000000    0.000000    0.000000   clock clk (rise edge)
                                  0.000000    0.000000   clock network delay (ideal)
                      0.000000    0.000000    0.000000 ^ _13_/CLK (sky130_fd_sc_hd__dfrtp_2)
     1    0.002005    0.035427    0.309611    0.309611 ^ _13_/Q (sky130_fd_sc_hd__dfrtp_2)
                                                         S_r4[5] (net)
                      0.035427    0.000000    0.309611 ^ _27_/D (sky130_fd_sc_hd__dfrtp_2)
                                              0.309611   data arrival time

                      0.000000    0.000000    0.000000   clock clk (rise edge)
                                  0.000000    0.000000   clock network delay (ideal)
                                  0.010000    0.010000   clock uncertainty
                                  0.000000    0.010000   clock reconvergence pessimism
                                              0.010000 ^ _27_/CLK (sky130_fd_sc_hd__dfrtp_2)
                                 -0.038832   -0.028832   library hold time
                                             -0.028832   data required time
---------------------------------------------------------------------------------------------
                                             -0.028832   data required time
                                             -0.309611   data arrival time
---------------------------------------------------------------------------------------------
                                              0.338443   slack (MET)


Startpoint: _14_ (rising edge-triggered flip-flop clocked by clk)
Endpoint: _28_ (rising edge-triggered flip-flop clocked by clk)
Path Group: clk
Path Type: min

Fanout         Cap        Slew       Delay        Time   Description
---------------------------------------------------------------------------------------------
                      0.000000    0.000000    0.000000   clock clk (rise edge)
                                  0.000000    0.000000   clock network delay (ideal)
                      0.000000    0.000000    0.000000 ^ _14_/CLK (sky130_fd_sc_hd__dfrtp_2)
     1    0.002005    0.035427    0.309611    0.309611 ^ _14_/Q (sky130_fd_sc_hd__dfrtp_2)
                                                         S_r4[6] (net)
                      0.035427    0.000000    0.309611 ^ _28_/D (sky130_fd_sc_hd__dfrtp_2)
                                              0.309611   data arrival time

                      0.000000    0.000000    0.000000   clock clk (rise edge)
                                  0.000000    0.000000   clock network delay (ideal)
                                  0.010000    0.010000   clock uncertainty
                                  0.000000    0.010000   clock reconvergence pessimism
                                              0.010000 ^ _28_/CLK (sky130_fd_sc_hd__dfrtp_2)
                                 -0.038832   -0.028832   library hold time
                                             -0.028832   data required time
---------------------------------------------------------------------------------------------
                                             -0.028832   data required time
                                             -0.309611   data arrival time
---------------------------------------------------------------------------------------------
                                              0.338443   slack (MET)


Startpoint: _15_ (rising edge-triggered flip-flop clocked by clk)
Endpoint: _29_ (rising edge-triggered flip-flop clocked by clk)
Path Group: clk
Path Type: min

Fanout         Cap        Slew       Delay        Time   Description
---------------------------------------------------------------------------------------------
                      0.000000    0.000000    0.000000   clock clk (rise edge)
                                  0.000000    0.000000   clock network delay (ideal)
                      0.000000    0.000000    0.000000 ^ _15_/CLK (sky130_fd_sc_hd__dfrtp_2)
     1    0.002005    0.035427    0.309611    0.309611 ^ _15_/Q (sky130_fd_sc_hd__dfrtp_2)
                                                         S_r4[7] (net)
                      0.035427    0.000000    0.309611 ^ _29_/D (sky130_fd_sc_hd__dfrtp_2)
                                              0.309611   data arrival time

                      0.000000    0.000000    0.000000   clock clk (rise edge)
                                  0.000000    0.000000   clock network delay (ideal)
                                  0.010000    0.010000   clock uncertainty
                                  0.000000    0.010000   clock reconvergence pessimism
                                              0.010000 ^ _29_/CLK (sky130_fd_sc_hd__dfrtp_2)
                                 -0.038832   -0.028832   library hold time
                                             -0.028832   data required time
---------------------------------------------------------------------------------------------
                                             -0.028832   data required time
                                             -0.309611   data arrival time
---------------------------------------------------------------------------------------------
                                              0.338443   slack (MET)


Startpoint: _18_ (rising edge-triggered flip-flop clocked by clk)
Endpoint: _34_ (rising edge-triggered flip-flop clocked by clk)
Path Group: clk
Path Type: min

Fanout         Cap        Slew       Delay        Time   Description
---------------------------------------------------------------------------------------------
                      0.000000    0.000000    0.000000   clock clk (rise edge)
                                  0.000000    0.000000   clock network delay (ideal)
                      0.000000    0.000000    0.000000 ^ _18_/CLK (sky130_fd_sc_hd__dfrtp_2)
     1    0.002005    0.035427    0.309611    0.309611 ^ _18_/Q (sky130_fd_sc_hd__dfrtp_2)
                                                         PPs_r2[0][0] (net)
                      0.035427    0.000000    0.309611 ^ _34_/D (sky130_fd_sc_hd__dfrtp_2)
                                              0.309611   data arrival time

                      0.000000    0.000000    0.000000   clock clk (rise edge)
                                  0.000000    0.000000   clock network delay (ideal)
                                  0.010000    0.010000   clock uncertainty
                                  0.000000    0.010000   clock reconvergence pessimism
                                              0.010000 ^ _34_/CLK (sky130_fd_sc_hd__dfrtp_2)
                                 -0.038832   -0.028832   library hold time
                                             -0.028832   data required time
---------------------------------------------------------------------------------------------
                                             -0.028832   data required time
                                             -0.309611   data arrival time
---------------------------------------------------------------------------------------------
                                              0.338443   slack (MET)


Startpoint: _19_ (rising edge-triggered flip-flop clocked by clk)
Endpoint: _35_ (rising edge-triggered flip-flop clocked by clk)
Path Group: clk
Path Type: min

Fanout         Cap        Slew       Delay        Time   Description
---------------------------------------------------------------------------------------------
                      0.000000    0.000000    0.000000   clock clk (rise edge)
                                  0.000000    0.000000   clock network delay (ideal)
                      0.000000    0.000000    0.000000 ^ _19_/CLK (sky130_fd_sc_hd__dfrtp_2)
     1    0.002005    0.035427    0.309611    0.309611 ^ _19_/Q (sky130_fd_sc_hd__dfrtp_2)
                                                         PPs_r2[1][1] (net)
                      0.035427    0.000000    0.309611 ^ _35_/D (sky130_fd_sc_hd__dfrtp_2)
                                              0.309611   data arrival time

                      0.000000    0.000000    0.000000   clock clk (rise edge)
                                  0.000000    0.000000   clock network delay (ideal)
                                  0.010000    0.010000   clock uncertainty
                                  0.000000    0.010000   clock reconvergence pessimism
                                              0.010000 ^ _35_/CLK (sky130_fd_sc_hd__dfrtp_2)
                                 -0.038832   -0.028832   library hold time
                                             -0.028832   data required time
---------------------------------------------------------------------------------------------
                                             -0.028832   data required time
                                             -0.309611   data arrival time
---------------------------------------------------------------------------------------------
                                              0.338443   slack (MET)


Startpoint: _20_ (rising edge-triggered flip-flop clocked by clk)
Endpoint: _36_ (rising edge-triggered flip-flop clocked by clk)
Path Group: clk
Path Type: min

Fanout         Cap        Slew       Delay        Time   Description
---------------------------------------------------------------------------------------------
                      0.000000    0.000000    0.000000   clock clk (rise edge)
                                  0.000000    0.000000   clock network delay (ideal)
                      0.000000    0.000000    0.000000 ^ _20_/CLK (sky130_fd_sc_hd__dfrtp_2)
     1    0.002005    0.035427    0.309611    0.309611 ^ _20_/Q (sky130_fd_sc_hd__dfrtp_2)
                                                         PPs_r2[2][2] (net)
                      0.035427    0.000000    0.309611 ^ _36_/D (sky130_fd_sc_hd__dfrtp_2)
                                              0.309611   data arrival time

                      0.000000    0.000000    0.000000   clock clk (rise edge)
                                  0.000000    0.000000   clock network delay (ideal)
                                  0.010000    0.010000   clock uncertainty
                                  0.000000    0.010000   clock reconvergence pessimism
                                              0.010000 ^ _36_/CLK (sky130_fd_sc_hd__dfrtp_2)
                                 -0.038832   -0.028832   library hold time
                                             -0.028832   data required time
---------------------------------------------------------------------------------------------
                                             -0.028832   data required time
                                             -0.309611   data arrival time
---------------------------------------------------------------------------------------------
                                              0.338443   slack (MET)


Startpoint: _21_ (rising edge-triggered flip-flop clocked by clk)
Endpoint: _37_ (rising edge-triggered flip-flop clocked by clk)
Path Group: clk
Path Type: min

Fanout         Cap        Slew       Delay        Time   Description
---------------------------------------------------------------------------------------------
                      0.000000    0.000000    0.000000   clock clk (rise edge)
                                  0.000000    0.000000   clock network delay (ideal)
                      0.000000    0.000000    0.000000 ^ _21_/CLK (sky130_fd_sc_hd__dfrtp_2)
     1    0.002005    0.035427    0.309611    0.309611 ^ _21_/Q (sky130_fd_sc_hd__dfrtp_2)
                                                         PPs_r2[3][3] (net)
                      0.035427    0.000000    0.309611 ^ _37_/D (sky130_fd_sc_hd__dfrtp_2)
                                              0.309611   data arrival time

                      0.000000    0.000000    0.000000   clock clk (rise edge)
                                  0.000000    0.000000   clock network delay (ideal)
                                  0.010000    0.010000   clock uncertainty
                                  0.000000    0.010000   clock reconvergence pessimism
                                              0.010000 ^ _37_/CLK (sky130_fd_sc_hd__dfrtp_2)
                                 -0.038832   -0.028832   library hold time
                                             -0.028832   data required time
---------------------------------------------------------------------------------------------
                                             -0.028832   data required time
                                             -0.309611   data arrival time
---------------------------------------------------------------------------------------------
                                              0.338443   slack (MET)


Startpoint: _30_ (rising edge-triggered flip-flop clocked by clk)
Endpoint: _38_ (rising edge-triggered flip-flop clocked by clk)
Path Group: clk
Path Type: min

Fanout         Cap        Slew       Delay        Time   Description
---------------------------------------------------------------------------------------------
                      0.000000    0.000000    0.000000   clock clk (rise edge)
                                  0.000000    0.000000   clock network delay (ideal)
                      0.000000    0.000000    0.000000 ^ _30_/CLK (sky130_fd_sc_hd__dfrtp_2)
     1    0.002005    0.035427    0.309611    0.309611 ^ _30_/Q (sky130_fd_sc_hd__dfrtp_2)
                                                         PPs_r2[4][4] (net)
                      0.035427    0.000000    0.309611 ^ _38_/D (sky130_fd_sc_hd__dfrtp_2)
                                              0.309611   data arrival time

                      0.000000    0.000000    0.000000   clock clk (rise edge)
                                  0.000000    0.000000   clock network delay (ideal)
                                  0.010000    0.010000   clock uncertainty
                                  0.000000    0.010000   clock reconvergence pessimism
                                              0.010000 ^ _38_/CLK (sky130_fd_sc_hd__dfrtp_2)
                                 -0.038832   -0.028832   library hold time
                                             -0.028832   data required time
---------------------------------------------------------------------------------------------
                                             -0.028832   data required time
                                             -0.309611   data arrival time
---------------------------------------------------------------------------------------------
                                              0.338443   slack (MET)


Startpoint: _31_ (rising edge-triggered flip-flop clocked by clk)
Endpoint: _39_ (rising edge-triggered flip-flop clocked by clk)
Path Group: clk
Path Type: min

Fanout         Cap        Slew       Delay        Time   Description
---------------------------------------------------------------------------------------------
                      0.000000    0.000000    0.000000   clock clk (rise edge)
                                  0.000000    0.000000   clock network delay (ideal)
                      0.000000    0.000000    0.000000 ^ _31_/CLK (sky130_fd_sc_hd__dfrtp_2)
     1    0.002005    0.035427    0.309611    0.309611 ^ _31_/Q (sky130_fd_sc_hd__dfrtp_2)
                                                         PPs_r2[5][5] (net)
                      0.035427    0.000000    0.309611 ^ _39_/D (sky130_fd_sc_hd__dfrtp_2)
                                              0.309611   data arrival time

                      0.000000    0.000000    0.000000   clock clk (rise edge)
                                  0.000000    0.000000   clock network delay (ideal)
                                  0.010000    0.010000   clock uncertainty
                                  0.000000    0.010000   clock reconvergence pessimism
                                              0.010000 ^ _39_/CLK (sky130_fd_sc_hd__dfrtp_2)
                                 -0.038832   -0.028832   library hold time
                                             -0.028832   data required time
---------------------------------------------------------------------------------------------
                                             -0.028832   data required time
                                             -0.309611   data arrival time
---------------------------------------------------------------------------------------------
                                              0.338443   slack (MET)


Startpoint: _46_ (rising edge-triggered flip-flop clocked by clk)
Endpoint: _32_ (rising edge-triggered flip-flop clocked by clk)
Path Group: clk
Path Type: min

Fanout         Cap        Slew       Delay        Time   Description
---------------------------------------------------------------------------------------------
                      0.000000    0.000000    0.000000   clock clk (rise edge)
                                  0.000000    0.000000   clock network delay (ideal)
                      0.000000    0.000000    0.000000 ^ _46_/CLK (sky130_fd_sc_hd__dfrtp_2)
     1    0.001483    0.032895    0.306536    0.306536 ^ _46_/Q (sky130_fd_sc_hd__dfrtp_2)
                                                         a_r1[6] (net)
                      0.032895    0.000000    0.306536 ^ _00_/A (sky130_fd_sc_hd__and2_2)
     1    0.002005    0.033868    0.114617    0.421153 ^ _00_/X (sky130_fd_sc_hd__and2_2)
                                                         PPs_w[6][6] (net)
                      0.033868    0.000000    0.421153 ^ _32_/D (sky130_fd_sc_hd__dfrtp_2)
                                              0.421153   data arrival time

                      0.000000    0.000000    0.000000   clock clk (rise edge)
                                  0.000000    0.000000   clock network delay (ideal)
                                  0.010000    0.010000   clock uncertainty
                                  0.000000    0.010000   clock reconvergence pessimism
                                              0.010000 ^ _32_/CLK (sky130_fd_sc_hd__dfrtp_2)
                                 -0.038508   -0.028508   library hold time
                                             -0.028508   data required time
---------------------------------------------------------------------------------------------
                                             -0.028508   data required time
                                             -0.421153   data arrival time
---------------------------------------------------------------------------------------------
                                              0.449661   slack (MET)


Startpoint: _40_ (rising edge-triggered flip-flop clocked by clk)
Endpoint: _18_ (rising edge-triggered flip-flop clocked by clk)
Path Group: clk
Path Type: min

Fanout         Cap        Slew       Delay        Time   Description
---------------------------------------------------------------------------------------------
                      0.000000    0.000000    0.000000   clock clk (rise edge)
                                  0.000000    0.000000   clock network delay (ideal)
                      0.000000    0.000000    0.000000 ^ _40_/CLK (sky130_fd_sc_hd__dfrtp_2)
     1    0.001541    0.033176    0.306878    0.306878 ^ _40_/Q (sky130_fd_sc_hd__dfrtp_2)
                                                         a_r1[0] (net)
                      0.033176    0.000000    0.306878 ^ _06_/B (sky130_fd_sc_hd__and2_2)
     1    0.002005    0.033904    0.119924    0.426802 ^ _06_/X (sky130_fd_sc_hd__and2_2)
                                                         PPs_w[0][0] (net)
                      0.033904    0.000000    0.426802 ^ _18_/D (sky130_fd_sc_hd__dfrtp_2)
                                              0.426802   data arrival time

                      0.000000    0.000000    0.000000   clock clk (rise edge)
                                  0.000000    0.000000   clock network delay (ideal)
                                  0.010000    0.010000   clock uncertainty
                                  0.000000    0.010000   clock reconvergence pessimism
                                              0.010000 ^ _18_/CLK (sky130_fd_sc_hd__dfrtp_2)
                                 -0.038515   -0.028515   library hold time
                                             -0.028515   data required time
---------------------------------------------------------------------------------------------
                                             -0.028515   data required time
                                             -0.426802   data arrival time
---------------------------------------------------------------------------------------------
                                              0.455317   slack (MET)


Startpoint: _41_ (rising edge-triggered flip-flop clocked by clk)
Endpoint: _19_ (rising edge-triggered flip-flop clocked by clk)
Path Group: clk
Path Type: min

Fanout         Cap        Slew       Delay        Time   Description
---------------------------------------------------------------------------------------------
                      0.000000    0.000000    0.000000   clock clk (rise edge)
                                  0.000000    0.000000   clock network delay (ideal)
                      0.000000    0.000000    0.000000 ^ _41_/CLK (sky130_fd_sc_hd__dfrtp_2)
     1    0.001541    0.033176    0.306878    0.306878 ^ _41_/Q (sky130_fd_sc_hd__dfrtp_2)
                                                         a_r1[1] (net)
                      0.033176    0.000000    0.306878 ^ _05_/B (sky130_fd_sc_hd__and2_2)
     1    0.002005    0.033904    0.119924    0.426802 ^ _05_/X (sky130_fd_sc_hd__and2_2)
                                                         PPs_w[1][1] (net)
                      0.033904    0.000000    0.426802 ^ _19_/D (sky130_fd_sc_hd__dfrtp_2)
                                              0.426802   data arrival time

                      0.000000    0.000000    0.000000   clock clk (rise edge)
                                  0.000000    0.000000   clock network delay (ideal)
                                  0.010000    0.010000   clock uncertainty
                                  0.000000    0.010000   clock reconvergence pessimism
                                              0.010000 ^ _19_/CLK (sky130_fd_sc_hd__dfrtp_2)
                                 -0.038515   -0.028515   library hold time
                                             -0.028515   data required time
---------------------------------------------------------------------------------------------
                                             -0.028515   data required time
                                             -0.426802   data arrival time
---------------------------------------------------------------------------------------------
                                              0.455317   slack (MET)


Startpoint: _42_ (rising edge-triggered flip-flop clocked by clk)
Endpoint: _20_ (rising edge-triggered flip-flop clocked by clk)
Path Group: clk
Path Type: min

Fanout         Cap        Slew       Delay        Time   Description
---------------------------------------------------------------------------------------------
                      0.000000    0.000000    0.000000   clock clk (rise edge)
                                  0.000000    0.000000   clock network delay (ideal)
                      0.000000    0.000000    0.000000 ^ _42_/CLK (sky130_fd_sc_hd__dfrtp_2)
     1    0.001541    0.033176    0.306878    0.306878 ^ _42_/Q (sky130_fd_sc_hd__dfrtp_2)
                                                         a_r1[2] (net)
                      0.033176    0.000000    0.306878 ^ _04_/B (sky130_fd_sc_hd__and2_2)
     1    0.002005    0.033904    0.119924    0.426802 ^ _04_/X (sky130_fd_sc_hd__and2_2)
                                                         PPs_w[2][2] (net)
                      0.033904    0.000000    0.426802 ^ _20_/D (sky130_fd_sc_hd__dfrtp_2)
                                              0.426802   data arrival time

                      0.000000    0.000000    0.000000   clock clk (rise edge)
                                  0.000000    0.000000   clock network delay (ideal)
                                  0.010000    0.010000   clock uncertainty
                                  0.000000    0.010000   clock reconvergence pessimism
                                              0.010000 ^ _20_/CLK (sky130_fd_sc_hd__dfrtp_2)
                                 -0.038515   -0.028515   library hold time
                                             -0.028515   data required time
---------------------------------------------------------------------------------------------
                                             -0.028515   data required time
                                             -0.426802   data arrival time
---------------------------------------------------------------------------------------------
                                              0.455317   slack (MET)


Startpoint: _43_ (rising edge-triggered flip-flop clocked by clk)
Endpoint: _21_ (rising edge-triggered flip-flop clocked by clk)
Path Group: clk
Path Type: min

Fanout         Cap        Slew       Delay        Time   Description
---------------------------------------------------------------------------------------------
                      0.000000    0.000000    0.000000   clock clk (rise edge)
                                  0.000000    0.000000   clock network delay (ideal)
                      0.000000    0.000000    0.000000 ^ _43_/CLK (sky130_fd_sc_hd__dfrtp_2)
     1    0.001541    0.033176    0.306878    0.306878 ^ _43_/Q (sky130_fd_sc_hd__dfrtp_2)
                                                         a_r1[3] (net)
                      0.033176    0.000000    0.306878 ^ _03_/B (sky130_fd_sc_hd__and2_2)
     1    0.002005    0.033904    0.119924    0.426802 ^ _03_/X (sky130_fd_sc_hd__and2_2)
                                                         PPs_w[3][3] (net)
                      0.033904    0.000000    0.426802 ^ _21_/D (sky130_fd_sc_hd__dfrtp_2)
                                              0.426802   data arrival time

                      0.000000    0.000000    0.000000   clock clk (rise edge)
                                  0.000000    0.000000   clock network delay (ideal)
                                  0.010000    0.010000   clock uncertainty
                                  0.000000    0.010000   clock reconvergence pessimism
                                              0.010000 ^ _21_/CLK (sky130_fd_sc_hd__dfrtp_2)
                                 -0.038515   -0.028515   library hold time
                                             -0.028515   data required time
---------------------------------------------------------------------------------------------
                                             -0.028515   data required time
                                             -0.426802   data arrival time
---------------------------------------------------------------------------------------------
                                              0.455317   slack (MET)


Startpoint: _44_ (rising edge-triggered flip-flop clocked by clk)
Endpoint: _30_ (rising edge-triggered flip-flop clocked by clk)
Path Group: clk
Path Type: min

Fanout         Cap        Slew       Delay        Time   Description
---------------------------------------------------------------------------------------------
                      0.000000    0.000000    0.000000   clock clk (rise edge)
                                  0.000000    0.000000   clock network delay (ideal)
                      0.000000    0.000000    0.000000 ^ _44_/CLK (sky130_fd_sc_hd__dfrtp_2)
     1    0.001541    0.033176    0.306878    0.306878 ^ _44_/Q (sky130_fd_sc_hd__dfrtp_2)
                                                         a_r1[4] (net)
                      0.033176    0.000000    0.306878 ^ _02_/B (sky130_fd_sc_hd__and2_2)
     1    0.002005    0.033904    0.119924    0.426802 ^ _02_/X (sky130_fd_sc_hd__and2_2)
                                                         PPs_w[4][4] (net)
                      0.033904    0.000000    0.426802 ^ _30_/D (sky130_fd_sc_hd__dfrtp_2)
                                              0.426802   data arrival time

                      0.000000    0.000000    0.000000   clock clk (rise edge)
                                  0.000000    0.000000   clock network delay (ideal)
                                  0.010000    0.010000   clock uncertainty
                                  0.000000    0.010000   clock reconvergence pessimism
                                              0.010000 ^ _30_/CLK (sky130_fd_sc_hd__dfrtp_2)
                                 -0.038515   -0.028515   library hold time
                                             -0.028515   data required time
---------------------------------------------------------------------------------------------
                                             -0.028515   data required time
                                             -0.426802   data arrival time
---------------------------------------------------------------------------------------------
                                              0.455317   slack (MET)


Startpoint: _45_ (rising edge-triggered flip-flop clocked by clk)
Endpoint: _31_ (rising edge-triggered flip-flop clocked by clk)
Path Group: clk
Path Type: min

Fanout         Cap        Slew       Delay        Time   Description
---------------------------------------------------------------------------------------------
                      0.000000    0.000000    0.000000   clock clk (rise edge)
                                  0.000000    0.000000   clock network delay (ideal)
                      0.000000    0.000000    0.000000 ^ _45_/CLK (sky130_fd_sc_hd__dfrtp_2)
     1    0.001541    0.033176    0.306878    0.306878 ^ _45_/Q (sky130_fd_sc_hd__dfrtp_2)
                                                         a_r1[5] (net)
                      0.033176    0.000000    0.306878 ^ _01_/B (sky130_fd_sc_hd__and2_2)
     1    0.002005    0.033904    0.119924    0.426802 ^ _01_/X (sky130_fd_sc_hd__and2_2)
                                                         PPs_w[5][5] (net)
                      0.033904    0.000000    0.426802 ^ _31_/D (sky130_fd_sc_hd__dfrtp_2)
                                              0.426802   data arrival time

                      0.000000    0.000000    0.000000   clock clk (rise edge)
                                  0.000000    0.000000   clock network delay (ideal)
                                  0.010000    0.010000   clock uncertainty
                                  0.000000    0.010000   clock reconvergence pessimism
                                              0.010000 ^ _31_/CLK (sky130_fd_sc_hd__dfrtp_2)
                                 -0.038515   -0.028515   library hold time
                                             -0.028515   data required time
---------------------------------------------------------------------------------------------
                                             -0.028515   data required time
                                             -0.426802   data arrival time
---------------------------------------------------------------------------------------------
                                              0.455317   slack (MET)


Startpoint: _47_ (rising edge-triggered flip-flop clocked by clk)
Endpoint: _33_ (rising edge-triggered flip-flop clocked by clk)
Path Group: clk
Path Type: min

Fanout         Cap        Slew       Delay        Time   Description
---------------------------------------------------------------------------------------------
                      0.000000    0.000000    0.000000   clock clk (rise edge)
                                  0.000000    0.000000   clock network delay (ideal)
                      0.000000    0.000000    0.000000 ^ _47_/CLK (sky130_fd_sc_hd__dfrtp_2)
     1    0.001541    0.033176    0.306878    0.306878 ^ _47_/Q (sky130_fd_sc_hd__dfrtp_2)
                                                         a_r1[7] (net)
                      0.033176    0.000000    0.306878 ^ _07_/B (sky130_fd_sc_hd__and2_2)
     1    0.002005    0.033904    0.119924    0.426802 ^ _07_/X (sky130_fd_sc_hd__and2_2)
                                                         PPs_w[7][7] (net)
                      0.033904    0.000000    0.426802 ^ _33_/D (sky130_fd_sc_hd__dfrtp_2)
                                              0.426802   data arrival time

                      0.000000    0.000000    0.000000   clock clk (rise edge)
                                  0.000000    0.000000   clock network delay (ideal)
                                  0.010000    0.010000   clock uncertainty
                                  0.000000    0.010000   clock reconvergence pessimism
                                              0.010000 ^ _33_/CLK (sky130_fd_sc_hd__dfrtp_2)
                                 -0.038515   -0.028515   library hold time
                                             -0.028515   data required time
---------------------------------------------------------------------------------------------
                                             -0.028515   data required time
                                             -0.426802   data arrival time
---------------------------------------------------------------------------------------------
                                              0.455317   slack (MET)



