Clock: clk
Sources: clk 
Generated: no
Virtual: yes
Propagated: no
Period: 2.000000

===========================================================================
report_clock_properties
============================================================================
Clock                   Period          Waveform
----------------------------------------------------
clk                   2.000000    0.000000  1.000000

===========================================================================
report_clock_latency
============================================================================
Clock clk
rise -> rise
    min     max
0.000000 0.000000 source latency
0.478201         network latency _37_/CLK
        0.489178 network latency _29_/CLK
---------------
0.478201 0.489178 latency
        0.010977 skew

fall -> fall
    min     max
0.000000 0.000000 source latency
0.522604         network latency _37_/CLK
        0.532404 network latency _29_/CLK
---------------
0.522604 0.532404 latency
        0.009800 skew



===========================================================================
report_clock_min_period
============================================================================
clk period_min = 1.76 fmax = 568.88
