[WARNING ORD-0039] .openroad ignored with -python
Unannotated report:
['report_parasitic_annotation -report_unannotated\n',
 '============================================================================\n',
 'Found 18 unannotated drivers.\n',
 ' b[1]\n',
 ' b[2]\n',
 ' b[3]\n',
 ' b[4]\n',
 ' b[5]\n',
 ' b[6]\n',
 ' b[7]\n',
 ' clkload0/Y\n',
 ' clkload1/Y\n',
 ' clkload2/Y\n',
 ' mult_19/HI\n',
 ' mult_20/HI\n',
 ' mult_21/HI\n',
 ' mult_22/HI\n',
 ' mult_23/HI\n',
 ' mult_24/HI\n',
 ' mult_25/HI\n',
 ' mult_26/HI\n',
 'Found 0 partially unannotated drivers.\n',
 '\n']
Reported nets:
['b[1]',
 'b[2]',
 'b[3]',
 'b[4]',
 'b[5]',
 'b[6]',
 'b[7]',
 'clkload0/Y',
 'clkload1/Y',
 'clkload2/Y',
 'mult_19/HI',
 'mult_20/HI',
 'mult_21/HI',
 'mult_22/HI',
 'mult_23/HI',
 'mult_24/HI',
 'mult_25/HI',
 'mult_26/HI']
Filtered nets:
[]
done
