Reading OpenROAD database at '/home/hassan-ul-haq/openlane2/designs/Multiplier/runs/500MHz/38-openroad-globalrouting/mult.odb'…
Reading library file at '/home/hassan-ul-haq/.volare/volare/sky130/versions/0fe599b2afb6708d281543108caf8310912f54af/sky130A/libs.ref/sky130_fd_sc_hd/lib/sky130_fd_sc_hd__tt_025C_1v80.lib'…
Reading design constraints file at 'pnr.sdc'…
[WARNING STA-0366] port 'product[*]' not found.
[INFO] No information on clock propagation in input SDC file-- propagating all clocks.
%OL_CREATE_REPORT /home/hassan-ul-haq/openlane2/designs/Multiplier/runs/500MHz/39-openroad-checkantennas/reports/antenna.rpt
Net: net7
  Pin:   _46_/D (sky130_fd_sc_hd__dfrtp_1)
    Layer: mcon
      Partial area ratio:    0.23
      Required ratio:    3.00 (Gate area) 
      Cumulative area ratio:    0.23
      Required ratio:    0.00 (Cumulative area) 

    Layer: met1
      Partial area ratio:  244.21
      Required ratio:    0.00 (Gate area) 
      Cumulative area ratio:  244.21
      Required ratio:    0.00 (Cumulative area) 
      Partial area ratio: 1219.56
      Required ratio:  400.00 (Side area) (VIOLATED)
      Cumulative area ratio: 1219.56
      Required ratio:    0.00 (Cumulative side area) 

    Layer: via
      Partial area ratio:    0.36
      Required ratio:    6.00 (Gate area) 
      Cumulative area ratio:    0.59
      Required ratio:    0.00 (Cumulative area) 

    Layer: met2
      Partial area ratio:    9.95
      Required ratio:    0.00 (Gate area) 
      Cumulative area ratio:  254.16
      Required ratio:    0.00 (Cumulative area) 
      Partial area ratio:   48.67
      Required ratio: 2753.36 (Side area) 
      Cumulative area ratio: 1268.22
      Required ratio:    0.00 (Cumulative side area) 



Net: net9
  Pin:   _48_/D (sky130_fd_sc_hd__dfrtp_4)
    Layer: mcon
      Partial area ratio:    0.23
      Required ratio:    3.00 (Gate area) 
      Cumulative area ratio:    0.23
      Required ratio:    0.00 (Cumulative area) 

    Layer: met1
      Partial area ratio:  223.33
      Required ratio:    0.00 (Gate area) 
      Cumulative area ratio:  223.33
      Required ratio:    0.00 (Cumulative area) 
      Partial area ratio: 1115.36
      Required ratio:  400.00 (Side area) (VIOLATED)
      Cumulative area ratio: 1115.36
      Required ratio:    0.00 (Cumulative side area) 

    Layer: via
      Partial area ratio:    0.36
      Required ratio:    6.00 (Gate area) 
      Cumulative area ratio:    0.59
      Required ratio:    0.00 (Cumulative area) 

    Layer: met2
      Partial area ratio:    9.95
      Required ratio:    0.00 (Gate area) 
      Cumulative area ratio:  233.28
      Required ratio:    0.00 (Cumulative area) 
      Partial area ratio:   48.67
      Required ratio: 2753.36 (Side area) 
      Cumulative area ratio: 1164.03
      Required ratio:    0.00 (Cumulative side area) 



Net: net11
  Pin:   output11/A (sky130_fd_sc_hd__buf_1)
    Layer: mcon
      Partial area ratio:    0.15
      Required ratio:    3.00 (Gate area) 
      Cumulative area ratio:    0.15
      Required ratio:    0.00 (Cumulative area) 

    Layer: met1
      Partial area ratio:  115.61
      Required ratio:    0.00 (Gate area) 
      Cumulative area ratio:  115.61
      Required ratio:    0.00 (Cumulative area) 
      Partial area ratio:  577.12
      Required ratio:  400.00 (Side area) (VIOLATED)
      Cumulative area ratio:  577.12
      Required ratio:    0.00 (Cumulative side area) 

    Layer: via
      Partial area ratio:    0.23
      Required ratio:    6.00 (Gate area) 
      Cumulative area ratio:    0.38
      Required ratio:    0.00 (Cumulative area) 

    Layer: met2
      Partial area ratio:    6.38
      Required ratio:    0.00 (Gate area) 
      Cumulative area ratio:  121.99
      Required ratio:    0.00 (Cumulative area) 
      Partial area ratio:   31.21
      Required ratio: 2771.60 (Side area) 
      Cumulative area ratio:  608.32
      Required ratio:    0.00 (Cumulative side area) 



Net: net13
  Pin:   output13/A (sky130_fd_sc_hd__buf_1)
    Layer: mcon
      Partial area ratio:    0.15
      Required ratio:    3.00 (Gate area) 
      Cumulative area ratio:    0.15
      Required ratio:    0.00 (Cumulative area) 

    Layer: met1
      Partial area ratio:  119.77
      Required ratio:    0.00 (Gate area) 
      Cumulative area ratio:  119.77
      Required ratio:    0.00 (Cumulative area) 
      Partial area ratio:  597.92
      Required ratio:  400.00 (Side area) (VIOLATED)
      Cumulative area ratio:  597.92
      Required ratio:    0.00 (Cumulative side area) 

    Layer: via
      Partial area ratio:    0.23
      Required ratio:    6.00 (Gate area) 
      Cumulative area ratio:    0.38
      Required ratio:    0.00 (Cumulative area) 

    Layer: met2
      Partial area ratio:    6.38
      Required ratio:    0.00 (Gate area) 
      Cumulative area ratio:  126.15
      Required ratio:    0.00 (Cumulative area) 
      Partial area ratio:   31.21
      Required ratio: 2778.20 (Side area) 
      Cumulative area ratio:  629.13
      Required ratio:    0.00 (Cumulative side area) 



Net: net14
  Pin:   output14/A (sky130_fd_sc_hd__buf_1)
    Layer: mcon
      Partial area ratio:    0.15
      Required ratio:    3.00 (Gate area) 
      Cumulative area ratio:    0.15
      Required ratio:    0.00 (Cumulative area) 

    Layer: met1
      Partial area ratio:  111.14
      Required ratio:    0.00 (Gate area) 
      Cumulative area ratio:  111.14
      Required ratio:    0.00 (Cumulative area) 
      Partial area ratio:  554.75
      Required ratio:  400.00 (Side area) (VIOLATED)
      Cumulative area ratio:  554.75
      Required ratio:    0.00 (Cumulative side area) 

    Layer: via
      Partial area ratio:    0.23
      Required ratio:    6.00 (Gate area) 
      Cumulative area ratio:    0.38
      Required ratio:    0.00 (Cumulative area) 

    Layer: met2
      Partial area ratio:    6.38
      Required ratio:    0.00 (Gate area) 
      Cumulative area ratio:  117.52
      Required ratio:    0.00 (Cumulative area) 
      Partial area ratio:   31.21
      Required ratio: 2771.60 (Side area) 
      Cumulative area ratio:  585.95
      Required ratio:    0.00 (Cumulative side area) 



Net: net18
  Pin:   output18/A (sky130_fd_sc_hd__buf_1)
    Layer: mcon
      Partial area ratio:    0.15
      Required ratio:    3.00 (Gate area) 
      Cumulative area ratio:    0.15
      Required ratio:    0.00 (Cumulative area) 

    Layer: met1
      Partial area ratio:  109.24
      Required ratio:    0.00 (Gate area) 
      Cumulative area ratio:  109.24
      Required ratio:    0.00 (Cumulative area) 
      Partial area ratio:  545.27
      Required ratio:  400.00 (Side area) (VIOLATED)
      Cumulative area ratio:  545.27
      Required ratio:    0.00 (Cumulative side area) 

    Layer: via
      Partial area ratio:    0.23
      Required ratio:    6.00 (Gate area) 
      Cumulative area ratio:    0.38
      Required ratio:    0.00 (Cumulative area) 

    Layer: met2
      Partial area ratio:    6.38
      Required ratio:    0.00 (Gate area) 
      Cumulative area ratio:  115.62
      Required ratio:    0.00 (Cumulative area) 
      Partial area ratio:   31.21
      Required ratio: 2771.60 (Side area) 
      Cumulative area ratio:  576.48
      Required ratio:    0.00 (Cumulative side area) 



[INFO ANT-0002] Found 6 net violations.
[INFO ANT-0001] Found 6 pin violations.
%OL_END_REPORT
