Reading timing models for corner nom_tt_025C_1v80…
Reading timing library for the 'nom_tt_025C_1v80' corner at '/home/hassan-ul-haq/.volare/volare/sky130/versions/0fe599b2afb6708d281543108caf8310912f54af/sky130A/libs.ref/sky130_fd_sc_hd/lib/sky130_fd_sc_hd__tt_025C_1v80.lib'…
Reading timing models for corner nom_ff_n40C_1v95…
Reading timing library for the 'nom_ff_n40C_1v95' corner at '/home/hassan-ul-haq/.volare/volare/sky130/versions/0fe599b2afb6708d281543108caf8310912f54af/sky130A/libs.ref/sky130_fd_sc_hd/lib/sky130_fd_sc_hd__ff_n40C_1v95.lib'…
Reading timing models for corner nom_ss_100C_1v60…
Reading timing library for the 'nom_ss_100C_1v60' corner at '/home/hassan-ul-haq/.volare/volare/sky130/versions/0fe599b2afb6708d281543108caf8310912f54af/sky130A/libs.ref/sky130_fd_sc_hd/lib/sky130_fd_sc_hd__ss_100C_1v60.lib'…
Reading OpenROAD database at '/home/hassan-ul-haq/openlane2/designs/Multiplier/runs/200MHz/34-openroad-cts/mult.odb'…
Reading design constraints file at '/nix/store/ss2cw3sxbrwwx9jl0rrppbw4kgcmgi2n-python3-3.11.9-env/lib/python3.11/site-packages/openlane/scripts/base.sdc'…
[INFO] Using clock clk…
[INFO] Setting output delay to: 1
[INFO] Setting input delay to: 1
[INFO] Setting load to: 0.033442
[INFO] Setting clock uncertainty to: 0.25
[INFO] Setting clock transition to: 0.1499999999999999944488848768742172978818416595458984375
[INFO] Setting timing derate to: 5%
[INFO] Setting RC values…
[INFO RSZ-0094] Found 7 endpoints with setup violations.
[INFO RSZ-0099] Repairing 7 out of 7 (100.00%) violating endpoints...
   Iter   | Removed | Resized | Inserted | Cloned |  Pin  |    WNS   |   TNS      |  Viol  | Worst
          | Buffers |  Gates  | Buffers  |  Gates | Swaps |          |            | Endpts | Endpt
---------------------------------------------------------------------------------------------------
        0 |       0 |       0 |        0 |      0 |     0 |   -0.032 |       -0.0 |      7 | _818_/D
        2 |       0 |       0 |        0 |      0 |     0 |   -0.032 |       -0.0 |      6 | _818_/D
       10 |       0 |       6 |        0 |      0 |     1 |    0.014 |        0.0 |      6 | _818_/D
       11 |       0 |       7 |        0 |      0 |     1 |    0.017 |        0.0 |      4 | _810_/D
       12 |       0 |       7 |        0 |      0 |     1 |    0.017 |        0.0 |      3 | _810_/D
       13 |       0 |       7 |        0 |      0 |     1 |    0.017 |        0.0 |      2 | _810_/D
       16 |       0 |       8 |        3 |      0 |     1 |    0.022 |        0.0 |      0 | _818_/D
       17 |       0 |       8 |        3 |      0 |     1 |    0.022 |        0.0 |      0 | _818_/D
       18 |       0 |       8 |        3 |      0 |     1 |    0.022 |        0.0 |      0 | _818_/D
    final |       0 |       8 |        3 |      0 |     1 |    0.022 |        0.0 |      1 | _818_/D
---------------------------------------------------------------------------------------------------
[INFO RSZ-0040] Inserted 2 buffers.
[INFO RSZ-0041] Resized 8 instances.
[INFO RSZ-0043] Swapped pins on 1 instances.
[WARNING RSZ-0062] Unable to repair all setup violations.
[INFO RSZ-0046] Found 7 endpoints with hold violations.
Iteration | Resized | Buffers | Cloned Gates |   WNS   |   TNS   | Endpoint
---------------------------------------------------------------------------
        0 |       0 |       0 |            0 |   0.090 |  -0.129 | _796_/D
    final |       0 |       7 |            0 |   0.104 |   0.000 | _778_/D
---------------------------------------------------------------------------
[INFO RSZ-0032] Inserted 7 hold buffers.
Placement Analysis
---------------------------------
total displacement         70.3 u
average displacement        0.1 u
max displacement            6.4 u
original HPWL            7406.3 u
legalized HPWL           7624.1 u
delta HPWL                    3 %

[INFO DPL-0020] Mirrored 170 instances
[INFO DPL-0021] HPWL before            7624.1 u
[INFO DPL-0022] HPWL after             7445.7 u
[INFO DPL-0023] HPWL delta               -2.3 %
[INFO] Setting RC values…
Setting global connections for newly added cells…
[INFO] Setting global connections...
Updating metrics…
Cell type report:                       Count       Area
  Fill cell                                72     270.26
  Tap cell                                133     166.41
  Clock buffer                             10     238.98
  Timing Repair Buffer                     76     467.95
  Inverter                                 77     289.03
  Clock inverter                            6      67.56
  Sequential cell                          72    1801.73
  Multi-Input combinational cell          305    2048.21
  Total                                   751    5350.13
Writing OpenROAD database to '/home/hassan-ul-haq/openlane2/designs/Multiplier/runs/200MHz/36-openroad-resizertimingpostcts/mult.odb'…
Writing netlist to '/home/hassan-ul-haq/openlane2/designs/Multiplier/runs/200MHz/36-openroad-resizertimingpostcts/mult.nl.v'…
Writing powered netlist to '/home/hassan-ul-haq/openlane2/designs/Multiplier/runs/200MHz/36-openroad-resizertimingpostcts/mult.pnl.v'…
Writing layout to '/home/hassan-ul-haq/openlane2/designs/Multiplier/runs/200MHz/36-openroad-resizertimingpostcts/mult.def'…
Writing timing constraints to '/home/hassan-ul-haq/openlane2/designs/Multiplier/runs/200MHz/36-openroad-resizertimingpostcts/mult.sdc'…
