Reading OpenROAD database at '/home/hassan-ul-haq/openlane2/designs/Multiplier/runs/500MHz/20-openroad-generatepdn/mult.odb'…
Reading library file at '/home/hassan-ul-haq/.volare/volare/sky130/versions/0fe599b2afb6708d281543108caf8310912f54af/sky130A/libs.ref/sky130_fd_sc_hd/lib/sky130_fd_sc_hd__tt_025C_1v80.lib'…
Reading design constraints file at 'pnr.sdc'…
[WARNING STA-0366] port 'product[*]' not found.
[INFO] No information on clock propagation in input SDC file-- propagating all clocks.
+ global_placement -density 0.1239761 -skip_io -pad_right 0 -pad_left 0 -init_wirelength_coef 0.25
[INFO GPL-0002] DBU: 1000
[INFO GPL-0003] SiteSize: (  0.460  2.720 ) um
[INFO GPL-0004] CoreBBox: (  5.520 10.880 ) ( 446.200 451.520 ) um
[INFO GPL-0006] NumInstances:              3169
[INFO GPL-0007] NumPlaceInstances:           57
[INFO GPL-0008] NumFixedInstances:         3112
[INFO GPL-0009] NumDummyInstances:            0
[INFO GPL-0010] NumNets:                     75
[INFO GPL-0011] NumPins:                    196
[INFO GPL-0012] DieBBox:  (  0.000  0.000 ) ( 452.130 462.850 ) um
[INFO GPL-0013] CoreBBox: (  5.520 10.880 ) ( 446.200 451.520 ) um
[INFO GPL-0016] CoreArea:            194181.235 um^2
[INFO GPL-0017] NonPlaceInstsArea:     4704.512 um^2
[INFO GPL-0018] PlaceInstsArea:        1167.370 um^2
[INFO GPL-0019] Util:                     0.616 %
[INFO GPL-0020] StdInstsArea:          1167.370 um^2
[INFO GPL-0021] MacroInstsArea:           0.000 um^2
[INFO GPL-0031] FillerInit:NumGCells:      1130
[INFO GPL-0032] FillerInit:NumGNets:         75
[INFO GPL-0033] FillerInit:NumGPins:        196
[INFO GPL-0023] TargetDensity:            0.124
[INFO GPL-0024] AvrgPlaceInstArea:       20.480 um^2
[INFO GPL-0025] IdealBinArea:           165.194 um^2
[INFO GPL-0026] IdealBinCnt:               1175
[INFO GPL-0027] TotalBinArea:        194181.235 um^2
[INFO GPL-0028] BinCnt:        32     32
[INFO GPL-0029] BinSize: ( 13.772 13.770 )
[INFO GPL-0030] NumBins: 1024
[NesterovSolve] Iter:    1 overflow: 0.921 HPWL: 271579
[NesterovSolve] Iter:   10 overflow: 0.842 HPWL: 134117
[NesterovSolve] Iter:   20 overflow: 0.842 HPWL: 140349
[NesterovSolve] Iter:   30 overflow: 0.842 HPWL: 137504
[NesterovSolve] Iter:   40 overflow: 0.842 HPWL: 137951
[NesterovSolve] Iter:   50 overflow: 0.842 HPWL: 137864
[NesterovSolve] Iter:   60 overflow: 0.842 HPWL: 137818
[NesterovSolve] Iter:   70 overflow: 0.842 HPWL: 137879
[NesterovSolve] Iter:   80 overflow: 0.842 HPWL: 137952
[NesterovSolve] Iter:   90 overflow: 0.842 HPWL: 138171
[NesterovSolve] Iter:  100 overflow: 0.842 HPWL: 138812
[NesterovSolve] Iter:  110 overflow: 0.842 HPWL: 140096
[NesterovSolve] Iter:  120 overflow: 0.842 HPWL: 142542
[NesterovSolve] Iter:  130 overflow: 0.842 HPWL: 146540
[NesterovSolve] Iter:  140 overflow: 0.843 HPWL: 152762
[NesterovSolve] Iter:  150 overflow: 0.847 HPWL: 161552
[NesterovSolve] Iter:  160 overflow: 0.851 HPWL: 172995
[NesterovSolve] Iter:  170 overflow: 0.857 HPWL: 181664
[NesterovSolve] Iter:  180 overflow: 0.863 HPWL: 177604
[NesterovSolve] Iter:  190 overflow: 0.865 HPWL: 152410
[NesterovSolve] Iter:  200 overflow: 0.847 HPWL: 163259
[NesterovSolve] Iter:  210 overflow: 0.837 HPWL: 164208
[NesterovSolve] Iter:  220 overflow: 0.821 HPWL: 150961
[NesterovSolve] Iter:  230 overflow: 0.799 HPWL: 124067
[NesterovSolve] Iter:  240 overflow: 0.785 HPWL: 128300
[NesterovSolve] Iter:  250 overflow: 0.775 HPWL: 164808
[NesterovSolve] Iter:  260 overflow: 0.641 HPWL: 242249
[NesterovSolve] Iter:  270 overflow: 0.607 HPWL: 286340
[NesterovSolve] Iter:  280 overflow: 0.573 HPWL: 327441
[NesterovSolve] Iter:  290 overflow: 0.535 HPWL: 357017
[NesterovSolve] Iter:  300 overflow: 0.480 HPWL: 401372
[NesterovSolve] Iter:  310 overflow: 0.426 HPWL: 442854
[NesterovSolve] Iter:  320 overflow: 0.370 HPWL: 496603
[NesterovSolve] Iter:  330 overflow: 0.314 HPWL: 522747
[NesterovSolve] Iter:  340 overflow: 0.277 HPWL: 530577
[NesterovSolve] Iter:  350 overflow: 0.245 HPWL: 570956
[NesterovSolve] Iter:  360 overflow: 0.223 HPWL: 613057
[NesterovSolve] Iter:  370 overflow: 0.159 HPWL: 642126
[NesterovSolve] Iter:  380 overflow: 0.125 HPWL: 656990
[NesterovSolve] Finished with Overflow: 0.098995
[INFO] Setting RC values…
Setting global connections for newly added cells…
[INFO] Setting global connections...
Updating metrics…
Cell type report:                       Count       Area
  Fill cell                               324    1216.17
  Tap cell                               2788    3488.35
  Sequential cell                          41    1077.28
  Multi-Input combinational cell           16      90.09
  Total                                  3169    5871.88
Writing OpenROAD database to '/home/hassan-ul-haq/openlane2/designs/Multiplier/runs/500MHz/23-openroad-globalplacementskipio/mult.odb'…
Writing netlist to '/home/hassan-ul-haq/openlane2/designs/Multiplier/runs/500MHz/23-openroad-globalplacementskipio/mult.nl.v'…
Writing powered netlist to '/home/hassan-ul-haq/openlane2/designs/Multiplier/runs/500MHz/23-openroad-globalplacementskipio/mult.pnl.v'…
Writing layout to '/home/hassan-ul-haq/openlane2/designs/Multiplier/runs/500MHz/23-openroad-globalplacementskipio/mult.def'…
Writing timing constraints to '/home/hassan-ul-haq/openlane2/designs/Multiplier/runs/500MHz/23-openroad-globalplacementskipio/mult.sdc'…
