Clock: clk
Sources: clk 
Generated: no
Virtual: yes
Propagated: no
Period: 8.333000

===========================================================================
report_clock_properties
============================================================================
Clock                   Period          Waveform
----------------------------------------------------
clk                   8.333000    0.000000  4.166500

===========================================================================
report_clock_latency
============================================================================
Clock clk
rise -> rise
    min     max
0.000000 0.000000 source latency
0.644332         network latency _688_/CLK
        0.661179 network latency _680_/CLK
---------------
0.644332 0.661179 latency
        0.016848 skew

fall -> fall
    min     max
0.000000 0.000000 source latency
0.618977         network latency _688_/CLK
        0.633804 network latency _680_/CLK
---------------
0.618977 0.633804 latency
        0.014827 skew



===========================================================================
report_clock_min_period
============================================================================
clk period_min = 8.54 fmax = 117.10
