Clock: clk
Sources: clk 
Generated: no
Virtual: yes
Propagated: no
Period: 3.333000

===========================================================================
report_clock_properties
============================================================================
Clock                   Period          Waveform
----------------------------------------------------
clk                   3.333000    0.000000  1.666500

===========================================================================
report_clock_latency
============================================================================
Clock clk
rise -> rise
    min     max
0.000000 0.000000 source latency
0.585829         network latency _1325_/CLK
        0.607028 network latency _1438_/CLK
---------------
0.585829 0.607028 latency
        0.021199 skew

fall -> fall
    min     max
0.000000 0.000000 source latency
0.538955         network latency _1325_/CLK
        0.554043 network latency _1438_/CLK
---------------
0.538955 0.554043 latency
        0.015088 skew



===========================================================================
report_clock_min_period
============================================================================
clk period_min = 2.50 fmax = 400.02
