Clock: clk
Sources: clk 
Generated: no
Virtual: yes
Propagated: no
Period: 2.000000

===========================================================================
report_clock_properties
============================================================================
Clock                   Period          Waveform
----------------------------------------------------
clk                   2.000000    0.000000  1.000000

===========================================================================
report_clock_latency
============================================================================
Clock clk
rise -> rise
    min     max
0.000000 0.000000 source latency
0.005414         network latency _29_/CLK
        0.008111 network latency _45_/CLK
---------------
0.005414 0.008111 latency
        0.002697 skew

fall -> fall
    min     max
0.000000 0.000000 source latency
0.005158         network latency _29_/CLK
        0.007721 network latency _45_/CLK
---------------
0.005158 0.007721 latency
        0.002563 skew



===========================================================================
report_clock_min_period
============================================================================
clk period_min = 0.80 fmax = 1252.86
