
===========================================================================
report_checks -path_delay max (Setup)
============================================================================
======================= nom_tt_025C_1v80 Corner ===================================

Startpoint: _48_ (rising edge-triggered flip-flop clocked by clk)
Endpoint: _32_ (rising edge-triggered flip-flop clocked by clk)
Path Group: clk
Path Type: max

Fanout         Cap        Slew       Delay        Time   Description
---------------------------------------------------------------------------------------------
                                  0.000000    0.000000   clock clk (rise edge)
                                  0.000000    0.000000   clock source latency
    41    0.136665    0.000000    0.000000    0.000000 ^ clk (in)
                                                         clk (net)
                      0.013795    0.006897    0.006897 ^ _48_/CLK (sky130_fd_sc_hd__dfrtp_2)
     8    0.031875    0.107246    0.452521    0.459418 v _48_/Q (sky130_fd_sc_hd__dfrtp_2)
                                                         b_r1[0] (net)
                      0.107246    0.000181    0.459599 v _00_/B (sky130_fd_sc_hd__and2_2)
     1    0.002106    0.034944    0.207458    0.667057 v _00_/X (sky130_fd_sc_hd__and2_2)
                                                         PPs_w[6][6] (net)
                      0.034944    0.000002    0.667059 v _32_/D (sky130_fd_sc_hd__dfrtp_2)
                                              0.667059   data arrival time

                                  2.000000    2.000000   clock clk (rise edge)
                                  0.000000    2.000000   clock source latency
    41    0.136665    0.000000    0.000000    2.000000 ^ clk (in)
                                                         clk (net)
                      0.014180    0.007090    2.007090 ^ _32_/CLK (sky130_fd_sc_hd__dfrtp_2)
                                 -0.020000    1.987090   clock uncertainty
                                  0.000000    1.987090   clock reconvergence pessimism
                                 -0.118203    1.868887   library setup time
                                              1.868887   data required time
---------------------------------------------------------------------------------------------
                                              1.868887   data required time
                                             -0.667059   data arrival time
---------------------------------------------------------------------------------------------
                                              1.201828   slack (MET)


Startpoint: _48_ (rising edge-triggered flip-flop clocked by clk)
Endpoint: _30_ (rising edge-triggered flip-flop clocked by clk)
Path Group: clk
Path Type: max

Fanout         Cap        Slew       Delay        Time   Description
---------------------------------------------------------------------------------------------
                                  0.000000    0.000000   clock clk (rise edge)
                                  0.000000    0.000000   clock source latency
    41    0.136665    0.000000    0.000000    0.000000 ^ clk (in)
                                                         clk (net)
                      0.013795    0.006897    0.006897 ^ _48_/CLK (sky130_fd_sc_hd__dfrtp_2)
     8    0.031875    0.107246    0.452521    0.459418 v _48_/Q (sky130_fd_sc_hd__dfrtp_2)
                                                         b_r1[0] (net)
                      0.107246    0.000090    0.459508 v _02_/A (sky130_fd_sc_hd__and2_2)
     1    0.002686    0.036097    0.189208    0.648716 v _02_/X (sky130_fd_sc_hd__and2_2)
                                                         PPs_w[4][4] (net)
                      0.036097    0.000011    0.648726 v _30_/D (sky130_fd_sc_hd__dfrtp_2)
                                              0.648726   data arrival time

                                  2.000000    2.000000   clock clk (rise edge)
                                  0.000000    2.000000   clock source latency
    41    0.136665    0.000000    0.000000    2.000000 ^ clk (in)
                                                         clk (net)
                      0.011626    0.005813    2.005813 ^ _30_/CLK (sky130_fd_sc_hd__dfrtp_2)
                                 -0.020000    1.985813   clock uncertainty
                                  0.000000    1.985813   clock reconvergence pessimism
                                 -0.119300    1.866513   library setup time
                                              1.866513   data required time
---------------------------------------------------------------------------------------------
                                              1.866513   data required time
                                             -0.648726   data arrival time
---------------------------------------------------------------------------------------------
                                              1.217787   slack (MET)


Startpoint: _48_ (rising edge-triggered flip-flop clocked by clk)
Endpoint: _33_ (rising edge-triggered flip-flop clocked by clk)
Path Group: clk
Path Type: max

Fanout         Cap        Slew       Delay        Time   Description
---------------------------------------------------------------------------------------------
                                  0.000000    0.000000   clock clk (rise edge)
                                  0.000000    0.000000   clock source latency
    41    0.136665    0.000000    0.000000    0.000000 ^ clk (in)
                                                         clk (net)
                      0.013795    0.006897    0.006897 ^ _48_/CLK (sky130_fd_sc_hd__dfrtp_2)
     8    0.031875    0.107246    0.452521    0.459418 v _48_/Q (sky130_fd_sc_hd__dfrtp_2)
                                                         b_r1[0] (net)
                      0.107246    0.000237    0.459655 v _07_/A (sky130_fd_sc_hd__and2_2)
     1    0.002600    0.035879    0.188829    0.648484 v _07_/X (sky130_fd_sc_hd__and2_2)
                                                         PPs_w[7][7] (net)
                      0.035879    0.000007    0.648492 v _33_/D (sky130_fd_sc_hd__dfrtp_2)
                                              0.648492   data arrival time

                                  2.000000    2.000000   clock clk (rise edge)
                                  0.000000    2.000000   clock source latency
    41    0.136665    0.000000    0.000000    2.000000 ^ clk (in)
                                                         clk (net)
                      0.011232    0.005616    2.005616 ^ _33_/CLK (sky130_fd_sc_hd__dfrtp_2)
                                 -0.020000    1.985616   clock uncertainty
                                  0.000000    1.985616   clock reconvergence pessimism
                                 -0.119295    1.866321   library setup time
                                              1.866321   data required time
---------------------------------------------------------------------------------------------
                                              1.866321   data required time
                                             -0.648492   data arrival time
---------------------------------------------------------------------------------------------
                                              1.217829   slack (MET)


Startpoint: _48_ (rising edge-triggered flip-flop clocked by clk)
Endpoint: _18_ (rising edge-triggered flip-flop clocked by clk)
Path Group: clk
Path Type: max

Fanout         Cap        Slew       Delay        Time   Description
---------------------------------------------------------------------------------------------
                                  0.000000    0.000000   clock clk (rise edge)
                                  0.000000    0.000000   clock source latency
    41    0.136665    0.000000    0.000000    0.000000 ^ clk (in)
                                                         clk (net)
                      0.013795    0.006897    0.006897 ^ _48_/CLK (sky130_fd_sc_hd__dfrtp_2)
     8    0.031875    0.107246    0.452521    0.459418 v _48_/Q (sky130_fd_sc_hd__dfrtp_2)
                                                         b_r1[0] (net)
                      0.107246    0.000221    0.459639 v _06_/A (sky130_fd_sc_hd__and2_2)
     1    0.002456    0.036090    0.188193    0.647832 v _06_/X (sky130_fd_sc_hd__and2_2)
                                                         PPs_w[0][0] (net)
                      0.036090    0.000006    0.647838 v _18_/D (sky130_fd_sc_hd__dfrtp_2)
                                              0.647838   data arrival time

                                  2.000000    2.000000   clock clk (rise edge)
                                  0.000000    2.000000   clock source latency
    41    0.136665    0.000000    0.000000    2.000000 ^ clk (in)
                                                         clk (net)
                      0.012428    0.006214    2.006214 ^ _18_/CLK (sky130_fd_sc_hd__dfrtp_2)
                                 -0.020000    1.986214   clock uncertainty
                                  0.000000    1.986214   clock reconvergence pessimism
                                 -0.119112    1.867103   library setup time
                                              1.867103   data required time
---------------------------------------------------------------------------------------------
                                              1.867103   data required time
                                             -0.647838   data arrival time
---------------------------------------------------------------------------------------------
                                              1.219265   slack (MET)


Startpoint: _48_ (rising edge-triggered flip-flop clocked by clk)
Endpoint: _20_ (rising edge-triggered flip-flop clocked by clk)
Path Group: clk
Path Type: max

Fanout         Cap        Slew       Delay        Time   Description
---------------------------------------------------------------------------------------------
                                  0.000000    0.000000   clock clk (rise edge)
                                  0.000000    0.000000   clock source latency
    41    0.136665    0.000000    0.000000    0.000000 ^ clk (in)
                                                         clk (net)
                      0.013795    0.006897    0.006897 ^ _48_/CLK (sky130_fd_sc_hd__dfrtp_2)
     8    0.031875    0.107246    0.452521    0.459418 v _48_/Q (sky130_fd_sc_hd__dfrtp_2)
                                                         b_r1[0] (net)
                      0.107246    0.000143    0.459561 v _04_/A (sky130_fd_sc_hd__and2_2)
     1    0.002437    0.036031    0.188107    0.647668 v _04_/X (sky130_fd_sc_hd__and2_2)
                                                         PPs_w[2][2] (net)
                      0.036031    0.000006    0.647674 v _20_/D (sky130_fd_sc_hd__dfrtp_2)
                                              0.647674   data arrival time

                                  2.000000    2.000000   clock clk (rise edge)
                                  0.000000    2.000000   clock source latency
    41    0.136665    0.000000    0.000000    2.000000 ^ clk (in)
                                                         clk (net)
                      0.013721    0.006860    2.006860 ^ _20_/CLK (sky130_fd_sc_hd__dfrtp_2)
                                 -0.020000    1.986860   clock uncertainty
                                  0.000000    1.986860   clock reconvergence pessimism
                                 -0.118787    1.868073   library setup time
                                              1.868073   data required time
---------------------------------------------------------------------------------------------
                                              1.868073   data required time
                                             -0.647674   data arrival time
---------------------------------------------------------------------------------------------
                                              1.220399   slack (MET)


Startpoint: _48_ (rising edge-triggered flip-flop clocked by clk)
Endpoint: _19_ (rising edge-triggered flip-flop clocked by clk)
Path Group: clk
Path Type: max

Fanout         Cap        Slew       Delay        Time   Description
---------------------------------------------------------------------------------------------
                                  0.000000    0.000000   clock clk (rise edge)
                                  0.000000    0.000000   clock source latency
    41    0.136665    0.000000    0.000000    0.000000 ^ clk (in)
                                                         clk (net)
                      0.013795    0.006897    0.006897 ^ _48_/CLK (sky130_fd_sc_hd__dfrtp_2)
     8    0.031875    0.107246    0.452521    0.459418 v _48_/Q (sky130_fd_sc_hd__dfrtp_2)
                                                         b_r1[0] (net)
                      0.107246    0.000254    0.459672 v _05_/A (sky130_fd_sc_hd__and2_2)
     1    0.002457    0.036091    0.188195    0.647867 v _05_/X (sky130_fd_sc_hd__and2_2)
                                                         PPs_w[1][1] (net)
                      0.036091    0.000006    0.647873 v _19_/D (sky130_fd_sc_hd__dfrtp_2)
                                              0.647873   data arrival time

                                  2.000000    2.000000   clock clk (rise edge)
                                  0.000000    2.000000   clock source latency
    41    0.136665    0.000000    0.000000    2.000000 ^ clk (in)
                                                         clk (net)
                      0.014832    0.007416    2.007416 ^ _19_/CLK (sky130_fd_sc_hd__dfrtp_2)
                                 -0.020000    1.987416   clock uncertainty
                                  0.000000    1.987416   clock reconvergence pessimism
                                 -0.118557    1.868859   library setup time
                                              1.868859   data required time
---------------------------------------------------------------------------------------------
                                              1.868859   data required time
                                             -0.647873   data arrival time
---------------------------------------------------------------------------------------------
                                              1.220986   slack (MET)


Startpoint: _48_ (rising edge-triggered flip-flop clocked by clk)
Endpoint: _31_ (rising edge-triggered flip-flop clocked by clk)
Path Group: clk
Path Type: max

Fanout         Cap        Slew       Delay        Time   Description
---------------------------------------------------------------------------------------------
                                  0.000000    0.000000   clock clk (rise edge)
                                  0.000000    0.000000   clock source latency
    41    0.136665    0.000000    0.000000    0.000000 ^ clk (in)
                                                         clk (net)
                      0.013795    0.006897    0.006897 ^ _48_/CLK (sky130_fd_sc_hd__dfrtp_2)
     8    0.031875    0.107246    0.452521    0.459418 v _48_/Q (sky130_fd_sc_hd__dfrtp_2)
                                                         b_r1[0] (net)
                      0.107246    0.000186    0.459604 v _01_/A (sky130_fd_sc_hd__and2_2)
     1    0.002640    0.035981    0.189005    0.648610 v _01_/X (sky130_fd_sc_hd__and2_2)
                                                         PPs_w[5][5] (net)
                      0.035981    0.000010    0.648620 v _31_/D (sky130_fd_sc_hd__dfrtp_2)
                                              0.648620   data arrival time

                                  2.000000    2.000000   clock clk (rise edge)
                                  0.000000    2.000000   clock source latency
    41    0.136665    0.000000    0.000000    2.000000 ^ clk (in)
                                                         clk (net)
                      0.016209    0.008105    2.008105 ^ _31_/CLK (sky130_fd_sc_hd__dfrtp_2)
                                 -0.020000    1.988105   clock uncertainty
                                  0.000000    1.988105   clock reconvergence pessimism
                                 -0.118190    1.869915   library setup time
                                              1.869915   data required time
---------------------------------------------------------------------------------------------
                                              1.869915   data required time
                                             -0.648620   data arrival time
---------------------------------------------------------------------------------------------
                                              1.221295   slack (MET)


Startpoint: _48_ (rising edge-triggered flip-flop clocked by clk)
Endpoint: _21_ (rising edge-triggered flip-flop clocked by clk)
Path Group: clk
Path Type: max

Fanout         Cap        Slew       Delay        Time   Description
---------------------------------------------------------------------------------------------
                                  0.000000    0.000000   clock clk (rise edge)
                                  0.000000    0.000000   clock source latency
    41    0.136665    0.000000    0.000000    0.000000 ^ clk (in)
                                                         clk (net)
                      0.013795    0.006897    0.006897 ^ _48_/CLK (sky130_fd_sc_hd__dfrtp_2)
     8    0.031875    0.107246    0.452521    0.459418 v _48_/Q (sky130_fd_sc_hd__dfrtp_2)
                                                         b_r1[0] (net)
                      0.107246    0.000272    0.459690 v _03_/A (sky130_fd_sc_hd__and2_2)
     1    0.002306    0.035635    0.187527    0.647217 v _03_/X (sky130_fd_sc_hd__and2_2)
                                                         PPs_w[3][3] (net)
                      0.035635    0.000004    0.647220 v _21_/D (sky130_fd_sc_hd__dfrtp_2)
                                              0.647220   data arrival time

                                  2.000000    2.000000   clock clk (rise edge)
                                  0.000000    2.000000   clock source latency
    41    0.136665    0.000000    0.000000    2.000000 ^ clk (in)
                                                         clk (net)
                      0.015590    0.007795    2.007795 ^ _21_/CLK (sky130_fd_sc_hd__dfrtp_2)
                                 -0.020000    1.987795   clock uncertainty
                                  0.000000    1.987795   clock reconvergence pessimism
                                 -0.118181    1.869614   library setup time
                                              1.869614   data required time
---------------------------------------------------------------------------------------------
                                              1.869614   data required time
                                             -0.647220   data arrival time
---------------------------------------------------------------------------------------------
                                              1.222394   slack (MET)


Startpoint: _08_ (rising edge-triggered flip-flop clocked by clk)
Endpoint: _22_ (rising edge-triggered flip-flop clocked by clk)
Path Group: clk
Path Type: max

Fanout         Cap        Slew       Delay        Time   Description
---------------------------------------------------------------------------------------------
                                  0.000000    0.000000   clock clk (rise edge)
                                  0.000000    0.000000   clock source latency
    41    0.136665    0.000000    0.000000    0.000000 ^ clk (in)
                                                         clk (net)
                      0.012380    0.006190    0.006190 ^ _08_/CLK (sky130_fd_sc_hd__dfrtp_2)
     1    0.002533    0.038370    0.364610    0.370800 v _08_/Q (sky130_fd_sc_hd__dfrtp_2)
                                                         S_r4[0] (net)
                      0.038370    0.000006    0.370806 v _22_/D (sky130_fd_sc_hd__dfrtp_2)
                                              0.370806   data arrival time

                                  2.000000    2.000000   clock clk (rise edge)
                                  0.000000    2.000000   clock source latency
    41    0.136665    0.000000    0.000000    2.000000 ^ clk (in)
                                                         clk (net)
                      0.011842    0.005921    2.005921 ^ _22_/CLK (sky130_fd_sc_hd__dfrtp_2)
                                 -0.020000    1.985921   clock uncertainty
                                  0.000000    1.985921   clock reconvergence pessimism
                                 -0.120249    1.865672   library setup time
                                              1.865672   data required time
---------------------------------------------------------------------------------------------
                                              1.865672   data required time
                                             -0.370806   data arrival time
---------------------------------------------------------------------------------------------
                                              1.494866   slack (MET)


Startpoint: _10_ (rising edge-triggered flip-flop clocked by clk)
Endpoint: _24_ (rising edge-triggered flip-flop clocked by clk)
Path Group: clk
Path Type: max

Fanout         Cap        Slew       Delay        Time   Description
---------------------------------------------------------------------------------------------
                                  0.000000    0.000000   clock clk (rise edge)
                                  0.000000    0.000000   clock source latency
    41    0.136665    0.000000    0.000000    0.000000 ^ clk (in)
                                                         clk (net)
                      0.013581    0.006791    0.006791 ^ _10_/CLK (sky130_fd_sc_hd__dfrtp_2)
     1    0.002495    0.038259    0.364842    0.371632 v _10_/Q (sky130_fd_sc_hd__dfrtp_2)
                                                         S_r4[2] (net)
                      0.038259    0.000006    0.371638 v _24_/D (sky130_fd_sc_hd__dfrtp_2)
                                              0.371638   data arrival time

                                  2.000000    2.000000   clock clk (rise edge)
                                  0.000000    2.000000   clock source latency
    41    0.136665    0.000000    0.000000    2.000000 ^ clk (in)
                                                         clk (net)
                      0.013534    0.006767    2.006767 ^ _24_/CLK (sky130_fd_sc_hd__dfrtp_2)
                                 -0.020000    1.986767   clock uncertainty
                                  0.000000    1.986767   clock reconvergence pessimism
                                 -0.119809    1.866958   library setup time
                                              1.866958   data required time
---------------------------------------------------------------------------------------------
                                              1.866958   data required time
                                             -0.371638   data arrival time
---------------------------------------------------------------------------------------------
                                              1.495319   slack (MET)


Startpoint: _09_ (rising edge-triggered flip-flop clocked by clk)
Endpoint: _23_ (rising edge-triggered flip-flop clocked by clk)
Path Group: clk
Path Type: max

Fanout         Cap        Slew       Delay        Time   Description
---------------------------------------------------------------------------------------------
                                  0.000000    0.000000   clock clk (rise edge)
                                  0.000000    0.000000   clock source latency
    41    0.136665    0.000000    0.000000    0.000000 ^ clk (in)
                                                         clk (net)
                      0.014736    0.007368    0.007368 ^ _09_/CLK (sky130_fd_sc_hd__dfrtp_2)
     1    0.002462    0.038167    0.365089    0.372457 v _09_/Q (sky130_fd_sc_hd__dfrtp_2)
                                                         S_r4[1] (net)
                      0.038167    0.000005    0.372463 v _23_/D (sky130_fd_sc_hd__dfrtp_2)
                                              0.372463   data arrival time

                                  2.000000    2.000000   clock clk (rise edge)
                                  0.000000    2.000000   clock source latency
    41    0.136665    0.000000    0.000000    2.000000 ^ clk (in)
                                                         clk (net)
                      0.014770    0.007385    2.007385 ^ _23_/CLK (sky130_fd_sc_hd__dfrtp_2)
                                 -0.020000    1.987385   clock uncertainty
                                  0.000000    1.987385   clock reconvergence pessimism
                                 -0.119483    1.867902   library setup time
                                              1.867902   data required time
---------------------------------------------------------------------------------------------
                                              1.867902   data required time
                                             -0.372463   data arrival time
---------------------------------------------------------------------------------------------
                                              1.495439   slack (MET)


Startpoint: _11_ (rising edge-triggered flip-flop clocked by clk)
Endpoint: _25_ (rising edge-triggered flip-flop clocked by clk)
Path Group: clk
Path Type: max

Fanout         Cap        Slew       Delay        Time   Description
---------------------------------------------------------------------------------------------
                                  0.000000    0.000000   clock clk (rise edge)
                                  0.000000    0.000000   clock source latency
    41    0.136665    0.000000    0.000000    0.000000 ^ clk (in)
                                                         clk (net)
                      0.015352    0.007676    0.007676 ^ _11_/CLK (sky130_fd_sc_hd__dfrtp_2)
     1    0.002415    0.038014    0.365057    0.372733 v _11_/Q (sky130_fd_sc_hd__dfrtp_2)
                                                         S_r4[3] (net)
                      0.038014    0.000004    0.372737 v _25_/D (sky130_fd_sc_hd__dfrtp_2)
                                              0.372737   data arrival time

                                  2.000000    2.000000   clock clk (rise edge)
                                  0.000000    2.000000   clock source latency
    41    0.136665    0.000000    0.000000    2.000000 ^ clk (in)
                                                         clk (net)
                      0.015245    0.007623    2.007623 ^ _25_/CLK (sky130_fd_sc_hd__dfrtp_2)
                                 -0.020000    1.987623   clock uncertainty
                                  0.000000    1.987623   clock reconvergence pessimism
                                 -0.119306    1.868317   library setup time
                                              1.868317   data required time
---------------------------------------------------------------------------------------------
                                              1.868317   data required time
                                             -0.372737   data arrival time
---------------------------------------------------------------------------------------------
                                              1.495579   slack (MET)


Startpoint: _32_ (rising edge-triggered flip-flop clocked by clk)
Endpoint: _16_ (rising edge-triggered flip-flop clocked by clk)
Path Group: clk
Path Type: max

Fanout         Cap        Slew       Delay        Time   Description
---------------------------------------------------------------------------------------------
                                  0.000000    0.000000   clock clk (rise edge)
                                  0.000000    0.000000   clock source latency
    41    0.136665    0.000000    0.000000    0.000000 ^ clk (in)
                                                         clk (net)
                      0.014180    0.007090    0.007090 ^ _32_/CLK (sky130_fd_sc_hd__dfrtp_2)
     1    0.002426    0.038031    0.364686    0.371776 v _32_/Q (sky130_fd_sc_hd__dfrtp_2)
                                                         PPs_r2[6][6] (net)
                      0.038031    0.000005    0.371781 v _16_/D (sky130_fd_sc_hd__dfrtp_2)
                                              0.371781   data arrival time

                                  2.000000    2.000000   clock clk (rise edge)
                                  0.000000    2.000000   clock source latency
    41    0.136665    0.000000    0.000000    2.000000 ^ clk (in)
                                                         clk (net)
                      0.014140    0.007070    2.007070 ^ _16_/CLK (sky130_fd_sc_hd__dfrtp_2)
                                 -0.020000    1.987070   clock uncertainty
                                  0.000000    1.987070   clock reconvergence pessimism
                                 -0.119569    1.867501   library setup time
                                              1.867501   data required time
---------------------------------------------------------------------------------------------
                                              1.867501   data required time
                                             -0.371781   data arrival time
---------------------------------------------------------------------------------------------
                                              1.495721   slack (MET)


Startpoint: _36_ (rising edge-triggered flip-flop clocked by clk)
Endpoint: _10_ (rising edge-triggered flip-flop clocked by clk)
Path Group: clk
Path Type: max

Fanout         Cap        Slew       Delay        Time   Description
---------------------------------------------------------------------------------------------
                                  0.000000    0.000000   clock clk (rise edge)
                                  0.000000    0.000000   clock source latency
    41    0.136665    0.000000    0.000000    0.000000 ^ clk (in)
                                                         clk (net)
                      0.013661    0.006830    0.006830 ^ _36_/CLK (sky130_fd_sc_hd__dfrtp_2)
     1    0.002392    0.037901    0.364305    0.371136 v _36_/Q (sky130_fd_sc_hd__dfrtp_2)
                                                         S_r3[0][2] (net)
                      0.037901    0.000005    0.371140 v _10_/D (sky130_fd_sc_hd__dfrtp_2)
                                              0.371140   data arrival time

                                  2.000000    2.000000   clock clk (rise edge)
                                  0.000000    2.000000   clock source latency
    41    0.136665    0.000000    0.000000    2.000000 ^ clk (in)
                                                         clk (net)
                      0.013581    0.006791    2.006791 ^ _10_/CLK (sky130_fd_sc_hd__dfrtp_2)
                                 -0.020000    1.986791   clock uncertainty
                                  0.000000    1.986791   clock reconvergence pessimism
                                 -0.119641    1.867149   library setup time
                                              1.867149   data required time
---------------------------------------------------------------------------------------------
                                              1.867149   data required time
                                             -0.371140   data arrival time
---------------------------------------------------------------------------------------------
                                              1.496009   slack (MET)


Startpoint: _14_ (rising edge-triggered flip-flop clocked by clk)
Endpoint: _28_ (rising edge-triggered flip-flop clocked by clk)
Path Group: clk
Path Type: max

Fanout         Cap        Slew       Delay        Time   Description
---------------------------------------------------------------------------------------------
                                  0.000000    0.000000   clock clk (rise edge)
                                  0.000000    0.000000   clock source latency
    41    0.136665    0.000000    0.000000    0.000000 ^ clk (in)
                                                         clk (net)
                      0.014095    0.007047    0.007047 ^ _14_/CLK (sky130_fd_sc_hd__dfrtp_2)
     1    0.002390    0.037903    0.364456    0.371503 v _14_/Q (sky130_fd_sc_hd__dfrtp_2)
                                                         S_r4[6] (net)
                      0.037903    0.000004    0.371507 v _28_/D (sky130_fd_sc_hd__dfrtp_2)
                                              0.371507   data arrival time

                                  2.000000    2.000000   clock clk (rise edge)
                                  0.000000    2.000000   clock source latency
    41    0.136665    0.000000    0.000000    2.000000 ^ clk (in)
                                                         clk (net)
                      0.014184    0.007092    2.007092 ^ _28_/CLK (sky130_fd_sc_hd__dfrtp_2)
                                 -0.020000    1.987092   clock uncertainty
                                  0.000000    1.987092   clock reconvergence pessimism
                                 -0.119503    1.867589   library setup time
                                              1.867589   data required time
---------------------------------------------------------------------------------------------
                                              1.867589   data required time
                                             -0.371507   data arrival time
---------------------------------------------------------------------------------------------
                                              1.496082   slack (MET)


Startpoint: _37_ (rising edge-triggered flip-flop clocked by clk)
Endpoint: _11_ (rising edge-triggered flip-flop clocked by clk)
Path Group: clk
Path Type: max

Fanout         Cap        Slew       Delay        Time   Description
---------------------------------------------------------------------------------------------
                                  0.000000    0.000000   clock clk (rise edge)
                                  0.000000    0.000000   clock source latency
    41    0.136665    0.000000    0.000000    0.000000 ^ clk (in)
                                                         clk (net)
                      0.015478    0.007739    0.007739 ^ _37_/CLK (sky130_fd_sc_hd__dfrtp_2)
     1    0.002318    0.037676    0.364570    0.372309 v _37_/Q (sky130_fd_sc_hd__dfrtp_2)
                                                         S_r3[1][3] (net)
                      0.037676    0.000004    0.372313 v _11_/D (sky130_fd_sc_hd__dfrtp_2)
                                              0.372313   data arrival time

                                  2.000000    2.000000   clock clk (rise edge)
                                  0.000000    2.000000   clock source latency
    41    0.136665    0.000000    0.000000    2.000000 ^ clk (in)
                                                         clk (net)
                      0.015352    0.007676    2.007676 ^ _11_/CLK (sky130_fd_sc_hd__dfrtp_2)
                                 -0.020000    1.987676   clock uncertainty
                                  0.000000    1.987676   clock reconvergence pessimism
                                 -0.119133    1.868543   library setup time
                                              1.868543   data required time
---------------------------------------------------------------------------------------------
                                              1.868543   data required time
                                             -0.372313   data arrival time
---------------------------------------------------------------------------------------------
                                              1.496230   slack (MET)


Startpoint: _35_ (rising edge-triggered flip-flop clocked by clk)
Endpoint: _09_ (rising edge-triggered flip-flop clocked by clk)
Path Group: clk
Path Type: max

Fanout         Cap        Slew       Delay        Time   Description
---------------------------------------------------------------------------------------------
                                  0.000000    0.000000   clock clk (rise edge)
                                  0.000000    0.000000   clock source latency
    41    0.136665    0.000000    0.000000    0.000000 ^ clk (in)
                                                         clk (net)
                      0.014794    0.007397    0.007397 ^ _35_/CLK (sky130_fd_sc_hd__dfrtp_2)
     1    0.002337    0.037731    0.364423    0.371820 v _35_/Q (sky130_fd_sc_hd__dfrtp_2)
                                                         S_r3[0][1] (net)
                      0.037731    0.000004    0.371824 v _09_/D (sky130_fd_sc_hd__dfrtp_2)
                                              0.371824   data arrival time

                                  2.000000    2.000000   clock clk (rise edge)
                                  0.000000    2.000000   clock source latency
    41    0.136665    0.000000    0.000000    2.000000 ^ clk (in)
                                                         clk (net)
                      0.014736    0.007368    2.007368 ^ _09_/CLK (sky130_fd_sc_hd__dfrtp_2)
                                 -0.020000    1.987368   clock uncertainty
                                  0.000000    1.987368   clock reconvergence pessimism
                                 -0.119299    1.868069   library setup time
                                              1.868069   data required time
---------------------------------------------------------------------------------------------
                                              1.868069   data required time
                                             -0.371824   data arrival time
---------------------------------------------------------------------------------------------
                                              1.496245   slack (MET)


Startpoint: _39_ (rising edge-triggered flip-flop clocked by clk)
Endpoint: _13_ (rising edge-triggered flip-flop clocked by clk)
Path Group: clk
Path Type: max

Fanout         Cap        Slew       Delay        Time   Description
---------------------------------------------------------------------------------------------
                                  0.000000    0.000000   clock clk (rise edge)
                                  0.000000    0.000000   clock source latency
    41    0.136665    0.000000    0.000000    0.000000 ^ clk (in)
                                                         clk (net)
                      0.016193    0.008097    0.008097 ^ _39_/CLK (sky130_fd_sc_hd__dfrtp_2)
     1    0.002303    0.037636    0.364750    0.372847 v _39_/Q (sky130_fd_sc_hd__dfrtp_2)
                                                         S_r3[1][5] (net)
                      0.037636    0.000004    0.372851 v _13_/D (sky130_fd_sc_hd__dfrtp_2)
                                              0.372851   data arrival time

                                  2.000000    2.000000   clock clk (rise edge)
                                  0.000000    2.000000   clock source latency
    41    0.136665    0.000000    0.000000    2.000000 ^ clk (in)
                                                         clk (net)
                      0.016159    0.008080    2.008080 ^ _13_/CLK (sky130_fd_sc_hd__dfrtp_2)
                                 -0.020000    1.988080   clock uncertainty
                                  0.000000    1.988080   clock reconvergence pessimism
                                 -0.118929    1.869150   library setup time
                                              1.869150   data required time
---------------------------------------------------------------------------------------------
                                              1.869150   data required time
                                             -0.372851   data arrival time
---------------------------------------------------------------------------------------------
                                              1.496299   slack (MET)


Startpoint: _20_ (rising edge-triggered flip-flop clocked by clk)
Endpoint: _36_ (rising edge-triggered flip-flop clocked by clk)
Path Group: clk
Path Type: max

Fanout         Cap        Slew       Delay        Time   Description
---------------------------------------------------------------------------------------------
                                  0.000000    0.000000   clock clk (rise edge)
                                  0.000000    0.000000   clock source latency
    41    0.136665    0.000000    0.000000    0.000000 ^ clk (in)
                                                         clk (net)
                      0.013721    0.006860    0.006860 ^ _20_/CLK (sky130_fd_sc_hd__dfrtp_2)
     1    0.002351    0.037759    0.364101    0.370962 v _20_/Q (sky130_fd_sc_hd__dfrtp_2)
                                                         PPs_r2[2][2] (net)
                      0.037759    0.000005    0.370966 v _36_/D (sky130_fd_sc_hd__dfrtp_2)
                                              0.370966   data arrival time

                                  2.000000    2.000000   clock clk (rise edge)
                                  0.000000    2.000000   clock source latency
    41    0.136665    0.000000    0.000000    2.000000 ^ clk (in)
                                                         clk (net)
                      0.013661    0.006831    2.006830 ^ _36_/CLK (sky130_fd_sc_hd__dfrtp_2)
                                 -0.020000    1.986831   clock uncertainty
                                  0.000000    1.986831   clock reconvergence pessimism
                                 -0.119560    1.867270   library setup time
                                              1.867270   data required time
---------------------------------------------------------------------------------------------
                                              1.867270   data required time
                                             -0.370966   data arrival time
---------------------------------------------------------------------------------------------
                                              1.496304   slack (MET)


Startpoint: _18_ (rising edge-triggered flip-flop clocked by clk)
Endpoint: _34_ (rising edge-triggered flip-flop clocked by clk)
Path Group: clk
Path Type: max

Fanout         Cap        Slew       Delay        Time   Description
---------------------------------------------------------------------------------------------
                                  0.000000    0.000000   clock clk (rise edge)
                                  0.000000    0.000000   clock source latency
    41    0.136665    0.000000    0.000000    0.000000 ^ clk (in)
                                                         clk (net)
                      0.012428    0.006214    0.006214 ^ _18_/CLK (sky130_fd_sc_hd__dfrtp_2)
     1    0.002372    0.037804    0.363733    0.369947 v _18_/Q (sky130_fd_sc_hd__dfrtp_2)
                                                         PPs_r2[0][0] (net)
                      0.037804    0.000005    0.369952 v _34_/D (sky130_fd_sc_hd__dfrtp_2)
                                              0.369952   data arrival time

                                  2.000000    2.000000   clock clk (rise edge)
                                  0.000000    2.000000   clock source latency
    41    0.136665    0.000000    0.000000    2.000000 ^ clk (in)
                                                         clk (net)
                      0.012412    0.006206    2.006206 ^ _34_/CLK (sky130_fd_sc_hd__dfrtp_2)
                                 -0.020000    1.986206   clock uncertainty
                                  0.000000    1.986206   clock reconvergence pessimism
                                 -0.119869    1.866338   library setup time
                                              1.866338   data required time
---------------------------------------------------------------------------------------------
                                              1.866338   data required time
                                             -0.369952   data arrival time
---------------------------------------------------------------------------------------------
                                              1.496385   slack (MET)


Startpoint: _34_ (rising edge-triggered flip-flop clocked by clk)
Endpoint: _08_ (rising edge-triggered flip-flop clocked by clk)
Path Group: clk
Path Type: max

Fanout         Cap        Slew       Delay        Time   Description
---------------------------------------------------------------------------------------------
                                  0.000000    0.000000   clock clk (rise edge)
                                  0.000000    0.000000   clock source latency
    41    0.136665    0.000000    0.000000    0.000000 ^ clk (in)
                                                         clk (net)
                      0.012412    0.006206    0.006206 ^ _34_/CLK (sky130_fd_sc_hd__dfrtp_2)
     1    0.002354    0.037743    0.363632    0.369838 v _34_/Q (sky130_fd_sc_hd__dfrtp_2)
                                                         S_r3[0][0] (net)
                      0.037743    0.000004    0.369842 v _08_/D (sky130_fd_sc_hd__dfrtp_2)
                                              0.369842   data arrival time

                                  2.000000    2.000000   clock clk (rise edge)
                                  0.000000    2.000000   clock source latency
    41    0.136665    0.000000    0.000000    2.000000 ^ clk (in)
                                                         clk (net)
                      0.012380    0.006190    2.006190 ^ _08_/CLK (sky130_fd_sc_hd__dfrtp_2)
                                 -0.020000    1.986190   clock uncertainty
                                  0.000000    1.986190   clock reconvergence pessimism
                                 -0.119849    1.866341   library setup time
                                              1.866341   data required time
---------------------------------------------------------------------------------------------
                                              1.866341   data required time
                                             -0.369842   data arrival time
---------------------------------------------------------------------------------------------
                                              1.496499   slack (MET)


Startpoint: _15_ (rising edge-triggered flip-flop clocked by clk)
Endpoint: _29_ (rising edge-triggered flip-flop clocked by clk)
Path Group: clk
Path Type: max

Fanout         Cap        Slew       Delay        Time   Description
---------------------------------------------------------------------------------------------
                                  0.000000    0.000000   clock clk (rise edge)
                                  0.000000    0.000000   clock source latency
    41    0.136665    0.000000    0.000000    0.000000 ^ clk (in)
                                                         clk (net)
                      0.010990    0.005495    0.005495 ^ _15_/CLK (sky130_fd_sc_hd__dfrtp_2)
     1    0.002368    0.037764    0.363183    0.368678 v _15_/Q (sky130_fd_sc_hd__dfrtp_2)
                                                         S_r4[7] (net)
                      0.037764    0.000004    0.368682 v _29_/D (sky130_fd_sc_hd__dfrtp_2)
                                              0.368682   data arrival time

                                  2.000000    2.000000   clock clk (rise edge)
                                  0.000000    2.000000   clock source latency
    41    0.136665    0.000000    0.000000    2.000000 ^ clk (in)
                                                         clk (net)
                      0.010828    0.005414    2.005414 ^ _29_/CLK (sky130_fd_sc_hd__dfrtp_2)
                                 -0.020000    1.985414   clock uncertainty
                                  0.000000    1.985414   clock reconvergence pessimism
                                 -0.120217    1.865197   library setup time
                                              1.865197   data required time
---------------------------------------------------------------------------------------------
                                              1.865197   data required time
                                             -0.368682   data arrival time
---------------------------------------------------------------------------------------------
                                              1.496515   slack (MET)


Startpoint: _38_ (rising edge-triggered flip-flop clocked by clk)
Endpoint: _12_ (rising edge-triggered flip-flop clocked by clk)
Path Group: clk
Path Type: max

Fanout         Cap        Slew       Delay        Time   Description
---------------------------------------------------------------------------------------------
                                  0.000000    0.000000   clock clk (rise edge)
                                  0.000000    0.000000   clock source latency
    41    0.136665    0.000000    0.000000    0.000000 ^ clk (in)
                                                         clk (net)
                      0.011614    0.005807    0.005807 ^ _38_/CLK (sky130_fd_sc_hd__dfrtp_2)
     1    0.002352    0.037720    0.363324    0.369131 v _38_/Q (sky130_fd_sc_hd__dfrtp_2)
                                                         S_r3[1][4] (net)
                      0.037720    0.000005    0.369135 v _12_/D (sky130_fd_sc_hd__dfrtp_2)
                                              0.369135   data arrival time

                                  2.000000    2.000000   clock clk (rise edge)
                                  0.000000    2.000000   clock source latency
    41    0.136665    0.000000    0.000000    2.000000 ^ clk (in)
                                                         clk (net)
                      0.011584    0.005792    2.005792 ^ _12_/CLK (sky130_fd_sc_hd__dfrtp_2)
                                 -0.020000    1.985792   clock uncertainty
                                  0.000000    1.985792   clock reconvergence pessimism
                                 -0.120023    1.865769   library setup time
                                              1.865769   data required time
---------------------------------------------------------------------------------------------
                                              1.865769   data required time
                                             -0.369135   data arrival time
---------------------------------------------------------------------------------------------
                                              1.496633   slack (MET)


Startpoint: _19_ (rising edge-triggered flip-flop clocked by clk)
Endpoint: _35_ (rising edge-triggered flip-flop clocked by clk)
Path Group: clk
Path Type: max

Fanout         Cap        Slew       Delay        Time   Description
---------------------------------------------------------------------------------------------
                                  0.000000    0.000000   clock clk (rise edge)
                                  0.000000    0.000000   clock source latency
    41    0.136665    0.000000    0.000000    0.000000 ^ clk (in)
                                                         clk (net)
                      0.014832    0.007416    0.007416 ^ _19_/CLK (sky130_fd_sc_hd__dfrtp_2)
     1    0.002282    0.037537    0.364131    0.371547 v _19_/Q (sky130_fd_sc_hd__dfrtp_2)
                                                         PPs_r2[1][1] (net)
                      0.037537    0.000004    0.371550 v _35_/D (sky130_fd_sc_hd__dfrtp_2)
                                              0.371550   data arrival time

                                  2.000000    2.000000   clock clk (rise edge)
                                  0.000000    2.000000   clock source latency
    41    0.136665    0.000000    0.000000    2.000000 ^ clk (in)
                                                         clk (net)
                      0.014794    0.007397    2.007397 ^ _35_/CLK (sky130_fd_sc_hd__dfrtp_2)
                                 -0.020000    1.987397   clock uncertainty
                                  0.000000    1.987397   clock reconvergence pessimism
                                 -0.119201    1.868196   library setup time
                                              1.868196   data required time
---------------------------------------------------------------------------------------------
                                              1.868196   data required time
                                             -0.371550   data arrival time
---------------------------------------------------------------------------------------------
                                              1.496646   slack (MET)


Startpoint: _13_ (rising edge-triggered flip-flop clocked by clk)
Endpoint: _27_ (rising edge-triggered flip-flop clocked by clk)
Path Group: clk
Path Type: max

Fanout         Cap        Slew       Delay        Time   Description
---------------------------------------------------------------------------------------------
                                  0.000000    0.000000   clock clk (rise edge)
                                  0.000000    0.000000   clock source latency
    41    0.136665    0.000000    0.000000    0.000000 ^ clk (in)
                                                         clk (net)
                      0.016159    0.008079    0.008079 ^ _13_/CLK (sky130_fd_sc_hd__dfrtp_2)
     1    0.002241    0.037418    0.364395    0.372475 v _13_/Q (sky130_fd_sc_hd__dfrtp_2)
                                                         S_r4[5] (net)
                      0.037418    0.000003    0.372478 v _27_/D (sky130_fd_sc_hd__dfrtp_2)
                                              0.372478   data arrival time

                                  2.000000    2.000000   clock clk (rise edge)
                                  0.000000    2.000000   clock source latency
    41    0.136665    0.000000    0.000000    2.000000 ^ clk (in)
                                                         clk (net)
                      0.016132    0.008066    2.008066 ^ _27_/CLK (sky130_fd_sc_hd__dfrtp_2)
                                 -0.020000    1.988066   clock uncertainty
                                  0.000000    1.988066   clock reconvergence pessimism
                                 -0.118839    1.869227   library setup time
                                              1.869227   data required time
---------------------------------------------------------------------------------------------
                                              1.869227   data required time
                                             -0.372478   data arrival time
---------------------------------------------------------------------------------------------
                                              1.496749   slack (MET)


Startpoint: _21_ (rising edge-triggered flip-flop clocked by clk)
Endpoint: _37_ (rising edge-triggered flip-flop clocked by clk)
Path Group: clk
Path Type: max

Fanout         Cap        Slew       Delay        Time   Description
---------------------------------------------------------------------------------------------
                                  0.000000    0.000000   clock clk (rise edge)
                                  0.000000    0.000000   clock source latency
    41    0.136665    0.000000    0.000000    0.000000 ^ clk (in)
                                                         clk (net)
                      0.015590    0.007795    0.007795 ^ _21_/CLK (sky130_fd_sc_hd__dfrtp_2)
     1    0.002232    0.037375    0.364134    0.371928 v _21_/Q (sky130_fd_sc_hd__dfrtp_2)
                                                         PPs_r2[3][3] (net)
                      0.037375    0.000003    0.371931 v _37_/D (sky130_fd_sc_hd__dfrtp_2)
                                              0.371931   data arrival time

                                  2.000000    2.000000   clock clk (rise edge)
                                  0.000000    2.000000   clock source latency
    41    0.136665    0.000000    0.000000    2.000000 ^ clk (in)
                                                         clk (net)
                      0.015478    0.007739    2.007739 ^ _37_/CLK (sky130_fd_sc_hd__dfrtp_2)
                                 -0.020000    1.987739   clock uncertainty
                                  0.000000    1.987739   clock reconvergence pessimism
                                 -0.118971    1.868768   library setup time
                                              1.868768   data required time
---------------------------------------------------------------------------------------------
                                              1.868768   data required time
                                             -0.371931   data arrival time
---------------------------------------------------------------------------------------------
                                              1.496837   slack (MET)


Startpoint: _16_ (rising edge-triggered flip-flop clocked by clk)
Endpoint: _14_ (rising edge-triggered flip-flop clocked by clk)
Path Group: clk
Path Type: max

Fanout         Cap        Slew       Delay        Time   Description
---------------------------------------------------------------------------------------------
                                  0.000000    0.000000   clock clk (rise edge)
                                  0.000000    0.000000   clock source latency
    41    0.136665    0.000000    0.000000    0.000000 ^ clk (in)
                                                         clk (net)
                      0.014140    0.007070    0.007070 ^ _16_/CLK (sky130_fd_sc_hd__dfrtp_2)
     1    0.002255    0.037426    0.363721    0.370791 v _16_/Q (sky130_fd_sc_hd__dfrtp_2)
                                                         PPs_r3_remain[0][6] (net)
                      0.037426    0.000003    0.370794 v _14_/D (sky130_fd_sc_hd__dfrtp_2)
                                              0.370794   data arrival time

                                  2.000000    2.000000   clock clk (rise edge)
                                  0.000000    2.000000   clock source latency
    41    0.136665    0.000000    0.000000    2.000000 ^ clk (in)
                                                         clk (net)
                      0.014095    0.007047    2.007047 ^ _14_/CLK (sky130_fd_sc_hd__dfrtp_2)
                                 -0.020000    1.987047   clock uncertainty
                                  0.000000    1.987047   clock reconvergence pessimism
                                 -0.119314    1.867733   library setup time
                                              1.867733   data required time
---------------------------------------------------------------------------------------------
                                              1.867733   data required time
                                             -0.370794   data arrival time
---------------------------------------------------------------------------------------------
                                              1.496939   slack (MET)


Startpoint: _12_ (rising edge-triggered flip-flop clocked by clk)
Endpoint: _26_ (rising edge-triggered flip-flop clocked by clk)
Path Group: clk
Path Type: max

Fanout         Cap        Slew       Delay        Time   Description
---------------------------------------------------------------------------------------------
                                  0.000000    0.000000   clock clk (rise edge)
                                  0.000000    0.000000   clock source latency
    41    0.136665    0.000000    0.000000    0.000000 ^ clk (in)
                                                         clk (net)
                      0.011584    0.005792    0.005792 ^ _12_/CLK (sky130_fd_sc_hd__dfrtp_2)
     1    0.002302    0.037544    0.363036    0.368828 v _12_/Q (sky130_fd_sc_hd__dfrtp_2)
                                                         S_r4[4] (net)
                      0.037544    0.000004    0.368832 v _26_/D (sky130_fd_sc_hd__dfrtp_2)
                                              0.368832   data arrival time

                                  2.000000    2.000000   clock clk (rise edge)
                                  0.000000    2.000000   clock source latency
    41    0.136665    0.000000    0.000000    2.000000 ^ clk (in)
                                                         clk (net)
                      0.011565    0.005782    2.005782 ^ _26_/CLK (sky130_fd_sc_hd__dfrtp_2)
                                 -0.020000    1.985782   clock uncertainty
                                  0.000000    1.985782   clock reconvergence pessimism
                                 -0.119950    1.865832   library setup time
                                              1.865832   data required time
---------------------------------------------------------------------------------------------
                                              1.865832   data required time
                                             -0.368832   data arrival time
---------------------------------------------------------------------------------------------
                                              1.497000   slack (MET)


Startpoint: _17_ (rising edge-triggered flip-flop clocked by clk)
Endpoint: _15_ (rising edge-triggered flip-flop clocked by clk)
Path Group: clk
Path Type: max

Fanout         Cap        Slew       Delay        Time   Description
---------------------------------------------------------------------------------------------
                                  0.000000    0.000000   clock clk (rise edge)
                                  0.000000    0.000000   clock source latency
    41    0.136665    0.000000    0.000000    0.000000 ^ clk (in)
                                                         clk (net)
                      0.011123    0.005562    0.005562 ^ _17_/CLK (sky130_fd_sc_hd__dfrtp_2)
     1    0.002293    0.037502    0.362814    0.368376 v _17_/Q (sky130_fd_sc_hd__dfrtp_2)
                                                         PPs_r3_remain[1][7] (net)
                      0.037502    0.000003    0.368379 v _15_/D (sky130_fd_sc_hd__dfrtp_2)
                                              0.368379   data arrival time

                                  2.000000    2.000000   clock clk (rise edge)
                                  0.000000    2.000000   clock source latency
    41    0.136665    0.000000    0.000000    2.000000 ^ clk (in)
                                                         clk (net)
                      0.010990    0.005495    2.005495 ^ _15_/CLK (sky130_fd_sc_hd__dfrtp_2)
                                 -0.020000    1.985495   clock uncertainty
                                  0.000000    1.985495   clock reconvergence pessimism
                                 -0.120065    1.865430   library setup time
                                              1.865430   data required time
---------------------------------------------------------------------------------------------
                                              1.865430   data required time
                                             -0.368379   data arrival time
---------------------------------------------------------------------------------------------
                                              1.497051   slack (MET)


Startpoint: _33_ (rising edge-triggered flip-flop clocked by clk)
Endpoint: _17_ (rising edge-triggered flip-flop clocked by clk)
Path Group: clk
Path Type: max

Fanout         Cap        Slew       Delay        Time   Description
---------------------------------------------------------------------------------------------
                                  0.000000    0.000000   clock clk (rise edge)
                                  0.000000    0.000000   clock source latency
    41    0.136665    0.000000    0.000000    0.000000 ^ clk (in)
                                                         clk (net)
                      0.011232    0.005616    0.005616 ^ _33_/CLK (sky130_fd_sc_hd__dfrtp_2)
     1    0.002180    0.037108    0.362230    0.367846 v _33_/Q (sky130_fd_sc_hd__dfrtp_2)
                                                         PPs_r2[7][7] (net)
                      0.037108    0.000002    0.367848 v _17_/D (sky130_fd_sc_hd__dfrtp_2)
                                              0.367848   data arrival time

                                  2.000000    2.000000   clock clk (rise edge)
                                  0.000000    2.000000   clock source latency
    41    0.136665    0.000000    0.000000    2.000000 ^ clk (in)
                                                         clk (net)
                      0.011123    0.005562    2.005562 ^ _17_/CLK (sky130_fd_sc_hd__dfrtp_2)
                                 -0.020000    1.985562   clock uncertainty
                                  0.000000    1.985562   clock reconvergence pessimism
                                 -0.119861    1.865701   library setup time
                                              1.865701   data required time
---------------------------------------------------------------------------------------------
                                              1.865701   data required time
                                             -0.367848   data arrival time
---------------------------------------------------------------------------------------------
                                              1.497853   slack (MET)


Startpoint: _30_ (rising edge-triggered flip-flop clocked by clk)
Endpoint: _38_ (rising edge-triggered flip-flop clocked by clk)
Path Group: clk
Path Type: max

Fanout         Cap        Slew       Delay        Time   Description
---------------------------------------------------------------------------------------------
                                  0.000000    0.000000   clock clk (rise edge)
                                  0.000000    0.000000   clock source latency
    41    0.136665    0.000000    0.000000    0.000000 ^ clk (in)
                                                         clk (net)
                      0.011626    0.005813    0.005813 ^ _30_/CLK (sky130_fd_sc_hd__dfrtp_2)
     1    0.002180    0.037115    0.362375    0.368188 v _30_/Q (sky130_fd_sc_hd__dfrtp_2)
                                                         PPs_r2[4][4] (net)
                      0.037115    0.000002    0.368190 v _38_/D (sky130_fd_sc_hd__dfrtp_2)
                                              0.368190   data arrival time

                                  2.000000    2.000000   clock clk (rise edge)
                                  0.000000    2.000000   clock source latency
    41    0.136665    0.000000    0.000000    2.000000 ^ clk (in)
                                                         clk (net)
                      0.011614    0.005807    2.005807 ^ _38_/CLK (sky130_fd_sc_hd__dfrtp_2)
                                 -0.020000    1.985807   clock uncertainty
                                  0.000000    1.985807   clock reconvergence pessimism
                                 -0.119750    1.866056   library setup time
                                              1.866056   data required time
---------------------------------------------------------------------------------------------
                                              1.866056   data required time
                                             -0.368190   data arrival time
---------------------------------------------------------------------------------------------
                                              1.497867   slack (MET)


Startpoint: _31_ (rising edge-triggered flip-flop clocked by clk)
Endpoint: _39_ (rising edge-triggered flip-flop clocked by clk)
Path Group: clk
Path Type: max

Fanout         Cap        Slew       Delay        Time   Description
---------------------------------------------------------------------------------------------
                                  0.000000    0.000000   clock clk (rise edge)
                                  0.000000    0.000000   clock source latency
    41    0.136665    0.000000    0.000000    0.000000 ^ clk (in)
                                                         clk (net)
                      0.016209    0.008105    0.008105 ^ _31_/CLK (sky130_fd_sc_hd__dfrtp_2)
     1    0.002000    0.036567    0.363078    0.371182 v _31_/Q (sky130_fd_sc_hd__dfrtp_2)
                                                         PPs_r2[5][5] (net)
                      0.036567    0.000000    0.371183 v _39_/D (sky130_fd_sc_hd__dfrtp_2)
                                              0.371183   data arrival time

                                  2.000000    2.000000   clock clk (rise edge)
                                  0.000000    2.000000   clock source latency
    41    0.136665    0.000000    0.000000    2.000000 ^ clk (in)
                                                         clk (net)
                      0.016193    0.008097    2.008097 ^ _39_/CLK (sky130_fd_sc_hd__dfrtp_2)
                                 -0.020000    1.988097   clock uncertainty
                                  0.000000    1.988097   clock reconvergence pessimism
                                 -0.118451    1.869645   library setup time
                                              1.869645   data required time
---------------------------------------------------------------------------------------------
                                              1.869645   data required time
                                             -0.371183   data arrival time
---------------------------------------------------------------------------------------------
                                              1.498463   slack (MET)


Startpoint: a[0] (input port clocked by clk)
Endpoint: _40_ (rising edge-triggered flip-flop clocked by clk)
Path Group: clk
Path Type: max

Fanout         Cap        Slew       Delay        Time   Description
---------------------------------------------------------------------------------------------
                                  0.000000    0.000000   clock clk (rise edge)
                                  0.000000    0.000000   clock network delay (propagated)
                                  0.200000    0.200000 v input external delay
     1    0.016868    0.000000    0.000000    0.200000 v a[0] (in)
                                                         a[0] (net)
                      0.001323    0.000662    0.200662 v _40_/D (sky130_fd_sc_hd__dfrtp_2)
                                              0.200662   data arrival time

                                  2.000000    2.000000   clock clk (rise edge)
                                  0.000000    2.000000   clock source latency
    41    0.136665    0.000000    0.000000    2.000000 ^ clk (in)
                                                         clk (net)
                      0.011353    0.005676    2.005676 ^ _40_/CLK (sky130_fd_sc_hd__dfrtp_2)
                                 -0.020000    1.985676   clock uncertainty
                                  0.000000    1.985676   clock reconvergence pessimism
                                 -0.104075    1.881601   library setup time
                                              1.881601   data required time
---------------------------------------------------------------------------------------------
                                              1.881601   data required time
                                             -0.200662   data arrival time
---------------------------------------------------------------------------------------------
                                              1.680940   slack (MET)


Startpoint: a[7] (input port clocked by clk)
Endpoint: _47_ (rising edge-triggered flip-flop clocked by clk)
Path Group: clk
Path Type: max

Fanout         Cap        Slew       Delay        Time   Description
---------------------------------------------------------------------------------------------
                                  0.000000    0.000000   clock clk (rise edge)
                                  0.000000    0.000000   clock network delay (propagated)
                                  0.200000    0.200000 v input external delay
     1    0.015785    0.000000    0.000000    0.200000 v a[7] (in)
                                                         a[7] (net)
                      0.001157    0.000579    0.200579 v _47_/D (sky130_fd_sc_hd__dfrtp_2)
                                              0.200579   data arrival time

                                  2.000000    2.000000   clock clk (rise edge)
                                  0.000000    2.000000   clock source latency
    41    0.136665    0.000000    0.000000    2.000000 ^ clk (in)
                                                         clk (net)
                      0.011405    0.005702    2.005702 ^ _47_/CLK (sky130_fd_sc_hd__dfrtp_2)
                                 -0.020000    1.985702   clock uncertainty
                                  0.000000    1.985702   clock reconvergence pessimism
                                 -0.103990    1.881712   library setup time
                                              1.881712   data required time
---------------------------------------------------------------------------------------------
                                              1.881712   data required time
                                             -0.200579   data arrival time
---------------------------------------------------------------------------------------------
                                              1.681134   slack (MET)


Startpoint: a[4] (input port clocked by clk)
Endpoint: _44_ (rising edge-triggered flip-flop clocked by clk)
Path Group: clk
Path Type: max

Fanout         Cap        Slew       Delay        Time   Description
---------------------------------------------------------------------------------------------
                                  0.000000    0.000000   clock clk (rise edge)
                                  0.000000    0.000000   clock network delay (propagated)
                                  0.200000    0.200000 v input external delay
     1    0.015070    0.000000    0.000000    0.200000 v a[4] (in)
                                                         a[4] (net)
                      0.001052    0.000526    0.200526 v _44_/D (sky130_fd_sc_hd__dfrtp_2)
                                              0.200526   data arrival time

                                  2.000000    2.000000   clock clk (rise edge)
                                  0.000000    2.000000   clock source latency
    41    0.136665    0.000000    0.000000    2.000000 ^ clk (in)
                                                         clk (net)
                      0.011636    0.005818    2.005818 ^ _44_/CLK (sky130_fd_sc_hd__dfrtp_2)
                                 -0.020000    1.985818   clock uncertainty
                                  0.000000    1.985818   clock reconvergence pessimism
                                 -0.103891    1.881927   library setup time
                                              1.881927   data required time
---------------------------------------------------------------------------------------------
                                              1.881927   data required time
                                             -0.200526   data arrival time
---------------------------------------------------------------------------------------------
                                              1.681401   slack (MET)


Startpoint: a[2] (input port clocked by clk)
Endpoint: _42_ (rising edge-triggered flip-flop clocked by clk)
Path Group: clk
Path Type: max

Fanout         Cap        Slew       Delay        Time   Description
---------------------------------------------------------------------------------------------
                                  0.000000    0.000000   clock clk (rise edge)
                                  0.000000    0.000000   clock network delay (propagated)
                                  0.200000    0.200000 v input external delay
     1    0.018576    0.000000    0.000000    0.200000 v a[2] (in)
                                                         a[2] (net)
                      0.001604    0.000802    0.200802 v _42_/D (sky130_fd_sc_hd__dfrtp_2)
                                              0.200802   data arrival time

                                  2.000000    2.000000   clock clk (rise edge)
                                  0.000000    2.000000   clock source latency
    41    0.136665    0.000000    0.000000    2.000000 ^ clk (in)
                                                         clk (net)
                      0.013778    0.006889    2.006889 ^ _42_/CLK (sky130_fd_sc_hd__dfrtp_2)
                                 -0.020000    1.986889   clock uncertainty
                                  0.000000    1.986889   clock reconvergence pessimism
                                 -0.103640    1.883249   library setup time
                                              1.883249   data required time
---------------------------------------------------------------------------------------------
                                              1.883249   data required time
                                             -0.200802   data arrival time
---------------------------------------------------------------------------------------------
                                              1.682447   slack (MET)


Startpoint: b[0] (input port clocked by clk)
Endpoint: _48_ (rising edge-triggered flip-flop clocked by clk)
Path Group: clk
Path Type: max

Fanout         Cap        Slew       Delay        Time   Description
---------------------------------------------------------------------------------------------
                                  0.000000    0.000000   clock clk (rise edge)
                                  0.000000    0.000000   clock network delay (propagated)
                                  0.200000    0.200000 v input external delay
     1    0.019742    0.000000    0.000000    0.200000 v b[0] (in)
                                                         b[0] (net)
                      0.001106    0.000553    0.200553 v _48_/D (sky130_fd_sc_hd__dfrtp_2)
                                              0.200553   data arrival time

                                  2.000000    2.000000   clock clk (rise edge)
                                  0.000000    2.000000   clock source latency
    41    0.136665    0.000000    0.000000    2.000000 ^ clk (in)
                                                         clk (net)
                      0.013795    0.006897    2.006897 ^ _48_/CLK (sky130_fd_sc_hd__dfrtp_2)
                                 -0.020000    1.986897   clock uncertainty
                                  0.000000    1.986897   clock reconvergence pessimism
                                 -0.103417    1.883480   library setup time
                                              1.883480   data required time
---------------------------------------------------------------------------------------------
                                              1.883480   data required time
                                             -0.200553   data arrival time
---------------------------------------------------------------------------------------------
                                              1.682927   slack (MET)


Startpoint: a[6] (input port clocked by clk)
Endpoint: _46_ (rising edge-triggered flip-flop clocked by clk)
Path Group: clk
Path Type: max

Fanout         Cap        Slew       Delay        Time   Description
---------------------------------------------------------------------------------------------
                                  0.000000    0.000000   clock clk (rise edge)
                                  0.000000    0.000000   clock network delay (propagated)
                                  0.200000    0.200000 v input external delay
     1    0.021129    0.000000    0.000000    0.200000 v a[6] (in)
                                                         a[6] (net)
                      0.001269    0.000634    0.200634 v _46_/D (sky130_fd_sc_hd__dfrtp_2)
                                              0.200634   data arrival time

                                  2.000000    2.000000   clock clk (rise edge)
                                  0.000000    2.000000   clock source latency
    41    0.136665    0.000000    0.000000    2.000000 ^ clk (in)
                                                         clk (net)
                      0.014201    0.007101    2.007101 ^ _46_/CLK (sky130_fd_sc_hd__dfrtp_2)
                                 -0.020000    1.987100   clock uncertainty
                                  0.000000    1.987100   clock reconvergence pessimism
                                 -0.103395    1.883705   library setup time
                                              1.883705   data required time
---------------------------------------------------------------------------------------------
                                              1.883705   data required time
                                             -0.200634   data arrival time
---------------------------------------------------------------------------------------------
                                              1.683071   slack (MET)


Startpoint: a[1] (input port clocked by clk)
Endpoint: _41_ (rising edge-triggered flip-flop clocked by clk)
Path Group: clk
Path Type: max

Fanout         Cap        Slew       Delay        Time   Description
---------------------------------------------------------------------------------------------
                                  0.000000    0.000000   clock clk (rise edge)
                                  0.000000    0.000000   clock network delay (propagated)
                                  0.200000    0.200000 v input external delay
     1    0.016902    0.000000    0.000000    0.200000 v a[1] (in)
                                                         a[1] (net)
                      0.001329    0.000665    0.200665 v _41_/D (sky130_fd_sc_hd__dfrtp_2)
                                              0.200665   data arrival time

                                  2.000000    2.000000   clock clk (rise edge)
                                  0.000000    2.000000   clock source latency
    41    0.136665    0.000000    0.000000    2.000000 ^ clk (in)
                                                         clk (net)
                      0.014863    0.007432    2.007432 ^ _41_/CLK (sky130_fd_sc_hd__dfrtp_2)
                                 -0.020000    1.987432   clock uncertainty
                                  0.000000    1.987432   clock reconvergence pessimism
                                 -0.103269    1.884162   library setup time
                                              1.884162   data required time
---------------------------------------------------------------------------------------------
                                              1.884162   data required time
                                             -0.200665   data arrival time
---------------------------------------------------------------------------------------------
                                              1.683498   slack (MET)


Startpoint: a[3] (input port clocked by clk)
Endpoint: _43_ (rising edge-triggered flip-flop clocked by clk)
Path Group: clk
Path Type: max

Fanout         Cap        Slew       Delay        Time   Description
---------------------------------------------------------------------------------------------
                                  0.000000    0.000000   clock clk (rise edge)
                                  0.000000    0.000000   clock network delay (propagated)
                                  0.200000    0.200000 v input external delay
     1    0.015768    0.000000    0.000000    0.200000 v a[3] (in)
                                                         a[3] (net)
                      0.001157    0.000579    0.200579 v _43_/D (sky130_fd_sc_hd__dfrtp_2)
                                              0.200579   data arrival time

                                  2.000000    2.000000   clock clk (rise edge)
                                  0.000000    2.000000   clock source latency
    41    0.136665    0.000000    0.000000    2.000000 ^ clk (in)
                                                         clk (net)
                      0.015749    0.007874    2.007874 ^ _43_/CLK (sky130_fd_sc_hd__dfrtp_2)
                                 -0.020000    1.987874   clock uncertainty
                                  0.000000    1.987874   clock reconvergence pessimism
                                 -0.102990    1.884884   library setup time
                                              1.884884   data required time
---------------------------------------------------------------------------------------------
                                              1.884884   data required time
                                             -0.200579   data arrival time
---------------------------------------------------------------------------------------------
                                              1.684306   slack (MET)


Startpoint: a[5] (input port clocked by clk)
Endpoint: _45_ (rising edge-triggered flip-flop clocked by clk)
Path Group: clk
Path Type: max

Fanout         Cap        Slew       Delay        Time   Description
---------------------------------------------------------------------------------------------
                                  0.000000    0.000000   clock clk (rise edge)
                                  0.000000    0.000000   clock network delay (propagated)
                                  0.200000    0.200000 v input external delay
     1    0.013211    0.000000    0.000000    0.200000 v a[5] (in)
                                                         a[5] (net)
                      0.000808    0.000404    0.200404 v _45_/D (sky130_fd_sc_hd__dfrtp_2)
                                              0.200404   data arrival time

                                  2.000000    2.000000   clock clk (rise edge)
                                  0.000000    2.000000   clock source latency
    41    0.136665    0.000000    0.000000    2.000000 ^ clk (in)
                                                         clk (net)
                      0.016222    0.008111    2.008111 ^ _45_/CLK (sky130_fd_sc_hd__dfrtp_2)
                                 -0.020000    1.988111   clock uncertainty
                                  0.000000    1.988111   clock reconvergence pessimism
                                 -0.102727    1.885384   library setup time
                                              1.885384   data required time
---------------------------------------------------------------------------------------------
                                              1.885384   data required time
                                             -0.200404   data arrival time
---------------------------------------------------------------------------------------------
                                              1.684980   slack (MET)



