
===========================================================================
report_checks -path_delay min (Hold)
============================================================================
======================= nom_tt_025C_1v80 Corner ===================================

Startpoint: _31_ (rising edge-triggered flip-flop clocked by clk)
Endpoint: _39_ (rising edge-triggered flip-flop clocked by clk)
Path Group: clk
Path Type: min

Fanout         Cap        Slew       Delay        Time   Description
---------------------------------------------------------------------------------------------
                                  0.000000    0.000000   clock clk (rise edge)
                                  0.000000    0.000000   clock source latency
    41    0.136665    0.000000    0.000000    0.000000 ^ clk (in)
                                                         clk (net)
                      0.016209    0.008105    0.008105 ^ _31_/CLK (sky130_fd_sc_hd__dfrtp_2)
     1    0.002056    0.035682    0.315498    0.323602 ^ _31_/Q (sky130_fd_sc_hd__dfrtp_2)
                                                         PPs_r2[5][5] (net)
                      0.035682    0.000000    0.323603 ^ _39_/D (sky130_fd_sc_hd__dfrtp_2)
                                              0.323603   data arrival time

                                  0.000000    0.000000   clock clk (rise edge)
                                  0.000000    0.000000   clock source latency
    41    0.136665    0.000000    0.000000    0.000000 ^ clk (in)
                                                         clk (net)
                      0.016193    0.008097    0.008097 ^ _39_/CLK (sky130_fd_sc_hd__dfrtp_2)
                                  0.010000    0.018097   clock uncertainty
                                  0.000000    0.018097   clock reconvergence pessimism
                                 -0.036677   -0.018580   library hold time
                                             -0.018580   data required time
---------------------------------------------------------------------------------------------
                                             -0.018580   data required time
                                             -0.323603   data arrival time
---------------------------------------------------------------------------------------------
                                              0.342183   slack (MET)


Startpoint: _33_ (rising edge-triggered flip-flop clocked by clk)
Endpoint: _17_ (rising edge-triggered flip-flop clocked by clk)
Path Group: clk
Path Type: min

Fanout         Cap        Slew       Delay        Time   Description
---------------------------------------------------------------------------------------------
                                  0.000000    0.000000   clock clk (rise edge)
                                  0.000000    0.000000   clock source latency
    41    0.136665    0.000000    0.000000    0.000000 ^ clk (in)
                                                         clk (net)
                      0.011232    0.005616    0.005616 ^ _33_/CLK (sky130_fd_sc_hd__dfrtp_2)
     1    0.002236    0.036547    0.314841    0.320457 ^ _33_/Q (sky130_fd_sc_hd__dfrtp_2)
                                                         PPs_r2[7][7] (net)
                      0.036547    0.000003    0.320460 ^ _17_/D (sky130_fd_sc_hd__dfrtp_2)
                                              0.320460   data arrival time

                                  0.000000    0.000000   clock clk (rise edge)
                                  0.000000    0.000000   clock source latency
    41    0.136665    0.000000    0.000000    0.000000 ^ clk (in)
                                                         clk (net)
                      0.011123    0.005562    0.005562 ^ _17_/CLK (sky130_fd_sc_hd__dfrtp_2)
                                  0.010000    0.015562   clock uncertainty
                                  0.000000    0.015562   clock reconvergence pessimism
                                 -0.037548   -0.021987   library hold time
                                             -0.021987   data required time
---------------------------------------------------------------------------------------------
                                             -0.021987   data required time
                                             -0.320460   data arrival time
---------------------------------------------------------------------------------------------
                                              0.342447   slack (MET)


Startpoint: _30_ (rising edge-triggered flip-flop clocked by clk)
Endpoint: _38_ (rising edge-triggered flip-flop clocked by clk)
Path Group: clk
Path Type: min

Fanout         Cap        Slew       Delay        Time   Description
---------------------------------------------------------------------------------------------
                                  0.000000    0.000000   clock clk (rise edge)
                                  0.000000    0.000000   clock source latency
    41    0.136665    0.000000    0.000000    0.000000 ^ clk (in)
                                                         clk (net)
                      0.011626    0.005813    0.005813 ^ _30_/CLK (sky130_fd_sc_hd__dfrtp_2)
     1    0.002236    0.036546    0.314976    0.320789 ^ _30_/Q (sky130_fd_sc_hd__dfrtp_2)
                                                         PPs_r2[4][4] (net)
                      0.036546    0.000002    0.320791 ^ _38_/D (sky130_fd_sc_hd__dfrtp_2)
                                              0.320791   data arrival time

                                  0.000000    0.000000   clock clk (rise edge)
                                  0.000000    0.000000   clock source latency
    41    0.136665    0.000000    0.000000    0.000000 ^ clk (in)
                                                         clk (net)
                      0.011614    0.005807    0.005807 ^ _38_/CLK (sky130_fd_sc_hd__dfrtp_2)
                                  0.010000    0.015807   clock uncertainty
                                  0.000000    0.015807   clock reconvergence pessimism
                                 -0.037481   -0.021674   library hold time
                                             -0.021674   data required time
---------------------------------------------------------------------------------------------
                                             -0.021674   data required time
                                             -0.320791   data arrival time
---------------------------------------------------------------------------------------------
                                              0.342465   slack (MET)


Startpoint: _17_ (rising edge-triggered flip-flop clocked by clk)
Endpoint: _15_ (rising edge-triggered flip-flop clocked by clk)
Path Group: clk
Path Type: min

Fanout         Cap        Slew       Delay        Time   Description
---------------------------------------------------------------------------------------------
                                  0.000000    0.000000   clock clk (rise edge)
                                  0.000000    0.000000   clock source latency
    41    0.136665    0.000000    0.000000    0.000000 ^ clk (in)
                                                         clk (net)
                      0.011123    0.005562    0.005562 ^ _17_/CLK (sky130_fd_sc_hd__dfrtp_2)
     1    0.002349    0.037091    0.315468    0.321029 ^ _17_/Q (sky130_fd_sc_hd__dfrtp_2)
                                                         PPs_r3_remain[1][7] (net)
                      0.037091    0.000003    0.321033 ^ _15_/D (sky130_fd_sc_hd__dfrtp_2)
                                              0.321033   data arrival time

                                  0.000000    0.000000   clock clk (rise edge)
                                  0.000000    0.000000   clock source latency
    41    0.136665    0.000000    0.000000    0.000000 ^ clk (in)
                                                         clk (net)
                      0.010990    0.005495    0.005495 ^ _15_/CLK (sky130_fd_sc_hd__dfrtp_2)
                                  0.010000    0.015495   clock uncertainty
                                  0.000000    0.015495   clock reconvergence pessimism
                                 -0.037680   -0.022184   library hold time
                                             -0.022184   data required time
---------------------------------------------------------------------------------------------
                                             -0.022184   data required time
                                             -0.321033   data arrival time
---------------------------------------------------------------------------------------------
                                              0.343217   slack (MET)


Startpoint: _12_ (rising edge-triggered flip-flop clocked by clk)
Endpoint: _26_ (rising edge-triggered flip-flop clocked by clk)
Path Group: clk
Path Type: min

Fanout         Cap        Slew       Delay        Time   Description
---------------------------------------------------------------------------------------------
                                  0.000000    0.000000   clock clk (rise edge)
                                  0.000000    0.000000   clock source latency
    41    0.136665    0.000000    0.000000    0.000000 ^ clk (in)
                                                         clk (net)
                      0.011584    0.005792    0.005792 ^ _12_/CLK (sky130_fd_sc_hd__dfrtp_2)
     1    0.002358    0.037136    0.315681    0.321472 ^ _12_/Q (sky130_fd_sc_hd__dfrtp_2)
                                                         S_r4[4] (net)
                      0.037136    0.000004    0.321476 ^ _26_/D (sky130_fd_sc_hd__dfrtp_2)
                                              0.321476   data arrival time

                                  0.000000    0.000000   clock clk (rise edge)
                                  0.000000    0.000000   clock source latency
    41    0.136665    0.000000    0.000000    0.000000 ^ clk (in)
                                                         clk (net)
                      0.011565    0.005782    0.005782 ^ _26_/CLK (sky130_fd_sc_hd__dfrtp_2)
                                  0.010000    0.015782   clock uncertainty
                                  0.000000    0.015782   clock reconvergence pessimism
                                 -0.037610   -0.021828   library hold time
                                             -0.021828   data required time
---------------------------------------------------------------------------------------------
                                             -0.021828   data required time
                                             -0.321476   data arrival time
---------------------------------------------------------------------------------------------
                                              0.343304   slack (MET)


Startpoint: _16_ (rising edge-triggered flip-flop clocked by clk)
Endpoint: _14_ (rising edge-triggered flip-flop clocked by clk)
Path Group: clk
Path Type: min

Fanout         Cap        Slew       Delay        Time   Description
---------------------------------------------------------------------------------------------
                                  0.000000    0.000000   clock clk (rise edge)
                                  0.000000    0.000000   clock source latency
    41    0.136665    0.000000    0.000000    0.000000 ^ clk (in)
                                                         clk (net)
                      0.014140    0.007070    0.007070 ^ _16_/CLK (sky130_fd_sc_hd__dfrtp_2)
     1    0.002311    0.036906    0.316281    0.323352 ^ _16_/Q (sky130_fd_sc_hd__dfrtp_2)
                                                         PPs_r3_remain[0][6] (net)
                      0.036906    0.000003    0.323354 ^ _14_/D (sky130_fd_sc_hd__dfrtp_2)
                                              0.323354   data arrival time

                                  0.000000    0.000000   clock clk (rise edge)
                                  0.000000    0.000000   clock source latency
    41    0.136665    0.000000    0.000000    0.000000 ^ clk (in)
                                                         clk (net)
                      0.014095    0.007047    0.007047 ^ _14_/CLK (sky130_fd_sc_hd__dfrtp_2)
                                  0.010000    0.017047   clock uncertainty
                                  0.000000    0.017047   clock reconvergence pessimism
                                 -0.037217   -0.020170   library hold time
                                             -0.020170   data required time
---------------------------------------------------------------------------------------------
                                             -0.020170   data required time
                                             -0.323354   data arrival time
---------------------------------------------------------------------------------------------
                                              0.343525   slack (MET)


Startpoint: _38_ (rising edge-triggered flip-flop clocked by clk)
Endpoint: _12_ (rising edge-triggered flip-flop clocked by clk)
Path Group: clk
Path Type: min

Fanout         Cap        Slew       Delay        Time   Description
---------------------------------------------------------------------------------------------
                                  0.000000    0.000000   clock clk (rise edge)
                                  0.000000    0.000000   clock source latency
    41    0.136665    0.000000    0.000000    0.000000 ^ clk (in)
                                                         clk (net)
                      0.011614    0.005807    0.005807 ^ _38_/CLK (sky130_fd_sc_hd__dfrtp_2)
     1    0.002408    0.037376    0.315985    0.321792 ^ _38_/Q (sky130_fd_sc_hd__dfrtp_2)
                                                         S_r3[1][4] (net)
                      0.037376    0.000005    0.321796 ^ _12_/D (sky130_fd_sc_hd__dfrtp_2)
                                              0.321796   data arrival time

                                  0.000000    0.000000   clock clk (rise edge)
                                  0.000000    0.000000   clock source latency
    41    0.136665    0.000000    0.000000    0.000000 ^ clk (in)
                                                         clk (net)
                      0.011584    0.005792    0.005792 ^ _12_/CLK (sky130_fd_sc_hd__dfrtp_2)
                                  0.010000    0.015792   clock uncertainty
                                  0.000000    0.015792   clock reconvergence pessimism
                                 -0.037658   -0.021866   library hold time
                                             -0.021866   data required time
---------------------------------------------------------------------------------------------
                                             -0.021866   data required time
                                             -0.321796   data arrival time
---------------------------------------------------------------------------------------------
                                              0.343662   slack (MET)


Startpoint: _21_ (rising edge-triggered flip-flop clocked by clk)
Endpoint: _37_ (rising edge-triggered flip-flop clocked by clk)
Path Group: clk
Path Type: min

Fanout         Cap        Slew       Delay        Time   Description
---------------------------------------------------------------------------------------------
                                  0.000000    0.000000   clock clk (rise edge)
                                  0.000000    0.000000   clock source latency
    41    0.136665    0.000000    0.000000    0.000000 ^ clk (in)
                                                         clk (net)
                      0.015590    0.007795    0.007795 ^ _21_/CLK (sky130_fd_sc_hd__dfrtp_2)
     1    0.002288    0.036797    0.316648    0.324442 ^ _21_/Q (sky130_fd_sc_hd__dfrtp_2)
                                                         PPs_r2[3][3] (net)
                      0.036797    0.000003    0.324445 ^ _37_/D (sky130_fd_sc_hd__dfrtp_2)
                                              0.324445   data arrival time

                                  0.000000    0.000000   clock clk (rise edge)
                                  0.000000    0.000000   clock source latency
    41    0.136665    0.000000    0.000000    0.000000 ^ clk (in)
                                                         clk (net)
                      0.015478    0.007739    0.007739 ^ _37_/CLK (sky130_fd_sc_hd__dfrtp_2)
                                  0.010000    0.017739   clock uncertainty
                                  0.000000    0.017739   clock reconvergence pessimism
                                 -0.037006   -0.019267   library hold time
                                             -0.019267   data required time
---------------------------------------------------------------------------------------------
                                             -0.019267   data required time
                                             -0.324445   data arrival time
---------------------------------------------------------------------------------------------
                                              0.343712   slack (MET)


Startpoint: _15_ (rising edge-triggered flip-flop clocked by clk)
Endpoint: _29_ (rising edge-triggered flip-flop clocked by clk)
Path Group: clk
Path Type: min

Fanout         Cap        Slew       Delay        Time   Description
---------------------------------------------------------------------------------------------
                                  0.000000    0.000000   clock clk (rise edge)
                                  0.000000    0.000000   clock source latency
    41    0.136665    0.000000    0.000000    0.000000 ^ clk (in)
                                                         clk (net)
                      0.010990    0.005495    0.005495 ^ _15_/CLK (sky130_fd_sc_hd__dfrtp_2)
     1    0.002424    0.037455    0.315865    0.321361 ^ _15_/Q (sky130_fd_sc_hd__dfrtp_2)
                                                         S_r4[7] (net)
                      0.037455    0.000004    0.321365 ^ _29_/D (sky130_fd_sc_hd__dfrtp_2)
                                              0.321365   data arrival time

                                  0.000000    0.000000   clock clk (rise edge)
                                  0.000000    0.000000   clock source latency
    41    0.136665    0.000000    0.000000    0.000000 ^ clk (in)
                                                         clk (net)
                      0.010828    0.005414    0.005414 ^ _29_/CLK (sky130_fd_sc_hd__dfrtp_2)
                                  0.010000    0.015414   clock uncertainty
                                  0.000000    0.015414   clock reconvergence pessimism
                                 -0.037777   -0.022363   library hold time
                                             -0.022363   data required time
---------------------------------------------------------------------------------------------
                                             -0.022363   data required time
                                             -0.321365   data arrival time
---------------------------------------------------------------------------------------------
                                              0.343728   slack (MET)


Startpoint: _13_ (rising edge-triggered flip-flop clocked by clk)
Endpoint: _27_ (rising edge-triggered flip-flop clocked by clk)
Path Group: clk
Path Type: min

Fanout         Cap        Slew       Delay        Time   Description
---------------------------------------------------------------------------------------------
                                  0.000000    0.000000   clock clk (rise edge)
                                  0.000000    0.000000   clock source latency
    41    0.136665    0.000000    0.000000    0.000000 ^ clk (in)
                                                         clk (net)
                      0.016159    0.008079    0.008079 ^ _13_/CLK (sky130_fd_sc_hd__dfrtp_2)
     1    0.002297    0.036841    0.316898    0.324977 ^ _13_/Q (sky130_fd_sc_hd__dfrtp_2)
                                                         S_r4[5] (net)
                      0.036841    0.000004    0.324981 ^ _27_/D (sky130_fd_sc_hd__dfrtp_2)
                                              0.324981   data arrival time

                                  0.000000    0.000000   clock clk (rise edge)
                                  0.000000    0.000000   clock source latency
    41    0.136665    0.000000    0.000000    0.000000 ^ clk (in)
                                                         clk (net)
                      0.016132    0.008066    0.008066 ^ _27_/CLK (sky130_fd_sc_hd__dfrtp_2)
                                  0.010000    0.018066   clock uncertainty
                                  0.000000    0.018066   clock reconvergence pessimism
                                 -0.036926   -0.018860   library hold time
                                             -0.018860   data required time
---------------------------------------------------------------------------------------------
                                             -0.018860   data required time
                                             -0.324981   data arrival time
---------------------------------------------------------------------------------------------
                                              0.343840   slack (MET)


Startpoint: _34_ (rising edge-triggered flip-flop clocked by clk)
Endpoint: _08_ (rising edge-triggered flip-flop clocked by clk)
Path Group: clk
Path Type: min

Fanout         Cap        Slew       Delay        Time   Description
---------------------------------------------------------------------------------------------
                                  0.000000    0.000000   clock clk (rise edge)
                                  0.000000    0.000000   clock source latency
    41    0.136665    0.000000    0.000000    0.000000 ^ clk (in)
                                                         clk (net)
                      0.012412    0.006206    0.006206 ^ _34_/CLK (sky130_fd_sc_hd__dfrtp_2)
     1    0.002410    0.037386    0.316272    0.322478 ^ _34_/Q (sky130_fd_sc_hd__dfrtp_2)
                                                         S_r3[0][0] (net)
                      0.037386    0.000004    0.322482 ^ _08_/D (sky130_fd_sc_hd__dfrtp_2)
                                              0.322482   data arrival time

                                  0.000000    0.000000   clock clk (rise edge)
                                  0.000000    0.000000   clock source latency
    41    0.136665    0.000000    0.000000    0.000000 ^ clk (in)
                                                         clk (net)
                      0.012380    0.006190    0.006190 ^ _08_/CLK (sky130_fd_sc_hd__dfrtp_2)
                                  0.010000    0.016190   clock uncertainty
                                  0.000000    0.016190   clock reconvergence pessimism
                                 -0.037551   -0.021361   library hold time
                                             -0.021361   data required time
---------------------------------------------------------------------------------------------
                                             -0.021361   data required time
                                             -0.322482   data arrival time
---------------------------------------------------------------------------------------------
                                              0.343843   slack (MET)


Startpoint: _19_ (rising edge-triggered flip-flop clocked by clk)
Endpoint: _35_ (rising edge-triggered flip-flop clocked by clk)
Path Group: clk
Path Type: min

Fanout         Cap        Slew       Delay        Time   Description
---------------------------------------------------------------------------------------------
                                  0.000000    0.000000   clock clk (rise edge)
                                  0.000000    0.000000   clock source latency
    41    0.136665    0.000000    0.000000    0.000000 ^ clk (in)
                                                         clk (net)
                      0.014832    0.007416    0.007416 ^ _19_/CLK (sky130_fd_sc_hd__dfrtp_2)
     1    0.002338    0.037038    0.316682    0.324098 ^ _19_/Q (sky130_fd_sc_hd__dfrtp_2)
                                                         PPs_r2[1][1] (net)
                      0.037038    0.000004    0.324102 ^ _35_/D (sky130_fd_sc_hd__dfrtp_2)
                                              0.324102   data arrival time

                                  0.000000    0.000000   clock clk (rise edge)
                                  0.000000    0.000000   clock source latency
    41    0.136665    0.000000    0.000000    0.000000 ^ clk (in)
                                                         clk (net)
                      0.014794    0.007397    0.007397 ^ _35_/CLK (sky130_fd_sc_hd__dfrtp_2)
                                  0.010000    0.017397   clock uncertainty
                                  0.000000    0.017397   clock reconvergence pessimism
                                 -0.037149   -0.019752   library hold time
                                             -0.019752   data required time
---------------------------------------------------------------------------------------------
                                             -0.019752   data required time
                                             -0.324102   data arrival time
---------------------------------------------------------------------------------------------
                                              0.343854   slack (MET)


Startpoint: _18_ (rising edge-triggered flip-flop clocked by clk)
Endpoint: _34_ (rising edge-triggered flip-flop clocked by clk)
Path Group: clk
Path Type: min

Fanout         Cap        Slew       Delay        Time   Description
---------------------------------------------------------------------------------------------
                                  0.000000    0.000000   clock clk (rise edge)
                                  0.000000    0.000000   clock source latency
    41    0.136665    0.000000    0.000000    0.000000 ^ clk (in)
                                                         clk (net)
                      0.012428    0.006214    0.006214 ^ _18_/CLK (sky130_fd_sc_hd__dfrtp_2)
     1    0.002428    0.037469    0.316379    0.322593 ^ _18_/Q (sky130_fd_sc_hd__dfrtp_2)
                                                         PPs_r2[0][0] (net)
                      0.037469    0.000005    0.322598 ^ _34_/D (sky130_fd_sc_hd__dfrtp_2)
                                              0.322598   data arrival time

                                  0.000000    0.000000   clock clk (rise edge)
                                  0.000000    0.000000   clock source latency
    41    0.136665    0.000000    0.000000    0.000000 ^ clk (in)
                                                         clk (net)
                      0.012412    0.006206    0.006206 ^ _34_/CLK (sky130_fd_sc_hd__dfrtp_2)
                                  0.010000    0.016206   clock uncertainty
                                  0.000000    0.016206   clock reconvergence pessimism
                                 -0.037564   -0.021358   library hold time
                                             -0.021358   data required time
---------------------------------------------------------------------------------------------
                                             -0.021358   data required time
                                             -0.322598   data arrival time
---------------------------------------------------------------------------------------------
                                              0.343956   slack (MET)


Startpoint: _20_ (rising edge-triggered flip-flop clocked by clk)
Endpoint: _36_ (rising edge-triggered flip-flop clocked by clk)
Path Group: clk
Path Type: min

Fanout         Cap        Slew       Delay        Time   Description
---------------------------------------------------------------------------------------------
                                  0.000000    0.000000   clock clk (rise edge)
                                  0.000000    0.000000   clock source latency
    41    0.136665    0.000000    0.000000    0.000000 ^ clk (in)
                                                         clk (net)
                      0.013721    0.006860    0.006860 ^ _20_/CLK (sky130_fd_sc_hd__dfrtp_2)
     1    0.002407    0.037371    0.316706    0.323566 ^ _20_/Q (sky130_fd_sc_hd__dfrtp_2)
                                                         PPs_r2[2][2] (net)
                      0.037371    0.000005    0.323571 ^ _36_/D (sky130_fd_sc_hd__dfrtp_2)
                                              0.323571   data arrival time

                                  0.000000    0.000000   clock clk (rise edge)
                                  0.000000    0.000000   clock source latency
    41    0.136665    0.000000    0.000000    0.000000 ^ clk (in)
                                                         clk (net)
                      0.013661    0.006830    0.006830 ^ _36_/CLK (sky130_fd_sc_hd__dfrtp_2)
                                  0.010000    0.016830   clock uncertainty
                                  0.000000    0.016830   clock reconvergence pessimism
                                 -0.037373   -0.020543   library hold time
                                             -0.020543   data required time
---------------------------------------------------------------------------------------------
                                             -0.020543   data required time
                                             -0.323571   data arrival time
---------------------------------------------------------------------------------------------
                                              0.344114   slack (MET)


Startpoint: _35_ (rising edge-triggered flip-flop clocked by clk)
Endpoint: _09_ (rising edge-triggered flip-flop clocked by clk)
Path Group: clk
Path Type: min

Fanout         Cap        Slew       Delay        Time   Description
---------------------------------------------------------------------------------------------
                                  0.000000    0.000000   clock clk (rise edge)
                                  0.000000    0.000000   clock source latency
    41    0.136665    0.000000    0.000000    0.000000 ^ clk (in)
                                                         clk (net)
                      0.014794    0.007397    0.007397 ^ _35_/CLK (sky130_fd_sc_hd__dfrtp_2)
     1    0.002393    0.037304    0.316994    0.324391 ^ _35_/Q (sky130_fd_sc_hd__dfrtp_2)
                                                         S_r3[0][1] (net)
                      0.037304    0.000004    0.324395 ^ _09_/D (sky130_fd_sc_hd__dfrtp_2)
                                              0.324395   data arrival time

                                  0.000000    0.000000   clock clk (rise edge)
                                  0.000000    0.000000   clock source latency
    41    0.136665    0.000000    0.000000    0.000000 ^ clk (in)
                                                         clk (net)
                      0.014736    0.007368    0.007368 ^ _09_/CLK (sky130_fd_sc_hd__dfrtp_2)
                                  0.010000    0.017368   clock uncertainty
                                  0.000000    0.017368   clock reconvergence pessimism
                                 -0.037213   -0.019844   library hold time
                                             -0.019844   data required time
---------------------------------------------------------------------------------------------
                                             -0.019844   data required time
                                             -0.324395   data arrival time
---------------------------------------------------------------------------------------------
                                              0.344240   slack (MET)


Startpoint: _39_ (rising edge-triggered flip-flop clocked by clk)
Endpoint: _13_ (rising edge-triggered flip-flop clocked by clk)
Path Group: clk
Path Type: min

Fanout         Cap        Slew       Delay        Time   Description
---------------------------------------------------------------------------------------------
                                  0.000000    0.000000   clock clk (rise edge)
                                  0.000000    0.000000   clock source latency
    41    0.136665    0.000000    0.000000    0.000000 ^ clk (in)
                                                         clk (net)
                      0.016193    0.008097    0.008097 ^ _39_/CLK (sky130_fd_sc_hd__dfrtp_2)
     1    0.002359    0.037137    0.317272    0.325369 ^ _39_/Q (sky130_fd_sc_hd__dfrtp_2)
                                                         S_r3[1][5] (net)
                      0.037137    0.000005    0.325373 ^ _13_/D (sky130_fd_sc_hd__dfrtp_2)
                                              0.325373   data arrival time

                                  0.000000    0.000000   clock clk (rise edge)
                                  0.000000    0.000000   clock source latency
    41    0.136665    0.000000    0.000000    0.000000 ^ clk (in)
                                                         clk (net)
                      0.016159    0.008079    0.008079 ^ _13_/CLK (sky130_fd_sc_hd__dfrtp_2)
                                  0.010000    0.018079   clock uncertainty
                                  0.000000    0.018079   clock reconvergence pessimism
                                 -0.036984   -0.018904   library hold time
                                             -0.018904   data required time
---------------------------------------------------------------------------------------------
                                             -0.018904   data required time
                                             -0.325373   data arrival time
---------------------------------------------------------------------------------------------
                                              0.344278   slack (MET)


Startpoint: _37_ (rising edge-triggered flip-flop clocked by clk)
Endpoint: _11_ (rising edge-triggered flip-flop clocked by clk)
Path Group: clk
Path Type: min

Fanout         Cap        Slew       Delay        Time   Description
---------------------------------------------------------------------------------------------
                                  0.000000    0.000000   clock clk (rise edge)
                                  0.000000    0.000000   clock source latency
    41    0.136665    0.000000    0.000000    0.000000 ^ clk (in)
                                                         clk (net)
                      0.015478    0.007739    0.007739 ^ _37_/CLK (sky130_fd_sc_hd__dfrtp_2)
     1    0.002374    0.037211    0.317116    0.324855 ^ _37_/Q (sky130_fd_sc_hd__dfrtp_2)
                                                         S_r3[1][3] (net)
                      0.037211    0.000004    0.324859 ^ _11_/D (sky130_fd_sc_hd__dfrtp_2)
                                              0.324859   data arrival time

                                  0.000000    0.000000   clock clk (rise edge)
                                  0.000000    0.000000   clock source latency
    41    0.136665    0.000000    0.000000    0.000000 ^ clk (in)
                                                         clk (net)
                      0.015352    0.007676    0.007676 ^ _11_/CLK (sky130_fd_sc_hd__dfrtp_2)
                                  0.010000    0.017676   clock uncertainty
                                  0.000000    0.017676   clock reconvergence pessimism
                                 -0.037109   -0.019434   library hold time
                                             -0.019434   data required time
---------------------------------------------------------------------------------------------
                                             -0.019434   data required time
                                             -0.324859   data arrival time
---------------------------------------------------------------------------------------------
                                              0.344292   slack (MET)


Startpoint: _14_ (rising edge-triggered flip-flop clocked by clk)
Endpoint: _28_ (rising edge-triggered flip-flop clocked by clk)
Path Group: clk
Path Type: min

Fanout         Cap        Slew       Delay        Time   Description
---------------------------------------------------------------------------------------------
                                  0.000000    0.000000   clock clk (rise edge)
                                  0.000000    0.000000   clock source latency
    41    0.136665    0.000000    0.000000    0.000000 ^ clk (in)
                                                         clk (net)
                      0.014095    0.007047    0.007047 ^ _14_/CLK (sky130_fd_sc_hd__dfrtp_2)
     1    0.002446    0.037558    0.317063    0.324110 ^ _14_/Q (sky130_fd_sc_hd__dfrtp_2)
                                                         S_r4[6] (net)
                      0.037558    0.000004    0.324115 ^ _28_/D (sky130_fd_sc_hd__dfrtp_2)
                                              0.324115   data arrival time

                                  0.000000    0.000000   clock clk (rise edge)
                                  0.000000    0.000000   clock source latency
    41    0.136665    0.000000    0.000000    0.000000 ^ clk (in)
                                                         clk (net)
                      0.014184    0.007092    0.007092 ^ _28_/CLK (sky130_fd_sc_hd__dfrtp_2)
                                  0.010000    0.017092   clock uncertainty
                                  0.000000    0.017092   clock reconvergence pessimism
                                 -0.037341   -0.020249   library hold time
                                             -0.020249   data required time
---------------------------------------------------------------------------------------------
                                             -0.020249   data required time
                                             -0.324115   data arrival time
---------------------------------------------------------------------------------------------
                                              0.344363   slack (MET)


Startpoint: _36_ (rising edge-triggered flip-flop clocked by clk)
Endpoint: _10_ (rising edge-triggered flip-flop clocked by clk)
Path Group: clk
Path Type: min

Fanout         Cap        Slew       Delay        Time   Description
---------------------------------------------------------------------------------------------
                                  0.000000    0.000000   clock clk (rise edge)
                                  0.000000    0.000000   clock source latency
    41    0.136665    0.000000    0.000000    0.000000 ^ clk (in)
                                                         clk (net)
                      0.013661    0.006830    0.006830 ^ _36_/CLK (sky130_fd_sc_hd__dfrtp_2)
     1    0.002448    0.037567    0.316925    0.323755 ^ _36_/Q (sky130_fd_sc_hd__dfrtp_2)
                                                         S_r3[0][2] (net)
                      0.037567    0.000005    0.323760 ^ _10_/D (sky130_fd_sc_hd__dfrtp_2)
                                              0.323760   data arrival time

                                  0.000000    0.000000   clock clk (rise edge)
                                  0.000000    0.000000   clock source latency
    41    0.136665    0.000000    0.000000    0.000000 ^ clk (in)
                                                         clk (net)
                      0.013581    0.006791    0.006791 ^ _10_/CLK (sky130_fd_sc_hd__dfrtp_2)
                                  0.010000    0.016791   clock uncertainty
                                  0.000000    0.016791   clock reconvergence pessimism
                                 -0.037425   -0.020635   library hold time
                                             -0.020635   data required time
---------------------------------------------------------------------------------------------
                                             -0.020635   data required time
                                             -0.323760   data arrival time
---------------------------------------------------------------------------------------------
                                              0.344395   slack (MET)


Startpoint: _32_ (rising edge-triggered flip-flop clocked by clk)
Endpoint: _16_ (rising edge-triggered flip-flop clocked by clk)
Path Group: clk
Path Type: min

Fanout         Cap        Slew       Delay        Time   Description
---------------------------------------------------------------------------------------------
                                  0.000000    0.000000   clock clk (rise edge)
                                  0.000000    0.000000   clock source latency
    41    0.136665    0.000000    0.000000    0.000000 ^ clk (in)
                                                         clk (net)
                      0.014180    0.007090    0.007090 ^ _32_/CLK (sky130_fd_sc_hd__dfrtp_2)
     1    0.002482    0.037730    0.317303    0.324393 ^ _32_/Q (sky130_fd_sc_hd__dfrtp_2)
                                                         PPs_r2[6][6] (net)
                      0.037730    0.000005    0.324398 ^ _16_/D (sky130_fd_sc_hd__dfrtp_2)
                                              0.324398   data arrival time

                                  0.000000    0.000000   clock clk (rise edge)
                                  0.000000    0.000000   clock source latency
    41    0.136665    0.000000    0.000000    0.000000 ^ clk (in)
                                                         clk (net)
                      0.014140    0.007070    0.007070 ^ _16_/CLK (sky130_fd_sc_hd__dfrtp_2)
                                  0.010000    0.017070   clock uncertainty
                                  0.000000    0.017070   clock reconvergence pessimism
                                 -0.037383   -0.020313   library hold time
                                             -0.020313   data required time
---------------------------------------------------------------------------------------------
                                             -0.020313   data required time
                                             -0.324398   data arrival time
---------------------------------------------------------------------------------------------
                                              0.344711   slack (MET)


Startpoint: _11_ (rising edge-triggered flip-flop clocked by clk)
Endpoint: _25_ (rising edge-triggered flip-flop clocked by clk)
Path Group: clk
Path Type: min

Fanout         Cap        Slew       Delay        Time   Description
---------------------------------------------------------------------------------------------
                                  0.000000    0.000000   clock clk (rise edge)
                                  0.000000    0.000000   clock source latency
    41    0.136665    0.000000    0.000000    0.000000 ^ clk (in)
                                                         clk (net)
                      0.015352    0.007676    0.007676 ^ _11_/CLK (sky130_fd_sc_hd__dfrtp_2)
     1    0.002471    0.037675    0.317639    0.325315 ^ _11_/Q (sky130_fd_sc_hd__dfrtp_2)
                                                         S_r4[3] (net)
                      0.037675    0.000004    0.325319 ^ _25_/D (sky130_fd_sc_hd__dfrtp_2)
                                              0.325319   data arrival time

                                  0.000000    0.000000   clock clk (rise edge)
                                  0.000000    0.000000   clock source latency
    41    0.136665    0.000000    0.000000    0.000000 ^ clk (in)
                                                         clk (net)
                      0.015245    0.007623    0.007623 ^ _25_/CLK (sky130_fd_sc_hd__dfrtp_2)
                                  0.010000    0.017623   clock uncertainty
                                  0.000000    0.017623   clock reconvergence pessimism
                                 -0.037220   -0.019598   library hold time
                                             -0.019598   data required time
---------------------------------------------------------------------------------------------
                                             -0.019598   data required time
                                             -0.325319   data arrival time
---------------------------------------------------------------------------------------------
                                              0.344917   slack (MET)


Startpoint: _09_ (rising edge-triggered flip-flop clocked by clk)
Endpoint: _23_ (rising edge-triggered flip-flop clocked by clk)
Path Group: clk
Path Type: min

Fanout         Cap        Slew       Delay        Time   Description
---------------------------------------------------------------------------------------------
                                  0.000000    0.000000   clock clk (rise edge)
                                  0.000000    0.000000   clock source latency
    41    0.136665    0.000000    0.000000    0.000000 ^ clk (in)
                                                         clk (net)
                      0.014736    0.007368    0.007368 ^ _09_/CLK (sky130_fd_sc_hd__dfrtp_2)
     1    0.002518    0.037901    0.317703    0.325072 ^ _09_/Q (sky130_fd_sc_hd__dfrtp_2)
                                                         S_r4[1] (net)
                      0.037901    0.000005    0.325077 ^ _23_/D (sky130_fd_sc_hd__dfrtp_2)
                                              0.325077   data arrival time

                                  0.000000    0.000000   clock clk (rise edge)
                                  0.000000    0.000000   clock source latency
    41    0.136665    0.000000    0.000000    0.000000 ^ clk (in)
                                                         clk (net)
                      0.014770    0.007385    0.007385 ^ _23_/CLK (sky130_fd_sc_hd__dfrtp_2)
                                  0.010000    0.017385   clock uncertainty
                                  0.000000    0.017385   clock reconvergence pessimism
                                 -0.037332   -0.019947   library hold time
                                             -0.019947   data required time
---------------------------------------------------------------------------------------------
                                             -0.019947   data required time
                                             -0.325077   data arrival time
---------------------------------------------------------------------------------------------
                                              0.345024   slack (MET)


Startpoint: _10_ (rising edge-triggered flip-flop clocked by clk)
Endpoint: _24_ (rising edge-triggered flip-flop clocked by clk)
Path Group: clk
Path Type: min

Fanout         Cap        Slew       Delay        Time   Description
---------------------------------------------------------------------------------------------
                                  0.000000    0.000000   clock clk (rise edge)
                                  0.000000    0.000000   clock source latency
    41    0.136665    0.000000    0.000000    0.000000 ^ clk (in)
                                                         clk (net)
                      0.013581    0.006791    0.006791 ^ _10_/CLK (sky130_fd_sc_hd__dfrtp_2)
     1    0.002551    0.038060    0.317498    0.324289 ^ _10_/Q (sky130_fd_sc_hd__dfrtp_2)
                                                         S_r4[2] (net)
                      0.038060    0.000006    0.324295 ^ _24_/D (sky130_fd_sc_hd__dfrtp_2)
                                              0.324295   data arrival time

                                  0.000000    0.000000   clock clk (rise edge)
                                  0.000000    0.000000   clock source latency
    41    0.136665    0.000000    0.000000    0.000000 ^ clk (in)
                                                         clk (net)
                      0.013534    0.006767    0.006767 ^ _24_/CLK (sky130_fd_sc_hd__dfrtp_2)
                                  0.010000    0.016767   clock uncertainty
                                  0.000000    0.016767   clock reconvergence pessimism
                                 -0.037534   -0.020767   library hold time
                                             -0.020767   data required time
---------------------------------------------------------------------------------------------
                                             -0.020767   data required time
                                             -0.324295   data arrival time
---------------------------------------------------------------------------------------------
                                              0.345062   slack (MET)


Startpoint: _08_ (rising edge-triggered flip-flop clocked by clk)
Endpoint: _22_ (rising edge-triggered flip-flop clocked by clk)
Path Group: clk
Path Type: min

Fanout         Cap        Slew       Delay        Time   Description
---------------------------------------------------------------------------------------------
                                  0.000000    0.000000   clock clk (rise edge)
                                  0.000000    0.000000   clock source latency
    41    0.136665    0.000000    0.000000    0.000000 ^ clk (in)
                                                         clk (net)
                      0.012380    0.006190    0.006190 ^ _08_/CLK (sky130_fd_sc_hd__dfrtp_2)
     1    0.002589    0.038246    0.317312    0.323502 ^ _08_/Q (sky130_fd_sc_hd__dfrtp_2)
                                                         S_r4[0] (net)
                      0.038246    0.000006    0.323508 ^ _22_/D (sky130_fd_sc_hd__dfrtp_2)
                                              0.323508   data arrival time

                                  0.000000    0.000000   clock clk (rise edge)
                                  0.000000    0.000000   clock source latency
    41    0.136665    0.000000    0.000000    0.000000 ^ clk (in)
                                                         clk (net)
                      0.011842    0.005921    0.005921 ^ _22_/CLK (sky130_fd_sc_hd__dfrtp_2)
                                  0.010000    0.015921   clock uncertainty
                                  0.000000    0.015921   clock reconvergence pessimism
                                 -0.037804   -0.021883   library hold time
                                             -0.021883   data required time
---------------------------------------------------------------------------------------------
                                             -0.021883   data required time
                                             -0.323508   data arrival time
---------------------------------------------------------------------------------------------
                                              0.345391   slack (MET)


Startpoint: _46_ (rising edge-triggered flip-flop clocked by clk)
Endpoint: _32_ (rising edge-triggered flip-flop clocked by clk)
Path Group: clk
Path Type: min

Fanout         Cap        Slew       Delay        Time   Description
---------------------------------------------------------------------------------------------
                                  0.000000    0.000000   clock clk (rise edge)
                                  0.000000    0.000000   clock source latency
    41    0.136665    0.000000    0.000000    0.000000 ^ clk (in)
                                                         clk (net)
                      0.014201    0.007101    0.007101 ^ _46_/CLK (sky130_fd_sc_hd__dfrtp_2)
     1    0.002216    0.036450    0.315745    0.322846 ^ _46_/Q (sky130_fd_sc_hd__dfrtp_2)
                                                         a_r1[6] (net)
                      0.036450    0.000006    0.322852 ^ _00_/A (sky130_fd_sc_hd__and2_2)
     1    0.002162    0.034666    0.116688    0.439540 ^ _00_/X (sky130_fd_sc_hd__and2_2)
                                                         PPs_w[6][6] (net)
                      0.034666    0.000002    0.439542 ^ _32_/D (sky130_fd_sc_hd__dfrtp_2)
                                              0.439542   data arrival time

                                  0.000000    0.000000   clock clk (rise edge)
                                  0.000000    0.000000   clock source latency
    41    0.136665    0.000000    0.000000    0.000000 ^ clk (in)
                                                         clk (net)
                      0.014180    0.007090    0.007090 ^ _32_/CLK (sky130_fd_sc_hd__dfrtp_2)
                                  0.010000    0.017090   clock uncertainty
                                  0.000000    0.017090   clock reconvergence pessimism
                                 -0.036740   -0.019650   library hold time
                                             -0.019650   data required time
---------------------------------------------------------------------------------------------
                                             -0.019650   data required time
                                             -0.439542   data arrival time
---------------------------------------------------------------------------------------------
                                              0.459192   slack (MET)


Startpoint: _40_ (rising edge-triggered flip-flop clocked by clk)
Endpoint: _18_ (rising edge-triggered flip-flop clocked by clk)
Path Group: clk
Path Type: min

Fanout         Cap        Slew       Delay        Time   Description
---------------------------------------------------------------------------------------------
                                  0.000000    0.000000   clock clk (rise edge)
                                  0.000000    0.000000   clock source latency
    41    0.136665    0.000000    0.000000    0.000000 ^ clk (in)
                                                         clk (net)
                      0.011353    0.005676    0.005676 ^ _40_/CLK (sky130_fd_sc_hd__dfrtp_2)
     1    0.001935    0.035096    0.313111    0.318788 ^ _40_/Q (sky130_fd_sc_hd__dfrtp_2)
                                                         a_r1[0] (net)
                      0.035096    0.000005    0.318792 ^ _06_/B (sky130_fd_sc_hd__and2_2)
     1    0.002512    0.036339    0.123112    0.441905 ^ _06_/X (sky130_fd_sc_hd__and2_2)
                                                         PPs_w[0][0] (net)
                      0.036339    0.000006    0.441910 ^ _18_/D (sky130_fd_sc_hd__dfrtp_2)
                                              0.441910   data arrival time

                                  0.000000    0.000000   clock clk (rise edge)
                                  0.000000    0.000000   clock source latency
    41    0.136665    0.000000    0.000000    0.000000 ^ clk (in)
                                                         clk (net)
                      0.012428    0.006214    0.006214 ^ _18_/CLK (sky130_fd_sc_hd__dfrtp_2)
                                  0.010000    0.016214   clock uncertainty
                                  0.000000    0.016214   clock reconvergence pessimism
                                 -0.037327   -0.021113   library hold time
                                             -0.021113   data required time
---------------------------------------------------------------------------------------------
                                             -0.021113   data required time
                                             -0.441910   data arrival time
---------------------------------------------------------------------------------------------
                                              0.463023   slack (MET)


Startpoint: _43_ (rising edge-triggered flip-flop clocked by clk)
Endpoint: _21_ (rising edge-triggered flip-flop clocked by clk)
Path Group: clk
Path Type: min

Fanout         Cap        Slew       Delay        Time   Description
---------------------------------------------------------------------------------------------
                                  0.000000    0.000000   clock clk (rise edge)
                                  0.000000    0.000000   clock source latency
    41    0.136665    0.000000    0.000000    0.000000 ^ clk (in)
                                                         clk (net)
                      0.015749    0.007874    0.007874 ^ _43_/CLK (sky130_fd_sc_hd__dfrtp_2)
     1    0.001961    0.035226    0.314782    0.322657 ^ _43_/Q (sky130_fd_sc_hd__dfrtp_2)
                                                         a_r1[3] (net)
                      0.035226    0.000004    0.322661 ^ _03_/B (sky130_fd_sc_hd__and2_2)
     1    0.002362    0.035616    0.122379    0.445040 ^ _03_/X (sky130_fd_sc_hd__and2_2)
                                                         PPs_w[3][3] (net)
                      0.035616    0.000004    0.445044 ^ _21_/D (sky130_fd_sc_hd__dfrtp_2)
                                              0.445044   data arrival time

                                  0.000000    0.000000   clock clk (rise edge)
                                  0.000000    0.000000   clock source latency
    41    0.136665    0.000000    0.000000    0.000000 ^ clk (in)
                                                         clk (net)
                      0.015590    0.007795    0.007795 ^ _21_/CLK (sky130_fd_sc_hd__dfrtp_2)
                                  0.010000    0.017795   clock uncertainty
                                  0.000000    0.017795   clock reconvergence pessimism
                                 -0.036745   -0.018951   library hold time
                                             -0.018951   data required time
---------------------------------------------------------------------------------------------
                                             -0.018951   data required time
                                             -0.445044   data arrival time
---------------------------------------------------------------------------------------------
                                              0.463994   slack (MET)


Startpoint: _41_ (rising edge-triggered flip-flop clocked by clk)
Endpoint: _19_ (rising edge-triggered flip-flop clocked by clk)
Path Group: clk
Path Type: min

Fanout         Cap        Slew       Delay        Time   Description
---------------------------------------------------------------------------------------------
                                  0.000000    0.000000   clock clk (rise edge)
                                  0.000000    0.000000   clock source latency
    41    0.136665    0.000000    0.000000    0.000000 ^ clk (in)
                                                         clk (net)
                      0.014863    0.007432    0.007432 ^ _41_/CLK (sky130_fd_sc_hd__dfrtp_2)
     1    0.001921    0.035033    0.314241    0.321673 ^ _41_/Q (sky130_fd_sc_hd__dfrtp_2)
                                                         a_r1[1] (net)
                      0.035033    0.000004    0.321677 ^ _05_/B (sky130_fd_sc_hd__and2_2)
     1    0.002513    0.036341    0.123096    0.444773 ^ _05_/X (sky130_fd_sc_hd__and2_2)
                                                         PPs_w[1][1] (net)
                      0.036341    0.000006    0.444779 ^ _19_/D (sky130_fd_sc_hd__dfrtp_2)
                                              0.444779   data arrival time

                                  0.000000    0.000000   clock clk (rise edge)
                                  0.000000    0.000000   clock source latency
    41    0.136665    0.000000    0.000000    0.000000 ^ clk (in)
                                                         clk (net)
                      0.014832    0.007416    0.007416 ^ _19_/CLK (sky130_fd_sc_hd__dfrtp_2)
                                  0.010000    0.017416   clock uncertainty
                                  0.000000    0.017416   clock reconvergence pessimism
                                 -0.037000   -0.019583   library hold time
                                             -0.019583   data required time
---------------------------------------------------------------------------------------------
                                             -0.019583   data required time
                                             -0.444779   data arrival time
---------------------------------------------------------------------------------------------
                                              0.464363   slack (MET)


Startpoint: _47_ (rising edge-triggered flip-flop clocked by clk)
Endpoint: _33_ (rising edge-triggered flip-flop clocked by clk)
Path Group: clk
Path Type: min

Fanout         Cap        Slew       Delay        Time   Description
---------------------------------------------------------------------------------------------
                                  0.000000    0.000000   clock clk (rise edge)
                                  0.000000    0.000000   clock source latency
    41    0.136665    0.000000    0.000000    0.000000 ^ clk (in)
                                                         clk (net)
                      0.011405    0.005702    0.005702 ^ _47_/CLK (sky130_fd_sc_hd__dfrtp_2)
     1    0.002033    0.035569    0.313708    0.319410 ^ _47_/Q (sky130_fd_sc_hd__dfrtp_2)
                                                         a_r1[7] (net)
                      0.035569    0.000005    0.319415 ^ _07_/B (sky130_fd_sc_hd__and2_2)
     1    0.002656    0.037031    0.123997    0.443412 ^ _07_/X (sky130_fd_sc_hd__and2_2)
                                                         PPs_w[7][7] (net)
                      0.037031    0.000008    0.443419 ^ _33_/D (sky130_fd_sc_hd__dfrtp_2)
                                              0.443419   data arrival time

                                  0.000000    0.000000   clock clk (rise edge)
                                  0.000000    0.000000   clock source latency
    41    0.136665    0.000000    0.000000    0.000000 ^ clk (in)
                                                         clk (net)
                      0.011232    0.005616    0.005616 ^ _33_/CLK (sky130_fd_sc_hd__dfrtp_2)
                                  0.010000    0.015616   clock uncertainty
                                  0.000000    0.015616   clock reconvergence pessimism
                                 -0.037634   -0.022018   library hold time
                                             -0.022018   data required time
---------------------------------------------------------------------------------------------
                                             -0.022018   data required time
                                             -0.443419   data arrival time
---------------------------------------------------------------------------------------------
                                              0.465438   slack (MET)


Startpoint: _42_ (rising edge-triggered flip-flop clocked by clk)
Endpoint: _20_ (rising edge-triggered flip-flop clocked by clk)
Path Group: clk
Path Type: min

Fanout         Cap        Slew       Delay        Time   Description
---------------------------------------------------------------------------------------------
                                  0.000000    0.000000   clock clk (rise edge)
                                  0.000000    0.000000   clock source latency
    41    0.136665    0.000000    0.000000    0.000000 ^ clk (in)
                                                         clk (net)
                      0.013778    0.006889    0.006889 ^ _42_/CLK (sky130_fd_sc_hd__dfrtp_2)
     1    0.002176    0.036259    0.315367    0.322256 ^ _42_/Q (sky130_fd_sc_hd__dfrtp_2)
                                                         a_r1[2] (net)
                      0.036259    0.000007    0.322263 ^ _04_/B (sky130_fd_sc_hd__and2_2)
     1    0.002493    0.036244    0.123365    0.445628 ^ _04_/X (sky130_fd_sc_hd__and2_2)
                                                         PPs_w[2][2] (net)
                      0.036244    0.000006    0.445634 ^ _20_/D (sky130_fd_sc_hd__dfrtp_2)
                                              0.445634   data arrival time

                                  0.000000    0.000000   clock clk (rise edge)
                                  0.000000    0.000000   clock source latency
    41    0.136665    0.000000    0.000000    0.000000 ^ clk (in)
                                                         clk (net)
                      0.013721    0.006860    0.006860 ^ _20_/CLK (sky130_fd_sc_hd__dfrtp_2)
                                  0.010000    0.016860   clock uncertainty
                                  0.000000    0.016860   clock reconvergence pessimism
                                 -0.037131   -0.020271   library hold time
                                             -0.020271   data required time
---------------------------------------------------------------------------------------------
                                             -0.020271   data required time
                                             -0.445634   data arrival time
---------------------------------------------------------------------------------------------
                                              0.465905   slack (MET)


Startpoint: _45_ (rising edge-triggered flip-flop clocked by clk)
Endpoint: _31_ (rising edge-triggered flip-flop clocked by clk)
Path Group: clk
Path Type: min

Fanout         Cap        Slew       Delay        Time   Description
---------------------------------------------------------------------------------------------
                                  0.000000    0.000000   clock clk (rise edge)
                                  0.000000    0.000000   clock source latency
    41    0.136665    0.000000    0.000000    0.000000 ^ clk (in)
                                                         clk (net)
                      0.016222    0.008111    0.008111 ^ _45_/CLK (sky130_fd_sc_hd__dfrtp_2)
     1    0.002334    0.036163    0.317132    0.325243 ^ _45_/Q (sky130_fd_sc_hd__dfrtp_2)
                                                         a_r1[5] (net)
                      0.036163    0.000010    0.325253 ^ _01_/B (sky130_fd_sc_hd__and2_2)
     1    0.002696    0.036352    0.124380    0.449633 ^ _01_/X (sky130_fd_sc_hd__and2_2)
                                                         PPs_w[5][5] (net)
                      0.036352    0.000010    0.449643 ^ _31_/D (sky130_fd_sc_hd__dfrtp_2)
                                              0.449643   data arrival time

                                  0.000000    0.000000   clock clk (rise edge)
                                  0.000000    0.000000   clock source latency
    41    0.136665    0.000000    0.000000    0.000000 ^ clk (in)
                                                         clk (net)
                      0.016209    0.008105    0.008105 ^ _31_/CLK (sky130_fd_sc_hd__dfrtp_2)
                                  0.010000    0.018105   clock uncertainty
                                  0.000000    0.018105   clock reconvergence pessimism
                                 -0.036814   -0.018709   library hold time
                                             -0.018709   data required time
---------------------------------------------------------------------------------------------
                                             -0.018709   data required time
                                             -0.449643   data arrival time
---------------------------------------------------------------------------------------------
                                              0.468352   slack (MET)


Startpoint: _44_ (rising edge-triggered flip-flop clocked by clk)
Endpoint: _30_ (rising edge-triggered flip-flop clocked by clk)
Path Group: clk
Path Type: min

Fanout         Cap        Slew       Delay        Time   Description
---------------------------------------------------------------------------------------------
                                  0.000000    0.000000   clock clk (rise edge)
                                  0.000000    0.000000   clock source latency
    41    0.136665    0.000000    0.000000    0.000000 ^ clk (in)
                                                         clk (net)
                      0.011636    0.005818    0.005818 ^ _44_/CLK (sky130_fd_sc_hd__dfrtp_2)
     1    0.002486    0.036742    0.316443    0.322261 ^ _44_/Q (sky130_fd_sc_hd__dfrtp_2)
                                                         a_r1[4] (net)
                      0.036742    0.000012    0.322273 ^ _02_/B (sky130_fd_sc_hd__and2_2)
     1    0.002742    0.036548    0.124790    0.447064 ^ _02_/X (sky130_fd_sc_hd__and2_2)
                                                         PPs_w[4][4] (net)
                      0.036548    0.000011    0.447074 ^ _30_/D (sky130_fd_sc_hd__dfrtp_2)
                                              0.447074   data arrival time

                                  0.000000    0.000000   clock clk (rise edge)
                                  0.000000    0.000000   clock source latency
    41    0.136665    0.000000    0.000000    0.000000 ^ clk (in)
                                                         clk (net)
                      0.011626    0.005813    0.005813 ^ _30_/CLK (sky130_fd_sc_hd__dfrtp_2)
                                  0.010000    0.015813   clock uncertainty
                                  0.000000    0.015813   clock reconvergence pessimism
                                 -0.037480   -0.021667   library hold time
                                             -0.021667   data required time
---------------------------------------------------------------------------------------------
                                             -0.021667   data required time
                                             -0.447074   data arrival time
---------------------------------------------------------------------------------------------
                                              0.468741   slack (MET)



