Clock: clk
Sources: clk 
Generated: no
Virtual: yes
Propagated: no
Period: 8.333000

===========================================================================
report_clock_properties
============================================================================
Clock                   Period          Waveform
----------------------------------------------------
clk                   8.333000    0.000000  4.166500

===========================================================================
report_clock_latency
============================================================================
Clock clk
rise -> rise
    min     max
0.000000 0.000000 source latency
0.717729         network latency _816_/CLK
        0.729745 network latency _811_/CLK
---------------
0.717729 0.729745 latency
        0.012016 skew

fall -> fall
    min     max
0.000000 0.000000 source latency
0.668002         network latency _816_/CLK
        0.678674 network latency _811_/CLK
---------------
0.668002 0.678674 latency
        0.010672 skew



===========================================================================
report_clock_min_period
============================================================================
clk period_min = 6.79 fmax = 147.32
