Clock: clk
Sources: clk 
Generated: no
Virtual: yes
Propagated: no
Period: 6.250000

===========================================================================
report_clock_properties
============================================================================
Clock                   Period          Waveform
----------------------------------------------------
clk                   6.250000    0.000000  3.125000

===========================================================================
report_clock_latency
============================================================================
Clock clk
rise -> rise
    min     max
0.000000 0.000000 source latency
0.382048         network latency _795_/CLK
        0.386083 network latency _797_/CLK
---------------
0.382048 0.386083 latency
        0.004034 skew

fall -> fall
    min     max
0.000000 0.000000 source latency
0.353329         network latency _795_/CLK
        0.356935 network latency _797_/CLK
---------------
0.353329 0.356935 latency
        0.003607 skew



===========================================================================
report_clock_min_period
============================================================================
clk period_min = 2.64 fmax = 378.18
