Clock: clk
Sources: clk 
Generated: no
Virtual: yes
Propagated: no
Period: 25.000000

===========================================================================
report_clock_properties
============================================================================
Clock                   Period          Waveform
----------------------------------------------------
clk                  25.000000    0.000000 12.500000

===========================================================================
report_clock_latency
============================================================================
Clock clk
rise -> rise
    min     max
0.000000 0.000000 source latency
0.580033         network latency _673_/CLK
        0.588075 network latency _661_/CLK
---------------
0.580033 0.588075 latency
        0.008042 skew

fall -> fall
    min     max
0.000000 0.000000 source latency
0.634813         network latency _673_/CLK
        0.641194 network latency _661_/CLK
---------------
0.634813 0.641194 latency
        0.006381 skew



===========================================================================
report_clock_min_period
============================================================================
clk period_min = 8.88 fmax = 112.60
