
===========================================================================
report_checks -unconstrained
===========================================================================
======================= nom_tt_025C_1v80 Corner ===================================

Startpoint: rst (input port clocked by clk)
Endpoint: _1007_ (recovery check against rising-edge clock clk)
Path Group: asynchronous
Path Type: max

Fanout         Cap        Slew       Delay        Time   Description
---------------------------------------------------------------------------------------------
                                  0.000000    0.000000   clock clk (rise edge)
                                  0.000000    0.000000   clock network delay (propagated)
                                  1.000000    1.000000 v input external delay
   160    0.777441    1.686064    1.268882    2.268882 v rst (in)
                                                         rst (net)
                      1.686418    0.000000    2.268882 v _0847_/A (sky130_fd_sc_hd__inv_2)
     1    0.003690    0.203180    0.285972    2.554854 ^ _0847_/Y (sky130_fd_sc_hd__inv_2)
                                                         _0226_ (net)
                      0.203180    0.000001    2.554855 ^ _1007_/RESET_B (sky130_fd_sc_hd__dfrtp_2)
                                              2.554855   data arrival time

                                  5.000000    5.000000   clock clk (rise edge)
                                  0.000000    5.000000   clock source latency
   160    0.394037    1.755112    1.208226    6.208226 ^ clk (in)
                                                         clk (net)
                      1.755149    0.000000    6.208226 ^ _1007_/CLK (sky130_fd_sc_hd__dfrtp_2)
                                 -0.250000    5.958226   clock uncertainty
                                  0.000000    5.958226   clock reconvergence pessimism
                                  0.477248    6.435473   library recovery time
                                              6.435473   data required time
---------------------------------------------------------------------------------------------
                                              6.435473   data required time
                                             -2.554855   data arrival time
---------------------------------------------------------------------------------------------
                                              3.880618   slack (MET)


Startpoint: _0897_ (rising edge-triggered flip-flop clocked by clk)
Endpoint: product[3] (output port clocked by clk)
Path Group: clk
Path Type: max

Fanout         Cap        Slew       Delay        Time   Description
---------------------------------------------------------------------------------------------
                                  0.000000    0.000000   clock clk (rise edge)
                                  0.000000    0.000000   clock source latency
   160    0.394037    1.755112    1.211882    1.211882 ^ clk (in)
                                                         clk (net)
                      1.755200    0.000000    1.211882 ^ _0897_/CLK (sky130_fd_sc_hd__dfrtp_2)
     1    0.034646    0.114010    0.723422    1.935304 v _0897_/Q (sky130_fd_sc_hd__dfrtp_2)
                                                         product[3] (net)
                      0.114010    0.000268    1.935572 v product[3] (out)
                                              1.935572   data arrival time

                                  5.000000    5.000000   clock clk (rise edge)
                                  0.000000    5.000000   clock network delay (propagated)
                                 -0.250000    4.750000   clock uncertainty
                                  0.000000    4.750000   clock reconvergence pessimism
                                 -1.000000    3.750000   output external delay
                                              3.750000   data required time
---------------------------------------------------------------------------------------------
                                              3.750000   data required time
                                             -1.935572   data arrival time
---------------------------------------------------------------------------------------------
                                              1.814428   slack (MET)




===========================================================================
report_checks --slack_max -0.01
============================================================================
======================= nom_tt_025C_1v80 Corner ===================================

No paths found.


===========================================================================
 report_check_types -max_slew -max_cap -max_fanout -violators
============================================================================
======================= nom_tt_025C_1v80 Corner ===================================

max slew

Pin                                        Limit        Slew       Slack
------------------------------------------------------------------------
_0846_/A                                0.750000    3.713441   -2.963441 (VIOLATED)
_0847_/A                                0.750000    3.713442   -2.963442 (VIOLATED)
_0862_/A                                0.750000    3.713443   -2.963443 (VIOLATED)
_0834_/A                                0.750000    3.713438   -2.963438 (VIOLATED)
_0835_/A                                0.750000    3.713438   -2.963438 (VIOLATED)
_0836_/A                                0.750000    3.713438   -2.963438 (VIOLATED)
_0837_/A                                0.750000    3.713438   -2.963438 (VIOLATED)
_0848_/A                                0.750000    3.713440   -2.963440 (VIOLATED)
_0849_/A                                0.750000    3.713442   -2.963442 (VIOLATED)
_0863_/A                                0.750000    3.713443   -2.963443 (VIOLATED)
_0884_/A                                0.750000    3.713439   -2.963439 (VIOLATED)
_0885_/A                                0.750000    3.713439   -2.963439 (VIOLATED)
_0821_/A                                0.750000    3.713434   -2.963434 (VIOLATED)
_0833_/A                                0.750000    3.713434   -2.963434 (VIOLATED)
_0890_/A                                0.750000    3.713437   -2.963437 (VIOLATED)
_0892_/A                                0.750000    3.713438   -2.963438 (VIOLATED)
_0893_/A                                0.750000    3.713439   -2.963439 (VIOLATED)
_0819_/A                                0.750000    3.713431   -2.963431 (VIOLATED)
_0831_/A                                0.750000    3.713432   -2.963432 (VIOLATED)
_0843_/A                                0.750000    3.713429   -2.963429 (VIOLATED)
_0845_/A                                0.750000    3.713432   -2.963432 (VIOLATED)
_0818_/A                                0.750000    3.713426   -2.963426 (VIOLATED)
_0820_/A                                0.750000    3.713426   -2.963426 (VIOLATED)
_0830_/A                                0.750000    3.713427   -2.963427 (VIOLATED)
_0832_/A                                0.750000    3.713425   -2.963426 (VIOLATED)
_0842_/A                                0.750000    3.713422   -2.963423 (VIOLATED)
_0814_/A                                0.750000    3.713418   -2.963418 (VIOLATED)
_0815_/A                                0.750000    3.713417   -2.963417 (VIOLATED)
_0817_/A                                0.750000    3.713419   -2.963419 (VIOLATED)
_0844_/A                                0.750000    3.713419   -2.963419 (VIOLATED)
_0816_/A                                0.750000    3.713416   -2.963416 (VIOLATED)
_0889_/A                                0.750000    3.713418   -2.963418 (VIOLATED)
_0827_/A                                0.750000    3.713409   -2.963409 (VIOLATED)
_0829_/A                                0.750000    3.713408   -2.963408 (VIOLATED)
_0839_/A                                0.750000    3.713411   -2.963411 (VIOLATED)
_0850_/A                                0.750000    3.713406   -2.963406 (VIOLATED)
_0878_/A                                0.750000    3.713408   -2.963408 (VIOLATED)
_0882_/A                                0.750000    3.713408   -2.963408 (VIOLATED)
_0851_/A                                0.750000    3.713405   -2.963405 (VIOLATED)
_0852_/A                                0.750000    3.713407   -2.963407 (VIOLATED)
_0853_/A                                0.750000    3.713407   -2.963407 (VIOLATED)
_0864_/A                                0.750000    3.713407   -2.963407 (VIOLATED)
_0865_/A                                0.750000    3.713407   -2.963407 (VIOLATED)
_0883_/A                                0.750000    3.713408   -2.963408 (VIOLATED)
_0891_/A                                0.750000    3.713408   -2.963407 (VIOLATED)
_0879_/A                                0.750000    3.713403   -2.963403 (VIOLATED)
_0880_/A                                0.750000    3.713406   -2.963406 (VIOLATED)
_0881_/A                                0.750000    3.713405   -2.963405 (VIOLATED)
_0886_/A                                0.750000    3.713407   -2.963407 (VIOLATED)
_0887_/A                                0.750000    3.713402   -2.963403 (VIOLATED)
_0766_/A                                0.750000    3.713398   -2.963398 (VIOLATED)
_0767_/A                                0.750000    3.713399   -2.963399 (VIOLATED)
_0860_/A                                0.750000    3.713399   -2.963399 (VIOLATED)
_0861_/A                                0.750000    3.713401   -2.963401 (VIOLATED)
_0448_/A                                0.750000    3.713395   -2.963395 (VIOLATED)
_0735_/A                                0.750000    3.713398   -2.963398 (VIOLATED)
_0750_/A                                0.750000    3.713397   -2.963397 (VIOLATED)
_0751_/A                                0.750000    3.713398   -2.963398 (VIOLATED)
_0806_/A                                0.750000    3.713398   -2.963398 (VIOLATED)
_0807_/A                                0.750000    3.713399   -2.963399 (VIOLATED)
_0808_/A                                0.750000    3.713396   -2.963396 (VIOLATED)
_0809_/A                                0.750000    3.713399   -2.963398 (VIOLATED)
_0858_/A                                0.750000    3.713396   -2.963396 (VIOLATED)
_0859_/A                                0.750000    3.713398   -2.963398 (VIOLATED)
_0888_/A                                0.750000    3.713397   -2.963397 (VIOLATED)
_0810_/A                                0.750000    3.713393   -2.963393 (VIOLATED)
_0811_/A                                0.750000    3.713391   -2.963391 (VIOLATED)
_0822_/A                                0.750000    3.713392   -2.963392 (VIOLATED)
_0826_/A                                0.750000    3.713394   -2.963394 (VIOLATED)
_0823_/A                                0.750000    3.713389   -2.963389 (VIOLATED)
_0855_/A                                0.750000    3.713388   -2.963388 (VIOLATED)
_0857_/A                                0.750000    3.713390   -2.963390 (VIOLATED)
_0856_/A                                0.750000    3.713387   -2.963387 (VIOLATED)
_0854_/A                                0.750000    3.713382   -2.963382 (VIOLATED)
_0824_/A                                0.750000    3.713377   -2.963377 (VIOLATED)
_0812_/A                                0.750000    3.713373   -2.963374 (VIOLATED)
_0841_/A                                0.750000    3.713376   -2.963376 (VIOLATED)
_0840_/A                                0.750000    3.713373   -2.963373 (VIOLATED)
_0828_/A                                0.750000    3.713369   -2.963369 (VIOLATED)
_0838_/A                                0.750000    3.713368   -2.963368 (VIOLATED)
_0813_/A                                0.750000    3.713351   -2.963351 (VIOLATED)
_0825_/A                                0.750000    3.713349   -2.963349 (VIOLATED)
_0780_/A                                0.750000    3.713337   -2.963337 (VIOLATED)
_0783_/A                                0.750000    3.713333   -2.963333 (VIOLATED)
_0803_/A                                0.750000    3.713334   -2.963334 (VIOLATED)
_0804_/A                                0.750000    3.713333   -2.963333 (VIOLATED)
_0805_/A                                0.750000    3.713334   -2.963334 (VIOLATED)
_0868_/A                                0.750000    3.713333   -2.963333 (VIOLATED)
_0869_/A                                0.750000    3.713333   -2.963333 (VIOLATED)
_0866_/A                                0.750000    3.713329   -2.963329 (VIOLATED)
_0867_/A                                0.750000    3.713329   -2.963329 (VIOLATED)
_0874_/A                                0.750000    3.713329   -2.963329 (VIOLATED)
_0875_/A                                0.750000    3.713330   -2.963330 (VIOLATED)
_0876_/A                                0.750000    3.713332   -2.963332 (VIOLATED)
_0877_/A                                0.750000    3.713331   -2.963331 (VIOLATED)
_0777_/A                                0.750000    3.713326   -2.963326 (VIOLATED)
_0797_/A                                0.750000    3.713326   -2.963326 (VIOLATED)
_0798_/A                                0.750000    3.713327   -2.963327 (VIOLATED)
_0799_/A                                0.750000    3.713329   -2.963329 (VIOLATED)
_0800_/A                                0.750000    3.713329   -2.963329 (VIOLATED)
_0801_/A                                0.750000    3.713327   -2.963327 (VIOLATED)
_0802_/A                                0.750000    3.713328   -2.963328 (VIOLATED)
_0776_/A                                0.750000    3.713322   -2.963322 (VIOLATED)
_0793_/A                                0.750000    3.713322   -2.963323 (VIOLATED)
_0794_/A                                0.750000    3.713324   -2.963323 (VIOLATED)
_0795_/A                                0.750000    3.713321   -2.963322 (VIOLATED)
_0796_/A                                0.750000    3.713323   -2.963323 (VIOLATED)
_0872_/A                                0.750000    3.713324   -2.963324 (VIOLATED)
_0873_/A                                0.750000    3.713327   -2.963327 (VIOLATED)
_0871_/A                                0.750000    3.713321   -2.963321 (VIOLATED)
_0782_/A                                0.750000    3.713316   -2.963316 (VIOLATED)
_0790_/A                                0.750000    3.713315   -2.963315 (VIOLATED)
_0791_/A                                0.750000    3.713316   -2.963316 (VIOLATED)
_0792_/A                                0.750000    3.713316   -2.963316 (VIOLATED)
_0870_/A                                0.750000    3.713317   -2.963317 (VIOLATED)
_0774_/A                                0.750000    3.713309   -2.963309 (VIOLATED)
_0775_/A                                0.750000    3.713311   -2.963311 (VIOLATED)
_0781_/A                                0.750000    3.713311   -2.963310 (VIOLATED)
_0784_/A                                0.750000    3.713311   -2.963310 (VIOLATED)
_0785_/A                                0.750000    3.713312   -2.963312 (VIOLATED)
_0786_/A                                0.750000    3.713314   -2.963314 (VIOLATED)
_0787_/A                                0.750000    3.713315   -2.963315 (VIOLATED)
_0788_/A                                0.750000    3.713315   -2.963315 (VIOLATED)
_0789_/A                                0.750000    3.713313   -2.963313 (VIOLATED)
_0746_/A                                0.750000    3.713303   -2.963304 (VIOLATED)
_0748_/A                                0.750000    3.713305   -2.963306 (VIOLATED)
_0749_/A                                0.750000    3.713305   -2.963306 (VIOLATED)
_0762_/A                                0.750000    3.713304   -2.963304 (VIOLATED)
_0763_/A                                0.750000    3.713305   -2.963305 (VIOLATED)
_0764_/A                                0.750000    3.713306   -2.963306 (VIOLATED)
_0765_/A                                0.750000    3.713306   -2.963306 (VIOLATED)
_0744_/A                                0.750000    3.713300   -2.963300 (VIOLATED)
_0745_/A                                0.750000    3.713301   -2.963301 (VIOLATED)
_0747_/A                                0.750000    3.713303   -2.963304 (VIOLATED)
_0760_/A                                0.750000    3.713300   -2.963300 (VIOLATED)
_0761_/A                                0.750000    3.713300   -2.963300 (VIOLATED)
_0742_/A                                0.750000    3.713295   -2.963295 (VIOLATED)
_0743_/A                                0.750000    3.713296   -2.963296 (VIOLATED)
_0758_/A                                0.750000    3.713295   -2.963295 (VIOLATED)
_0759_/A                                0.750000    3.713296   -2.963296 (VIOLATED)
_0773_/A                                0.750000    3.713295   -2.963295 (VIOLATED)
_0736_/A                                0.750000    3.713290   -2.963291 (VIOLATED)
_0737_/A                                0.750000    3.713289   -2.963290 (VIOLATED)
_0752_/A                                0.750000    3.713291   -2.963291 (VIOLATED)
_0753_/A                                0.750000    3.713290   -2.963291 (VIOLATED)
_0757_/A                                0.750000    3.713291   -2.963291 (VIOLATED)
_0768_/A                                0.750000    3.713292   -2.963291 (VIOLATED)
_0769_/A                                0.750000    3.713291   -2.963291 (VIOLATED)
_0741_/A                                0.750000    3.713286   -2.963287 (VIOLATED)
_0770_/A                                0.750000    3.713289   -2.963289 (VIOLATED)
_0778_/A                                0.750000    3.713292   -2.963292 (VIOLATED)
_0779_/A                                0.750000    3.713292   -2.963292 (VIOLATED)
_0740_/A                                0.750000    3.713274   -2.963274 (VIOLATED)
_0754_/A                                0.750000    3.713273   -2.963272 (VIOLATED)
_0756_/A                                0.750000    3.713275   -2.963275 (VIOLATED)
_0772_/A                                0.750000    3.713275   -2.963275 (VIOLATED)
_0739_/A                                0.750000    3.713267   -2.963267 (VIOLATED)
_0755_/A                                0.750000    3.713268   -2.963268 (VIOLATED)
_0771_/A                                0.750000    3.713268   -2.963268 (VIOLATED)
_0738_/A                                0.750000    3.713261   -2.963261 (VIOLATED)
rst                                     0.750000    3.713250   -2.963251 (VIOLATED)
_0898_/CLK                              0.750000    1.755229   -1.005229 (VIOLATED)
_0899_/CLK                              0.750000    1.755229   -1.005229 (VIOLATED)
_0900_/CLK                              0.750000    1.755228   -1.005228 (VIOLATED)
_0914_/CLK                              0.750000    1.755228   -1.005228 (VIOLATED)
_0915_/CLK                              0.750000    1.755229   -1.005229 (VIOLATED)
_0916_/CLK                              0.750000    1.755227   -1.005227 (VIOLATED)
_0930_/CLK                              0.750000    1.755228   -1.005228 (VIOLATED)
_0931_/CLK                              0.750000    1.755228   -1.005228 (VIOLATED)
_0932_/CLK                              0.750000    1.755227   -1.005227 (VIOLATED)
_0941_/CLK                              0.750000    1.755227   -1.005227 (VIOLATED)
_0942_/CLK                              0.750000    1.755227   -1.005227 (VIOLATED)
_0944_/CLK                              0.750000    1.755226   -1.005226 (VIOLATED)
_0945_/CLK                              0.750000    1.755225   -1.005225 (VIOLATED)
_0949_/CLK                              0.750000    1.755223   -1.005223 (VIOLATED)
_0901_/CLK                              0.750000    1.755221   -1.005221 (VIOLATED)
_0917_/CLK                              0.750000    1.755221   -1.005221 (VIOLATED)
_0933_/CLK                              0.750000    1.755221   -1.005221 (VIOLATED)
_0946_/CLK                              0.750000    1.755221   -1.005221 (VIOLATED)
_0947_/CLK                              0.750000    1.755216   -1.005216 (VIOLATED)
_0948_/CLK                              0.750000    1.755217   -1.005217 (VIOLATED)
_0950_/CLK                              0.750000    1.755218   -1.005218 (VIOLATED)
_0904_/CLK                              0.750000    1.755211   -1.005211 (VIOLATED)
_0905_/CLK                              0.750000    1.755212   -1.005212 (VIOLATED)
_0906_/CLK                              0.750000    1.755212   -1.005212 (VIOLATED)
_0907_/CLK                              0.750000    1.755212   -1.005213 (VIOLATED)
_0951_/CLK                              0.750000    1.755212   -1.005213 (VIOLATED)
_0902_/CLK                              0.750000    1.755210   -1.005210 (VIOLATED)
_0952_/CLK                              0.750000    1.755211   -1.005211 (VIOLATED)
_0903_/CLK                              0.750000    1.755210   -1.005210 (VIOLATED)
_0920_/CLK                              0.750000    1.755211   -1.005211 (VIOLATED)
_0921_/CLK                              0.750000    1.755211   -1.005211 (VIOLATED)
_0918_/CLK                              0.750000    1.755210   -1.005210 (VIOLATED)
_0919_/CLK                              0.750000    1.755210   -1.005210 (VIOLATED)
_0934_/CLK                              0.750000    1.755208   -1.005208 (VIOLATED)
_0935_/CLK                              0.750000    1.755208   -1.005208 (VIOLATED)
_1030_/CLK                              0.750000    1.755207   -1.005208 (VIOLATED)
_0936_/CLK                              0.750000    1.755205   -1.005205 (VIOLATED)
_0937_/CLK                              0.750000    1.755205   -1.005205 (VIOLATED)
_1031_/CLK                              0.750000    1.755206   -1.005206 (VIOLATED)
_1032_/CLK                              0.750000    1.755205   -1.005205 (VIOLATED)
_1033_/CLK                              0.750000    1.755205   -1.005205 (VIOLATED)
_0955_/CLK                              0.750000    1.755204   -1.005204 (VIOLATED)
_0953_/CLK                              0.750000    1.755202   -1.005202 (VIOLATED)
_0956_/CLK                              0.750000    1.755202   -1.005202 (VIOLATED)
_0896_/CLK                              0.750000    1.755200   -1.005200 (VIOLATED)
_0897_/CLK                              0.750000    1.755200   -1.005200 (VIOLATED)
_0912_/CLK                              0.750000    1.755200   -1.005200 (VIOLATED)
_0913_/CLK                              0.750000    1.755200   -1.005200 (VIOLATED)
_0928_/CLK                              0.750000    1.755199   -1.005199 (VIOLATED)
_0929_/CLK                              0.750000    1.755199   -1.005200 (VIOLATED)
_0938_/CLK                              0.750000    1.755198   -1.005198 (VIOLATED)
_0939_/CLK                              0.750000    1.755198   -1.005198 (VIOLATED)
_0954_/CLK                              0.750000    1.755199   -1.005199 (VIOLATED)
_0940_/CLK                              0.750000    1.755197   -1.005197 (VIOLATED)
_0943_/CLK                              0.750000    1.755197   -1.005197 (VIOLATED)
_0973_/CLK                              0.750000    1.755197   -1.005197 (VIOLATED)
_0985_/CLK                              0.750000    1.755197   -1.005197 (VIOLATED)
_0972_/CLK                              0.750000    1.755196   -1.005196 (VIOLATED)
_0984_/CLK                              0.750000    1.755195   -1.005195 (VIOLATED)
_0986_/CLK                              0.750000    1.755192   -1.005192 (VIOLATED)
_0988_/CLK                              0.750000    1.755191   -1.005192 (VIOLATED)
_0998_/CLK                              0.750000    1.755192   -1.005192 (VIOLATED)
_0989_/CLK                              0.750000    1.755189   -1.005189 (VIOLATED)
_0999_/CLK                              0.750000    1.755189   -1.005189 (VIOLATED)
_0987_/CLK                              0.750000    1.755187   -1.005187 (VIOLATED)
_1000_/CLK                              0.750000    1.755186   -1.005186 (VIOLATED)
_1001_/CLK                              0.750000    1.755185   -1.005185 (VIOLATED)
_1014_/CLK                              0.750000    1.755185   -1.005185 (VIOLATED)
_0968_/CLK                              0.750000    1.755184   -1.005184 (VIOLATED)
_0974_/CLK                              0.750000    1.755184   -1.005184 (VIOLATED)
_0975_/CLK                              0.750000    1.755183   -1.005183 (VIOLATED)
_0976_/CLK                              0.750000    1.755184   -1.005184 (VIOLATED)
_1015_/CLK                              0.750000    1.755184   -1.005184 (VIOLATED)
_1016_/CLK                              0.750000    1.755185   -1.005185 (VIOLATED)
_1017_/CLK                              0.750000    1.755185   -1.005185 (VIOLATED)
_0977_/CLK                              0.750000    1.755182   -1.005182 (VIOLATED)
_1018_/CLK                              0.750000    1.755183   -1.005183 (VIOLATED)
_1019_/CLK                              0.750000    1.755178   -1.005178 (VIOLATED)
_0908_/CLK                              0.750000    1.755177   -1.005177 (VIOLATED)
_0909_/CLK                              0.750000    1.755177   -1.005177 (VIOLATED)
_0922_/CLK                              0.750000    1.755177   -1.005177 (VIOLATED)
_0923_/CLK                              0.750000    1.755177   -1.005177 (VIOLATED)
_0924_/CLK                              0.750000    1.755177   -1.005177 (VIOLATED)
_0925_/CLK                              0.750000    1.755176   -1.005176 (VIOLATED)
_0978_/CLK                              0.750000    1.755176   -1.005176 (VIOLATED)
_0980_/CLK                              0.750000    1.755177   -1.005177 (VIOLATED)
_0992_/CLK                              0.750000    1.755177   -1.005177 (VIOLATED)
_0990_/CLK                              0.750000    1.755175   -1.005175 (VIOLATED)
_1034_/CLK                              0.750000    1.755176   -1.005176 (VIOLATED)
_1035_/CLK                              0.750000    1.755176   -1.005176 (VIOLATED)
_1036_/CLK                              0.750000    1.755175   -1.005175 (VIOLATED)
_1037_/CLK                              0.750000    1.755175   -1.005175 (VIOLATED)
_0964_/CLK                              0.750000    1.755173   -1.005173 (VIOLATED)
_0957_/CLK                              0.750000    1.755172   -1.005172 (VIOLATED)
_0958_/CLK                              0.750000    1.755172   -1.005172 (VIOLATED)
_1020_/CLK                              0.750000    1.755173   -1.005173 (VIOLATED)
_1029_/CLK                              0.750000    1.755174   -1.005174 (VIOLATED)
_1028_/CLK                              0.750000    1.755172   -1.005172 (VIOLATED)
_0959_/CLK                              0.750000    1.755171   -1.005171 (VIOLATED)
_0960_/CLK                              0.750000    1.755172   -1.005172 (VIOLATED)
_0961_/CLK                              0.750000    1.755172   -1.005172 (VIOLATED)
_0962_/CLK                              0.750000    1.755172   -1.005172 (VIOLATED)
_0963_/CLK                              0.750000    1.755172   -1.005172 (VIOLATED)
_0965_/CLK                              0.750000    1.755172   -1.005172 (VIOLATED)
_0979_/CLK                              0.750000    1.755170   -1.005170 (VIOLATED)
_1026_/CLK                              0.750000    1.755171   -1.005171 (VIOLATED)
_1027_/CLK                              0.750000    1.755172   -1.005172 (VIOLATED)
_0991_/CLK                              0.750000    1.755168   -1.005168 (VIOLATED)
_0981_/CLK                              0.750000    1.755165   -1.005165 (VIOLATED)
_0993_/CLK                              0.750000    1.755165   -1.005165 (VIOLATED)
_1002_/CLK                              0.750000    1.755166   -1.005166 (VIOLATED)
_1003_/CLK                              0.750000    1.755166   -1.005166 (VIOLATED)
_1004_/CLK                              0.750000    1.755166   -1.005166 (VIOLATED)
_1005_/CLK                              0.750000    1.755165   -1.005165 (VIOLATED)
_1010_/CLK                              0.750000    1.755165   -1.005165 (VIOLATED)
_1021_/CLK                              0.750000    1.755165   -1.005165 (VIOLATED)
_1011_/CLK                              0.750000    1.755164   -1.005164 (VIOLATED)
_1012_/CLK                              0.750000    1.755162   -1.005162 (VIOLATED)
_1013_/CLK                              0.750000    1.755162   -1.005162 (VIOLATED)
_1022_/CLK                              0.750000    1.755162   -1.005162 (VIOLATED)
_1024_/CLK                              0.750000    1.755162   -1.005162 (VIOLATED)
_1025_/CLK                              0.750000    1.755162   -1.005162 (VIOLATED)
_1023_/CLK                              0.750000    1.755160   -1.005160 (VIOLATED)
_0894_/CLK                              0.750000    1.755158   -1.005158 (VIOLATED)
_1008_/CLK                              0.750000    1.755159   -1.005159 (VIOLATED)
_0895_/CLK                              0.750000    1.755157   -1.005157 (VIOLATED)
_0910_/CLK                              0.750000    1.755158   -1.005158 (VIOLATED)
_0970_/CLK                              0.750000    1.755158   -1.005158 (VIOLATED)
_0971_/CLK                              0.750000    1.755159   -1.005159 (VIOLATED)
_0982_/CLK                              0.750000    1.755158   -1.005158 (VIOLATED)
_0983_/CLK                              0.750000    1.755159   -1.005159 (VIOLATED)
_0996_/CLK                              0.750000    1.755159   -1.005159 (VIOLATED)
_0994_/CLK                              0.750000    1.755158   -1.005158 (VIOLATED)
_0911_/CLK                              0.750000    1.755157   -1.005157 (VIOLATED)
_1048_/CLK                              0.750000    1.755158   -1.005158 (VIOLATED)
_0927_/CLK                              0.750000    1.755156   -1.005156 (VIOLATED)
_0995_/CLK                              0.750000    1.755157   -1.005157 (VIOLATED)
_0967_/CLK                              0.750000    1.755155   -1.005155 (VIOLATED)
_1006_/CLK                              0.750000    1.755155   -1.005155 (VIOLATED)
_1009_/CLK                              0.750000    1.755154   -1.005154 (VIOLATED)
_0926_/CLK                              0.750000    1.755153   -1.005153 (VIOLATED)
_0966_/CLK                              0.750000    1.755153   -1.005153 (VIOLATED)
_0969_/CLK                              0.750000    1.755153   -1.005153 (VIOLATED)
_0997_/CLK                              0.750000    1.755154   -1.005154 (VIOLATED)
_1039_/CLK                              0.750000    1.755153   -1.005153 (VIOLATED)
_1047_/CLK                              0.750000    1.755153   -1.005153 (VIOLATED)
_1041_/CLK                              0.750000    1.755152   -1.005152 (VIOLATED)
_1049_/CLK                              0.750000    1.755152   -1.005152 (VIOLATED)
_1040_/CLK                              0.750000    1.755150   -1.005150 (VIOLATED)
_1007_/CLK                              0.750000    1.755149   -1.005149 (VIOLATED)
_1046_/CLK                              0.750000    1.755150   -1.005150 (VIOLATED)
_1051_/CLK                              0.750000    1.755149   -1.005149 (VIOLATED)
_1038_/CLK                              0.750000    1.755147   -1.005147 (VIOLATED)
_1043_/CLK                              0.750000    1.755148   -1.005148 (VIOLATED)
_1042_/CLK                              0.750000    1.755145   -1.005145 (VIOLATED)
_1050_/CLK                              0.750000    1.755140   -1.005140 (VIOLATED)
_1052_/CLK                              0.750000    1.755138   -1.005138 (VIOLATED)
_1045_/CLK                              0.750000    1.755137   -1.005137 (VIOLATED)
_1044_/CLK                              0.750000    1.755135   -1.005135 (VIOLATED)
_1053_/CLK                              0.750000    1.755130   -1.005130 (VIOLATED)
clk                                     0.750000    1.755112   -1.005112 (VIOLATED)

max fanout

Pin                                   Limit Fanout  Slack
---------------------------------------------------------
clk                                      10    160   -150 (VIOLATED)
rst                                      10    160   -150 (VIOLATED)
_1039_/Q                                 10     12     -2 (VIOLATED)
_1041_/Q                                 10     12     -2 (VIOLATED)
_1049_/Q                                 10     11        (VIOLATED)
_1051_/Q                                 10     11        (VIOLATED)
_1053_/Q                                 10     11        (VIOLATED)

max capacitance

Pin                                        Limit         Cap       Slack
------------------------------------------------------------------------
rst                                     0.200000    0.836001   -0.636001 (VIOLATED)
clk                                     0.200000    0.394037   -0.194037 (VIOLATED)



===========================================================================
report_parasitic_annotation -report_unannotated
============================================================================
Found 0 unannotated drivers.
Found 0 partially unannotated drivers.

===========================================================================
max slew violation count 322
Writing metric design__max_slew_violation__count__corner:nom_tt_025C_1v80: 322
max fanout violation count 7
Writing metric design__max_fanout_violation__count__corner:nom_tt_025C_1v80: 7
max cap violation count 2
Writing metric design__max_cap_violation__count__corner:nom_tt_025C_1v80: 2
============================================================================

===========================================================================
check_setup -verbose -unconstrained_endpoints -multiple_clock -no_clock -no_input_delay -loops -generated_clocks
===========================================================================
