Clock: clk
Sources: clk 
Generated: no
Virtual: yes
Propagated: no
Period: 5.000000

===========================================================================
report_clock_properties
============================================================================
Clock                   Period          Waveform
----------------------------------------------------
clk                   5.000000    0.000000  2.500000

===========================================================================
report_clock_latency
============================================================================
Clock clk
rise -> rise
    min     max
0.000000 0.000000 source latency
1.206240         network latency _1053_/CLK
        1.213455 network latency _0898_/CLK
---------------
1.206240 1.213455 latency
        0.007215 skew

fall -> fall
    min     max
0.000000 0.000000 source latency
0.596870         network latency _1053_/CLK
        0.603644 network latency _0898_/CLK
---------------
0.596870 0.603644 latency
        0.006774 skew



===========================================================================
report_clock_min_period
============================================================================
clk period_min = 2.65 fmax = 377.01
