Clock: clk
Sources: clk 
Generated: no
Virtual: yes
Propagated: no
Period: 6.250000

===========================================================================
report_clock_properties
============================================================================
Clock                   Period          Waveform
----------------------------------------------------
clk                   6.250000    0.000000  3.125000

===========================================================================
report_clock_latency
============================================================================
Clock clk
rise -> rise
    min     max
0.000000 0.000000 source latency
0.403853         network latency _806_/CLK
        0.409142 network latency _811_/CLK
---------------
0.403853 0.409142 latency
        0.005289 skew

fall -> fall
    min     max
0.000000 0.000000 source latency
0.367347         network latency _806_/CLK
        0.371714 network latency _811_/CLK
---------------
0.367347 0.371714 latency
        0.004367 skew



===========================================================================
report_clock_min_period
============================================================================
clk period_min = 3.33 fmax = 300.31
