Clock: clk
Sources: clk 
Generated: no
Virtual: yes
Propagated: no
Period: 2.000000

===========================================================================
report_clock_properties
============================================================================
Clock                   Period          Waveform
----------------------------------------------------
clk                   2.000000    0.000000  1.000000

===========================================================================
report_clock_latency
============================================================================
Clock clk
rise -> rise
    min     max
0.000000 0.000000 source latency
0.486466         network latency _37_/CLK
        0.499742 network latency _15_/CLK
---------------
0.486466 0.499742 latency
        0.013276 skew

fall -> fall
    min     max
0.000000 0.000000 source latency
0.530217         network latency _37_/CLK
        0.541838 network latency _15_/CLK
---------------
0.530217 0.541838 latency
        0.011621 skew



===========================================================================
report_clock_min_period
============================================================================
clk period_min = 1.77 fmax = 563.63
