Reading OpenROAD database at '/home/hassan-ul-haq/openlane2/designs/Multiplier/runs/200MHz/17-openroad-cutrows/mult.odb'…
Reading library file at '/home/hassan-ul-haq/.volare/volare/sky130/versions/0fe599b2afb6708d281543108caf8310912f54af/sky130A/libs.ref/sky130_fd_sc_hd/lib/sky130_fd_sc_hd__tt_025C_1v80.lib'…
Reading design constraints file at '/nix/store/ss2cw3sxbrwwx9jl0rrppbw4kgcmgi2n-python3-3.11.9-env/lib/python3.11/site-packages/openlane/scripts/base.sdc'…
[INFO] Using clock clk…
[INFO] Setting output delay to: 1
[INFO] Setting input delay to: 1
[INFO] Setting load to: 0.033442
[INFO] Setting clock uncertainty to: 0.25
[INFO] Setting clock transition to: 0.1499999999999999944488848768742172978818416595458984375
[INFO] Setting timing derate to: 5%
[INFO TAP-0004] Inserted 88 endcaps.
[INFO TAP-0005] Inserted 207 tapcells.
Setting global connections for newly added cells…
[INFO] Setting global connections...
Updating metrics…
Cell type report:                       Count       Area
  Fill cell                                88     330.32
  Tap cell                                207     259.00
  Inverter                                171     641.87
  Sequential cell                         160    4204.03
  Multi-Input combinational cell          276    2564.96
  Total                                   902    8000.17
Writing OpenROAD database to '/home/hassan-ul-haq/openlane2/designs/Multiplier/runs/200MHz/18-openroad-tapendcapinsertion/mult.odb'…
Writing netlist to '/home/hassan-ul-haq/openlane2/designs/Multiplier/runs/200MHz/18-openroad-tapendcapinsertion/mult.nl.v'…
Writing powered netlist to '/home/hassan-ul-haq/openlane2/designs/Multiplier/runs/200MHz/18-openroad-tapendcapinsertion/mult.pnl.v'…
Writing layout to '/home/hassan-ul-haq/openlane2/designs/Multiplier/runs/200MHz/18-openroad-tapendcapinsertion/mult.def'…
Writing timing constraints to '/home/hassan-ul-haq/openlane2/designs/Multiplier/runs/200MHz/18-openroad-tapendcapinsertion/mult.sdc'…
