Clock: clk
Sources: clk 
Generated: no
Virtual: yes
Propagated: no
Period: 6.250000

===========================================================================
report_clock_properties
============================================================================
Clock                   Period          Waveform
----------------------------------------------------
clk                   6.250000    0.000000  3.125000

===========================================================================
report_clock_latency
============================================================================
Clock clk
rise -> rise
    min     max
0.000000 0.000000 source latency
0.402590         network latency _794_/CLK
        0.410436 network latency _764_/CLK
---------------
0.402590 0.410436 latency
        0.007846 skew

fall -> fall
    min     max
0.000000 0.000000 source latency
0.366917         network latency _794_/CLK
        0.372983 network latency _764_/CLK
---------------
0.366917 0.372983 latency
        0.006066 skew



===========================================================================
report_clock_min_period
============================================================================
clk period_min = 2.76 fmax = 362.42
