
===========================================================================
report_checks -unconstrained
===========================================================================
======================= nom_tt_025C_1v80 Corner ===================================

Startpoint: rst (input port clocked by clk)
Endpoint: _809_ (recovery check against rising-edge clock clk)
Path Group: asynchronous
Path Type: max

Fanout         Cap        Slew       Delay        Time   Description
---------------------------------------------------------------------------------------------
                                  0.000000    0.000000   clock clk (rise edge)
                                  0.000000    0.000000   clock network delay (propagated)
                                  1.250000    1.250000 v input external delay
    64    0.318712    0.692872    0.519970    1.769970 v rst (in)
                                                         rst (net)
                      0.693029    0.000000    1.769970 v _745_/A (sky130_fd_sc_hd__inv_2)
     1    0.003673    0.116860    0.170918    1.940888 ^ _745_/Y (sky130_fd_sc_hd__inv_2)
                                                         _099_ (net)
                      0.116860    0.000001    1.940889 ^ _809_/RESET_B (sky130_fd_sc_hd__dfrtp_2)
                                              1.940889   data arrival time

                                  6.250000    6.250000   clock clk (rise edge)
                                  0.000000    6.250000   clock source latency
    64    0.165917    0.743978    0.512126    6.762126 ^ clk (in)
                                                         clk (net)
                      0.743981    0.000000    6.762126 ^ _809_/CLK (sky130_fd_sc_hd__dfrtp_2)
                                 -0.250000    6.512126   clock uncertainty
                                  0.000000    6.512126   clock reconvergence pessimism
                                  0.370226    6.882352   library recovery time
                                              6.882352   data required time
---------------------------------------------------------------------------------------------
                                              6.882352   data required time
                                             -1.940889   data arrival time
---------------------------------------------------------------------------------------------
                                              4.941463   slack (MET)


Startpoint: _787_ (rising edge-triggered flip-flop clocked by clk)
Endpoint: _769_ (rising edge-triggered flip-flop clocked by clk)
Path Group: clk
Path Type: max

Fanout         Cap        Slew       Delay        Time   Description
---------------------------------------------------------------------------------------------
                                  0.000000    0.000000   clock clk (rise edge)
                                  0.000000    0.000000   clock source latency
    64    0.165917    0.743978    0.514855    0.514855 ^ clk (in)
                                                         clk (net)
                      0.744010    0.000000    0.514855 ^ _787_/CLK (sky130_fd_sc_hd__dfrtp_2)
     2    0.010384    0.059793    0.562098    1.076953 v _787_/Q (sky130_fd_sc_hd__dfrtp_2)
                                                         pp2[1] (net)
                      0.059793    0.000016    1.076970 v _569_/A (sky130_fd_sc_hd__xor2_2)
     2    0.010779    0.066526    0.191160    1.268130 v _569_/X (sky130_fd_sc_hd__xor2_2)
                                                         _279_ (net)
                      0.066526    0.000002    1.268132 v _574_/A3 (sky130_fd_sc_hd__a31o_2)
     3    0.016639    0.068428    0.289784    1.557915 v _574_/X (sky130_fd_sc_hd__a31o_2)
                                                         _283_ (net)
                      0.068428    0.000100    1.558015 v _594_/A1 (sky130_fd_sc_hd__a31o_2)
     3    0.018511    0.072594    0.249777    1.807792 v _594_/X (sky130_fd_sc_hd__a31o_2)
                                                         _301_ (net)
                      0.072594    0.000160    1.807952 v _598_/A (sky130_fd_sc_hd__xnor2_2)
     3    0.008330    0.067680    0.156048    1.964000 v _598_/Y (sky130_fd_sc_hd__xnor2_2)
                                                         _305_ (net)
                      0.067680    0.000016    1.964016 v _600_/B (sky130_fd_sc_hd__and2_2)
     1    0.001622    0.033528    0.187047    2.151063 v _600_/X (sky130_fd_sc_hd__and2_2)
                                                         _307_ (net)
                      0.033528    0.000002    2.151065 v _601_/B (sky130_fd_sc_hd__or2_2)
     3    0.013813    0.087325    0.311181    2.462246 v _601_/X (sky130_fd_sc_hd__or2_2)
                                                         _308_ (net)
                      0.087325    0.000004    2.462250 v _622_/B1 (sky130_fd_sc_hd__o221a_2)
     2    0.004112    0.046621    0.261534    2.723784 v _622_/X (sky130_fd_sc_hd__o221a_2)
                                                         _327_ (net)
                      0.046621    0.000028    2.723812 v _637_/C (sky130_fd_sc_hd__or4_2)
     2    0.007539    0.117799    0.635195    3.359007 v _637_/X (sky130_fd_sc_hd__or4_2)
                                                         _340_ (net)
                      0.117799    0.000044    3.359051 v _639_/A2 (sky130_fd_sc_hd__a31o_2)
     4    0.010992    0.056788    0.284134    3.643185 v _639_/X (sky130_fd_sc_hd__a31o_2)
                                                         _342_ (net)
                      0.056788    0.000055    3.643240 v _645_/A2 (sky130_fd_sc_hd__a211o_2)
     1    0.008423    0.064598    0.350892    3.994132 v _645_/X (sky130_fd_sc_hd__a211o_2)
                                                         _346_ (net)
                      0.064598    0.000016    3.994148 v _647_/B (sky130_fd_sc_hd__xnor2_2)
     1    0.002034    0.040004    0.125016    4.119164 v _647_/Y (sky130_fd_sc_hd__xnor2_2)
                                                         _027_ (net)
                      0.040004    0.000001    4.119165 v _769_/D (sky130_fd_sc_hd__dfrtp_2)
                                              4.119165   data arrival time

                                  6.250000    6.250000   clock clk (rise edge)
                                  0.000000    6.250000   clock source latency
    64    0.165917    0.743978    0.513724    6.763723 ^ clk (in)
                                                         clk (net)
                      0.743994    0.000000    6.763723 ^ _769_/CLK (sky130_fd_sc_hd__dfrtp_2)
                                 -0.250000    6.513723   clock uncertainty
                                  0.000000    6.513723   clock reconvergence pessimism
                                  0.012629    6.526352   library setup time
                                              6.526352   data required time
---------------------------------------------------------------------------------------------
                                              6.526352   data required time
                                             -4.119165   data arrival time
---------------------------------------------------------------------------------------------
                                              2.407187   slack (MET)




===========================================================================
report_checks --slack_max -0.01
============================================================================
======================= nom_tt_025C_1v80 Corner ===================================

No paths found.


===========================================================================
 report_check_types -max_slew -max_cap -max_fanout -violators
============================================================================
======================= nom_tt_025C_1v80 Corner ===================================

max slew

Pin                                        Limit        Slew       Slack
------------------------------------------------------------------------
_744_/A                                 0.750000    1.524891   -0.774891 (VIOLATED)
_745_/A                                 0.750000    1.524891   -0.774891 (VIOLATED)
_751_/A                                 0.750000    1.524890   -0.774890 (VIOLATED)
_743_/A                                 0.750000    1.524889   -0.774890 (VIOLATED)
_750_/A                                 0.750000    1.524889   -0.774889 (VIOLATED)
_752_/A                                 0.750000    1.524888   -0.774888 (VIOLATED)
_742_/A                                 0.750000    1.524887   -0.774887 (VIOLATED)
_753_/A                                 0.750000    1.524885   -0.774885 (VIOLATED)
_741_/A                                 0.750000    1.524873   -0.774873 (VIOLATED)
_749_/A                                 0.750000    1.524871   -0.774872 (VIOLATED)
_748_/A                                 0.750000    1.524869   -0.774869 (VIOLATED)
_746_/A                                 0.750000    1.524865   -0.774865 (VIOLATED)
_739_/A                                 0.750000    1.524864   -0.774864 (VIOLATED)
_740_/A                                 0.750000    1.524864   -0.774864 (VIOLATED)
_738_/A                                 0.750000    1.524858   -0.774858 (VIOLATED)
_747_/A                                 0.750000    1.524856   -0.774856 (VIOLATED)
_706_/A                                 0.750000    1.524854   -0.774854 (VIOLATED)
_380_/A                                 0.750000    1.524852   -0.774852 (VIOLATED)
_736_/A                                 0.750000    1.524852   -0.774852 (VIOLATED)
_734_/A                                 0.750000    1.524851   -0.774851 (VIOLATED)
_735_/A                                 0.750000    1.524852   -0.774852 (VIOLATED)
_737_/A                                 0.750000    1.524852   -0.774852 (VIOLATED)
_732_/A                                 0.750000    1.524850   -0.774850 (VIOLATED)
_733_/A                                 0.750000    1.524851   -0.774851 (VIOLATED)
_707_/A                                 0.750000    1.524849   -0.774849 (VIOLATED)
_721_/A                                 0.750000    1.524849   -0.774849 (VIOLATED)
_729_/A                                 0.750000    1.524848   -0.774848 (VIOLATED)
_728_/A                                 0.750000    1.524847   -0.774847 (VIOLATED)
_691_/A                                 0.750000    1.524846   -0.774846 (VIOLATED)
_720_/A                                 0.750000    1.524845   -0.774846 (VIOLATED)
_727_/A                                 0.750000    1.524844   -0.774844 (VIOLATED)
_708_/A                                 0.750000    1.524842   -0.774842 (VIOLATED)
_726_/A                                 0.750000    1.524842   -0.774842 (VIOLATED)
_718_/A                                 0.750000    1.524840   -0.774840 (VIOLATED)
_692_/A                                 0.750000    1.524839   -0.774839 (VIOLATED)
_693_/A                                 0.750000    1.524839   -0.774839 (VIOLATED)
_703_/A                                 0.750000    1.524838   -0.774838 (VIOLATED)
_704_/A                                 0.750000    1.524838   -0.774838 (VIOLATED)
_705_/A                                 0.750000    1.524838   -0.774838 (VIOLATED)
_709_/A                                 0.750000    1.524837   -0.774837 (VIOLATED)
_724_/A                                 0.750000    1.524838   -0.774838 (VIOLATED)
_702_/A                                 0.750000    1.524836   -0.774836 (VIOLATED)
_731_/A                                 0.750000    1.524837   -0.774837 (VIOLATED)
_700_/A                                 0.750000    1.524835   -0.774835 (VIOLATED)
_701_/A                                 0.750000    1.524835   -0.774835 (VIOLATED)
_730_/A                                 0.750000    1.524836   -0.774836 (VIOLATED)
_717_/A                                 0.750000    1.524834   -0.774834 (VIOLATED)
_719_/A                                 0.750000    1.524834   -0.774834 (VIOLATED)
_722_/A                                 0.750000    1.524834   -0.774834 (VIOLATED)
_725_/A                                 0.750000    1.524834   -0.774834 (VIOLATED)
_699_/A                                 0.750000    1.524833   -0.774833 (VIOLATED)
_714_/A                                 0.750000    1.524832   -0.774833 (VIOLATED)
_715_/A                                 0.750000    1.524833   -0.774833 (VIOLATED)
_723_/A                                 0.750000    1.524833   -0.774833 (VIOLATED)
_698_/A                                 0.750000    1.524831   -0.774831 (VIOLATED)
_710_/A                                 0.750000    1.524829   -0.774829 (VIOLATED)
_711_/A                                 0.750000    1.524827   -0.774827 (VIOLATED)
_697_/A                                 0.750000    1.524824   -0.774824 (VIOLATED)
_712_/A                                 0.750000    1.524822   -0.774822 (VIOLATED)
_713_/A                                 0.750000    1.524822   -0.774822 (VIOLATED)
_716_/A                                 0.750000    1.524822   -0.774822 (VIOLATED)
_694_/A                                 0.750000    1.524817   -0.774817 (VIOLATED)
_696_/A                                 0.750000    1.524817   -0.774817 (VIOLATED)
_695_/A                                 0.750000    1.524814   -0.774814 (VIOLATED)
rst                                     0.750000    1.524807   -0.774807 (VIOLATED)

max fanout

Pin                                   Limit Fanout  Slack
---------------------------------------------------------
clk                                      10     64    -54 (VIOLATED)
rst                                      10     64    -54 (VIOLATED)
_812_/Q                                  10     18     -8 (VIOLATED)
_805_/Q                                  10     16     -6 (VIOLATED)
_809_/Q                                  10     16     -6 (VIOLATED)
_813_/Q                                  10     16     -6 (VIOLATED)
_817_/Q                                  10     15     -5 (VIOLATED)
_803_/Q                                  10     14     -4 (VIOLATED)
_808_/Q                                  10     14     -4 (VIOLATED)
_814_/Q                                  10     14     -4 (VIOLATED)
_815_/Q                                  10     14     -4 (VIOLATED)
_804_/Q                                  10     13     -3 (VIOLATED)
_806_/Q                                  10     13     -3 (VIOLATED)
_802_/Q                                  10     12     -2 (VIOLATED)
_807_/Q                                  10     12     -2 (VIOLATED)
_810_/Q                                  10     12     -2 (VIOLATED)
_811_/Q                                  10     12     -2 (VIOLATED)
_816_/Q                                  10     11        (VIOLATED)

max capacitance

Pin                                        Limit         Cap       Slack
------------------------------------------------------------------------
rst                                     0.200000    0.342136   -0.142136 (VIOLATED)



===========================================================================
report_parasitic_annotation -report_unannotated
============================================================================
Found 0 unannotated drivers.
Found 0 partially unannotated drivers.

===========================================================================
max slew violation count 65
Writing metric design__max_slew_violation__count__corner:nom_tt_025C_1v80: 65
max fanout violation count 18
Writing metric design__max_fanout_violation__count__corner:nom_tt_025C_1v80: 18
max cap violation count 1
Writing metric design__max_cap_violation__count__corner:nom_tt_025C_1v80: 1
============================================================================

===========================================================================
check_setup -verbose -unconstrained_endpoints -multiple_clock -no_clock -no_input_delay -loops -generated_clocks
===========================================================================
