Clock: clk
Sources: clk 
Generated: no
Virtual: yes
Propagated: no
Period: 6.250000

===========================================================================
report_clock_properties
============================================================================
Clock                   Period          Waveform
----------------------------------------------------
clk                   6.250000    0.000000  3.125000

===========================================================================
report_clock_latency
============================================================================
Clock clk
rise -> rise
    min     max
0.000000 0.000000 source latency
0.511461         network latency _815_/CLK
        0.514877 network latency _776_/CLK
---------------
0.511461 0.514877 latency
        0.003416 skew

fall -> fall
    min     max
0.000000 0.000000 source latency
0.250861         network latency _815_/CLK
        0.254074 network latency _776_/CLK
---------------
0.250861 0.254074 latency
        0.003213 skew



===========================================================================
report_clock_min_period
============================================================================
clk period_min = 3.84 fmax = 260.23
