Clock: clk
Sources: clk 
Generated: no
Virtual: yes
Propagated: no
Period: 25.000000

===========================================================================
report_clock_properties
============================================================================
Clock                   Period          Waveform
----------------------------------------------------
clk                  25.000000    0.000000 12.500000

===========================================================================
report_clock_latency
============================================================================
Clock clk
rise -> rise
    min     max
0.000000 0.000000 source latency
0.583934         network latency _673_/CLK
        0.593363 network latency _661_/CLK
---------------
0.583934 0.593363 latency
        0.009429 skew

fall -> fall
    min     max
0.000000 0.000000 source latency
0.638185         network latency _673_/CLK
        0.645757 network latency _661_/CLK
---------------
0.638185 0.645757 latency
        0.007573 skew



===========================================================================
report_clock_min_period
============================================================================
clk period_min = 8.94 fmax = 111.87
