
===========================================================================
report_checks -path_delay min (Hold)
============================================================================
======================= nom_ss_100C_1v60 Corner ===================================

Startpoint: _673_ (rising edge-triggered flip-flop clocked by clk)
Endpoint: _681_ (rising edge-triggered flip-flop clocked by clk)
Path Group: clk
Path Type: min

Fanout         Cap        Slew       Delay        Time   Description
---------------------------------------------------------------------------------------------
                                  0.000000    0.000000   clock clk (rise edge)
                                  0.000000    0.000000   clock source latency
     1    0.019844    0.250000    0.000000    0.000000 ^ clk (in)
                                                         clk (net)
                      0.251861    0.000930    0.000930 ^ clkbuf_0_clk/A (sky130_fd_sc_hd__clkbuf_16)
     4    0.039937    0.095005    0.331474    0.332404 ^ clkbuf_0_clk/X (sky130_fd_sc_hd__clkbuf_16)
                                                         clknet_0_clk (net)
                      0.095018    0.001123    0.333527 ^ clkbuf_2_0__f_clk/A (sky130_fd_sc_hd__clkbuf_16)
    12    0.032011    0.083276    0.249437    0.582964 ^ clkbuf_2_0__f_clk/X (sky130_fd_sc_hd__clkbuf_16)
                                                         clknet_2_0__leaf_clk (net)
                      0.083285    0.000970    0.583934 ^ _673_/CLK (sky130_fd_sc_hd__dfrtp_1)
     5    0.014930    0.224558    0.773015    1.356949 ^ _673_/Q (sky130_fd_sc_hd__dfrtp_1)
                                                         b_reg[0] (net)
                      0.224558    0.000417    1.357366 ^ _322_/A (sky130_fd_sc_hd__and2_1)
     2    0.004093    0.096458    0.296509    1.653875 ^ _322_/X (sky130_fd_sc_hd__and2_1)
                                                         product_reg[0] (net)
                      0.096458    0.000081    1.653956 ^ _681_/D (sky130_fd_sc_hd__dfrtp_1)
                                              1.653956   data arrival time

                                  0.000000    0.000000   clock clk (rise edge)
                                  0.000000    0.000000   clock source latency
     1    0.019844    0.250000    0.000000    0.000000 ^ clk (in)
                                                         clk (net)
                      0.251861    0.000930    0.000930 ^ clkbuf_0_clk/A (sky130_fd_sc_hd__clkbuf_16)
     4    0.039937    0.095005    0.331474    0.332404 ^ clkbuf_0_clk/X (sky130_fd_sc_hd__clkbuf_16)
                                                         clknet_0_clk (net)
                      0.095015    0.001011    0.333416 ^ clkbuf_2_1__f_clk/A (sky130_fd_sc_hd__clkbuf_16)
     8    0.033307    0.085028    0.251520    0.584936 ^ clkbuf_2_1__f_clk/X (sky130_fd_sc_hd__clkbuf_16)
                                                         clknet_2_1__leaf_clk (net)
                      0.085045    0.001191    0.586127 ^ _681_/CLK (sky130_fd_sc_hd__dfrtp_1)
                                  0.125000    0.711127   clock uncertainty
                                  0.000000    0.711127   clock reconvergence pessimism
                                 -0.080509    0.630618   library hold time
                                              0.630618   data required time
---------------------------------------------------------------------------------------------
                                              0.630618   data required time
                                             -1.653956   data arrival time
---------------------------------------------------------------------------------------------
                                              1.023339   slack (MET)


Startpoint: _673_ (rising edge-triggered flip-flop clocked by clk)
Endpoint: _682_ (rising edge-triggered flip-flop clocked by clk)
Path Group: clk
Path Type: min

Fanout         Cap        Slew       Delay        Time   Description
---------------------------------------------------------------------------------------------
                                  0.000000    0.000000   clock clk (rise edge)
                                  0.000000    0.000000   clock source latency
     1    0.019844    0.250000    0.000000    0.000000 ^ clk (in)
                                                         clk (net)
                      0.251861    0.000930    0.000930 ^ clkbuf_0_clk/A (sky130_fd_sc_hd__clkbuf_16)
     4    0.039937    0.095005    0.331474    0.332404 ^ clkbuf_0_clk/X (sky130_fd_sc_hd__clkbuf_16)
                                                         clknet_0_clk (net)
                      0.095018    0.001123    0.333527 ^ clkbuf_2_0__f_clk/A (sky130_fd_sc_hd__clkbuf_16)
    12    0.032011    0.083276    0.249437    0.582964 ^ clkbuf_2_0__f_clk/X (sky130_fd_sc_hd__clkbuf_16)
                                                         clknet_2_0__leaf_clk (net)
                      0.083285    0.000970    0.583934 ^ _673_/CLK (sky130_fd_sc_hd__dfrtp_1)
     5    0.014930    0.224558    0.773015    1.356949 ^ _673_/Q (sky130_fd_sc_hd__dfrtp_1)
                                                         b_reg[0] (net)
                      0.224558    0.000520    1.357469 ^ _323_/A1 (sky130_fd_sc_hd__a22oi_1)
     1    0.002612    0.123252    0.223529    1.580998 v _323_/Y (sky130_fd_sc_hd__a22oi_1)
                                                         _292_ (net)
                      0.123252    0.000052    1.581050 v _325_/A (sky130_fd_sc_hd__nor2_1)
     1    0.002545    0.123156    0.181194    1.762244 ^ _325_/Y (sky130_fd_sc_hd__nor2_1)
                                                         product_reg[1] (net)
                      0.123156    0.000071    1.762315 ^ _682_/D (sky130_fd_sc_hd__dfrtp_1)
                                              1.762315   data arrival time

                                  0.000000    0.000000   clock clk (rise edge)
                                  0.000000    0.000000   clock source latency
     1    0.019844    0.250000    0.000000    0.000000 ^ clk (in)
                                                         clk (net)
                      0.251861    0.000930    0.000930 ^ clkbuf_0_clk/A (sky130_fd_sc_hd__clkbuf_16)
     4    0.039937    0.095005    0.331474    0.332404 ^ clkbuf_0_clk/X (sky130_fd_sc_hd__clkbuf_16)
                                                         clknet_0_clk (net)
                      0.095015    0.001011    0.333416 ^ clkbuf_2_1__f_clk/A (sky130_fd_sc_hd__clkbuf_16)
     8    0.033307    0.085028    0.251520    0.584936 ^ clkbuf_2_1__f_clk/X (sky130_fd_sc_hd__clkbuf_16)
                                                         clknet_2_1__leaf_clk (net)
                      0.085051    0.001322    0.586258 ^ _682_/CLK (sky130_fd_sc_hd__dfrtp_1)
                                  0.125000    0.711258   clock uncertainty
                                  0.000000    0.711258   clock reconvergence pessimism
                                 -0.086601    0.624657   library hold time
                                              0.624657   data required time
---------------------------------------------------------------------------------------------
                                              0.624657   data required time
                                             -1.762315   data arrival time
---------------------------------------------------------------------------------------------
                                              1.137658   slack (MET)


Startpoint: _672_ (rising edge-triggered flip-flop clocked by clk)
Endpoint: _664_ (rising edge-triggered flip-flop clocked by clk)
Path Group: clk
Path Type: min

Fanout         Cap        Slew       Delay        Time   Description
---------------------------------------------------------------------------------------------
                                  0.000000    0.000000   clock clk (rise edge)
                                  0.000000    0.000000   clock source latency
     1    0.019844    0.250000    0.000000    0.000000 ^ clk (in)
                                                         clk (net)
                      0.251861    0.000930    0.000930 ^ clkbuf_0_clk/A (sky130_fd_sc_hd__clkbuf_16)
     4    0.039937    0.095005    0.331474    0.332404 ^ clkbuf_0_clk/X (sky130_fd_sc_hd__clkbuf_16)
                                                         clknet_0_clk (net)
                      0.095018    0.001123    0.333527 ^ clkbuf_2_0__f_clk/A (sky130_fd_sc_hd__clkbuf_16)
    12    0.032011    0.083276    0.249437    0.582964 ^ clkbuf_2_0__f_clk/X (sky130_fd_sc_hd__clkbuf_16)
                                                         clknet_2_0__leaf_clk (net)
                      0.083335    0.001988    0.584952 ^ _672_/CLK (sky130_fd_sc_hd__dfrtp_1)
     2    0.013156    0.203655    0.755685    1.340636 ^ _672_/Q (sky130_fd_sc_hd__dfrtp_1)
                                                         a_reg[7] (net)
                      0.203655    0.000370    1.341007 ^ fanout46/A (sky130_fd_sc_hd__buf_1)
     5    0.015294    0.297090    0.369024    1.710031 ^ fanout46/X (sky130_fd_sc_hd__buf_1)
                                                         net46 (net)
                      0.297090    0.000313    1.710344 ^ _623_/C1 (sky130_fd_sc_hd__o311a_1)
     1    0.002598    0.079921    0.397700    2.108044 ^ _623_/X (sky130_fd_sc_hd__o311a_1)
                                                         _290_ (net)
                      0.079921    0.000084    2.108128 ^ _624_/B (sky130_fd_sc_hd__or2_1)
     1    0.002090    0.056207    0.155269    2.263397 ^ _624_/X (sky130_fd_sc_hd__or2_1)
                                                         product_reg[15] (net)
                      0.056207    0.000059    2.263456 ^ _664_/D (sky130_fd_sc_hd__dfrtp_1)
                                              2.263456   data arrival time

                                  0.000000    0.000000   clock clk (rise edge)
                                  0.000000    0.000000   clock source latency
     1    0.019844    0.250000    0.000000    0.000000 ^ clk (in)
                                                         clk (net)
                      0.251861    0.000930    0.000930 ^ clkbuf_0_clk/A (sky130_fd_sc_hd__clkbuf_16)
     4    0.039937    0.095005    0.331474    0.332404 ^ clkbuf_0_clk/X (sky130_fd_sc_hd__clkbuf_16)
                                                         clknet_0_clk (net)
                      0.095019    0.001153    0.333557 ^ clkbuf_2_2__f_clk/A (sky130_fd_sc_hd__clkbuf_16)
     7    0.037984    0.091663    0.258151    0.591709 ^ clkbuf_2_2__f_clk/X (sky130_fd_sc_hd__clkbuf_16)
                                                         clknet_2_2__leaf_clk (net)
                      0.091685    0.001391    0.593100 ^ _664_/CLK (sky130_fd_sc_hd__dfrtp_1)
                                  0.125000    0.718100   clock uncertainty
                                  0.000000    0.718100   clock reconvergence pessimism
                                 -0.070235    0.647865   library hold time
                                              0.647865   data required time
---------------------------------------------------------------------------------------------
                                              0.647865   data required time
                                             -2.263456   data arrival time
---------------------------------------------------------------------------------------------
                                              1.615591   slack (MET)


Startpoint: _675_ (rising edge-triggered flip-flop clocked by clk)
Endpoint: _683_ (rising edge-triggered flip-flop clocked by clk)
Path Group: clk
Path Type: min

Fanout         Cap        Slew       Delay        Time   Description
---------------------------------------------------------------------------------------------
                                  0.000000    0.000000   clock clk (rise edge)
                                  0.000000    0.000000   clock source latency
     1    0.019844    0.250000    0.000000    0.000000 ^ clk (in)
                                                         clk (net)
                      0.251861    0.000930    0.000930 ^ clkbuf_0_clk/A (sky130_fd_sc_hd__clkbuf_16)
     4    0.039937    0.095005    0.331474    0.332404 ^ clkbuf_0_clk/X (sky130_fd_sc_hd__clkbuf_16)
                                                         clknet_0_clk (net)
                      0.095018    0.001123    0.333527 ^ clkbuf_2_0__f_clk/A (sky130_fd_sc_hd__clkbuf_16)
    12    0.032011    0.083276    0.249437    0.582964 ^ clkbuf_2_0__f_clk/X (sky130_fd_sc_hd__clkbuf_16)
                                                         clknet_2_0__leaf_clk (net)
                      0.083294    0.001229    0.584193 ^ _675_/CLK (sky130_fd_sc_hd__dfrtp_4)
    10    0.041560    0.239804    0.960769    1.544962 ^ _675_/Q (sky130_fd_sc_hd__dfrtp_4)
                                                         b_reg[2] (net)
                      0.239817    0.002024    1.546986 ^ _326_/B (sky130_fd_sc_hd__nand2_1)
     1    0.004916    0.107430    0.194300    1.741286 v _326_/Y (sky130_fd_sc_hd__nand2_1)
                                                         _294_ (net)
                      0.107430    0.000105    1.741391 v _330_/A (sky130_fd_sc_hd__xnor2_1)
     2    0.004522    0.096934    0.250619    1.992010 v _330_/Y (sky130_fd_sc_hd__xnor2_1)
                                                         _298_ (net)
                      0.096934    0.000086    1.992096 v _331_/B (sky130_fd_sc_hd__nand2_1)
     3    0.006924    0.119213    0.153912    2.146008 ^ _331_/Y (sky130_fd_sc_hd__nand2_1)
                                                         _299_ (net)
                      0.119213    0.000130    2.146138 ^ _333_/A (sky130_fd_sc_hd__and2_1)
     1    0.002183    0.071623    0.227677    2.373815 ^ _333_/X (sky130_fd_sc_hd__and2_1)
                                                         product_reg[2] (net)
                      0.071623    0.000062    2.373876 ^ _683_/D (sky130_fd_sc_hd__dfrtp_1)
                                              2.373876   data arrival time

                                  0.000000    0.000000   clock clk (rise edge)
                                  0.000000    0.000000   clock source latency
     1    0.019844    0.250000    0.000000    0.000000 ^ clk (in)
                                                         clk (net)
                      0.251861    0.000930    0.000930 ^ clkbuf_0_clk/A (sky130_fd_sc_hd__clkbuf_16)
     4    0.039937    0.095005    0.331474    0.332404 ^ clkbuf_0_clk/X (sky130_fd_sc_hd__clkbuf_16)
                                                         clknet_0_clk (net)
                      0.095015    0.001011    0.333416 ^ clkbuf_2_1__f_clk/A (sky130_fd_sc_hd__clkbuf_16)
     8    0.033307    0.085028    0.251520    0.584936 ^ clkbuf_2_1__f_clk/X (sky130_fd_sc_hd__clkbuf_16)
                                                         clknet_2_1__leaf_clk (net)
                      0.085060    0.001519    0.586454 ^ _683_/CLK (sky130_fd_sc_hd__dfrtp_1)
                                  0.125000    0.711454   clock uncertainty
                                  0.000000    0.711454   clock reconvergence pessimism
                                 -0.074839    0.636615   library hold time
                                              0.636615   data required time
---------------------------------------------------------------------------------------------
                                              0.636615   data required time
                                             -2.373876   data arrival time
---------------------------------------------------------------------------------------------
                                              1.737261   slack (MET)


Startpoint: _675_ (rising edge-triggered flip-flop clocked by clk)
Endpoint: _684_ (rising edge-triggered flip-flop clocked by clk)
Path Group: clk
Path Type: min

Fanout         Cap        Slew       Delay        Time   Description
---------------------------------------------------------------------------------------------
                                  0.000000    0.000000   clock clk (rise edge)
                                  0.000000    0.000000   clock source latency
     1    0.019844    0.250000    0.000000    0.000000 ^ clk (in)
                                                         clk (net)
                      0.251861    0.000930    0.000930 ^ clkbuf_0_clk/A (sky130_fd_sc_hd__clkbuf_16)
     4    0.039937    0.095005    0.331474    0.332404 ^ clkbuf_0_clk/X (sky130_fd_sc_hd__clkbuf_16)
                                                         clknet_0_clk (net)
                      0.095018    0.001123    0.333527 ^ clkbuf_2_0__f_clk/A (sky130_fd_sc_hd__clkbuf_16)
    12    0.032011    0.083276    0.249437    0.582964 ^ clkbuf_2_0__f_clk/X (sky130_fd_sc_hd__clkbuf_16)
                                                         clknet_2_0__leaf_clk (net)
                      0.083294    0.001229    0.584193 ^ _675_/CLK (sky130_fd_sc_hd__dfrtp_4)
    10    0.041560    0.239804    0.960769    1.544962 ^ _675_/Q (sky130_fd_sc_hd__dfrtp_4)
                                                         b_reg[2] (net)
                      0.239817    0.002024    1.546986 ^ _326_/B (sky130_fd_sc_hd__nand2_1)
     1    0.004916    0.107430    0.194300    1.741286 v _326_/Y (sky130_fd_sc_hd__nand2_1)
                                                         _294_ (net)
                      0.107430    0.000105    1.741391 v _330_/A (sky130_fd_sc_hd__xnor2_1)
     2    0.004522    0.096934    0.250619    1.992010 v _330_/Y (sky130_fd_sc_hd__xnor2_1)
                                                         _298_ (net)
                      0.096934    0.000086    1.992096 v _331_/B (sky130_fd_sc_hd__nand2_1)
     3    0.006924    0.119213    0.153912    2.146008 ^ _331_/Y (sky130_fd_sc_hd__nand2_1)
                                                         _299_ (net)
                      0.119213    0.000182    2.146190 ^ _345_/A (sky130_fd_sc_hd__nor2_1)
     3    0.008091    0.079784    0.134271    2.280461 v _345_/Y (sky130_fd_sc_hd__nor2_1)
                                                         _312_ (net)
                      0.079784    0.000109    2.280569 v _347_/A (sky130_fd_sc_hd__nor2_1)
     1    0.002234    0.113276    0.157733    2.438302 ^ _347_/Y (sky130_fd_sc_hd__nor2_1)
                                                         product_reg[3] (net)
                      0.113276    0.000062    2.438365 ^ _684_/D (sky130_fd_sc_hd__dfrtp_1)
                                              2.438365   data arrival time

                                  0.000000    0.000000   clock clk (rise edge)
                                  0.000000    0.000000   clock source latency
     1    0.019844    0.250000    0.000000    0.000000 ^ clk (in)
                                                         clk (net)
                      0.251861    0.000930    0.000930 ^ clkbuf_0_clk/A (sky130_fd_sc_hd__clkbuf_16)
     4    0.039937    0.095005    0.331474    0.332404 ^ clkbuf_0_clk/X (sky130_fd_sc_hd__clkbuf_16)
                                                         clknet_0_clk (net)
                      0.095015    0.001011    0.333416 ^ clkbuf_2_1__f_clk/A (sky130_fd_sc_hd__clkbuf_16)
     8    0.033307    0.085028    0.251520    0.584936 ^ clkbuf_2_1__f_clk/X (sky130_fd_sc_hd__clkbuf_16)
                                                         clknet_2_1__leaf_clk (net)
                      0.085062    0.001571    0.586507 ^ _684_/CLK (sky130_fd_sc_hd__dfrtp_1)
                                  0.125000    0.711507   clock uncertainty
                                  0.000000    0.711507   clock reconvergence pessimism
                                 -0.084344    0.627163   library hold time
                                              0.627163   data required time
---------------------------------------------------------------------------------------------
                                              0.627163   data required time
                                             -2.438365   data arrival time
---------------------------------------------------------------------------------------------
                                              1.811201   slack (MET)


Startpoint: _675_ (rising edge-triggered flip-flop clocked by clk)
Endpoint: _685_ (rising edge-triggered flip-flop clocked by clk)
Path Group: clk
Path Type: min

Fanout         Cap        Slew       Delay        Time   Description
---------------------------------------------------------------------------------------------
                                  0.000000    0.000000   clock clk (rise edge)
                                  0.000000    0.000000   clock source latency
     1    0.019844    0.250000    0.000000    0.000000 ^ clk (in)
                                                         clk (net)
                      0.251861    0.000930    0.000930 ^ clkbuf_0_clk/A (sky130_fd_sc_hd__clkbuf_16)
     4    0.039937    0.095005    0.331474    0.332404 ^ clkbuf_0_clk/X (sky130_fd_sc_hd__clkbuf_16)
                                                         clknet_0_clk (net)
                      0.095018    0.001123    0.333527 ^ clkbuf_2_0__f_clk/A (sky130_fd_sc_hd__clkbuf_16)
    12    0.032011    0.083276    0.249437    0.582964 ^ clkbuf_2_0__f_clk/X (sky130_fd_sc_hd__clkbuf_16)
                                                         clknet_2_0__leaf_clk (net)
                      0.083294    0.001229    0.584193 ^ _675_/CLK (sky130_fd_sc_hd__dfrtp_4)
    10    0.041560    0.239804    0.960769    1.544962 ^ _675_/Q (sky130_fd_sc_hd__dfrtp_4)
                                                         b_reg[2] (net)
                      0.239817    0.002024    1.546986 ^ _326_/B (sky130_fd_sc_hd__nand2_1)
     1    0.004916    0.107430    0.194300    1.741286 v _326_/Y (sky130_fd_sc_hd__nand2_1)
                                                         _294_ (net)
                      0.107430    0.000105    1.741391 v _330_/A (sky130_fd_sc_hd__xnor2_1)
     2    0.004522    0.096934    0.250619    1.992010 v _330_/Y (sky130_fd_sc_hd__xnor2_1)
                                                         _298_ (net)
                      0.096934    0.000086    1.992096 v _331_/B (sky130_fd_sc_hd__nand2_1)
     3    0.006924    0.119213    0.153912    2.146008 ^ _331_/Y (sky130_fd_sc_hd__nand2_1)
                                                         _299_ (net)
                      0.119213    0.000182    2.146190 ^ _345_/A (sky130_fd_sc_hd__nor2_1)
     3    0.008091    0.079784    0.134271    2.280461 v _345_/Y (sky130_fd_sc_hd__nor2_1)
                                                         _312_ (net)
                      0.079784    0.000193    2.280654 v _365_/A (sky130_fd_sc_hd__nor2_1)
     1    0.003414    0.144250    0.182504    2.463158 ^ _365_/Y (sky130_fd_sc_hd__nor2_1)
                                                         _042_ (net)
                      0.144250    0.000104    2.463262 ^ _366_/B (sky130_fd_sc_hd__nor2_1)
     1    0.002198    0.045151    0.093316    2.556578 v _366_/Y (sky130_fd_sc_hd__nor2_1)
                                                         product_reg[4] (net)
                      0.045151    0.000062    2.556640 v _685_/D (sky130_fd_sc_hd__dfrtp_1)
                                              2.556640   data arrival time

                                  0.000000    0.000000   clock clk (rise edge)
                                  0.000000    0.000000   clock source latency
     1    0.019844    0.250000    0.000000    0.000000 ^ clk (in)
                                                         clk (net)
                      0.251861    0.000930    0.000930 ^ clkbuf_0_clk/A (sky130_fd_sc_hd__clkbuf_16)
     4    0.039937    0.095005    0.331474    0.332404 ^ clkbuf_0_clk/X (sky130_fd_sc_hd__clkbuf_16)
                                                         clknet_0_clk (net)
                      0.095015    0.001011    0.333416 ^ clkbuf_2_1__f_clk/A (sky130_fd_sc_hd__clkbuf_16)
     8    0.033307    0.085028    0.251520    0.584936 ^ clkbuf_2_1__f_clk/X (sky130_fd_sc_hd__clkbuf_16)
                                                         clknet_2_1__leaf_clk (net)
                      0.085064    0.001599    0.586535 ^ _685_/CLK (sky130_fd_sc_hd__dfrtp_1)
                                  0.125000    0.711535   clock uncertainty
                                  0.000000    0.711535   clock reconvergence pessimism
                                 -0.084344    0.627190   library hold time
                                              0.627190   data required time
---------------------------------------------------------------------------------------------
                                              0.627190   data required time
                                             -2.556640   data arrival time
---------------------------------------------------------------------------------------------
                                              1.929450   slack (MET)


Startpoint: _672_ (rising edge-triggered flip-flop clocked by clk)
Endpoint: _663_ (rising edge-triggered flip-flop clocked by clk)
Path Group: clk
Path Type: min

Fanout         Cap        Slew       Delay        Time   Description
---------------------------------------------------------------------------------------------
                                  0.000000    0.000000   clock clk (rise edge)
                                  0.000000    0.000000   clock source latency
     1    0.019844    0.250000    0.000000    0.000000 ^ clk (in)
                                                         clk (net)
                      0.251861    0.000930    0.000930 ^ clkbuf_0_clk/A (sky130_fd_sc_hd__clkbuf_16)
     4    0.039937    0.095005    0.331474    0.332404 ^ clkbuf_0_clk/X (sky130_fd_sc_hd__clkbuf_16)
                                                         clknet_0_clk (net)
                      0.095018    0.001123    0.333527 ^ clkbuf_2_0__f_clk/A (sky130_fd_sc_hd__clkbuf_16)
    12    0.032011    0.083276    0.249437    0.582964 ^ clkbuf_2_0__f_clk/X (sky130_fd_sc_hd__clkbuf_16)
                                                         clknet_2_0__leaf_clk (net)
                      0.083335    0.001988    0.584952 ^ _672_/CLK (sky130_fd_sc_hd__dfrtp_1)
     2    0.013156    0.203655    0.755685    1.340636 ^ _672_/Q (sky130_fd_sc_hd__dfrtp_1)
                                                         a_reg[7] (net)
                      0.203655    0.000370    1.341007 ^ fanout46/A (sky130_fd_sc_hd__buf_1)
     5    0.015294    0.297090    0.369024    1.710031 ^ fanout46/X (sky130_fd_sc_hd__buf_1)
                                                         net46 (net)
                      0.297090    0.000306    1.710337 ^ _616_/A (sky130_fd_sc_hd__and3_1)
     1    0.007031    0.142113    0.415734    2.126071 ^ _616_/X (sky130_fd_sc_hd__and3_1)
                                                         _284_ (net)
                      0.142113    0.000273    2.126344 ^ _618_/A (sky130_fd_sc_hd__xnor2_1)
     2    0.009205    0.162818    0.296598    2.422941 ^ _618_/Y (sky130_fd_sc_hd__xnor2_1)
                                                         _286_ (net)
                      0.162818    0.000268    2.423210 ^ _622_/A (sky130_fd_sc_hd__xnor2_1)
     1    0.002348    0.069027    0.164210    2.587420 v _622_/Y (sky130_fd_sc_hd__xnor2_1)
                                                         product_reg[14] (net)
                      0.069027    0.000067    2.587487 v _663_/D (sky130_fd_sc_hd__dfrtp_1)
                                              2.587487   data arrival time

                                  0.000000    0.000000   clock clk (rise edge)
                                  0.000000    0.000000   clock source latency
     1    0.019844    0.250000    0.000000    0.000000 ^ clk (in)
                                                         clk (net)
                      0.251861    0.000930    0.000930 ^ clkbuf_0_clk/A (sky130_fd_sc_hd__clkbuf_16)
     4    0.039937    0.095005    0.331474    0.332404 ^ clkbuf_0_clk/X (sky130_fd_sc_hd__clkbuf_16)
                                                         clknet_0_clk (net)
                      0.095019    0.001153    0.333557 ^ clkbuf_2_2__f_clk/A (sky130_fd_sc_hd__clkbuf_16)
     7    0.037984    0.091663    0.258151    0.591709 ^ clkbuf_2_2__f_clk/X (sky130_fd_sc_hd__clkbuf_16)
                                                         clknet_2_2__leaf_clk (net)
                      0.091694    0.001597    0.593306 ^ _663_/CLK (sky130_fd_sc_hd__dfrtp_1)
                                  0.125000    0.718306   clock uncertainty
                                  0.000000    0.718306   clock reconvergence pessimism
                                 -0.091596    0.626710   library hold time
                                              0.626710   data required time
---------------------------------------------------------------------------------------------
                                              0.626710   data required time
                                             -2.587487   data arrival time
---------------------------------------------------------------------------------------------
                                              1.960777   slack (MET)


Startpoint: _668_ (rising edge-triggered flip-flop clocked by clk)
Endpoint: _661_ (rising edge-triggered flip-flop clocked by clk)
Path Group: clk
Path Type: min

Fanout         Cap        Slew       Delay        Time   Description
---------------------------------------------------------------------------------------------
                                  0.000000    0.000000   clock clk (rise edge)
                                  0.000000    0.000000   clock source latency
     1    0.019844    0.250000    0.000000    0.000000 ^ clk (in)
                                                         clk (net)
                      0.251861    0.000930    0.000930 ^ clkbuf_0_clk/A (sky130_fd_sc_hd__clkbuf_16)
     4    0.039937    0.095005    0.331474    0.332404 ^ clkbuf_0_clk/X (sky130_fd_sc_hd__clkbuf_16)
                                                         clknet_0_clk (net)
                      0.095018    0.001123    0.333527 ^ clkbuf_2_0__f_clk/A (sky130_fd_sc_hd__clkbuf_16)
    12    0.032011    0.083276    0.249437    0.582964 ^ clkbuf_2_0__f_clk/X (sky130_fd_sc_hd__clkbuf_16)
                                                         clknet_2_0__leaf_clk (net)
                      0.083301    0.001406    0.584370 ^ _668_/CLK (sky130_fd_sc_hd__dfrtp_1)
     2    0.009645    0.134921    0.805987    1.390358 v _668_/Q (sky130_fd_sc_hd__dfrtp_1)
                                                         a_reg[3] (net)
                      0.134921    0.000330    1.390688 v fanout52/A (sky130_fd_sc_hd__buf_1)
     5    0.015322    0.181021    0.295126    1.685813 v fanout52/X (sky130_fd_sc_hd__buf_1)
                                                         net52 (net)
                      0.181021    0.000180    1.685994 v _554_/A1 (sky130_fd_sc_hd__a31o_1)
     2    0.010062    0.122139    0.429600    2.115594 v _554_/X (sky130_fd_sc_hd__a31o_1)
                                                         _225_ (net)
                      0.122139    0.000403    2.115997 v _572_/A (sky130_fd_sc_hd__nand2_1)
     2    0.006075    0.108333    0.146487    2.262484 ^ _572_/Y (sky130_fd_sc_hd__nand2_1)
                                                         _243_ (net)
                      0.108333    0.000152    2.262636 ^ _594_/B (sky130_fd_sc_hd__nand3_1)
     1    0.002569    0.117311    0.168410    2.431046 v _594_/Y (sky130_fd_sc_hd__nand3_1)
                                                         _264_ (net)
                      0.117311    0.000072    2.431118 v _595_/B (sky130_fd_sc_hd__nand2_1)
     2    0.007318    0.122585    0.167526    2.598644 ^ _595_/Y (sky130_fd_sc_hd__nand2_1)
                                                         _265_ (net)
                      0.122585    0.000215    2.598859 ^ _601_/A (sky130_fd_sc_hd__xnor2_1)
     1    0.003038    0.076429    0.157525    2.756384 v _601_/Y (sky130_fd_sc_hd__xnor2_1)
                                                         product_reg[12] (net)
                      0.076431    0.000090    2.756474 v _661_/D (sky130_fd_sc_hd__dfrtp_1)
                                              2.756474   data arrival time

                                  0.000000    0.000000   clock clk (rise edge)
                                  0.000000    0.000000   clock source latency
     1    0.019844    0.250000    0.000000    0.000000 ^ clk (in)
                                                         clk (net)
                      0.251861    0.000930    0.000930 ^ clkbuf_0_clk/A (sky130_fd_sc_hd__clkbuf_16)
     4    0.039937    0.095005    0.331474    0.332404 ^ clkbuf_0_clk/X (sky130_fd_sc_hd__clkbuf_16)
                                                         clknet_0_clk (net)
                      0.095019    0.001153    0.333557 ^ clkbuf_2_2__f_clk/A (sky130_fd_sc_hd__clkbuf_16)
     7    0.037984    0.091663    0.258151    0.591709 ^ clkbuf_2_2__f_clk/X (sky130_fd_sc_hd__clkbuf_16)
                                                         clknet_2_2__leaf_clk (net)
                      0.091697    0.001655    0.593363 ^ _661_/CLK (sky130_fd_sc_hd__dfrtp_1)
                                  0.125000    0.718363   clock uncertainty
                                  0.000000    0.718363   clock reconvergence pessimism
                                 -0.094345    0.624019   library hold time
                                              0.624019   data required time
---------------------------------------------------------------------------------------------
                                              0.624019   data required time
                                             -2.756474   data arrival time
---------------------------------------------------------------------------------------------
                                              2.132455   slack (MET)


Startpoint: _669_ (rising edge-triggered flip-flop clocked by clk)
Endpoint: _662_ (rising edge-triggered flip-flop clocked by clk)
Path Group: clk
Path Type: min

Fanout         Cap        Slew       Delay        Time   Description
---------------------------------------------------------------------------------------------
                                  0.000000    0.000000   clock clk (rise edge)
                                  0.000000    0.000000   clock source latency
     1    0.019844    0.250000    0.000000    0.000000 ^ clk (in)
                                                         clk (net)
                      0.251861    0.000930    0.000930 ^ clkbuf_0_clk/A (sky130_fd_sc_hd__clkbuf_16)
     4    0.039937    0.095005    0.331474    0.332404 ^ clkbuf_0_clk/X (sky130_fd_sc_hd__clkbuf_16)
                                                         clknet_0_clk (net)
                      0.095018    0.001123    0.333527 ^ clkbuf_2_0__f_clk/A (sky130_fd_sc_hd__clkbuf_16)
    12    0.032011    0.083276    0.249437    0.582964 ^ clkbuf_2_0__f_clk/X (sky130_fd_sc_hd__clkbuf_16)
                                                         clknet_2_0__leaf_clk (net)
                      0.083320    0.001759    0.584723 ^ _669_/CLK (sky130_fd_sc_hd__dfrtp_1)
     3    0.011856    0.188926    0.741834    1.326557 ^ _669_/Q (sky130_fd_sc_hd__dfrtp_1)
                                                         a_reg[4] (net)
                      0.188926    0.000636    1.327193 ^ _563_/A (sky130_fd_sc_hd__and2_1)
     2    0.005255    0.112073    0.294717    1.621911 ^ _563_/X (sky130_fd_sc_hd__and2_1)
                                                         _234_ (net)
                      0.112073    0.000086    1.621996 ^ _565_/B (sky130_fd_sc_hd__and2_1)
     3    0.009967    0.178016    0.323365    1.945362 ^ _565_/X (sky130_fd_sc_hd__and2_1)
                                                         _236_ (net)
                      0.178016    0.000284    1.945645 ^ _589_/A2 (sky130_fd_sc_hd__o21a_1)
     3    0.008436    0.146835    0.305533    2.251178 ^ _589_/X (sky130_fd_sc_hd__o21a_1)
                                                         _259_ (net)
                      0.146835    0.000239    2.251418 ^ _610_/B (sky130_fd_sc_hd__nor3_1)
     3    0.010184    0.105959    0.162545    2.413962 v _610_/Y (sky130_fd_sc_hd__nor3_1)
                                                         _279_ (net)
                      0.105959    0.000260    2.414223 v _613_/B1 (sky130_fd_sc_hd__o22ai_1)
     1    0.002756    0.159645    0.214930    2.629153 ^ _613_/Y (sky130_fd_sc_hd__o22ai_1)
                                                         _282_ (net)
                      0.159645    0.000056    2.629209 ^ _615_/A (sky130_fd_sc_hd__nand2_1)
     1    0.002910    0.069383    0.132092    2.761301 v _615_/Y (sky130_fd_sc_hd__nand2_1)
                                                         product_reg[13] (net)
                      0.069383    0.000087    2.761389 v _662_/D (sky130_fd_sc_hd__dfrtp_1)
                                              2.761389   data arrival time

                                  0.000000    0.000000   clock clk (rise edge)
                                  0.000000    0.000000   clock source latency
     1    0.019844    0.250000    0.000000    0.000000 ^ clk (in)
                                                         clk (net)
                      0.251861    0.000930    0.000930 ^ clkbuf_0_clk/A (sky130_fd_sc_hd__clkbuf_16)
     4    0.039937    0.095005    0.331474    0.332404 ^ clkbuf_0_clk/X (sky130_fd_sc_hd__clkbuf_16)
                                                         clknet_0_clk (net)
                      0.095019    0.001153    0.333557 ^ clkbuf_2_2__f_clk/A (sky130_fd_sc_hd__clkbuf_16)
     7    0.037984    0.091663    0.258151    0.591709 ^ clkbuf_2_2__f_clk/X (sky130_fd_sc_hd__clkbuf_16)
                                                         clknet_2_2__leaf_clk (net)
                      0.091693    0.001588    0.593297 ^ _662_/CLK (sky130_fd_sc_hd__dfrtp_1)
                                  0.125000    0.718297   clock uncertainty
                                  0.000000    0.718297   clock reconvergence pessimism
                                 -0.091728    0.626569   library hold time
                                              0.626569   data required time
---------------------------------------------------------------------------------------------
                                              0.626569   data required time
                                             -2.761389   data arrival time
---------------------------------------------------------------------------------------------
                                              2.134820   slack (MET)


Startpoint: _667_ (rising edge-triggered flip-flop clocked by clk)
Endpoint: _659_ (rising edge-triggered flip-flop clocked by clk)
Path Group: clk
Path Type: min

Fanout         Cap        Slew       Delay        Time   Description
---------------------------------------------------------------------------------------------
                                  0.000000    0.000000   clock clk (rise edge)
                                  0.000000    0.000000   clock source latency
     1    0.019844    0.250000    0.000000    0.000000 ^ clk (in)
                                                         clk (net)
                      0.251861    0.000930    0.000930 ^ clkbuf_0_clk/A (sky130_fd_sc_hd__clkbuf_16)
     4    0.039937    0.095005    0.331474    0.332404 ^ clkbuf_0_clk/X (sky130_fd_sc_hd__clkbuf_16)
                                                         clknet_0_clk (net)
                      0.095018    0.001123    0.333527 ^ clkbuf_2_0__f_clk/A (sky130_fd_sc_hd__clkbuf_16)
    12    0.032011    0.083276    0.249437    0.582964 ^ clkbuf_2_0__f_clk/X (sky130_fd_sc_hd__clkbuf_16)
                                                         clknet_2_0__leaf_clk (net)
                      0.083292    0.001190    0.584154 ^ _667_/CLK (sky130_fd_sc_hd__dfrtp_1)
     2    0.010726    0.144861    0.815832    1.399987 v _667_/Q (sky130_fd_sc_hd__dfrtp_1)
                                                         a_reg[2] (net)
                      0.144862    0.000528    1.400514 v fanout54/A (sky130_fd_sc_hd__buf_1)
     5    0.014581    0.173007    0.293974    1.694488 v fanout54/X (sky130_fd_sc_hd__buf_1)
                                                         net54 (net)
                      0.173007    0.000400    1.694888 v _495_/A1 (sky130_fd_sc_hd__a31o_1)
     2    0.008871    0.112090    0.416351    2.111239 v _495_/X (sky130_fd_sc_hd__a31o_1)
                                                         _168_ (net)
                      0.112090    0.000286    2.111526 v _516_/A (sky130_fd_sc_hd__nand2_1)
     2    0.004964    0.092670    0.130612    2.242138 ^ _516_/Y (sky130_fd_sc_hd__nand2_1)
                                                         _189_ (net)
                      0.092670    0.000117    2.242254 ^ _548_/A2 (sky130_fd_sc_hd__a21oi_1)
     3    0.008924    0.096981    0.209364    2.451618 v _548_/Y (sky130_fd_sc_hd__a21oi_1)
                                                         _220_ (net)
                      0.096981    0.000289    2.451908 v _549_/B (sky130_fd_sc_hd__nor2_1)
     1    0.004884    0.184241    0.195023    2.646931 ^ _549_/Y (sky130_fd_sc_hd__nor2_1)
                                                         _221_ (net)
                      0.184241    0.000143    2.647074 ^ _553_/A (sky130_fd_sc_hd__xnor2_1)
     1    0.002740    0.074277    0.177467    2.824541 v _553_/Y (sky130_fd_sc_hd__xnor2_1)
                                                         product_reg[10] (net)
                      0.074277    0.000080    2.824621 v _659_/D (sky130_fd_sc_hd__dfrtp_1)
                                              2.824621   data arrival time

                                  0.000000    0.000000   clock clk (rise edge)
                                  0.000000    0.000000   clock source latency
     1    0.019844    0.250000    0.000000    0.000000 ^ clk (in)
                                                         clk (net)
                      0.251861    0.000930    0.000930 ^ clkbuf_0_clk/A (sky130_fd_sc_hd__clkbuf_16)
     4    0.039937    0.095005    0.331474    0.332404 ^ clkbuf_0_clk/X (sky130_fd_sc_hd__clkbuf_16)
                                                         clknet_0_clk (net)
                      0.095017    0.001081    0.333486 ^ clkbuf_2_3__f_clk/A (sky130_fd_sc_hd__clkbuf_16)
     8    0.033671    0.085567    0.252280    0.585766 ^ clkbuf_2_3__f_clk/X (sky130_fd_sc_hd__clkbuf_16)
                                                         clknet_2_3__leaf_clk (net)
                      0.085572    0.000720    0.586486 ^ _659_/CLK (sky130_fd_sc_hd__dfrtp_1)
                                  0.125000    0.711486   clock uncertainty
                                  0.000000    0.711486   clock reconvergence pessimism
                                 -0.095034    0.616452   library hold time
                                              0.616452   data required time
---------------------------------------------------------------------------------------------
                                              0.616452   data required time
                                             -2.824621   data arrival time
---------------------------------------------------------------------------------------------
                                              2.208169   slack (MET)


Startpoint: _665_ (rising edge-triggered flip-flop clocked by clk)
Endpoint: _689_ (rising edge-triggered flip-flop clocked by clk)
Path Group: clk
Path Type: min

Fanout         Cap        Slew       Delay        Time   Description
---------------------------------------------------------------------------------------------
                                  0.000000    0.000000   clock clk (rise edge)
                                  0.000000    0.000000   clock source latency
     1    0.019844    0.250000    0.000000    0.000000 ^ clk (in)
                                                         clk (net)
                      0.251861    0.000930    0.000930 ^ clkbuf_0_clk/A (sky130_fd_sc_hd__clkbuf_16)
     4    0.039937    0.095005    0.331474    0.332404 ^ clkbuf_0_clk/X (sky130_fd_sc_hd__clkbuf_16)
                                                         clknet_0_clk (net)
                      0.095015    0.001011    0.333416 ^ clkbuf_2_1__f_clk/A (sky130_fd_sc_hd__clkbuf_16)
     8    0.033307    0.085028    0.251520    0.584936 ^ clkbuf_2_1__f_clk/X (sky130_fd_sc_hd__clkbuf_16)
                                                         clknet_2_1__leaf_clk (net)
                      0.085040    0.001029    0.585964 ^ _665_/CLK (sky130_fd_sc_hd__dfrtp_1)
     4    0.018731    0.273724    0.809398    1.395362 ^ _665_/Q (sky130_fd_sc_hd__dfrtp_1)
                                                         a_reg[0] (net)
                      0.273725    0.001176    1.396538 ^ _427_/A (sky130_fd_sc_hd__and3_1)
     2    0.005475    0.121438    0.388962    1.785500 ^ _427_/X (sky130_fd_sc_hd__and3_1)
                                                         _102_ (net)
                      0.121438    0.000081    1.785581 ^ _460_/B1 (sky130_fd_sc_hd__a31o_1)
     2    0.009097    0.157326    0.253971    2.039552 ^ _460_/X (sky130_fd_sc_hd__a31o_1)
                                                         _134_ (net)
                      0.157326    0.000304    2.039857 ^ _487_/A (sky130_fd_sc_hd__xor2_1)
     3    0.008724    0.110613    0.225112    2.264969 v _487_/X (sky130_fd_sc_hd__xor2_1)
                                                         _161_ (net)
                      0.110613    0.000230    2.265199 v _491_/A (sky130_fd_sc_hd__xnor2_1)
     2    0.010033    0.179306    0.316303    2.581502 v _491_/Y (sky130_fd_sc_hd__xnor2_1)
                                                         _165_ (net)
                      0.179306    0.000232    2.581734 v _493_/A (sky130_fd_sc_hd__xnor2_1)
     1    0.002988    0.077769    0.267696    2.849431 v _493_/Y (sky130_fd_sc_hd__xnor2_1)
                                                         product_reg[8] (net)
                      0.077769    0.000066    2.849497 v _689_/D (sky130_fd_sc_hd__dfrtp_1)
                                              2.849497   data arrival time

                                  0.000000    0.000000   clock clk (rise edge)
                                  0.000000    0.000000   clock source latency
     1    0.019844    0.250000    0.000000    0.000000 ^ clk (in)
                                                         clk (net)
                      0.251861    0.000930    0.000930 ^ clkbuf_0_clk/A (sky130_fd_sc_hd__clkbuf_16)
     4    0.039937    0.095005    0.331474    0.332404 ^ clkbuf_0_clk/X (sky130_fd_sc_hd__clkbuf_16)
                                                         clknet_0_clk (net)
                      0.095017    0.001081    0.333486 ^ clkbuf_2_3__f_clk/A (sky130_fd_sc_hd__clkbuf_16)
     8    0.033671    0.085567    0.252280    0.585766 ^ clkbuf_2_3__f_clk/X (sky130_fd_sc_hd__clkbuf_16)
                                                         clknet_2_3__leaf_clk (net)
                      0.085571    0.000674    0.586440 ^ _689_/CLK (sky130_fd_sc_hd__dfrtp_1)
                                  0.125000    0.711440   clock uncertainty
                                  0.000000    0.711440   clock reconvergence pessimism
                                 -0.096331    0.615110   library hold time
                                              0.615110   data required time
---------------------------------------------------------------------------------------------
                                              0.615110   data required time
                                             -2.849497   data arrival time
---------------------------------------------------------------------------------------------
                                              2.234387   slack (MET)


Startpoint: _675_ (rising edge-triggered flip-flop clocked by clk)
Endpoint: _686_ (rising edge-triggered flip-flop clocked by clk)
Path Group: clk
Path Type: min

Fanout         Cap        Slew       Delay        Time   Description
---------------------------------------------------------------------------------------------
                                  0.000000    0.000000   clock clk (rise edge)
                                  0.000000    0.000000   clock source latency
     1    0.019844    0.250000    0.000000    0.000000 ^ clk (in)
                                                         clk (net)
                      0.251861    0.000930    0.000930 ^ clkbuf_0_clk/A (sky130_fd_sc_hd__clkbuf_16)
     4    0.039937    0.095005    0.331474    0.332404 ^ clkbuf_0_clk/X (sky130_fd_sc_hd__clkbuf_16)
                                                         clknet_0_clk (net)
                      0.095018    0.001123    0.333527 ^ clkbuf_2_0__f_clk/A (sky130_fd_sc_hd__clkbuf_16)
    12    0.032011    0.083276    0.249437    0.582964 ^ clkbuf_2_0__f_clk/X (sky130_fd_sc_hd__clkbuf_16)
                                                         clknet_2_0__leaf_clk (net)
                      0.083294    0.001229    0.584193 ^ _675_/CLK (sky130_fd_sc_hd__dfrtp_4)
    10    0.041560    0.239804    0.960769    1.544962 ^ _675_/Q (sky130_fd_sc_hd__dfrtp_4)
                                                         b_reg[2] (net)
                      0.239817    0.002024    1.546986 ^ _326_/B (sky130_fd_sc_hd__nand2_1)
     1    0.004916    0.107430    0.194300    1.741286 v _326_/Y (sky130_fd_sc_hd__nand2_1)
                                                         _294_ (net)
                      0.107430    0.000105    1.741391 v _330_/A (sky130_fd_sc_hd__xnor2_1)
     2    0.004522    0.096934    0.250619    1.992010 v _330_/Y (sky130_fd_sc_hd__xnor2_1)
                                                         _298_ (net)
                      0.096934    0.000086    1.992096 v _331_/B (sky130_fd_sc_hd__nand2_1)
     3    0.006924    0.119213    0.153912    2.146008 ^ _331_/Y (sky130_fd_sc_hd__nand2_1)
                                                         _299_ (net)
                      0.119213    0.000182    2.146190 ^ _345_/A (sky130_fd_sc_hd__nor2_1)
     3    0.008091    0.079784    0.134271    2.280461 v _345_/Y (sky130_fd_sc_hd__nor2_1)
                                                         _312_ (net)
                      0.079784    0.000170    2.280631 v _364_/A (sky130_fd_sc_hd__and2_1)
     4    0.011795    0.137937    0.352542    2.633173 v _364_/X (sky130_fd_sc_hd__and2_1)
                                                         _041_ (net)
                      0.137937    0.000315    2.633488 v _625_/B1 (sky130_fd_sc_hd__a21oi_1)
     1    0.003326    0.160998    0.222318    2.855806 ^ _625_/Y (sky130_fd_sc_hd__a21oi_1)
                                                         _291_ (net)
                      0.160998    0.000096    2.855902 ^ _626_/B (sky130_fd_sc_hd__nor2_1)
     1    0.002250    0.048437    0.099838    2.955740 v _626_/Y (sky130_fd_sc_hd__nor2_1)
                                                         product_reg[5] (net)
                      0.048437    0.000064    2.955804 v _686_/D (sky130_fd_sc_hd__dfrtp_1)
                                              2.955804   data arrival time

                                  0.000000    0.000000   clock clk (rise edge)
                                  0.000000    0.000000   clock source latency
     1    0.019844    0.250000    0.000000    0.000000 ^ clk (in)
                                                         clk (net)
                      0.251861    0.000930    0.000930 ^ clkbuf_0_clk/A (sky130_fd_sc_hd__clkbuf_16)
     4    0.039937    0.095005    0.331474    0.332404 ^ clkbuf_0_clk/X (sky130_fd_sc_hd__clkbuf_16)
                                                         clknet_0_clk (net)
                      0.095017    0.001081    0.333486 ^ clkbuf_2_3__f_clk/A (sky130_fd_sc_hd__clkbuf_16)
     8    0.033671    0.085567    0.252280    0.585766 ^ clkbuf_2_3__f_clk/X (sky130_fd_sc_hd__clkbuf_16)
                                                         clknet_2_3__leaf_clk (net)
                      0.085571    0.000698    0.586464 ^ _686_/CLK (sky130_fd_sc_hd__dfrtp_1)
                                  0.125000    0.711464   clock uncertainty
                                  0.000000    0.711464   clock reconvergence pessimism
                                 -0.085441    0.626023   library hold time
                                              0.626023   data required time
---------------------------------------------------------------------------------------------
                                              0.626023   data required time
                                             -2.955804   data arrival time
---------------------------------------------------------------------------------------------
                                              2.329781   slack (MET)


Startpoint: _679_ (rising edge-triggered flip-flop clocked by clk)
Endpoint: _688_ (rising edge-triggered flip-flop clocked by clk)
Path Group: clk
Path Type: min

Fanout         Cap        Slew       Delay        Time   Description
---------------------------------------------------------------------------------------------
                                  0.000000    0.000000   clock clk (rise edge)
                                  0.000000    0.000000   clock source latency
     1    0.019844    0.250000    0.000000    0.000000 ^ clk (in)
                                                         clk (net)
                      0.251861    0.000930    0.000930 ^ clkbuf_0_clk/A (sky130_fd_sc_hd__clkbuf_16)
     4    0.039937    0.095005    0.331474    0.332404 ^ clkbuf_0_clk/X (sky130_fd_sc_hd__clkbuf_16)
                                                         clknet_0_clk (net)
                      0.095019    0.001153    0.333557 ^ clkbuf_2_2__f_clk/A (sky130_fd_sc_hd__clkbuf_16)
     7    0.037984    0.091663    0.258151    0.591709 ^ clkbuf_2_2__f_clk/X (sky130_fd_sc_hd__clkbuf_16)
                                                         clknet_2_2__leaf_clk (net)
                      0.091684    0.001373    0.593082 ^ _679_/CLK (sky130_fd_sc_hd__dfrtp_1)
     2    0.010957    0.147020    0.821814    1.414896 v _679_/Q (sky130_fd_sc_hd__dfrtp_1)
                                                         b_reg[6] (net)
                      0.147020    0.000517    1.415413 v fanout36/A (sky130_fd_sc_hd__dlymetal6s2s_1)
     6    0.019208    0.203523    0.433619    1.849032 v fanout36/X (sky130_fd_sc_hd__dlymetal6s2s_1)
                                                         net36 (net)
                      0.203523    0.000498    1.849531 v _389_/C1 (sky130_fd_sc_hd__o211a_1)
     4    0.013068    0.146050    0.346161    2.195692 v _389_/X (sky130_fd_sc_hd__o211a_1)
                                                         _065_ (net)
                      0.146050    0.000420    2.196112 v _452_/A (sky130_fd_sc_hd__nand3_1)
     3    0.008831    0.165346    0.202372    2.398484 ^ _452_/Y (sky130_fd_sc_hd__nand3_1)
                                                         _127_ (net)
                      0.165346    0.000174    2.398658 ^ _454_/A1 (sky130_fd_sc_hd__a21oi_1)
     1    0.003449    0.085858    0.166342    2.565000 v _454_/Y (sky130_fd_sc_hd__a21oi_1)
                                                         _129_ (net)
                      0.085858    0.000107    2.565107 v _457_/A (sky130_fd_sc_hd__nor2_1)
     1    0.005029    0.187963    0.219036    2.784142 ^ _457_/Y (sky130_fd_sc_hd__nor2_1)
                                                         _132_ (net)
                      0.187963    0.000147    2.784289 ^ _459_/A (sky130_fd_sc_hd__xor2_1)
     1    0.002528    0.065535    0.168627    2.952916 v _459_/X (sky130_fd_sc_hd__xor2_1)
                                                         product_reg[7] (net)
                      0.065535    0.000072    2.952988 v _688_/D (sky130_fd_sc_hd__dfrtp_1)
                                              2.952988   data arrival time

                                  0.000000    0.000000   clock clk (rise edge)
                                  0.000000    0.000000   clock source latency
     1    0.019844    0.250000    0.000000    0.000000 ^ clk (in)
                                                         clk (net)
                      0.251861    0.000930    0.000930 ^ clkbuf_0_clk/A (sky130_fd_sc_hd__clkbuf_16)
     4    0.039937    0.095005    0.331474    0.332404 ^ clkbuf_0_clk/X (sky130_fd_sc_hd__clkbuf_16)
                                                         clknet_0_clk (net)
                      0.095017    0.001081    0.333486 ^ clkbuf_2_3__f_clk/A (sky130_fd_sc_hd__clkbuf_16)
     8    0.033671    0.085567    0.252280    0.585766 ^ clkbuf_2_3__f_clk/X (sky130_fd_sc_hd__clkbuf_16)
                                                         clknet_2_3__leaf_clk (net)
                      0.085570    0.000639    0.586405 ^ _688_/CLK (sky130_fd_sc_hd__dfrtp_1)
                                  0.125000    0.711405   clock uncertainty
                                  0.000000    0.711405   clock reconvergence pessimism
                                 -0.091789    0.619616   library hold time
                                              0.619616   data required time
---------------------------------------------------------------------------------------------
                                              0.619616   data required time
                                             -2.952988   data arrival time
---------------------------------------------------------------------------------------------
                                              2.333372   slack (MET)


Startpoint: _668_ (rising edge-triggered flip-flop clocked by clk)
Endpoint: _660_ (rising edge-triggered flip-flop clocked by clk)
Path Group: clk
Path Type: min

Fanout         Cap        Slew       Delay        Time   Description
---------------------------------------------------------------------------------------------
                                  0.000000    0.000000   clock clk (rise edge)
                                  0.000000    0.000000   clock source latency
     1    0.019844    0.250000    0.000000    0.000000 ^ clk (in)
                                                         clk (net)
                      0.251861    0.000930    0.000930 ^ clkbuf_0_clk/A (sky130_fd_sc_hd__clkbuf_16)
     4    0.039937    0.095005    0.331474    0.332404 ^ clkbuf_0_clk/X (sky130_fd_sc_hd__clkbuf_16)
                                                         clknet_0_clk (net)
                      0.095018    0.001123    0.333527 ^ clkbuf_2_0__f_clk/A (sky130_fd_sc_hd__clkbuf_16)
    12    0.032011    0.083276    0.249437    0.582964 ^ clkbuf_2_0__f_clk/X (sky130_fd_sc_hd__clkbuf_16)
                                                         clknet_2_0__leaf_clk (net)
                      0.083301    0.001406    0.584370 ^ _668_/CLK (sky130_fd_sc_hd__dfrtp_1)
     2    0.009645    0.134921    0.805987    1.390358 v _668_/Q (sky130_fd_sc_hd__dfrtp_1)
                                                         a_reg[3] (net)
                      0.134921    0.000330    1.390688 v fanout52/A (sky130_fd_sc_hd__buf_1)
     5    0.015322    0.181021    0.295126    1.685813 v fanout52/X (sky130_fd_sc_hd__buf_1)
                                                         net52 (net)
                      0.181021    0.000393    1.686206 v _524_/A1 (sky130_fd_sc_hd__a31o_1)
     2    0.008892    0.112259    0.420073    2.106279 v _524_/X (sky130_fd_sc_hd__a31o_1)
                                                         _196_ (net)
                      0.112259    0.000292    2.106571 v _545_/A (sky130_fd_sc_hd__nand2_1)
     2    0.005758    0.103207    0.138686    2.245257 ^ _545_/Y (sky130_fd_sc_hd__nand2_1)
                                                         _217_ (net)
                      0.103207    0.000142    2.245399 ^ _575_/B (sky130_fd_sc_hd__nand3_1)
     4    0.012430    0.331241    0.335444    2.580843 v _575_/Y (sky130_fd_sc_hd__nand3_1)
                                                         _246_ (net)
                      0.331242    0.000351    2.581194 v _576_/B (sky130_fd_sc_hd__nand2b_1)
     1    0.004886    0.105047    0.243877    2.825071 ^ _576_/Y (sky130_fd_sc_hd__nand2b_1)
                                                         _247_ (net)
                      0.105047    0.000142    2.825213 ^ _578_/A (sky130_fd_sc_hd__xor2_1)
     1    0.002366    0.064258    0.135505    2.960719 v _578_/X (sky130_fd_sc_hd__xor2_1)
                                                         product_reg[11] (net)
                      0.064258    0.000068    2.960787 v _660_/D (sky130_fd_sc_hd__dfrtp_1)
                                              2.960787   data arrival time

                                  0.000000    0.000000   clock clk (rise edge)
                                  0.000000    0.000000   clock source latency
     1    0.019844    0.250000    0.000000    0.000000 ^ clk (in)
                                                         clk (net)
                      0.251861    0.000930    0.000930 ^ clkbuf_0_clk/A (sky130_fd_sc_hd__clkbuf_16)
     4    0.039937    0.095005    0.331474    0.332404 ^ clkbuf_0_clk/X (sky130_fd_sc_hd__clkbuf_16)
                                                         clknet_0_clk (net)
                      0.095017    0.001081    0.333486 ^ clkbuf_2_3__f_clk/A (sky130_fd_sc_hd__clkbuf_16)
     8    0.033671    0.085567    0.252280    0.585766 ^ clkbuf_2_3__f_clk/X (sky130_fd_sc_hd__clkbuf_16)
                                                         clknet_2_3__leaf_clk (net)
                      0.085572    0.000729    0.586495 ^ _660_/CLK (sky130_fd_sc_hd__dfrtp_1)
                                  0.125000    0.711495   clock uncertainty
                                  0.000000    0.711495   clock reconvergence pessimism
                                 -0.091314    0.620181   library hold time
                                              0.620181   data required time
---------------------------------------------------------------------------------------------
                                              0.620181   data required time
                                             -2.960787   data arrival time
---------------------------------------------------------------------------------------------
                                              2.340605   slack (MET)


Startpoint: _665_ (rising edge-triggered flip-flop clocked by clk)
Endpoint: _658_ (rising edge-triggered flip-flop clocked by clk)
Path Group: clk
Path Type: min

Fanout         Cap        Slew       Delay        Time   Description
---------------------------------------------------------------------------------------------
                                  0.000000    0.000000   clock clk (rise edge)
                                  0.000000    0.000000   clock source latency
     1    0.019844    0.250000    0.000000    0.000000 ^ clk (in)
                                                         clk (net)
                      0.251861    0.000930    0.000930 ^ clkbuf_0_clk/A (sky130_fd_sc_hd__clkbuf_16)
     4    0.039937    0.095005    0.331474    0.332404 ^ clkbuf_0_clk/X (sky130_fd_sc_hd__clkbuf_16)
                                                         clknet_0_clk (net)
                      0.095015    0.001011    0.333416 ^ clkbuf_2_1__f_clk/A (sky130_fd_sc_hd__clkbuf_16)
     8    0.033307    0.085028    0.251520    0.584936 ^ clkbuf_2_1__f_clk/X (sky130_fd_sc_hd__clkbuf_16)
                                                         clknet_2_1__leaf_clk (net)
                      0.085040    0.001029    0.585964 ^ _665_/CLK (sky130_fd_sc_hd__dfrtp_1)
     4    0.018731    0.273724    0.809398    1.395362 ^ _665_/Q (sky130_fd_sc_hd__dfrtp_1)
                                                         a_reg[0] (net)
                      0.273725    0.001176    1.396538 ^ _427_/A (sky130_fd_sc_hd__and3_1)
     2    0.005475    0.121438    0.388962    1.785500 ^ _427_/X (sky130_fd_sc_hd__and3_1)
                                                         _102_ (net)
                      0.121438    0.000081    1.785581 ^ _460_/B1 (sky130_fd_sc_hd__a31o_1)
     2    0.009097    0.157326    0.253971    2.039552 ^ _460_/X (sky130_fd_sc_hd__a31o_1)
                                                         _134_ (net)
                      0.157326    0.000270    2.039822 ^ _494_/A1 (sky130_fd_sc_hd__a21o_1)
     2    0.003559    0.066720    0.244248    2.284071 ^ _494_/X (sky130_fd_sc_hd__a21o_1)
                                                         _167_ (net)
                      0.066720    0.000086    2.284157 ^ _520_/A (sky130_fd_sc_hd__and2_1)
     4    0.012866    0.218302    0.326700    2.610857 ^ _520_/X (sky130_fd_sc_hd__and2_1)
                                                         _193_ (net)
                      0.218302    0.000333    2.611191 ^ _521_/B (sky130_fd_sc_hd__nor2_1)
     1    0.004581    0.057555    0.143368    2.754559 v _521_/Y (sky130_fd_sc_hd__nor2_1)
                                                         _194_ (net)
                      0.057555    0.000095    2.754653 v _523_/A (sky130_fd_sc_hd__xor2_1)
     1    0.004295    0.201245    0.266296    3.020949 ^ _523_/X (sky130_fd_sc_hd__xor2_1)
                                                         product_reg[9] (net)
                      0.201245    0.000143    3.021093 ^ _658_/D (sky130_fd_sc_hd__dfrtp_1)
                                              3.021093   data arrival time

                                  0.000000    0.000000   clock clk (rise edge)
                                  0.000000    0.000000   clock source latency
     1    0.019844    0.250000    0.000000    0.000000 ^ clk (in)
                                                         clk (net)
                      0.251861    0.000930    0.000930 ^ clkbuf_0_clk/A (sky130_fd_sc_hd__clkbuf_16)
     4    0.039937    0.095005    0.331474    0.332404 ^ clkbuf_0_clk/X (sky130_fd_sc_hd__clkbuf_16)
                                                         clknet_0_clk (net)
                      0.095017    0.001081    0.333486 ^ clkbuf_2_3__f_clk/A (sky130_fd_sc_hd__clkbuf_16)
     8    0.033671    0.085567    0.252280    0.585766 ^ clkbuf_2_3__f_clk/X (sky130_fd_sc_hd__clkbuf_16)
                                                         clknet_2_3__leaf_clk (net)
                      0.085571    0.000696    0.586462 ^ _658_/CLK (sky130_fd_sc_hd__dfrtp_1)
                                  0.125000    0.711462   clock uncertainty
                                  0.000000    0.711462   clock reconvergence pessimism
                                 -0.104335    0.607128   library hold time
                                              0.607128   data required time
---------------------------------------------------------------------------------------------
                                              0.607128   data required time
                                             -3.021093   data arrival time
---------------------------------------------------------------------------------------------
                                              2.413965   slack (MET)


Startpoint: _665_ (rising edge-triggered flip-flop clocked by clk)
Endpoint: _687_ (rising edge-triggered flip-flop clocked by clk)
Path Group: clk
Path Type: min

Fanout         Cap        Slew       Delay        Time   Description
---------------------------------------------------------------------------------------------
                                  0.000000    0.000000   clock clk (rise edge)
                                  0.000000    0.000000   clock source latency
     1    0.019844    0.250000    0.000000    0.000000 ^ clk (in)
                                                         clk (net)
                      0.251861    0.000930    0.000930 ^ clkbuf_0_clk/A (sky130_fd_sc_hd__clkbuf_16)
     4    0.039937    0.095005    0.331474    0.332404 ^ clkbuf_0_clk/X (sky130_fd_sc_hd__clkbuf_16)
                                                         clknet_0_clk (net)
                      0.095015    0.001011    0.333416 ^ clkbuf_2_1__f_clk/A (sky130_fd_sc_hd__clkbuf_16)
     8    0.033307    0.085028    0.251520    0.584936 ^ clkbuf_2_1__f_clk/X (sky130_fd_sc_hd__clkbuf_16)
                                                         clknet_2_1__leaf_clk (net)
                      0.085040    0.001029    0.585964 ^ _665_/CLK (sky130_fd_sc_hd__dfrtp_1)
     4    0.018731    0.273724    0.809398    1.395362 ^ _665_/Q (sky130_fd_sc_hd__dfrtp_1)
                                                         a_reg[0] (net)
                      0.273726    0.001241    1.396603 ^ _390_/A1 (sky130_fd_sc_hd__a211oi_1)
     1    0.002316    0.063649    0.207272    1.603875 v _390_/Y (sky130_fd_sc_hd__a211oi_1)
                                                         _066_ (net)
                      0.063649    0.000044    1.603919 v _391_/B (sky130_fd_sc_hd__nor2_1)
     2    0.008547    0.284270    0.258342    1.862261 ^ _391_/Y (sky130_fd_sc_hd__nor2_1)
                                                         _067_ (net)
                      0.284270    0.000244    1.862505 ^ _412_/B1 (sky130_fd_sc_hd__a21o_1)
     2    0.005575    0.093465    0.245917    2.108422 ^ _412_/X (sky130_fd_sc_hd__a21o_1)
                                                         _088_ (net)
                      0.093465    0.000140    2.108562 ^ _414_/A2 (sky130_fd_sc_hd__a211oi_1)
     3    0.008763    0.114417    0.219459    2.328021 v _414_/Y (sky130_fd_sc_hd__a211oi_1)
                                                         _090_ (net)
                      0.114417    0.000174    2.328195 v _418_/B (sky130_fd_sc_hd__nor3_1)
     2    0.004930    0.352044    0.378058    2.706253 ^ _418_/Y (sky130_fd_sc_hd__nor3_1)
                                                         _094_ (net)
                      0.352044    0.000104    2.706357 ^ _420_/A (sky130_fd_sc_hd__or2_1)
     1    0.005225    0.097156    0.300283    3.006641 ^ _420_/X (sky130_fd_sc_hd__or2_1)
                                                         _096_ (net)
                      0.097156    0.000115    3.006755 ^ _423_/A (sky130_fd_sc_hd__xnor2_1)
     1    0.002547    0.071493    0.141563    3.148318 v _423_/Y (sky130_fd_sc_hd__xnor2_1)
                                                         product_reg[6] (net)
                      0.071493    0.000075    3.148392 v _687_/D (sky130_fd_sc_hd__dfrtp_1)
                                              3.148392   data arrival time

                                  0.000000    0.000000   clock clk (rise edge)
                                  0.000000    0.000000   clock source latency
     1    0.019844    0.250000    0.000000    0.000000 ^ clk (in)
                                                         clk (net)
                      0.251861    0.000930    0.000930 ^ clkbuf_0_clk/A (sky130_fd_sc_hd__clkbuf_16)
     4    0.039937    0.095005    0.331474    0.332404 ^ clkbuf_0_clk/X (sky130_fd_sc_hd__clkbuf_16)
                                                         clknet_0_clk (net)
                      0.095017    0.001081    0.333486 ^ clkbuf_2_3__f_clk/A (sky130_fd_sc_hd__clkbuf_16)
     8    0.033671    0.085567    0.252280    0.585766 ^ clkbuf_2_3__f_clk/X (sky130_fd_sc_hd__clkbuf_16)
                                                         clknet_2_3__leaf_clk (net)
                      0.085571    0.000658    0.586424 ^ _687_/CLK (sky130_fd_sc_hd__dfrtp_1)
                                  0.125000    0.711424   clock uncertainty
                                  0.000000    0.711424   clock reconvergence pessimism
                                 -0.094001    0.617423   library hold time
                                              0.617423   data required time
---------------------------------------------------------------------------------------------
                                              0.617423   data required time
                                             -3.148392   data arrival time
---------------------------------------------------------------------------------------------
                                              2.530969   slack (MET)



