
===========================================================================
report_checks -unconstrained
===========================================================================
======================= nom_tt_025C_1v80 Corner ===================================

Startpoint: _48_ (rising edge-triggered flip-flop clocked by clk)
Endpoint: _32_ (rising edge-triggered flip-flop clocked by clk)
Path Group: clk
Path Type: max

Fanout         Cap        Slew       Delay        Time   Description
---------------------------------------------------------------------------------------------
                                  0.000000    0.000000   clock clk (rise edge)
                                  0.000000    0.000000   clock source latency
     2    0.035802    0.000000    0.000000    0.000000 ^ clk (in)
                                                         clk (net)
                      0.002206    0.001103    0.001103 ^ clkbuf_0_clk/A (sky130_fd_sc_hd__clkbuf_16)
     4    0.041171    0.060719    0.127393    0.128496 ^ clkbuf_0_clk/X (sky130_fd_sc_hd__clkbuf_16)
                                                         clknet_0_clk (net)
                      0.060752    0.001240    0.129736 ^ clkbuf_2_0__f_clk/A (sky130_fd_sc_hd__clkbuf_16)
    12    0.044080    0.063383    0.150344    0.280080 ^ clkbuf_2_0__f_clk/X (sky130_fd_sc_hd__clkbuf_16)
                                                         clknet_2_0__leaf_clk (net)
                      0.063406    0.001123    0.281202 ^ _48_/CLK (sky130_fd_sc_hd__dfrtp_4)
     8    0.037354    0.102885    0.534381    0.815583 v _48_/Q (sky130_fd_sc_hd__dfrtp_4)
                                                         b_r1[0] (net)
                      0.102906    0.001480    0.817064 v _00_/B (sky130_fd_sc_hd__and2_1)
     1    0.002215    0.032573    0.173006    0.990069 v _00_/X (sky130_fd_sc_hd__and2_1)
                                                         PPs_w[6][6] (net)
                      0.032573    0.000043    0.990113 v _32_/D (sky130_fd_sc_hd__dfrtp_1)
                                              0.990113   data arrival time

                                  2.000000    2.000000   clock clk (rise edge)
                                  0.000000    2.000000   clock source latency
     2    0.035802    0.000000    0.000000    2.000000 ^ clk (in)
                                                         clk (net)
                      0.002206    0.001103    2.001103 ^ clkbuf_0_clk/A (sky130_fd_sc_hd__clkbuf_16)
     4    0.041171    0.060719    0.127393    2.128496 ^ clkbuf_0_clk/X (sky130_fd_sc_hd__clkbuf_16)
                                                         clknet_0_clk (net)
                      0.060762    0.001391    2.129887 ^ clkbuf_2_2__f_clk/A (sky130_fd_sc_hd__clkbuf_16)
    10    0.042618    0.062072    0.149321    2.279207 ^ clkbuf_2_2__f_clk/X (sky130_fd_sc_hd__clkbuf_16)
                                                         clknet_2_2__leaf_clk (net)
                      0.062088    0.000960    2.280167 ^ _32_/CLK (sky130_fd_sc_hd__dfrtp_1)
                                 -0.020000    2.260167   clock uncertainty
                                  0.000000    2.260167   clock reconvergence pessimism
                                 -0.104947    2.155221   library setup time
                                              2.155221   data required time
---------------------------------------------------------------------------------------------
                                              2.155221   data required time
                                             -0.990113   data arrival time
---------------------------------------------------------------------------------------------
                                              1.165108   slack (MET)




===========================================================================
report_checks --slack_max -0.01
============================================================================
======================= nom_tt_025C_1v80 Corner ===================================

No paths found.


===========================================================================
 report_check_types -max_slew -max_cap -max_fanout -violators
============================================================================
======================= nom_tt_025C_1v80 Corner ===================================



===========================================================================
report_parasitic_annotation -report_unannotated
============================================================================
Found 18 unannotated drivers.
 b[1]
 b[2]
 b[3]
 b[4]
 b[5]
 b[6]
 b[7]
 clkload0/Y
 clkload1/Y
 clkload2/Y
 mult_19/HI
 mult_20/HI
 mult_21/HI
 mult_22/HI
 mult_23/HI
 mult_24/HI
 mult_25/HI
 mult_26/HI
Found 0 partially unannotated drivers.

===========================================================================
max slew violation count 0
max fanout violation count 0
max cap violation count 0
============================================================================

===========================================================================
check_setup -verbose -unconstrained_endpoints -multiple_clock -no_clock -no_input_delay -loops -generated_clocks
===========================================================================
Warning: There is 1 input port missing set_input_delay.
  rst
Warning: There are 16 unconstrained endpoints.
  product_out[0]
  product_out[10]
  product_out[11]
  product_out[12]
  product_out[13]
  product_out[14]
  product_out[15]
  product_out[1]
  product_out[2]
  product_out[3]
  product_out[4]
  product_out[5]
  product_out[6]
  product_out[7]
  product_out[8]
  product_out[9]
