Clock: clk
Sources: clk 
Generated: no
Virtual: yes
Propagated: no
Period: 2.000000

===========================================================================
report_clock_properties
============================================================================
Clock                   Period          Waveform
----------------------------------------------------
clk                   2.000000    0.000000  1.000000

===========================================================================
report_clock_latency
============================================================================
Clock clk
rise -> rise
    min     max
0.000000 0.000000 source latency
0.276495         network latency _37_/CLK
        0.284274 network latency _29_/CLK
---------------
0.276495 0.284274 latency
        0.007779 skew

fall -> fall
    min     max
0.000000 0.000000 source latency
0.299765         network latency _37_/CLK
        0.305740 network latency _29_/CLK
---------------
0.299765 0.305740 latency
        0.005975 skew



===========================================================================
report_clock_min_period
============================================================================
clk period_min = 0.83 fmax = 1197.76
