118. Printing statistics.

=== mult ===

   Number of wires:                514
   Number of wire bits:            983
   Number of public wires:          37
   Number of public wire bits:     191
   Number of ports:                  5
   Number of port bits:             34
   Number of memories:               0
   Number of memory bits:            0
   Number of processes:              0
   Number of cells:                664
     $_ANDNOT_                      58
     $_AND_                        106
     $_NAND_                        17
     $_NOR_                         18
     $_NOT_                        161
     $_ORNOT_                        2
     $_OR_                          35
     $_XNOR_                        39
     $_XOR_                         68
     sky130_fd_sc_hd__dfrtp_2      160

   Area for cell type $_NOT_ is unknown!
   Area for cell type $_AND_ is unknown!
   Area for cell type $_NAND_ is unknown!
   Area for cell type $_OR_ is unknown!
   Area for cell type $_NOR_ is unknown!
   Area for cell type $_XOR_ is unknown!
   Area for cell type $_XNOR_ is unknown!
   Area for cell type $_ANDNOT_ is unknown!
   Area for cell type $_ORNOT_ is unknown!

   Chip area for module '\mult': 4204.032000
     of which used for sequential elements: 4204.032000 (100.00%)

