126. Printing statistics.

=== mult ===

   Number of wires:                596
   Number of wire bits:            625
   Number of public wires:         149
   Number of public wire bits:     178
   Number of ports:                  5
   Number of port bits:             34
   Number of memories:               0
   Number of memory bits:            0
   Number of processes:              0
   Number of cells:                607
     sky130_fd_sc_hd__a211o_2        2
     sky130_fd_sc_hd__a21bo_2        5
     sky130_fd_sc_hd__a21o_2         2
     sky130_fd_sc_hd__a21oi_2        9
     sky130_fd_sc_hd__a22o_2         5
     sky130_fd_sc_hd__a22oi_2       11
     sky130_fd_sc_hd__and2_2        27
     sky130_fd_sc_hd__and2b_2       10
     sky130_fd_sc_hd__and3_2        18
     sky130_fd_sc_hd__and3b_2        7
     sky130_fd_sc_hd__dfrtp_2      160
     sky130_fd_sc_hd__inv_2        171
     sky130_fd_sc_hd__nand2_2       30
     sky130_fd_sc_hd__nand3_2        2
     sky130_fd_sc_hd__nor2_2        42
     sky130_fd_sc_hd__nor3_2         3
     sky130_fd_sc_hd__nor3b_2        1
     sky130_fd_sc_hd__o211a_2        2
     sky130_fd_sc_hd__o21a_2         9
     sky130_fd_sc_hd__o21ai_2        4
     sky130_fd_sc_hd__o21ba_2        5
     sky130_fd_sc_hd__o21bai_2       2
     sky130_fd_sc_hd__o311a_2        1
     sky130_fd_sc_hd__or2_2         25
     sky130_fd_sc_hd__or3_2          4
     sky130_fd_sc_hd__or3b_2         2
     sky130_fd_sc_hd__xnor2_2       33
     sky130_fd_sc_hd__xor2_2        15

   Chip area for module '\mult': 7410.857600
     of which used for sequential elements: 4204.032000 (56.73%)

