Clock: clk
Sources: clk 
Generated: no
Virtual: yes
Propagated: no
Period: 3.333000

===========================================================================
report_clock_properties
============================================================================
Clock                   Period          Waveform
----------------------------------------------------
clk                   3.333000    0.000000  1.666500

===========================================================================
report_clock_latency
============================================================================
Clock clk
rise -> rise
    min     max
0.000000 0.000000 source latency
1.056284         network latency _1325_/CLK
        1.094365 network latency _1438_/CLK
---------------
1.056284 1.094365 latency
        0.038080 skew

fall -> fall
    min     max
0.000000 0.000000 source latency
0.990385         network latency _1325_/CLK
        1.017648 network latency _1438_/CLK
---------------
0.990385 1.017648 latency
        0.027263 skew



===========================================================================
report_clock_min_period
============================================================================
clk period_min = 4.70 fmax = 212.66
