
===========================================================================
report_checks -unconstrained
===========================================================================
======================= max_tt_025C_1v80 Corner ===================================

Startpoint: rst (input port clocked by clk)
Endpoint: _1322_ (recovery check against rising-edge clock clk)
Path Group: asynchronous
Path Type: max

Fanout         Cap        Slew       Delay        Time   Description
---------------------------------------------------------------------------------------------
                                  0.000000    0.000000   clock clk (rise edge)
                                  0.000000    0.000000   clock network delay (propagated)
                                  0.666600    0.666600 v input external delay
     1    0.002259    0.007372    0.003556    0.670156 v rst (in)
                                                         rst (net)
                      0.007373    0.000000    0.670156 v hold50/A (sky130_fd_sc_hd__dlygate4sd3_1)
     1    0.002077    0.049700    0.527577    1.197732 v hold50/X (sky130_fd_sc_hd__dlygate4sd3_1)
                                                         net115 (net)
                      0.049700    0.000095    1.197828 v input17/A (sky130_fd_sc_hd__clkbuf_1)
     1    0.002978    0.027485    0.090390    1.288218 v input17/X (sky130_fd_sc_hd__clkbuf_1)
                                                         net17 (net)
                      0.027485    0.000176    1.288394 v fanout65/A (sky130_fd_sc_hd__buf_2)
     5    0.046183    0.112250    0.190990    1.479384 v fanout65/X (sky130_fd_sc_hd__buf_2)
                                                         net65 (net)
                      0.112686    0.005684    1.485068 v fanout50/A (sky130_fd_sc_hd__buf_2)
     7    0.044423    0.108303    0.226556    1.711624 v fanout50/X (sky130_fd_sc_hd__buf_2)
                                                         net50 (net)
                      0.108457    0.003608    1.715232 v fanout46/A (sky130_fd_sc_hd__clkbuf_4)
     7    0.038062    0.086260    0.216095    1.931327 v fanout46/X (sky130_fd_sc_hd__clkbuf_4)
                                                         net46 (net)
                      0.086275    0.001147    1.932474 v fanout45/A (sky130_fd_sc_hd__buf_4)
    10    0.054520    0.079197    0.206616    2.139090 v fanout45/X (sky130_fd_sc_hd__buf_4)
                                                         net45 (net)
                      0.079498    0.003541    2.142630 v _1075_/A (sky130_fd_sc_hd__inv_2)
     1    0.006356    0.041720    0.065701    2.208332 ^ _1075_/Y (sky130_fd_sc_hd__inv_2)
                                                         _0173_ (net)
                      0.041724    0.000404    2.208735 ^ _1322_/RESET_B (sky130_fd_sc_hd__dfrtp_1)
                                              2.208735   data arrival time

                                  3.333000    3.333000   clock clk (rise edge)
                                  0.000000    3.333000   clock source latency
     1    0.027053    0.126794    0.089371    3.422371 ^ clk (in)
                                                         clk (net)
                      0.126969    0.000000    3.422371 ^ clkbuf_0_clk/A (sky130_fd_sc_hd__clkbuf_16)
     2    0.024252    0.045792    0.158848    3.581218 ^ clkbuf_0_clk/X (sky130_fd_sc_hd__clkbuf_16)
                                                         clknet_0_clk (net)
                      0.045836    0.001220    3.582438 ^ clkbuf_1_1__f_clk/A (sky130_fd_sc_hd__clkbuf_16)
    12    0.094417    0.111194    0.178991    3.761430 ^ clkbuf_1_1__f_clk/X (sky130_fd_sc_hd__clkbuf_16)
                                                         clknet_1_1__leaf_clk (net)
                      0.111833    0.006803    3.768233 ^ clkbuf_leaf_16_clk/A (sky130_fd_sc_hd__clkbuf_8)
    12    0.041093    0.083599    0.181971    3.950204 ^ clkbuf_leaf_16_clk/X (sky130_fd_sc_hd__clkbuf_8)
                                                         clknet_leaf_16_clk (net)
                      0.083655    0.001969    3.952173 ^ _1322_/CLK (sky130_fd_sc_hd__dfrtp_1)
                                 -0.250000    3.702173   clock uncertainty
                                  0.000000    3.702173   clock reconvergence pessimism
                                  0.243026    3.945199   library recovery time
                                              3.945199   data required time
---------------------------------------------------------------------------------------------
                                              3.945199   data required time
                                             -2.208735   data arrival time
---------------------------------------------------------------------------------------------
                                              1.736464   slack (MET)


Startpoint: _1425_ (rising edge-triggered flip-flop clocked by clk)
Endpoint: _1389_ (rising edge-triggered flip-flop clocked by clk)
Path Group: clk
Path Type: max

Fanout         Cap        Slew       Delay        Time   Description
---------------------------------------------------------------------------------------------
                                  0.000000    0.000000   clock clk (rise edge)
                                  0.000000    0.000000   clock source latency
     1    0.027053    0.126794    0.089371    0.089371 ^ clk (in)
                                                         clk (net)
                      0.126969    0.000000    0.089371 ^ clkbuf_0_clk/A (sky130_fd_sc_hd__clkbuf_16)
     2    0.024252    0.045792    0.158848    0.248219 ^ clkbuf_0_clk/X (sky130_fd_sc_hd__clkbuf_16)
                                                         clknet_0_clk (net)
                      0.045845    0.001327    0.249546 ^ clkbuf_1_0__f_clk/A (sky130_fd_sc_hd__clkbuf_16)
    12    0.097596    0.114224    0.181499    0.431045 ^ clkbuf_1_0__f_clk/X (sky130_fd_sc_hd__clkbuf_16)
                                                         clknet_1_0__leaf_clk (net)
                      0.114588    0.005256    0.436300 ^ clkbuf_leaf_1_clk/A (sky130_fd_sc_hd__clkbuf_8)
    12    0.050600    0.098623    0.194372    0.630672 ^ clkbuf_leaf_1_clk/X (sky130_fd_sc_hd__clkbuf_8)
                                                         clknet_leaf_1_clk (net)
                      0.098664    0.001890    0.632562 ^ _1425_/CLK (sky130_fd_sc_hd__dfrtp_1)
     2    0.004400    0.046422    0.382227    1.014789 v _1425_/Q (sky130_fd_sc_hd__dfrtp_1)
                                                         pp3[3][0] (net)
                      0.046422    0.000237    1.015027 v _0859_/A (sky130_fd_sc_hd__or2_4)
     3    0.008678    0.052214    0.253288    1.268315 v _0859_/X (sky130_fd_sc_hd__or2_4)
                                                         _0522_ (net)
                      0.052214    0.000680    1.268995 v rebuffer4/A (sky130_fd_sc_hd__clkbuf_2)
     1    0.004976    0.030557    0.107912    1.376907 v rebuffer4/X (sky130_fd_sc_hd__clkbuf_2)
                                                         net69 (net)
                      0.030562    0.000377    1.377284 v _0875_/A2 (sky130_fd_sc_hd__a21bo_4)
     2    0.021504    0.056765    0.231161    1.608445 v _0875_/X (sky130_fd_sc_hd__a21bo_4)
                                                         _0537_ (net)
                      0.056872    0.001845    1.610290 v _0878_/B (sky130_fd_sc_hd__xnor2_4)
     2    0.018094    0.092737    0.146348    1.756637 v _0878_/Y (sky130_fd_sc_hd__xnor2_4)
                                                         _0540_ (net)
                      0.092745    0.001039    1.757676 v _0881_/A (sky130_fd_sc_hd__xnor2_2)
     3    0.009390    0.075039    0.168276    1.925953 v _0881_/Y (sky130_fd_sc_hd__xnor2_2)
                                                         _0543_ (net)
                      0.075040    0.000500    1.926452 v _0882_/A (sky130_fd_sc_hd__or2_4)
     3    0.011042    0.055253    0.270191    2.196643 v _0882_/X (sky130_fd_sc_hd__or2_4)
                                                         _0544_ (net)
                      0.055256    0.000607    2.197251 v _0895_/C (sky130_fd_sc_hd__or3_4)
     1    0.002806    0.061281    0.317348    2.514599 v _0895_/X (sky130_fd_sc_hd__or3_4)
                                                         _0555_ (net)
                      0.061281    0.000196    2.514795 v _0897_/C1 (sky130_fd_sc_hd__o211a_1)
     2    0.008385    0.064795    0.137347    2.652142 v _0897_/X (sky130_fd_sc_hd__o211a_1)
                                                         _0557_ (net)
                      0.064799    0.000575    2.652717 v _0903_/B (sky130_fd_sc_hd__xnor2_1)
     1    0.002569    0.045562    0.124315    2.777032 v _0903_/Y (sky130_fd_sc_hd__xnor2_1)
                                                         _0091_ (net)
                      0.045562    0.000109    2.777141 v _1389_/D (sky130_fd_sc_hd__dfrtp_1)
                                              2.777141   data arrival time

                                  3.333000    3.333000   clock clk (rise edge)
                                  0.000000    3.333000   clock source latency
     1    0.027053    0.126794    0.089371    3.422371 ^ clk (in)
                                                         clk (net)
                      0.126969    0.000000    3.422371 ^ clkbuf_0_clk/A (sky130_fd_sc_hd__clkbuf_16)
     2    0.024252    0.045792    0.158848    3.581218 ^ clkbuf_0_clk/X (sky130_fd_sc_hd__clkbuf_16)
                                                         clknet_0_clk (net)
                      0.045836    0.001220    3.582438 ^ clkbuf_1_1__f_clk/A (sky130_fd_sc_hd__clkbuf_16)
    12    0.094417    0.111194    0.178991    3.761430 ^ clkbuf_1_1__f_clk/X (sky130_fd_sc_hd__clkbuf_16)
                                                         clknet_1_1__leaf_clk (net)
                      0.111783    0.006537    3.767967 ^ clkbuf_leaf_8_clk/A (sky130_fd_sc_hd__clkbuf_8)
     7    0.037988    0.078998    0.177840    3.945806 ^ clkbuf_leaf_8_clk/X (sky130_fd_sc_hd__clkbuf_8)
                                                         clknet_leaf_8_clk (net)
                      0.079086    0.002344    3.948150 ^ _1389_/CLK (sky130_fd_sc_hd__dfrtp_1)
                                 -0.250000    3.698150   clock uncertainty
                                  0.000000    3.698150   clock reconvergence pessimism
                                 -0.106719    3.591432   library setup time
                                              3.591432   data required time
---------------------------------------------------------------------------------------------
                                              3.591432   data required time
                                             -2.777141   data arrival time
---------------------------------------------------------------------------------------------
                                              0.814291   slack (MET)




===========================================================================
report_checks --slack_max -0.01
============================================================================
======================= max_tt_025C_1v80 Corner ===================================

No paths found.


===========================================================================
 report_check_types -max_slew -max_cap -max_fanout -violators
============================================================================
======================= max_tt_025C_1v80 Corner ===================================

max fanout

Pin                                   Limit Fanout  Slack
---------------------------------------------------------
clkbuf_leaf_0_clk/X                      10     18     -8 (VIOLATED)
clkbuf_leaf_22_clk/X                     10     18     -8 (VIOLATED)
clkbuf_leaf_19_clk/X                     10     16     -6 (VIOLATED)
clkbuf_leaf_12_clk/X                     10     15     -5 (VIOLATED)
clkbuf_leaf_9_clk/X                      10     15     -5 (VIOLATED)
clkbuf_leaf_17_clk/X                     10     14     -4 (VIOLATED)
clkbuf_1_0__f_clk/X                      10     12     -2 (VIOLATED)
clkbuf_1_1__f_clk/X                      10     12     -2 (VIOLATED)
clkbuf_leaf_16_clk/X                     10     12     -2 (VIOLATED)
clkbuf_leaf_1_clk/X                      10     12     -2 (VIOLATED)
clkbuf_leaf_21_clk/X                     10     12     -2 (VIOLATED)
clkbuf_leaf_6_clk/X                      10     12     -2 (VIOLATED)
clkbuf_leaf_10_clk/X                     10     11        (VIOLATED)
clkbuf_leaf_11_clk/X                     10     11        (VIOLATED)
clkbuf_leaf_15_clk/X                     10     11        (VIOLATED)
clkbuf_leaf_18_clk/X                     10     11        (VIOLATED)
clkbuf_leaf_2_clk/X                      10     11        (VIOLATED)
clkbuf_leaf_3_clk/X                      10     11        (VIOLATED)
clkbuf_leaf_5_clk/X                      10     11        (VIOLATED)



===========================================================================
report_parasitic_annotation -report_unannotated
============================================================================
Found 22 unannotated drivers.
 clkload0/X
 clkload1/X
 clkload10/Y
 clkload11/Y
 clkload12/X
 clkload13/Y
 clkload14/Y
 clkload15/X
 clkload16/Y
 clkload17/Y
 clkload18/Y
 clkload19/Y
 clkload2/Y
 clkload20/Y
 clkload21/Y
 clkload3/Y
 clkload4/Y
 clkload5/Y
 clkload6/Y
 clkload7/Y
 clkload8/Y
 clkload9/Y
Found 0 partially unannotated drivers.

===========================================================================
max slew violation count 0
max fanout violation count 19
max cap violation count 0
============================================================================

===========================================================================
check_setup -verbose -unconstrained_endpoints -multiple_clock -no_clock -no_input_delay -loops -generated_clocks
===========================================================================
