Clock: clk
Sources: clk 
Generated: no
Virtual: yes
Propagated: no
Period: 3.333000

===========================================================================
report_clock_properties
============================================================================
Clock                   Period          Waveform
----------------------------------------------------
clk                   3.333000    0.000000  1.666500

===========================================================================
report_clock_latency
============================================================================
Clock clk
rise -> rise
    min     max
0.000000 0.000000 source latency
0.612300         network latency _1325_/CLK
        0.638906 network latency _1438_/CLK
---------------
0.612300 0.638906 latency
        0.026606 skew

fall -> fall
    min     max
0.000000 0.000000 source latency
0.558134         network latency _1325_/CLK
        0.577285 network latency _1438_/CLK
---------------
0.558134 0.577285 latency
        0.019151 skew



===========================================================================
report_clock_min_period
============================================================================
clk period_min = 2.52 fmax = 397.03
