Clock: clk
Sources: clk 
Generated: no
Virtual: yes
Propagated: no
Period: 12.500000

===========================================================================
report_clock_properties
============================================================================
Clock                   Period          Waveform
----------------------------------------------------
clk                  12.500000    0.000000  6.250000

===========================================================================
report_clock_latency
============================================================================
Clock clk
rise -> rise
    min     max
0.000000 0.000000 source latency
0.254124         network latency _688_/CLK
        0.261362 network latency _680_/CLK
---------------
0.254124 0.261362 latency
        0.007239 skew

fall -> fall
    min     max
0.000000 0.000000 source latency
0.234245         network latency _688_/CLK
        0.239533 network latency _680_/CLK
---------------
0.234245 0.239533 latency
        0.005288 skew



===========================================================================
report_clock_min_period
============================================================================
clk period_min = 2.89 fmax = 345.77
