Clock: clk
Sources: clk 
Generated: no
Virtual: yes
Propagated: no
Period: 25.000000

===========================================================================
report_clock_properties
============================================================================
Clock                   Period          Waveform
----------------------------------------------------
clk                  25.000000    0.000000 12.500000

===========================================================================
report_clock_latency
============================================================================
Clock clk
rise -> rise
    min     max
0.000000 0.000000 source latency
0.355061         network latency _673_/CLK
        0.359946 network latency _661_/CLK
---------------
0.355061 0.359946 latency
        0.004885 skew

fall -> fall
    min     max
0.000000 0.000000 source latency
0.410873         network latency _673_/CLK
        0.414435 network latency _661_/CLK
---------------
0.410873 0.414435 latency
        0.003562 skew



===========================================================================
report_clock_min_period
============================================================================
clk period_min = 4.50 fmax = 222.43
