Clock: clk
Sources: clk 
Generated: no
Virtual: yes
Propagated: no
Period: 25.000000

===========================================================================
report_clock_properties
============================================================================
Clock                   Period          Waveform
----------------------------------------------------
clk                  25.000000    0.000000 12.500000

===========================================================================
report_clock_latency
============================================================================
Clock clk
rise -> rise
    min     max
0.000000 0.000000 source latency
0.346367         network latency _673_/CLK
        0.347172 network latency _682_/CLK
---------------
0.346367 0.347172 latency
        0.000805 skew

fall -> fall
    min     max
0.000000 0.000000 source latency
0.403683         network latency _673_/CLK
        0.404049 network latency _679_/CLK
---------------
0.403683 0.404049 latency
        0.000366 skew



===========================================================================
report_clock_min_period
============================================================================
clk period_min = 4.32 fmax = 231.40
