
===========================================================================
report_checks -path_delay min (Hold)
============================================================================
======================= nom_tt_025C_1v80 Corner ===================================

Startpoint: _673_ (rising edge-triggered flip-flop clocked by clk)
Endpoint: _681_ (rising edge-triggered flip-flop clocked by clk)
Path Group: clk
Path Type: min

Fanout         Cap        Slew       Delay        Time   Description
---------------------------------------------------------------------------------------------
                                  0.000000    0.000000   clock clk (rise edge)
                                  0.000000    0.000000   clock source latency
     1    0.014645    0.250000    0.000000    0.000000 ^ clk (in)
                                                         clk (net)
                      0.250561    0.000281    0.000281 ^ clkbuf_0_clk/A (sky130_fd_sc_hd__clkbuf_16)
     4    0.036147    0.059248    0.206418    0.206699 ^ clkbuf_0_clk/X (sky130_fd_sc_hd__clkbuf_16)
                                                         clknet_0_clk (net)
                      0.059248    0.000153    0.206852 ^ clkbuf_2_0__f_clk/A (sky130_fd_sc_hd__clkbuf_16)
    12    0.029467    0.050586    0.139228    0.346081 ^ clkbuf_2_0__f_clk/X (sky130_fd_sc_hd__clkbuf_16)
                                                         clknet_2_0__leaf_clk (net)
                      0.050586    0.000287    0.346367 ^ _673_/CLK (sky130_fd_sc_hd__dfrtp_1)
     5    0.012617    0.121675    0.381170    0.727537 ^ _673_/Q (sky130_fd_sc_hd__dfrtp_1)
                                                         b_reg[0] (net)
                      0.121675    0.000048    0.727585 ^ _322_/A (sky130_fd_sc_hd__and2_1)
     2    0.004063    0.059167    0.145127    0.872712 ^ _322_/X (sky130_fd_sc_hd__and2_1)
                                                         product_reg[0] (net)
                      0.059167    0.000004    0.872716 ^ _681_/D (sky130_fd_sc_hd__dfrtp_1)
                                              0.872716   data arrival time

                                  0.000000    0.000000   clock clk (rise edge)
                                  0.000000    0.000000   clock source latency
     1    0.014645    0.250000    0.000000    0.000000 ^ clk (in)
                                                         clk (net)
                      0.250561    0.000281    0.000281 ^ clkbuf_0_clk/A (sky130_fd_sc_hd__clkbuf_16)
     4    0.036147    0.059248    0.206418    0.206699 ^ clkbuf_0_clk/X (sky130_fd_sc_hd__clkbuf_16)
                                                         clknet_0_clk (net)
                      0.059248    0.000155    0.206854 ^ clkbuf_2_1__f_clk/A (sky130_fd_sc_hd__clkbuf_16)
     8    0.030492    0.051517    0.140144    0.346998 ^ clkbuf_2_1__f_clk/X (sky130_fd_sc_hd__clkbuf_16)
                                                         clknet_2_1__leaf_clk (net)
                      0.051517    0.000166    0.347165 ^ _681_/CLK (sky130_fd_sc_hd__dfrtp_1)
                                  0.125000    0.472165   clock uncertainty
                                  0.000000    0.472165   clock reconvergence pessimism
                                 -0.036841    0.435324   library hold time
                                              0.435324   data required time
---------------------------------------------------------------------------------------------
                                              0.435324   data required time
                                             -0.872716   data arrival time
---------------------------------------------------------------------------------------------
                                              0.437392   slack (MET)


Startpoint: _673_ (rising edge-triggered flip-flop clocked by clk)
Endpoint: _682_ (rising edge-triggered flip-flop clocked by clk)
Path Group: clk
Path Type: min

Fanout         Cap        Slew       Delay        Time   Description
---------------------------------------------------------------------------------------------
                                  0.000000    0.000000   clock clk (rise edge)
                                  0.000000    0.000000   clock source latency
     1    0.014645    0.250000    0.000000    0.000000 ^ clk (in)
                                                         clk (net)
                      0.250561    0.000281    0.000281 ^ clkbuf_0_clk/A (sky130_fd_sc_hd__clkbuf_16)
     4    0.036147    0.059248    0.206418    0.206699 ^ clkbuf_0_clk/X (sky130_fd_sc_hd__clkbuf_16)
                                                         clknet_0_clk (net)
                      0.059248    0.000153    0.206852 ^ clkbuf_2_0__f_clk/A (sky130_fd_sc_hd__clkbuf_16)
    12    0.029467    0.050586    0.139228    0.346081 ^ clkbuf_2_0__f_clk/X (sky130_fd_sc_hd__clkbuf_16)
                                                         clknet_2_0__leaf_clk (net)
                      0.050586    0.000287    0.346367 ^ _673_/CLK (sky130_fd_sc_hd__dfrtp_1)
     5    0.012617    0.121675    0.381170    0.727537 ^ _673_/Q (sky130_fd_sc_hd__dfrtp_1)
                                                         b_reg[0] (net)
                      0.121675    0.000060    0.727597 ^ _323_/A1 (sky130_fd_sc_hd__a22oi_1)
     1    0.002427    0.057723    0.095674    0.823271 v _323_/Y (sky130_fd_sc_hd__a22oi_1)
                                                         _292_ (net)
                      0.057723    0.000002    0.823272 v _325_/A (sky130_fd_sc_hd__nor2_1)
     1    0.002413    0.071827    0.096340    0.919612 ^ _325_/Y (sky130_fd_sc_hd__nor2_1)
                                                         product_reg[1] (net)
                      0.071827    0.000005    0.919617 ^ _682_/D (sky130_fd_sc_hd__dfrtp_1)
                                              0.919617   data arrival time

                                  0.000000    0.000000   clock clk (rise edge)
                                  0.000000    0.000000   clock source latency
     1    0.014645    0.250000    0.000000    0.000000 ^ clk (in)
                                                         clk (net)
                      0.250561    0.000281    0.000281 ^ clkbuf_0_clk/A (sky130_fd_sc_hd__clkbuf_16)
     4    0.036147    0.059248    0.206418    0.206699 ^ clkbuf_0_clk/X (sky130_fd_sc_hd__clkbuf_16)
                                                         clknet_0_clk (net)
                      0.059248    0.000155    0.206854 ^ clkbuf_2_1__f_clk/A (sky130_fd_sc_hd__clkbuf_16)
     8    0.030492    0.051517    0.140144    0.346998 ^ clkbuf_2_1__f_clk/X (sky130_fd_sc_hd__clkbuf_16)
                                                         clknet_2_1__leaf_clk (net)
                      0.051517    0.000174    0.347172 ^ _682_/CLK (sky130_fd_sc_hd__dfrtp_1)
                                  0.125000    0.472172   clock uncertainty
                                  0.000000    0.472172   clock reconvergence pessimism
                                 -0.039492    0.432680   library hold time
                                              0.432680   data required time
---------------------------------------------------------------------------------------------
                                              0.432680   data required time
                                             -0.919617   data arrival time
---------------------------------------------------------------------------------------------
                                              0.486937   slack (MET)


Startpoint: _672_ (rising edge-triggered flip-flop clocked by clk)
Endpoint: _664_ (rising edge-triggered flip-flop clocked by clk)
Path Group: clk
Path Type: min

Fanout         Cap        Slew       Delay        Time   Description
---------------------------------------------------------------------------------------------
                                  0.000000    0.000000   clock clk (rise edge)
                                  0.000000    0.000000   clock source latency
     1    0.014645    0.250000    0.000000    0.000000 ^ clk (in)
                                                         clk (net)
                      0.250561    0.000281    0.000281 ^ clkbuf_0_clk/A (sky130_fd_sc_hd__clkbuf_16)
     4    0.036147    0.059248    0.206418    0.206699 ^ clkbuf_0_clk/X (sky130_fd_sc_hd__clkbuf_16)
                                                         clknet_0_clk (net)
                      0.059248    0.000153    0.206852 ^ clkbuf_2_0__f_clk/A (sky130_fd_sc_hd__clkbuf_16)
    12    0.029467    0.050586    0.139228    0.346081 ^ clkbuf_2_0__f_clk/X (sky130_fd_sc_hd__clkbuf_16)
                                                         clknet_2_0__leaf_clk (net)
                      0.050588    0.000602    0.346682 ^ _672_/CLK (sky130_fd_sc_hd__dfrtp_1)
     2    0.008172    0.086723    0.353381    0.700063 ^ _672_/Q (sky130_fd_sc_hd__dfrtp_1)
                                                         a_reg[7] (net)
                      0.086723    0.000081    0.700144 ^ fanout46/A (sky130_fd_sc_hd__buf_1)
     5    0.012683    0.158633    0.171288    0.871432 ^ fanout46/X (sky130_fd_sc_hd__buf_1)
                                                         net46 (net)
                      0.158633    0.000036    0.871467 ^ _623_/C1 (sky130_fd_sc_hd__o311a_1)
     1    0.002377    0.043723    0.174770    1.046237 ^ _623_/X (sky130_fd_sc_hd__o311a_1)
                                                         _290_ (net)
                      0.043723    0.000011    1.046248 ^ _624_/B (sky130_fd_sc_hd__or2_1)
     1    0.002212    0.035723    0.083208    1.129456 ^ _624_/X (sky130_fd_sc_hd__or2_1)
                                                         product_reg[15] (net)
                      0.035723    0.000003    1.129459 ^ _664_/D (sky130_fd_sc_hd__dfrtp_1)
                                              1.129459   data arrival time

                                  0.000000    0.000000   clock clk (rise edge)
                                  0.000000    0.000000   clock source latency
     1    0.014645    0.250000    0.000000    0.000000 ^ clk (in)
                                                         clk (net)
                      0.250561    0.000281    0.000281 ^ clkbuf_0_clk/A (sky130_fd_sc_hd__clkbuf_16)
     4    0.036147    0.059248    0.206418    0.206699 ^ clkbuf_0_clk/X (sky130_fd_sc_hd__clkbuf_16)
                                                         clknet_0_clk (net)
                      0.059248    0.000161    0.206860 ^ clkbuf_2_2__f_clk/A (sky130_fd_sc_hd__clkbuf_16)
     7    0.029949    0.051031    0.139685    0.346544 ^ clkbuf_2_2__f_clk/X (sky130_fd_sc_hd__clkbuf_16)
                                                         clknet_2_2__leaf_clk (net)
                      0.051032    0.000380    0.346925 ^ _664_/CLK (sky130_fd_sc_hd__dfrtp_1)
                                  0.125000    0.471925   clock uncertainty
                                  0.000000    0.471925   clock reconvergence pessimism
                                 -0.031997    0.439928   library hold time
                                              0.439928   data required time
---------------------------------------------------------------------------------------------
                                              0.439928   data required time
                                             -1.129459   data arrival time
---------------------------------------------------------------------------------------------
                                              0.689531   slack (MET)


Startpoint: _675_ (rising edge-triggered flip-flop clocked by clk)
Endpoint: _683_ (rising edge-triggered flip-flop clocked by clk)
Path Group: clk
Path Type: min

Fanout         Cap        Slew       Delay        Time   Description
---------------------------------------------------------------------------------------------
                                  0.000000    0.000000   clock clk (rise edge)
                                  0.000000    0.000000   clock source latency
     1    0.014645    0.250000    0.000000    0.000000 ^ clk (in)
                                                         clk (net)
                      0.250561    0.000281    0.000281 ^ clkbuf_0_clk/A (sky130_fd_sc_hd__clkbuf_16)
     4    0.036147    0.059248    0.206418    0.206699 ^ clkbuf_0_clk/X (sky130_fd_sc_hd__clkbuf_16)
                                                         clknet_0_clk (net)
                      0.059248    0.000153    0.206852 ^ clkbuf_2_0__f_clk/A (sky130_fd_sc_hd__clkbuf_16)
    12    0.029467    0.050586    0.139228    0.346081 ^ clkbuf_2_0__f_clk/X (sky130_fd_sc_hd__clkbuf_16)
                                                         clknet_2_0__leaf_clk (net)
                      0.050586    0.000376    0.346457 ^ _675_/CLK (sky130_fd_sc_hd__dfrtp_4)
    10    0.032921    0.121217    0.465723    0.812180 ^ _675_/Q (sky130_fd_sc_hd__dfrtp_4)
                                                         b_reg[2] (net)
                      0.121217    0.000351    0.812530 ^ _326_/B (sky130_fd_sc_hd__nand2_1)
     1    0.004563    0.050211    0.078059    0.890590 v _326_/Y (sky130_fd_sc_hd__nand2_1)
                                                         _294_ (net)
                      0.050211    0.000004    0.890594 v _330_/A (sky130_fd_sc_hd__xnor2_1)
     2    0.004131    0.043995    0.129087    1.019681 v _330_/Y (sky130_fd_sc_hd__xnor2_1)
                                                         _298_ (net)
                      0.043995    0.000008    1.019688 v _331_/B (sky130_fd_sc_hd__nand2_1)
     3    0.006500    0.070781    0.083733    1.103421 ^ _331_/Y (sky130_fd_sc_hd__nand2_1)
                                                         _299_ (net)
                      0.070781    0.000010    1.103431 ^ _333_/A (sky130_fd_sc_hd__and2_1)
     1    0.002240    0.042600    0.114385    1.217816 ^ _333_/X (sky130_fd_sc_hd__and2_1)
                                                         product_reg[2] (net)
                      0.042600    0.000003    1.217819 ^ _683_/D (sky130_fd_sc_hd__dfrtp_1)
                                              1.217819   data arrival time

                                  0.000000    0.000000   clock clk (rise edge)
                                  0.000000    0.000000   clock source latency
     1    0.014645    0.250000    0.000000    0.000000 ^ clk (in)
                                                         clk (net)
                      0.250561    0.000281    0.000281 ^ clkbuf_0_clk/A (sky130_fd_sc_hd__clkbuf_16)
     4    0.036147    0.059248    0.206418    0.206699 ^ clkbuf_0_clk/X (sky130_fd_sc_hd__clkbuf_16)
                                                         clknet_0_clk (net)
                      0.059248    0.000155    0.206854 ^ clkbuf_2_1__f_clk/A (sky130_fd_sc_hd__clkbuf_16)
     8    0.030492    0.051517    0.140144    0.346998 ^ clkbuf_2_1__f_clk/X (sky130_fd_sc_hd__clkbuf_16)
                                                         clknet_2_1__leaf_clk (net)
                      0.051517    0.000131    0.347129 ^ _683_/CLK (sky130_fd_sc_hd__dfrtp_1)
                                  0.125000    0.472129   clock uncertainty
                                  0.000000    0.472129   clock reconvergence pessimism
                                 -0.033371    0.438758   library hold time
                                              0.438758   data required time
---------------------------------------------------------------------------------------------
                                              0.438758   data required time
                                             -1.217819   data arrival time
---------------------------------------------------------------------------------------------
                                              0.779061   slack (MET)


Startpoint: _675_ (rising edge-triggered flip-flop clocked by clk)
Endpoint: _684_ (rising edge-triggered flip-flop clocked by clk)
Path Group: clk
Path Type: min

Fanout         Cap        Slew       Delay        Time   Description
---------------------------------------------------------------------------------------------
                                  0.000000    0.000000   clock clk (rise edge)
                                  0.000000    0.000000   clock source latency
     1    0.014645    0.250000    0.000000    0.000000 ^ clk (in)
                                                         clk (net)
                      0.250561    0.000281    0.000281 ^ clkbuf_0_clk/A (sky130_fd_sc_hd__clkbuf_16)
     4    0.036147    0.059248    0.206418    0.206699 ^ clkbuf_0_clk/X (sky130_fd_sc_hd__clkbuf_16)
                                                         clknet_0_clk (net)
                      0.059248    0.000153    0.206852 ^ clkbuf_2_0__f_clk/A (sky130_fd_sc_hd__clkbuf_16)
    12    0.029467    0.050586    0.139228    0.346081 ^ clkbuf_2_0__f_clk/X (sky130_fd_sc_hd__clkbuf_16)
                                                         clknet_2_0__leaf_clk (net)
                      0.050586    0.000376    0.346457 ^ _675_/CLK (sky130_fd_sc_hd__dfrtp_4)
    10    0.032921    0.121217    0.465723    0.812180 ^ _675_/Q (sky130_fd_sc_hd__dfrtp_4)
                                                         b_reg[2] (net)
                      0.121217    0.000351    0.812530 ^ _326_/B (sky130_fd_sc_hd__nand2_1)
     1    0.004563    0.050211    0.078059    0.890590 v _326_/Y (sky130_fd_sc_hd__nand2_1)
                                                         _294_ (net)
                      0.050211    0.000004    0.890594 v _330_/A (sky130_fd_sc_hd__xnor2_1)
     2    0.004131    0.043995    0.129087    1.019681 v _330_/Y (sky130_fd_sc_hd__xnor2_1)
                                                         _298_ (net)
                      0.043995    0.000008    1.019688 v _331_/B (sky130_fd_sc_hd__nand2_1)
     3    0.006500    0.070781    0.083733    1.103421 ^ _331_/Y (sky130_fd_sc_hd__nand2_1)
                                                         _299_ (net)
                      0.070781    0.000027    1.103448 ^ _346_/A (sky130_fd_sc_hd__and2_1)
     1    0.002813    0.047585    0.118799    1.222246 ^ _346_/X (sky130_fd_sc_hd__and2_1)
                                                         _313_ (net)
                      0.047585    0.000005    1.222251 ^ _347_/B (sky130_fd_sc_hd__nor2_1)
     1    0.002238    0.020382    0.034505    1.256756 v _347_/Y (sky130_fd_sc_hd__nor2_1)
                                                         product_reg[3] (net)
                      0.020382    0.000004    1.256760 v _684_/D (sky130_fd_sc_hd__dfrtp_1)
                                              1.256760   data arrival time

                                  0.000000    0.000000   clock clk (rise edge)
                                  0.000000    0.000000   clock source latency
     1    0.014645    0.250000    0.000000    0.000000 ^ clk (in)
                                                         clk (net)
                      0.250561    0.000281    0.000281 ^ clkbuf_0_clk/A (sky130_fd_sc_hd__clkbuf_16)
     4    0.036147    0.059248    0.206418    0.206699 ^ clkbuf_0_clk/X (sky130_fd_sc_hd__clkbuf_16)
                                                         clknet_0_clk (net)
                      0.059248    0.000155    0.206854 ^ clkbuf_2_1__f_clk/A (sky130_fd_sc_hd__clkbuf_16)
     8    0.030492    0.051517    0.140144    0.346998 ^ clkbuf_2_1__f_clk/X (sky130_fd_sc_hd__clkbuf_16)
                                                         clknet_2_1__leaf_clk (net)
                      0.051517    0.000118    0.347116 ^ _684_/CLK (sky130_fd_sc_hd__dfrtp_1)
                                  0.125000    0.472116   clock uncertainty
                                  0.000000    0.472116   clock reconvergence pessimism
                                 -0.034267    0.437849   library hold time
                                              0.437849   data required time
---------------------------------------------------------------------------------------------
                                              0.437849   data required time
                                             -1.256760   data arrival time
---------------------------------------------------------------------------------------------
                                              0.818911   slack (MET)


Startpoint: _672_ (rising edge-triggered flip-flop clocked by clk)
Endpoint: _663_ (rising edge-triggered flip-flop clocked by clk)
Path Group: clk
Path Type: min

Fanout         Cap        Slew       Delay        Time   Description
---------------------------------------------------------------------------------------------
                                  0.000000    0.000000   clock clk (rise edge)
                                  0.000000    0.000000   clock source latency
     1    0.014645    0.250000    0.000000    0.000000 ^ clk (in)
                                                         clk (net)
                      0.250561    0.000281    0.000281 ^ clkbuf_0_clk/A (sky130_fd_sc_hd__clkbuf_16)
     4    0.036147    0.059248    0.206418    0.206699 ^ clkbuf_0_clk/X (sky130_fd_sc_hd__clkbuf_16)
                                                         clknet_0_clk (net)
                      0.059248    0.000153    0.206852 ^ clkbuf_2_0__f_clk/A (sky130_fd_sc_hd__clkbuf_16)
    12    0.029467    0.050586    0.139228    0.346081 ^ clkbuf_2_0__f_clk/X (sky130_fd_sc_hd__clkbuf_16)
                                                         clknet_2_0__leaf_clk (net)
                      0.050588    0.000602    0.346682 ^ _672_/CLK (sky130_fd_sc_hd__dfrtp_1)
     2    0.008172    0.086723    0.353381    0.700063 ^ _672_/Q (sky130_fd_sc_hd__dfrtp_1)
                                                         a_reg[7] (net)
                      0.086723    0.000081    0.700144 ^ fanout46/A (sky130_fd_sc_hd__buf_1)
     5    0.012683    0.158633    0.171288    0.871432 ^ fanout46/X (sky130_fd_sc_hd__buf_1)
                                                         net46 (net)
                      0.158633    0.000015    0.871447 ^ _616_/A (sky130_fd_sc_hd__and3_1)
     1    0.005971    0.076365    0.192956    1.064402 ^ _616_/X (sky130_fd_sc_hd__and3_1)
                                                         _284_ (net)
                      0.076365    0.000047    1.064449 ^ _618_/A (sky130_fd_sc_hd__xnor2_1)
     2    0.007734    0.068964    0.100554    1.165003 v _618_/Y (sky130_fd_sc_hd__xnor2_1)
                                                         _286_ (net)
                      0.068964    0.000039    1.165042 v _622_/A (sky130_fd_sc_hd__xnor2_1)
     1    0.002257    0.034553    0.126310    1.291352 v _622_/Y (sky130_fd_sc_hd__xnor2_1)
                                                         product_reg[14] (net)
                      0.034553    0.000004    1.291355 v _663_/D (sky130_fd_sc_hd__dfrtp_1)
                                              1.291355   data arrival time

                                  0.000000    0.000000   clock clk (rise edge)
                                  0.000000    0.000000   clock source latency
     1    0.014645    0.250000    0.000000    0.000000 ^ clk (in)
                                                         clk (net)
                      0.250561    0.000281    0.000281 ^ clkbuf_0_clk/A (sky130_fd_sc_hd__clkbuf_16)
     4    0.036147    0.059248    0.206418    0.206699 ^ clkbuf_0_clk/X (sky130_fd_sc_hd__clkbuf_16)
                                                         clknet_0_clk (net)
                      0.059248    0.000161    0.206860 ^ clkbuf_2_2__f_clk/A (sky130_fd_sc_hd__clkbuf_16)
     7    0.029949    0.051031    0.139685    0.346544 ^ clkbuf_2_2__f_clk/X (sky130_fd_sc_hd__clkbuf_16)
                                                         clknet_2_2__leaf_clk (net)
                      0.051032    0.000332    0.346876 ^ _663_/CLK (sky130_fd_sc_hd__dfrtp_1)
                                  0.125000    0.471876   clock uncertainty
                                  0.000000    0.471876   clock reconvergence pessimism
                                 -0.040147    0.431729   library hold time
                                              0.431729   data required time
---------------------------------------------------------------------------------------------
                                              0.431729   data required time
                                             -1.291355   data arrival time
---------------------------------------------------------------------------------------------
                                              0.859626   slack (MET)


Startpoint: _675_ (rising edge-triggered flip-flop clocked by clk)
Endpoint: _685_ (rising edge-triggered flip-flop clocked by clk)
Path Group: clk
Path Type: min

Fanout         Cap        Slew       Delay        Time   Description
---------------------------------------------------------------------------------------------
                                  0.000000    0.000000   clock clk (rise edge)
                                  0.000000    0.000000   clock source latency
     1    0.014645    0.250000    0.000000    0.000000 ^ clk (in)
                                                         clk (net)
                      0.250561    0.000281    0.000281 ^ clkbuf_0_clk/A (sky130_fd_sc_hd__clkbuf_16)
     4    0.036147    0.059248    0.206418    0.206699 ^ clkbuf_0_clk/X (sky130_fd_sc_hd__clkbuf_16)
                                                         clknet_0_clk (net)
                      0.059248    0.000153    0.206852 ^ clkbuf_2_0__f_clk/A (sky130_fd_sc_hd__clkbuf_16)
    12    0.029467    0.050586    0.139228    0.346081 ^ clkbuf_2_0__f_clk/X (sky130_fd_sc_hd__clkbuf_16)
                                                         clknet_2_0__leaf_clk (net)
                      0.050586    0.000376    0.346457 ^ _675_/CLK (sky130_fd_sc_hd__dfrtp_4)
    10    0.032921    0.121217    0.465723    0.812180 ^ _675_/Q (sky130_fd_sc_hd__dfrtp_4)
                                                         b_reg[2] (net)
                      0.121217    0.000351    0.812530 ^ _326_/B (sky130_fd_sc_hd__nand2_1)
     1    0.004563    0.050211    0.078059    0.890590 v _326_/Y (sky130_fd_sc_hd__nand2_1)
                                                         _294_ (net)
                      0.050211    0.000004    0.890594 v _330_/A (sky130_fd_sc_hd__xnor2_1)
     2    0.004131    0.043995    0.129087    1.019681 v _330_/Y (sky130_fd_sc_hd__xnor2_1)
                                                         _298_ (net)
                      0.043995    0.000008    1.019688 v _331_/B (sky130_fd_sc_hd__nand2_1)
     3    0.006500    0.070781    0.083733    1.103421 ^ _331_/Y (sky130_fd_sc_hd__nand2_1)
                                                         _299_ (net)
                      0.070781    0.000025    1.103446 ^ _345_/A (sky130_fd_sc_hd__nor2_1)
     3    0.007214    0.038244    0.064389    1.167835 v _345_/Y (sky130_fd_sc_hd__nor2_1)
                                                         _312_ (net)
                      0.038244    0.000030    1.167865 v _365_/A (sky130_fd_sc_hd__nor2_1)
     1    0.003102    0.083281    0.097518    1.265383 ^ _365_/Y (sky130_fd_sc_hd__nor2_1)
                                                         _042_ (net)
                      0.083281    0.000010    1.265393 ^ _366_/B (sky130_fd_sc_hd__nor2_1)
     1    0.002202    0.027034    0.042059    1.307452 v _366_/Y (sky130_fd_sc_hd__nor2_1)
                                                         product_reg[4] (net)
                      0.027034    0.000003    1.307456 v _685_/D (sky130_fd_sc_hd__dfrtp_1)
                                              1.307456   data arrival time

                                  0.000000    0.000000   clock clk (rise edge)
                                  0.000000    0.000000   clock source latency
     1    0.014645    0.250000    0.000000    0.000000 ^ clk (in)
                                                         clk (net)
                      0.250561    0.000281    0.000281 ^ clkbuf_0_clk/A (sky130_fd_sc_hd__clkbuf_16)
     4    0.036147    0.059248    0.206418    0.206699 ^ clkbuf_0_clk/X (sky130_fd_sc_hd__clkbuf_16)
                                                         clknet_0_clk (net)
                      0.059248    0.000155    0.206854 ^ clkbuf_2_1__f_clk/A (sky130_fd_sc_hd__clkbuf_16)
     8    0.030492    0.051517    0.140144    0.346998 ^ clkbuf_2_1__f_clk/X (sky130_fd_sc_hd__clkbuf_16)
                                                         clknet_2_1__leaf_clk (net)
                      0.051517    0.000097    0.347095 ^ _685_/CLK (sky130_fd_sc_hd__dfrtp_1)
                                  0.125000    0.472095   clock uncertainty
                                  0.000000    0.472095   clock reconvergence pessimism
                                 -0.036975    0.435120   library hold time
                                              0.435120   data required time
---------------------------------------------------------------------------------------------
                                              0.435120   data required time
                                             -1.307456   data arrival time
---------------------------------------------------------------------------------------------
                                              0.872336   slack (MET)


Startpoint: _669_ (rising edge-triggered flip-flop clocked by clk)
Endpoint: _662_ (rising edge-triggered flip-flop clocked by clk)
Path Group: clk
Path Type: min

Fanout         Cap        Slew       Delay        Time   Description
---------------------------------------------------------------------------------------------
                                  0.000000    0.000000   clock clk (rise edge)
                                  0.000000    0.000000   clock source latency
     1    0.014645    0.250000    0.000000    0.000000 ^ clk (in)
                                                         clk (net)
                      0.250561    0.000281    0.000281 ^ clkbuf_0_clk/A (sky130_fd_sc_hd__clkbuf_16)
     4    0.036147    0.059248    0.206418    0.206699 ^ clkbuf_0_clk/X (sky130_fd_sc_hd__clkbuf_16)
                                                         clknet_0_clk (net)
                      0.059248    0.000153    0.206852 ^ clkbuf_2_0__f_clk/A (sky130_fd_sc_hd__clkbuf_16)
    12    0.029467    0.050586    0.139228    0.346081 ^ clkbuf_2_0__f_clk/X (sky130_fd_sc_hd__clkbuf_16)
                                                         clknet_2_0__leaf_clk (net)
                      0.050587    0.000523    0.346604 ^ _669_/CLK (sky130_fd_sc_hd__dfrtp_1)
     3    0.008078    0.085983    0.352731    0.699336 ^ _669_/Q (sky130_fd_sc_hd__dfrtp_1)
                                                         a_reg[4] (net)
                      0.085983    0.000105    0.699441 ^ _563_/A (sky130_fd_sc_hd__and2_1)
     2    0.004659    0.064251    0.137151    0.836591 ^ _563_/X (sky130_fd_sc_hd__and2_1)
                                                         _234_ (net)
                      0.064251    0.000002    0.836594 ^ _565_/B (sky130_fd_sc_hd__and2_1)
     3    0.008864    0.098636    0.162315    0.998908 ^ _565_/X (sky130_fd_sc_hd__and2_1)
                                                         _236_ (net)
                      0.098636    0.000049    0.998957 ^ _589_/A2 (sky130_fd_sc_hd__o21a_1)
     3    0.007618    0.083676    0.146717    1.145673 ^ _589_/X (sky130_fd_sc_hd__o21a_1)
                                                         _259_ (net)
                      0.083676    0.000032    1.145706 ^ _612_/A2 (sky130_fd_sc_hd__o21a_1)
     3    0.006670    0.073106    0.136322    1.282028 ^ _612_/X (sky130_fd_sc_hd__o21a_1)
                                                         _281_ (net)
                      0.073106    0.000034    1.282061 ^ _613_/B2 (sky130_fd_sc_hd__o22ai_1)
     1    0.002434    0.043135    0.063016    1.345077 v _613_/Y (sky130_fd_sc_hd__o22ai_1)
                                                         _282_ (net)
                      0.043135    0.000002    1.345079 v _615_/A (sky130_fd_sc_hd__nand2_1)
     1    0.002796    0.037351    0.052803    1.397882 ^ _615_/Y (sky130_fd_sc_hd__nand2_1)
                                                         product_reg[13] (net)
                      0.037351    0.000012    1.397894 ^ _662_/D (sky130_fd_sc_hd__dfrtp_1)
                                              1.397894   data arrival time

                                  0.000000    0.000000   clock clk (rise edge)
                                  0.000000    0.000000   clock source latency
     1    0.014645    0.250000    0.000000    0.000000 ^ clk (in)
                                                         clk (net)
                      0.250561    0.000281    0.000281 ^ clkbuf_0_clk/A (sky130_fd_sc_hd__clkbuf_16)
     4    0.036147    0.059248    0.206418    0.206699 ^ clkbuf_0_clk/X (sky130_fd_sc_hd__clkbuf_16)
                                                         clknet_0_clk (net)
                      0.059248    0.000161    0.206860 ^ clkbuf_2_2__f_clk/A (sky130_fd_sc_hd__clkbuf_16)
     7    0.029949    0.051031    0.139685    0.346544 ^ clkbuf_2_2__f_clk/X (sky130_fd_sc_hd__clkbuf_16)
                                                         clknet_2_2__leaf_clk (net)
                      0.051032    0.000317    0.346861 ^ _662_/CLK (sky130_fd_sc_hd__dfrtp_1)
                                  0.125000    0.471861   clock uncertainty
                                  0.000000    0.471861   clock reconvergence pessimism
                                 -0.032338    0.439523   library hold time
                                              0.439523   data required time
---------------------------------------------------------------------------------------------
                                              0.439523   data required time
                                             -1.397894   data arrival time
---------------------------------------------------------------------------------------------
                                              0.958371   slack (MET)


Startpoint: _668_ (rising edge-triggered flip-flop clocked by clk)
Endpoint: _661_ (rising edge-triggered flip-flop clocked by clk)
Path Group: clk
Path Type: min

Fanout         Cap        Slew       Delay        Time   Description
---------------------------------------------------------------------------------------------
                                  0.000000    0.000000   clock clk (rise edge)
                                  0.000000    0.000000   clock source latency
     1    0.014645    0.250000    0.000000    0.000000 ^ clk (in)
                                                         clk (net)
                      0.250561    0.000281    0.000281 ^ clkbuf_0_clk/A (sky130_fd_sc_hd__clkbuf_16)
     4    0.036147    0.059248    0.206418    0.206699 ^ clkbuf_0_clk/X (sky130_fd_sc_hd__clkbuf_16)
                                                         clknet_0_clk (net)
                      0.059248    0.000153    0.206852 ^ clkbuf_2_0__f_clk/A (sky130_fd_sc_hd__clkbuf_16)
    12    0.029467    0.050586    0.139228    0.346081 ^ clkbuf_2_0__f_clk/X (sky130_fd_sc_hd__clkbuf_16)
                                                         clknet_2_0__leaf_clk (net)
                      0.050587    0.000435    0.346516 ^ _668_/CLK (sky130_fd_sc_hd__dfrtp_1)
     2    0.007405    0.060472    0.380740    0.727256 v _668_/Q (sky130_fd_sc_hd__dfrtp_1)
                                                         a_reg[3] (net)
                      0.060472    0.000070    0.727325 v fanout52/A (sky130_fd_sc_hd__buf_1)
     5    0.013046    0.081129    0.140013    0.867339 v fanout52/X (sky130_fd_sc_hd__buf_1)
                                                         net52 (net)
                      0.081129    0.000002    0.867341 v _554_/A1 (sky130_fd_sc_hd__a31o_1)
     2    0.008962    0.060578    0.214552    1.081892 v _554_/X (sky130_fd_sc_hd__a31o_1)
                                                         _225_ (net)
                      0.060578    0.000117    1.082009 v _572_/A (sky130_fd_sc_hd__nand2_1)
     2    0.005467    0.062561    0.077158    1.159167 ^ _572_/Y (sky130_fd_sc_hd__nand2_1)
                                                         _243_ (net)
                      0.062561    0.000012    1.159179 ^ _594_/B (sky130_fd_sc_hd__nand3_1)
     1    0.002497    0.049279    0.069574    1.228753 v _594_/Y (sky130_fd_sc_hd__nand3_1)
                                                         _264_ (net)
                      0.049279    0.000004    1.228757 v _595_/B (sky130_fd_sc_hd__nand2_1)
     2    0.007086    0.075768    0.089734    1.318491 ^ _595_/Y (sky130_fd_sc_hd__nand2_1)
                                                         _265_ (net)
                      0.075768    0.000020    1.318511 ^ _601_/A (sky130_fd_sc_hd__xnor2_1)
     1    0.002740    0.034509    0.071536    1.390047 v _601_/Y (sky130_fd_sc_hd__xnor2_1)
                                                         product_reg[12] (net)
                      0.034509    0.000010    1.390057 v _661_/D (sky130_fd_sc_hd__dfrtp_1)
                                              1.390057   data arrival time

                                  0.000000    0.000000   clock clk (rise edge)
                                  0.000000    0.000000   clock source latency
     1    0.014645    0.250000    0.000000    0.000000 ^ clk (in)
                                                         clk (net)
                      0.250561    0.000281    0.000281 ^ clkbuf_0_clk/A (sky130_fd_sc_hd__clkbuf_16)
     4    0.036147    0.059248    0.206418    0.206699 ^ clkbuf_0_clk/X (sky130_fd_sc_hd__clkbuf_16)
                                                         clknet_0_clk (net)
                      0.059248    0.000161    0.206860 ^ clkbuf_2_2__f_clk/A (sky130_fd_sc_hd__clkbuf_16)
     7    0.029949    0.051031    0.139685    0.346544 ^ clkbuf_2_2__f_clk/X (sky130_fd_sc_hd__clkbuf_16)
                                                         clknet_2_2__leaf_clk (net)
                      0.051032    0.000247    0.346791 ^ _661_/CLK (sky130_fd_sc_hd__dfrtp_1)
                                  0.125000    0.471791   clock uncertainty
                                  0.000000    0.471791   clock reconvergence pessimism
                                 -0.040129    0.431663   library hold time
                                              0.431663   data required time
---------------------------------------------------------------------------------------------
                                              0.431663   data required time
                                             -1.390057   data arrival time
---------------------------------------------------------------------------------------------
                                              0.958394   slack (MET)


Startpoint: _667_ (rising edge-triggered flip-flop clocked by clk)
Endpoint: _659_ (rising edge-triggered flip-flop clocked by clk)
Path Group: clk
Path Type: min

Fanout         Cap        Slew       Delay        Time   Description
---------------------------------------------------------------------------------------------
                                  0.000000    0.000000   clock clk (rise edge)
                                  0.000000    0.000000   clock source latency
     1    0.014645    0.250000    0.000000    0.000000 ^ clk (in)
                                                         clk (net)
                      0.250561    0.000281    0.000281 ^ clkbuf_0_clk/A (sky130_fd_sc_hd__clkbuf_16)
     4    0.036147    0.059248    0.206418    0.206699 ^ clkbuf_0_clk/X (sky130_fd_sc_hd__clkbuf_16)
                                                         clknet_0_clk (net)
                      0.059248    0.000153    0.206852 ^ clkbuf_2_0__f_clk/A (sky130_fd_sc_hd__clkbuf_16)
    12    0.029467    0.050586    0.139228    0.346081 ^ clkbuf_2_0__f_clk/X (sky130_fd_sc_hd__clkbuf_16)
                                                         clknet_2_0__leaf_clk (net)
                      0.050586    0.000350    0.346431 ^ _667_/CLK (sky130_fd_sc_hd__dfrtp_1)
     2    0.007469    0.060794    0.381076    0.727508 v _667_/Q (sky130_fd_sc_hd__dfrtp_1)
                                                         a_reg[2] (net)
                      0.060794    0.000082    0.727589 v fanout54/A (sky130_fd_sc_hd__buf_1)
     5    0.012571    0.078529    0.138128    0.865717 v fanout54/X (sky130_fd_sc_hd__buf_1)
                                                         net54 (net)
                      0.078529    0.000072    0.865790 v _495_/A1 (sky130_fd_sc_hd__a31o_1)
     2    0.007809    0.056892    0.207819    1.073608 v _495_/X (sky130_fd_sc_hd__a31o_1)
                                                         _168_ (net)
                      0.056892    0.000056    1.073664 v _516_/A (sky130_fd_sc_hd__nand2_1)
     2    0.004593    0.054560    0.069998    1.143662 ^ _516_/Y (sky130_fd_sc_hd__nand2_1)
                                                         _189_ (net)
                      0.054560    0.000009    1.143671 ^ _548_/A2 (sky130_fd_sc_hd__a21oi_1)
     3    0.007143    0.047056    0.084534    1.228205 v _548_/Y (sky130_fd_sc_hd__a21oi_1)
                                                         _220_ (net)
                      0.047056    0.000029    1.228234 v _549_/B (sky130_fd_sc_hd__nor2_1)
     1    0.004947    0.114093    0.108761    1.336994 ^ _549_/Y (sky130_fd_sc_hd__nor2_1)
                                                         _221_ (net)
                      0.114093    0.000008    1.337002 ^ _553_/A (sky130_fd_sc_hd__xnor2_1)
     1    0.002661    0.037214    0.081452    1.418454 v _553_/Y (sky130_fd_sc_hd__xnor2_1)
                                                         product_reg[10] (net)
                      0.037214    0.000009    1.418463 v _659_/D (sky130_fd_sc_hd__dfrtp_1)
                                              1.418463   data arrival time

                                  0.000000    0.000000   clock clk (rise edge)
                                  0.000000    0.000000   clock source latency
     1    0.014645    0.250000    0.000000    0.000000 ^ clk (in)
                                                         clk (net)
                      0.250561    0.000281    0.000281 ^ clkbuf_0_clk/A (sky130_fd_sc_hd__clkbuf_16)
     4    0.036147    0.059248    0.206418    0.206699 ^ clkbuf_0_clk/X (sky130_fd_sc_hd__clkbuf_16)
                                                         clknet_0_clk (net)
                      0.059248    0.000170    0.206869 ^ clkbuf_2_3__f_clk/A (sky130_fd_sc_hd__clkbuf_16)
     8    0.030366    0.051410    0.140056    0.346925 ^ clkbuf_2_3__f_clk/X (sky130_fd_sc_hd__clkbuf_16)
                                                         clknet_2_3__leaf_clk (net)
                      0.051410    0.000102    0.347027 ^ _659_/CLK (sky130_fd_sc_hd__dfrtp_1)
                                  0.125000    0.472027   clock uncertainty
                                  0.000000    0.472027   clock reconvergence pessimism
                                 -0.041144    0.430883   library hold time
                                              0.430883   data required time
---------------------------------------------------------------------------------------------
                                              0.430883   data required time
                                             -1.418463   data arrival time
---------------------------------------------------------------------------------------------
                                              0.987580   slack (MET)


Startpoint: _665_ (rising edge-triggered flip-flop clocked by clk)
Endpoint: _689_ (rising edge-triggered flip-flop clocked by clk)
Path Group: clk
Path Type: min

Fanout         Cap        Slew       Delay        Time   Description
---------------------------------------------------------------------------------------------
                                  0.000000    0.000000   clock clk (rise edge)
                                  0.000000    0.000000   clock source latency
     1    0.014645    0.250000    0.000000    0.000000 ^ clk (in)
                                                         clk (net)
                      0.250561    0.000281    0.000281 ^ clkbuf_0_clk/A (sky130_fd_sc_hd__clkbuf_16)
     4    0.036147    0.059248    0.206418    0.206699 ^ clkbuf_0_clk/X (sky130_fd_sc_hd__clkbuf_16)
                                                         clknet_0_clk (net)
                      0.059248    0.000155    0.206854 ^ clkbuf_2_1__f_clk/A (sky130_fd_sc_hd__clkbuf_16)
     8    0.030492    0.051517    0.140144    0.346998 ^ clkbuf_2_1__f_clk/X (sky130_fd_sc_hd__clkbuf_16)
                                                         clknet_2_1__leaf_clk (net)
                      0.051517    0.000148    0.347146 ^ _665_/CLK (sky130_fd_sc_hd__dfrtp_1)
     4    0.013543    0.129296    0.387031    0.734177 ^ _665_/Q (sky130_fd_sc_hd__dfrtp_1)
                                                         a_reg[0] (net)
                      0.129296    0.000264    0.734441 ^ _427_/A (sky130_fd_sc_hd__and3_1)
     2    0.005249    0.072614    0.179859    0.914300 ^ _427_/X (sky130_fd_sc_hd__and3_1)
                                                         _102_ (net)
                      0.072614    0.000000    0.914301 ^ _460_/B1 (sky130_fd_sc_hd__a31o_1)
     2    0.008150    0.086850    0.132380    1.046681 ^ _460_/X (sky130_fd_sc_hd__a31o_1)
                                                         _134_ (net)
                      0.086850    0.000051    1.046732 ^ _487_/A (sky130_fd_sc_hd__xor2_1)
     3    0.008110    0.059040    0.097809    1.144541 v _487_/X (sky130_fd_sc_hd__xor2_1)
                                                         _161_ (net)
                      0.059040    0.000021    1.144562 v _491_/A (sky130_fd_sc_hd__xnor2_1)
     2    0.008096    0.072415    0.155352    1.299914 v _491_/Y (sky130_fd_sc_hd__xnor2_1)
                                                         _165_ (net)
                      0.072415    0.000023    1.299937 v _493_/A (sky130_fd_sc_hd__xnor2_1)
     1    0.002758    0.037908    0.131139    1.431076 v _493_/Y (sky130_fd_sc_hd__xnor2_1)
                                                         product_reg[8] (net)
                      0.037908    0.000008    1.431084 v _689_/D (sky130_fd_sc_hd__dfrtp_1)
                                              1.431084   data arrival time

                                  0.000000    0.000000   clock clk (rise edge)
                                  0.000000    0.000000   clock source latency
     1    0.014645    0.250000    0.000000    0.000000 ^ clk (in)
                                                         clk (net)
                      0.250561    0.000281    0.000281 ^ clkbuf_0_clk/A (sky130_fd_sc_hd__clkbuf_16)
     4    0.036147    0.059248    0.206418    0.206699 ^ clkbuf_0_clk/X (sky130_fd_sc_hd__clkbuf_16)
                                                         clknet_0_clk (net)
                      0.059248    0.000170    0.206869 ^ clkbuf_2_3__f_clk/A (sky130_fd_sc_hd__clkbuf_16)
     8    0.030366    0.051410    0.140056    0.346925 ^ clkbuf_2_3__f_clk/X (sky130_fd_sc_hd__clkbuf_16)
                                                         clknet_2_3__leaf_clk (net)
                      0.051410    0.000124    0.347049 ^ _689_/CLK (sky130_fd_sc_hd__dfrtp_1)
                                  0.125000    0.472049   clock uncertainty
                                  0.000000    0.472049   clock reconvergence pessimism
                                 -0.041426    0.430623   library hold time
                                              0.430623   data required time
---------------------------------------------------------------------------------------------
                                              0.430623   data required time
                                             -1.431084   data arrival time
---------------------------------------------------------------------------------------------
                                              1.000462   slack (MET)


Startpoint: _668_ (rising edge-triggered flip-flop clocked by clk)
Endpoint: _660_ (rising edge-triggered flip-flop clocked by clk)
Path Group: clk
Path Type: min

Fanout         Cap        Slew       Delay        Time   Description
---------------------------------------------------------------------------------------------
                                  0.000000    0.000000   clock clk (rise edge)
                                  0.000000    0.000000   clock source latency
     1    0.014645    0.250000    0.000000    0.000000 ^ clk (in)
                                                         clk (net)
                      0.250561    0.000281    0.000281 ^ clkbuf_0_clk/A (sky130_fd_sc_hd__clkbuf_16)
     4    0.036147    0.059248    0.206418    0.206699 ^ clkbuf_0_clk/X (sky130_fd_sc_hd__clkbuf_16)
                                                         clknet_0_clk (net)
                      0.059248    0.000153    0.206852 ^ clkbuf_2_0__f_clk/A (sky130_fd_sc_hd__clkbuf_16)
    12    0.029467    0.050586    0.139228    0.346081 ^ clkbuf_2_0__f_clk/X (sky130_fd_sc_hd__clkbuf_16)
                                                         clknet_2_0__leaf_clk (net)
                      0.050587    0.000435    0.346516 ^ _668_/CLK (sky130_fd_sc_hd__dfrtp_1)
     2    0.007405    0.060472    0.380740    0.727256 v _668_/Q (sky130_fd_sc_hd__dfrtp_1)
                                                         a_reg[3] (net)
                      0.060472    0.000070    0.727325 v fanout52/A (sky130_fd_sc_hd__buf_1)
     5    0.013046    0.081129    0.140013    0.867339 v fanout52/X (sky130_fd_sc_hd__buf_1)
                                                         net52 (net)
                      0.081129    0.000039    0.867378 v _524_/A1 (sky130_fd_sc_hd__a31o_1)
     2    0.008035    0.057812    0.210011    1.077389 v _524_/X (sky130_fd_sc_hd__a31o_1)
                                                         _196_ (net)
                      0.057812    0.000065    1.077454 v _545_/A (sky130_fd_sc_hd__nand2_1)
     2    0.005338    0.061114    0.075129    1.152582 ^ _545_/Y (sky130_fd_sc_hd__nand2_1)
                                                         _217_ (net)
                      0.061114    0.000010    1.152593 ^ _575_/B (sky130_fd_sc_hd__nand3_1)
     4    0.009767    0.112339    0.120990    1.273583 v _575_/Y (sky130_fd_sc_hd__nand3_1)
                                                         _246_ (net)
                      0.112339    0.000041    1.273624 v _576_/B (sky130_fd_sc_hd__nand2b_1)
     1    0.004750    0.066696    0.108306    1.381930 ^ _576_/Y (sky130_fd_sc_hd__nand2b_1)
                                                         _247_ (net)
                      0.066696    0.000006    1.381937 ^ _578_/A (sky130_fd_sc_hd__xor2_1)
     1    0.002465    0.035596    0.062899    1.444835 v _578_/X (sky130_fd_sc_hd__xor2_1)
                                                         product_reg[11] (net)
                      0.035596    0.000007    1.444843 v _660_/D (sky130_fd_sc_hd__dfrtp_1)
                                              1.444843   data arrival time

                                  0.000000    0.000000   clock clk (rise edge)
                                  0.000000    0.000000   clock source latency
     1    0.014645    0.250000    0.000000    0.000000 ^ clk (in)
                                                         clk (net)
                      0.250561    0.000281    0.000281 ^ clkbuf_0_clk/A (sky130_fd_sc_hd__clkbuf_16)
     4    0.036147    0.059248    0.206418    0.206699 ^ clkbuf_0_clk/X (sky130_fd_sc_hd__clkbuf_16)
                                                         clknet_0_clk (net)
                      0.059248    0.000170    0.206869 ^ clkbuf_2_3__f_clk/A (sky130_fd_sc_hd__clkbuf_16)
     8    0.030366    0.051410    0.140056    0.346925 ^ clkbuf_2_3__f_clk/X (sky130_fd_sc_hd__clkbuf_16)
                                                         clknet_2_3__leaf_clk (net)
                      0.051410    0.000110    0.347034 ^ _660_/CLK (sky130_fd_sc_hd__dfrtp_1)
                                  0.125000    0.472034   clock uncertainty
                                  0.000000    0.472034   clock reconvergence pessimism
                                 -0.040485    0.431549   library hold time
                                              0.431549   data required time
---------------------------------------------------------------------------------------------
                                              0.431549   data required time
                                             -1.444843   data arrival time
---------------------------------------------------------------------------------------------
                                              1.013294   slack (MET)


Startpoint: _679_ (rising edge-triggered flip-flop clocked by clk)
Endpoint: _688_ (rising edge-triggered flip-flop clocked by clk)
Path Group: clk
Path Type: min

Fanout         Cap        Slew       Delay        Time   Description
---------------------------------------------------------------------------------------------
                                  0.000000    0.000000   clock clk (rise edge)
                                  0.000000    0.000000   clock source latency
     1    0.014645    0.250000    0.000000    0.000000 ^ clk (in)
                                                         clk (net)
                      0.250561    0.000281    0.000281 ^ clkbuf_0_clk/A (sky130_fd_sc_hd__clkbuf_16)
     4    0.036147    0.059248    0.206418    0.206699 ^ clkbuf_0_clk/X (sky130_fd_sc_hd__clkbuf_16)
                                                         clknet_0_clk (net)
                      0.059248    0.000161    0.206860 ^ clkbuf_2_2__f_clk/A (sky130_fd_sc_hd__clkbuf_16)
     7    0.029949    0.051031    0.139685    0.346544 ^ clkbuf_2_2__f_clk/X (sky130_fd_sc_hd__clkbuf_16)
                                                         clknet_2_2__leaf_clk (net)
                      0.051033    0.000466    0.347010 ^ _679_/CLK (sky130_fd_sc_hd__dfrtp_1)
     2    0.007133    0.059116    0.379450    0.726460 v _679_/Q (sky130_fd_sc_hd__dfrtp_1)
                                                         b_reg[6] (net)
                      0.059116    0.000051    0.726512 v fanout36/A (sky130_fd_sc_hd__dlymetal6s2s_1)
     6    0.016467    0.094269    0.193072    0.919584 v fanout36/X (sky130_fd_sc_hd__dlymetal6s2s_1)
                                                         net36 (net)
                      0.094269    0.000069    0.919653 v _389_/C1 (sky130_fd_sc_hd__o211a_1)
     4    0.010877    0.065242    0.162833    1.082486 v _389_/X (sky130_fd_sc_hd__o211a_1)
                                                         _065_ (net)
                      0.065242    0.000035    1.082521 v _452_/A (sky130_fd_sc_hd__nand3_1)
     3    0.007796    0.095970    0.104760    1.187280 ^ _452_/Y (sky130_fd_sc_hd__nand3_1)
                                                         _127_ (net)
                      0.095970    0.000030    1.187311 ^ _454_/A1 (sky130_fd_sc_hd__a21oi_1)
     1    0.002873    0.042614    0.070473    1.257783 v _454_/Y (sky130_fd_sc_hd__a21oi_1)
                                                         _129_ (net)
                      0.042614    0.000009    1.257792 v _457_/A (sky130_fd_sc_hd__nor2_1)
     1    0.004829    0.112130    0.120550    1.378343 ^ _457_/Y (sky130_fd_sc_hd__nor2_1)
                                                         _132_ (net)
                      0.112130    0.000008    1.378350 ^ _459_/A (sky130_fd_sc_hd__xor2_1)
     1    0.002468    0.035687    0.075401    1.453752 v _459_/X (sky130_fd_sc_hd__xor2_1)
                                                         product_reg[7] (net)
                      0.035687    0.000006    1.453758 v _688_/D (sky130_fd_sc_hd__dfrtp_1)
                                              1.453758   data arrival time

                                  0.000000    0.000000   clock clk (rise edge)
                                  0.000000    0.000000   clock source latency
     1    0.014645    0.250000    0.000000    0.000000 ^ clk (in)
                                                         clk (net)
                      0.250561    0.000281    0.000281 ^ clkbuf_0_clk/A (sky130_fd_sc_hd__clkbuf_16)
     4    0.036147    0.059248    0.206418    0.206699 ^ clkbuf_0_clk/X (sky130_fd_sc_hd__clkbuf_16)
                                                         clknet_0_clk (net)
                      0.059248    0.000170    0.206869 ^ clkbuf_2_3__f_clk/A (sky130_fd_sc_hd__clkbuf_16)
     8    0.030366    0.051410    0.140056    0.346925 ^ clkbuf_2_3__f_clk/X (sky130_fd_sc_hd__clkbuf_16)
                                                         clknet_2_3__leaf_clk (net)
                      0.051410    0.000104    0.347029 ^ _688_/CLK (sky130_fd_sc_hd__dfrtp_1)
                                  0.125000    0.472029   clock uncertainty
                                  0.000000    0.472029   clock reconvergence pessimism
                                 -0.040522    0.431506   library hold time
                                              0.431506   data required time
---------------------------------------------------------------------------------------------
                                              0.431506   data required time
                                             -1.453758   data arrival time
---------------------------------------------------------------------------------------------
                                              1.022251   slack (MET)


Startpoint: _675_ (rising edge-triggered flip-flop clocked by clk)
Endpoint: _686_ (rising edge-triggered flip-flop clocked by clk)
Path Group: clk
Path Type: min

Fanout         Cap        Slew       Delay        Time   Description
---------------------------------------------------------------------------------------------
                                  0.000000    0.000000   clock clk (rise edge)
                                  0.000000    0.000000   clock source latency
     1    0.014645    0.250000    0.000000    0.000000 ^ clk (in)
                                                         clk (net)
                      0.250561    0.000281    0.000281 ^ clkbuf_0_clk/A (sky130_fd_sc_hd__clkbuf_16)
     4    0.036147    0.059248    0.206418    0.206699 ^ clkbuf_0_clk/X (sky130_fd_sc_hd__clkbuf_16)
                                                         clknet_0_clk (net)
                      0.059248    0.000153    0.206852 ^ clkbuf_2_0__f_clk/A (sky130_fd_sc_hd__clkbuf_16)
    12    0.029467    0.050586    0.139228    0.346081 ^ clkbuf_2_0__f_clk/X (sky130_fd_sc_hd__clkbuf_16)
                                                         clknet_2_0__leaf_clk (net)
                      0.050586    0.000376    0.346457 ^ _675_/CLK (sky130_fd_sc_hd__dfrtp_4)
    10    0.032921    0.121217    0.465723    0.812180 ^ _675_/Q (sky130_fd_sc_hd__dfrtp_4)
                                                         b_reg[2] (net)
                      0.121217    0.000351    0.812530 ^ _326_/B (sky130_fd_sc_hd__nand2_1)
     1    0.004563    0.050211    0.078059    0.890590 v _326_/Y (sky130_fd_sc_hd__nand2_1)
                                                         _294_ (net)
                      0.050211    0.000004    0.890594 v _330_/A (sky130_fd_sc_hd__xnor2_1)
     2    0.004131    0.043995    0.129087    1.019681 v _330_/Y (sky130_fd_sc_hd__xnor2_1)
                                                         _298_ (net)
                      0.043995    0.000008    1.019688 v _331_/B (sky130_fd_sc_hd__nand2_1)
     3    0.006500    0.070781    0.083733    1.103421 ^ _331_/Y (sky130_fd_sc_hd__nand2_1)
                                                         _299_ (net)
                      0.070781    0.000025    1.103446 ^ _345_/A (sky130_fd_sc_hd__nor2_1)
     3    0.007214    0.038244    0.064389    1.167835 v _345_/Y (sky130_fd_sc_hd__nor2_1)
                                                         _312_ (net)
                      0.038244    0.000027    1.167862 v _364_/A (sky130_fd_sc_hd__and2_1)
     4    0.010185    0.063708    0.161829    1.329690 v _364_/X (sky130_fd_sc_hd__and2_1)
                                                         _041_ (net)
                      0.063708    0.000061    1.329751 v _625_/B1 (sky130_fd_sc_hd__a21oi_1)
     1    0.002950    0.092688    0.118118    1.447869 ^ _625_/Y (sky130_fd_sc_hd__a21oi_1)
                                                         _291_ (net)
                      0.092688    0.000007    1.447876 ^ _626_/B (sky130_fd_sc_hd__nor2_1)
     1    0.002193    0.028829    0.043830    1.491706 v _626_/Y (sky130_fd_sc_hd__nor2_1)
                                                         product_reg[5] (net)
                      0.028829    0.000003    1.491709 v _686_/D (sky130_fd_sc_hd__dfrtp_1)
                                              1.491709   data arrival time

                                  0.000000    0.000000   clock clk (rise edge)
                                  0.000000    0.000000   clock source latency
     1    0.014645    0.250000    0.000000    0.000000 ^ clk (in)
                                                         clk (net)
                      0.250561    0.000281    0.000281 ^ clkbuf_0_clk/A (sky130_fd_sc_hd__clkbuf_16)
     4    0.036147    0.059248    0.206418    0.206699 ^ clkbuf_0_clk/X (sky130_fd_sc_hd__clkbuf_16)
                                                         clknet_0_clk (net)
                      0.059248    0.000170    0.206869 ^ clkbuf_2_3__f_clk/A (sky130_fd_sc_hd__clkbuf_16)
     8    0.030366    0.051410    0.140056    0.346925 ^ clkbuf_2_3__f_clk/X (sky130_fd_sc_hd__clkbuf_16)
                                                         clknet_2_3__leaf_clk (net)
                      0.051410    0.000121    0.347046 ^ _686_/CLK (sky130_fd_sc_hd__dfrtp_1)
                                  0.125000    0.472046   clock uncertainty
                                  0.000000    0.472046   clock reconvergence pessimism
                                 -0.037730    0.434315   library hold time
                                              0.434315   data required time
---------------------------------------------------------------------------------------------
                                              0.434315   data required time
                                             -1.491709   data arrival time
---------------------------------------------------------------------------------------------
                                              1.057393   slack (MET)


Startpoint: _667_ (rising edge-triggered flip-flop clocked by clk)
Endpoint: _658_ (rising edge-triggered flip-flop clocked by clk)
Path Group: clk
Path Type: min

Fanout         Cap        Slew       Delay        Time   Description
---------------------------------------------------------------------------------------------
                                  0.000000    0.000000   clock clk (rise edge)
                                  0.000000    0.000000   clock source latency
     1    0.014645    0.250000    0.000000    0.000000 ^ clk (in)
                                                         clk (net)
                      0.250561    0.000281    0.000281 ^ clkbuf_0_clk/A (sky130_fd_sc_hd__clkbuf_16)
     4    0.036147    0.059248    0.206418    0.206699 ^ clkbuf_0_clk/X (sky130_fd_sc_hd__clkbuf_16)
                                                         clknet_0_clk (net)
                      0.059248    0.000153    0.206852 ^ clkbuf_2_0__f_clk/A (sky130_fd_sc_hd__clkbuf_16)
    12    0.029467    0.050586    0.139228    0.346081 ^ clkbuf_2_0__f_clk/X (sky130_fd_sc_hd__clkbuf_16)
                                                         clknet_2_0__leaf_clk (net)
                      0.050586    0.000350    0.346431 ^ _667_/CLK (sky130_fd_sc_hd__dfrtp_1)
     2    0.007875    0.084354    0.351366    0.697798 ^ _667_/Q (sky130_fd_sc_hd__dfrtp_1)
                                                         a_reg[2] (net)
                      0.084354    0.000087    0.697885 ^ fanout54/A (sky130_fd_sc_hd__buf_1)
     5    0.013178    0.161175    0.174560    0.872445 ^ fanout54/X (sky130_fd_sc_hd__buf_1)
                                                         net54 (net)
                      0.161175    0.000076    0.872521 ^ _495_/A1 (sky130_fd_sc_hd__a31o_1)
     2    0.008264    0.087787    0.194215    1.066735 ^ _495_/X (sky130_fd_sc_hd__a31o_1)
                                                         _168_ (net)
                      0.087787    0.000057    1.066793 ^ _517_/A (sky130_fd_sc_hd__xor2_1)
     2    0.003565    0.040375    0.074644    1.141437 v _517_/X (sky130_fd_sc_hd__xor2_1)
                                                         _190_ (net)
                      0.040375    0.000008    1.141446 v _520_/B (sky130_fd_sc_hd__and2_1)
     4    0.009768    0.061996    0.179766    1.321211 v _520_/X (sky130_fd_sc_hd__and2_1)
                                                         _193_ (net)
                      0.061996    0.000031    1.321242 v _521_/B (sky130_fd_sc_hd__nor2_1)
     1    0.004738    0.111039    0.111609    1.432851 ^ _521_/Y (sky130_fd_sc_hd__nor2_1)
                                                         _194_ (net)
                      0.111039    0.000004    1.432855 ^ _523_/A (sky130_fd_sc_hd__xor2_1)
     1    0.003891    0.040499    0.083016    1.515871 v _523_/X (sky130_fd_sc_hd__xor2_1)
                                                         product_reg[9] (net)
                      0.040499    0.000027    1.515898 v _658_/D (sky130_fd_sc_hd__dfrtp_1)
                                              1.515898   data arrival time

                                  0.000000    0.000000   clock clk (rise edge)
                                  0.000000    0.000000   clock source latency
     1    0.014645    0.250000    0.000000    0.000000 ^ clk (in)
                                                         clk (net)
                      0.250561    0.000281    0.000281 ^ clkbuf_0_clk/A (sky130_fd_sc_hd__clkbuf_16)
     4    0.036147    0.059248    0.206418    0.206699 ^ clkbuf_0_clk/X (sky130_fd_sc_hd__clkbuf_16)
                                                         clknet_0_clk (net)
                      0.059248    0.000170    0.206869 ^ clkbuf_2_3__f_clk/A (sky130_fd_sc_hd__clkbuf_16)
     8    0.030366    0.051410    0.140056    0.346925 ^ clkbuf_2_3__f_clk/X (sky130_fd_sc_hd__clkbuf_16)
                                                         clknet_2_3__leaf_clk (net)
                      0.051410    0.000133    0.347058 ^ _658_/CLK (sky130_fd_sc_hd__dfrtp_1)
                                  0.125000    0.472058   clock uncertainty
                                  0.000000    0.472058   clock reconvergence pessimism
                                 -0.042481    0.429577   library hold time
                                              0.429577   data required time
---------------------------------------------------------------------------------------------
                                              0.429577   data required time
                                             -1.515898   data arrival time
---------------------------------------------------------------------------------------------
                                              1.086321   slack (MET)


Startpoint: _665_ (rising edge-triggered flip-flop clocked by clk)
Endpoint: _687_ (rising edge-triggered flip-flop clocked by clk)
Path Group: clk
Path Type: min

Fanout         Cap        Slew       Delay        Time   Description
---------------------------------------------------------------------------------------------
                                  0.000000    0.000000   clock clk (rise edge)
                                  0.000000    0.000000   clock source latency
     1    0.014645    0.250000    0.000000    0.000000 ^ clk (in)
                                                         clk (net)
                      0.250561    0.000281    0.000281 ^ clkbuf_0_clk/A (sky130_fd_sc_hd__clkbuf_16)
     4    0.036147    0.059248    0.206418    0.206699 ^ clkbuf_0_clk/X (sky130_fd_sc_hd__clkbuf_16)
                                                         clknet_0_clk (net)
                      0.059248    0.000155    0.206854 ^ clkbuf_2_1__f_clk/A (sky130_fd_sc_hd__clkbuf_16)
     8    0.030492    0.051517    0.140144    0.346998 ^ clkbuf_2_1__f_clk/X (sky130_fd_sc_hd__clkbuf_16)
                                                         clknet_2_1__leaf_clk (net)
                      0.051517    0.000148    0.347146 ^ _665_/CLK (sky130_fd_sc_hd__dfrtp_1)
     4    0.013543    0.129296    0.387031    0.734177 ^ _665_/Q (sky130_fd_sc_hd__dfrtp_1)
                                                         a_reg[0] (net)
                      0.129296    0.000272    0.734449 ^ _390_/A1 (sky130_fd_sc_hd__a211oi_1)
     1    0.002305    0.037233    0.083576    0.818026 v _390_/Y (sky130_fd_sc_hd__a211oi_1)
                                                         _066_ (net)
                      0.037233    0.000000    0.818026 v _391_/B (sky130_fd_sc_hd__nor2_1)
     2    0.007811    0.161869    0.140918    0.958945 ^ _391_/Y (sky130_fd_sc_hd__nor2_1)
                                                         _067_ (net)
                      0.161869    0.000034    0.958978 ^ _412_/B1 (sky130_fd_sc_hd__a21o_1)
     2    0.005236    0.057423    0.117771    1.076749 ^ _412_/X (sky130_fd_sc_hd__a21o_1)
                                                         _088_ (net)
                      0.057423    0.000010    1.076759 ^ _414_/A2 (sky130_fd_sc_hd__a211oi_1)
     3    0.007468    0.064818    0.092079    1.168838 v _414_/Y (sky130_fd_sc_hd__a211oi_1)
                                                         _090_ (net)
                      0.064818    0.000013    1.168851 v _418_/B (sky130_fd_sc_hd__nor3_1)
     2    0.004628    0.197279    0.205010    1.373862 ^ _418_/Y (sky130_fd_sc_hd__nor3_1)
                                                         _094_ (net)
                      0.197279    0.000006    1.373868 ^ _420_/A (sky130_fd_sc_hd__or2_1)
     1    0.005085    0.061027    0.147050    1.520918 ^ _420_/X (sky130_fd_sc_hd__or2_1)
                                                         _096_ (net)
                      0.061027    0.000008    1.520927 ^ _423_/A (sky130_fd_sc_hd__xnor2_1)
     1    0.002469    0.035961    0.065923    1.586849 v _423_/Y (sky130_fd_sc_hd__xnor2_1)
                                                         product_reg[6] (net)
                      0.035961    0.000007    1.586857 v _687_/D (sky130_fd_sc_hd__dfrtp_1)
                                              1.586857   data arrival time

                                  0.000000    0.000000   clock clk (rise edge)
                                  0.000000    0.000000   clock source latency
     1    0.014645    0.250000    0.000000    0.000000 ^ clk (in)
                                                         clk (net)
                      0.250561    0.000281    0.000281 ^ clkbuf_0_clk/A (sky130_fd_sc_hd__clkbuf_16)
     4    0.036147    0.059248    0.206418    0.206699 ^ clkbuf_0_clk/X (sky130_fd_sc_hd__clkbuf_16)
                                                         clknet_0_clk (net)
                      0.059248    0.000170    0.206869 ^ clkbuf_2_3__f_clk/A (sky130_fd_sc_hd__clkbuf_16)
     8    0.030366    0.051410    0.140056    0.346925 ^ clkbuf_2_3__f_clk/X (sky130_fd_sc_hd__clkbuf_16)
                                                         clknet_2_3__leaf_clk (net)
                      0.051410    0.000108    0.347033 ^ _687_/CLK (sky130_fd_sc_hd__dfrtp_1)
                                  0.125000    0.472033   clock uncertainty
                                  0.000000    0.472033   clock reconvergence pessimism
                                 -0.040634    0.431399   library hold time
                                              0.431399   data required time
---------------------------------------------------------------------------------------------
                                              0.431399   data required time
                                             -1.586857   data arrival time
---------------------------------------------------------------------------------------------
                                              1.155458   slack (MET)



