Clock: clk
Sources: clk 
Generated: no
Virtual: yes
Propagated: no
Period: 6.250000

===========================================================================
report_clock_properties
============================================================================
Clock                   Period          Waveform
----------------------------------------------------
clk                   6.250000    0.000000  3.125000

===========================================================================
report_clock_latency
============================================================================
Clock clk
rise -> rise
    min     max
0.000000 0.000000 source latency
0.417177         network latency _794_/CLK
        0.427937 network latency _764_/CLK
---------------
0.417177 0.427937 latency
        0.010759 skew

fall -> fall
    min     max
0.000000 0.000000 source latency
0.377362         network latency _794_/CLK
        0.385823 network latency _764_/CLK
---------------
0.377362 0.385823 latency
        0.008462 skew



===========================================================================
report_clock_min_period
============================================================================
clk period_min = 2.84 fmax = 352.16
