Clock: clk
Sources: clk 
Generated: no
Virtual: no
Propagated: no
Period: 12.500000

===========================================================================
report_clock_properties
============================================================================
Clock                   Period          Waveform
----------------------------------------------------
clk                  12.500000    0.000000  6.250000

===========================================================================
report_clock_latency
============================================================================
Clock clk
rise -> rise
    min     max
0.000000 0.000000 source latency
0.283547         network latency _658_/CLK
        0.283547 network latency _658_/CLK
---------------
0.283547 0.283547 latency
        0.000000 skew

fall -> fall
    min     max
0.000000 0.000000 source latency
0.158807         network latency _658_/CLK
        0.158807 network latency _658_/CLK
---------------
0.158807 0.158807 latency
        0.000000 skew



===========================================================================
report_clock_min_period
============================================================================
clk period_min = 9.65 fmax = 103.58
