
===========================================================================
report_checks -unconstrained
===========================================================================
======================= min_ff_n40C_1v95 Corner ===================================

Startpoint: rst (input port clocked by clk)
Endpoint: _772_ (recovery check against rising-edge clock clk)
Path Group: asynchronous
Path Type: max

Fanout         Cap        Slew       Delay        Time   Description
---------------------------------------------------------------------------------------------
                                  0.000000    0.000000   clock clk (rise edge)
                                  0.000000    0.000000   clock network delay (propagated)
                                  1.666600    1.666600 v input external delay
     1    0.002546    0.004361    0.002034    1.668634 v rst (in)
                                                         rst (net)
                      0.004361    0.000000    1.668634 v input17/A (sky130_fd_sc_hd__clkbuf_2)
     3    0.030132    0.081523    0.108522    1.777156 v input17/X (sky130_fd_sc_hd__clkbuf_2)
                                                         net17 (net)
                      0.081523    0.000129    1.777285 v fanout62/A (sky130_fd_sc_hd__buf_2)
     6    0.033742    0.062002    0.136970    1.914255 v fanout62/X (sky130_fd_sc_hd__buf_2)
                                                         net62 (net)
                      0.062002    0.000154    1.914409 v fanout59/A (sky130_fd_sc_hd__clkbuf_4)
     8    0.040623    0.064251    0.142834    2.057243 v fanout59/X (sky130_fd_sc_hd__clkbuf_4)
                                                         net59 (net)
                      0.064251    0.000247    2.057490 v fanout57/A (sky130_fd_sc_hd__buf_4)
    10    0.053154    0.057871    0.139269    2.196759 v fanout57/X (sky130_fd_sc_hd__buf_4)
                                                         net57 (net)
                      0.057873    0.000406    2.197166 v _708_/A (sky130_fd_sc_hd__inv_2)
     1    0.003934    0.024755    0.040183    2.237349 ^ _708_/Y (sky130_fd_sc_hd__inv_2)
                                                         _062_ (net)
                      0.024755    0.000014    2.237363 ^ _772_/RESET_B (sky130_fd_sc_hd__dfrtp_1)
                                              2.237363   data arrival time

                                  8.333000    8.333000   clock clk (rise edge)
                                  0.000000    8.333000   clock source latency
     1    0.018647    0.067052    0.046108    8.379108 ^ clk (in)
                                                         clk (net)
                      0.067078    0.000000    8.379108 ^ clkbuf_0_clk/A (sky130_fd_sc_hd__clkbuf_16)
     8    0.080682    0.074529    0.129176    8.508285 ^ clkbuf_0_clk/X (sky130_fd_sc_hd__clkbuf_16)
                                                         clknet_0_clk (net)
                      0.074612    0.001558    8.509842 ^ clkbuf_3_0__f_clk/A (sky130_fd_sc_hd__clkbuf_16)
     7    0.030212    0.038559    0.103538    8.613379 ^ clkbuf_3_0__f_clk/X (sky130_fd_sc_hd__clkbuf_16)
                                                         clknet_3_0__leaf_clk (net)
                      0.038563    0.000400    8.613779 ^ _772_/CLK (sky130_fd_sc_hd__dfrtp_1)
                                 -0.250000    8.363779   clock uncertainty
                                  0.000000    8.363779   clock reconvergence pessimism
                                  0.145962    8.509742   library recovery time
                                              8.509742   data required time
---------------------------------------------------------------------------------------------
                                              8.509742   data required time
                                             -2.237363   data arrival time
---------------------------------------------------------------------------------------------
                                              6.272378   slack (MET)


Startpoint: _768_ (rising edge-triggered flip-flop clocked by clk)
Endpoint: product[14] (output port clocked by clk)
Path Group: clk
Path Type: max

Fanout         Cap        Slew       Delay        Time   Description
---------------------------------------------------------------------------------------------
                                  0.000000    0.000000   clock clk (rise edge)
                                  0.000000    0.000000   clock source latency
     1    0.018647    0.067052    0.046108    0.046108 ^ clk (in)
                                                         clk (net)
                      0.067078    0.000000    0.046108 ^ clkbuf_0_clk/A (sky130_fd_sc_hd__clkbuf_16)
     8    0.080682    0.074529    0.129176    0.175284 ^ clkbuf_0_clk/X (sky130_fd_sc_hd__clkbuf_16)
                                                         clknet_0_clk (net)
                      0.074540    0.000955    0.176239 ^ clkbuf_3_7__f_clk/A (sky130_fd_sc_hd__clkbuf_16)
    11    0.036000    0.042671    0.106907    0.283146 ^ clkbuf_3_7__f_clk/X (sky130_fd_sc_hd__clkbuf_16)
                                                         clknet_3_7__leaf_clk (net)
                      0.042672    0.000347    0.283493 ^ _768_/CLK (sky130_fd_sc_hd__dfrtp_1)
     1    0.002730    0.027595    0.223245    0.506737 v _768_/Q (sky130_fd_sc_hd__dfrtp_1)
                                                         net23 (net)
                      0.027595    0.000033    0.506770 v output23/A (sky130_fd_sc_hd__buf_2)
     1    0.034336    0.062772    0.116541    0.623311 v output23/X (sky130_fd_sc_hd__buf_2)
                                                         product[14] (net)
                      0.062774    0.000391    0.623702 v product[14] (out)
                                              0.623702   data arrival time

                                  8.333000    8.333000   clock clk (rise edge)
                                  0.000000    8.333000   clock network delay (propagated)
                                 -0.250000    8.083000   clock uncertainty
                                  0.000000    8.083000   clock reconvergence pessimism
                                 -1.666600    6.416400   output external delay
                                              6.416400   data required time
---------------------------------------------------------------------------------------------
                                              6.416400   data required time
                                             -0.623702   data arrival time
---------------------------------------------------------------------------------------------
                                              5.792698   slack (MET)




===========================================================================
report_checks --slack_max -0.01
============================================================================
======================= min_ff_n40C_1v95 Corner ===================================

No paths found.


===========================================================================
 report_check_types -max_slew -max_cap -max_fanout -violators
============================================================================
======================= min_ff_n40C_1v95 Corner ===================================

max fanout

Pin                                   Limit Fanout  Slack
---------------------------------------------------------
clkbuf_3_2__f_clk/X                      10     12     -2 (VIOLATED)
clkbuf_3_7__f_clk/X                      10     11        (VIOLATED)



===========================================================================
report_parasitic_annotation -report_unannotated
============================================================================
Found 7 unannotated drivers.
 clkload0/Y
 clkload1/Y
 clkload2/Y
 clkload3/Y
 clkload4/Y
 clkload5/Y
 clkload6/X
Found 0 partially unannotated drivers.

===========================================================================
max slew violation count 0
max fanout violation count 2
max cap violation count 0
============================================================================

===========================================================================
check_setup -verbose -unconstrained_endpoints -multiple_clock -no_clock -no_input_delay -loops -generated_clocks
===========================================================================
