[WARNING ORD-0039] .openroad ignored with -python
                                Cells by Master                                 
┏━━━━━━━━━━━━━━━━━━━━━━━━━━━━━━━━━━━━━━━━━━━━━━━━━━━━━━━━━━━━━━━━┳━━━━━━━━━━━━━┓
┃ Cell                                                           ┃ Count       ┃
┡━━━━━━━━━━━━━━━━━━━━━━━━━━━━━━━━━━━━━━━━━━━━━━━━━━━━━━━━━━━━━━━━╇━━━━━━━━━━━━━┩
│ sky130_ef_sc_hd__decap_12                                      │ 144         │
│ sky130_fd_sc_hd__a211o_1                                       │ 2           │
│ sky130_fd_sc_hd__a211oi_1                                      │ 2           │
│ sky130_fd_sc_hd__a21bo_1                                       │ 6           │
│ sky130_fd_sc_hd__a21boi_1                                      │ 2           │
│ sky130_fd_sc_hd__a21o_1                                        │ 20          │
│ sky130_fd_sc_hd__a21oi_1                                       │ 12          │
│ sky130_fd_sc_hd__a221o_1                                       │ 1           │
│ sky130_fd_sc_hd__a22o_1                                        │ 10          │
│ sky130_fd_sc_hd__a22oi_1                                       │ 4           │
│ sky130_fd_sc_hd__a22oi_2                                       │ 3           │
│ sky130_fd_sc_hd__a31o_1                                        │ 9           │
│ sky130_fd_sc_hd__a31oi_2                                       │ 1           │
│ sky130_fd_sc_hd__a41o_1                                        │ 1           │
│ sky130_fd_sc_hd__and2_1                                        │ 21          │
│ sky130_fd_sc_hd__and2b_1                                       │ 7           │
│ sky130_fd_sc_hd__and3_1                                        │ 16          │
│ sky130_fd_sc_hd__and4_1                                        │ 12          │
│ sky130_fd_sc_hd__and4b_1                                       │ 1           │
│ sky130_fd_sc_hd__buf_1                                         │ 4           │
│ sky130_fd_sc_hd__buf_2                                         │ 27          │
│ sky130_fd_sc_hd__buf_4                                         │ 3           │
│ sky130_fd_sc_hd__clkbuf_1                                      │ 19          │
│ sky130_fd_sc_hd__clkbuf_16                                     │ 5           │
│ sky130_fd_sc_hd__clkbuf_2                                      │ 8           │
│ sky130_fd_sc_hd__clkinv_4                                      │ 1           │
│ sky130_fd_sc_hd__clkinvlp_4                                    │ 2           │
│ sky130_fd_sc_hd__decap_3                                       │ 103         │
│ sky130_fd_sc_hd__decap_4                                       │ 60          │
│ sky130_fd_sc_hd__decap_6                                       │ 27          │
│ sky130_fd_sc_hd__decap_8                                       │ 74          │
│ sky130_fd_sc_hd__dfrtp_1                                       │ 31          │
│ sky130_fd_sc_hd__dfrtp_4                                       │ 1           │
│ sky130_fd_sc_hd__dlymetal6s2s_1                                │ 1           │
│ sky130_fd_sc_hd__fill_1                                        │ 126         │
│ sky130_fd_sc_hd__fill_2                                        │ 61          │
│ sky130_fd_sc_hd__inv_2                                         │ 37          │
│ sky130_fd_sc_hd__mux2_1                                        │ 1           │
│ sky130_fd_sc_hd__nand2_1                                       │ 27          │
│ sky130_fd_sc_hd__nand2b_1                                      │ 8           │
│ sky130_fd_sc_hd__nand3_1                                       │ 12          │
│ sky130_fd_sc_hd__nand3_2                                       │ 2           │
│ sky130_fd_sc_hd__nand3b_2                                      │ 1           │
│ sky130_fd_sc_hd__nand4_1                                       │ 3           │
│ sky130_fd_sc_hd__nor2_1                                        │ 26          │
│ sky130_fd_sc_hd__nor3_1                                        │ 4           │
│ sky130_fd_sc_hd__nor3b_1                                       │ 2           │
│ sky130_fd_sc_hd__o211a_1                                       │ 3           │
│ sky130_fd_sc_hd__o211ai_2                                      │ 1           │
│ sky130_fd_sc_hd__o21a_1                                        │ 5           │
│ sky130_fd_sc_hd__o21ai_1                                       │ 5           │
│ sky130_fd_sc_hd__o21ba_1                                       │ 1           │
│ sky130_fd_sc_hd__o21bai_1                                      │ 6           │
│ sky130_fd_sc_hd__o22ai_1                                       │ 1           │
│ sky130_fd_sc_hd__o2bb2a_1                                      │ 1           │
│ sky130_fd_sc_hd__o311a_1                                       │ 1           │
│ sky130_fd_sc_hd__o32a_1                                        │ 1           │
│ sky130_fd_sc_hd__or2_1                                         │ 10          │
│ sky130_fd_sc_hd__or3_1                                         │ 3           │
│ sky130_fd_sc_hd__or4_1                                         │ 1           │
│ sky130_fd_sc_hd__tapvpwrvgnd_1                                 │ 102         │
│ sky130_fd_sc_hd__xnor2_1                                       │ 30          │
│ sky130_fd_sc_hd__xor2_1                                        │ 15          │
└────────────────────────────────────────────────────────────────┴─────────────┘
                               Cells by Function                                
┏━━━━━━━━━━━━━━━━━━━━━━━━━━━━━━━━━━━━━━━━━━━━━━━━━━━━━━━━━━━━━━━┳━━━━━━━━━━━━━━┓
┃ Cell Function                                                 ┃ Count        ┃
┡━━━━━━━━━━━━━━━━━━━━━━━━━━━━━━━━━━━━━━━━━━━━━━━━━━━━━━━━━━━━━━━╇━━━━━━━━━━━━━━┩
│ sky130_ef_sc_hd__decap                                        │ 144          │
│ sky130_fd_sc_hd__a211o                                        │ 2            │
│ sky130_fd_sc_hd__a211oi                                       │ 2            │
│ sky130_fd_sc_hd__a21bo                                        │ 6            │
│ sky130_fd_sc_hd__a21boi                                       │ 2            │
│ sky130_fd_sc_hd__a21o                                         │ 20           │
│ sky130_fd_sc_hd__a21oi                                        │ 12           │
│ sky130_fd_sc_hd__a221o                                        │ 1            │
│ sky130_fd_sc_hd__a22o                                         │ 10           │
│ sky130_fd_sc_hd__a22oi                                        │ 7            │
│ sky130_fd_sc_hd__a31o                                         │ 9            │
│ sky130_fd_sc_hd__a31oi                                        │ 1            │
│ sky130_fd_sc_hd__a41o                                         │ 1            │
│ sky130_fd_sc_hd__and2                                         │ 21           │
│ sky130_fd_sc_hd__and2b                                        │ 7            │
│ sky130_fd_sc_hd__and3                                         │ 16           │
│ sky130_fd_sc_hd__and4                                         │ 12           │
│ sky130_fd_sc_hd__and4b                                        │ 1            │
│ sky130_fd_sc_hd__buf                                          │ 34           │
│ sky130_fd_sc_hd__clkbuf                                       │ 32           │
│ sky130_fd_sc_hd__clkinv                                       │ 1            │
│ sky130_fd_sc_hd__clkinvlp                                     │ 2            │
│ sky130_fd_sc_hd__decap                                        │ 264          │
│ sky130_fd_sc_hd__dfrtp                                        │ 32           │
│ sky130_fd_sc_hd__dlymetal6s2s                                 │ 1            │
│ sky130_fd_sc_hd__fill                                         │ 187          │
│ sky130_fd_sc_hd__inv                                          │ 37           │
│ sky130_fd_sc_hd__mux2                                         │ 1            │
│ sky130_fd_sc_hd__nand2                                        │ 27           │
│ sky130_fd_sc_hd__nand2b                                       │ 8            │
│ sky130_fd_sc_hd__nand3                                        │ 14           │
│ sky130_fd_sc_hd__nand3b                                       │ 1            │
│ sky130_fd_sc_hd__nand4                                        │ 3            │
│ sky130_fd_sc_hd__nor2                                         │ 26           │
│ sky130_fd_sc_hd__nor3                                         │ 4            │
│ sky130_fd_sc_hd__nor3b                                        │ 2            │
│ sky130_fd_sc_hd__o211a                                        │ 3            │
│ sky130_fd_sc_hd__o211ai                                       │ 1            │
│ sky130_fd_sc_hd__o21a                                         │ 5            │
│ sky130_fd_sc_hd__o21ai                                        │ 5            │
│ sky130_fd_sc_hd__o21ba                                        │ 1            │
│ sky130_fd_sc_hd__o21bai                                       │ 6            │
│ sky130_fd_sc_hd__o22ai                                        │ 1            │
│ sky130_fd_sc_hd__o2bb2a                                       │ 1            │
│ sky130_fd_sc_hd__o311a                                        │ 1            │
│ sky130_fd_sc_hd__o32a                                         │ 1            │
│ sky130_fd_sc_hd__or2                                          │ 10           │
│ sky130_fd_sc_hd__or3                                          │ 3            │
│ sky130_fd_sc_hd__or4                                          │ 1            │
│ sky130_fd_sc_hd__tapvpwrvgnd                                  │ 102          │
│ sky130_fd_sc_hd__xnor2                                        │ 30           │
│ sky130_fd_sc_hd__xor2                                         │ 15           │
└───────────────────────────────────────────────────────────────┴──────────────┘
                                  Cells by SCL                                  
┏━━━━━━━━━━━━━━━━━━━━━━━━━━━━━━━━━━━━━━━━━━━━━━━━━━━━━━━┳━━━━━━━━━━━━━━━━━━━━━━┓
┃ SCL                                                   ┃ Count                ┃
┡━━━━━━━━━━━━━━━━━━━━━━━━━━━━━━━━━━━━━━━━━━━━━━━━━━━━━━━╇━━━━━━━━━━━━━━━━━━━━━━┩
│ sky130_ef_sc_hd                                       │ 144                  │
│ sky130_fd_sc_hd                                       │ 992                  │
└───────────────────────────────────────────────────────┴──────────────────────┘
                             Buffers by Cell Master                             
┏━━━━━━━━━━━━━━━━━━━━━━━━━━━━━━━━━━━━━━━━━━━━━━━━━━━━━━━━━━━━━━━━┳━━━━━━━━━━━━━┓
┃ Buffer                                                         ┃ Count       ┃
┡━━━━━━━━━━━━━━━━━━━━━━━━━━━━━━━━━━━━━━━━━━━━━━━━━━━━━━━━━━━━━━━━╇━━━━━━━━━━━━━┩
│ sky130_fd_sc_hd__buf_1                                         │ 4           │
│ sky130_fd_sc_hd__buf_2                                         │ 27          │
│ sky130_fd_sc_hd__buf_4                                         │ 3           │
│ sky130_fd_sc_hd__clkbuf_1                                      │ 19          │
│ sky130_fd_sc_hd__clkbuf_16                                     │ 5           │
│ sky130_fd_sc_hd__clkbuf_2                                      │ 8           │
│ sky130_fd_sc_hd__dlymetal6s2s_1                                │ 1           │
└────────────────────────────────────────────────────────────────┴─────────────┘
