Clock: clk
Sources: clk 
Generated: no
Virtual: yes
Propagated: no
Period: 3.333000

===========================================================================
report_clock_properties
============================================================================
Clock                   Period          Waveform
----------------------------------------------------
clk                   3.333000    0.000000  1.666500

===========================================================================
report_clock_latency
============================================================================
Clock clk
rise -> rise
    min     max
0.000000 0.000000 source latency
0.404091         network latency _1325_/CLK
        0.420621 network latency _1438_/CLK
---------------
0.404091 0.420621 latency
        0.016530 skew

fall -> fall
    min     max
0.000000 0.000000 source latency
0.368358         network latency _1325_/CLK
        0.379716 network latency _1438_/CLK
---------------
0.368358 0.379716 latency
        0.011358 skew



===========================================================================
report_clock_min_period
============================================================================
clk period_min = 1.68 fmax = 594.18
