Starting…
Running 'Verilator.Lint' at 'runs/500MHz/01-verilator-lint'…
Logging subprocess to [repr.filename]'runs/500MHz/01-verilator-lint/verilator-lint.log'[/repr.filename]…
Running 'Checker.LintTimingConstructs' at 'runs/500MHz/02-checker-linttimingconstructs'…
Check for Lint Timing Errors clear.
Running 'Checker.LintErrors' at 'runs/500MHz/03-checker-linterrors'…
Check for Lint errors clear.
Running 'Checker.LintWarnings' at 'runs/500MHz/04-checker-lintwarnings'…
2 Lint warnings found.
Running 'Yosys.JsonHeader' at 'runs/500MHz/05-yosys-jsonheader'…
Logging subprocess to [repr.filename]'runs/500MHz/05-yosys-jsonheader/yosys-jsonheader.log'[/repr.filename]…
Running 'Yosys.Synthesis' at 'runs/500MHz/06-yosys-synthesis'…
Logging subprocess to [repr.filename]'runs/500MHz/06-yosys-synthesis/yosys-synthesis.log'[/repr.filename]…
Parsing synthesis checks…
Running 'Checker.YosysUnmappedCells' at 'runs/500MHz/07-checker-yosysunmappedcells'…
Check for Unmapped Yosys instances clear.
Running 'Checker.YosysSynthChecks' at 'runs/500MHz/08-checker-yosyssynthchecks'…
Check for Yosys check errors clear.
Running 'Checker.NetlistAssignStatements' at 'runs/500MHz/09-checker-netlistassignstatements'…
Running 'OpenROAD.CheckSDCFiles' at 'runs/500MHz/10-openroad-checksdcfiles'…
Running 'OpenROAD.CheckMacroInstances' at 'runs/500MHz/11-openroad-checkmacroinstances'…
No macros found, skipping instance check…
Running 'OpenROAD.STAPrePNR' at 'runs/500MHz/12-openroad-staprepnr'…
Starting STA for the nom_tt_025C_1v80 timing corner…
Starting STA for the nom_ss_100C_1v60 timing corner…
Starting STA for the nom_ff_n40C_1v95 timing corner…
Skipping corner min_tt_025C_1v80 for STA (identical to nom_tt_025C_1v80 at this stage)…
Skipping corner min_ss_100C_1v60 for STA (identical to nom_ss_100C_1v60 at this stage)…
Skipping corner min_ff_n40C_1v95 for STA (identical to nom_ff_n40C_1v95 at this stage)…
Skipping corner max_tt_025C_1v80 for STA (identical to nom_tt_025C_1v80 at this stage)…
Skipping corner max_ss_100C_1v60 for STA (identical to nom_ss_100C_1v60 at this stage)…
Logging subprocess to [repr.filename]'runs/500MHz/12-openroad-staprepnr/nom_tt_025C_1v80/sta.log'[/repr.filename]…
Logging subprocess to [repr.filename]'runs/500MHz/12-openroad-staprepnr/nom_ss_100C_1v60/sta.log'[/repr.filename]…
Skipping corner max_ff_n40C_1v95 for STA (identical to nom_ff_n40C_1v95 at this stage)…
Logging subprocess to [repr.filename]'runs/500MHz/12-openroad-staprepnr/nom_ff_n40C_1v95/sta.log'[/repr.filename]…
Finished STA for the nom_tt_025C_1v80 timing corner.
Finished STA for the nom_ff_n40C_1v95 timing corner.
Finished STA for the nom_ss_100C_1v60 timing corner.
Running 'OpenROAD.Floorplan' at 'runs/500MHz/13-openroad-floorplan'…
Logging subprocess to [repr.filename]'runs/500MHz/13-openroad-floorplan/openroad-floorplan.log'[/repr.filename]…
[STA-0366] port 'product[*]' not found.
Running 'Odb.CheckMacroAntennaProperties' at 'runs/500MHz/14-odb-checkmacroantennaproperties'…
No cells provided, skipping…
Running 'Odb.SetPowerConnections' at 'runs/500MHz/15-odb-setpowerconnections'…
Logging subprocess to [repr.filename]'runs/500MHz/15-odb-setpowerconnections/odb-setpowerconnections.log'[/repr.filename]…
Running 'Odb.ManualMacroPlacement' at 'runs/500MHz/16-odb-manualmacroplacement'…
No instances found, skipping 'Odb.ManualMacroPlacement'…
Running 'OpenROAD.CutRows' at 'runs/500MHz/17-openroad-cutrows'…
Logging subprocess to [repr.filename]'runs/500MHz/17-openroad-cutrows/openroad-cutrows.log'[/repr.filename]…
[STA-0366] port 'product[*]' not found.
Running 'OpenROAD.TapEndcapInsertion' at 'runs/500MHz/18-openroad-tapendcapinsertion'…
Logging subprocess to [repr.filename]'runs/500MHz/18-openroad-tapendcapinsertion/openroad-tapendcapinsertion.log'[/repr.filename]…
[STA-0366] port 'product[*]' not found.
Running 'Odb.AddPDNObstructions' at 'runs/500MHz/19-odb-addpdnobstructions'…
'PDN_OBSTRUCTIONS' is not defined. Skipping 'Odb.AddPDNObstructions'…
Running 'OpenROAD.GeneratePDN' at 'runs/500MHz/20-openroad-generatepdn'…
'FP_PDN_CFG' not explicitly set, setting it to /nix/store/q4x34h0bmd5ibdrrmsa43j30ssfjp8gf-python3-3.11.9-env/lib/python3.11/site-packages/openlane/scripts/openroad/common/pdn_cfg.tcl…
Logging subprocess to [repr.filename]'runs/500MHz/20-openroad-generatepdn/openroad-generatepdn.log'[/repr.filename]…
[STA-0366] port 'product[*]' not found.
Running 'Odb.RemovePDNObstructions' at 'runs/500MHz/21-odb-removepdnobstructions'…
'PDN_OBSTRUCTIONS' is not defined. Skipping 'Odb.RemovePDNObstructions'…
Running 'Odb.AddRoutingObstructions' at 'runs/500MHz/22-odb-addroutingobstructions'…
'ROUTING_OBSTRUCTIONS' is not defined. Skipping 'Odb.AddRoutingObstructions'…
Running 'OpenROAD.GlobalPlacementSkipIO' at 'runs/500MHz/23-openroad-globalplacementskipio'…
'PL_TARGET_DENSITY_PCT' not explicitly set, using dynamically calculated target density: 12.3976100…
Logging subprocess to [repr.filename]'runs/500MHz/23-openroad-globalplacementskipio/openroad-globalplacementskipio.log'[/repr.filename]…
[STA-0366] port 'product[*]' not found.
Running 'OpenROAD.IOPlacement' at 'runs/500MHz/24-openroad-ioplacement'…
Logging subprocess to [repr.filename]'runs/500MHz/24-openroad-ioplacement/openroad-ioplacement.log'[/repr.filename]…
[STA-0366] port 'product[*]' not found.
Running 'Odb.CustomIOPlacement' at 'runs/500MHz/25-odb-customioplacement'…
No custom floorplan file configured, skipping…
Running 'Odb.ApplyDEFTemplate' at 'runs/500MHz/26-odb-applydeftemplate'…
No DEF template provided, skipping…
Running 'OpenROAD.GlobalPlacement' at 'runs/500MHz/27-openroad-globalplacement'…
'PL_TARGET_DENSITY_PCT' not explicitly set, using dynamically calculated target density: 12.3976100…
Logging subprocess to [repr.filename]'runs/500MHz/27-openroad-globalplacement/openroad-globalplacement.log'[/repr.filename]…
[STA-0366] port 'product[*]' not found.
Running 'Odb.WriteVerilogHeader' at 'runs/500MHz/28-odb-writeverilogheader'…
Logging subprocess to [repr.filename]'runs/500MHz/28-odb-writeverilogheader/odb-writeverilogheader.log'[/repr.filename]…
Running 'Checker.PowerGridViolations' at 'runs/500MHz/29-checker-powergridviolations'…
Check for power grid violations (as reported by OpenROAD PSM- you may ignore these if LVS passes) clear.
Running 'OpenROAD.STAMidPNR' at 'runs/500MHz/30-openroad-stamidpnr'…
Logging subprocess to [repr.filename]'runs/500MHz/30-openroad-stamidpnr/openroad-stamidpnr.log'[/repr.filename]…
[STA-0366] port 'product[*]' not found.
[GRT-0097] No global routing found for nets.
Running 'OpenROAD.RepairDesignPostGPL' at 'runs/500MHz/31-openroad-repairdesignpostgpl'…
Logging subprocess to [repr.filename]'runs/500MHz/31-openroad-repairdesignpostgpl/openroad-repairdesignpostgpl.log'[/repr.filename]…
[STA-0366] port 'product[*]' not found.
Running 'Odb.ManualGlobalPlacement' at 'runs/500MHz/32-odb-manualglobalplacement'…
'MANUAL_GLOBAL_PLACEMENTS' not set, skipping…
Running 'OpenROAD.DetailedPlacement' at 'runs/500MHz/33-openroad-detailedplacement'…
Logging subprocess to [repr.filename]'runs/500MHz/33-openroad-detailedplacement/openroad-detailedplacement.log'[/repr.filename]…
[STA-0366] port 'product[*]' not found.
Running 'OpenROAD.CTS' at 'runs/500MHz/34-openroad-cts'…
Logging subprocess to [repr.filename]'runs/500MHz/34-openroad-cts/openroad-cts.log'[/repr.filename]…
[STA-0366] port 'product[*]' not found.
Running 'OpenROAD.STAMidPNR-1' at 'runs/500MHz/35-openroad-stamidpnr-1'…
Logging subprocess to [repr.filename]'runs/500MHz/35-openroad-stamidpnr-1/openroad-stamidpnr-1.log'[/repr.filename]…
[STA-0366] port 'product[*]' not found.
[GRT-0097] No global routing found for nets.
Running 'OpenROAD.ResizerTimingPostCTS' at 'runs/500MHz/36-openroad-resizertimingpostcts'…
Logging subprocess to [repr.filename]'runs/500MHz/36-openroad-resizertimingpostcts/openroad-resizertimingpostcts.log'[/repr.filename]…
[STA-0366] port 'product[*]' not found.
Running 'OpenROAD.STAMidPNR-2' at 'runs/500MHz/37-openroad-stamidpnr-2'…
Logging subprocess to [repr.filename]'runs/500MHz/37-openroad-stamidpnr-2/openroad-stamidpnr-2.log'[/repr.filename]…
[STA-0366] port 'product[*]' not found.
[GRT-0097] No global routing found for nets.
Running 'OpenROAD.GlobalRouting' at 'runs/500MHz/38-openroad-globalrouting'…
Logging subprocess to [repr.filename]'runs/500MHz/38-openroad-globalrouting/openroad-globalrouting.log'[/repr.filename]…
[STA-0366] port 'product[*]' not found.
Running 'OpenROAD.CheckAntennas' at 'runs/500MHz/39-openroad-checkantennas'…
Logging subprocess to [repr.filename]'runs/500MHz/39-openroad-checkantennas/openroad-checkantennas.log'[/repr.filename]…
[STA-0366] port 'product[*]' not found.
Gating variable for step 'OpenROAD.RepairDesignPostGRT' set to 'False'- the step will be skipped.
Skipping step 'Repair Design (Post-Global Routing)'…
Running 'Odb.DiodesOnPorts' at 'runs/500MHz/40-odb-diodesonports'…
'DIODE_ON_PORTS' is set to 'none': skipping…
Gating variable for step 'Odb.HeuristicDiodeInsertion' set to 'False'- the step will be skipped.
Skipping step 'Heuristic Diode Insertion'…
Running 'OpenROAD.RepairAntennas' at 'runs/500MHz/41-openroad-repairantennas'…
Running 'DiodeInsertion' at 'runs/500MHz/41-openroad-repairantennas/1-diodeinsertion'…
Logging subprocess to [repr.filename]'runs/500MHz/41-openroad-repairantennas/1-diodeinsertion/diodeinsertion.log'[/repr.filename]…
[STA-0366] port 'product[*]' not found.
Running 'OpenROAD.CheckAntennas' at 'runs/500MHz/41-openroad-repairantennas/2-openroad-checkantennas'…
Logging subprocess to [repr.filename]'runs/500MHz/41-openroad-repairantennas/2-openroad-checkantennas/openroad-checkantennas.log'[/repr.filename]…
[STA-0366] port 'product[*]' not found.
Gating variable for step 'OpenROAD.ResizerTimingPostGRT' set to 'False'- the step will be skipped.
Skipping step 'Resizer Timing Optimizations (Post-Global Routing)'…
Running 'OpenROAD.STAMidPNR-3' at 'runs/500MHz/42-openroad-stamidpnr-3'…
Logging subprocess to [repr.filename]'runs/500MHz/42-openroad-stamidpnr-3/openroad-stamidpnr-3.log'[/repr.filename]…
[STA-0366] port 'product[*]' not found.
Running 'OpenROAD.DetailedRouting' at 'runs/500MHz/43-openroad-detailedrouting'…
Running TritonRoute with 4 threads…
Logging subprocess to [repr.filename]'runs/500MHz/43-openroad-detailedrouting/openroad-detailedrouting.log'[/repr.filename]…
[STA-0366] port 'product[*]' not found.
[DRT-0349] LEF58_ENCLOSURE with no CUTCLASS is not supported. Skipping for layer mcon
[DRT-0349] LEF58_ENCLOSURE with no CUTCLASS is not supported. Skipping for layer mcon
[DRT-0349] LEF58_ENCLOSURE with no CUTCLASS is not supported. Skipping for layer via
[DRT-0349] LEF58_ENCLOSURE with no CUTCLASS is not supported. Skipping for layer via
[DRT-0349] LEF58_ENCLOSURE with no CUTCLASS is not supported. Skipping for layer via2
[DRT-0349] LEF58_ENCLOSURE with no CUTCLASS is not supported. Skipping for layer via2
[DRT-0349] LEF58_ENCLOSURE with no CUTCLASS is not supported. Skipping for layer via3
[DRT-0349] LEF58_ENCLOSURE with no CUTCLASS is not supported. Skipping for layer via3
[DRT-0349] LEF58_ENCLOSURE with no CUTCLASS is not supported. Skipping for layer via4
[DRT-0349] LEF58_ENCLOSURE with no CUTCLASS is not supported. Skipping for layer via4
Running 'Odb.RemoveRoutingObstructions' at 'runs/500MHz/44-odb-removeroutingobstructions'…
'ROUTING_OBSTRUCTIONS' is not defined. Skipping 'Odb.RemoveRoutingObstructions'…
Running 'OpenROAD.CheckAntennas-1' at 'runs/500MHz/45-openroad-checkantennas-1'…
Logging subprocess to [repr.filename]'runs/500MHz/45-openroad-checkantennas-1/openroad-checkantennas-1.log'[/repr.filename]…
[STA-0366] port 'product[*]' not found.
Running 'Checker.TrDRC' at 'runs/500MHz/46-checker-trdrc'…
Check for Routing DRC errors clear.
Running 'Odb.ReportDisconnectedPins' at 'runs/500MHz/47-odb-reportdisconnectedpins'…
Logging subprocess to [repr.filename]'runs/500MHz/47-odb-reportdisconnectedpins/odb-reportdisconnectedpins.log'[/repr.filename]…
Running 'Checker.DisconnectedPins' at 'runs/500MHz/48-checker-disconnectedpins'…
Check for critical disconnected pins clear.
Running 'Odb.ReportWireLength' at 'runs/500MHz/49-odb-reportwirelength'…
Logging subprocess to [repr.filename]'runs/500MHz/49-odb-reportwirelength/odb-reportwirelength.log'[/repr.filename]…
Running 'Checker.WireLength' at 'runs/500MHz/50-checker-wirelength'…
Threshold for Threshold-surpassing long wires is not set. The checker will be skipped.
Running 'OpenROAD.FillInsertion' at 'runs/500MHz/51-openroad-fillinsertion'…
Logging subprocess to [repr.filename]'runs/500MHz/51-openroad-fillinsertion/openroad-fillinsertion.log'[/repr.filename]…
[STA-0366] port 'product[*]' not found.
Running 'Odb.CellFrequencyTables' at 'runs/500MHz/52-odb-cellfrequencytables'…
Logging subprocess to [repr.filename]'runs/500MHz/52-odb-cellfrequencytables/buffer_list.txt'[/repr.filename]…
Logging subprocess to [repr.filename]'runs/500MHz/52-odb-cellfrequencytables/odb-cellfrequencytables.log'[/repr.filename]…
Running 'OpenROAD.RCX' at 'runs/500MHz/53-openroad-rcx'…
Running RCX for corners matching nom_* (/home/hassan-ul-haq/openlane2/designs/Multiplier/runs/500MHz/53-openroad-rcx/nom/rcx.log)…
Running RCX for corners matching max_* (/home/hassan-ul-haq/openlane2/designs/Multiplier/runs/500MHz/53-openroad-rcx/max/rcx.log)…
Running RCX for corners matching min_* (/home/hassan-ul-haq/openlane2/designs/Multiplier/runs/500MHz/53-openroad-rcx/min/rcx.log)…
Logging subprocess to [repr.filename]'runs/500MHz/53-openroad-rcx/nom/rcx.log'[/repr.filename]…
Logging subprocess to [repr.filename]'runs/500MHz/53-openroad-rcx/max/rcx.log'[/repr.filename]…
Logging subprocess to [repr.filename]'runs/500MHz/53-openroad-rcx/min/rcx.log'[/repr.filename]…
Finished RCX for corners matching nom_*.
Finished RCX for corners matching min_*.
Finished RCX for corners matching max_*.
Running 'OpenROAD.STAPostPNR' at 'runs/500MHz/54-openroad-stapostpnr'…
Starting STA for the nom_tt_025C_1v80 timing corner…
Starting STA for the nom_ss_100C_1v60 timing corner…
Starting STA for the nom_ff_n40C_1v95 timing corner…
Starting STA for the min_tt_025C_1v80 timing corner…
Logging subprocess to [repr.filename]'runs/500MHz/54-openroad-stapostpnr/nom_tt_025C_1v80/sta.log'[/repr.filename]…
Logging subprocess to [repr.filename]'runs/500MHz/54-openroad-stapostpnr/nom_ss_100C_1v60/sta.log'[/repr.filename]…
Logging subprocess to [repr.filename]'runs/500MHz/54-openroad-stapostpnr/nom_ff_n40C_1v95/sta.log'[/repr.filename]…
Logging subprocess to [repr.filename]'runs/500MHz/54-openroad-stapostpnr/min_tt_025C_1v80/sta.log'[/repr.filename]…
Finished STA for the nom_tt_025C_1v80 timing corner.
Logging subprocess to [repr.filename]'runs/500MHz/54-openroad-stapostpnr/nom_tt_025C_1v80/filter_unannotated.log'[/repr.filename]…
Finished STA for the nom_ss_100C_1v60 timing corner.
Logging subprocess to [repr.filename]'runs/500MHz/54-openroad-stapostpnr/nom_ss_100C_1v60/filter_unannotated.log'[/repr.filename]…
Finished STA for the nom_ff_n40C_1v95 timing corner.
Finished STA for the min_tt_025C_1v80 timing corner.
Logging subprocess to [repr.filename]'runs/500MHz/54-openroad-stapostpnr/min_tt_025C_1v80/filter_unannotated.log'[/repr.filename]…
Logging subprocess to [repr.filename]'runs/500MHz/54-openroad-stapostpnr/nom_ff_n40C_1v95/filter_unannotated.log'[/repr.filename]…
Starting STA for the min_ss_100C_1v60 timing corner…
Logging subprocess to [repr.filename]'runs/500MHz/54-openroad-stapostpnr/min_ss_100C_1v60/sta.log'[/repr.filename]…
Starting STA for the min_ff_n40C_1v95 timing corner…
Logging subprocess to [repr.filename]'runs/500MHz/54-openroad-stapostpnr/min_ff_n40C_1v95/sta.log'[/repr.filename]…
Starting STA for the max_tt_025C_1v80 timing corner…
Logging subprocess to [repr.filename]'runs/500MHz/54-openroad-stapostpnr/max_tt_025C_1v80/sta.log'[/repr.filename]…
Starting STA for the max_ss_100C_1v60 timing corner…
Logging subprocess to [repr.filename]'runs/500MHz/54-openroad-stapostpnr/max_ss_100C_1v60/sta.log'[/repr.filename]…
Finished STA for the min_ss_100C_1v60 timing corner.
Finished STA for the min_ff_n40C_1v95 timing corner.
Logging subprocess to [repr.filename]'runs/500MHz/54-openroad-stapostpnr/min_ss_100C_1v60/filter_unannotated.log'[/repr.filename]…
Finished STA for the max_tt_025C_1v80 timing corner.
Logging subprocess to [repr.filename]'runs/500MHz/54-openroad-stapostpnr/min_ff_n40C_1v95/filter_unannotated.log'[/repr.filename]…
Logging subprocess to [repr.filename]'runs/500MHz/54-openroad-stapostpnr/max_tt_025C_1v80/filter_unannotated.log'[/repr.filename]…
Finished STA for the max_ss_100C_1v60 timing corner.
Logging subprocess to [repr.filename]'runs/500MHz/54-openroad-stapostpnr/max_ss_100C_1v60/filter_unannotated.log'[/repr.filename]…
Starting STA for the max_ff_n40C_1v95 timing corner…
Logging subprocess to [repr.filename]'runs/500MHz/54-openroad-stapostpnr/max_ff_n40C_1v95/sta.log'[/repr.filename]…
Finished STA for the max_ff_n40C_1v95 timing corner.
Logging subprocess to [repr.filename]'runs/500MHz/54-openroad-stapostpnr/max_ff_n40C_1v95/filter_unannotated.log'[/repr.filename]…
Running 'OpenROAD.IRDropReport' at 'runs/500MHz/55-openroad-irdropreport'…
'VSRC_LOC_FILES' was not given a value, which may make the results of IR drop analysis inaccurate. If you are not integrating a top-level chip for manufacture, you may ignore this warning, otherwise, see the documentation for 'VSRC_LOC_FILES'.
Logging subprocess to [repr.filename]'runs/500MHz/55-openroad-irdropreport/openroad-irdropreport.log'[/repr.filename]…
[STA-0366] port 'product[*]' not found.
[INFO PSM-0040] All shapes on net VPWR are connected.
########## IR report #################
Net              : VPWR
Corner           : nom_tt_025C_1v80
Supply voltage   : 1.80e+00 V
Worstcase voltage: 1.80e+00 V
Average voltage  : 1.80e+00 V
Average IR drop  : 2.42e-05 V
Worstcase IR drop: 1.20e-03 V
Percentage drop  : 0.07 %
######################################
[INFO PSM-0040] All shapes on net VGND are connected.
########## IR report #################
Net              : VGND
Corner           : nom_tt_025C_1v80
Supply voltage   : 0.00e+00 V
Worstcase voltage: 1.17e-03 V
Average voltage  : 2.41e-05 V
Average IR drop  : 2.41e-05 V
Worstcase IR drop: 1.17e-03 V
Percentage drop  : 0.06 %
######################################

Running 'Magic.StreamOut' at 'runs/500MHz/56-magic-streamout'…
Logging subprocess to [repr.filename]'runs/500MHz/56-magic-streamout/magic-streamout.log'[/repr.filename]…
Running 'KLayout.StreamOut' at 'runs/500MHz/57-klayout-streamout'…
Logging subprocess to [repr.filename]'runs/500MHz/57-klayout-streamout/klayout-streamout.log'[/repr.filename]…
Running 'Magic.WriteLEF' at 'runs/500MHz/58-magic-writelef'…
Logging subprocess to [repr.filename]'runs/500MHz/58-magic-writelef/magic-writelef.log'[/repr.filename]…
Running 'Odb.CheckDesignAntennaProperties' at 'runs/500MHz/59-odb-checkdesignantennaproperties'…
Logging subprocess to [repr.filename]'runs/500MHz/59-odb-checkdesignantennaproperties/odb-checkdesignantennaproperties.log'[/repr.filename]…
Cell 'mult' has (7) input pin(s) without antenna gate information. They might not be connected to a gate.
Cell 'mult' has (8) output pin(s) without antenna diffusion information. They might not be driven.
Running 'KLayout.XOR' at 'runs/500MHz/60-klayout-xor'…
Running XOR with 4 threads…
Logging subprocess to [repr.filename]'runs/500MHz/60-klayout-xor/klayout-xor.log'[/repr.filename]…
Running 'Checker.XOR' at 'runs/500MHz/61-checker-xor'…
Check for XOR differences clear.
Running 'Magic.DRC' at 'runs/500MHz/62-magic-drc'…
Logging subprocess to [repr.filename]'runs/500MHz/62-magic-drc/magic-drc.log'[/repr.filename]…
Running 'KLayout.DRC' at 'runs/500MHz/63-klayout-drc'…
Running KLayout DRC with 4 threads…
Logging subprocess to [repr.filename]'runs/500MHz/63-klayout-drc/klayout-drc.log'[/repr.filename]…
Logging subprocess to [repr.filename]'runs/500MHz/63-klayout-drc/xml_drc_report_to_json.log'[/repr.filename]…
Running 'Checker.MagicDRC' at 'runs/500MHz/64-checker-magicdrc'…
Check for Magic DRC errors clear.
Running 'Checker.KLayoutDRC' at 'runs/500MHz/65-checker-klayoutdrc'…
Check for KLayout DRC errors clear.
Running 'Magic.SpiceExtraction' at 'runs/500MHz/66-magic-spiceextraction'…
Logging subprocess to [repr.filename]'runs/500MHz/66-magic-spiceextraction/magic-spiceextraction.log'[/repr.filename]…
Running 'Checker.IllegalOverlap' at 'runs/500MHz/67-checker-illegaloverlap'…
Check for Magic Illegal Overlap errors clear.
Running 'Netgen.LVS' at 'runs/500MHz/68-netgen-lvs'…
Logging subprocess to [repr.filename]'runs/500MHz/68-netgen-lvs/netgen-lvs.log'[/repr.filename]…
Running 'Checker.LVS' at 'runs/500MHz/69-checker-lvs'…
Check for LVS errors clear.
Gating variable for step 'Yosys.EQY' set to 'False'- the step will be skipped.
Skipping step 'Equivalence Check'…
Running 'Checker.SetupViolations' at 'runs/500MHz/70-checker-setupviolations'…
No setup violations found
Running 'Checker.HoldViolations' at 'runs/500MHz/71-checker-holdviolations'…
No hold violations found
Running 'Checker.MaxSlewViolations' at 'runs/500MHz/72-checker-maxslewviolations'…
No max slew violations found
Running 'Checker.MaxCapViolations' at 'runs/500MHz/73-checker-maxcapviolations'…
No max cap violations found
Running 'Misc.ReportManufacturability' at 'runs/500MHz/74-misc-reportmanufacturability'…
Saving views to '/home/hassan-ul-haq/openlane2/designs/Multiplier/runs/500MHz/final'…
Flow complete.
