Reading OpenROAD database at '/home/hassan-ul-haq/openlane2/designs/Multiplier/runs/80MHz/24-openroad-ioplacement/mult.odb'…
Reading library file at '/home/hassan-ul-haq/.volare/volare/sky130/versions/0fe599b2afb6708d281543108caf8310912f54af/sky130A/libs.ref/sky130_fd_sc_hd/lib/sky130_fd_sc_hd__tt_025C_1v80.lib'…
Reading design constraints file at '/nix/store/ss2cw3sxbrwwx9jl0rrppbw4kgcmgi2n-python3-3.11.9-env/lib/python3.11/site-packages/openlane/scripts/base.sdc'…
[INFO] Using clock clk…
[INFO] Setting output delay to: 2.5
[INFO] Setting input delay to: 2.5
[INFO] Setting load to: 0.033442
[INFO] Setting clock uncertainty to: 0.25
[INFO] Setting clock transition to: 0.1499999999999999944488848768742172978818416595458984375
[INFO] Setting timing derate to: 5%
[INFO] Setting RC values…
[INFO] Setting signal min routing layer to: met1 and clock min routing layer to met1. 
[INFO] Setting signal max routing layer to: met5 and clock max routing layer to met5. 
+ global_placement -density 0.62474 -timing_driven -routability_driven -pad_right 0 -pad_left 0 -init_wirelength_coef 0.25
[INFO GPL-0002] DBU: 1000
[INFO GPL-0003] SiteSize: (  0.460  2.720 ) um
[INFO GPL-0004] CoreBBox: (  5.520 10.880 ) ( 93.840 97.920 ) um
[INFO GPL-0006] NumInstances:               535
[INFO GPL-0007] NumPlaceInstances:          369
[INFO GPL-0008] NumFixedInstances:          166
[INFO GPL-0009] NumDummyInstances:            0
[INFO GPL-0010] NumNets:                    387
[INFO GPL-0011] NumPins:                   1354
[INFO GPL-0012] DieBBox:  (  0.000  0.000 ) ( 99.430 110.150 ) um
[INFO GPL-0013] CoreBBox: (  5.520 10.880 ) ( 93.840 97.920 ) um
[INFO GPL-0016] CoreArea:              7687.373 um^2
[INFO GPL-0017] NonPlaceInstsArea:      367.853 um^2
[INFO GPL-0018] PlaceInstsArea:        3906.246 um^2
[INFO GPL-0019] Util:                    53.368 %
[INFO GPL-0020] StdInstsArea:          3906.246 um^2
[INFO GPL-0021] MacroInstsArea:           0.000 um^2
[InitialPlace]  Iter: 1 CG residual: 0.00000006 HPWL: 7322481
[InitialPlace]  Iter: 2 CG residual: 0.00000008 HPWL: 5595391
[InitialPlace]  Iter: 3 CG residual: 0.00000010 HPWL: 5620103
[InitialPlace]  Iter: 4 CG residual: 0.00000011 HPWL: 5617892
[InitialPlace]  Iter: 5 CG residual: 0.00000011 HPWL: 5626929
[INFO GPL-0031] FillerInit:NumGCells:       435
[INFO GPL-0032] FillerInit:NumGNets:        387
[INFO GPL-0033] FillerInit:NumGPins:       1354
[INFO GPL-0023] TargetDensity:            0.625
[INFO GPL-0024] AvrgPlaceInstArea:       10.586 um^2
[INFO GPL-0025] IdealBinArea:            16.945 um^2
[INFO GPL-0026] IdealBinCnt:                453
[INFO GPL-0027] TotalBinArea:          7687.373 um^2
[INFO GPL-0028] BinCnt:        16     16
[INFO GPL-0029] BinSize: (  5.520  5.440 )
[INFO GPL-0030] NumBins: 256
[NesterovSolve] Iter:    1 overflow: 0.733 HPWL: 2970628
[INFO GPL-0100] Timing-driven: executing resizer for reweighting nets.
[INFO GPL-0101] Timing-driven: worst slack 8.21e-09
[INFO GPL-0103] Timing-driven: weighted 38 nets.
[INFO GPL-0100] Timing-driven: executing resizer for reweighting nets.
[INFO GPL-0101] Timing-driven: worst slack 8.19e-09
[INFO GPL-0103] Timing-driven: weighted 38 nets.
[NesterovSolve] Iter:   10 overflow: 0.602 HPWL: 3126679
[NesterovSolve] Snapshot saved at iter = 10
[NesterovSolve] Iter:   20 overflow: 0.554 HPWL: 3263285
[NesterovSolve] Iter:   30 overflow: 0.544 HPWL: 3268823
[NesterovSolve] Iter:   40 overflow: 0.554 HPWL: 3250823
[NesterovSolve] Iter:   50 overflow: 0.556 HPWL: 3250883
[NesterovSolve] Iter:   60 overflow: 0.556 HPWL: 3260747
[NesterovSolve] Iter:   70 overflow: 0.555 HPWL: 3261165
[NesterovSolve] Iter:   80 overflow: 0.555 HPWL: 3258554
[NesterovSolve] Iter:   90 overflow: 0.555 HPWL: 3258738
[NesterovSolve] Iter:  100 overflow: 0.554 HPWL: 3258481
[NesterovSolve] Iter:  110 overflow: 0.552 HPWL: 3257308
[NesterovSolve] Iter:  120 overflow: 0.551 HPWL: 3258605
[NesterovSolve] Iter:  130 overflow: 0.549 HPWL: 3261795
[NesterovSolve] Iter:  140 overflow: 0.548 HPWL: 3266452
[NesterovSolve] Iter:  150 overflow: 0.547 HPWL: 3274465
[NesterovSolve] Iter:  160 overflow: 0.543 HPWL: 3286662
[NesterovSolve] Iter:  170 overflow: 0.537 HPWL: 3303572
[NesterovSolve] Iter:  180 overflow: 0.527 HPWL: 3324274
[NesterovSolve] Iter:  190 overflow: 0.513 HPWL: 3351561
[NesterovSolve] Iter:  200 overflow: 0.497 HPWL: 3392097
[INFO GPL-0100] Timing-driven: executing resizer for reweighting nets.
[INFO GPL-0101] Timing-driven: worst slack 8.16e-09
[INFO GPL-0103] Timing-driven: weighted 38 nets.
[NesterovSolve] Iter:  210 overflow: 0.474 HPWL: 3438761
[NesterovSolve] Iter:  220 overflow: 0.445 HPWL: 3495893
[NesterovSolve] Iter:  230 overflow: 0.414 HPWL: 3543867
[NesterovSolve] Iter:  240 overflow: 0.386 HPWL: 3604254
[NesterovSolve] Iter:  250 overflow: 0.342 HPWL: 3660655
[NesterovSolve] Iter:  260 overflow: 0.313 HPWL: 3660973
[INFO GPL-0075] Routability numCall: 1 inflationIterCnt: 1 bloatIterCnt: 0
[INFO GPL-0036] TileBBox: (    0    0 ) ( 6900 6900 ) DBU
[INFO GPL-0038] TileCnt:      14   15
[INFO GPL-0040] NumTiles: 210
[INFO GPL-0081] TotalRouteOverflow: 0
[INFO GPL-0082] OverflowTileCnt: 0
[INFO GPL-0083] 0.5%RC: 0.745386928319931
[INFO GPL-0084] 1.0%RC: 0.7321983774503072
[INFO GPL-0085] 2.0%RC: 0.7159266114234925
[INFO GPL-0086] 5.0%RC: 0.7004950642585754
[INFO GPL-0087] FinalRC: 0.73879266
[INFO GPL-0077] FinalRC lower than targetRC(1.01), routability not needed.
[INFO GPL-0100] Timing-driven: executing resizer for reweighting nets.
[INFO GPL-0101] Timing-driven: worst slack 8.26e-09
[INFO GPL-0103] Timing-driven: weighted 38 nets.
[NesterovSolve] Iter:  270 overflow: 0.281 HPWL: 3704236
[NesterovSolve] Iter:  280 overflow: 0.254 HPWL: 3760714
[NesterovSolve] Iter:  290 overflow: 0.220 HPWL: 3804204
[INFO GPL-0100] Timing-driven: executing resizer for reweighting nets.
[INFO GPL-0101] Timing-driven: worst slack 8.23e-09
[INFO GPL-0103] Timing-driven: weighted 35 nets.
[NesterovSolve] Iter:  300 overflow: 0.199 HPWL: 3856400
[NesterovSolve] Iter:  310 overflow: 0.183 HPWL: 3934855
[NesterovSolve] Iter:  320 overflow: 0.160 HPWL: 3975133
[INFO GPL-0100] Timing-driven: executing resizer for reweighting nets.
[INFO GPL-0101] Timing-driven: worst slack 8.21e-09
[INFO GPL-0103] Timing-driven: weighted 37 nets.
[NesterovSolve] Iter:  330 overflow: 0.143 HPWL: 4022949
[NesterovSolve] Iter:  340 overflow: 0.130 HPWL: 4067375
[NesterovSolve] Iter:  350 overflow: 0.115 HPWL: 4094582
[NesterovSolve] Finished with Overflow: 0.099990
[INFO] Setting RC values…
Setting global connections for newly added cells…
[INFO] Setting global connections...
Updating metrics…
Cell type report:                       Count       Area
  Fill cell                                64     240.23
  Tap cell                                102     127.62
  Inverter                                 37     138.88
  Sequential cell                          32     840.81
  Multi-Input combinational cell          300    2926.56
  Total                                   535    4274.10
Writing OpenROAD database to '/home/hassan-ul-haq/openlane2/designs/Multiplier/runs/80MHz/27-openroad-globalplacement/mult.odb'…
Writing netlist to '/home/hassan-ul-haq/openlane2/designs/Multiplier/runs/80MHz/27-openroad-globalplacement/mult.nl.v'…
Writing powered netlist to '/home/hassan-ul-haq/openlane2/designs/Multiplier/runs/80MHz/27-openroad-globalplacement/mult.pnl.v'…
Writing layout to '/home/hassan-ul-haq/openlane2/designs/Multiplier/runs/80MHz/27-openroad-globalplacement/mult.def'…
Writing timing constraints to '/home/hassan-ul-haq/openlane2/designs/Multiplier/runs/80MHz/27-openroad-globalplacement/mult.sdc'…
