Clock: clk
Sources: clk 
Generated: no
Virtual: yes
Propagated: no
Period: 5.000000

===========================================================================
report_clock_properties
============================================================================
Clock                   Period          Waveform
----------------------------------------------------
clk                   5.000000    0.000000  2.500000

===========================================================================
report_clock_latency
============================================================================
Clock clk
rise -> rise
    min     max
0.000000 0.000000 source latency
0.423460         network latency _1026_/CLK
        0.433494 network latency _0981_/CLK
---------------
0.423460 0.433494 latency
        0.010034 skew

fall -> fall
    min     max
0.000000 0.000000 source latency
0.376703         network latency _1026_/CLK
        0.384378 network latency _0981_/CLK
---------------
0.376703 0.384378 latency
        0.007675 skew



===========================================================================
report_clock_min_period
============================================================================
clk period_min = 2.37 fmax = 421.32
