
===========================================================================
report_checks -unconstrained
===========================================================================
======================= nom_tt_025C_1v80 Corner ===================================

Startpoint: rst (input port clocked by clk)
Endpoint: _754_ (recovery check against rising-edge clock clk)
Path Group: asynchronous
Path Type: max

Fanout         Cap        Slew       Delay        Time   Description
---------------------------------------------------------------------------------------------
                      0.150000    0.000000    0.000000   clock clk (rise edge)
                                  0.000000    0.000000   clock network delay (ideal)
                                  1.250000    1.250000 v input external delay
    64    0.273664    0.581968    0.443197    1.693197 v rst (in)
                                                         rst (net)
                      0.581968    0.000000    1.693197 v _380_/A (sky130_fd_sc_hd__inv_2)
     1    0.003612    0.104513    0.154360    1.847558 ^ _380_/Y (sky130_fd_sc_hd__inv_2)
                                                         _044_ (net)
                      0.104513    0.000000    1.847558 ^ _754_/RESET_B (sky130_fd_sc_hd__dfrtp_2)
                                              1.847558   data arrival time

                      0.150000    6.250000    6.250000   clock clk (rise edge)
                                  0.000000    6.250000   clock network delay (ideal)
                                 -0.250000    6.000000   clock uncertainty
                                  0.000000    6.000000   clock reconvergence pessimism
                                              6.000000 ^ _754_/CLK (sky130_fd_sc_hd__dfrtp_2)
                                  0.233972    6.233971   library recovery time
                                              6.233971   data required time
---------------------------------------------------------------------------------------------
                                              6.233971   data required time
                                             -1.847558   data arrival time
---------------------------------------------------------------------------------------------
                                              4.386414   slack (MET)


Startpoint: _787_ (rising edge-triggered flip-flop clocked by clk)
Endpoint: _769_ (rising edge-triggered flip-flop clocked by clk)
Path Group: clk
Path Type: max

Fanout         Cap        Slew       Delay        Time   Description
---------------------------------------------------------------------------------------------
                      0.150000    0.000000    0.000000   clock clk (rise edge)
                                  0.000000    0.000000   clock network delay (ideal)
                      0.150000    0.000000    0.000000 ^ _787_/CLK (sky130_fd_sc_hd__dfrtp_2)
     2    0.010002    0.058831    0.444449    0.444449 v _787_/Q (sky130_fd_sc_hd__dfrtp_2)
                                                         pp2[1] (net)
                      0.058831    0.000000    0.444449 v _569_/A (sky130_fd_sc_hd__xor2_2)
     2    0.010317    0.067005    0.189656    0.634105 v _569_/X (sky130_fd_sc_hd__xor2_2)
                                                         _279_ (net)
                      0.067005    0.000000    0.634105 v _574_/A3 (sky130_fd_sc_hd__a31o_2)
     3    0.015147    0.067530    0.286504    0.920609 v _574_/X (sky130_fd_sc_hd__a31o_2)
                                                         _283_ (net)
                      0.067530    0.000000    0.920609 v _594_/A1 (sky130_fd_sc_hd__a31o_2)
     3    0.016833    0.071111    0.245640    1.166249 v _594_/X (sky130_fd_sc_hd__a31o_2)
                                                         _301_ (net)
                      0.071111    0.000000    1.166249 v _598_/A (sky130_fd_sc_hd__xnor2_2)
     3    0.007753    0.064792    0.153480    1.319729 v _598_/Y (sky130_fd_sc_hd__xnor2_2)
                                                         _305_ (net)
                      0.064792    0.000000    1.319729 v _600_/B (sky130_fd_sc_hd__and2_2)
     1    0.001321    0.032582    0.184168    1.503898 v _600_/X (sky130_fd_sc_hd__and2_2)
                                                         _307_ (net)
                      0.032582    0.000000    1.503898 v _601_/B (sky130_fd_sc_hd__or2_2)
     3    0.013108    0.085750    0.308917    1.812814 v _601_/X (sky130_fd_sc_hd__or2_2)
                                                         _308_ (net)
                      0.085750    0.000000    1.812814 v _622_/B1 (sky130_fd_sc_hd__o221a_2)
     2    0.002730    0.043093    0.253142    2.065957 v _622_/X (sky130_fd_sc_hd__o221a_2)
                                                         _327_ (net)
                      0.043093    0.000000    2.065957 v _637_/C (sky130_fd_sc_hd__or4_2)
     2    0.006402    0.116435    0.626863    2.692820 v _637_/X (sky130_fd_sc_hd__or4_2)
                                                         _340_ (net)
                      0.116435    0.000000    2.692820 v _639_/A2 (sky130_fd_sc_hd__a31o_2)
     4    0.009717    0.055218    0.279100    2.971920 v _639_/X (sky130_fd_sc_hd__a31o_2)
                                                         _342_ (net)
                      0.055218    0.000000    2.971920 v _645_/A2 (sky130_fd_sc_hd__a211o_2)
     1    0.008077    0.063666    0.348873    3.320794 v _645_/X (sky130_fd_sc_hd__a211o_2)
                                                         _346_ (net)
                      0.063666    0.000000    3.320794 v _647_/B (sky130_fd_sc_hd__xnor2_2)
     1    0.001949    0.039645    0.124300    3.445093 v _647_/Y (sky130_fd_sc_hd__xnor2_2)
                                                         _027_ (net)
                      0.039645    0.000000    3.445093 v _769_/D (sky130_fd_sc_hd__dfrtp_2)
                                              3.445093   data arrival time

                      0.150000    6.250000    6.250000   clock clk (rise edge)
                                  0.000000    6.250000   clock network delay (ideal)
                                 -0.250000    6.000000   clock uncertainty
                                  0.000000    6.000000   clock reconvergence pessimism
                                              6.000000 ^ _769_/CLK (sky130_fd_sc_hd__dfrtp_2)
                                 -0.088871    5.911129   library setup time
                                              5.911129   data required time
---------------------------------------------------------------------------------------------
                                              5.911129   data required time
                                             -3.445093   data arrival time
---------------------------------------------------------------------------------------------
                                              2.466035   slack (MET)




===========================================================================
report_checks --slack_max -0.01
============================================================================
======================= nom_tt_025C_1v80 Corner ===================================

No paths found.


===========================================================================
 report_check_types -max_slew -max_cap -max_fanout -violators
============================================================================
======================= nom_tt_025C_1v80 Corner ===================================

max slew

Pin                                        Limit        Slew       Slack
------------------------------------------------------------------------
rst                                     0.750000    1.336558   -0.586558 (VIOLATED)
_380_/A                                 0.750000    1.336558   -0.586558 (VIOLATED)
_691_/A                                 0.750000    1.336558   -0.586558 (VIOLATED)
_692_/A                                 0.750000    1.336558   -0.586558 (VIOLATED)
_693_/A                                 0.750000    1.336558   -0.586558 (VIOLATED)
_694_/A                                 0.750000    1.336558   -0.586558 (VIOLATED)
_695_/A                                 0.750000    1.336558   -0.586558 (VIOLATED)
_696_/A                                 0.750000    1.336558   -0.586558 (VIOLATED)
_697_/A                                 0.750000    1.336558   -0.586558 (VIOLATED)
_698_/A                                 0.750000    1.336558   -0.586558 (VIOLATED)
_699_/A                                 0.750000    1.336558   -0.586558 (VIOLATED)
_700_/A                                 0.750000    1.336558   -0.586558 (VIOLATED)
_701_/A                                 0.750000    1.336558   -0.586558 (VIOLATED)
_702_/A                                 0.750000    1.336558   -0.586558 (VIOLATED)
_703_/A                                 0.750000    1.336558   -0.586558 (VIOLATED)
_704_/A                                 0.750000    1.336558   -0.586558 (VIOLATED)
_705_/A                                 0.750000    1.336558   -0.586558 (VIOLATED)
_706_/A                                 0.750000    1.336558   -0.586558 (VIOLATED)
_707_/A                                 0.750000    1.336558   -0.586558 (VIOLATED)
_708_/A                                 0.750000    1.336558   -0.586558 (VIOLATED)
_709_/A                                 0.750000    1.336558   -0.586558 (VIOLATED)
_710_/A                                 0.750000    1.336558   -0.586558 (VIOLATED)
_711_/A                                 0.750000    1.336558   -0.586558 (VIOLATED)
_712_/A                                 0.750000    1.336558   -0.586558 (VIOLATED)
_713_/A                                 0.750000    1.336558   -0.586558 (VIOLATED)
_714_/A                                 0.750000    1.336558   -0.586558 (VIOLATED)
_715_/A                                 0.750000    1.336558   -0.586558 (VIOLATED)
_716_/A                                 0.750000    1.336558   -0.586558 (VIOLATED)
_717_/A                                 0.750000    1.336558   -0.586558 (VIOLATED)
_718_/A                                 0.750000    1.336558   -0.586558 (VIOLATED)
_719_/A                                 0.750000    1.336558   -0.586558 (VIOLATED)
_720_/A                                 0.750000    1.336558   -0.586558 (VIOLATED)
_721_/A                                 0.750000    1.336558   -0.586558 (VIOLATED)
_722_/A                                 0.750000    1.336558   -0.586558 (VIOLATED)
_723_/A                                 0.750000    1.336558   -0.586558 (VIOLATED)
_724_/A                                 0.750000    1.336558   -0.586558 (VIOLATED)
_725_/A                                 0.750000    1.336558   -0.586558 (VIOLATED)
_726_/A                                 0.750000    1.336558   -0.586558 (VIOLATED)
_727_/A                                 0.750000    1.336558   -0.586558 (VIOLATED)
_728_/A                                 0.750000    1.336558   -0.586558 (VIOLATED)
_729_/A                                 0.750000    1.336558   -0.586558 (VIOLATED)
_730_/A                                 0.750000    1.336558   -0.586558 (VIOLATED)
_731_/A                                 0.750000    1.336558   -0.586558 (VIOLATED)
_732_/A                                 0.750000    1.336558   -0.586558 (VIOLATED)
_733_/A                                 0.750000    1.336558   -0.586558 (VIOLATED)
_734_/A                                 0.750000    1.336558   -0.586558 (VIOLATED)
_735_/A                                 0.750000    1.336558   -0.586558 (VIOLATED)
_736_/A                                 0.750000    1.336558   -0.586558 (VIOLATED)
_737_/A                                 0.750000    1.336558   -0.586558 (VIOLATED)
_738_/A                                 0.750000    1.336558   -0.586558 (VIOLATED)
_739_/A                                 0.750000    1.336558   -0.586558 (VIOLATED)
_740_/A                                 0.750000    1.336558   -0.586558 (VIOLATED)
_741_/A                                 0.750000    1.336558   -0.586558 (VIOLATED)
_742_/A                                 0.750000    1.336558   -0.586558 (VIOLATED)
_743_/A                                 0.750000    1.336558   -0.586558 (VIOLATED)
_744_/A                                 0.750000    1.336558   -0.586558 (VIOLATED)
_745_/A                                 0.750000    1.336558   -0.586558 (VIOLATED)
_746_/A                                 0.750000    1.336558   -0.586558 (VIOLATED)
_747_/A                                 0.750000    1.336558   -0.586558 (VIOLATED)
_748_/A                                 0.750000    1.336558   -0.586558 (VIOLATED)
_749_/A                                 0.750000    1.336558   -0.586558 (VIOLATED)
_750_/A                                 0.750000    1.336558   -0.586558 (VIOLATED)
_751_/A                                 0.750000    1.336558   -0.586558 (VIOLATED)
_752_/A                                 0.750000    1.336558   -0.586558 (VIOLATED)
_753_/A                                 0.750000    1.336558   -0.586558 (VIOLATED)

max fanout

Pin                                   Limit Fanout  Slack
---------------------------------------------------------
rst                                      10     64    -54 (VIOLATED)
_812_/Q                                  10     18     -8 (VIOLATED)
_805_/Q                                  10     16     -6 (VIOLATED)
_809_/Q                                  10     16     -6 (VIOLATED)
_813_/Q                                  10     16     -6 (VIOLATED)
_817_/Q                                  10     15     -5 (VIOLATED)
_803_/Q                                  10     14     -4 (VIOLATED)
_808_/Q                                  10     14     -4 (VIOLATED)
_814_/Q                                  10     14     -4 (VIOLATED)
_815_/Q                                  10     14     -4 (VIOLATED)
_804_/Q                                  10     13     -3 (VIOLATED)
_806_/Q                                  10     13     -3 (VIOLATED)
_802_/Q                                  10     12     -2 (VIOLATED)
_807_/Q                                  10     12     -2 (VIOLATED)
_810_/Q                                  10     12     -2 (VIOLATED)
_811_/Q                                  10     12     -2 (VIOLATED)
_816_/Q                                  10     11        (VIOLATED)

max capacitance

Pin                                        Limit         Cap       Slack
------------------------------------------------------------------------
rst                                     0.200000    0.297088   -0.097088 (VIOLATED)



===========================================================================
report_parasitic_annotation -report_unannotated
============================================================================
Found 459 unannotated drivers.
 a[0]
 a[1]
 a[2]
 a[3]
 a[4]
 a[5]
 a[6]
 a[7]
 b[0]
 b[1]
 b[2]
 b[3]
 b[4]
 b[5]
 b[6]
 b[7]
 clk
 rst
 _377_/Y
 _378_/Y
 _379_/Y
 _380_/Y
 _381_/Y
 _382_/X
 _383_/Y
 _384_/X
 _385_/Y
 _386_/X
 _387_/X
 _388_/X
 _389_/X
 _390_/Y
 _391_/X
 _392_/Y
 _393_/X
 _394_/X
 _395_/Y
 _396_/X
 _397_/X
 _398_/Y
 _399_/X
 _400_/X
 _401_/Y
 _402_/X
 _403_/Y
 _404_/X
 _405_/Y
 _406_/X
 _407_/X
 _408_/X
 _409_/X
 _410_/Y
 _411_/Y
 _412_/Y
 _413_/Y
 _414_/X
 _415_/Y
 _416_/Y
 _417_/Y
 _418_/Y
 _419_/X
 _420_/X
 _421_/X
 _422_/X
 _423_/X
 _424_/X
 _425_/Y
 _426_/Y
 _427_/X
 _428_/X
 _429_/Y
 _430_/Y
 _431_/Y
 _432_/X
 _433_/X
 _434_/X
 _435_/X
 _436_/X
 _437_/X
 _438_/X
 _439_/Y
 _440_/X
 _441_/Y
 _442_/X
 _443_/Y
 _444_/X
 _445_/Y
 _446_/Y
 _447_/Y
 _448_/Y
 _449_/Y
 _450_/X
 _451_/X
 _452_/X
 _453_/Y
 _454_/Y
 _455_/X
 _456_/Y
 _457_/Y
 _458_/X
 _459_/X
 _460_/Y
 _461_/Y
 _462_/X
 _463_/Y
 _464_/X
 _465_/Y
 _466_/X
 _467_/Y
 _468_/X
 _469_/X
 _470_/Y
 _471_/Y
 _472_/Y
 _473_/X
 _474_/Y
 _475_/Y
 _476_/X
 _477_/Y
 _478_/Y
 _479_/Y
 _480_/Y
 _481_/X
 _482_/X
 _483_/X
 _484_/X
 _485_/X
 _486_/X
 _487_/Y
 _488_/X
 _489_/X
 _490_/Y
 _491_/Y
 _492_/Y
 _493_/X
 _494_/Y
 _495_/X
 _496_/X
 _497_/Y
 _498_/X
 _499_/X
 _500_/Y
 _501_/Y
 _502_/X
 _503_/Y
 _504_/X
 _505_/Y
 _506_/Y
 _507_/Y
 _508_/Y
 _509_/Y
 _510_/X
 _511_/X
 _512_/Y
 _513_/Y
 _514_/X
 _515_/Y
 _516_/X
 _517_/Y
 _518_/X
 _519_/X
 _520_/Y
 _521_/Y
 _522_/X
 _523_/Y
 _524_/Y
 _525_/X
 _526_/X
 _527_/X
 _528_/Y
 _529_/X
 _530_/X
 _531_/Y
 _532_/X
 _533_/X
 _534_/Y
 _535_/Y
 _536_/X
 _537_/Y
 _538_/X
 _539_/Y
 _540_/Y
 _541_/Y
 _542_/Y
 _543_/Y
 _544_/X
 _545_/Y
 _546_/Y
 _547_/X
 _548_/Y
 _549_/X
 _550_/Y
 _551_/X
 _552_/X
 _553_/Y
 _554_/Y
 _555_/X
 _556_/Y
 _557_/X
 _558_/Y
 _559_/X
 _560_/X
 _561_/X
 _562_/X
 _563_/X
 _564_/X
 _565_/Y
 _566_/X
 _567_/Y
 _568_/X
 _569_/X
 _570_/Y
 _571_/Y
 _572_/Y
 _573_/X
 _574_/X
 _575_/Y
 _576_/X
 _577_/Y
 _578_/X
 _579_/X
 _580_/X
 _581_/Y
 _582_/Y
 _583_/Y
 _584_/X
 _585_/X
 _586_/Y
 _587_/Y
 _588_/Y
 _589_/X
 _590_/Y
 _591_/X
 _592_/Y
 _593_/X
 _594_/X
 _595_/Y
 _596_/X
 _597_/Y
 _598_/Y
 _599_/Y
 _600_/X
 _601_/X
 _602_/Y
 _603_/X
 _604_/Y
 _605_/X
 _606_/Y
 _607_/Y
 _608_/Y
 _609_/Y
 _610_/Y
 _611_/X
 _612_/X
 _613_/Y
 _614_/Y
 _615_/X
 _616_/Y
 _617_/Y
 _618_/X
 _619_/X
 _620_/Y
 _621_/Y
 _622_/X
 _623_/X
 _624_/X
 _625_/X
 _626_/Y
 _627_/Y
 _628_/X
 _629_/Y
 _630_/Y
 _631_/Y
 _632_/X
 _633_/X
 _634_/Y
 _635_/Y
 _636_/Y
 _637_/X
 _638_/Y
 _639_/X
 _640_/Y
 _641_/X
 _642_/Y
 _643_/X
 _644_/Y
 _645_/X
 _646_/Y
 _647_/Y
 _648_/X
 _649_/X
 _650_/Y
 _651_/X
 _652_/Y
 _653_/X
 _654_/Y
 _655_/X
 _656_/Y
 _657_/Y
 _658_/X
 _659_/X
 _660_/Y
 _661_/Y
 _662_/X
 _663_/X
 _664_/Y
 _665_/X
 _666_/Y
 _667_/Y
 _668_/Y
 _669_/Y
 _670_/Y
 _671_/X
 _672_/Y
 _673_/X
 _674_/Y
 _675_/X
 _676_/Y
 _677_/Y
 _678_/X
 _679_/X
 _680_/Y
 _681_/Y
 _682_/X
 _683_/X
 _684_/X
 _685_/X
 _686_/Y
 _687_/X
 _688_/Y
 _689_/Y
 _690_/Y
 _691_/Y
 _692_/Y
 _693_/Y
 _694_/Y
 _695_/Y
 _696_/Y
 _697_/Y
 _698_/Y
 _699_/Y
 _700_/Y
 _701_/Y
 _702_/Y
 _703_/Y
 _704_/Y
 _705_/Y
 _706_/Y
 _707_/Y
 _708_/Y
 _709_/Y
 _710_/Y
 _711_/Y
 _712_/Y
 _713_/Y
 _714_/Y
 _715_/Y
 _716_/Y
 _717_/Y
 _718_/Y
 _719_/Y
 _720_/Y
 _721_/Y
 _722_/Y
 _723_/Y
 _724_/Y
 _725_/Y
 _726_/Y
 _727_/Y
 _728_/Y
 _729_/Y
 _730_/Y
 _731_/Y
 _732_/Y
 _733_/Y
 _734_/Y
 _735_/Y
 _736_/Y
 _737_/Y
 _738_/Y
 _739_/Y
 _740_/Y
 _741_/Y
 _742_/Y
 _743_/Y
 _744_/Y
 _745_/Y
 _746_/Y
 _747_/Y
 _748_/Y
 _749_/Y
 _750_/Y
 _751_/Y
 _752_/Y
 _753_/Y
 _754_/Q
 _755_/Q
 _756_/Q
 _757_/Q
 _758_/Q
 _759_/Q
 _760_/Q
 _761_/Q
 _762_/Q
 _763_/Q
 _764_/Q
 _765_/Q
 _766_/Q
 _767_/Q
 _768_/Q
 _769_/Q
 _770_/Q
 _771_/Q
 _772_/Q
 _773_/Q
 _774_/Q
 _775_/Q
 _776_/Q
 _777_/Q
 _778_/Q
 _779_/Q
 _780_/Q
 _781_/Q
 _782_/Q
 _783_/Q
 _784_/Q
 _785_/Q
 _786_/Q
 _787_/Q
 _788_/Q
 _789_/Q
 _790_/Q
 _791_/Q
 _792_/Q
 _793_/Q
 _794_/Q
 _795_/Q
 _796_/Q
 _797_/Q
 _798_/Q
 _799_/Q
 _800_/Q
 _801_/Q
 _802_/Q
 _803_/Q
 _804_/Q
 _805_/Q
 _806_/Q
 _807_/Q
 _808_/Q
 _809_/Q
 _810_/Q
 _811_/Q
 _812_/Q
 _813_/Q
 _814_/Q
 _815_/Q
 _816_/Q
 _817_/Q
Found 0 partially unannotated drivers.

===========================================================================
max slew violation count 65
max fanout violation count 17
max cap violation count 1
============================================================================

===========================================================================
check_setup -verbose -unconstrained_endpoints -multiple_clock -no_clock -no_input_delay -loops -generated_clocks
===========================================================================
