Clock: clk
Sources: clk 
Generated: no
Virtual: no
Propagated: no
Period: 6.250000

===========================================================================
report_clock_properties
============================================================================
Clock                   Period          Waveform
----------------------------------------------------
clk                   6.250000    0.000000  3.125000

===========================================================================
report_clock_latency
============================================================================
Clock clk
rise -> rise
    min     max
0.000000 0.000000 source latency
0.372001         network latency _754_/CLK
        0.372001 network latency _754_/CLK
---------------
0.372001 0.372001 latency
        0.000000 skew

fall -> fall
    min     max
0.000000 0.000000 source latency
0.177547         network latency _754_/CLK
        0.177547 network latency _754_/CLK
---------------
0.177547 0.177547 latency
        0.000000 skew



===========================================================================
report_clock_min_period
============================================================================
clk period_min = 3.78 fmax = 264.27
