Clock: clk
Sources: clk 
Generated: no
Virtual: yes
Propagated: no
Period: 8.333000

===========================================================================
report_clock_properties
============================================================================
Clock                   Period          Waveform
----------------------------------------------------
clk                   8.333000    0.000000  4.166500

===========================================================================
report_clock_latency
============================================================================
Clock clk
rise -> rise
    min     max
0.000000 0.000000 source latency
0.248555         network latency _688_/CLK
        0.254567 network latency _680_/CLK
---------------
0.248555 0.254567 latency
        0.006012 skew

fall -> fall
    min     max
0.000000 0.000000 source latency
0.230426         network latency _688_/CLK
        0.234921 network latency _680_/CLK
---------------
0.230426 0.234921 latency
        0.004496 skew



===========================================================================
report_clock_min_period
============================================================================
clk period_min = 2.76 fmax = 361.95
