Reading timing models for corner nom_tt_025C_1v80…
Reading timing library for the 'nom_tt_025C_1v80' corner at '/home/hassan-ul-haq/.volare/volare/sky130/versions/0fe599b2afb6708d281543108caf8310912f54af/sky130A/libs.ref/sky130_fd_sc_hd/lib/sky130_fd_sc_hd__tt_025C_1v80.lib'…
Reading timing models for corner nom_ff_n40C_1v95…
Reading timing library for the 'nom_ff_n40C_1v95' corner at '/home/hassan-ul-haq/.volare/volare/sky130/versions/0fe599b2afb6708d281543108caf8310912f54af/sky130A/libs.ref/sky130_fd_sc_hd/lib/sky130_fd_sc_hd__ff_n40C_1v95.lib'…
Reading timing models for corner nom_ss_100C_1v60…
Reading timing library for the 'nom_ss_100C_1v60' corner at '/home/hassan-ul-haq/.volare/volare/sky130/versions/0fe599b2afb6708d281543108caf8310912f54af/sky130A/libs.ref/sky130_fd_sc_hd/lib/sky130_fd_sc_hd__ss_100C_1v60.lib'…
Reading OpenROAD database at '/home/hassan-ul-haq/openlane2/designs/Multiplier/runs/80MHz/27-openroad-globalplacement/mult.odb'…
Reading design constraints file at '/nix/store/ss2cw3sxbrwwx9jl0rrppbw4kgcmgi2n-python3-3.11.9-env/lib/python3.11/site-packages/openlane/scripts/base.sdc'…
[INFO] Using clock clk…
[INFO] Setting output delay to: 2.5
[INFO] Setting input delay to: 2.5
[INFO] Setting load to: 0.033442
[INFO] Setting clock uncertainty to: 0.25
[INFO] Setting clock transition to: 0.1499999999999999944488848768742172978818416595458984375
[INFO] Setting timing derate to: 5%
[INFO] Setting RC values…
[INFO RSZ-0027] Inserted 17 input buffers.
[INFO RSZ-0028] Inserted 16 output buffers.
[INFO RSZ-0058] Using max wire length 6335um.
Iteration | Resized | Buffers | Nets repaired | Remaining
---------------------------------------------------------
        0 |       0 |       0 |             0 |       420
       10 |       9 |       0 |             0 |       410
       20 |      18 |       0 |             0 |       400
       30 |      27 |       0 |             0 |       390
       40 |      36 |       0 |             0 |       380
       50 |      46 |       0 |             0 |       370
       60 |      56 |       0 |             0 |       360
       70 |      66 |       0 |             0 |       350
       80 |      76 |       0 |             0 |       340
       90 |      86 |       0 |             0 |       330
      100 |      93 |       0 |             0 |       320
      110 |     103 |       0 |             0 |       310
      120 |     112 |       1 |             1 |       300
      130 |     122 |       1 |             1 |       290
      140 |     132 |       1 |             1 |       280
      150 |     141 |       1 |             1 |       270
      160 |     151 |       1 |             1 |       260
      170 |     161 |       1 |             1 |       250
      180 |     171 |       1 |             1 |       240
      190 |     181 |       1 |             1 |       230
      200 |     191 |       1 |             1 |       220
      210 |     201 |       1 |             1 |       210
      220 |     209 |       1 |             1 |       200
      230 |     218 |       1 |             1 |       190
      240 |     228 |       1 |             1 |       180
      250 |     238 |       1 |             1 |       170
      260 |     248 |       1 |             1 |       160
      270 |     258 |       1 |             1 |       150
      280 |     267 |       1 |             1 |       140
      290 |     277 |       1 |             1 |       130
      300 |     285 |       1 |             1 |       120
      310 |     295 |       1 |             1 |       110
      320 |     305 |       1 |             1 |       100
      330 |     315 |       1 |             1 |        90
      340 |     337 |      14 |             9 |        80
      350 |     355 |      25 |            16 |        70
      360 |     359 |      25 |            16 |        60
      370 |     359 |      25 |            16 |        50
      380 |     359 |      25 |            16 |        40
      390 |     363 |      25 |            16 |        30
      400 |     377 |      29 |            17 |        20
      410 |     380 |      29 |            17 |        10
      420 |     380 |      29 |            17 |         0
    final |     380 |      29 |            17 |         0
---------------------------------------------------------
[INFO RSZ-0034] Found 1 slew violations.
[INFO RSZ-0035] Found 16 fanout violations.
[INFO RSZ-0038] Inserted 29 buffers in 17 nets.
[INFO RSZ-0039] Resized 380 instances.
Placement Analysis
---------------------------------
total displacement        921.2 u
average displacement        1.5 u
max displacement            9.0 u
original HPWL            5273.5 u
legalized HPWL           6179.3 u
delta HPWL                   17 %

[INFO DPL-0020] Mirrored 171 instances
[INFO DPL-0021] HPWL before            6179.3 u
[INFO DPL-0022] HPWL after             5953.9 u
[INFO DPL-0023] HPWL delta               -3.6 %
[INFO] Setting RC values…
Setting global connections for newly added cells…
[INFO] Setting global connections...
Updating metrics…
Cell type report:                       Count       Area
  Fill cell                                64     240.23
  Tap cell                                102     127.62
  Timing Repair Buffer                     62     296.53
  Inverter                                 37     138.88
  Sequential cell                          32     804.52
  Multi-Input combinational cell          300    2068.23
  Total                                   597    3676.03
Writing OpenROAD database to '/home/hassan-ul-haq/openlane2/designs/Multiplier/runs/80MHz/31-openroad-repairdesignpostgpl/mult.odb'…
Writing netlist to '/home/hassan-ul-haq/openlane2/designs/Multiplier/runs/80MHz/31-openroad-repairdesignpostgpl/mult.nl.v'…
Writing powered netlist to '/home/hassan-ul-haq/openlane2/designs/Multiplier/runs/80MHz/31-openroad-repairdesignpostgpl/mult.pnl.v'…
Writing layout to '/home/hassan-ul-haq/openlane2/designs/Multiplier/runs/80MHz/31-openroad-repairdesignpostgpl/mult.def'…
Writing timing constraints to '/home/hassan-ul-haq/openlane2/designs/Multiplier/runs/80MHz/31-openroad-repairdesignpostgpl/mult.sdc'…
