Clock: clk
Sources: clk 
Generated: no
Virtual: yes
Propagated: no
Period: 5.000000

===========================================================================
report_clock_properties
============================================================================
Clock                   Period          Waveform
----------------------------------------------------
clk                   5.000000    0.000000  2.500000

===========================================================================
report_clock_latency
============================================================================
Clock clk
rise -> rise
    min     max
0.000000 0.000000 source latency
0.815327         network latency _1026_/CLK
        0.836907 network latency _0981_/CLK
---------------
0.815327 0.836907 latency
        0.021580 skew

fall -> fall
    min     max
0.000000 0.000000 source latency
0.725144         network latency _1026_/CLK
        0.743726 network latency _0981_/CLK
---------------
0.725144 0.743726 latency
        0.018582 skew



===========================================================================
report_clock_min_period
============================================================================
clk period_min = 4.54 fmax = 220.17
