Clock: clk
Sources: clk 
Generated: no
Virtual: yes
Propagated: no
Period: 5.000000

===========================================================================
report_clock_properties
============================================================================
Clock                   Period          Waveform
----------------------------------------------------
clk                   5.000000    0.000000  2.500000

===========================================================================
report_clock_latency
============================================================================
Clock clk
rise -> rise
    min     max
0.000000 0.000000 source latency
0.797800         network latency _1021_/CLK
        0.817152 network latency _0981_/CLK
---------------
0.797800 0.817152 latency
        0.019352 skew

fall -> fall
    min     max
0.000000 0.000000 source latency
0.712470         network latency _1021_/CLK
        0.729132 network latency _0981_/CLK
---------------
0.712470 0.729132 latency
        0.016662 skew



===========================================================================
report_clock_min_period
============================================================================
clk period_min = 4.52 fmax = 221.29
