Clock: clk
Sources: clk 
Generated: no
Virtual: yes
Propagated: no
Period: 12.500000

===========================================================================
report_clock_properties
============================================================================
Clock                   Period          Waveform
----------------------------------------------------
clk                  12.500000    0.000000  6.250000

===========================================================================
report_clock_latency
============================================================================
Clock clk
rise -> rise
    min     max
0.000000 0.000000 source latency
0.372960         network latency _688_/CLK
        0.383789 network latency _680_/CLK
---------------
0.372960 0.383789 latency
        0.010829 skew

fall -> fall
    min     max
0.000000 0.000000 source latency
0.346961         network latency _688_/CLK
        0.355216 network latency _680_/CLK
---------------
0.346961 0.355216 latency
        0.008256 skew



===========================================================================
report_clock_min_period
============================================================================
clk period_min = 4.50 fmax = 222.27
