Clock: clk
Sources: clk 
Generated: no
Virtual: yes
Propagated: no
Period: 8.333000

===========================================================================
report_clock_properties
============================================================================
Clock                   Period          Waveform
----------------------------------------------------
clk                   8.333000    0.000000  4.166500

===========================================================================
report_clock_latency
============================================================================
Clock clk
rise -> rise
    min     max
0.000000 0.000000 source latency
0.387504         network latency _772_/CLK
        0.391759 network latency _801_/CLK
---------------
0.387504 0.391759 latency
        0.004255 skew

fall -> fall
    min     max
0.000000 0.000000 source latency
0.357812         network latency _772_/CLK
        0.361619 network latency _811_/CLK
---------------
0.357812 0.361619 latency
        0.003807 skew



===========================================================================
report_clock_min_period
============================================================================
clk period_min = 3.47 fmax = 287.81
