Clock: clk
Sources: clk 
Generated: no
Virtual: yes
Propagated: no
Period: 2.000000

===========================================================================
report_clock_properties
============================================================================
Clock                   Period          Waveform
----------------------------------------------------
clk                   2.000000    0.000000  1.000000

===========================================================================
report_clock_latency
============================================================================
Clock clk
rise -> rise
    min     max
0.000000 0.000000 source latency
0.279956         network latency _37_/CLK
        0.288876 network latency _15_/CLK
---------------
0.279956 0.288876 latency
        0.008920 skew

fall -> fall
    min     max
0.000000 0.000000 source latency
0.302876         network latency _37_/CLK
        0.309824 network latency _15_/CLK
---------------
0.302876 0.309824 latency
        0.006949 skew



===========================================================================
report_clock_min_period
============================================================================
clk period_min = 0.84 fmax = 1190.19
