Clock: clk
Sources: clk 
Generated: no
Virtual: yes
Propagated: no
Period: 3.333000

===========================================================================
report_clock_properties
============================================================================
Clock                   Period          Waveform
----------------------------------------------------
clk                   3.333000    0.000000  1.666500

===========================================================================
report_clock_latency
============================================================================
Clock clk
rise -> rise
    min     max
0.000000 0.000000 source latency
0.423774         network latency _1325_/CLK
        0.444591 network latency _1438_/CLK
---------------
0.423774 0.444591 latency
        0.020817 skew

fall -> fall
    min     max
0.000000 0.000000 source latency
0.383003         network latency _1325_/CLK
        0.397519 network latency _1438_/CLK
---------------
0.383003 0.397519 latency
        0.014516 skew



===========================================================================
report_clock_min_period
============================================================================
clk period_min = 1.70 fmax = 589.47
