
===========================================================================
report_checks -unconstrained
===========================================================================
======================= nom_ff_n40C_1v95 Corner ===================================

Startpoint: rst (input port clocked by clk)
Endpoint: _772_ (recovery check against rising-edge clock clk)
Path Group: asynchronous
Path Type: max

Fanout         Cap        Slew       Delay        Time   Description
---------------------------------------------------------------------------------------------
                                  0.000000    0.000000   clock clk (rise edge)
                                  0.000000    0.000000   clock network delay (propagated)
                                  1.666600    1.666600 v input external delay
     1    0.002575    0.004393    0.002076    1.668676 v rst (in)
                                                         rst (net)
                      0.004393    0.000000    1.668676 v input17/A (sky130_fd_sc_hd__clkbuf_2)
     3    0.032439    0.087288    0.112419    1.781096 v input17/X (sky130_fd_sc_hd__clkbuf_2)
                                                         net17 (net)
                      0.087291    0.000440    1.781536 v fanout62/A (sky130_fd_sc_hd__buf_2)
     6    0.034936    0.064286    0.140198    1.921733 v fanout62/X (sky130_fd_sc_hd__buf_2)
                                                         net62 (net)
                      0.064289    0.000543    1.922276 v fanout59/A (sky130_fd_sc_hd__clkbuf_4)
     8    0.041520    0.065536    0.144395    2.066671 v fanout59/X (sky130_fd_sc_hd__clkbuf_4)
                                                         net59 (net)
                      0.065542    0.000670    2.067342 v fanout57/A (sky130_fd_sc_hd__buf_4)
    10    0.054150    0.058972    0.140062    2.207403 v fanout57/X (sky130_fd_sc_hd__buf_4)
                                                         net57 (net)
                      0.058991    0.001013    2.208416 v _708_/A (sky130_fd_sc_hd__inv_2)
     1    0.003958    0.025028    0.040564    2.248980 ^ _708_/Y (sky130_fd_sc_hd__inv_2)
                                                         _062_ (net)
                      0.025028    0.000045    2.249025 ^ _772_/RESET_B (sky130_fd_sc_hd__dfrtp_1)
                                              2.249025   data arrival time

                                  8.333000    8.333000   clock clk (rise edge)
                                  0.000000    8.333000   clock source latency
     1    0.019598    0.070175    0.048548    8.381548 ^ clk (in)
                                                         clk (net)
                      0.070227    0.000000    8.381548 ^ clkbuf_0_clk/A (sky130_fd_sc_hd__clkbuf_16)
     8    0.082380    0.076072    0.130282    8.511830 ^ clkbuf_0_clk/X (sky130_fd_sc_hd__clkbuf_16)
                                                         clknet_0_clk (net)
                      0.076286    0.002888    8.514719 ^ clkbuf_3_0__f_clk/A (sky130_fd_sc_hd__clkbuf_16)
     7    0.031019    0.039127    0.104314    8.619033 ^ clkbuf_3_0__f_clk/X (sky130_fd_sc_hd__clkbuf_16)
                                                         clknet_3_0__leaf_clk (net)
                      0.039149    0.000846    8.619879 ^ _772_/CLK (sky130_fd_sc_hd__dfrtp_1)
                                 -0.250000    8.369879   clock uncertainty
                                  0.000000    8.369879   clock reconvergence pessimism
                                  0.145998    8.515876   library recovery time
                                              8.515876   data required time
---------------------------------------------------------------------------------------------
                                              8.515876   data required time
                                             -2.249025   data arrival time
---------------------------------------------------------------------------------------------
                                              6.266851   slack (MET)


Startpoint: _768_ (rising edge-triggered flip-flop clocked by clk)
Endpoint: product[14] (output port clocked by clk)
Path Group: clk
Path Type: max

Fanout         Cap        Slew       Delay        Time   Description
---------------------------------------------------------------------------------------------
                                  0.000000    0.000000   clock clk (rise edge)
                                  0.000000    0.000000   clock source latency
     1    0.019598    0.070175    0.048548    0.048548 ^ clk (in)
                                                         clk (net)
                      0.070227    0.000000    0.048548 ^ clkbuf_0_clk/A (sky130_fd_sc_hd__clkbuf_16)
     8    0.082380    0.076072    0.130282    0.178830 ^ clkbuf_0_clk/X (sky130_fd_sc_hd__clkbuf_16)
                                                         clknet_0_clk (net)
                      0.076194    0.001992    0.180822 ^ clkbuf_3_7__f_clk/A (sky130_fd_sc_hd__clkbuf_16)
    11    0.037300    0.043498    0.107892    0.288714 ^ clkbuf_3_7__f_clk/X (sky130_fd_sc_hd__clkbuf_16)
                                                         clknet_3_7__leaf_clk (net)
                      0.043538    0.000758    0.289473 ^ _768_/CLK (sky130_fd_sc_hd__dfrtp_1)
     1    0.002831    0.027951    0.223996    0.513469 v _768_/Q (sky130_fd_sc_hd__dfrtp_1)
                                                         net23 (net)
                      0.027951    0.000083    0.513552 v output23/A (sky130_fd_sc_hd__buf_2)
     1    0.034394    0.063013    0.116457    0.630009 v output23/X (sky130_fd_sc_hd__buf_2)
                                                         product[14] (net)
                      0.063023    0.000788    0.630797 v product[14] (out)
                                              0.630797   data arrival time

                                  8.333000    8.333000   clock clk (rise edge)
                                  0.000000    8.333000   clock network delay (propagated)
                                 -0.250000    8.083000   clock uncertainty
                                  0.000000    8.083000   clock reconvergence pessimism
                                 -1.666600    6.416400   output external delay
                                              6.416400   data required time
---------------------------------------------------------------------------------------------
                                              6.416400   data required time
                                             -0.630797   data arrival time
---------------------------------------------------------------------------------------------
                                              5.785603   slack (MET)




===========================================================================
report_checks --slack_max -0.01
============================================================================
======================= nom_ff_n40C_1v95 Corner ===================================

No paths found.


===========================================================================
 report_check_types -max_slew -max_cap -max_fanout -violators
============================================================================
======================= nom_ff_n40C_1v95 Corner ===================================

max fanout

Pin                                   Limit Fanout  Slack
---------------------------------------------------------
clkbuf_3_2__f_clk/X                      10     12     -2 (VIOLATED)
clkbuf_3_7__f_clk/X                      10     11        (VIOLATED)



===========================================================================
report_parasitic_annotation -report_unannotated
============================================================================
Found 7 unannotated drivers.
 clkload0/Y
 clkload1/Y
 clkload2/Y
 clkload3/Y
 clkload4/Y
 clkload5/Y
 clkload6/X
Found 0 partially unannotated drivers.

===========================================================================
max slew violation count 0
max fanout violation count 2
max cap violation count 0
============================================================================

===========================================================================
check_setup -verbose -unconstrained_endpoints -multiple_clock -no_clock -no_input_delay -loops -generated_clocks
===========================================================================
