Clock: clk
Sources: clk 
Generated: no
Virtual: yes
Propagated: no
Period: 8.333000

===========================================================================
report_clock_properties
============================================================================
Clock                   Period          Waveform
----------------------------------------------------
clk                   8.333000    0.000000  4.166500

===========================================================================
report_clock_latency
============================================================================
Clock clk
rise -> rise
    min     max
0.000000 0.000000 source latency
0.286359         network latency _816_/CLK
        0.291513 network latency _811_/CLK
---------------
0.286359 0.291513 latency
        0.005154 skew

fall -> fall
    min     max
0.000000 0.000000 source latency
0.255753         network latency _816_/CLK
        0.260318 network latency _811_/CLK
---------------
0.255753 0.260318 latency
        0.004565 skew



===========================================================================
report_clock_min_period
============================================================================
clk period_min = 2.24 fmax = 445.57
