Clock: clk
Sources: clk 
Generated: no
Virtual: yes
Propagated: no
Period: 6.250000

===========================================================================
report_clock_properties
============================================================================
Clock                   Period          Waveform
----------------------------------------------------
clk                   6.250000    0.000000  3.125000

===========================================================================
report_clock_latency
============================================================================
Clock clk
rise -> rise
    min     max
0.000000 0.000000 source latency
0.378905         network latency _816_/CLK
        0.382410 network latency _811_/CLK
---------------
0.378905 0.382410 latency
        0.003505 skew

fall -> fall
    min     max
0.000000 0.000000 source latency
0.351349         network latency _816_/CLK
        0.354873 network latency _811_/CLK
---------------
0.351349 0.354873 latency
        0.003525 skew



===========================================================================
report_clock_min_period
============================================================================
clk period_min = 3.28 fmax = 305.17
