Clock: clk
Sources: clk 
Generated: no
Virtual: yes
Propagated: no
Period: 8.333000

===========================================================================
report_clock_properties
============================================================================
Clock                   Period          Waveform
----------------------------------------------------
clk                   8.333000    0.000000  4.166500

===========================================================================
report_clock_latency
============================================================================
Clock clk
rise -> rise
    min     max
0.000000 0.000000 source latency
0.266127         network latency _664_/CLK
        0.267735 network latency _682_/CLK
---------------
0.266127 0.267735 latency
        0.001608 skew

fall -> fall
    min     max
0.000000 0.000000 source latency
0.128863         network latency _664_/CLK
        0.130371 network latency _682_/CLK
---------------
0.128863 0.130371 latency
        0.001508 skew



===========================================================================
report_clock_min_period
============================================================================
clk period_min = 4.83 fmax = 207.18
