
===========================================================================
report_checks -unconstrained
===========================================================================
======================= nom_tt_025C_1v80 Corner ===================================

Startpoint: rst (input port clocked by clk)
Endpoint: _834_ (recovery check against rising-edge clock clk)
Path Group: asynchronous
Path Type: max

Fanout         Cap        Slew       Delay        Time   Description
---------------------------------------------------------------------------------------------
                                  0.000000    0.000000   clock clk (rise edge)
                                  0.000000    0.000000   clock network delay (propagated)
                                  1.000000    1.000000 v input external delay
     1    0.002427    0.007765    0.003803    1.003803 v rst (in)
                                                         rst (net)
                      0.007765    0.000000    1.003803 v input17/A (sky130_fd_sc_hd__buf_1)
     3    0.019261    0.115988    0.143397    1.147200 v input17/X (sky130_fd_sc_hd__buf_1)
                                                         net17 (net)
                      0.115989    0.000530    1.147730 v fanout61/A (sky130_fd_sc_hd__clkbuf_4)
     7    0.043343    0.096049    0.227631    1.375361 v fanout61/X (sky130_fd_sc_hd__clkbuf_4)
                                                         net61 (net)
                      0.096099    0.002044    1.377405 v fanout60/A (sky130_fd_sc_hd__buf_4)
    10    0.059747    0.084849    0.215555    1.592960 v fanout60/X (sky130_fd_sc_hd__buf_4)
                                                         net60 (net)
                      0.085336    0.004792    1.597752 v _762_/A (sky130_fd_sc_hd__inv_2)
     1    0.004425    0.036184    0.061460    1.659212 ^ _762_/Y (sky130_fd_sc_hd__inv_2)
                                                         _122_ (net)
                      0.036184    0.000097    1.659309 ^ _834_/RESET_B (sky130_fd_sc_hd__dfrtp_1)
                                              1.659309   data arrival time

                                  5.000000    5.000000   clock clk (rise edge)
                                  0.000000    5.000000   clock source latency
     1    0.019273    0.092248    0.063998    5.063998 ^ clk (in)
                                                         clk (net)
                      0.092287    0.000000    5.063998 ^ clkbuf_0_clk/A (sky130_fd_sc_hd__clkbuf_16)
     8    0.083869    0.100371    0.190743    5.254741 ^ clkbuf_0_clk/X (sky130_fd_sc_hd__clkbuf_16)
                                                         clknet_0_clk (net)
                      0.100396    0.001595    5.256336 ^ clkbuf_3_5__f_clk/A (sky130_fd_sc_hd__clkbuf_16)
    10    0.036004    0.056198    0.158735    5.415071 ^ clkbuf_3_5__f_clk/X (sky130_fd_sc_hd__clkbuf_16)
                                                         clknet_3_5__leaf_clk (net)
                      0.056324    0.001700    5.416771 ^ _834_/CLK (sky130_fd_sc_hd__dfrtp_1)
                                 -0.250000    5.166771   clock uncertainty
                                  0.000000    5.166771   clock reconvergence pessimism
                                  0.236082    5.402853   library recovery time
                                              5.402853   data required time
---------------------------------------------------------------------------------------------
                                              5.402853   data required time
                                             -1.659309   data arrival time
---------------------------------------------------------------------------------------------
                                              3.743544   slack (MET)


Startpoint: _828_ (rising edge-triggered flip-flop clocked by clk)
Endpoint: _795_ (rising edge-triggered flip-flop clocked by clk)
Path Group: clk
Path Type: max

Fanout         Cap        Slew       Delay        Time   Description
---------------------------------------------------------------------------------------------
                                  0.000000    0.000000   clock clk (rise edge)
                                  0.000000    0.000000   clock source latency
     1    0.019273    0.092248    0.063998    0.063998 ^ clk (in)
                                                         clk (net)
                      0.092287    0.000000    0.063998 ^ clkbuf_0_clk/A (sky130_fd_sc_hd__clkbuf_16)
     8    0.083869    0.100371    0.190743    0.254741 ^ clkbuf_0_clk/X (sky130_fd_sc_hd__clkbuf_16)
                                                         clknet_0_clk (net)
                      0.100570    0.003144    0.257884 ^ clkbuf_3_1__f_clk/A (sky130_fd_sc_hd__clkbuf_16)
     9    0.040697    0.060382    0.162505    0.420389 ^ clkbuf_3_1__f_clk/X (sky130_fd_sc_hd__clkbuf_16)
                                                         clknet_3_1__leaf_clk (net)
                      0.060425    0.001390    0.421779 ^ _828_/CLK (sky130_fd_sc_hd__dfrtp_1)
     2    0.014621    0.090615    0.415837    0.837617 v _828_/Q (sky130_fd_sc_hd__dfrtp_1)
                                                         b_low[0] (net)
                      0.090618    0.000595    0.838211 v fanout46/A (sky130_fd_sc_hd__buf_2)
    10    0.036438    0.092445    0.204555    1.042766 v fanout46/X (sky130_fd_sc_hd__buf_2)
                                                         net46 (net)
                      0.092446    0.000441    1.043207 v _495_/D (sky130_fd_sc_hd__and4_1)
     4    0.009686    0.066191    0.248430    1.291638 v _495_/X (sky130_fd_sc_hd__and4_1)
                                                         _225_ (net)
                      0.066191    0.000203    1.291841 v _497_/A_N (sky130_fd_sc_hd__and4bb_1)
     3    0.009503    0.114409    0.301606    1.593446 ^ _497_/X (sky130_fd_sc_hd__and4bb_1)
                                                         _227_ (net)
                      0.114409    0.000119    1.593565 ^ _500_/A2 (sky130_fd_sc_hd__o21a_1)
     3    0.011389    0.116198    0.175489    1.769055 ^ _500_/X (sky130_fd_sc_hd__o21a_1)
                                                         _230_ (net)
                      0.116198    0.000212    1.769267 ^ _503_/A (sky130_fd_sc_hd__nor2_1)
     2    0.008461    0.067001    0.084595    1.853862 v _503_/Y (sky130_fd_sc_hd__nor2_1)
                                                         _233_ (net)
                      0.067001    0.000135    1.853997 v _504_/C (sky130_fd_sc_hd__and3_1)
     2    0.007073    0.055424    0.204946    2.058943 v _504_/X (sky130_fd_sc_hd__and3_1)
                                                         _234_ (net)
                      0.055424    0.000095    2.059038 v _506_/C1 (sky130_fd_sc_hd__a211oi_1)
     2    0.008513    0.336614    0.291546    2.350584 ^ _506_/Y (sky130_fd_sc_hd__a211oi_1)
                                                         _236_ (net)
                      0.336614    0.000243    2.350827 ^ _520_/B1_N (sky130_fd_sc_hd__o21ba_1)
     2    0.008230    0.059559    0.223738    2.574565 v _520_/X (sky130_fd_sc_hd__o21ba_1)
                                                         _250_ (net)
                      0.059559    0.000224    2.574789 v _521_/A2 (sky130_fd_sc_hd__a21o_1)
     1    0.008213    0.056699    0.202880    2.777668 v _521_/X (sky130_fd_sc_hd__a21o_1)
                                                         _031_ (net)
                      0.056701    0.000358    2.778027 v _795_/D (sky130_fd_sc_hd__dfrtp_1)
                                              2.778027   data arrival time

                                  5.000000    5.000000   clock clk (rise edge)
                                  0.000000    5.000000   clock source latency
     1    0.019273    0.092248    0.063998    5.063998 ^ clk (in)
                                                         clk (net)
                      0.092287    0.000000    5.063998 ^ clkbuf_0_clk/A (sky130_fd_sc_hd__clkbuf_16)
     8    0.083869    0.100371    0.190743    5.254741 ^ clkbuf_0_clk/X (sky130_fd_sc_hd__clkbuf_16)
                                                         clknet_0_clk (net)
                      0.100427    0.002215    5.256956 ^ clkbuf_3_3__f_clk/A (sky130_fd_sc_hd__clkbuf_16)
     9    0.034608    0.055025    0.158077    5.415033 ^ clkbuf_3_3__f_clk/X (sky130_fd_sc_hd__clkbuf_16)
                                                         clknet_3_3__leaf_clk (net)
                      0.055032    0.000558    5.415591 ^ _795_/CLK (sky130_fd_sc_hd__dfrtp_1)
                                 -0.250000    5.165591   clock uncertainty
                                  0.000000    5.165591   clock reconvergence pessimism
                                 -0.117080    5.048511   library setup time
                                              5.048511   data required time
---------------------------------------------------------------------------------------------
                                              5.048511   data required time
                                             -2.778027   data arrival time
---------------------------------------------------------------------------------------------
                                              2.270484   slack (MET)




===========================================================================
report_checks --slack_max -0.01
============================================================================
======================= nom_tt_025C_1v80 Corner ===================================

No paths found.


===========================================================================
 report_check_types -max_slew -max_cap -max_fanout -violators
============================================================================
======================= nom_tt_025C_1v80 Corner ===================================

max fanout

Pin                                   Limit Fanout  Slack
---------------------------------------------------------
clkbuf_3_7__f_clk/X                      10     13     -3 (VIOLATED)
clkbuf_3_2__f_clk/X                      10     12     -2 (VIOLATED)
clkbuf_3_6__f_clk/X                      10     11        (VIOLATED)



===========================================================================
report_parasitic_annotation -report_unannotated
============================================================================
Found 7 unannotated drivers.
 clkload0/Y
 clkload1/Y
 clkload2/X
 clkload3/Y
 clkload4/Y
 clkload5/Y
 clkload6/Y
Found 0 partially unannotated drivers.

===========================================================================
max slew violation count 0
max fanout violation count 3
max cap violation count 0
============================================================================

===========================================================================
check_setup -verbose -unconstrained_endpoints -multiple_clock -no_clock -no_input_delay -loops -generated_clocks
===========================================================================
