Clock: clk
Sources: clk 
Generated: no
Virtual: yes
Propagated: no
Period: 5.000000

===========================================================================
report_clock_properties
============================================================================
Clock                   Period          Waveform
----------------------------------------------------
clk                   5.000000    0.000000  2.500000

===========================================================================
report_clock_latency
============================================================================
Clock clk
rise -> rise
    min     max
0.000000 0.000000 source latency
0.415078         network latency _807_/CLK
        0.421989 network latency _822_/CLK
---------------
0.415078 0.421989 latency
        0.006911 skew

fall -> fall
    min     max
0.000000 0.000000 source latency
0.375246         network latency _807_/CLK
        0.380783 network latency _822_/CLK
---------------
0.375246 0.380783 latency
        0.005537 skew



===========================================================================
report_clock_min_period
============================================================================
clk period_min = 2.73 fmax = 366.37
