Reading OpenROAD database at '/home/hassan-ul-haq/openlane2/designs/Multiplier/runs/200MHz/20-openroad-generatepdn/mult.odb'…
Reading library file at '/home/hassan-ul-haq/.volare/volare/sky130/versions/0fe599b2afb6708d281543108caf8310912f54af/sky130A/libs.ref/sky130_fd_sc_hd/lib/sky130_fd_sc_hd__tt_025C_1v80.lib'…
Reading design constraints file at '/nix/store/ss2cw3sxbrwwx9jl0rrppbw4kgcmgi2n-python3-3.11.9-env/lib/python3.11/site-packages/openlane/scripts/base.sdc'…
[INFO] Using clock clk…
[INFO] Setting output delay to: 1
[INFO] Setting input delay to: 1
[INFO] Setting load to: 0.033442
[INFO] Setting clock uncertainty to: 0.25
[INFO] Setting clock transition to: 0.1499999999999999944488848768742172978818416595458984375
[INFO] Setting timing derate to: 5%
+ global_placement -density 0.62772 -skip_io -pad_right 0 -pad_left 0 -init_wirelength_coef 0.25
[INFO GPL-0002] DBU: 1000
[INFO GPL-0003] SiteSize: (  0.460  2.720 ) um
[INFO GPL-0004] CoreBBox: (  5.520 10.880 ) ( 126.960 130.560 ) um
[INFO GPL-0006] NumInstances:               902
[INFO GPL-0007] NumPlaceInstances:          607
[INFO GPL-0008] NumFixedInstances:          295
[INFO GPL-0009] NumDummyInstances:            0
[INFO GPL-0010] NumNets:                    625
[INFO GPL-0011] NumPins:                   1926
[INFO GPL-0012] DieBBox:  (  0.000  0.000 ) ( 132.785 143.505 ) um
[INFO GPL-0013] CoreBBox: (  5.520 10.880 ) ( 126.960 130.560 ) um
[INFO GPL-0016] CoreArea:             14533.939 um^2
[INFO GPL-0017] NonPlaceInstsArea:      589.315 um^2
[INFO GPL-0018] PlaceInstsArea:        7410.858 um^2
[INFO GPL-0019] Util:                    53.145 %
[INFO GPL-0020] StdInstsArea:          7410.858 um^2
[INFO GPL-0021] MacroInstsArea:           0.000 um^2
[INFO GPL-0031] FillerInit:NumGCells:       720
[INFO GPL-0032] FillerInit:NumGNets:        625
[INFO GPL-0033] FillerInit:NumGPins:       1926
[INFO GPL-0023] TargetDensity:            0.628
[INFO GPL-0024] AvrgPlaceInstArea:       12.209 um^2
[INFO GPL-0025] IdealBinArea:            19.450 um^2
[INFO GPL-0026] IdealBinCnt:                747
[INFO GPL-0027] TotalBinArea:         14533.939 um^2
[INFO GPL-0028] BinCnt:        16     16
[INFO GPL-0029] BinSize: (  7.590  7.480 )
[INFO GPL-0030] NumBins: 256
[NesterovSolve] Iter:    1 overflow: 0.981 HPWL: 1986366
[NesterovSolve] Iter:   10 overflow: 0.957 HPWL: 1134634
[NesterovSolve] Iter:   20 overflow: 0.947 HPWL: 814084
[NesterovSolve] Iter:   30 overflow: 0.936 HPWL: 683921
[NesterovSolve] Iter:   40 overflow: 0.936 HPWL: 673682
[NesterovSolve] Iter:   50 overflow: 0.938 HPWL: 698277
[NesterovSolve] Iter:   60 overflow: 0.939 HPWL: 703019
[NesterovSolve] Iter:   70 overflow: 0.938 HPWL: 694702
[NesterovSolve] Iter:   80 overflow: 0.936 HPWL: 683779
[NesterovSolve] Iter:   90 overflow: 0.935 HPWL: 682857
[NesterovSolve] Iter:  100 overflow: 0.934 HPWL: 684441
[NesterovSolve] Iter:  110 overflow: 0.934 HPWL: 682641
[NesterovSolve] Iter:  120 overflow: 0.934 HPWL: 681518
[NesterovSolve] Iter:  130 overflow: 0.930 HPWL: 690481
[NesterovSolve] Iter:  140 overflow: 0.923 HPWL: 743384
[NesterovSolve] Iter:  150 overflow: 0.905 HPWL: 901240
[NesterovSolve] Iter:  160 overflow: 0.845 HPWL: 1227757
[NesterovSolve] Iter:  170 overflow: 0.779 HPWL: 1592744
[NesterovSolve] Iter:  180 overflow: 0.729 HPWL: 1834250
[NesterovSolve] Iter:  190 overflow: 0.707 HPWL: 2110666
[NesterovSolve] Iter:  200 overflow: 0.649 HPWL: 2433275
[NesterovSolve] Iter:  210 overflow: 0.602 HPWL: 2536757
[NesterovSolve] Iter:  220 overflow: 0.556 HPWL: 2762486
[NesterovSolve] Iter:  230 overflow: 0.509 HPWL: 3117665
[NesterovSolve] Iter:  240 overflow: 0.455 HPWL: 3356497
[NesterovSolve] Iter:  250 overflow: 0.401 HPWL: 3618579
[NesterovSolve] Iter:  260 overflow: 0.352 HPWL: 3890249
[NesterovSolve] Iter:  270 overflow: 0.306 HPWL: 4085328
[NesterovSolve] Iter:  280 overflow: 0.275 HPWL: 4221140
[NesterovSolve] Iter:  290 overflow: 0.246 HPWL: 4344984
[NesterovSolve] Iter:  300 overflow: 0.218 HPWL: 4462471
[NesterovSolve] Iter:  310 overflow: 0.186 HPWL: 4541990
[NesterovSolve] Iter:  320 overflow: 0.161 HPWL: 4598455
[NesterovSolve] Iter:  330 overflow: 0.134 HPWL: 4663240
[NesterovSolve] Iter:  340 overflow: 0.110 HPWL: 4678807
[NesterovSolve] Finished with Overflow: 0.098863
[INFO] Setting RC values…
Setting global connections for newly added cells…
[INFO] Setting global connections...
Updating metrics…
Cell type report:                       Count       Area
  Fill cell                                88     330.32
  Tap cell                                207     259.00
  Inverter                                171     641.87
  Sequential cell                         160    4204.03
  Multi-Input combinational cell          276    2564.96
  Total                                   902    8000.17
Writing OpenROAD database to '/home/hassan-ul-haq/openlane2/designs/Multiplier/runs/200MHz/23-openroad-globalplacementskipio/mult.odb'…
Writing netlist to '/home/hassan-ul-haq/openlane2/designs/Multiplier/runs/200MHz/23-openroad-globalplacementskipio/mult.nl.v'…
Writing powered netlist to '/home/hassan-ul-haq/openlane2/designs/Multiplier/runs/200MHz/23-openroad-globalplacementskipio/mult.pnl.v'…
Writing layout to '/home/hassan-ul-haq/openlane2/designs/Multiplier/runs/200MHz/23-openroad-globalplacementskipio/mult.def'…
Writing timing constraints to '/home/hassan-ul-haq/openlane2/designs/Multiplier/runs/200MHz/23-openroad-globalplacementskipio/mult.sdc'…
