Reading timing models for corner nom_tt_025C_1v80…
Reading timing library for the 'nom_tt_025C_1v80' corner at '/home/hassan-ul-haq/.volare/volare/sky130/versions/0fe599b2afb6708d281543108caf8310912f54af/sky130A/libs.ref/sky130_fd_sc_hd/lib/sky130_fd_sc_hd__tt_025C_1v80.lib'…
Reading timing models for corner nom_ff_n40C_1v95…
Reading timing library for the 'nom_ff_n40C_1v95' corner at '/home/hassan-ul-haq/.volare/volare/sky130/versions/0fe599b2afb6708d281543108caf8310912f54af/sky130A/libs.ref/sky130_fd_sc_hd/lib/sky130_fd_sc_hd__ff_n40C_1v95.lib'…
Reading timing models for corner nom_ss_100C_1v60…
Reading timing library for the 'nom_ss_100C_1v60' corner at '/home/hassan-ul-haq/.volare/volare/sky130/versions/0fe599b2afb6708d281543108caf8310912f54af/sky130A/libs.ref/sky130_fd_sc_hd/lib/sky130_fd_sc_hd__ss_100C_1v60.lib'…
Reading OpenROAD database at '/home/hassan-ul-haq/openlane2/designs/Multiplier/runs/200MHz/27-openroad-globalplacement/mult.odb'…
Reading design constraints file at '/nix/store/ss2cw3sxbrwwx9jl0rrppbw4kgcmgi2n-python3-3.11.9-env/lib/python3.11/site-packages/openlane/scripts/base.sdc'…
[INFO] Using clock clk…
[INFO] Setting output delay to: 1
[INFO] Setting input delay to: 1
[INFO] Setting load to: 0.033442
[INFO] Setting clock uncertainty to: 0.25
[INFO] Setting clock transition to: 0.1499999999999999944488848768742172978818416595458984375
[INFO] Setting timing derate to: 5%
[INFO] Setting RC values…
[INFO RSZ-0027] Inserted 17 input buffers.
[INFO RSZ-0028] Inserted 16 output buffers.
[INFO RSZ-0058] Using max wire length 6335um.
Iteration | Resized | Buffers | Nets repaired | Remaining
---------------------------------------------------------
        0 |       0 |       0 |             0 |       658
      100 |      99 |       0 |             0 |       558
      200 |     189 |       0 |             0 |       458
      300 |     288 |       0 |             0 |       358
      400 |     391 |       5 |             5 |       258
      500 |     455 |       5 |            41 |       158
      600 |     455 |       5 |           141 |        58
    final |     493 |      26 |           166 |         0
---------------------------------------------------------
[INFO RSZ-0034] Found 160 slew violations.
[INFO RSZ-0035] Found 6 fanout violations.
[INFO RSZ-0038] Inserted 26 buffers in 166 nets.
[INFO RSZ-0039] Resized 493 instances.
Placement Analysis
---------------------------------
total displacement       1699.4 u
average displacement        1.8 u
max displacement            8.8 u
original HPWL            6560.8 u
legalized HPWL           8214.7 u
delta HPWL                   25 %

[INFO DPL-0020] Mirrored 187 instances
[INFO DPL-0021] HPWL before            8214.7 u
[INFO DPL-0022] HPWL after             8098.5 u
[INFO DPL-0023] HPWL delta               -1.4 %
[INFO] Setting RC values…
Setting global connections for newly added cells…
[INFO] Setting global connections...
Updating metrics…
Cell type report:                       Count       Area
  Fill cell                                88     330.32
  Tap cell                                207     259.00
  Timing Repair Buffer                     59     311.55
  Inverter                                171     641.87
  Sequential cell                         160    4040.12
  Multi-Input combinational cell          276    1776.70
  Total                                   961    7359.56
Writing OpenROAD database to '/home/hassan-ul-haq/openlane2/designs/Multiplier/runs/200MHz/31-openroad-repairdesignpostgpl/mult.odb'…
Writing netlist to '/home/hassan-ul-haq/openlane2/designs/Multiplier/runs/200MHz/31-openroad-repairdesignpostgpl/mult.nl.v'…
Writing powered netlist to '/home/hassan-ul-haq/openlane2/designs/Multiplier/runs/200MHz/31-openroad-repairdesignpostgpl/mult.pnl.v'…
Writing layout to '/home/hassan-ul-haq/openlane2/designs/Multiplier/runs/200MHz/31-openroad-repairdesignpostgpl/mult.def'…
Writing timing constraints to '/home/hassan-ul-haq/openlane2/designs/Multiplier/runs/200MHz/31-openroad-repairdesignpostgpl/mult.sdc'…
