Reading OpenROAD database at '/home/hassan-ul-haq/openlane2/designs/Multiplier/runs/160MHz/24-openroad-ioplacement/mult.odb'…
Reading library file at '/home/hassan-ul-haq/.volare/volare/sky130/versions/0fe599b2afb6708d281543108caf8310912f54af/sky130A/libs.ref/sky130_fd_sc_hd/lib/sky130_fd_sc_hd__tt_025C_1v80.lib'…
Reading design constraints file at '/nix/store/ss2cw3sxbrwwx9jl0rrppbw4kgcmgi2n-python3-3.11.9-env/lib/python3.11/site-packages/openlane/scripts/base.sdc'…
[INFO] Using clock clk…
[INFO] Setting output delay to: 1.25
[INFO] Setting input delay to: 1.25
[INFO] Setting load to: 0.033442
[INFO] Setting clock uncertainty to: 0.25
[INFO] Setting clock transition to: 0.1499999999999999944488848768742172978818416595458984375
[INFO] Setting timing derate to: 5%
[INFO] Setting RC values…
[INFO] Setting signal min routing layer to: met1 and clock min routing layer to met1. 
[INFO] Setting signal max routing layer to: met5 and clock max routing layer to met5. 
+ global_placement -density 0.624013 -timing_driven -routability_driven -pad_right 0 -pad_left 0 -init_wirelength_coef 0.25
[INFO GPL-0002] DBU: 1000
[INFO GPL-0003] SiteSize: (  0.460  2.720 ) um
[INFO GPL-0004] CoreBBox: (  5.520 10.880 ) ( 103.960 108.800 ) um
[INFO GPL-0006] NumInstances:               646
[INFO GPL-0007] NumPlaceInstances:          441
[INFO GPL-0008] NumFixedInstances:          205
[INFO GPL-0009] NumDummyInstances:            0
[INFO GPL-0010] NumNets:                    459
[INFO GPL-0011] NumPins:                   1554
[INFO GPL-0012] DieBBox:  (  0.000  0.000 ) ( 109.880 120.600 ) um
[INFO GPL-0013] CoreBBox: (  5.520 10.880 ) ( 103.960 108.800 ) um
[INFO GPL-0016] CoreArea:              9639.245 um^2
[INFO GPL-0017] NonPlaceInstsArea:      436.669 um^2
[INFO GPL-0018] PlaceInstsArea:        4884.685 um^2
[INFO GPL-0019] Util:                    53.080 %
[INFO GPL-0020] StdInstsArea:          4884.685 um^2
[INFO GPL-0021] MacroInstsArea:           0.000 um^2
[InitialPlace]  Iter: 1 CG residual: 0.00000010 HPWL: 8798165
[InitialPlace]  Iter: 2 CG residual: 0.00000008 HPWL: 7068606
[InitialPlace]  Iter: 3 CG residual: 0.00000008 HPWL: 7089289
[InitialPlace]  Iter: 4 CG residual: 0.00000010 HPWL: 7106869
[InitialPlace]  Iter: 5 CG residual: 0.00000010 HPWL: 7103715
[INFO GPL-0031] FillerInit:NumGCells:       521
[INFO GPL-0032] FillerInit:NumGNets:        459
[INFO GPL-0033] FillerInit:NumGPins:       1554
[INFO GPL-0023] TargetDensity:            0.624
[INFO GPL-0024] AvrgPlaceInstArea:       11.076 um^2
[INFO GPL-0025] IdealBinArea:            17.750 um^2
[INFO GPL-0026] IdealBinCnt:                543
[INFO GPL-0027] TotalBinArea:          9639.245 um^2
[INFO GPL-0028] BinCnt:        16     16
[INFO GPL-0029] BinSize: (  6.153  6.120 )
[INFO GPL-0030] NumBins: 256
[NesterovSolve] Iter:    1 overflow: 0.723 HPWL: 3278747
[INFO GPL-0100] Timing-driven: executing resizer for reweighting nets.
[INFO GPL-0101] Timing-driven: worst slack 2.89e-09
[INFO GPL-0103] Timing-driven: weighted 45 nets.
[INFO GPL-0100] Timing-driven: executing resizer for reweighting nets.
[INFO GPL-0101] Timing-driven: worst slack 2.87e-09
[INFO GPL-0103] Timing-driven: weighted 45 nets.
[NesterovSolve] Iter:   10 overflow: 0.606 HPWL: 3314235
[NesterovSolve] Snapshot saved at iter = 10
[NesterovSolve] Iter:   20 overflow: 0.559 HPWL: 3482356
[NesterovSolve] Iter:   30 overflow: 0.545 HPWL: 3515434
[NesterovSolve] Iter:   40 overflow: 0.548 HPWL: 3489328
[NesterovSolve] Iter:   50 overflow: 0.550 HPWL: 3469783
[NesterovSolve] Iter:   60 overflow: 0.557 HPWL: 3469763
[NesterovSolve] Iter:   70 overflow: 0.560 HPWL: 3473270
[NesterovSolve] Iter:   80 overflow: 0.559 HPWL: 3471748
[NesterovSolve] Iter:   90 overflow: 0.559 HPWL: 3471346
[NesterovSolve] Iter:  100 overflow: 0.556 HPWL: 3472597
[NesterovSolve] Iter:  110 overflow: 0.552 HPWL: 3474094
[NesterovSolve] Iter:  120 overflow: 0.549 HPWL: 3476842
[NesterovSolve] Iter:  130 overflow: 0.546 HPWL: 3480912
[NesterovSolve] Iter:  140 overflow: 0.544 HPWL: 3487899
[NesterovSolve] Iter:  150 overflow: 0.542 HPWL: 3499087
[NesterovSolve] Iter:  160 overflow: 0.540 HPWL: 3515849
[NesterovSolve] Iter:  170 overflow: 0.533 HPWL: 3539613
[NesterovSolve] Iter:  180 overflow: 0.521 HPWL: 3571655
[NesterovSolve] Iter:  190 overflow: 0.498 HPWL: 3609761
[INFO GPL-0100] Timing-driven: executing resizer for reweighting nets.
[INFO GPL-0101] Timing-driven: worst slack 2.87e-09
[INFO GPL-0103] Timing-driven: weighted 45 nets.
[NesterovSolve] Iter:  200 overflow: 0.475 HPWL: 3656907
[NesterovSolve] Iter:  210 overflow: 0.451 HPWL: 3719046
[NesterovSolve] Iter:  220 overflow: 0.421 HPWL: 3786916
[NesterovSolve] Iter:  230 overflow: 0.391 HPWL: 3860949
[NesterovSolve] Iter:  240 overflow: 0.356 HPWL: 3924379
[NesterovSolve] Iter:  250 overflow: 0.324 HPWL: 3958432
[INFO GPL-0075] Routability numCall: 1 inflationIterCnt: 1 bloatIterCnt: 0
[INFO GPL-0036] TileBBox: (    0    0 ) ( 6900 6900 ) DBU
[INFO GPL-0038] TileCnt:      15   17
[INFO GPL-0040] NumTiles: 255
[INFO GPL-0081] TotalRouteOverflow: 0
[INFO GPL-0082] OverflowTileCnt: 0
[INFO GPL-0083] 0.5%RC: 0.8296175301074982
[INFO GPL-0084] 1.0%RC: 0.8059966564178467
[INFO GPL-0085] 2.0%RC: 0.7559917867183685
[INFO GPL-0086] 5.0%RC: 0.7058985416705792
[INFO GPL-0087] FinalRC: 0.8178071
[INFO GPL-0077] FinalRC lower than targetRC(1.01), routability not needed.
[NesterovSolve] Iter:  260 overflow: 0.297 HPWL: 3991494
[INFO GPL-0100] Timing-driven: executing resizer for reweighting nets.
[INFO GPL-0101] Timing-driven: worst slack 2.86e-09
[INFO GPL-0103] Timing-driven: weighted 45 nets.
[NesterovSolve] Iter:  270 overflow: 0.277 HPWL: 4055238
[NesterovSolve] Iter:  280 overflow: 0.249 HPWL: 4111026
[NesterovSolve] Iter:  290 overflow: 0.233 HPWL: 4174390
[NesterovSolve] Iter:  300 overflow: 0.211 HPWL: 4214275
[INFO GPL-0100] Timing-driven: executing resizer for reweighting nets.
[INFO GPL-0101] Timing-driven: worst slack 2.86e-09
[INFO GPL-0103] Timing-driven: weighted 45 nets.
[NesterovSolve] Iter:  310 overflow: 0.187 HPWL: 4244871
[NesterovSolve] Iter:  320 overflow: 0.163 HPWL: 4277061
[INFO GPL-0100] Timing-driven: executing resizer for reweighting nets.
[INFO GPL-0101] Timing-driven: worst slack 2.86e-09
[INFO GPL-0103] Timing-driven: weighted 45 nets.
[NesterovSolve] Iter:  330 overflow: 0.142 HPWL: 4304691
[NesterovSolve] Iter:  340 overflow: 0.122 HPWL: 4340165
[NesterovSolve] Iter:  350 overflow: 0.102 HPWL: 4361757
[NesterovSolve] Finished with Overflow: 0.098594
[INFO] Setting RC values…
Setting global connections for newly added cells…
[INFO] Setting global connections...
Updating metrics…
Cell type report:                       Count       Area
  Fill cell                                72     270.26
  Tap cell                                133     166.41
  Inverter                                 71     266.51
  Sequential cell                          64    1681.61
  Multi-Input combinational cell          306    2936.57
  Total                                   646    5321.35
Writing OpenROAD database to '/home/hassan-ul-haq/openlane2/designs/Multiplier/runs/160MHz/27-openroad-globalplacement/mult.odb'…
Writing netlist to '/home/hassan-ul-haq/openlane2/designs/Multiplier/runs/160MHz/27-openroad-globalplacement/mult.nl.v'…
Writing powered netlist to '/home/hassan-ul-haq/openlane2/designs/Multiplier/runs/160MHz/27-openroad-globalplacement/mult.pnl.v'…
Writing layout to '/home/hassan-ul-haq/openlane2/designs/Multiplier/runs/160MHz/27-openroad-globalplacement/mult.def'…
Writing timing constraints to '/home/hassan-ul-haq/openlane2/designs/Multiplier/runs/160MHz/27-openroad-globalplacement/mult.sdc'…
