
===========================================================================
report_checks -unconstrained
===========================================================================
======================= nom_tt_025C_1v80 Corner ===================================

Startpoint: rst (input port clocked by clk)
Endpoint: _680_ (recovery check against rising-edge clock clk)
Path Group: asynchronous
Path Type: max

Fanout         Cap        Slew       Delay        Time   Description
---------------------------------------------------------------------------------------------
                                  0.000000    0.000000   clock clk (rise edge)
                                  0.000000    0.000000   clock network delay (propagated)
                                  1.666600    1.666600 v input external delay
    32    0.162142    0.353733    0.263514    1.930114 v rst (in)
                                                         rst (net)
                      0.353782    0.000000    1.930114 v _648_/A (sky130_fd_sc_hd__inv_2)
     1    0.003682    0.078300    0.119304    2.049417 ^ _648_/Y (sky130_fd_sc_hd__inv_2)
                                                         _022_ (net)
                      0.078300    0.000001    2.049419 ^ _680_/RESET_B (sky130_fd_sc_hd__dfrtp_2)
                                              2.049419   data arrival time

                                  8.333000    8.333000   clock clk (rise edge)
                                  0.000000    8.333000   clock source latency
    32    0.085304    0.386480    0.266342    8.599342 ^ clk (in)
                                                         clk (net)
                      0.386481    0.000000    8.599342 ^ _680_/CLK (sky130_fd_sc_hd__dfrtp_2)
                                 -0.250000    8.349342   clock uncertainty
                                  0.000000    8.349342   clock reconvergence pessimism
                                  0.314639    8.663980   library recovery time
                                              8.663980   data required time
---------------------------------------------------------------------------------------------
                                              8.663980   data required time
                                             -2.049419   data arrival time
---------------------------------------------------------------------------------------------
                                              6.614562   slack (MET)


Startpoint: _670_ (rising edge-triggered flip-flop clocked by clk)
Endpoint: _662_ (rising edge-triggered flip-flop clocked by clk)
Path Group: clk
Path Type: max

Fanout         Cap        Slew       Delay        Time   Description
---------------------------------------------------------------------------------------------
                                  0.000000    0.000000   clock clk (rise edge)
                                  0.000000    0.000000   clock source latency
    32    0.085304    0.386480    0.267163    0.267163 ^ clk (in)
                                                         clk (net)
                      0.386486    0.000000    0.267163 ^ _670_/CLK (sky130_fd_sc_hd__dfrtp_2)
    14    0.045580    0.131831    0.587922    0.855085 v _670_/Q (sky130_fd_sc_hd__dfrtp_2)
                                                         a_reg[5] (net)
                      0.131831    0.000229    0.855314 v _399_/D (sky130_fd_sc_hd__and4_2)
     3    0.008073    0.053881    0.284910    1.140225 v _399_/X (sky130_fd_sc_hd__and4_2)
                                                         _075_ (net)
                      0.053881    0.000021    1.140246 v _401_/B (sky130_fd_sc_hd__or3_2)
     2    0.007122    0.093489    0.469649    1.609896 v _401_/X (sky130_fd_sc_hd__or3_2)
                                                         _077_ (net)
                      0.093489    0.000017    1.609912 v _405_/A1 (sky130_fd_sc_hd__a21o_2)
     3    0.009600    0.050501    0.223762    1.833674 v _405_/X (sky130_fd_sc_hd__a21o_2)
                                                         _081_ (net)
                      0.050501    0.000033    1.833707 v _445_/A2 (sky130_fd_sc_hd__a21bo_2)
     2    0.007605    0.046277    0.225320    2.059027 v _445_/X (sky130_fd_sc_hd__a21bo_2)
                                                         _120_ (net)
                      0.046277    0.000051    2.059078 v _447_/B1 (sky130_fd_sc_hd__a21o_2)
     3    0.011360    0.055532    0.210131    2.269209 v _447_/X (sky130_fd_sc_hd__a21o_2)
                                                         _122_ (net)
                      0.055532    0.000037    2.269246 v _484_/A2 (sky130_fd_sc_hd__a21boi_2)
     2    0.010776    0.163740    0.188195    2.457442 ^ _484_/Y (sky130_fd_sc_hd__a21boi_2)
                                                         _158_ (net)
                      0.163740    0.000049    2.457490 ^ _485_/A_N (sky130_fd_sc_hd__and2b_2)
     1    0.002463    0.035236    0.230607    2.688098 v _485_/X (sky130_fd_sc_hd__and2b_2)
                                                         _159_ (net)
                      0.035236    0.000004    2.688101 v _494_/B1 (sky130_fd_sc_hd__a21o_2)
     2    0.003223    0.035609    0.178136    2.866238 v _494_/X (sky130_fd_sc_hd__a21o_2)
                                                         _167_ (net)
                      0.035609    0.000006    2.866244 v _518_/A (sky130_fd_sc_hd__or2_2)
     4    0.010455    0.078576    0.319239    3.185483 v _518_/X (sky130_fd_sc_hd__or2_2)
                                                         _191_ (net)
                      0.078576    0.000015    3.185498 v _597_/A2 (sky130_fd_sc_hd__a221o_2)
     1    0.002333    0.050968    0.383189    3.568687 v _597_/X (sky130_fd_sc_hd__a221o_2)
                                                         _267_ (net)
                      0.050968    0.000002    3.568689 v _598_/C1 (sky130_fd_sc_hd__a211o_2)
     2    0.004494    0.052840    0.269775    3.838464 v _598_/X (sky130_fd_sc_hd__a211o_2)
                                                         _268_ (net)
                      0.052840    0.000024    3.838488 v _600_/C (sky130_fd_sc_hd__and4b_2)
     4    0.014191    0.068965    0.255571    4.094059 v _600_/X (sky130_fd_sc_hd__and4b_2)
                                                         _270_ (net)
                      0.068965    0.000073    4.094132 v _614_/B (sky130_fd_sc_hd__or4_2)
     1    0.004507    0.108263    0.655052    4.749184 v _614_/X (sky130_fd_sc_hd__or4_2)
                                                         _283_ (net)
                      0.108263    0.000007    4.749191 v _615_/B (sky130_fd_sc_hd__nand2_2)
     1    0.002426    0.043838    0.082655    4.831846 ^ _615_/Y (sky130_fd_sc_hd__nand2_2)
                                                         product_reg[13] (net)
                      0.043838    0.000005    4.831851 ^ _662_/D (sky130_fd_sc_hd__dfrtp_2)
                                              4.831851   data arrival time

                                  8.333000    8.333000   clock clk (rise edge)
                                  0.000000    8.333000   clock source latency
    32    0.085304    0.386480    0.266246    8.599246 ^ clk (in)
                                                         clk (net)
                      0.386480    0.000000    8.599246 ^ _662_/CLK (sky130_fd_sc_hd__dfrtp_2)
                                 -0.250000    8.349246   clock uncertainty
                                  0.000000    8.349246   clock reconvergence pessimism
                                 -0.011175    8.338071   library setup time
                                              8.338071   data required time
---------------------------------------------------------------------------------------------
                                              8.338071   data required time
                                             -4.831851   data arrival time
---------------------------------------------------------------------------------------------
                                              3.506220   slack (MET)




===========================================================================
report_checks --slack_max -0.01
============================================================================
======================= nom_tt_025C_1v80 Corner ===================================

No paths found.


===========================================================================
 report_check_types -max_slew -max_cap -max_fanout -violators
============================================================================
======================= nom_tt_025C_1v80 Corner ===================================

max slew

Pin                                        Limit        Slew       Slack
------------------------------------------------------------------------
_632_/A                                 0.750000    0.779049   -0.029049 (VIOLATED)
_648_/A                                 0.750000    0.779048   -0.029048 (VIOLATED)
_647_/A                                 0.750000    0.779046   -0.029046 (VIOLATED)
_646_/A                                 0.750000    0.779046   -0.029046 (VIOLATED)
_645_/A                                 0.750000    0.779045   -0.029045 (VIOLATED)
_638_/A                                 0.750000    0.779044   -0.029044 (VIOLATED)
_639_/A                                 0.750000    0.779043   -0.029043 (VIOLATED)
_640_/A                                 0.750000    0.779042   -0.029042 (VIOLATED)
_644_/A                                 0.750000    0.779041   -0.029041 (VIOLATED)
_637_/A                                 0.750000    0.779039   -0.029039 (VIOLATED)
_636_/A                                 0.750000    0.779037   -0.029037 (VIOLATED)
_630_/A                                 0.750000    0.779036   -0.029036 (VIOLATED)
_631_/A                                 0.750000    0.779036   -0.029036 (VIOLATED)
_629_/A                                 0.750000    0.779035   -0.029035 (VIOLATED)
_628_/A                                 0.750000    0.779035   -0.029035 (VIOLATED)
_642_/A                                 0.750000    0.779035   -0.029035 (VIOLATED)
_627_/A                                 0.750000    0.779034   -0.029034 (VIOLATED)
_643_/A                                 0.750000    0.779034   -0.029034 (VIOLATED)
_635_/A                                 0.750000    0.779033   -0.029033 (VIOLATED)
_641_/A                                 0.750000    0.779032   -0.029032 (VIOLATED)
_321_/A                                 0.750000    0.779031   -0.029031 (VIOLATED)
_634_/A                                 0.750000    0.779031   -0.029031 (VIOLATED)
_657_/A                                 0.750000    0.779030   -0.029030 (VIOLATED)
_633_/A                                 0.750000    0.779029   -0.029029 (VIOLATED)
_656_/A                                 0.750000    0.779028   -0.029028 (VIOLATED)
_649_/A                                 0.750000    0.779027   -0.029027 (VIOLATED)
_655_/A                                 0.750000    0.779027   -0.029027 (VIOLATED)
_654_/A                                 0.750000    0.779026   -0.029026 (VIOLATED)
_650_/A                                 0.750000    0.779025   -0.029026 (VIOLATED)
_653_/A                                 0.750000    0.779024   -0.029024 (VIOLATED)
rst                                     0.750000    0.779022   -0.029022 (VIOLATED)
_651_/A                                 0.750000    0.779022   -0.029022 (VIOLATED)
_652_/A                                 0.750000    0.779022   -0.029022 (VIOLATED)

max fanout

Pin                                   Limit Fanout  Slack
---------------------------------------------------------
clk                                      10     32    -22 (VIOLATED)
rst                                      10     32    -22 (VIOLATED)
_676_/Q                                  10     17     -7 (VIOLATED)
_677_/Q                                  10     17     -7 (VIOLATED)
_674_/Q                                  10     16     -6 (VIOLATED)
_679_/Q                                  10     16     -6 (VIOLATED)
_666_/Q                                  10     15     -5 (VIOLATED)
_667_/Q                                  10     15     -5 (VIOLATED)
_668_/Q                                  10     15     -5 (VIOLATED)
_671_/Q                                  10     15     -5 (VIOLATED)
_672_/Q                                  10     15     -5 (VIOLATED)
_670_/Q                                  10     14     -4 (VIOLATED)
_673_/Q                                  10     14     -4 (VIOLATED)
_678_/Q                                  10     14     -4 (VIOLATED)
_665_/Q                                  10     13     -3 (VIOLATED)
_669_/Q                                  10     12     -2 (VIOLATED)
_680_/Q                                  10     12     -2 (VIOLATED)



===========================================================================
report_parasitic_annotation -report_unannotated
============================================================================
Found 0 unannotated drivers.
Found 0 partially unannotated drivers.

===========================================================================
max slew violation count 33
Writing metric design__max_slew_violation__count__corner:nom_tt_025C_1v80: 33
max fanout violation count 17
Writing metric design__max_fanout_violation__count__corner:nom_tt_025C_1v80: 17
max cap violation count 0
Writing metric design__max_cap_violation__count__corner:nom_tt_025C_1v80: 0
============================================================================

===========================================================================
check_setup -verbose -unconstrained_endpoints -multiple_clock -no_clock -no_input_delay -loops -generated_clocks
===========================================================================
