Clock: clk
Sources: clk 
Generated: no
Virtual: yes
Propagated: no
Period: 5.000000

===========================================================================
report_clock_properties
============================================================================
Clock                   Period          Waveform
----------------------------------------------------
clk                   5.000000    0.000000  2.500000

===========================================================================
report_clock_latency
============================================================================
Clock clk
rise -> rise
    min     max
0.000000 0.000000 source latency
0.569873         network latency _826_/CLK
        0.572197 network latency _767_/CLK
---------------
0.569873 0.572197 latency
        0.002324 skew

fall -> fall
    min     max
0.000000 0.000000 source latency
0.280331         network latency _826_/CLK
        0.282516 network latency _767_/CLK
---------------
0.280331 0.282516 latency
        0.002185 skew



===========================================================================
report_clock_min_period
============================================================================
clk period_min = 2.93 fmax = 341.68
