
===========================================================================
report_checks -unconstrained
===========================================================================
======================= nom_tt_025C_1v80 Corner ===================================

Startpoint: rst (input port clocked by clk)
Endpoint: _772_ (recovery check against rising-edge clock clk)
Path Group: asynchronous
Path Type: max

Fanout         Cap        Slew       Delay        Time   Description
---------------------------------------------------------------------------------------------
                                  0.000000    0.000000   clock clk (rise edge)
                                  0.000000    0.000000   clock network delay (propagated)
                                  1.666600    1.666600 v input external delay
     1    0.002537    0.008017    0.003989    1.670589 v rst (in)
                                                         rst (net)
                      0.008017    0.000000    1.670589 v input17/A (sky130_fd_sc_hd__clkbuf_2)
     3    0.032333    0.126005    0.166287    1.836876 v input17/X (sky130_fd_sc_hd__clkbuf_2)
                                                         net17 (net)
                      0.126005    0.000437    1.837312 v fanout62/A (sky130_fd_sc_hd__buf_2)
     6    0.034844    0.091324    0.216742    2.054054 v fanout62/X (sky130_fd_sc_hd__buf_2)
                                                         net62 (net)
                      0.091326    0.000541    2.054595 v fanout59/A (sky130_fd_sc_hd__clkbuf_4)
     8    0.041369    0.092247    0.214164    2.268759 v fanout59/X (sky130_fd_sc_hd__clkbuf_4)
                                                         net59 (net)
                      0.092251    0.000667    2.269427 v fanout57/A (sky130_fd_sc_hd__buf_4)
    10    0.054060    0.078267    0.210428    2.479854 v fanout57/X (sky130_fd_sc_hd__buf_4)
                                                         net57 (net)
                      0.078279    0.001012    2.480866 v _708_/A (sky130_fd_sc_hd__inv_2)
     1    0.003969    0.032976    0.056871    2.537737 ^ _708_/Y (sky130_fd_sc_hd__inv_2)
                                                         _062_ (net)
                      0.032976    0.000045    2.537782 ^ _772_/RESET_B (sky130_fd_sc_hd__dfrtp_1)
                                              2.537782   data arrival time

                                  8.333000    8.333000   clock clk (rise edge)
                                  0.000000    8.333000   clock source latency
     1    0.019529    0.093387    0.064777    8.397777 ^ clk (in)
                                                         clk (net)
                      0.093425    0.000000    8.397777 ^ clkbuf_0_clk/A (sky130_fd_sc_hd__clkbuf_16)
     8    0.081828    0.098448    0.189686    8.587462 ^ clkbuf_0_clk/X (sky130_fd_sc_hd__clkbuf_16)
                                                         clknet_0_clk (net)
                      0.098622    0.002871    8.590333 ^ clkbuf_3_0__f_clk/A (sky130_fd_sc_hd__clkbuf_16)
     7    0.030604    0.051563    0.154384    8.744718 ^ clkbuf_3_0__f_clk/X (sky130_fd_sc_hd__clkbuf_16)
                                                         clknet_3_0__leaf_clk (net)
                      0.051567    0.000830    8.745546 ^ _772_/CLK (sky130_fd_sc_hd__dfrtp_1)
                                 -0.250000    8.495546   clock uncertainty
                                  0.000000    8.495546   clock reconvergence pessimism
                                  0.235455    8.731002   library recovery time
                                              8.731002   data required time
---------------------------------------------------------------------------------------------
                                              8.731002   data required time
                                             -2.537782   data arrival time
---------------------------------------------------------------------------------------------
                                              6.193220   slack (MET)


Startpoint: _787_ (rising edge-triggered flip-flop clocked by clk)
Endpoint: _769_ (rising edge-triggered flip-flop clocked by clk)
Path Group: clk
Path Type: max

Fanout         Cap        Slew       Delay        Time   Description
---------------------------------------------------------------------------------------------
                                  0.000000    0.000000   clock clk (rise edge)
                                  0.000000    0.000000   clock source latency
     1    0.019529    0.093387    0.064776    0.064776 ^ clk (in)
                                                         clk (net)
                      0.093425    0.000000    0.064776 ^ clkbuf_0_clk/A (sky130_fd_sc_hd__clkbuf_16)
     8    0.081828    0.098448    0.189686    0.254462 ^ clkbuf_0_clk/X (sky130_fd_sc_hd__clkbuf_16)
                                                         clknet_0_clk (net)
                      0.098521    0.002432    0.256894 ^ clkbuf_3_2__f_clk/A (sky130_fd_sc_hd__clkbuf_16)
    12    0.035750    0.055981    0.158160    0.415055 ^ clkbuf_3_2__f_clk/X (sky130_fd_sc_hd__clkbuf_16)
                                                         clknet_3_2__leaf_clk (net)
                      0.056035    0.001063    0.416118 ^ _787_/CLK (sky130_fd_sc_hd__dfrtp_1)
     2    0.006893    0.057928    0.379906    0.796024 v _787_/Q (sky130_fd_sc_hd__dfrtp_1)
                                                         pp2[1] (net)
                      0.057928    0.000208    0.796232 v _569_/A (sky130_fd_sc_hd__xor2_1)
     2    0.007539    0.070642    0.180158    0.976391 v _569_/X (sky130_fd_sc_hd__xor2_1)
                                                         _279_ (net)
                      0.070642    0.000099    0.976490 v _574_/A3 (sky130_fd_sc_hd__a31o_1)
     3    0.011568    0.073976    0.262072    1.238562 v _574_/X (sky130_fd_sc_hd__a31o_1)
                                                         _283_ (net)
                      0.073977    0.000352    1.238914 v _594_/A1 (sky130_fd_sc_hd__a31o_1)
     3    0.011632    0.074324    0.221702    1.460617 v _594_/X (sky130_fd_sc_hd__a31o_1)
                                                         _301_ (net)
                      0.074324    0.000356    1.460973 v _617_/A1 (sky130_fd_sc_hd__a211oi_1)
     2    0.006080    0.269703    0.274056    1.735029 ^ _617_/Y (sky130_fd_sc_hd__a211oi_1)
                                                         _322_ (net)
                      0.269703    0.000153    1.735181 ^ _618_/B (sky130_fd_sc_hd__or2_1)
     1    0.005054    0.061024    0.157587    1.892768 ^ _618_/X (sky130_fd_sc_hd__or2_1)
                                                         _323_ (net)
                      0.061024    0.000109    1.892877 ^ _619_/B (sky130_fd_sc_hd__xor2_1)
     2    0.008600    0.213575    0.217494    2.110371 ^ _619_/X (sky130_fd_sc_hd__xor2_1)
                                                         _324_ (net)
                      0.213575    0.000263    2.110633 ^ _621_/B (sky130_fd_sc_hd__xnor2_1)
     3    0.010313    0.098982    0.142874    2.253507 v _621_/Y (sky130_fd_sc_hd__xnor2_1)
                                                         _326_ (net)
                      0.098982    0.000214    2.253722 v _637_/B (sky130_fd_sc_hd__or4_1)
     2    0.006744    0.108490    0.548691    2.802413 v _637_/X (sky130_fd_sc_hd__or4_1)
                                                         _340_ (net)
                      0.108490    0.000176    2.802589 v _639_/A2 (sky130_fd_sc_hd__a31o_1)
     4    0.010754    0.070642    0.264049    3.066638 v _639_/X (sky130_fd_sc_hd__a31o_1)
                                                         _342_ (net)
                      0.070642    0.000344    3.066983 v _645_/A2 (sky130_fd_sc_hd__a211o_1)
     1    0.004685    0.056371    0.305728    3.372711 v _645_/X (sky130_fd_sc_hd__a211o_1)
                                                         _346_ (net)
                      0.056371    0.000093    3.372804 v _647_/B (sky130_fd_sc_hd__xnor2_1)
     1    0.002286    0.041974    0.118874    3.491678 v _647_/Y (sky130_fd_sc_hd__xnor2_1)
                                                         _027_ (net)
                      0.041974    0.000064    3.491742 v _769_/D (sky130_fd_sc_hd__dfrtp_1)
                                              3.491742   data arrival time

                                  8.333000    8.333000   clock clk (rise edge)
                                  0.000000    8.333000   clock source latency
     1    0.019529    0.093387    0.064777    8.397777 ^ clk (in)
                                                         clk (net)
                      0.093425    0.000000    8.397777 ^ clkbuf_0_clk/A (sky130_fd_sc_hd__clkbuf_16)
     8    0.081828    0.098448    0.189686    8.587462 ^ clkbuf_0_clk/X (sky130_fd_sc_hd__clkbuf_16)
                                                         clknet_0_clk (net)
                      0.098493    0.001980    8.589442 ^ clkbuf_3_7__f_clk/A (sky130_fd_sc_hd__clkbuf_16)
    11    0.036467    0.056652    0.158720    8.748162 ^ clkbuf_3_7__f_clk/X (sky130_fd_sc_hd__clkbuf_16)
                                                         clknet_3_7__leaf_clk (net)
                      0.056676    0.000989    8.749151 ^ _769_/CLK (sky130_fd_sc_hd__dfrtp_1)
                                 -0.250000    8.499151   clock uncertainty
                                  0.000000    8.499151   clock reconvergence pessimism
                                 -0.110282    8.388868   library setup time
                                              8.388868   data required time
---------------------------------------------------------------------------------------------
                                              8.388868   data required time
                                             -3.491742   data arrival time
---------------------------------------------------------------------------------------------
                                              4.897126   slack (MET)




===========================================================================
report_checks --slack_max -0.01
============================================================================
======================= nom_tt_025C_1v80 Corner ===================================

No paths found.


===========================================================================
 report_check_types -max_slew -max_cap -max_fanout -violators
============================================================================
======================= nom_tt_025C_1v80 Corner ===================================

max fanout

Pin                                   Limit Fanout  Slack
---------------------------------------------------------
clkbuf_3_2__f_clk/X                      10     12     -2 (VIOLATED)
clkbuf_3_7__f_clk/X                      10     11        (VIOLATED)



===========================================================================
report_parasitic_annotation -report_unannotated
============================================================================
Found 7 unannotated drivers.
 clkload0/Y
 clkload1/Y
 clkload2/Y
 clkload3/Y
 clkload4/Y
 clkload5/Y
 clkload6/X
Found 0 partially unannotated drivers.

===========================================================================
max slew violation count 0
max fanout violation count 2
max cap violation count 0
============================================================================

===========================================================================
check_setup -verbose -unconstrained_endpoints -multiple_clock -no_clock -no_input_delay -loops -generated_clocks
===========================================================================
