Clock: clk
Sources: clk 
Generated: no
Virtual: yes
Propagated: no
Period: 8.333000

===========================================================================
report_clock_properties
============================================================================
Clock                   Period          Waveform
----------------------------------------------------
clk                   8.333000    0.000000  4.166500

===========================================================================
report_clock_latency
============================================================================
Clock clk
rise -> rise
    min     max
0.000000 0.000000 source latency
0.411993         network latency _816_/CLK
        0.418211 network latency _811_/CLK
---------------
0.411993 0.418211 latency
        0.006218 skew

fall -> fall
    min     max
0.000000 0.000000 source latency
0.373019         network latency _816_/CLK
        0.377995 network latency _811_/CLK
---------------
0.373019 0.377995 latency
        0.004977 skew



===========================================================================
report_clock_min_period
============================================================================
clk period_min = 3.44 fmax = 291.05
