Clock: clk
Sources: clk 
Generated: no
Virtual: yes
Propagated: no
Period: 8.333000

===========================================================================
report_clock_properties
============================================================================
Clock                   Period          Waveform
----------------------------------------------------
clk                   8.333000    0.000000  4.166500

===========================================================================
report_clock_latency
============================================================================
Clock clk
rise -> rise
    min     max
0.000000 0.000000 source latency
0.620508         network latency _688_/CLK
        0.633894 network latency _680_/CLK
---------------
0.620508 0.633894 latency
        0.013386 skew

fall -> fall
    min     max
0.000000 0.000000 source latency
0.601817         network latency _688_/CLK
        0.612932 network latency _680_/CLK
---------------
0.601817 0.612932 latency
        0.011115 skew



===========================================================================
report_clock_min_period
============================================================================
clk period_min = 8.44 fmax = 118.44
