Clock: clk
Sources: clk 
Generated: no
Virtual: yes
Propagated: no
Period: 3.333000

===========================================================================
report_clock_properties
============================================================================
Clock                   Period          Waveform
----------------------------------------------------
clk                   3.333000    0.000000  1.666500

===========================================================================
report_clock_latency
============================================================================
Clock clk
rise -> rise
    min     max
0.000000 0.000000 source latency
0.541926         network latency _1356_/CLK
        0.552561 network latency _1509_/CLK
---------------
0.541926 0.552561 latency
        0.010635 skew

fall -> fall
    min     max
0.000000 0.000000 source latency
0.510628         network latency _1356_/CLK
        0.517968 network latency _1509_/CLK
---------------
0.510628 0.517968 latency
        0.007340 skew



===========================================================================
report_clock_min_period
============================================================================
clk period_min = 2.47 fmax = 404.82
