Clock: clk
Sources: clk 
Generated: no
Virtual: yes
Propagated: no
Period: 2.000000

===========================================================================
report_clock_properties
============================================================================
Clock                   Period          Waveform
----------------------------------------------------
clk                   2.000000    0.000000  1.000000

===========================================================================
report_clock_latency
============================================================================
Clock clk
rise -> rise
    min     max
0.000000 0.000000 source latency
0.481888         network latency _37_/CLK
        0.493846 network latency _29_/CLK
---------------
0.481888 0.493846 latency
        0.011958 skew

fall -> fall
    min     max
0.000000 0.000000 source latency
0.526130         network latency _37_/CLK
        0.536613 network latency _29_/CLK
---------------
0.526130 0.536613 latency
        0.010482 skew



===========================================================================
report_clock_min_period
============================================================================
clk period_min = 1.77 fmax = 566.21
