Clock: clk
Sources: clk 
Generated: no
Virtual: yes
Propagated: no
Period: 5.000000

===========================================================================
report_clock_properties
============================================================================
Clock                   Period          Waveform
----------------------------------------------------
clk                   5.000000    0.000000  2.500000

===========================================================================
report_clock_latency
============================================================================
Clock clk
rise -> rise
    min     max
0.000000 0.000000 source latency
0.412949         network latency _1026_/CLK
        0.420526 network latency _1050_/CLK
---------------
0.412949 0.420526 latency
        0.007577 skew

fall -> fall
    min     max
0.000000 0.000000 source latency
0.368623         network latency _1026_/CLK
        0.374273 network latency _1050_/CLK
---------------
0.368623 0.374273 latency
        0.005650 skew



===========================================================================
report_clock_min_period
============================================================================
clk period_min = 2.30 fmax = 435.55
