Reading OpenROAD database at '/home/hassan-ul-haq/openlane2/designs/Multiplier/runs/200MHz/20-openroad-generatepdn/mult.odb'…
Reading library file at '/home/hassan-ul-haq/.volare/volare/sky130/versions/0fe599b2afb6708d281543108caf8310912f54af/sky130A/libs.ref/sky130_fd_sc_hd/lib/sky130_fd_sc_hd__tt_025C_1v80.lib'…
Reading design constraints file at '/nix/store/ss2cw3sxbrwwx9jl0rrppbw4kgcmgi2n-python3-3.11.9-env/lib/python3.11/site-packages/openlane/scripts/base.sdc'…
[INFO] Using clock clk…
[INFO] Setting output delay to: 1
[INFO] Setting input delay to: 1
[INFO] Setting load to: 0.033442
[INFO] Setting clock uncertainty to: 0.25
[INFO] Setting clock transition to: 0.1499999999999999944488848768742172978818416595458984375
[INFO] Setting timing derate to: 5%
+ global_placement -density 0.632238 -skip_io -pad_right 0 -pad_left 0 -init_wirelength_coef 0.25
[INFO GPL-0002] DBU: 1000
[INFO GPL-0003] SiteSize: (  0.460  2.720 ) um
[INFO GPL-0004] CoreBBox: (  5.520 10.880 ) ( 105.800 108.800 ) um
[INFO GPL-0006] NumInstances:               659
[INFO GPL-0007] NumPlaceInstances:          454
[INFO GPL-0008] NumFixedInstances:          205
[INFO GPL-0009] NumDummyInstances:            0
[INFO GPL-0010] NumNets:                    472
[INFO GPL-0011] NumPins:                   1547
[INFO GPL-0012] DieBBox:  (  0.000  0.000 ) ( 111.635 122.355 ) um
[INFO GPL-0013] CoreBBox: (  5.520 10.880 ) ( 105.800 108.800 ) um
[INFO GPL-0016] CoreArea:              9819.418 um^2
[INFO GPL-0017] NonPlaceInstsArea:      436.669 um^2
[INFO GPL-0018] PlaceInstsArea:        5059.853 um^2
[INFO GPL-0019] Util:                    53.927 %
[INFO GPL-0020] StdInstsArea:          5059.853 um^2
[INFO GPL-0021] MacroInstsArea:           0.000 um^2
[INFO GPL-0031] FillerInit:NumGCells:       535
[INFO GPL-0032] FillerInit:NumGNets:        472
[INFO GPL-0033] FillerInit:NumGPins:       1547
[INFO GPL-0023] TargetDensity:            0.632
[INFO GPL-0024] AvrgPlaceInstArea:       11.145 um^2
[INFO GPL-0025] IdealBinArea:            17.628 um^2
[INFO GPL-0026] IdealBinCnt:                557
[INFO GPL-0027] TotalBinArea:          9819.418 um^2
[INFO GPL-0028] BinCnt:        16     16
[INFO GPL-0029] BinSize: (  6.268  6.120 )
[INFO GPL-0030] NumBins: 256
[NesterovSolve] Iter:    1 overflow: 0.981 HPWL: 1248059
[NesterovSolve] Iter:   10 overflow: 0.962 HPWL: 775312
[NesterovSolve] Iter:   20 overflow: 0.953 HPWL: 626286
[NesterovSolve] Iter:   30 overflow: 0.953 HPWL: 598603
[NesterovSolve] Iter:   40 overflow: 0.953 HPWL: 603880
[NesterovSolve] Iter:   50 overflow: 0.953 HPWL: 608737
[NesterovSolve] Iter:   60 overflow: 0.953 HPWL: 606887
[NesterovSolve] Iter:   70 overflow: 0.953 HPWL: 602379
[NesterovSolve] Iter:   80 overflow: 0.953 HPWL: 600466
[NesterovSolve] Iter:   90 overflow: 0.953 HPWL: 599675
[NesterovSolve] Iter:  100 overflow: 0.952 HPWL: 597576
[NesterovSolve] Iter:  110 overflow: 0.951 HPWL: 595563
[NesterovSolve] Iter:  120 overflow: 0.947 HPWL: 597945
[NesterovSolve] Iter:  130 overflow: 0.941 HPWL: 611089
[NesterovSolve] Iter:  140 overflow: 0.934 HPWL: 651835
[NesterovSolve] Iter:  150 overflow: 0.929 HPWL: 763038
[NesterovSolve] Iter:  160 overflow: 0.869 HPWL: 984633
[NesterovSolve] Iter:  170 overflow: 0.809 HPWL: 1293578
[NesterovSolve] Iter:  180 overflow: 0.769 HPWL: 1459650
[NesterovSolve] Iter:  190 overflow: 0.732 HPWL: 1597278
[NesterovSolve] Iter:  200 overflow: 0.691 HPWL: 1870520
[NesterovSolve] Iter:  210 overflow: 0.648 HPWL: 2021676
[NesterovSolve] Iter:  220 overflow: 0.596 HPWL: 2209679
[NesterovSolve] Iter:  230 overflow: 0.544 HPWL: 2431173
[NesterovSolve] Iter:  240 overflow: 0.495 HPWL: 2636241
[NesterovSolve] Iter:  250 overflow: 0.438 HPWL: 2839824
[NesterovSolve] Iter:  260 overflow: 0.380 HPWL: 3035701
[NesterovSolve] Iter:  270 overflow: 0.332 HPWL: 3197624
[NesterovSolve] Iter:  280 overflow: 0.300 HPWL: 3284942
[NesterovSolve] Iter:  290 overflow: 0.266 HPWL: 3398209
[NesterovSolve] Iter:  300 overflow: 0.247 HPWL: 3510516
[NesterovSolve] Iter:  310 overflow: 0.223 HPWL: 3580322
[NesterovSolve] Iter:  320 overflow: 0.191 HPWL: 3636702
[NesterovSolve] Iter:  330 overflow: 0.165 HPWL: 3664706
[NesterovSolve] Iter:  340 overflow: 0.138 HPWL: 3729071
[NesterovSolve] Iter:  350 overflow: 0.116 HPWL: 3768488
[NesterovSolve] Finished with Overflow: 0.098839
[INFO] Setting RC values…
Setting global connections for newly added cells…
[INFO] Setting global connections...
Updating metrics…
Cell type report:                       Count       Area
  Fill cell                                72     270.26
  Tap cell                                133     166.41
  Inverter                                 77     289.03
  Sequential cell                          72    1891.81
  Multi-Input combinational cell          305    2879.01
  Total                                   659    5496.52
Writing OpenROAD database to '/home/hassan-ul-haq/openlane2/designs/Multiplier/runs/200MHz/23-openroad-globalplacementskipio/mult.odb'…
Writing netlist to '/home/hassan-ul-haq/openlane2/designs/Multiplier/runs/200MHz/23-openroad-globalplacementskipio/mult.nl.v'…
Writing powered netlist to '/home/hassan-ul-haq/openlane2/designs/Multiplier/runs/200MHz/23-openroad-globalplacementskipio/mult.pnl.v'…
Writing layout to '/home/hassan-ul-haq/openlane2/designs/Multiplier/runs/200MHz/23-openroad-globalplacementskipio/mult.def'…
Writing timing constraints to '/home/hassan-ul-haq/openlane2/designs/Multiplier/runs/200MHz/23-openroad-globalplacementskipio/mult.sdc'…
