
===========================================================================
report_checks -unconstrained
===========================================================================
======================= nom_tt_025C_1v80 Corner ===================================

Startpoint: _48_ (rising edge-triggered flip-flop clocked by clk)
Endpoint: _32_ (rising edge-triggered flip-flop clocked by clk)
Path Group: clk
Path Type: max

Fanout         Cap        Slew       Delay        Time   Description
---------------------------------------------------------------------------------------------
                                  0.000000    0.000000   clock clk (rise edge)
                                  0.000000    0.000000   clock source latency
     2    0.031164    0.000000    0.000000    0.000000 ^ clk (in)
                                                         clk (net)
                      0.002050    0.001025    0.001025 ^ clkbuf_0_clk/A (sky130_fd_sc_hd__clkbuf_16)
     4    0.041005    0.060566    0.127190    0.128215 ^ clkbuf_0_clk/X (sky130_fd_sc_hd__clkbuf_16)
                                                         clknet_0_clk (net)
                      0.060608    0.001397    0.129612 ^ clkbuf_2_0__f_clk/A (sky130_fd_sc_hd__clkbuf_16)
    12    0.042590    0.062041    0.149223    0.278836 ^ clkbuf_2_0__f_clk/X (sky130_fd_sc_hd__clkbuf_16)
                                                         clknet_2_0__leaf_clk (net)
                      0.062054    0.000917    0.279753 ^ _48_/CLK (sky130_fd_sc_hd__dfrtp_4)
     8    0.031432    0.094288    0.523907    0.803660 v _48_/Q (sky130_fd_sc_hd__dfrtp_4)
                                                         b_r1[0] (net)
                      0.094379    0.001251    0.804911 v _00_/B (sky130_fd_sc_hd__and2_1)
     1    0.002427    0.033411    0.170335    0.975245 v _00_/X (sky130_fd_sc_hd__and2_1)
                                                         PPs_w[6][6] (net)
                      0.033411    0.000053    0.975298 v _32_/D (sky130_fd_sc_hd__dfrtp_1)
                                              0.975298   data arrival time

                                  2.000000    2.000000   clock clk (rise edge)
                                  0.000000    2.000000   clock source latency
     2    0.031164    0.000000    0.000000    2.000000 ^ clk (in)
                                                         clk (net)
                      0.002050    0.001025    2.001025 ^ clkbuf_0_clk/A (sky130_fd_sc_hd__clkbuf_16)
     4    0.041005    0.060566    0.127190    2.128215 ^ clkbuf_0_clk/X (sky130_fd_sc_hd__clkbuf_16)
                                                         clknet_0_clk (net)
                      0.060601    0.001282    2.129497 ^ clkbuf_2_2__f_clk/A (sky130_fd_sc_hd__clkbuf_16)
    10    0.040783    0.060392    0.147711    2.277208 ^ clkbuf_2_2__f_clk/X (sky130_fd_sc_hd__clkbuf_16)
                                                         clknet_2_2__leaf_clk (net)
                      0.060422    0.001242    2.278450 ^ _32_/CLK (sky130_fd_sc_hd__dfrtp_1)
                                 -0.020000    2.258450   clock uncertainty
                                  0.000000    2.258450   clock reconvergence pessimism
                                 -0.105693    2.152757   library setup time
                                              2.152757   data required time
---------------------------------------------------------------------------------------------
                                              2.152757   data required time
                                             -0.975298   data arrival time
---------------------------------------------------------------------------------------------
                                              1.177459   slack (MET)




===========================================================================
report_checks --slack_max -0.01
============================================================================
======================= nom_tt_025C_1v80 Corner ===================================

No paths found.


===========================================================================
 report_check_types -max_slew -max_cap -max_fanout -violators
============================================================================
======================= nom_tt_025C_1v80 Corner ===================================



===========================================================================
report_parasitic_annotation -report_unannotated
============================================================================
Found 18 unannotated drivers.
 b[1]
 b[2]
 b[3]
 b[4]
 b[5]
 b[6]
 b[7]
 clkload0/Y
 clkload1/Y
 clkload2/Y
 mult_19/HI
 mult_20/HI
 mult_21/HI
 mult_22/HI
 mult_23/HI
 mult_24/HI
 mult_25/HI
 mult_26/HI
Found 0 partially unannotated drivers.

===========================================================================
max slew violation count 0
Writing metric design__max_slew_violation__count__corner:nom_tt_025C_1v80: 0
max fanout violation count 0
Writing metric design__max_fanout_violation__count__corner:nom_tt_025C_1v80: 0
max cap violation count 0
Writing metric design__max_cap_violation__count__corner:nom_tt_025C_1v80: 0
============================================================================

===========================================================================
check_setup -verbose -unconstrained_endpoints -multiple_clock -no_clock -no_input_delay -loops -generated_clocks
===========================================================================
Warning: There is 1 input port missing set_input_delay.
  rst
Warning: There are 16 unconstrained endpoints.
  product_out[0]
  product_out[10]
  product_out[11]
  product_out[12]
  product_out[13]
  product_out[14]
  product_out[15]
  product_out[1]
  product_out[2]
  product_out[3]
  product_out[4]
  product_out[5]
  product_out[6]
  product_out[7]
  product_out[8]
  product_out[9]
