Clock: clk
Sources: clk 
Generated: no
Virtual: yes
Propagated: no
Period: 2.000000

===========================================================================
report_clock_properties
============================================================================
Clock                   Period          Waveform
----------------------------------------------------
clk                   2.000000    0.000000  1.000000

===========================================================================
report_clock_latency
============================================================================
Clock clk
rise -> rise
    min     max
0.000000 0.000000 source latency
0.275663         network latency _37_/CLK
        0.280635 network latency _29_/CLK
---------------
0.275663 0.280635 latency
        0.004973 skew

fall -> fall
    min     max
0.000000 0.000000 source latency
0.299131         network latency _37_/CLK
        0.303003 network latency _29_/CLK
---------------
0.299131 0.303003 latency
        0.003872 skew



===========================================================================
report_clock_min_period
============================================================================
clk period_min = 0.82 fmax = 1215.74
