Clock: clk
Sources: clk 
Generated: no
Virtual: yes
Propagated: no
Period: 3.333000

===========================================================================
report_clock_properties
============================================================================
Clock                   Period          Waveform
----------------------------------------------------
clk                   3.333000    0.000000  1.666500

===========================================================================
report_clock_latency
============================================================================
Clock clk
rise -> rise
    min     max
0.000000 0.000000 source latency
0.555489         network latency _1391_/CLK
        0.571144 network latency _1510_/CLK
---------------
0.555489 0.571144 latency
        0.015656 skew

fall -> fall
    min     max
0.000000 0.000000 source latency
0.520499         network latency _1391_/CLK
        0.531635 network latency _1510_/CLK
---------------
0.520499 0.531635 latency
        0.011136 skew



===========================================================================
report_clock_min_period
============================================================================
clk period_min = 2.51 fmax = 398.53
