                                                                        Cells by Master                                                                         
┏━━━━━━━━━━━━━━━━━━━━━━━━━━━━━━━━━━━━━━━━━━━━━━━━━━━━━━━━━━━━━━━━━━━━━━━━━━━━━━━━━━━━━━━━━━━━━━━━━━━━━━━━━━━━━━━━━━━━━━━━━━━━━━━━━┳━━━━━━━━━━━━━━━━━━━━━━━━━━━━┓
┃ Cell                                                                                                                            ┃ Count                      ┃
┡━━━━━━━━━━━━━━━━━━━━━━━━━━━━━━━━━━━━━━━━━━━━━━━━━━━━━━━━━━━━━━━━━━━━━━━━━━━━━━━━━━━━━━━━━━━━━━━━━━━━━━━━━━━━━━━━━━━━━━━━━━━━━━━━━╇━━━━━━━━━━━━━━━━━━━━━━━━━━━━┩
│ sky130_ef_sc_hd__decap_12                                                                                                       │ 235                        │
│ sky130_fd_sc_hd__a211o_1                                                                                                        │ 2                          │
│ sky130_fd_sc_hd__a21bo_1                                                                                                        │ 5                          │
│ sky130_fd_sc_hd__a21o_1                                                                                                         │ 2                          │
│ sky130_fd_sc_hd__a21oi_1                                                                                                        │ 9                          │
│ sky130_fd_sc_hd__a22o_1                                                                                                         │ 5                          │
│ sky130_fd_sc_hd__a22oi_1                                                                                                        │ 11                         │
│ sky130_fd_sc_hd__and2_1                                                                                                         │ 27                         │
│ sky130_fd_sc_hd__and2b_1                                                                                                        │ 10                         │
│ sky130_fd_sc_hd__and3_1                                                                                                         │ 18                         │
│ sky130_fd_sc_hd__and3b_1                                                                                                        │ 7                          │
│ sky130_fd_sc_hd__buf_2                                                                                                          │ 22                         │
│ sky130_fd_sc_hd__buf_4                                                                                                          │ 11                         │
│ sky130_fd_sc_hd__bufinv_16                                                                                                      │ 2                          │
│ sky130_fd_sc_hd__clkbuf_1                                                                                                       │ 17                         │
│ sky130_fd_sc_hd__clkbuf_16                                                                                                      │ 1                          │
│ sky130_fd_sc_hd__clkbuf_2                                                                                                       │ 5                          │
│ sky130_fd_sc_hd__clkbuf_4                                                                                                       │ 10                         │
│ sky130_fd_sc_hd__clkbuf_8                                                                                                       │ 18                         │
│ sky130_fd_sc_hd__clkinv_2                                                                                                       │ 2                          │
│ sky130_fd_sc_hd__clkinv_4                                                                                                       │ 1                          │
│ sky130_fd_sc_hd__clkinvlp_4                                                                                                     │ 1                          │
│ sky130_fd_sc_hd__decap_3                                                                                                        │ 158                        │
│ sky130_fd_sc_hd__decap_4                                                                                                        │ 80                         │
│ sky130_fd_sc_hd__decap_6                                                                                                        │ 65                         │
│ sky130_fd_sc_hd__decap_8                                                                                                        │ 93                         │
│ sky130_fd_sc_hd__dfrtp_1                                                                                                        │ 149                        │
│ sky130_fd_sc_hd__dfrtp_2                                                                                                        │ 2                          │
│ sky130_fd_sc_hd__dfrtp_4                                                                                                        │ 9                          │
│ sky130_fd_sc_hd__dlygate4sd3_1                                                                                                  │ 68                         │
│ sky130_fd_sc_hd__fill_1                                                                                                         │ 201                        │
│ sky130_fd_sc_hd__fill_2                                                                                                         │ 91                         │
│ sky130_fd_sc_hd__inv_2                                                                                                          │ 171                        │
│ sky130_fd_sc_hd__nand2_1                                                                                                        │ 30                         │
│ sky130_fd_sc_hd__nand3_1                                                                                                        │ 2                          │
│ sky130_fd_sc_hd__nor2_1                                                                                                         │ 42                         │
│ sky130_fd_sc_hd__nor3_1                                                                                                         │ 3                          │
│ sky130_fd_sc_hd__nor3b_1                                                                                                        │ 1                          │
│ sky130_fd_sc_hd__o211a_1                                                                                                        │ 2                          │
│ sky130_fd_sc_hd__o21a_1                                                                                                         │ 9                          │
│ sky130_fd_sc_hd__o21ai_1                                                                                                        │ 4                          │
│ sky130_fd_sc_hd__o21ba_1                                                                                                        │ 5                          │
│ sky130_fd_sc_hd__o21bai_1                                                                                                       │ 2                          │
│ sky130_fd_sc_hd__o311a_1                                                                                                        │ 1                          │
│ sky130_fd_sc_hd__or2_1                                                                                                          │ 25                         │
│ sky130_fd_sc_hd__or3_1                                                                                                          │ 4                          │
│ sky130_fd_sc_hd__or3b_1                                                                                                         │ 2                          │
│ sky130_fd_sc_hd__tapvpwrvgnd_1                                                                                                  │ 207                        │
│ sky130_fd_sc_hd__xnor2_1                                                                                                        │ 33                         │
│ sky130_fd_sc_hd__xor2_1                                                                                                         │ 15                         │
└─────────────────────────────────────────────────────────────────────────────────────────────────────────────────────────────────┴────────────────────────────┘
