[WARNING ORD-0039] .openroad ignored with -python
                                Cells by Master                                 
┏━━━━━━━━━━━━━━━━━━━━━━━━━━━━━━━━━━━━━━━━━━━━━━━━━━━━━━━━━━━━━━━━┳━━━━━━━━━━━━━┓
┃ Cell                                                           ┃ Count       ┃
┡━━━━━━━━━━━━━━━━━━━━━━━━━━━━━━━━━━━━━━━━━━━━━━━━━━━━━━━━━━━━━━━━╇━━━━━━━━━━━━━┩
│ sky130_ef_sc_hd__decap_12                                      │ 235         │
│ sky130_fd_sc_hd__a211o_1                                       │ 2           │
│ sky130_fd_sc_hd__a21bo_1                                       │ 5           │
│ sky130_fd_sc_hd__a21o_1                                        │ 2           │
│ sky130_fd_sc_hd__a21oi_1                                       │ 9           │
│ sky130_fd_sc_hd__a22o_1                                        │ 5           │
│ sky130_fd_sc_hd__a22oi_1                                       │ 11          │
│ sky130_fd_sc_hd__and2_1                                        │ 27          │
│ sky130_fd_sc_hd__and2b_1                                       │ 10          │
│ sky130_fd_sc_hd__and3_1                                        │ 18          │
│ sky130_fd_sc_hd__and3b_1                                       │ 7           │
│ sky130_fd_sc_hd__buf_2                                         │ 22          │
│ sky130_fd_sc_hd__buf_4                                         │ 11          │
│ sky130_fd_sc_hd__bufinv_16                                     │ 2           │
│ sky130_fd_sc_hd__clkbuf_1                                      │ 17          │
│ sky130_fd_sc_hd__clkbuf_16                                     │ 1           │
│ sky130_fd_sc_hd__clkbuf_2                                      │ 5           │
│ sky130_fd_sc_hd__clkbuf_4                                      │ 10          │
│ sky130_fd_sc_hd__clkbuf_8                                      │ 18          │
│ sky130_fd_sc_hd__clkinv_2                                      │ 2           │
│ sky130_fd_sc_hd__clkinv_4                                      │ 1           │
│ sky130_fd_sc_hd__clkinvlp_4                                    │ 1           │
│ sky130_fd_sc_hd__decap_3                                       │ 158         │
│ sky130_fd_sc_hd__decap_4                                       │ 80          │
│ sky130_fd_sc_hd__decap_6                                       │ 65          │
│ sky130_fd_sc_hd__decap_8                                       │ 93          │
│ sky130_fd_sc_hd__dfrtp_1                                       │ 149         │
│ sky130_fd_sc_hd__dfrtp_2                                       │ 2           │
│ sky130_fd_sc_hd__dfrtp_4                                       │ 9           │
│ sky130_fd_sc_hd__dlygate4sd3_1                                 │ 68          │
│ sky130_fd_sc_hd__fill_1                                        │ 201         │
│ sky130_fd_sc_hd__fill_2                                        │ 91          │
│ sky130_fd_sc_hd__inv_2                                         │ 171         │
│ sky130_fd_sc_hd__nand2_1                                       │ 30          │
│ sky130_fd_sc_hd__nand3_1                                       │ 2           │
│ sky130_fd_sc_hd__nor2_1                                        │ 42          │
│ sky130_fd_sc_hd__nor3_1                                        │ 3           │
│ sky130_fd_sc_hd__nor3b_1                                       │ 1           │
│ sky130_fd_sc_hd__o211a_1                                       │ 2           │
│ sky130_fd_sc_hd__o21a_1                                        │ 9           │
│ sky130_fd_sc_hd__o21ai_1                                       │ 4           │
│ sky130_fd_sc_hd__o21ba_1                                       │ 5           │
│ sky130_fd_sc_hd__o21bai_1                                      │ 2           │
│ sky130_fd_sc_hd__o311a_1                                       │ 1           │
│ sky130_fd_sc_hd__or2_1                                         │ 25          │
│ sky130_fd_sc_hd__or3_1                                         │ 4           │
│ sky130_fd_sc_hd__or3b_1                                        │ 2           │
│ sky130_fd_sc_hd__tapvpwrvgnd_1                                 │ 207         │
│ sky130_fd_sc_hd__xnor2_1                                       │ 33          │
│ sky130_fd_sc_hd__xor2_1                                        │ 15          │
└────────────────────────────────────────────────────────────────┴─────────────┘
                               Cells by Function                                
┏━━━━━━━━━━━━━━━━━━━━━━━━━━━━━━━━━━━━━━━━━━━━━━━━━━━━━━━━━━━━━━━┳━━━━━━━━━━━━━━┓
┃ Cell Function                                                 ┃ Count        ┃
┡━━━━━━━━━━━━━━━━━━━━━━━━━━━━━━━━━━━━━━━━━━━━━━━━━━━━━━━━━━━━━━━╇━━━━━━━━━━━━━━┩
│ sky130_ef_sc_hd__decap                                        │ 235          │
│ sky130_fd_sc_hd__a211o                                        │ 2            │
│ sky130_fd_sc_hd__a21bo                                        │ 5            │
│ sky130_fd_sc_hd__a21o                                         │ 2            │
│ sky130_fd_sc_hd__a21oi                                        │ 9            │
│ sky130_fd_sc_hd__a22o                                         │ 5            │
│ sky130_fd_sc_hd__a22oi                                        │ 11           │
│ sky130_fd_sc_hd__and2                                         │ 27           │
│ sky130_fd_sc_hd__and2b                                        │ 10           │
│ sky130_fd_sc_hd__and3                                         │ 18           │
│ sky130_fd_sc_hd__and3b                                        │ 7            │
│ sky130_fd_sc_hd__buf                                          │ 33           │
│ sky130_fd_sc_hd__bufinv                                       │ 2            │
│ sky130_fd_sc_hd__clkbuf                                       │ 51           │
│ sky130_fd_sc_hd__clkinv                                       │ 3            │
│ sky130_fd_sc_hd__clkinvlp                                     │ 1            │
│ sky130_fd_sc_hd__decap                                        │ 396          │
│ sky130_fd_sc_hd__dfrtp                                        │ 160          │
│ sky130_fd_sc_hd__dlygate4sd3                                  │ 68           │
│ sky130_fd_sc_hd__fill                                         │ 292          │
│ sky130_fd_sc_hd__inv                                          │ 171          │
│ sky130_fd_sc_hd__nand2                                        │ 30           │
│ sky130_fd_sc_hd__nand3                                        │ 2            │
│ sky130_fd_sc_hd__nor2                                         │ 42           │
│ sky130_fd_sc_hd__nor3                                         │ 3            │
│ sky130_fd_sc_hd__nor3b                                        │ 1            │
│ sky130_fd_sc_hd__o211a                                        │ 2            │
│ sky130_fd_sc_hd__o21a                                         │ 9            │
│ sky130_fd_sc_hd__o21ai                                        │ 4            │
│ sky130_fd_sc_hd__o21ba                                        │ 5            │
│ sky130_fd_sc_hd__o21bai                                       │ 2            │
│ sky130_fd_sc_hd__o311a                                        │ 1            │
│ sky130_fd_sc_hd__or2                                          │ 25           │
│ sky130_fd_sc_hd__or3                                          │ 4            │
│ sky130_fd_sc_hd__or3b                                         │ 2            │
│ sky130_fd_sc_hd__tapvpwrvgnd                                  │ 207          │
│ sky130_fd_sc_hd__xnor2                                        │ 33           │
│ sky130_fd_sc_hd__xor2                                         │ 15           │
└───────────────────────────────────────────────────────────────┴──────────────┘
                                  Cells by SCL                                  
┏━━━━━━━━━━━━━━━━━━━━━━━━━━━━━━━━━━━━━━━━━━━━━━━━━━━━━━━┳━━━━━━━━━━━━━━━━━━━━━━┓
┃ SCL                                                   ┃ Count                ┃
┡━━━━━━━━━━━━━━━━━━━━━━━━━━━━━━━━━━━━━━━━━━━━━━━━━━━━━━━╇━━━━━━━━━━━━━━━━━━━━━━┩
│ sky130_ef_sc_hd                                       │ 235                  │
│ sky130_fd_sc_hd                                       │ 1660                 │
└───────────────────────────────────────────────────────┴──────────────────────┘
                             Buffers by Cell Master                             
┏━━━━━━━━━━━━━━━━━━━━━━━━━━━━━━━━━━━━━━━━━━━━━━━━━━━━━━━━━━━━━━━━┳━━━━━━━━━━━━━┓
┃ Buffer                                                         ┃ Count       ┃
┡━━━━━━━━━━━━━━━━━━━━━━━━━━━━━━━━━━━━━━━━━━━━━━━━━━━━━━━━━━━━━━━━╇━━━━━━━━━━━━━┩
│ sky130_fd_sc_hd__buf_2                                         │ 22          │
│ sky130_fd_sc_hd__buf_4                                         │ 11          │
│ sky130_fd_sc_hd__clkbuf_1                                      │ 17          │
│ sky130_fd_sc_hd__clkbuf_16                                     │ 1           │
│ sky130_fd_sc_hd__clkbuf_2                                      │ 5           │
│ sky130_fd_sc_hd__clkbuf_4                                      │ 10          │
│ sky130_fd_sc_hd__clkbuf_8                                      │ 18          │
│ sky130_fd_sc_hd__dlygate4sd3_1                                 │ 68          │
└────────────────────────────────────────────────────────────────┴─────────────┘
