
===========================================================================
report_checks -unconstrained
===========================================================================
======================= nom_ff_n40C_1v95 Corner ===================================

Startpoint: rst (input port clocked by clk)
Endpoint: _1278_ (recovery check against rising-edge clock clk)
Path Group: asynchronous
Path Type: max

Fanout         Cap        Slew       Delay        Time   Description
---------------------------------------------------------------------------------------------
                      0.150000    0.000000    0.000000   clock clk (rise edge)
                                  0.000000    0.000000   clock network delay (ideal)
                                  0.666600    0.666600 v input external delay
   247    1.058393    1.553432    1.168844    1.835444 v rst (in)
                                                         rst (net)
                      1.553432    0.000000    1.835444 v _0643_/A (sky130_fd_sc_hd__inv_2)
     1    0.003617    0.161327    0.284366    2.119810 ^ _0643_/Y (sky130_fd_sc_hd__inv_2)
                                                         _0129_ (net)
                      0.161327    0.000000    2.119810 ^ _1278_/RESET_B (sky130_fd_sc_hd__dfrtp_2)
                                              2.119810   data arrival time

                      0.150000    3.333000    3.333000   clock clk (rise edge)
                                  0.000000    3.333000   clock network delay (ideal)
                                 -0.250000    3.083000   clock uncertainty
                                  0.000000    3.083000   clock reconvergence pessimism
                                              3.083000 ^ _1278_/CLK (sky130_fd_sc_hd__dfrtp_2)
                                  0.119099    3.202099   library recovery time
                                              3.202099   data required time
---------------------------------------------------------------------------------------------
                                              3.202099   data required time
                                             -2.119810   data arrival time
---------------------------------------------------------------------------------------------
                                              1.082289   slack (MET)


Startpoint: _1437_ (rising edge-triggered flip-flop clocked by clk)
Endpoint: _1389_ (rising edge-triggered flip-flop clocked by clk)
Path Group: clk
Path Type: max

Fanout         Cap        Slew       Delay        Time   Description
---------------------------------------------------------------------------------------------
                      0.150000    0.000000    0.000000   clock clk (rise edge)
                                  0.000000    0.000000   clock network delay (ideal)
                      0.150000    0.000000    0.000000 ^ _1437_/CLK (sky130_fd_sc_hd__dfrtp_2)
     2    0.005826    0.034727    0.272895    0.272895 v _1437_/Q (sky130_fd_sc_hd__dfrtp_2)
                                                         pp3[6][0] (net)
                      0.034727    0.000000    0.272895 v _0859_/A (sky130_fd_sc_hd__or2_2)
     3    0.008426    0.049338    0.186297    0.459192 v _0859_/X (sky130_fd_sc_hd__or2_2)
                                                         _0522_ (net)
                      0.049338    0.000000    0.459192 v _0860_/C (sky130_fd_sc_hd__and3_2)
     1    0.001506    0.024946    0.127784    0.586976 v _0860_/X (sky130_fd_sc_hd__and3_2)
                                                         _0523_ (net)
                      0.024946    0.000000    0.586976 v _0862_/A (sky130_fd_sc_hd__or2_2)
     2    0.005618    0.043646    0.175658    0.762634 v _0862_/X (sky130_fd_sc_hd__or2_2)
                                                         _0525_ (net)
                      0.043646    0.000000    0.762634 v _0863_/B (sky130_fd_sc_hd__or2_2)
     4    0.009566    0.051656    0.179101    0.941735 v _0863_/X (sky130_fd_sc_hd__or2_2)
                                                         _0526_ (net)
                      0.051656    0.000000    0.941735 v _0882_/A (sky130_fd_sc_hd__or2_2)
     3    0.010818    0.054199    0.197876    1.139611 v _0882_/X (sky130_fd_sc_hd__or2_2)
                                                         _0544_ (net)
                      0.054199    0.000000    1.139611 v _0895_/B (sky130_fd_sc_hd__or3_2)
     1    0.002282    0.048774    0.253550    1.393160 v _0895_/X (sky130_fd_sc_hd__or3_2)
                                                         _0555_ (net)
                      0.048774    0.000000    1.393160 v _0897_/B1 (sky130_fd_sc_hd__o211a_2)
     2    0.012433    0.048516    0.106903    1.500064 v _0897_/X (sky130_fd_sc_hd__o211a_2)
                                                         _0557_ (net)
                      0.048516    0.000000    1.500064 v _0903_/A (sky130_fd_sc_hd__xnor2_2)
     1    0.002059    0.027954    0.087017    1.587081 v _0903_/Y (sky130_fd_sc_hd__xnor2_2)
                                                         _0091_ (net)
                      0.027954    0.000000    1.587081 v _1389_/D (sky130_fd_sc_hd__dfrtp_2)
                                              1.587081   data arrival time

                      0.150000    3.333000    3.333000   clock clk (rise edge)
                                  0.000000    3.333000   clock network delay (ideal)
                                 -0.250000    3.083000   clock uncertainty
                                  0.000000    3.083000   clock reconvergence pessimism
                                              3.083000 ^ _1389_/CLK (sky130_fd_sc_hd__dfrtp_2)
                                 -0.060872    3.022128   library setup time
                                              3.022128   data required time
---------------------------------------------------------------------------------------------
                                              3.022128   data required time
                                             -1.587081   data arrival time
---------------------------------------------------------------------------------------------
                                              1.435047   slack (MET)




===========================================================================
report_checks --slack_max -0.01
============================================================================
======================= nom_ff_n40C_1v95 Corner ===================================

No paths found.


===========================================================================
 report_check_types -max_slew -max_cap -max_fanout -violators
============================================================================
======================= nom_ff_n40C_1v95 Corner ===================================

max slew

Pin                                        Limit        Slew       Slack
------------------------------------------------------------------------
rst                                     0.750000    3.847459   -3.097459 (VIOLATED)
_0643_/A                                0.750000    3.847459   -3.097459 (VIOLATED)
_1032_/A                                0.750000    3.847459   -3.097459 (VIOLATED)
_1033_/A                                0.750000    3.847459   -3.097459 (VIOLATED)
_1034_/A                                0.750000    3.847459   -3.097459 (VIOLATED)
_1035_/A                                0.750000    3.847459   -3.097459 (VIOLATED)
_1036_/A                                0.750000    3.847459   -3.097459 (VIOLATED)
_1037_/A                                0.750000    3.847459   -3.097459 (VIOLATED)
_1038_/A                                0.750000    3.847459   -3.097459 (VIOLATED)
_1039_/A                                0.750000    3.847459   -3.097459 (VIOLATED)
_1040_/A                                0.750000    3.847459   -3.097459 (VIOLATED)
_1041_/A                                0.750000    3.847459   -3.097459 (VIOLATED)
_1042_/A                                0.750000    3.847459   -3.097459 (VIOLATED)
_1043_/A                                0.750000    3.847459   -3.097459 (VIOLATED)
_1044_/A                                0.750000    3.847459   -3.097459 (VIOLATED)
_1045_/A                                0.750000    3.847459   -3.097459 (VIOLATED)
_1046_/A                                0.750000    3.847459   -3.097459 (VIOLATED)
_1047_/A                                0.750000    3.847459   -3.097459 (VIOLATED)
_1048_/A                                0.750000    3.847459   -3.097459 (VIOLATED)
_1049_/A                                0.750000    3.847459   -3.097459 (VIOLATED)
_1050_/A                                0.750000    3.847459   -3.097459 (VIOLATED)
_1051_/A                                0.750000    3.847459   -3.097459 (VIOLATED)
_1052_/A                                0.750000    3.847459   -3.097459 (VIOLATED)
_1053_/A                                0.750000    3.847459   -3.097459 (VIOLATED)
_1054_/A                                0.750000    3.847459   -3.097459 (VIOLATED)
_1055_/A                                0.750000    3.847459   -3.097459 (VIOLATED)
_1056_/A                                0.750000    3.847459   -3.097459 (VIOLATED)
_1057_/A                                0.750000    3.847459   -3.097459 (VIOLATED)
_1058_/A                                0.750000    3.847459   -3.097459 (VIOLATED)
_1059_/A                                0.750000    3.847459   -3.097459 (VIOLATED)
_1060_/A                                0.750000    3.847459   -3.097459 (VIOLATED)
_1061_/A                                0.750000    3.847459   -3.097459 (VIOLATED)
_1062_/A                                0.750000    3.847459   -3.097459 (VIOLATED)
_1063_/A                                0.750000    3.847459   -3.097459 (VIOLATED)
_1064_/A                                0.750000    3.847459   -3.097459 (VIOLATED)
_1065_/A                                0.750000    3.847459   -3.097459 (VIOLATED)
_1066_/A                                0.750000    3.847459   -3.097459 (VIOLATED)
_1067_/A                                0.750000    3.847459   -3.097459 (VIOLATED)
_1068_/A                                0.750000    3.847459   -3.097459 (VIOLATED)
_1069_/A                                0.750000    3.847459   -3.097459 (VIOLATED)
_1070_/A                                0.750000    3.847459   -3.097459 (VIOLATED)
_1071_/A                                0.750000    3.847459   -3.097459 (VIOLATED)
_1072_/A                                0.750000    3.847459   -3.097459 (VIOLATED)
_1073_/A                                0.750000    3.847459   -3.097459 (VIOLATED)
_1074_/A                                0.750000    3.847459   -3.097459 (VIOLATED)
_1075_/A                                0.750000    3.847459   -3.097459 (VIOLATED)
_1076_/A                                0.750000    3.847459   -3.097459 (VIOLATED)
_1077_/A                                0.750000    3.847459   -3.097459 (VIOLATED)
_1078_/A                                0.750000    3.847459   -3.097459 (VIOLATED)
_1079_/A                                0.750000    3.847459   -3.097459 (VIOLATED)
_1080_/A                                0.750000    3.847459   -3.097459 (VIOLATED)
_1081_/A                                0.750000    3.847459   -3.097459 (VIOLATED)
_1082_/A                                0.750000    3.847459   -3.097459 (VIOLATED)
_1083_/A                                0.750000    3.847459   -3.097459 (VIOLATED)
_1084_/A                                0.750000    3.847459   -3.097459 (VIOLATED)
_1085_/A                                0.750000    3.847459   -3.097459 (VIOLATED)
_1086_/A                                0.750000    3.847459   -3.097459 (VIOLATED)
_1087_/A                                0.750000    3.847459   -3.097459 (VIOLATED)
_1088_/A                                0.750000    3.847459   -3.097459 (VIOLATED)
_1089_/A                                0.750000    3.847459   -3.097459 (VIOLATED)
_1090_/A                                0.750000    3.847459   -3.097459 (VIOLATED)
_1091_/A                                0.750000    3.847459   -3.097459 (VIOLATED)
_1092_/A                                0.750000    3.847459   -3.097459 (VIOLATED)
_1093_/A                                0.750000    3.847459   -3.097459 (VIOLATED)
_1094_/A                                0.750000    3.847459   -3.097459 (VIOLATED)
_1095_/A                                0.750000    3.847459   -3.097459 (VIOLATED)
_1096_/A                                0.750000    3.847459   -3.097459 (VIOLATED)
_1097_/A                                0.750000    3.847459   -3.097459 (VIOLATED)
_1098_/A                                0.750000    3.847459   -3.097459 (VIOLATED)
_1099_/A                                0.750000    3.847459   -3.097459 (VIOLATED)
_1100_/A                                0.750000    3.847459   -3.097459 (VIOLATED)
_1101_/A                                0.750000    3.847459   -3.097459 (VIOLATED)
_1102_/A                                0.750000    3.847459   -3.097459 (VIOLATED)
_1103_/A                                0.750000    3.847459   -3.097459 (VIOLATED)
_1104_/A                                0.750000    3.847459   -3.097459 (VIOLATED)
_1105_/A                                0.750000    3.847459   -3.097459 (VIOLATED)
_1106_/A                                0.750000    3.847459   -3.097459 (VIOLATED)
_1107_/A                                0.750000    3.847459   -3.097459 (VIOLATED)
_1108_/A                                0.750000    3.847459   -3.097459 (VIOLATED)
_1109_/A                                0.750000    3.847459   -3.097459 (VIOLATED)
_1110_/A                                0.750000    3.847459   -3.097459 (VIOLATED)
_1111_/A                                0.750000    3.847459   -3.097459 (VIOLATED)
_1112_/A                                0.750000    3.847459   -3.097459 (VIOLATED)
_1113_/A                                0.750000    3.847459   -3.097459 (VIOLATED)
_1114_/A                                0.750000    3.847459   -3.097459 (VIOLATED)
_1115_/A                                0.750000    3.847459   -3.097459 (VIOLATED)
_1116_/A                                0.750000    3.847459   -3.097459 (VIOLATED)
_1117_/A                                0.750000    3.847459   -3.097459 (VIOLATED)
_1118_/A                                0.750000    3.847459   -3.097459 (VIOLATED)
_1119_/A                                0.750000    3.847459   -3.097459 (VIOLATED)
_1120_/A                                0.750000    3.847459   -3.097459 (VIOLATED)
_1121_/A                                0.750000    3.847459   -3.097459 (VIOLATED)
_1122_/A                                0.750000    3.847459   -3.097459 (VIOLATED)
_1123_/A                                0.750000    3.847459   -3.097459 (VIOLATED)
_1124_/A                                0.750000    3.847459   -3.097459 (VIOLATED)
_1125_/A                                0.750000    3.847459   -3.097459 (VIOLATED)
_1126_/A                                0.750000    3.847459   -3.097459 (VIOLATED)
_1127_/A                                0.750000    3.847459   -3.097459 (VIOLATED)
_1128_/A                                0.750000    3.847459   -3.097459 (VIOLATED)
_1129_/A                                0.750000    3.847459   -3.097459 (VIOLATED)
_1130_/A                                0.750000    3.847459   -3.097459 (VIOLATED)
_1131_/A                                0.750000    3.847459   -3.097459 (VIOLATED)
_1132_/A                                0.750000    3.847459   -3.097459 (VIOLATED)
_1133_/A                                0.750000    3.847459   -3.097459 (VIOLATED)
_1134_/A                                0.750000    3.847459   -3.097459 (VIOLATED)
_1135_/A                                0.750000    3.847459   -3.097459 (VIOLATED)
_1136_/A                                0.750000    3.847459   -3.097459 (VIOLATED)
_1137_/A                                0.750000    3.847459   -3.097459 (VIOLATED)
_1138_/A                                0.750000    3.847459   -3.097459 (VIOLATED)
_1139_/A                                0.750000    3.847459   -3.097459 (VIOLATED)
_1140_/A                                0.750000    3.847459   -3.097459 (VIOLATED)
_1141_/A                                0.750000    3.847459   -3.097459 (VIOLATED)
_1142_/A                                0.750000    3.847459   -3.097459 (VIOLATED)
_1143_/A                                0.750000    3.847459   -3.097459 (VIOLATED)
_1144_/A                                0.750000    3.847459   -3.097459 (VIOLATED)
_1145_/A                                0.750000    3.847459   -3.097459 (VIOLATED)
_1146_/A                                0.750000    3.847459   -3.097459 (VIOLATED)
_1147_/A                                0.750000    3.847459   -3.097459 (VIOLATED)
_1148_/A                                0.750000    3.847459   -3.097459 (VIOLATED)
_1149_/A                                0.750000    3.847459   -3.097459 (VIOLATED)
_1150_/A                                0.750000    3.847459   -3.097459 (VIOLATED)
_1151_/A                                0.750000    3.847459   -3.097459 (VIOLATED)
_1152_/A                                0.750000    3.847459   -3.097459 (VIOLATED)
_1153_/A                                0.750000    3.847459   -3.097459 (VIOLATED)
_1154_/A                                0.750000    3.847459   -3.097459 (VIOLATED)
_1155_/A                                0.750000    3.847459   -3.097459 (VIOLATED)
_1156_/A                                0.750000    3.847459   -3.097459 (VIOLATED)
_1157_/A                                0.750000    3.847459   -3.097459 (VIOLATED)
_1158_/A                                0.750000    3.847459   -3.097459 (VIOLATED)
_1159_/A                                0.750000    3.847459   -3.097459 (VIOLATED)
_1160_/A                                0.750000    3.847459   -3.097459 (VIOLATED)
_1161_/A                                0.750000    3.847459   -3.097459 (VIOLATED)
_1162_/A                                0.750000    3.847459   -3.097459 (VIOLATED)
_1163_/A                                0.750000    3.847459   -3.097459 (VIOLATED)
_1164_/A                                0.750000    3.847459   -3.097459 (VIOLATED)
_1165_/A                                0.750000    3.847459   -3.097459 (VIOLATED)
_1166_/A                                0.750000    3.847459   -3.097459 (VIOLATED)
_1167_/A                                0.750000    3.847459   -3.097459 (VIOLATED)
_1168_/A                                0.750000    3.847459   -3.097459 (VIOLATED)
_1169_/A                                0.750000    3.847459   -3.097459 (VIOLATED)
_1170_/A                                0.750000    3.847459   -3.097459 (VIOLATED)
_1171_/A                                0.750000    3.847459   -3.097459 (VIOLATED)
_1172_/A                                0.750000    3.847459   -3.097459 (VIOLATED)
_1173_/A                                0.750000    3.847459   -3.097459 (VIOLATED)
_1174_/A                                0.750000    3.847459   -3.097459 (VIOLATED)
_1175_/A                                0.750000    3.847459   -3.097459 (VIOLATED)
_1176_/A                                0.750000    3.847459   -3.097459 (VIOLATED)
_1177_/A                                0.750000    3.847459   -3.097459 (VIOLATED)
_1178_/A                                0.750000    3.847459   -3.097459 (VIOLATED)
_1179_/A                                0.750000    3.847459   -3.097459 (VIOLATED)
_1180_/A                                0.750000    3.847459   -3.097459 (VIOLATED)
_1181_/A                                0.750000    3.847459   -3.097459 (VIOLATED)
_1182_/A                                0.750000    3.847459   -3.097459 (VIOLATED)
_1183_/A                                0.750000    3.847459   -3.097459 (VIOLATED)
_1184_/A                                0.750000    3.847459   -3.097459 (VIOLATED)
_1185_/A                                0.750000    3.847459   -3.097459 (VIOLATED)
_1186_/A                                0.750000    3.847459   -3.097459 (VIOLATED)
_1187_/A                                0.750000    3.847459   -3.097459 (VIOLATED)
_1188_/A                                0.750000    3.847459   -3.097459 (VIOLATED)
_1189_/A                                0.750000    3.847459   -3.097459 (VIOLATED)
_1190_/A                                0.750000    3.847459   -3.097459 (VIOLATED)
_1191_/A                                0.750000    3.847459   -3.097459 (VIOLATED)
_1192_/A                                0.750000    3.847459   -3.097459 (VIOLATED)
_1193_/A                                0.750000    3.847459   -3.097459 (VIOLATED)
_1194_/A                                0.750000    3.847459   -3.097459 (VIOLATED)
_1195_/A                                0.750000    3.847459   -3.097459 (VIOLATED)
_1196_/A                                0.750000    3.847459   -3.097459 (VIOLATED)
_1197_/A                                0.750000    3.847459   -3.097459 (VIOLATED)
_1198_/A                                0.750000    3.847459   -3.097459 (VIOLATED)
_1199_/A                                0.750000    3.847459   -3.097459 (VIOLATED)
_1200_/A                                0.750000    3.847459   -3.097459 (VIOLATED)
_1201_/A                                0.750000    3.847459   -3.097459 (VIOLATED)
_1202_/A                                0.750000    3.847459   -3.097459 (VIOLATED)
_1203_/A                                0.750000    3.847459   -3.097459 (VIOLATED)
_1204_/A                                0.750000    3.847459   -3.097459 (VIOLATED)
_1205_/A                                0.750000    3.847459   -3.097459 (VIOLATED)
_1206_/A                                0.750000    3.847459   -3.097459 (VIOLATED)
_1207_/A                                0.750000    3.847459   -3.097459 (VIOLATED)
_1208_/A                                0.750000    3.847459   -3.097459 (VIOLATED)
_1209_/A                                0.750000    3.847459   -3.097459 (VIOLATED)
_1210_/A                                0.750000    3.847459   -3.097459 (VIOLATED)
_1211_/A                                0.750000    3.847459   -3.097459 (VIOLATED)
_1212_/A                                0.750000    3.847459   -3.097459 (VIOLATED)
_1213_/A                                0.750000    3.847459   -3.097459 (VIOLATED)
_1214_/A                                0.750000    3.847459   -3.097459 (VIOLATED)
_1215_/A                                0.750000    3.847459   -3.097459 (VIOLATED)
_1216_/A                                0.750000    3.847459   -3.097459 (VIOLATED)
_1217_/A                                0.750000    3.847459   -3.097459 (VIOLATED)
_1218_/A                                0.750000    3.847459   -3.097459 (VIOLATED)
_1219_/A                                0.750000    3.847459   -3.097459 (VIOLATED)
_1220_/A                                0.750000    3.847459   -3.097459 (VIOLATED)
_1221_/A                                0.750000    3.847459   -3.097459 (VIOLATED)
_1222_/A                                0.750000    3.847459   -3.097459 (VIOLATED)
_1223_/A                                0.750000    3.847459   -3.097459 (VIOLATED)
_1224_/A                                0.750000    3.847459   -3.097459 (VIOLATED)
_1225_/A                                0.750000    3.847459   -3.097459 (VIOLATED)
_1226_/A                                0.750000    3.847459   -3.097459 (VIOLATED)
_1227_/A                                0.750000    3.847459   -3.097459 (VIOLATED)
_1228_/A                                0.750000    3.847459   -3.097459 (VIOLATED)
_1229_/A                                0.750000    3.847459   -3.097459 (VIOLATED)
_1230_/A                                0.750000    3.847459   -3.097459 (VIOLATED)
_1231_/A                                0.750000    3.847459   -3.097459 (VIOLATED)
_1232_/A                                0.750000    3.847459   -3.097459 (VIOLATED)
_1233_/A                                0.750000    3.847459   -3.097459 (VIOLATED)
_1234_/A                                0.750000    3.847459   -3.097459 (VIOLATED)
_1235_/A                                0.750000    3.847459   -3.097459 (VIOLATED)
_1236_/A                                0.750000    3.847459   -3.097459 (VIOLATED)
_1237_/A                                0.750000    3.847459   -3.097459 (VIOLATED)
_1238_/A                                0.750000    3.847459   -3.097459 (VIOLATED)
_1239_/A                                0.750000    3.847459   -3.097459 (VIOLATED)
_1240_/A                                0.750000    3.847459   -3.097459 (VIOLATED)
_1241_/A                                0.750000    3.847459   -3.097459 (VIOLATED)
_1242_/A                                0.750000    3.847459   -3.097459 (VIOLATED)
_1243_/A                                0.750000    3.847459   -3.097459 (VIOLATED)
_1244_/A                                0.750000    3.847459   -3.097459 (VIOLATED)
_1245_/A                                0.750000    3.847459   -3.097459 (VIOLATED)
_1246_/A                                0.750000    3.847459   -3.097459 (VIOLATED)
_1247_/A                                0.750000    3.847459   -3.097459 (VIOLATED)
_1248_/A                                0.750000    3.847459   -3.097459 (VIOLATED)
_1249_/A                                0.750000    3.847459   -3.097459 (VIOLATED)
_1250_/A                                0.750000    3.847459   -3.097459 (VIOLATED)
_1251_/A                                0.750000    3.847459   -3.097459 (VIOLATED)
_1252_/A                                0.750000    3.847459   -3.097459 (VIOLATED)
_1253_/A                                0.750000    3.847459   -3.097459 (VIOLATED)
_1254_/A                                0.750000    3.847459   -3.097459 (VIOLATED)
_1255_/A                                0.750000    3.847459   -3.097459 (VIOLATED)
_1256_/A                                0.750000    3.847459   -3.097459 (VIOLATED)
_1257_/A                                0.750000    3.847459   -3.097459 (VIOLATED)
_1258_/A                                0.750000    3.847459   -3.097459 (VIOLATED)
_1259_/A                                0.750000    3.847459   -3.097459 (VIOLATED)
_1260_/A                                0.750000    3.847459   -3.097459 (VIOLATED)
_1261_/A                                0.750000    3.847459   -3.097459 (VIOLATED)
_1262_/A                                0.750000    3.847459   -3.097459 (VIOLATED)
_1263_/A                                0.750000    3.847459   -3.097459 (VIOLATED)
_1264_/A                                0.750000    3.847459   -3.097459 (VIOLATED)
_1265_/A                                0.750000    3.847459   -3.097459 (VIOLATED)
_1266_/A                                0.750000    3.847459   -3.097459 (VIOLATED)
_1267_/A                                0.750000    3.847459   -3.097459 (VIOLATED)
_1268_/A                                0.750000    3.847459   -3.097459 (VIOLATED)
_1269_/A                                0.750000    3.847459   -3.097459 (VIOLATED)
_1270_/A                                0.750000    3.847459   -3.097459 (VIOLATED)
_1271_/A                                0.750000    3.847459   -3.097459 (VIOLATED)
_1272_/A                                0.750000    3.847459   -3.097459 (VIOLATED)
_1273_/A                                0.750000    3.847459   -3.097459 (VIOLATED)
_1274_/A                                0.750000    3.847459   -3.097459 (VIOLATED)
_1275_/A                                0.750000    3.847459   -3.097459 (VIOLATED)
_1276_/A                                0.750000    3.847459   -3.097459 (VIOLATED)
_1277_/A                                0.750000    3.847459   -3.097459 (VIOLATED)

max fanout

Pin                                   Limit Fanout  Slack
---------------------------------------------------------
rst                                      10    247   -237 (VIOLATED)
_1510_/Q                                 10     12     -2 (VIOLATED)

max capacitance

Pin                                        Limit         Cap       Slack
------------------------------------------------------------------------
rst                                     0.200000    1.149041   -0.949041 (VIOLATED)



===========================================================================
report_parasitic_annotation -report_unannotated
============================================================================
Found 904 unannotated drivers.
 a[0]
 a[1]
 a[2]
 a[3]
 a[4]
 a[5]
 a[6]
 a[7]
 b[0]
 b[1]
 b[2]
 b[3]
 b[4]
 b[5]
 b[6]
 b[7]
 clk
 rst
 _0639_/Y
 _0640_/Y
 _0641_/Y
 _0642_/Y
 _0643_/Y
 _0644_/X
 _0645_/Y
 _0646_/X
 _0647_/X
 _0648_/Y
 _0649_/Y
 _0650_/Y
 _0651_/X
 _0652_/Y
 _0653_/Y
 _0654_/Y
 _0655_/X
 _0656_/X
 _0657_/Y
 _0658_/X
 _0659_/Y
 _0660_/Y
 _0661_/X
 _0662_/X
 _0663_/X
 _0664_/Y
 _0665_/X
 _0666_/X
 _0667_/X
 _0668_/Y
 _0669_/Y
 _0670_/Y
 _0671_/Y
 _0672_/X
 _0673_/Y
 _0674_/Y
 _0675_/X
 _0676_/Y
 _0677_/Y
 _0678_/X
 _0679_/X
 _0680_/Y
 _0681_/Y
 _0682_/X
 _0683_/Y
 _0684_/X
 _0685_/X
 _0686_/Y
 _0687_/X
 _0688_/Y
 _0689_/X
 _0690_/X
 _0691_/X
 _0692_/X
 _0693_/Y
 _0694_/Y
 _0695_/X
 _0696_/X
 _0697_/X
 _0698_/X
 _0699_/Y
 _0700_/X
 _0701_/X
 _0702_/Y
 _0703_/Y
 _0704_/X
 _0705_/Y
 _0706_/Y
 _0707_/X
 _0708_/Y
 _0709_/X
 _0710_/X
 _0711_/Y
 _0712_/X
 _0713_/Y
 _0714_/Y
 _0715_/X
 _0716_/X
 _0717_/Y
 _0718_/X
 _0719_/Y
 _0720_/Y
 _0721_/X
 _0722_/X
 _0723_/Y
 _0724_/X
 _0725_/Y
 _0726_/Y
 _0727_/Y
 _0728_/X
 _0729_/X
 _0730_/Y
 _0731_/X
 _0732_/X
 _0733_/X
 _0734_/Y
 _0735_/X
 _0736_/X
 _0737_/Y
 _0738_/Y
 _0739_/Y
 _0740_/X
 _0741_/Y
 _0742_/Y
 _0743_/Y
 _0744_/Y
 _0745_/X
 _0746_/X
 _0747_/Y
 _0748_/X
 _0749_/X
 _0750_/X
 _0751_/X
 _0752_/X
 _0753_/Y
 _0754_/Y
 _0755_/X
 _0756_/X
 _0757_/X
 _0758_/Y
 _0759_/Y
 _0760_/X
 _0761_/X
 _0762_/X
 _0763_/Y
 _0764_/Y
 _0765_/X
 _0766_/X
 _0767_/X
 _0768_/Y
 _0769_/Y
 _0770_/X
 _0771_/X
 _0772_/X
 _0773_/Y
 _0774_/Y
 _0775_/Y
 _0776_/X
 _0777_/Y
 _0778_/X
 _0779_/X
 _0780_/X
 _0781_/X
 _0782_/Y
 _0783_/X
 _0784_/X
 _0785_/Y
 _0786_/Y
 _0787_/X
 _0788_/X
 _0789_/Y
 _0790_/Y
 _0791_/X
 _0792_/Y
 _0793_/Y
 _0794_/X
 _0795_/Y
 _0796_/X
 _0797_/Y
 _0798_/Y
 _0799_/X
 _0800_/X
 _0801_/X
 _0802_/X
 _0803_/X
 _0804_/X
 _0805_/X
 _0806_/Y
 _0807_/Y
 _0808_/X
 _0809_/Y
 _0810_/X
 _0811_/X
 _0812_/X
 _0813_/Y
 _0814_/Y
 _0815_/X
 _0816_/X
 _0817_/X
 _0818_/Y
 _0819_/Y
 _0820_/X
 _0821_/X
 _0822_/X
 _0823_/Y
 _0824_/Y
 _0825_/X
 _0826_/Y
 _0827_/X
 _0828_/Y
 _0829_/X
 _0830_/X
 _0831_/X
 _0832_/Y
 _0833_/Y
 _0834_/Y
 _0835_/X
 _0836_/X
 _0837_/Y
 _0838_/X
 _0839_/Y
 _0840_/Y
 _0841_/X
 _0842_/Y
 _0843_/Y
 _0844_/Y
 _0845_/Y
 _0846_/X
 _0847_/X
 _0848_/X
 _0849_/X
 _0850_/Y
 _0851_/X
 _0852_/X
 _0853_/X
 _0854_/X
 _0855_/X
 _0856_/Y
 _0857_/Y
 _0858_/Y
 _0859_/X
 _0860_/X
 _0861_/Y
 _0862_/X
 _0863_/X
 _0864_/Y
 _0865_/X
 _0866_/X
 _0867_/X
 _0868_/Y
 _0869_/X
 _0870_/X
 _0871_/Y
 _0872_/X
 _0873_/Y
 _0874_/Y
 _0875_/X
 _0876_/Y
 _0877_/X
 _0878_/Y
 _0879_/Y
 _0880_/Y
 _0881_/Y
 _0882_/X
 _0883_/X
 _0884_/Y
 _0885_/X
 _0886_/X
 _0887_/Y
 _0888_/Y
 _0889_/X
 _0890_/Y
 _0891_/X
 _0892_/Y
 _0893_/X
 _0894_/X
 _0895_/X
 _0896_/X
 _0897_/X
 _0898_/Y
 _0899_/Y
 _0900_/Y
 _0901_/X
 _0902_/Y
 _0903_/Y
 _0904_/Y
 _0905_/X
 _0906_/Y
 _0907_/X
 _0908_/X
 _0909_/Y
 _0910_/X
 _0911_/X
 _0912_/Y
 _0913_/Y
 _0914_/Y
 _0915_/Y
 _0916_/X
 _0917_/X
 _0918_/Y
 _0919_/Y
 _0920_/X
 _0921_/Y
 _0922_/Y
 _0923_/X
 _0924_/Y
 _0925_/Y
 _0926_/Y
 _0927_/X
 _0928_/X
 _0929_/Y
 _0930_/X
 _0931_/Y
 _0932_/Y
 _0933_/Y
 _0934_/Y
 _0935_/Y
 _0936_/X
 _0937_/X
 _0938_/Y
 _0939_/Y
 _0940_/Y
 _0941_/X
 _0942_/Y
 _0943_/X
 _0944_/Y
 _0945_/Y
 _0946_/X
 _0947_/X
 _0948_/X
 _0949_/X
 _0950_/X
 _0951_/X
 _0952_/X
 _0953_/Y
 _0954_/Y
 _0955_/Y
 _0956_/Y
 _0957_/Y
 _0958_/Y
 _0959_/X
 _0960_/X
 _0961_/Y
 _0962_/Y
 _0963_/Y
 _0964_/Y
 _0965_/Y
 _0966_/X
 _0967_/X
 _0968_/Y
 _0969_/Y
 _0970_/Y
 _0971_/Y
 _0972_/Y
 _0973_/X
 _0974_/X
 _0975_/Y
 _0976_/X
 _0977_/Y
 _0978_/Y
 _0979_/X
 _0980_/Y
 _0981_/Y
 _0982_/X
 _0983_/Y
 _0984_/X
 _0985_/Y
 _0986_/X
 _0987_/Y
 _0988_/Y
 _0989_/Y
 _0990_/Y
 _0991_/Y
 _0992_/X
 _0993_/X
 _0994_/Y
 _0995_/Y
 _0996_/Y
 _0997_/Y
 _0998_/Y
 _0999_/X
 _1000_/X
 _1001_/Y
 _1002_/Y
 _1003_/Y
 _1004_/Y
 _1005_/Y
 _1006_/X
 _1007_/X
 _1008_/Y
 _1009_/Y
 _1010_/Y
 _1011_/Y
 _1012_/Y
 _1013_/Y
 _1014_/X
 _1015_/X
 _1016_/Y
 _1017_/Y
 _1018_/Y
 _1019_/Y
 _1020_/Y
 _1021_/X
 _1022_/Y
 _1023_/Y
 _1024_/Y
 _1025_/X
 _1026_/X
 _1027_/Y
 _1028_/Y
 _1029_/Y
 _1030_/X
 _1031_/X
 _1032_/Y
 _1033_/Y
 _1034_/Y
 _1035_/Y
 _1036_/Y
 _1037_/Y
 _1038_/Y
 _1039_/Y
 _1040_/Y
 _1041_/Y
 _1042_/Y
 _1043_/Y
 _1044_/Y
 _1045_/Y
 _1046_/Y
 _1047_/Y
 _1048_/Y
 _1049_/Y
 _1050_/Y
 _1051_/Y
 _1052_/Y
 _1053_/Y
 _1054_/Y
 _1055_/Y
 _1056_/Y
 _1057_/Y
 _1058_/Y
 _1059_/Y
 _1060_/Y
 _1061_/Y
 _1062_/Y
 _1063_/Y
 _1064_/Y
 _1065_/Y
 _1066_/Y
 _1067_/Y
 _1068_/Y
 _1069_/Y
 _1070_/Y
 _1071_/Y
 _1072_/Y
 _1073_/Y
 _1074_/Y
 _1075_/Y
 _1076_/Y
 _1077_/Y
 _1078_/Y
 _1079_/Y
 _1080_/Y
 _1081_/Y
 _1082_/Y
 _1083_/Y
 _1084_/Y
 _1085_/Y
 _1086_/Y
 _1087_/Y
 _1088_/Y
 _1089_/Y
 _1090_/Y
 _1091_/Y
 _1092_/Y
 _1093_/Y
 _1094_/Y
 _1095_/Y
 _1096_/Y
 _1097_/Y
 _1098_/Y
 _1099_/Y
 _1100_/Y
 _1101_/Y
 _1102_/Y
 _1103_/Y
 _1104_/Y
 _1105_/Y
 _1106_/Y
 _1107_/Y
 _1108_/Y
 _1109_/Y
 _1110_/Y
 _1111_/Y
 _1112_/Y
 _1113_/Y
 _1114_/Y
 _1115_/Y
 _1116_/Y
 _1117_/Y
 _1118_/Y
 _1119_/Y
 _1120_/Y
 _1121_/Y
 _1122_/Y
 _1123_/Y
 _1124_/Y
 _1125_/Y
 _1126_/Y
 _1127_/Y
 _1128_/Y
 _1129_/Y
 _1130_/Y
 _1131_/Y
 _1132_/Y
 _1133_/Y
 _1134_/Y
 _1135_/Y
 _1136_/Y
 _1137_/Y
 _1138_/Y
 _1139_/Y
 _1140_/Y
 _1141_/Y
 _1142_/Y
 _1143_/Y
 _1144_/Y
 _1145_/Y
 _1146_/Y
 _1147_/Y
 _1148_/Y
 _1149_/Y
 _1150_/Y
 _1151_/Y
 _1152_/Y
 _1153_/Y
 _1154_/Y
 _1155_/Y
 _1156_/Y
 _1157_/Y
 _1158_/Y
 _1159_/Y
 _1160_/Y
 _1161_/Y
 _1162_/Y
 _1163_/Y
 _1164_/Y
 _1165_/Y
 _1166_/Y
 _1167_/Y
 _1168_/Y
 _1169_/Y
 _1170_/Y
 _1171_/Y
 _1172_/Y
 _1173_/Y
 _1174_/Y
 _1175_/Y
 _1176_/Y
 _1177_/Y
 _1178_/Y
 _1179_/Y
 _1180_/Y
 _1181_/Y
 _1182_/Y
 _1183_/Y
 _1184_/Y
 _1185_/Y
 _1186_/Y
 _1187_/Y
 _1188_/Y
 _1189_/Y
 _1190_/Y
 _1191_/Y
 _1192_/Y
 _1193_/Y
 _1194_/Y
 _1195_/Y
 _1196_/Y
 _1197_/Y
 _1198_/Y
 _1199_/Y
 _1200_/Y
 _1201_/Y
 _1202_/Y
 _1203_/Y
 _1204_/Y
 _1205_/Y
 _1206_/Y
 _1207_/Y
 _1208_/Y
 _1209_/Y
 _1210_/Y
 _1211_/Y
 _1212_/Y
 _1213_/Y
 _1214_/Y
 _1215_/Y
 _1216_/Y
 _1217_/Y
 _1218_/Y
 _1219_/Y
 _1220_/Y
 _1221_/Y
 _1222_/Y
 _1223_/Y
 _1224_/Y
 _1225_/Y
 _1226_/Y
 _1227_/Y
 _1228_/Y
 _1229_/Y
 _1230_/Y
 _1231_/Y
 _1232_/Y
 _1233_/Y
 _1234_/Y
 _1235_/Y
 _1236_/Y
 _1237_/Y
 _1238_/Y
 _1239_/Y
 _1240_/Y
 _1241_/Y
 _1242_/Y
 _1243_/Y
 _1244_/Y
 _1245_/Y
 _1246_/Y
 _1247_/Y
 _1248_/Y
 _1249_/Y
 _1250_/Y
 _1251_/Y
 _1252_/Y
 _1253_/Y
 _1254_/Y
 _1255_/Y
 _1256_/Y
 _1257_/Y
 _1258_/Y
 _1259_/Y
 _1260_/Y
 _1261_/Y
 _1262_/Y
 _1263_/Y
 _1264_/Y
 _1265_/Y
 _1266_/Y
 _1267_/Y
 _1268_/Y
 _1269_/Y
 _1270_/Y
 _1271_/Y
 _1272_/Y
 _1273_/Y
 _1274_/Y
 _1275_/Y
 _1276_/Y
 _1277_/Y
 _1278_/Q
 _1279_/Q
 _1280_/Q
 _1281_/Q
 _1282_/Q
 _1283_/Q
 _1284_/Q
 _1285_/Q
 _1286_/Q
 _1287_/Q
 _1288_/Q
 _1289_/Q
 _1290_/Q
 _1291_/Q
 _1292_/Q
 _1293_/Q
 _1294_/Q
 _1295_/Q
 _1296_/Q
 _1297_/Q
 _1298_/Q
 _1299_/Q
 _1300_/Q
 _1301_/Q
 _1302_/Q
 _1303_/Q
 _1304_/Q
 _1305_/Q
 _1306_/Q
 _1307_/Q
 _1308_/Q
 _1309_/Q
 _1310_/Q
 _1311_/Q
 _1312_/Q
 _1313_/Q
 _1314_/Q
 _1315_/Q
 _1316_/Q
 _1317_/Q
 _1318_/Q
 _1319_/Q
 _1320_/Q
 _1321_/Q
 _1322_/Q
 _1323_/Q
 _1324_/Q
 _1325_/Q
 _1326_/Q
 _1327_/Q
 _1328_/Q
 _1329_/Q
 _1330_/Q
 _1331_/Q
 _1332_/Q
 _1333_/Q
 _1334_/Q
 _1335_/Q
 _1336_/Q
 _1337_/Q
 _1338_/Q
 _1339_/Q
 _1340_/Q
 _1341_/Q
 _1342_/Q
 _1343_/Q
 _1344_/Q
 _1345_/Q
 _1346_/Q
 _1347_/Q
 _1348_/Q
 _1349_/Q
 _1350_/Q
 _1351_/Q
 _1352_/Q
 _1353_/Q
 _1354_/Q
 _1355_/Q
 _1356_/Q
 _1357_/Q
 _1358_/Q
 _1359_/Q
 _1360_/Q
 _1361_/Q
 _1362_/Q
 _1363_/Q
 _1364_/Q
 _1365_/Q
 _1366_/Q
 _1367_/Q
 _1368_/Q
 _1369_/Q
 _1370_/Q
 _1371_/Q
 _1372_/Q
 _1373_/Q
 _1374_/Q
 _1375_/Q
 _1376_/Q
 _1377_/Q
 _1378_/Q
 _1379_/Q
 _1380_/Q
 _1381_/Q
 _1382_/Q
 _1383_/Q
 _1384_/Q
 _1385_/Q
 _1386_/Q
 _1387_/Q
 _1388_/Q
 _1389_/Q
 _1390_/Q
 _1391_/Q
 _1392_/Q
 _1393_/Q
 _1394_/Q
 _1395_/Q
 _1396_/Q
 _1397_/Q
 _1398_/Q
 _1399_/Q
 _1400_/Q
 _1401_/Q
 _1402_/Q
 _1403_/Q
 _1404_/Q
 _1405_/Q
 _1406_/Q
 _1407_/Q
 _1408_/Q
 _1409_/Q
 _1410_/Q
 _1411_/Q
 _1412_/Q
 _1413_/Q
 _1414_/Q
 _1415_/Q
 _1416_/Q
 _1417_/Q
 _1418_/Q
 _1419_/Q
 _1420_/Q
 _1421_/Q
 _1422_/Q
 _1423_/Q
 _1424_/Q
 _1425_/Q
 _1426_/Q
 _1427_/Q
 _1428_/Q
 _1429_/Q
 _1430_/Q
 _1431_/Q
 _1432_/Q
 _1433_/Q
 _1434_/Q
 _1435_/Q
 _1436_/Q
 _1437_/Q
 _1438_/Q
 _1439_/Q
 _1440_/Q
 _1441_/Q
 _1442_/Q
 _1443_/Q
 _1444_/Q
 _1445_/Q
 _1446_/Q
 _1447_/Q
 _1448_/Q
 _1449_/Q
 _1450_/Q
 _1451_/Q
 _1452_/Q
 _1453_/Q
 _1454_/Q
 _1455_/Q
 _1456_/Q
 _1457_/Q
 _1458_/Q
 _1459_/Q
 _1460_/Q
 _1461_/Q
 _1462_/Q
 _1463_/Q
 _1464_/Q
 _1465_/Q
 _1466_/Q
 _1467_/Q
 _1468_/Q
 _1469_/Q
 _1470_/Q
 _1471_/Q
 _1472_/Q
 _1473_/Q
 _1474_/Q
 _1475_/Q
 _1476_/Q
 _1477_/Q
 _1478_/Q
 _1479_/Q
 _1480_/Q
 _1481_/Q
 _1482_/Q
 _1483_/Q
 _1484_/Q
 _1485_/Q
 _1486_/Q
 _1487_/Q
 _1488_/Q
 _1489_/Q
 _1490_/Q
 _1491_/Q
 _1492_/Q
 _1493_/Q
 _1494_/Q
 _1495_/Q
 _1496_/Q
 _1497_/Q
 _1498_/Q
 _1499_/Q
 _1500_/Q
 _1501_/Q
 _1502_/Q
 _1503_/Q
 _1504_/Q
 _1505_/Q
 _1506_/Q
 _1507_/Q
 _1508_/Q
 _1509_/Q
 _1510_/Q
 _1511_/Q
 _1512_/Q
 _1513_/Q
 _1514_/Q
 _1515_/Q
 _1516_/Q
 _1517_/Q
 _1518_/Q
 _1519_/Q
 _1520_/Q
 _1521_/Q
 _1522_/Q
 _1523_/Q
 _1524_/Q
Found 0 partially unannotated drivers.

===========================================================================
max slew violation count 248
max fanout violation count 2
max cap violation count 1
============================================================================

===========================================================================
check_setup -verbose -unconstrained_endpoints -multiple_clock -no_clock -no_input_delay -loops -generated_clocks
===========================================================================
