Reading OpenROAD database at '/home/hassan-ul-haq/openlane2/designs/Multiplier/runs/120MHz/23-openroad-generatepdn/mult.odb'…
Reading library file at '/home/hassan-ul-haq/.volare/volare/sky130/versions/0fe599b2afb6708d281543108caf8310912f54af/sky130A/libs.ref/sky130_fd_sc_hd/lib/sky130_fd_sc_hd__tt_025C_1v80.lib'…
Reading design constraints file at '/nix/store/ss2cw3sxbrwwx9jl0rrppbw4kgcmgi2n-python3-3.11.9-env/lib/python3.11/site-packages/openlane/scripts/base.sdc'…
[INFO] Using clock clk…
[INFO] Setting output delay to: 1.6665999999999999
[INFO] Setting input delay to: 1.6665999999999999
[INFO] Setting load to: 0.033442
[INFO] Setting clock uncertainty to: 0.25
[INFO] Setting clock transition to: 0.1499999999999999944488848768742172978818416595458984375
[INFO] Setting timing derate to: 5%
+ global_placement -density 0.624013 -skip_io -pad_right 0 -pad_left 0 -init_wirelength_coef 0.25
[INFO GPL-0002] DBU: 1000
[INFO GPL-0003] SiteSize: (  0.460  2.720 ) um
[INFO GPL-0004] CoreBBox: (  5.520 10.880 ) ( 103.960 108.800 ) um
[INFO GPL-0006] NumInstances:               646
[INFO GPL-0007] NumPlaceInstances:          441
[INFO GPL-0008] NumFixedInstances:          205
[INFO GPL-0009] NumDummyInstances:            0
[INFO GPL-0010] NumNets:                    459
[INFO GPL-0011] NumPins:                   1520
[INFO GPL-0012] DieBBox:  (  0.000  0.000 ) ( 109.880 120.600 ) um
[INFO GPL-0013] CoreBBox: (  5.520 10.880 ) ( 103.960 108.800 ) um
[INFO GPL-0016] CoreArea:              9639.245 um^2
[INFO GPL-0017] NonPlaceInstsArea:      436.669 um^2
[INFO GPL-0018] PlaceInstsArea:        4884.685 um^2
[INFO GPL-0019] Util:                    53.080 %
[INFO GPL-0020] StdInstsArea:          4884.685 um^2
[INFO GPL-0021] MacroInstsArea:           0.000 um^2
[INFO GPL-0031] FillerInit:NumGCells:       521
[INFO GPL-0032] FillerInit:NumGNets:        459
[INFO GPL-0033] FillerInit:NumGPins:       1520
[INFO GPL-0023] TargetDensity:            0.624
[INFO GPL-0024] AvrgPlaceInstArea:       11.076 um^2
[INFO GPL-0025] IdealBinArea:            17.750 um^2
[INFO GPL-0026] IdealBinCnt:                543
[INFO GPL-0027] TotalBinArea:          9639.245 um^2
[INFO GPL-0028] BinCnt:        16     16
[INFO GPL-0029] BinSize: (  6.153  6.120 )
[INFO GPL-0030] NumBins: 256
[NesterovSolve] Iter:    1 overflow: 0.981 HPWL: 1183750
[NesterovSolve] Iter:   10 overflow: 0.962 HPWL: 707809
[NesterovSolve] Iter:   20 overflow: 0.953 HPWL: 593636
[NesterovSolve] Iter:   30 overflow: 0.953 HPWL: 574218
[NesterovSolve] Iter:   40 overflow: 0.953 HPWL: 578308
[NesterovSolve] Iter:   50 overflow: 0.953 HPWL: 580400
[NesterovSolve] Iter:   60 overflow: 0.953 HPWL: 578583
[NesterovSolve] Iter:   70 overflow: 0.953 HPWL: 575697
[NesterovSolve] Iter:   80 overflow: 0.953 HPWL: 574776
[NesterovSolve] Iter:   90 overflow: 0.953 HPWL: 573980
[NesterovSolve] Iter:  100 overflow: 0.953 HPWL: 572535
[NesterovSolve] Iter:  110 overflow: 0.953 HPWL: 571802
[NesterovSolve] Iter:  120 overflow: 0.953 HPWL: 576113
[NesterovSolve] Iter:  130 overflow: 0.948 HPWL: 598036
[NesterovSolve] Iter:  140 overflow: 0.933 HPWL: 656509
[NesterovSolve] Iter:  150 overflow: 0.918 HPWL: 788150
[NesterovSolve] Iter:  160 overflow: 0.863 HPWL: 1089897
[NesterovSolve] Iter:  170 overflow: 0.812 HPWL: 1311633
[NesterovSolve] Iter:  180 overflow: 0.782 HPWL: 1438354
[NesterovSolve] Iter:  190 overflow: 0.741 HPWL: 1673158
[NesterovSolve] Iter:  200 overflow: 0.699 HPWL: 1898115
[NesterovSolve] Iter:  210 overflow: 0.652 HPWL: 2050444
[NesterovSolve] Iter:  220 overflow: 0.604 HPWL: 2276250
[NesterovSolve] Iter:  230 overflow: 0.554 HPWL: 2499982
[NesterovSolve] Iter:  240 overflow: 0.499 HPWL: 2725051
[NesterovSolve] Iter:  250 overflow: 0.448 HPWL: 2914844
[NesterovSolve] Iter:  260 overflow: 0.387 HPWL: 3105656
[NesterovSolve] Iter:  270 overflow: 0.335 HPWL: 3280929
[NesterovSolve] Iter:  280 overflow: 0.308 HPWL: 3409167
[NesterovSolve] Iter:  290 overflow: 0.273 HPWL: 3503475
[NesterovSolve] Iter:  300 overflow: 0.246 HPWL: 3595817
[NesterovSolve] Iter:  310 overflow: 0.223 HPWL: 3692059
[NesterovSolve] Iter:  320 overflow: 0.195 HPWL: 3758372
[NesterovSolve] Iter:  330 overflow: 0.171 HPWL: 3812153
[NesterovSolve] Iter:  340 overflow: 0.152 HPWL: 3866948
[NesterovSolve] Iter:  350 overflow: 0.130 HPWL: 3917431
[NesterovSolve] Iter:  360 overflow: 0.105 HPWL: 3950571
[NesterovSolve] Finished with Overflow: 0.099302
[INFO] Setting RC values…
Setting global connections for newly added cells…
[INFO] Setting global connections...
Updating metrics…
Cell type report:                       Count       Area
  Fill cell                                72     270.26
  Tap cell                                133     166.41
  Inverter                                 71     266.51
  Sequential cell                          64    1681.61
  Multi-Input combinational cell          306    2936.57
  Total                                   646    5321.35
Writing OpenROAD database to '/home/hassan-ul-haq/openlane2/designs/Multiplier/runs/120MHz/26-openroad-globalplacementskipio/mult.odb'…
Writing netlist to '/home/hassan-ul-haq/openlane2/designs/Multiplier/runs/120MHz/26-openroad-globalplacementskipio/mult.nl.v'…
Writing powered netlist to '/home/hassan-ul-haq/openlane2/designs/Multiplier/runs/120MHz/26-openroad-globalplacementskipio/mult.pnl.v'…
Writing layout to '/home/hassan-ul-haq/openlane2/designs/Multiplier/runs/120MHz/26-openroad-globalplacementskipio/mult.def'…
Writing timing constraints to '/home/hassan-ul-haq/openlane2/designs/Multiplier/runs/120MHz/26-openroad-globalplacementskipio/mult.sdc'…
