Clock: clk
Sources: clk 
Generated: no
Virtual: yes
Propagated: no
Period: 8.333000

===========================================================================
report_clock_properties
============================================================================
Clock                   Period          Waveform
----------------------------------------------------
clk                   8.333000    0.000000  4.166500

===========================================================================
report_clock_latency
============================================================================
Clock clk
rise -> rise
    min     max
0.000000 0.000000 source latency
0.357971         network latency _688_/CLK
        0.365535 network latency _680_/CLK
---------------
0.357971 0.365535 latency
        0.007564 skew

fall -> fall
    min     max
0.000000 0.000000 source latency
0.337162         network latency _688_/CLK
        0.342772 network latency _680_/CLK
---------------
0.337162 0.342772 latency
        0.005610 skew



===========================================================================
report_clock_min_period
============================================================================
clk period_min = 4.25 fmax = 235.47
