                                                                        Cells by Master                                                                         
┏━━━━━━━━━━━━━━━━━━━━━━━━━━━━━━━━━━━━━━━━━━━━━━━━━━━━━━━━━━━━━━━━━━━━━━━━━━━━━━━━━━━━━━━━━━━━━━━━━━━━━━━━━━━━━━━━━━━━━━━━━━━━━━━━━━┳━━━━━━━━━━━━━━━━━━━━━━━━━━━┓
┃ Cell                                                                                                                             ┃ Count                     ┃
┡━━━━━━━━━━━━━━━━━━━━━━━━━━━━━━━━━━━━━━━━━━━━━━━━━━━━━━━━━━━━━━━━━━━━━━━━━━━━━━━━━━━━━━━━━━━━━━━━━━━━━━━━━━━━━━━━━━━━━━━━━━━━━━━━━━╇━━━━━━━━━━━━━━━━━━━━━━━━━━━┩
│ sky130_ef_sc_hd__decap_12                                                                                                        │ 10907                     │
│ sky130_fd_sc_hd__and2_1                                                                                                          │ 8                         │
│ sky130_fd_sc_hd__buf_1                                                                                                           │ 12                        │
│ sky130_fd_sc_hd__buf_12                                                                                                          │ 1                         │
│ sky130_fd_sc_hd__clkbuf_16                                                                                                       │ 5                         │
│ sky130_fd_sc_hd__clkbuf_2                                                                                                        │ 2                         │
│ sky130_fd_sc_hd__clkinv_2                                                                                                        │ 1                         │
│ sky130_fd_sc_hd__clkinvlp_4                                                                                                      │ 1                         │
│ sky130_fd_sc_hd__conb_1                                                                                                          │ 8                         │
│ sky130_fd_sc_hd__decap_3                                                                                                         │ 414                       │
│ sky130_fd_sc_hd__decap_4                                                                                                         │ 91                        │
│ sky130_fd_sc_hd__decap_6                                                                                                         │ 2597                      │
│ sky130_fd_sc_hd__decap_8                                                                                                         │ 41                        │
│ sky130_fd_sc_hd__dfrtp_1                                                                                                         │ 39                        │
│ sky130_fd_sc_hd__dfrtp_2                                                                                                         │ 1                         │
│ sky130_fd_sc_hd__dfrtp_4                                                                                                         │ 1                         │
│ sky130_fd_sc_hd__diode_2                                                                                                         │ 7                         │
│ sky130_fd_sc_hd__dlymetal6s2s_1                                                                                                  │ 3                         │
│ sky130_fd_sc_hd__fill_1                                                                                                          │ 2693                      │
│ sky130_fd_sc_hd__fill_2                                                                                                          │ 103                       │
│ sky130_fd_sc_hd__inv_6                                                                                                           │ 1                         │
│ sky130_fd_sc_hd__tapvpwrvgnd_1                                                                                                   │ 2788                      │
└──────────────────────────────────────────────────────────────────────────────────────────────────────────────────────────────────┴───────────────────────────┘
