Reading OpenROAD database at '/home/hassan-ul-haq/openlane2/designs/Multiplier/runs/RUN_2025-11-05_19-27-52/24-openroad-ioplacement/mult.odb'…
Reading library file at '/home/hassan-ul-haq/.volare/volare/sky130/versions/0fe599b2afb6708d281543108caf8310912f54af/sky130A/libs.ref/sky130_fd_sc_hd/lib/sky130_fd_sc_hd__tt_025C_1v80.lib'…
Reading design constraints file at 'pnr.sdc'…
[INFO] Setting RC values…
[INFO] Setting signal min routing layer to: met1 and clock min routing layer to met1. 
[INFO] Setting signal max routing layer to: met5 and clock max routing layer to met5. 
+ global_placement -density 0.62474 -timing_driven -routability_driven -pad_right 0 -pad_left 0 -init_wirelength_coef 0.25
[INFO GPL-0002] DBU: 1000
[INFO GPL-0003] SiteSize: (  0.460  2.720 ) um
[INFO GPL-0004] CoreBBox: (  5.520 10.880 ) ( 93.840 97.920 ) um
[INFO GPL-0006] NumInstances:               535
[INFO GPL-0007] NumPlaceInstances:          369
[INFO GPL-0008] NumFixedInstances:          166
[INFO GPL-0009] NumDummyInstances:            0
[INFO GPL-0010] NumNets:                    387
[INFO GPL-0011] NumPins:                   1354
[INFO GPL-0012] DieBBox:  (  0.000  0.000 ) ( 99.430 110.150 ) um
[INFO GPL-0013] CoreBBox: (  5.520 10.880 ) ( 93.840 97.920 ) um
[INFO GPL-0016] CoreArea:              7687.373 um^2
[INFO GPL-0017] NonPlaceInstsArea:      367.853 um^2
[INFO GPL-0018] PlaceInstsArea:        3906.246 um^2
[INFO GPL-0019] Util:                    53.368 %
[INFO GPL-0020] StdInstsArea:          3906.246 um^2
[INFO GPL-0021] MacroInstsArea:           0.000 um^2
[InitialPlace]  Iter: 1 CG residual: 0.00000006 HPWL: 7322481
[InitialPlace]  Iter: 2 CG residual: 0.00000008 HPWL: 5595391
[InitialPlace]  Iter: 3 CG residual: 0.00000010 HPWL: 5620103
[InitialPlace]  Iter: 4 CG residual: 0.00000011 HPWL: 5617892
[InitialPlace]  Iter: 5 CG residual: 0.00000011 HPWL: 5626929
[INFO GPL-0031] FillerInit:NumGCells:       435
[INFO GPL-0032] FillerInit:NumGNets:        387
[INFO GPL-0033] FillerInit:NumGPins:       1354
[INFO GPL-0023] TargetDensity:            0.625
[INFO GPL-0024] AvrgPlaceInstArea:       10.586 um^2
[INFO GPL-0025] IdealBinArea:            16.945 um^2
[INFO GPL-0026] IdealBinCnt:                453
[INFO GPL-0027] TotalBinArea:          7687.373 um^2
[INFO GPL-0028] BinCnt:        16     16
[INFO GPL-0029] BinSize: (  5.520  5.440 )
[INFO GPL-0030] NumBins: 256
[NesterovSolve] Iter:    1 overflow: 0.733 HPWL: 2970628
[INFO GPL-0100] Timing-driven: executing resizer for reweighting nets.
[INFO GPL-0101] Timing-driven: worst slack 5.56e-09
[INFO GPL-0103] Timing-driven: weighted 34 nets.
[INFO GPL-0100] Timing-driven: executing resizer for reweighting nets.
[INFO GPL-0101] Timing-driven: worst slack 5.59e-09
[INFO GPL-0103] Timing-driven: weighted 36 nets.
[NesterovSolve] Snapshot saved at iter = 7
[NesterovSolve] Iter:   10 overflow: 0.564 HPWL: 3299521
[NesterovSolve] Iter:   20 overflow: 0.497 HPWL: 3428441
[NesterovSolve] Iter:   30 overflow: 0.501 HPWL: 3385909
[NesterovSolve] Iter:   40 overflow: 0.505 HPWL: 3377845
[NesterovSolve] Iter:   50 overflow: 0.504 HPWL: 3386815
[NesterovSolve] Iter:   60 overflow: 0.502 HPWL: 3382489
[NesterovSolve] Iter:   70 overflow: 0.502 HPWL: 3379509
[NesterovSolve] Iter:   80 overflow: 0.502 HPWL: 3379826
[NesterovSolve] Iter:   90 overflow: 0.503 HPWL: 3378515
[NesterovSolve] Iter:  100 overflow: 0.502 HPWL: 3379014
[NesterovSolve] Iter:  110 overflow: 0.501 HPWL: 3380895
[NesterovSolve] Iter:  120 overflow: 0.501 HPWL: 3381801
[NesterovSolve] Iter:  130 overflow: 0.500 HPWL: 3383420
[NesterovSolve] Iter:  140 overflow: 0.499 HPWL: 3386553
[NesterovSolve] Iter:  150 overflow: 0.498 HPWL: 3391153
[NesterovSolve] Iter:  160 overflow: 0.495 HPWL: 3398269
[NesterovSolve] Iter:  170 overflow: 0.492 HPWL: 3408999
[NesterovSolve] Iter:  180 overflow: 0.487 HPWL: 3422547
[INFO GPL-0100] Timing-driven: executing resizer for reweighting nets.
[INFO GPL-0101] Timing-driven: worst slack 5.59e-09
[INFO GPL-0103] Timing-driven: weighted 38 nets.
[NesterovSolve] Iter:  190 overflow: 0.479 HPWL: 3441380
[NesterovSolve] Iter:  200 overflow: 0.466 HPWL: 3467217
[NesterovSolve] Iter:  210 overflow: 0.448 HPWL: 3504332
[NesterovSolve] Iter:  220 overflow: 0.422 HPWL: 3538788
[NesterovSolve] Iter:  230 overflow: 0.397 HPWL: 3578028
[NesterovSolve] Iter:  240 overflow: 0.365 HPWL: 3621863
[NesterovSolve] Iter:  250 overflow: 0.326 HPWL: 3626059
[NesterovSolve] Iter:  260 overflow: 0.301 HPWL: 3651406
[INFO GPL-0075] Routability numCall: 1 inflationIterCnt: 1 bloatIterCnt: 0
[INFO GPL-0036] TileBBox: (    0    0 ) ( 6900 6900 ) DBU
[INFO GPL-0038] TileCnt:      14   15
[INFO GPL-0040] NumTiles: 210
[INFO GPL-0081] TotalRouteOverflow: 0
[INFO GPL-0082] OverflowTileCnt: 0
[INFO GPL-0083] 0.5%RC: 0.7887698709964752
[INFO GPL-0084] 1.0%RC: 0.7696858644485474
[INFO GPL-0085] 2.0%RC: 0.7499172329902649
[INFO GPL-0086] 5.0%RC: 0.7152418765154752
[INFO GPL-0087] FinalRC: 0.77922785
[INFO GPL-0077] FinalRC lower than targetRC(1.01), routability not needed.
[INFO GPL-0100] Timing-driven: executing resizer for reweighting nets.
[INFO GPL-0101] Timing-driven: worst slack 5.59e-09
[INFO GPL-0103] Timing-driven: weighted 36 nets.
[NesterovSolve] Iter:  270 overflow: 0.275 HPWL: 3695637
[NesterovSolve] Iter:  280 overflow: 0.247 HPWL: 3738089
[NesterovSolve] Iter:  290 overflow: 0.223 HPWL: 3795196
[NesterovSolve] Iter:  300 overflow: 0.203 HPWL: 3857440
[INFO GPL-0100] Timing-driven: executing resizer for reweighting nets.
[INFO GPL-0101] Timing-driven: worst slack 5.59e-09
[INFO GPL-0103] Timing-driven: weighted 36 nets.
[NesterovSolve] Iter:  310 overflow: 0.182 HPWL: 3922002
[NesterovSolve] Iter:  320 overflow: 0.164 HPWL: 3967709
[NesterovSolve] Iter:  330 overflow: 0.147 HPWL: 4005231
[INFO GPL-0100] Timing-driven: executing resizer for reweighting nets.
[INFO GPL-0101] Timing-driven: worst slack 5.59e-09
[INFO GPL-0103] Timing-driven: weighted 38 nets.
[NesterovSolve] Iter:  340 overflow: 0.130 HPWL: 4044210
[NesterovSolve] Iter:  350 overflow: 0.115 HPWL: 4071290
[NesterovSolve] Finished with Overflow: 0.098639
[INFO] Setting RC values…
Setting global connections for newly added cells…
[INFO] Setting global connections...
Updating metrics…
Cell type report:                       Count       Area
  Fill cell                                64     240.23
  Tap cell                                102     127.62
  Inverter                                 37     138.88
  Sequential cell                          32     840.81
  Multi-Input combinational cell          300    2926.56
  Total                                   535    4274.10
Writing OpenROAD database to '/home/hassan-ul-haq/openlane2/designs/Multiplier/runs/RUN_2025-11-05_19-27-52/27-openroad-globalplacement/mult.odb'…
Writing netlist to '/home/hassan-ul-haq/openlane2/designs/Multiplier/runs/RUN_2025-11-05_19-27-52/27-openroad-globalplacement/mult.nl.v'…
Writing powered netlist to '/home/hassan-ul-haq/openlane2/designs/Multiplier/runs/RUN_2025-11-05_19-27-52/27-openroad-globalplacement/mult.pnl.v'…
Writing layout to '/home/hassan-ul-haq/openlane2/designs/Multiplier/runs/RUN_2025-11-05_19-27-52/27-openroad-globalplacement/mult.def'…
Writing timing constraints to '/home/hassan-ul-haq/openlane2/designs/Multiplier/runs/RUN_2025-11-05_19-27-52/27-openroad-globalplacement/mult.sdc'…
