Reading timing models for corner nom_tt_025C_1v80…
Reading timing library for the 'nom_tt_025C_1v80' corner at '/home/hassan-ul-haq/.volare/volare/sky130/versions/0fe599b2afb6708d281543108caf8310912f54af/sky130A/libs.ref/sky130_fd_sc_hd/lib/sky130_fd_sc_hd__tt_025C_1v80.lib'…
Reading timing models for corner nom_ff_n40C_1v95…
Reading timing library for the 'nom_ff_n40C_1v95' corner at '/home/hassan-ul-haq/.volare/volare/sky130/versions/0fe599b2afb6708d281543108caf8310912f54af/sky130A/libs.ref/sky130_fd_sc_hd/lib/sky130_fd_sc_hd__ff_n40C_1v95.lib'…
Reading timing models for corner nom_ss_100C_1v60…
Reading timing library for the 'nom_ss_100C_1v60' corner at '/home/hassan-ul-haq/.volare/volare/sky130/versions/0fe599b2afb6708d281543108caf8310912f54af/sky130A/libs.ref/sky130_fd_sc_hd/lib/sky130_fd_sc_hd__ss_100C_1v60.lib'…
Reading OpenROAD database at '/home/hassan-ul-haq/openlane2/designs/Multiplier/runs/160MHz/34-openroad-cts/mult.odb'…
Reading design constraints file at '/nix/store/ss2cw3sxbrwwx9jl0rrppbw4kgcmgi2n-python3-3.11.9-env/lib/python3.11/site-packages/openlane/scripts/base.sdc'…
[INFO] Using clock clk…
[INFO] Setting output delay to: 1.25
[INFO] Setting input delay to: 1.25
[INFO] Setting load to: 0.033442
[INFO] Setting clock uncertainty to: 0.25
[INFO] Setting clock transition to: 0.1499999999999999944488848768742172978818416595458984375
[INFO] Setting timing derate to: 5%
[INFO] Setting RC values…
[INFO RSZ-0098] No setup violations found
[INFO RSZ-0046] Found 7 endpoints with hold violations.
Iteration | Resized | Buffers | Cloned Gates |   WNS   |   TNS   | Endpoint
---------------------------------------------------------------------------
        0 |       0 |       0 |            0 |  -0.034 |  -0.129 | _764_/D
    final |       0 |       7 |            0 |   0.104 |   0.000 | _778_/D
---------------------------------------------------------------------------
[INFO RSZ-0032] Inserted 7 hold buffers.
Placement Analysis
---------------------------------
total displacement         50.2 u
average displacement        0.1 u
max displacement            5.4 u
original HPWL            7219.6 u
legalized HPWL           7474.9 u
delta HPWL                    4 %

[INFO DPL-0020] Mirrored 194 instances
[INFO DPL-0021] HPWL before            7474.9 u
[INFO DPL-0022] HPWL after             7265.5 u
[INFO DPL-0023] HPWL delta               -2.8 %
[INFO] Setting RC values…
Setting global connections for newly added cells…
[INFO] Setting global connections...
Updating metrics…
Cell type report:                       Count       Area
  Fill cell                                72     270.26
  Tap cell                                133     166.41
  Clock buffer                             10     232.72
  Timing Repair Buffer                     74     436.67
  Inverter                                 77     289.03
  Clock inverter                            6      68.82
  Sequential cell                          72    1801.73
  Multi-Input combinational cell          305    2044.46
  Total                                   749    5310.09
Writing OpenROAD database to '/home/hassan-ul-haq/openlane2/designs/Multiplier/runs/160MHz/36-openroad-resizertimingpostcts/mult.odb'…
Writing netlist to '/home/hassan-ul-haq/openlane2/designs/Multiplier/runs/160MHz/36-openroad-resizertimingpostcts/mult.nl.v'…
Writing powered netlist to '/home/hassan-ul-haq/openlane2/designs/Multiplier/runs/160MHz/36-openroad-resizertimingpostcts/mult.pnl.v'…
Writing layout to '/home/hassan-ul-haq/openlane2/designs/Multiplier/runs/160MHz/36-openroad-resizertimingpostcts/mult.def'…
Writing timing constraints to '/home/hassan-ul-haq/openlane2/designs/Multiplier/runs/160MHz/36-openroad-resizertimingpostcts/mult.sdc'…
