94. Printing statistics.

=== mult ===

   Number of wires:                385
   Number of wire bits:            638
   Number of public wires:          13
   Number of public wire bits:      82
   Number of ports:                  5
   Number of port bits:             34
   Number of memories:               0
   Number of memory bits:            0
   Number of processes:              0
   Number of cells:                456
     $_ANDNOT_                     109
     $_AND_                         69
     $_DFF_PP0_                     64
     $_NAND_                        20
     $_NOR_                         23
     $_NOT_                          8
     $_ORNOT_                       17
     $_OR_                          28
     $_XNOR_                        42
     $_XOR_                         76

   Area for cell type $_NOT_ is unknown!
   Area for cell type $_AND_ is unknown!
   Area for cell type $_NAND_ is unknown!
   Area for cell type $_OR_ is unknown!
   Area for cell type $_NOR_ is unknown!
   Area for cell type $_XOR_ is unknown!
   Area for cell type $_XNOR_ is unknown!
   Area for cell type $_ANDNOT_ is unknown!
   Area for cell type $_ORNOT_ is unknown!
   Area for cell type $_DFF_PP0_ is unknown!

