Clock: clk
Sources: clk 
Generated: no
Virtual: yes
Propagated: no
Period: 8.333000

===========================================================================
report_clock_properties
============================================================================
Clock                   Period          Waveform
----------------------------------------------------
clk                   8.333000    0.000000  4.166500

===========================================================================
report_clock_latency
============================================================================
Clock clk
rise -> rise
    min     max
0.000000 0.000000 source latency
0.404190         network latency _816_/CLK
        0.409368 network latency _811_/CLK
---------------
0.404190 0.409368 latency
        0.005178 skew

fall -> fall
    min     max
0.000000 0.000000 source latency
0.367780         network latency _816_/CLK
        0.371985 network latency _811_/CLK
---------------
0.367780 0.371985 latency
        0.004204 skew



===========================================================================
report_clock_min_period
============================================================================
clk period_min = 3.42 fmax = 292.60
