
===========================================================================
report_checks -unconstrained
===========================================================================
======================= nom_tt_025C_1v80 Corner ===================================

Startpoint: rst (input port clocked by clk)
Endpoint: _827_ (recovery check against rising-edge clock clk)
Path Group: asynchronous
Path Type: max

Fanout         Cap        Slew       Delay        Time   Description
---------------------------------------------------------------------------------------------
                                  0.000000    0.000000   clock clk (rise edge)
                                  0.000000    0.000000   clock network delay (propagated)
                                  1.250000    1.250000 v input external delay
    72    0.355007    0.771175    0.579454    1.829454 v rst (in)
                                                         rst (net)
                      0.771331    0.000000    1.829454 v _755_/A (sky130_fd_sc_hd__inv_2)
     1    0.003670    0.123610    0.179914    2.009368 ^ _755_/Y (sky130_fd_sc_hd__inv_2)
                                                         _115_ (net)
                      0.123610    0.000001    2.009369 ^ _827_/RESET_B (sky130_fd_sc_hd__dfrtp_2)
                                              2.009369   data arrival time

                                  6.250000    6.250000   clock clk (rise edge)
                                  0.000000    6.250000   clock source latency
    72    0.185141    0.828929    0.570501    6.820500 ^ clk (in)
                                                         clk (net)
                      0.828929    0.000000    6.820500 ^ _827_/CLK (sky130_fd_sc_hd__dfrtp_2)
                                 -0.250000    6.570500   clock uncertainty
                                  0.000000    6.570500   clock reconvergence pessimism
                                  0.379252    6.949752   library recovery time
                                              6.949752   data required time
---------------------------------------------------------------------------------------------
                                              6.949752   data required time
                                             -2.009369   data arrival time
---------------------------------------------------------------------------------------------
                                              4.940383   slack (MET)


Startpoint: _822_ (rising edge-triggered flip-flop clocked by clk)
Endpoint: _802_ (rising edge-triggered flip-flop clocked by clk)
Path Group: clk
Path Type: max

Fanout         Cap        Slew       Delay        Time   Description
---------------------------------------------------------------------------------------------
                                  0.000000    0.000000   clock clk (rise edge)
                                  0.000000    0.000000   clock source latency
    72    0.185141    0.828929    0.572283    0.572283 ^ clk (in)
                                                         clk (net)
                      0.828938    0.000000    0.572283 ^ _822_/CLK (sky130_fd_sc_hd__dfrtp_2)
    18    0.061020    0.292561    0.704356    1.276638 ^ _822_/Q (sky130_fd_sc_hd__dfrtp_2)
                                                         a_low[2] (net)
                      0.292561    0.000495    1.277133 ^ _447_/C (sky130_fd_sc_hd__and4_2)
     4    0.010812    0.091562    0.305704    1.582837 ^ _447_/X (sky130_fd_sc_hd__and4_2)
                                                         _181_ (net)
                      0.091562    0.000006    1.582844 ^ _449_/A_N (sky130_fd_sc_hd__and4bb_2)
     3    0.010204    0.060867    0.255446    1.838290 v _449_/X (sky130_fd_sc_hd__and4bb_2)
                                                         _183_ (net)
                      0.060867    0.000004    1.838294 v _464_/B (sky130_fd_sc_hd__or3_2)
     1    0.001680    0.070657    0.434640    2.272934 v _464_/X (sky130_fd_sc_hd__or3_2)
                                                         _197_ (net)
                      0.070657    0.000002    2.272936 v _465_/B (sky130_fd_sc_hd__and2_2)
     2    0.012847    0.058673    0.227197    2.500134 v _465_/X (sky130_fd_sc_hd__and2_2)
                                                         _198_ (net)
                      0.058673    0.000026    2.500159 v _467_/B (sky130_fd_sc_hd__xnor2_2)
     2    0.014318    0.233198    0.210293    2.710452 ^ _467_/Y (sky130_fd_sc_hd__xnor2_2)
                                                         _200_ (net)
                      0.233198    0.000029    2.710481 ^ _469_/A (sky130_fd_sc_hd__nand2_2)
     2    0.004203    0.061507    0.070997    2.781478 v _469_/Y (sky130_fd_sc_hd__nand2_2)
                                                         _202_ (net)
                      0.061507    0.000007    2.781486 v _483_/A1 (sky130_fd_sc_hd__o21ba_2)
     2    0.006051    0.043878    0.222563    3.004049 v _483_/X (sky130_fd_sc_hd__o21ba_2)
                                                         _214_ (net)
                      0.043878    0.000010    3.004059 v _485_/B (sky130_fd_sc_hd__and2_2)
     1    0.004659    0.041608    0.189608    3.193666 v _485_/X (sky130_fd_sc_hd__and2_2)
                                                         _216_ (net)
                      0.041608    0.000013    3.193679 v _486_/B (sky130_fd_sc_hd__nor2_2)
     1    0.003676    0.069265    0.074694    3.268373 ^ _486_/Y (sky130_fd_sc_hd__nor2_2)
                                                         _051_ (net)
                      0.069265    0.000032    3.268405 ^ _802_/D (sky130_fd_sc_hd__dfrtp_2)
                                              3.268405   data arrival time

                                  6.250000    6.250000   clock clk (rise edge)
                                  0.000000    6.250000   clock source latency
    72    0.185141    0.828929    0.571673    6.821673 ^ clk (in)
                                                         clk (net)
                      0.828934    0.000000    6.821673 ^ _802_/CLK (sky130_fd_sc_hd__dfrtp_2)
                                 -0.250000    6.571673   clock uncertainty
                                  0.000000    6.571673   clock reconvergence pessimism
                                  0.011994    6.583667   library setup time
                                              6.583667   data required time
---------------------------------------------------------------------------------------------
                                              6.583667   data required time
                                             -3.268405   data arrival time
---------------------------------------------------------------------------------------------
                                              3.315262   slack (MET)




===========================================================================
report_checks --slack_max -0.01
============================================================================
======================= nom_tt_025C_1v80 Corner ===================================

No paths found.


===========================================================================
 report_check_types -max_slew -max_cap -max_fanout -violators
============================================================================
======================= nom_tt_025C_1v80 Corner ===================================

max slew

Pin                                        Limit        Slew       Slack
------------------------------------------------------------------------
_754_/A                                 0.750000    1.698529   -0.948529 (VIOLATED)
_752_/A                                 0.750000    1.698528   -0.948528 (VIOLATED)
_753_/A                                 0.750000    1.698529   -0.948529 (VIOLATED)
_755_/A                                 0.750000    1.698529   -0.948529 (VIOLATED)
_761_/A                                 0.750000    1.698529   -0.948529 (VIOLATED)
_762_/A                                 0.750000    1.698528   -0.948528 (VIOLATED)
_763_/A                                 0.750000    1.698529   -0.948529 (VIOLATED)
_739_/A                                 0.750000    1.698527   -0.948527 (VIOLATED)
_731_/A                                 0.750000    1.698525   -0.948525 (VIOLATED)
_738_/A                                 0.750000    1.698523   -0.948523 (VIOLATED)
_730_/A                                 0.750000    1.698519   -0.948519 (VIOLATED)
_737_/A                                 0.750000    1.698516   -0.948516 (VIOLATED)
_736_/A                                 0.750000    1.698511   -0.948511 (VIOLATED)
_728_/A                                 0.750000    1.698508   -0.948508 (VIOLATED)
_735_/A                                 0.750000    1.698503   -0.948503 (VIOLATED)
_727_/A                                 0.750000    1.698501   -0.948501 (VIOLATED)
_744_/A                                 0.750000    1.698499   -0.948499 (VIOLATED)
_745_/A                                 0.750000    1.698499   -0.948499 (VIOLATED)
_746_/A                                 0.750000    1.698500   -0.948500 (VIOLATED)
_747_/A                                 0.750000    1.698500   -0.948500 (VIOLATED)
_715_/A                                 0.750000    1.698498   -0.948498 (VIOLATED)
_734_/A                                 0.750000    1.698498   -0.948498 (VIOLATED)
_743_/A                                 0.750000    1.698498   -0.948498 (VIOLATED)
_714_/A                                 0.750000    1.698496   -0.948496 (VIOLATED)
_729_/A                                 0.750000    1.698496   -0.948496 (VIOLATED)
_741_/A                                 0.750000    1.698495   -0.948495 (VIOLATED)
_742_/A                                 0.750000    1.698496   -0.948496 (VIOLATED)
_713_/A                                 0.750000    1.698493   -0.948493 (VIOLATED)
_726_/A                                 0.750000    1.698492   -0.948492 (VIOLATED)
_740_/A                                 0.750000    1.698492   -0.948492 (VIOLATED)
_712_/A                                 0.750000    1.698490   -0.948490 (VIOLATED)
_733_/A                                 0.750000    1.698490   -0.948490 (VIOLATED)
_724_/A                                 0.750000    1.698488   -0.948488 (VIOLATED)
_725_/A                                 0.750000    1.698488   -0.948488 (VIOLATED)
_711_/A                                 0.750000    1.698486   -0.948486 (VIOLATED)
_732_/A                                 0.750000    1.698487   -0.948487 (VIOLATED)
_723_/A                                 0.750000    1.698484   -0.948484 (VIOLATED)
_710_/A                                 0.750000    1.698481   -0.948481 (VIOLATED)
_722_/A                                 0.750000    1.698478   -0.948478 (VIOLATED)
_706_/A                                 0.750000    1.698470   -0.948470 (VIOLATED)
_707_/A                                 0.750000    1.698470   -0.948470 (VIOLATED)
_709_/A                                 0.750000    1.698470   -0.948470 (VIOLATED)
_720_/A                                 0.750000    1.698471   -0.948471 (VIOLATED)
_721_/A                                 0.750000    1.698471   -0.948471 (VIOLATED)
_704_/A                                 0.750000    1.698469   -0.948469 (VIOLATED)
_702_/A                                 0.750000    1.698468   -0.948468 (VIOLATED)
_703_/A                                 0.750000    1.698469   -0.948469 (VIOLATED)
_705_/A                                 0.750000    1.698470   -0.948470 (VIOLATED)
_708_/A                                 0.750000    1.698469   -0.948469 (VIOLATED)
_701_/A                                 0.750000    1.698467   -0.948467 (VIOLATED)
_700_/A                                 0.750000    1.698466   -0.948466 (VIOLATED)
_699_/A                                 0.750000    1.698464   -0.948464 (VIOLATED)
_698_/A                                 0.750000    1.698462   -0.948462 (VIOLATED)
_697_/A                                 0.750000    1.698456   -0.948456 (VIOLATED)
_750_/A                                 0.750000    1.698454   -0.948454 (VIOLATED)
_751_/A                                 0.750000    1.698454   -0.948454 (VIOLATED)
_758_/A                                 0.750000    1.698455   -0.948455 (VIOLATED)
_757_/A                                 0.750000    1.698454   -0.948454 (VIOLATED)
_759_/A                                 0.750000    1.698454   -0.948455 (VIOLATED)
_760_/A                                 0.750000    1.698455   -0.948455 (VIOLATED)
_382_/A                                 0.750000    1.698451   -0.948451 (VIOLATED)
_696_/A                                 0.750000    1.698451   -0.948451 (VIOLATED)
_716_/A                                 0.750000    1.698452   -0.948452 (VIOLATED)
_748_/A                                 0.750000    1.698452   -0.948452 (VIOLATED)
_749_/A                                 0.750000    1.698452   -0.948452 (VIOLATED)
_756_/A                                 0.750000    1.698452   -0.948452 (VIOLATED)
_693_/A                                 0.750000    1.698449   -0.948449 (VIOLATED)
_717_/A                                 0.750000    1.698450   -0.948450 (VIOLATED)
_718_/A                                 0.750000    1.698449   -0.948449 (VIOLATED)
_694_/A                                 0.750000    1.698448   -0.948448 (VIOLATED)
_719_/A                                 0.750000    1.698448   -0.948448 (VIOLATED)
_695_/A                                 0.750000    1.698447   -0.948447 (VIOLATED)
rst                                     0.750000    1.698445   -0.948445 (VIOLATED)
_766_/CLK                               0.750000    0.828944   -0.078944 (VIOLATED)
_767_/CLK                               0.750000    0.828944   -0.078944 (VIOLATED)
_791_/CLK                               0.750000    0.828944   -0.078944 (VIOLATED)
_790_/CLK                               0.750000    0.828944   -0.078944 (VIOLATED)
_765_/CLK                               0.750000    0.828944   -0.078944 (VIOLATED)
_789_/CLK                               0.750000    0.828943   -0.078943 (VIOLATED)
_764_/CLK                               0.750000    0.828943   -0.078943 (VIOLATED)
_788_/CLK                               0.750000    0.828942   -0.078942 (VIOLATED)
_820_/CLK                               0.750000    0.828942   -0.078942 (VIOLATED)
_821_/CLK                               0.750000    0.828942   -0.078942 (VIOLATED)
_768_/CLK                               0.750000    0.828941   -0.078941 (VIOLATED)
_769_/CLK                               0.750000    0.828941   -0.078941 (VIOLATED)
_828_/CLK                               0.750000    0.828941   -0.078941 (VIOLATED)
_780_/CLK                               0.750000    0.828941   -0.078941 (VIOLATED)
_781_/CLK                               0.750000    0.828941   -0.078941 (VIOLATED)
_770_/CLK                               0.750000    0.828941   -0.078941 (VIOLATED)
_794_/CLK                               0.750000    0.828941   -0.078941 (VIOLATED)
_782_/CLK                               0.750000    0.828941   -0.078941 (VIOLATED)
_771_/CLK                               0.750000    0.828941   -0.078941 (VIOLATED)
_795_/CLK                               0.750000    0.828941   -0.078941 (VIOLATED)
_783_/CLK                               0.750000    0.828940   -0.078940 (VIOLATED)
_772_/CLK                               0.750000    0.828940   -0.078940 (VIOLATED)
_773_/CLK                               0.750000    0.828940   -0.078940 (VIOLATED)
_784_/CLK                               0.750000    0.828940   -0.078940 (VIOLATED)
_812_/CLK                               0.750000    0.828939   -0.078939 (VIOLATED)
_774_/CLK                               0.750000    0.828939   -0.078939 (VIOLATED)
_785_/CLK                               0.750000    0.828939   -0.078939 (VIOLATED)
_792_/CLK                               0.750000    0.828939   -0.078939 (VIOLATED)
_793_/CLK                               0.750000    0.828939   -0.078939 (VIOLATED)
_775_/CLK                               0.750000    0.828939   -0.078939 (VIOLATED)
_796_/CLK                               0.750000    0.828939   -0.078939 (VIOLATED)
_823_/CLK                               0.750000    0.828939   -0.078939 (VIOLATED)
_797_/CLK                               0.750000    0.828939   -0.078939 (VIOLATED)
_813_/CLK                               0.750000    0.828939   -0.078939 (VIOLATED)
_822_/CLK                               0.750000    0.828938   -0.078938 (VIOLATED)
_829_/CLK                               0.750000    0.828938   -0.078938 (VIOLATED)
_776_/CLK                               0.750000    0.828938   -0.078938 (VIOLATED)
_798_/CLK                               0.750000    0.828938   -0.078938 (VIOLATED)
_831_/CLK                               0.750000    0.828938   -0.078938 (VIOLATED)
_786_/CLK                               0.750000    0.828938   -0.078938 (VIOLATED)
_804_/CLK                               0.750000    0.828938   -0.078938 (VIOLATED)
_805_/CLK                               0.750000    0.828938   -0.078938 (VIOLATED)
_777_/CLK                               0.750000    0.828938   -0.078938 (VIOLATED)
_806_/CLK                               0.750000    0.828938   -0.078938 (VIOLATED)
_814_/CLK                               0.750000    0.828938   -0.078938 (VIOLATED)
_799_/CLK                               0.750000    0.828938   -0.078938 (VIOLATED)
_787_/CLK                               0.750000    0.828937   -0.078937 (VIOLATED)
_807_/CLK                               0.750000    0.828937   -0.078937 (VIOLATED)
_815_/CLK                               0.750000    0.828937   -0.078937 (VIOLATED)
_832_/CLK                               0.750000    0.828937   -0.078937 (VIOLATED)
_778_/CLK                               0.750000    0.828937   -0.078937 (VIOLATED)
_800_/CLK                               0.750000    0.828936   -0.078936 (VIOLATED)
_779_/CLK                               0.750000    0.828936   -0.078936 (VIOLATED)
_816_/CLK                               0.750000    0.828936   -0.078936 (VIOLATED)
_808_/CLK                               0.750000    0.828936   -0.078936 (VIOLATED)
_817_/CLK                               0.750000    0.828936   -0.078936 (VIOLATED)
_830_/CLK                               0.750000    0.828936   -0.078936 (VIOLATED)
_801_/CLK                               0.750000    0.828936   -0.078936 (VIOLATED)
_819_/CLK                               0.750000    0.828935   -0.078935 (VIOLATED)
_809_/CLK                               0.750000    0.828935   -0.078935 (VIOLATED)
_802_/CLK                               0.750000    0.828934   -0.078934 (VIOLATED)
_818_/CLK                               0.750000    0.828934   -0.078934 (VIOLATED)
_810_/CLK                               0.750000    0.828933   -0.078933 (VIOLATED)
_803_/CLK                               0.750000    0.828933   -0.078933 (VIOLATED)
_811_/CLK                               0.750000    0.828932   -0.078932 (VIOLATED)
_824_/CLK                               0.750000    0.828931   -0.078931 (VIOLATED)
_835_/CLK                               0.750000    0.828930   -0.078930 (VIOLATED)
clk                                     0.750000    0.828929   -0.078929 (VIOLATED)
_825_/CLK                               0.750000    0.828929   -0.078929 (VIOLATED)
_826_/CLK                               0.750000    0.828929   -0.078929 (VIOLATED)
_827_/CLK                               0.750000    0.828929   -0.078929 (VIOLATED)
_833_/CLK                               0.750000    0.828929   -0.078929 (VIOLATED)
_834_/CLK                               0.750000    0.828929   -0.078929 (VIOLATED)

max fanout

Pin                                   Limit Fanout  Slack
---------------------------------------------------------
clk                                      10     72    -62 (VIOLATED)
rst                                      10     72    -62 (VIOLATED)
_822_/Q                                  10     18     -8 (VIOLATED)
_826_/Q                                  10     18     -8 (VIOLATED)
_829_/Q                                  10     17     -7 (VIOLATED)
_830_/Q                                  10     17     -7 (VIOLATED)
_823_/Q                                  10     16     -6 (VIOLATED)
_831_/Q                                  10     16     -6 (VIOLATED)
_833_/Q                                  10     16     -6 (VIOLATED)
_835_/Q                                  10     16     -6 (VIOLATED)
_825_/Q                                  10     15     -5 (VIOLATED)
_821_/Q                                  10     14     -4 (VIOLATED)
_834_/Q                                  10     14     -4 (VIOLATED)
_824_/Q                                  10     13     -3 (VIOLATED)
_827_/Q                                  10     13     -3 (VIOLATED)
_820_/Q                                  10     12     -2 (VIOLATED)
_832_/Q                                  10     12     -2 (VIOLATED)
_828_/Q                                  10     11        (VIOLATED)

max capacitance

Pin                                        Limit         Cap       Slack
------------------------------------------------------------------------
rst                                     0.200000    0.381359   -0.181359 (VIOLATED)



===========================================================================
report_parasitic_annotation -report_unannotated
============================================================================
Found 0 unannotated drivers.
Found 0 partially unannotated drivers.

===========================================================================
max slew violation count 146
Writing metric design__max_slew_violation__count__corner:nom_tt_025C_1v80: 146
max fanout violation count 18
Writing metric design__max_fanout_violation__count__corner:nom_tt_025C_1v80: 18
max cap violation count 1
Writing metric design__max_cap_violation__count__corner:nom_tt_025C_1v80: 1
============================================================================

===========================================================================
check_setup -verbose -unconstrained_endpoints -multiple_clock -no_clock -no_input_delay -loops -generated_clocks
===========================================================================
