Clock: clk
Sources: clk 
Generated: no
Virtual: yes
Propagated: no
Period: 6.250000

===========================================================================
report_clock_properties
============================================================================
Clock                   Period          Waveform
----------------------------------------------------
clk                   6.250000    0.000000  3.125000

===========================================================================
report_clock_latency
============================================================================
Clock clk
rise -> rise
    min     max
0.000000 0.000000 source latency
0.570329         network latency _826_/CLK
        0.572927 network latency _767_/CLK
---------------
0.570329 0.572927 latency
        0.002598 skew

fall -> fall
    min     max
0.000000 0.000000 source latency
0.280509         network latency _826_/CLK
        0.282953 network latency _767_/CLK
---------------
0.280509 0.282953 latency
        0.002444 skew



===========================================================================
report_clock_min_period
============================================================================
clk period_min = 2.93 fmax = 340.75
