Reading OpenROAD database at '/home/hassan-ul-haq/openlane2/designs/Multiplier/runs/200MHz/24-openroad-ioplacement/mult.odb'…
Reading library file at '/home/hassan-ul-haq/.volare/volare/sky130/versions/0fe599b2afb6708d281543108caf8310912f54af/sky130A/libs.ref/sky130_fd_sc_hd/lib/sky130_fd_sc_hd__tt_025C_1v80.lib'…
Reading design constraints file at '/nix/store/ss2cw3sxbrwwx9jl0rrppbw4kgcmgi2n-python3-3.11.9-env/lib/python3.11/site-packages/openlane/scripts/base.sdc'…
[INFO] Using clock clk…
[INFO] Setting output delay to: 1
[INFO] Setting input delay to: 1
[INFO] Setting load to: 0.033442
[INFO] Setting clock uncertainty to: 0.25
[INFO] Setting clock transition to: 0.1499999999999999944488848768742172978818416595458984375
[INFO] Setting timing derate to: 5%
[INFO] Setting RC values…
[INFO] Setting signal min routing layer to: met1 and clock min routing layer to met1. 
[INFO] Setting signal max routing layer to: met5 and clock max routing layer to met5. 
+ global_placement -density 0.632238 -timing_driven -routability_driven -pad_right 0 -pad_left 0 -init_wirelength_coef 0.25
[INFO GPL-0002] DBU: 1000
[INFO GPL-0003] SiteSize: (  0.460  2.720 ) um
[INFO GPL-0004] CoreBBox: (  5.520 10.880 ) ( 105.800 108.800 ) um
[INFO GPL-0006] NumInstances:               659
[INFO GPL-0007] NumPlaceInstances:          454
[INFO GPL-0008] NumFixedInstances:          205
[INFO GPL-0009] NumDummyInstances:            0
[INFO GPL-0010] NumNets:                    472
[INFO GPL-0011] NumPins:                   1581
[INFO GPL-0012] DieBBox:  (  0.000  0.000 ) ( 111.635 122.355 ) um
[INFO GPL-0013] CoreBBox: (  5.520 10.880 ) ( 105.800 108.800 ) um
[INFO GPL-0016] CoreArea:              9819.418 um^2
[INFO GPL-0017] NonPlaceInstsArea:      436.669 um^2
[INFO GPL-0018] PlaceInstsArea:        5059.853 um^2
[INFO GPL-0019] Util:                    53.927 %
[INFO GPL-0020] StdInstsArea:          5059.853 um^2
[INFO GPL-0021] MacroInstsArea:           0.000 um^2
[InitialPlace]  Iter: 1 CG residual: 0.00000008 HPWL: 8843340
[InitialPlace]  Iter: 2 CG residual: 0.00000011 HPWL: 7322294
[InitialPlace]  Iter: 3 CG residual: 0.00000010 HPWL: 7356403
[InitialPlace]  Iter: 4 CG residual: 0.00000010 HPWL: 7381075
[InitialPlace]  Iter: 5 CG residual: 0.00000009 HPWL: 7383925
[INFO GPL-0031] FillerInit:NumGCells:       535
[INFO GPL-0032] FillerInit:NumGNets:        472
[INFO GPL-0033] FillerInit:NumGPins:       1581
[INFO GPL-0023] TargetDensity:            0.632
[INFO GPL-0024] AvrgPlaceInstArea:       11.145 um^2
[INFO GPL-0025] IdealBinArea:            17.628 um^2
[INFO GPL-0026] IdealBinCnt:                557
[INFO GPL-0027] TotalBinArea:          9819.418 um^2
[INFO GPL-0028] BinCnt:        16     16
[INFO GPL-0029] BinSize: (  6.268  6.120 )
[INFO GPL-0030] NumBins: 256
[NesterovSolve] Iter:    1 overflow: 0.702 HPWL: 3353979
[INFO GPL-0100] Timing-driven: executing resizer for reweighting nets.
[INFO GPL-0101] Timing-driven: worst slack 2.36e-09
[INFO GPL-0103] Timing-driven: weighted 46 nets.
[INFO GPL-0100] Timing-driven: executing resizer for reweighting nets.
[INFO GPL-0101] Timing-driven: worst slack 2.32e-09
[INFO GPL-0103] Timing-driven: weighted 47 nets.
[NesterovSolve] Iter:   10 overflow: 0.608 HPWL: 3283340
[NesterovSolve] Snapshot saved at iter = 10
[NesterovSolve] Iter:   20 overflow: 0.555 HPWL: 3370155
[NesterovSolve] Iter:   30 overflow: 0.542 HPWL: 3383000
[NesterovSolve] Iter:   40 overflow: 0.542 HPWL: 3373649
[NesterovSolve] Iter:   50 overflow: 0.545 HPWL: 3361267
[NesterovSolve] Iter:   60 overflow: 0.546 HPWL: 3356857
[NesterovSolve] Iter:   70 overflow: 0.545 HPWL: 3359099
[NesterovSolve] Iter:   80 overflow: 0.543 HPWL: 3360805
[NesterovSolve] Iter:   90 overflow: 0.543 HPWL: 3361186
[NesterovSolve] Iter:  100 overflow: 0.543 HPWL: 3361939
[NesterovSolve] Iter:  110 overflow: 0.543 HPWL: 3363943
[NesterovSolve] Iter:  120 overflow: 0.542 HPWL: 3367002
[NesterovSolve] Iter:  130 overflow: 0.541 HPWL: 3371459
[NesterovSolve] Iter:  140 overflow: 0.538 HPWL: 3378250
[NesterovSolve] Iter:  150 overflow: 0.534 HPWL: 3388656
[NesterovSolve] Iter:  160 overflow: 0.528 HPWL: 3405823
[NesterovSolve] Iter:  170 overflow: 0.517 HPWL: 3431759
[NesterovSolve] Iter:  180 overflow: 0.500 HPWL: 3466782
[INFO GPL-0100] Timing-driven: executing resizer for reweighting nets.
[INFO GPL-0101] Timing-driven: worst slack 2.33e-09
[INFO GPL-0103] Timing-driven: weighted 47 nets.
[NesterovSolve] Iter:  190 overflow: 0.479 HPWL: 3515441
[NesterovSolve] Iter:  200 overflow: 0.456 HPWL: 3565946
[NesterovSolve] Iter:  210 overflow: 0.427 HPWL: 3640660
[NesterovSolve] Iter:  220 overflow: 0.393 HPWL: 3704199
[NesterovSolve] Iter:  230 overflow: 0.357 HPWL: 3744469
[NesterovSolve] Iter:  240 overflow: 0.319 HPWL: 3780257
[NesterovSolve] Iter:  250 overflow: 0.302 HPWL: 3824682
[INFO GPL-0075] Routability numCall: 1 inflationIterCnt: 1 bloatIterCnt: 0
[INFO GPL-0036] TileBBox: (    0    0 ) ( 6900 6900 ) DBU
[INFO GPL-0038] TileCnt:      16   17
[INFO GPL-0040] NumTiles: 272
[INFO GPL-0081] TotalRouteOverflow: 0
[INFO GPL-0082] OverflowTileCnt: 0
[INFO GPL-0083] 0.5%RC: 0.7982069551944733
[INFO GPL-0084] 1.0%RC: 0.7767897446950277
[INFO GPL-0085] 2.0%RC: 0.7458859384059906
[INFO GPL-0086] 5.0%RC: 0.7013383890901294
[INFO GPL-0087] FinalRC: 0.78749835
[INFO GPL-0077] FinalRC lower than targetRC(1.01), routability not needed.
[INFO GPL-0100] Timing-driven: executing resizer for reweighting nets.
[INFO GPL-0101] Timing-driven: worst slack 2.31e-09
[INFO GPL-0103] Timing-driven: weighted 45 nets.
[NesterovSolve] Iter:  260 overflow: 0.275 HPWL: 3886876
[NesterovSolve] Iter:  270 overflow: 0.249 HPWL: 3919245
[NesterovSolve] Iter:  280 overflow: 0.229 HPWL: 3975655
[NesterovSolve] Iter:  290 overflow: 0.201 HPWL: 4013576
[INFO GPL-0100] Timing-driven: executing resizer for reweighting nets.
[INFO GPL-0101] Timing-driven: worst slack 2.31e-09
[INFO GPL-0103] Timing-driven: weighted 43 nets.
[NesterovSolve] Iter:  300 overflow: 0.178 HPWL: 4052866
[NesterovSolve] Iter:  310 overflow: 0.158 HPWL: 4102954
[INFO GPL-0100] Timing-driven: executing resizer for reweighting nets.
[INFO GPL-0101] Timing-driven: worst slack 2.32e-09
[INFO GPL-0103] Timing-driven: weighted 47 nets.
[NesterovSolve] Iter:  320 overflow: 0.141 HPWL: 4151578
[NesterovSolve] Iter:  330 overflow: 0.125 HPWL: 4181515
[NesterovSolve] Iter:  340 overflow: 0.103 HPWL: 4210531
[NesterovSolve] Finished with Overflow: 0.099093
[INFO] Setting RC values…
Setting global connections for newly added cells…
[INFO] Setting global connections...
Updating metrics…
Cell type report:                       Count       Area
  Fill cell                                72     270.26
  Tap cell                                133     166.41
  Inverter                                 77     289.03
  Sequential cell                          72    1891.81
  Multi-Input combinational cell          305    2879.01
  Total                                   659    5496.52
Writing OpenROAD database to '/home/hassan-ul-haq/openlane2/designs/Multiplier/runs/200MHz/27-openroad-globalplacement/mult.odb'…
Writing netlist to '/home/hassan-ul-haq/openlane2/designs/Multiplier/runs/200MHz/27-openroad-globalplacement/mult.nl.v'…
Writing powered netlist to '/home/hassan-ul-haq/openlane2/designs/Multiplier/runs/200MHz/27-openroad-globalplacement/mult.pnl.v'…
Writing layout to '/home/hassan-ul-haq/openlane2/designs/Multiplier/runs/200MHz/27-openroad-globalplacement/mult.def'…
Writing timing constraints to '/home/hassan-ul-haq/openlane2/designs/Multiplier/runs/200MHz/27-openroad-globalplacement/mult.sdc'…
