Clock: clk
Sources: clk 
Generated: no
Virtual: yes
Propagated: no
Period: 12.500000

===========================================================================
report_clock_properties
============================================================================
Clock                   Period          Waveform
----------------------------------------------------
clk                  12.500000    0.000000  6.250000

===========================================================================
report_clock_latency
============================================================================
Clock clk
rise -> rise
    min     max
0.000000 0.000000 source latency
0.343809         network latency _659_/CLK
        0.348701 network latency _664_/CLK
---------------
0.343809 0.348701 latency
        0.004892 skew

fall -> fall
    min     max
0.000000 0.000000 source latency
0.329413         network latency _659_/CLK
        0.333026 network latency _664_/CLK
---------------
0.329413 0.333026 latency
        0.003613 skew



===========================================================================
report_clock_min_period
============================================================================
clk period_min = 4.45 fmax = 224.66
