
===========================================================================
report_checks -unconstrained
===========================================================================
======================= nom_tt_025C_1v80 Corner ===================================

Startpoint: rst (input port clocked by clk)
Endpoint: _800_ (recovery check against rising-edge clock clk)
Path Group: asynchronous
Path Type: max

Fanout         Cap        Slew       Delay        Time   Description
---------------------------------------------------------------------------------------------
                                  0.000000    0.000000   clock clk (rise edge)
                                  0.000000    0.000000   clock network delay (propagated)
                                  1.250000    1.250000 v input external delay
     1    0.002428    0.007768    0.003806    1.253806 v rst (in)
                                                         rst (net)
                      0.007768    0.000000    1.253806 v input17/A (sky130_fd_sc_hd__buf_1)
     2    0.015303    0.093973    0.126651    1.380456 v input17/X (sky130_fd_sc_hd__buf_1)
                                                         net17 (net)
                      0.093973    0.000312    1.380768 v fanout67/A (sky130_fd_sc_hd__buf_2)
     6    0.031451    0.083801    0.196242    1.577010 v fanout67/X (sky130_fd_sc_hd__buf_2)
                                                         net67 (net)
                      0.083860    0.002016    1.579026 v fanout66/A (sky130_fd_sc_hd__buf_2)
     6    0.040265    0.099384    0.207561    1.786587 v fanout66/X (sky130_fd_sc_hd__buf_2)
                                                         net66 (net)
                      0.099389    0.000861    1.787448 v fanout64/A (sky130_fd_sc_hd__buf_4)
    10    0.053880    0.078437    0.212975    2.000423 v fanout64/X (sky130_fd_sc_hd__buf_4)
                                                         net64 (net)
                      0.078470    0.001542    2.001965 v _728_/A (sky130_fd_sc_hd__inv_2)
     1    0.003952    0.032955    0.056862    2.058827 ^ _728_/Y (sky130_fd_sc_hd__inv_2)
                                                         _088_ (net)
                      0.032955    0.000044    2.058871 ^ _800_/RESET_B (sky130_fd_sc_hd__dfrtp_1)
                                              2.058871   data arrival time

                                  6.250000    6.250000   clock clk (rise edge)
                                  0.000000    6.250000   clock source latency
     1    0.018924    0.090695    0.062893    6.312892 ^ clk (in)
                                                         clk (net)
                      0.090732    0.000000    6.312892 ^ clkbuf_0_clk/A (sky130_fd_sc_hd__clkbuf_16)
     8    0.081834    0.098451    0.188817    6.501710 ^ clkbuf_0_clk/X (sky130_fd_sc_hd__clkbuf_16)
                                                         clknet_0_clk (net)
                      0.098502    0.002072    6.503782 ^ clkbuf_3_4__f_clk/A (sky130_fd_sc_hd__clkbuf_16)
     8    0.031732    0.052533    0.155184    6.658966 ^ clkbuf_3_4__f_clk/X (sky130_fd_sc_hd__clkbuf_16)
                                                         clknet_3_4__leaf_clk (net)
                      0.052539    0.001005    6.659971 ^ _800_/CLK (sky130_fd_sc_hd__dfrtp_1)
                                 -0.250000    6.409971   clock uncertainty
                                  0.000000    6.409971   clock reconvergence pessimism
                                  0.235758    6.645730   library recovery time
                                              6.645730   data required time
---------------------------------------------------------------------------------------------
                                              6.645730   data required time
                                             -2.058871   data arrival time
---------------------------------------------------------------------------------------------
                                              4.586859   slack (MET)


Startpoint: _832_ (rising edge-triggered flip-flop clocked by clk)
Endpoint: _802_ (rising edge-triggered flip-flop clocked by clk)
Path Group: clk
Path Type: max

Fanout         Cap        Slew       Delay        Time   Description
---------------------------------------------------------------------------------------------
                                  0.000000    0.000000   clock clk (rise edge)
                                  0.000000    0.000000   clock source latency
     1    0.018924    0.090695    0.062893    0.062893 ^ clk (in)
                                                         clk (net)
                      0.090732    0.000000    0.062893 ^ clkbuf_0_clk/A (sky130_fd_sc_hd__clkbuf_16)
     8    0.081834    0.098451    0.188817    0.251710 ^ clkbuf_0_clk/X (sky130_fd_sc_hd__clkbuf_16)
                                                         clknet_0_clk (net)
                      0.098500    0.002029    0.253740 ^ clkbuf_3_1__f_clk/A (sky130_fd_sc_hd__clkbuf_16)
     9    0.035493    0.055682    0.157744    0.411484 ^ clkbuf_3_1__f_clk/X (sky130_fd_sc_hd__clkbuf_16)
                                                         clknet_3_1__leaf_clk (net)
                      0.055809    0.001988    0.413472 ^ _832_/CLK (sky130_fd_sc_hd__dfrtp_1)
     3    0.019905    0.181839    0.426692    0.840163 ^ _832_/Q (sky130_fd_sc_hd__dfrtp_1)
                                                         b_high[0] (net)
                      0.181839    0.000427    0.840590 ^ fanout39/A (sky130_fd_sc_hd__buf_2)
    10    0.040750    0.200212    0.262735    1.103325 ^ fanout39/X (sky130_fd_sc_hd__buf_2)
                                                         net39 (net)
                      0.200212    0.000448    1.103774 ^ _447_/A (sky130_fd_sc_hd__and4_1)
     4    0.011187    0.125464    0.269386    1.373160 ^ _447_/X (sky130_fd_sc_hd__and4_1)
                                                         _181_ (net)
                      0.125464    0.000213    1.373373 ^ _449_/A_N (sky130_fd_sc_hd__and4bb_1)
     3    0.008567    0.064944    0.224985    1.598358 v _449_/X (sky130_fd_sc_hd__and4bb_1)
                                                         _183_ (net)
                      0.064944    0.000100    1.598458 v _464_/B (sky130_fd_sc_hd__or3_1)
     1    0.002454    0.062275    0.340502    1.938960 v _464_/X (sky130_fd_sc_hd__or3_1)
                                                         _197_ (net)
                      0.062275    0.000069    1.939029 v _465_/B (sky130_fd_sc_hd__and2_1)
     2    0.007338    0.054074    0.179182    2.118212 v _465_/X (sky130_fd_sc_hd__and2_1)
                                                         _198_ (net)
                      0.054074    0.000193    2.118404 v _467_/B (sky130_fd_sc_hd__xnor2_1)
     2    0.008234    0.220996    0.211841    2.330245 ^ _467_/Y (sky130_fd_sc_hd__xnor2_1)
                                                         _200_ (net)
                      0.220996    0.000216    2.330462 ^ _469_/A (sky130_fd_sc_hd__nand2_1)
     2    0.005647    0.078394    0.101972    2.432433 v _469_/Y (sky130_fd_sc_hd__nand2_1)
                                                         _202_ (net)
                      0.078394    0.000162    2.432596 v _483_/A1 (sky130_fd_sc_hd__o21ba_1)
     2    0.004307    0.042057    0.197788    2.630384 v _483_/X (sky130_fd_sc_hd__o21ba_1)
                                                         _214_ (net)
                      0.042057    0.000062    2.630446 v _485_/B (sky130_fd_sc_hd__and2_1)
     1    0.002958    0.035760    0.149637    2.780083 v _485_/X (sky130_fd_sc_hd__and2_1)
                                                         _216_ (net)
                      0.035760    0.000085    2.780168 v _486_/B (sky130_fd_sc_hd__nor2_1)
     1    0.004972    0.110878    0.105211    2.885379 ^ _486_/Y (sky130_fd_sc_hd__nor2_1)
                                                         _051_ (net)
                      0.110914    0.000193    2.885572 ^ _802_/D (sky130_fd_sc_hd__dfrtp_1)
                                              2.885572   data arrival time

                                  6.250000    6.250000   clock clk (rise edge)
                                  0.000000    6.250000   clock source latency
     1    0.018924    0.090695    0.062893    6.312892 ^ clk (in)
                                                         clk (net)
                      0.090732    0.000000    6.312892 ^ clkbuf_0_clk/A (sky130_fd_sc_hd__clkbuf_16)
     8    0.081834    0.098451    0.188817    6.501710 ^ clkbuf_0_clk/X (sky130_fd_sc_hd__clkbuf_16)
                                                         clknet_0_clk (net)
                      0.098502    0.002072    6.503782 ^ clkbuf_3_4__f_clk/A (sky130_fd_sc_hd__clkbuf_16)
     8    0.031732    0.052533    0.155184    6.658966 ^ clkbuf_3_4__f_clk/X (sky130_fd_sc_hd__clkbuf_16)
                                                         clknet_3_4__leaf_clk (net)
                      0.052535    0.000625    6.659591 ^ _802_/CLK (sky130_fd_sc_hd__dfrtp_1)
                                 -0.250000    6.409591   clock uncertainty
                                  0.000000    6.409591   clock reconvergence pessimism
                                 -0.073892    6.335700   library setup time
                                              6.335700   data required time
---------------------------------------------------------------------------------------------
                                              6.335700   data required time
                                             -2.885572   data arrival time
---------------------------------------------------------------------------------------------
                                              3.450128   slack (MET)




===========================================================================
report_checks --slack_max -0.01
============================================================================
======================= nom_tt_025C_1v80 Corner ===================================

No paths found.


===========================================================================
 report_check_types -max_slew -max_cap -max_fanout -violators
============================================================================
======================= nom_tt_025C_1v80 Corner ===================================

max fanout

Pin                                   Limit Fanout  Slack
---------------------------------------------------------
clkbuf_3_2__f_clk/X                      10     13     -3 (VIOLATED)
clkbuf_3_7__f_clk/X                      10     13     -3 (VIOLATED)
clkbuf_3_6__f_clk/X                      10     11        (VIOLATED)



===========================================================================
report_parasitic_annotation -report_unannotated
============================================================================
Found 7 unannotated drivers.
 clkload0/Y
 clkload1/Y
 clkload2/X
 clkload3/Y
 clkload4/Y
 clkload5/Y
 clkload6/Y
Found 0 partially unannotated drivers.

===========================================================================
max slew violation count 0
max fanout violation count 3
max cap violation count 0
============================================================================

===========================================================================
check_setup -verbose -unconstrained_endpoints -multiple_clock -no_clock -no_input_delay -loops -generated_clocks
===========================================================================
