Clock: clk
Sources: clk 
Generated: no
Virtual: yes
Propagated: no
Period: 6.250000

===========================================================================
report_clock_properties
============================================================================
Clock                   Period          Waveform
----------------------------------------------------
clk                   6.250000    0.000000  3.125000

===========================================================================
report_clock_latency
============================================================================
Clock clk
rise -> rise
    min     max
0.000000 0.000000 source latency
0.411829         network latency _806_/CLK
        0.417911 network latency _811_/CLK
---------------
0.411829 0.417911 latency
        0.006083 skew

fall -> fall
    min     max
0.000000 0.000000 source latency
0.372749         network latency _806_/CLK
        0.377599 network latency _811_/CLK
---------------
0.372749 0.377599 latency
        0.004850 skew



===========================================================================
report_clock_min_period
============================================================================
clk period_min = 3.35 fmax = 298.88
