Clock: clk
Sources: clk 
Generated: no
Virtual: no
Propagated: no
Period: 5.000000

===========================================================================
report_clock_properties
============================================================================
Clock                   Period          Waveform
----------------------------------------------------
clk                   5.000000    0.000000  2.500000

===========================================================================
report_clock_latency
============================================================================
Clock clk
rise -> rise
    min     max
0.000000 0.000000 source latency
0.729094         network latency _0894_/CLK
        0.729094 network latency _0894_/CLK
---------------
0.729094 0.729094 latency
        0.000000 skew

fall -> fall
    min     max
0.000000 0.000000 source latency
0.320055         network latency _0894_/CLK
        0.320055 network latency _0894_/CLK
---------------
0.320055 0.320055 latency
        0.000000 skew



===========================================================================
report_clock_min_period
============================================================================
clk period_min = 1.68 fmax = 595.95
