
 /----------------------------------------------------------------------------\
 |  yosys -- Yosys Open SYnthesis Suite                                       |
 |  Copyright (C) 2012 - 2024  Claire Xenia Wolf <claire@yosyshq.com>         |
 |  Distributed under an ISC-like license, type "license" to see terms        |
 \----------------------------------------------------------------------------/
 Yosys 0.46 (git sha1 e97731b9dda91fa5fa53ed87df7c34163ba59a41, clang++ 17.0.6 -fPIC -O3)
Loaded SDC plugin

1. Executing Liberty frontend: /home/hassan-ul-haq/.volare/volare/sky130/versions/0fe599b2afb6708d281543108caf8310912f54af/sky130A/libs.ref/sky130_fd_sc_hd/lib/sky130_fd_sc_hd__tt_025C_1v80.lib
Imported 428 cell types from liberty file.
[INFO] Using SDC file '/home/hassan-ul-haq/openlane2/designs/Multiplier/runs/80MHz/06-yosys-synthesis/synthesis.abc.sdc' for ABC…

2. Executing Verilog-2005 frontend: mult.v
Parsing SystemVerilog input from `mult.v' to AST representation.
Storing AST representation for module `$abstract\mult'.
Successfully finished Verilog frontend.

3. Executing HIERARCHY pass (managing design hierarchy).

4. Executing AST frontend in derive mode using pre-parsed AST for module `\mult'.
Generating RTLIL representation for module `\mult'.

4.1. Analyzing design hierarchy..
Top module:  \mult

4.2. Analyzing design hierarchy..
Top module:  \mult
Removing unused module `$abstract\mult'.
Removed 1 unused modules.
Renaming module mult to mult.

5. Generating Graphviz representation of design.
Writing dot description to `/home/hassan-ul-haq/openlane2/designs/Multiplier/runs/80MHz/06-yosys-synthesis/hierarchy.dot'.
Dumping module mult to page 1.

6. Executing TRIBUF pass.

7. Executing HIERARCHY pass (managing design hierarchy).

7.1. Analyzing design hierarchy..
Top module:  \mult

7.2. Analyzing design hierarchy..
Top module:  \mult
Removed 0 unused modules.

8. Executing PROC_CLEAN pass (remove empty switches from decision trees).
Cleaned up 0 empty switches.

9. Executing PROC_RMDEAD pass (remove dead branches from decision trees).
Marked 1 switch rules as full_case in process $proc$mult.v:24$3 in module mult.
Marked 1 switch rules as full_case in process $proc$mult.v:12$1 in module mult.
Removed a total of 0 dead cases.

10. Executing PROC_PRUNE pass (remove redundant assignments in processes).
Removed 3 redundant assignments.
Promoted 0 assignments to connections.

11. Executing PROC_INIT pass (extract init attributes).

12. Executing PROC_ARST pass (detect async resets in processes).
Found async reset \rst in `\mult.$proc$mult.v:24$3'.
Found async reset \rst in `\mult.$proc$mult.v:12$1'.

13. Executing PROC_ROM pass (convert switches to ROMs).
Converted 0 switches.

14. Executing PROC_MUX pass (convert decision trees to multiplexers).
Creating decoders for process `\mult.$proc$mult.v:24$3'.
     1/1: $0\product[15:0]
Creating decoders for process `\mult.$proc$mult.v:12$1'.
     1/2: $0\b_reg[7:0]
     2/2: $0\a_reg[7:0]

15. Executing PROC_DLATCH pass (convert process syncs to latches).

16. Executing PROC_DFF pass (convert process syncs to FFs).
Creating register for signal `\mult.\product' using process `\mult.$proc$mult.v:24$3'.
  created $adff cell `$procdff$6' with positive edge clock and positive level reset.
Creating register for signal `\mult.\a_reg' using process `\mult.$proc$mult.v:12$1'.
  created $adff cell `$procdff$9' with positive edge clock and positive level reset.
Creating register for signal `\mult.\b_reg' using process `\mult.$proc$mult.v:12$1'.
  created $adff cell `$procdff$12' with positive edge clock and positive level reset.

17. Executing PROC_MEMWR pass (convert process memory writes to cells).

18. Executing PROC_CLEAN pass (remove empty switches from decision trees).
Removing empty process `mult.$proc$mult.v:24$3'.
Removing empty process `mult.$proc$mult.v:12$1'.
Cleaned up 0 empty switches.

19. Executing CHECK pass (checking for obvious problems).
Checking module mult...
Found and reported 0 problems.

20. Executing OPT_EXPR pass (perform const folding).
Optimizing module mult.
<suppressed ~3 debug messages>

21. Executing FLATTEN pass (flatten design).

22. Executing OPT_EXPR pass (perform const folding).
Optimizing module mult.

23. Executing OPT_CLEAN pass (remove unused cells and wires).
Finding unused cells or wires in module \mult..
Removed 0 unused cells and 7 unused wires.
<suppressed ~1 debug messages>

24. Executing OPT_EXPR pass (perform const folding).
Optimizing module mult.

25. Executing OPT_MERGE pass (detect identical cells).
Finding identical cells in module `\mult'.
Removed a total of 0 cells.

26. Executing OPT_MUXTREE pass (detect dead branches in mux trees).
Running muxtree optimizer on module \mult..
  Creating internal representation of mux trees.
  No muxes found in this module.
Removed 0 multiplexer ports.

27. Executing OPT_REDUCE pass (consolidate $*mux and $reduce_* inputs).
  Optimizing cells in module \mult.
Performed a total of 0 changes.

28. Executing OPT_MERGE pass (detect identical cells).
Finding identical cells in module `\mult'.
Removed a total of 0 cells.

29. Executing OPT_DFF pass (perform DFF optimizations).

30. Executing OPT_CLEAN pass (remove unused cells and wires).
Finding unused cells or wires in module \mult..

31. Executing OPT_EXPR pass (perform const folding).
Optimizing module mult.

32. Executing FSM pass (extract and optimize FSM).

32.1. Executing FSM_DETECT pass (finding FSMs in design).

32.2. Executing FSM_EXTRACT pass (extracting FSM from design).

32.3. Executing FSM_OPT pass (simple optimizations of FSMs).

32.4. Executing OPT_CLEAN pass (remove unused cells and wires).
Finding unused cells or wires in module \mult..

32.5. Executing FSM_OPT pass (simple optimizations of FSMs).

32.6. Executing FSM_RECODE pass (re-assigning FSM state encoding).

32.7. Executing FSM_INFO pass (dumping all available information on FSM cells).

32.8. Executing FSM_MAP pass (mapping FSMs to basic logic).

33. Executing OPT_EXPR pass (perform const folding).
Optimizing module mult.

34. Executing OPT_MERGE pass (detect identical cells).
Finding identical cells in module `\mult'.
Removed a total of 0 cells.

35. Executing OPT_MUXTREE pass (detect dead branches in mux trees).
Running muxtree optimizer on module \mult..
  Creating internal representation of mux trees.
  No muxes found in this module.
Removed 0 multiplexer ports.

36. Executing OPT_REDUCE pass (consolidate $*mux and $reduce_* inputs).
  Optimizing cells in module \mult.
Performed a total of 0 changes.

37. Executing OPT_MERGE pass (detect identical cells).
Finding identical cells in module `\mult'.
Removed a total of 0 cells.

38. Executing OPT_DFF pass (perform DFF optimizations).

39. Executing OPT_CLEAN pass (remove unused cells and wires).
Finding unused cells or wires in module \mult..

40. Executing OPT_EXPR pass (perform const folding).
Optimizing module mult.

41. Executing WREDUCE pass (reducing word size of cells).

42. Executing PEEPOPT pass (run peephole optimizers).

43. Executing OPT_CLEAN pass (remove unused cells and wires).
Finding unused cells or wires in module \mult..

44. Executing ALUMACC pass (create $alu and $macc cells).
Extracting $alu and $macc cells in module mult:
  creating $macc model for $mul$mult.v:22$2 ($mul).
  creating $macc cell for $mul$mult.v:22$2: $auto$alumacc.cc:365:replace_macc$13
  created 0 $alu and 1 $macc cells.

45. Executing SHARE pass (SAT-based resource sharing).

46. Executing OPT_EXPR pass (perform const folding).
Optimizing module mult.

47. Executing OPT_MERGE pass (detect identical cells).
Finding identical cells in module `\mult'.
Removed a total of 0 cells.

48. Executing OPT_MUXTREE pass (detect dead branches in mux trees).
Running muxtree optimizer on module \mult..
  Creating internal representation of mux trees.
  No muxes found in this module.
Removed 0 multiplexer ports.

49. Executing OPT_REDUCE pass (consolidate $*mux and $reduce_* inputs).
  Optimizing cells in module \mult.
Performed a total of 0 changes.

50. Executing OPT_MERGE pass (detect identical cells).
Finding identical cells in module `\mult'.
Removed a total of 0 cells.

51. Executing OPT_DFF pass (perform DFF optimizations).

52. Executing OPT_CLEAN pass (remove unused cells and wires).
Finding unused cells or wires in module \mult..

53. Executing OPT_EXPR pass (perform const folding).
Optimizing module mult.

54. Executing MEMORY pass.

54.1. Executing OPT_MEM pass (optimize memories).
Performed a total of 0 transformations.

54.2. Executing OPT_MEM_PRIORITY pass (removing unnecessary memory write priority relations).
Performed a total of 0 transformations.

54.3. Executing OPT_MEM_FEEDBACK pass (finding memory read-to-write feedback paths).

54.4. Executing MEMORY_BMUX2ROM pass (converting muxes to ROMs).

54.5. Executing MEMORY_DFF pass (merging $dff cells to $memrd).

54.6. Executing OPT_CLEAN pass (remove unused cells and wires).
Finding unused cells or wires in module \mult..

54.7. Executing MEMORY_SHARE pass (consolidating $memrd/$memwr cells).

54.8. Executing OPT_MEM_WIDEN pass (optimize memories where all ports are wide).
Performed a total of 0 transformations.

54.9. Executing OPT_CLEAN pass (remove unused cells and wires).
Finding unused cells or wires in module \mult..

54.10. Executing MEMORY_COLLECT pass (generating $mem cells).

55. Executing OPT_CLEAN pass (remove unused cells and wires).
Finding unused cells or wires in module \mult..

56. Executing OPT_EXPR pass (perform const folding).
Optimizing module mult.

57. Executing OPT_MERGE pass (detect identical cells).
Finding identical cells in module `\mult'.
Removed a total of 0 cells.

58. Executing OPT_DFF pass (perform DFF optimizations).

59. Executing OPT_CLEAN pass (remove unused cells and wires).
Finding unused cells or wires in module \mult..

60. Executing MEMORY_MAP pass (converting memories to logic and flip-flops).

61. Executing OPT_EXPR pass (perform const folding).
Optimizing module mult.

62. Executing OPT_MERGE pass (detect identical cells).
Finding identical cells in module `\mult'.
Removed a total of 0 cells.

63. Executing OPT_MUXTREE pass (detect dead branches in mux trees).
Running muxtree optimizer on module \mult..
  Creating internal representation of mux trees.
  No muxes found in this module.
Removed 0 multiplexer ports.

64. Executing OPT_REDUCE pass (consolidate $*mux and $reduce_* inputs).
  Optimizing cells in module \mult.
Performed a total of 0 changes.

65. Executing OPT_MERGE pass (detect identical cells).
Finding identical cells in module `\mult'.
Removed a total of 0 cells.

66. Executing OPT_SHARE pass.

67. Executing OPT_DFF pass (perform DFF optimizations).

68. Executing OPT_CLEAN pass (remove unused cells and wires).
Finding unused cells or wires in module \mult..

69. Executing OPT_EXPR pass (perform const folding).
Optimizing module mult.

70. Executing TECHMAP pass (map to technology primitives).

70.1. Executing Verilog-2005 frontend: /nix/store/9r0bh7sp051dpm8km8bqlb028anpd3v3-yosys/bin/../share/yosys/techmap.v
Parsing Verilog input from `/nix/store/9r0bh7sp051dpm8km8bqlb028anpd3v3-yosys/bin/../share/yosys/techmap.v' to AST representation.
Generating RTLIL representation for module `\_90_simplemap_bool_ops'.
Generating RTLIL representation for module `\_90_simplemap_reduce_ops'.
Generating RTLIL representation for module `\_90_simplemap_logic_ops'.
Generating RTLIL representation for module `\_90_simplemap_compare_ops'.
Generating RTLIL representation for module `\_90_simplemap_various'.
Generating RTLIL representation for module `\_90_simplemap_registers'.
Generating RTLIL representation for module `\_90_shift_ops_shr_shl_sshl_sshr'.
Generating RTLIL representation for module `\_90_shift_shiftx'.
Generating RTLIL representation for module `\_90_fa'.
Generating RTLIL representation for module `\_90_lcu_brent_kung'.
Generating RTLIL representation for module `\_90_alu'.
Generating RTLIL representation for module `\_90_macc'.
Generating RTLIL representation for module `\_90_alumacc'.
Generating RTLIL representation for module `\$__div_mod_u'.
Generating RTLIL representation for module `\$__div_mod_trunc'.
Generating RTLIL representation for module `\_90_div'.
Generating RTLIL representation for module `\_90_mod'.
Generating RTLIL representation for module `\$__div_mod_floor'.
Generating RTLIL representation for module `\_90_divfloor'.
Generating RTLIL representation for module `\_90_modfloor'.
Generating RTLIL representation for module `\_90_pow'.
Generating RTLIL representation for module `\_90_pmux'.
Generating RTLIL representation for module `\_90_demux'.
Generating RTLIL representation for module `\_90_lut'.
Successfully finished Verilog frontend.

70.2. Continuing TECHMAP pass.
Using extmapper simplemap for cells of type $adff.
Using extmapper maccmap for cells of type $macc.
  add \a_reg * \b_reg (8x8 bits, unsigned)
Using extmapper simplemap for cells of type $and.
Using template $paramod\_90_fa\WIDTH=32'00000000000000000000000000010000 for cells of type $fa.
Using template $paramod$6df0329addda9228fcc2546de2aaf14ad26c98e1\_90_alu for cells of type $alu.
Using extmapper simplemap for cells of type $or.
Using extmapper simplemap for cells of type $xor.
Using template $paramod\_90_lcu_brent_kung\WIDTH=32'00000000000000000000000000010000 for cells of type $lcu.
Using extmapper simplemap for cells of type $pos.
Using extmapper simplemap for cells of type $mux.
Using extmapper simplemap for cells of type $not.
No more expansions possible.
<suppressed ~346 debug messages>

71. Executing OPT_EXPR pass (perform const folding).
Optimizing module mult.
<suppressed ~383 debug messages>

72. Executing OPT_MERGE pass (detect identical cells).
Finding identical cells in module `\mult'.
Removed a total of 0 cells.

73. Executing OPT_DFF pass (perform DFF optimizations).

74. Executing OPT_CLEAN pass (remove unused cells and wires).
Finding unused cells or wires in module \mult..
Removed 24 unused cells and 110 unused wires.
<suppressed ~25 debug messages>

75. Executing OPT_EXPR pass (perform const folding).
Optimizing module mult.

76. Executing OPT_MERGE pass (detect identical cells).
Finding identical cells in module `\mult'.
Removed a total of 0 cells.

77. Executing OPT_DFF pass (perform DFF optimizations).

78. Executing OPT_CLEAN pass (remove unused cells and wires).
Finding unused cells or wires in module \mult..

79. Executing ABC pass (technology mapping using ABC).

79.1. Extracting gate netlist of module `\mult' to `<abc-temp-dir>/input.blif'..
Extracted 347 gates and 363 wires to a netlist network with 16 inputs and 16 outputs.

79.1.1. Executing ABC.
Running ABC command: "/nix/store/6l3aj1gi4lja8z5s4lan2k2cfz9mqkrz-yosys-abc/bin/abc" -s -f <abc-temp-dir>/abc.script 2>&1
ABC: ABC command line: "source <abc-temp-dir>/abc.script".
ABC: 
ABC: + read_blif <abc-temp-dir>/input.blif 
ABC: + read_library <abc-temp-dir>/stdcells.genlib 
ABC: Entered genlib library with 13 gates from file "<abc-temp-dir>/stdcells.genlib".
ABC: + strash 
ABC: + dretime 
ABC: + map 
ABC: + write_blif <abc-temp-dir>/output.blif 

79.1.2. Re-integrating ABC results.
ABC RESULTS:               NOT cells:        7
ABC RESULTS:               AND cells:       55
ABC RESULTS:             ORNOT cells:       10
ABC RESULTS:              XNOR cells:       25
ABC RESULTS:              NAND cells:       25
ABC RESULTS:                OR cells:       37
ABC RESULTS:               NOR cells:       12
ABC RESULTS:            ANDNOT cells:       97
ABC RESULTS:               XOR cells:       86
ABC RESULTS:        internal signals:      331
ABC RESULTS:           input signals:       16
ABC RESULTS:          output signals:       16
Removing temp directory.

80. Executing OPT pass (performing simple optimizations).

80.1. Executing OPT_EXPR pass (perform const folding).
Optimizing module mult.

80.2. Executing OPT_MERGE pass (detect identical cells).
Finding identical cells in module `\mult'.
Removed a total of 0 cells.

80.3. Executing OPT_DFF pass (perform DFF optimizations).

80.4. Executing OPT_CLEAN pass (remove unused cells and wires).
Finding unused cells or wires in module \mult..
Removed 0 unused cells and 97 unused wires.
<suppressed ~1 debug messages>

80.5. Finished fast OPT passes.

81. Executing HIERARCHY pass (managing design hierarchy).

81.1. Analyzing design hierarchy..
Top module:  \mult

81.2. Analyzing design hierarchy..
Top module:  \mult
Removed 0 unused modules.

82. Executing CHECK pass (checking for obvious problems).
Checking module mult...
Found and reported 0 problems.

83. Printing statistics.

=== mult ===

   Number of wires:                346
   Number of wire bits:            404
   Number of public wires:           8
   Number of public wire bits:      66
   Number of ports:                  5
   Number of port bits:             34
   Number of memories:               0
   Number of memory bits:            0
   Number of processes:              0
   Number of cells:                386
     $_ANDNOT_                      97
     $_AND_                         55
     $_DFF_PP0_                     32
     $_NAND_                        25
     $_NOR_                         12
     $_NOT_                          7
     $_ORNOT_                       10
     $_OR_                          37
     $_XNOR_                        25
     $_XOR_                         86

84. Generating Graphviz representation of design.
Writing dot description to `/home/hassan-ul-haq/openlane2/designs/Multiplier/runs/80MHz/06-yosys-synthesis/primitive_techmap.dot'.
Dumping module mult to page 1.

85. Executing OPT pass (performing simple optimizations).

85.1. Executing OPT_EXPR pass (perform const folding).
Optimizing module mult.

85.2. Executing OPT_MERGE pass (detect identical cells).
Finding identical cells in module `\mult'.
Removed a total of 0 cells.

85.3. Executing OPT_MUXTREE pass (detect dead branches in mux trees).
Running muxtree optimizer on module \mult..
  Creating internal representation of mux trees.
  No muxes found in this module.
Removed 0 multiplexer ports.

85.4. Executing OPT_REDUCE pass (consolidate $*mux and $reduce_* inputs).
  Optimizing cells in module \mult.
Performed a total of 0 changes.

85.5. Executing OPT_MERGE pass (detect identical cells).
Finding identical cells in module `\mult'.
Removed a total of 0 cells.

85.6. Executing OPT_DFF pass (perform DFF optimizations).

85.7. Executing OPT_CLEAN pass (remove unused cells and wires).
Finding unused cells or wires in module \mult..

85.8. Executing OPT_EXPR pass (perform const folding).
Optimizing module mult.

85.9. Finished OPT passes. (There is nothing left to do.)

86. Executing OPT_CLEAN pass (remove unused cells and wires).
Finding unused cells or wires in module \mult..
{
   "creator": "Yosys 0.46 (git sha1 e97731b9dda91fa5fa53ed87df7c34163ba59a41, clang++ 17.0.6 -fPIC -O3)",
   "invocation": "stat -json -liberty /home/hassan-ul-haq/openlane2/designs/Multiplier/runs/80MHz/tmp/de6a2c3539074dfa963b0a88ed807277.lib ",
   "modules": {
      "\\mult": {
         "num_wires":         346,
         "num_wire_bits":     404,
         "num_pub_wires":     8,
         "num_pub_wire_bits": 66,
         "num_ports":         5,
         "num_port_bits":     34,
         "num_memories":      0,
         "num_memory_bits":   0,
         "num_processes":     0,
         "num_cells":         386,
         "num_cells_by_type": {
            "$_ANDNOT_": 97,
            "$_AND_": 55,
            "$_DFF_PP0_": 32,
            "$_NAND_": 25,
            "$_NOR_": 12,
            "$_NOT_": 7,
            "$_ORNOT_": 10,
            "$_OR_": 37,
            "$_XNOR_": 25,
            "$_XOR_": 86
         }
      }
   },
      "design": {
         "num_wires":         346,
         "num_wire_bits":     404,
         "num_pub_wires":     8,
         "num_pub_wire_bits": 66,
         "num_ports":         5,
         "num_port_bits":     34,
         "num_memories":      0,
         "num_memory_bits":   0,
         "num_processes":     0,
         "num_cells":         386,
         "num_cells_by_type": {
            "$_ANDNOT_": 97,
            "$_AND_": 55,
            "$_DFF_PP0_": 32,
            "$_NAND_": 25,
            "$_NOR_": 12,
            "$_NOT_": 7,
            "$_ORNOT_": 10,
            "$_OR_": 37,
            "$_XNOR_": 25,
            "$_XOR_": 86
         }
      }
}

87. Printing statistics.

=== mult ===

   Number of wires:                346
   Number of wire bits:            404
   Number of public wires:           8
   Number of public wire bits:      66
   Number of ports:                  5
   Number of port bits:             34
   Number of memories:               0
   Number of memory bits:            0
   Number of processes:              0
   Number of cells:                386
     $_ANDNOT_                      97
     $_AND_                         55
     $_DFF_PP0_                     32
     $_NAND_                        25
     $_NOR_                         12
     $_NOT_                          7
     $_ORNOT_                       10
     $_OR_                          37
     $_XNOR_                        25
     $_XOR_                         86

   Area for cell type $_NOT_ is unknown!
   Area for cell type $_AND_ is unknown!
   Area for cell type $_NAND_ is unknown!
   Area for cell type $_OR_ is unknown!
   Area for cell type $_NOR_ is unknown!
   Area for cell type $_XOR_ is unknown!
   Area for cell type $_XNOR_ is unknown!
   Area for cell type $_ANDNOT_ is unknown!
   Area for cell type $_ORNOT_ is unknown!
   Area for cell type $_DFF_PP0_ is unknown!

[INFO] Applying tri-state buffer mapping from '/home/hassan-ul-haq/.volare/volare/sky130/versions/0fe599b2afb6708d281543108caf8310912f54af/sky130A/libs.tech/openlane/sky130_fd_sc_hd/tribuff_map.v'…

88. Executing TECHMAP pass (map to technology primitives).

88.1. Executing Verilog-2005 frontend: /home/hassan-ul-haq/.volare/volare/sky130/versions/0fe599b2afb6708d281543108caf8310912f54af/sky130A/libs.tech/openlane/sky130_fd_sc_hd/tribuff_map.v
Parsing Verilog input from `/home/hassan-ul-haq/.volare/volare/sky130/versions/0fe599b2afb6708d281543108caf8310912f54af/sky130A/libs.tech/openlane/sky130_fd_sc_hd/tribuff_map.v' to AST representation.
Generating RTLIL representation for module `\$_TBUF_'.
Successfully finished Verilog frontend.

88.2. Continuing TECHMAP pass.
No more expansions possible.
<suppressed ~3 debug messages>

89. Executing SIMPLEMAP pass (map simple cells to gate primitives).
[INFO] Applying latch mapping from '/home/hassan-ul-haq/.volare/volare/sky130/versions/0fe599b2afb6708d281543108caf8310912f54af/sky130A/libs.tech/openlane/sky130_fd_sc_hd/latch_map.v'…

90. Executing TECHMAP pass (map to technology primitives).

90.1. Executing Verilog-2005 frontend: /home/hassan-ul-haq/.volare/volare/sky130/versions/0fe599b2afb6708d281543108caf8310912f54af/sky130A/libs.tech/openlane/sky130_fd_sc_hd/latch_map.v
Parsing Verilog input from `/home/hassan-ul-haq/.volare/volare/sky130/versions/0fe599b2afb6708d281543108caf8310912f54af/sky130A/libs.tech/openlane/sky130_fd_sc_hd/latch_map.v' to AST representation.
Generating RTLIL representation for module `\$_DLATCH_P_'.
Generating RTLIL representation for module `\$_DLATCH_N_'.
Successfully finished Verilog frontend.

90.2. Continuing TECHMAP pass.
No more expansions possible.
<suppressed ~4 debug messages>

91. Executing SIMPLEMAP pass (map simple cells to gate primitives).

92. Executing DFFLIBMAP pass (mapping DFF cells to sequential cells from liberty file).
  cell sky130_fd_sc_hd__dfxtp_2 (noninv, pins=3, area=21.27) is a direct match for cell type $_DFF_P_.
  cell sky130_fd_sc_hd__dfrtp_2 (noninv, pins=4, area=26.28) is a direct match for cell type $_DFF_PN0_.
  cell sky130_fd_sc_hd__dfstp_2 (noninv, pins=4, area=26.28) is a direct match for cell type $_DFF_PN1_.
  cell sky130_fd_sc_hd__dfbbn_2 (noninv, pins=6, area=35.03) is a direct match for cell type $_DFFSR_NNN_.
  final dff cell mappings:
    unmapped dff cell: $_DFF_N_
    \sky130_fd_sc_hd__dfxtp_2 _DFF_P_ (.CLK( C), .D( D), .Q( Q));
    unmapped dff cell: $_DFF_NN0_
    unmapped dff cell: $_DFF_NN1_
    unmapped dff cell: $_DFF_NP0_
    unmapped dff cell: $_DFF_NP1_
    \sky130_fd_sc_hd__dfrtp_2 _DFF_PN0_ (.CLK( C), .D( D), .Q( Q), .RESET_B( R));
    \sky130_fd_sc_hd__dfstp_2 _DFF_PN1_ (.CLK( C), .D( D), .Q( Q), .SET_B( R));
    unmapped dff cell: $_DFF_PP0_
    unmapped dff cell: $_DFF_PP1_
    \sky130_fd_sc_hd__dfbbn_2 _DFFSR_NNN_ (.CLK_N( C), .D( D), .Q( Q), .Q_N(~Q), .RESET_B( R), .SET_B( S));
    unmapped dff cell: $_DFFSR_NNP_
    unmapped dff cell: $_DFFSR_NPN_
    unmapped dff cell: $_DFFSR_NPP_
    unmapped dff cell: $_DFFSR_PNN_
    unmapped dff cell: $_DFFSR_PNP_
    unmapped dff cell: $_DFFSR_PPN_
    unmapped dff cell: $_DFFSR_PPP_

92.1. Executing DFFLEGALIZE pass (convert FFs to types supported by the target).
Mapping DFF cells in module `\mult':
  mapped 32 $_DFF_PN0_ cells to \sky130_fd_sc_hd__dfrtp_2 cells.
{
   "creator": "Yosys 0.46 (git sha1 e97731b9dda91fa5fa53ed87df7c34163ba59a41, clang++ 17.0.6 -fPIC -O3)",
   "invocation": "stat -json -liberty /home/hassan-ul-haq/openlane2/designs/Multiplier/runs/80MHz/tmp/de6a2c3539074dfa963b0a88ed807277.lib ",
   "modules": {
      "\\mult": {
         "num_wires":         378,
         "num_wire_bits":     436,
         "num_pub_wires":     8,
         "num_pub_wire_bits": 66,
         "num_ports":         5,
         "num_port_bits":     34,
         "num_memories":      0,
         "num_memory_bits":   0,
         "num_processes":     0,
         "num_cells":         418,
         "area":              840.806400,
         "num_cells_by_type": {
            "$_ANDNOT_": 97,
            "$_AND_": 55,
            "$_NAND_": 25,
            "$_NOR_": 12,
            "$_NOT_": 39,
            "$_ORNOT_": 10,
            "$_OR_": 37,
            "$_XNOR_": 25,
            "$_XOR_": 86,
            "sky130_fd_sc_hd__dfrtp_2": 32
         }
      }
   },
      "design": {
         "num_wires":         378,
         "num_wire_bits":     436,
         "num_pub_wires":     8,
         "num_pub_wire_bits": 66,
         "num_ports":         5,
         "num_port_bits":     34,
         "num_memories":      0,
         "num_memory_bits":   0,
         "num_processes":     0,
         "num_cells":         418,
         "area":              840.806400,
         "num_cells_by_type": {
            "$_ANDNOT_": 97,
            "$_AND_": 55,
            "$_NAND_": 25,
            "$_NOR_": 12,
            "$_NOT_": 39,
            "$_ORNOT_": 10,
            "$_OR_": 37,
            "$_XNOR_": 25,
            "$_XOR_": 86,
            "sky130_fd_sc_hd__dfrtp_2": 32
         }
      }
}

93. Printing statistics.

=== mult ===

   Number of wires:                378
   Number of wire bits:            436
   Number of public wires:           8
   Number of public wire bits:      66
   Number of ports:                  5
   Number of port bits:             34
   Number of memories:               0
   Number of memory bits:            0
   Number of processes:              0
   Number of cells:                418
     $_ANDNOT_                      97
     $_AND_                         55
     $_NAND_                        25
     $_NOR_                         12
     $_NOT_                         39
     $_ORNOT_                       10
     $_OR_                          37
     $_XNOR_                        25
     $_XOR_                         86
     sky130_fd_sc_hd__dfrtp_2       32

   Area for cell type $_NOT_ is unknown!
   Area for cell type $_AND_ is unknown!
   Area for cell type $_NAND_ is unknown!
   Area for cell type $_OR_ is unknown!
   Area for cell type $_NOR_ is unknown!
   Area for cell type $_XOR_ is unknown!
   Area for cell type $_XNOR_ is unknown!
   Area for cell type $_ANDNOT_ is unknown!
   Area for cell type $_ORNOT_ is unknown!

   Chip area for module '\mult': 840.806400
     of which used for sequential elements: 840.806400 (100.00%)

[INFO] Using generated ABC script '/home/hassan-ul-haq/openlane2/designs/Multiplier/runs/80MHz/06-yosys-synthesis/AREA_0.abc'…

94. Executing ABC pass (technology mapping using ABC).

94.1. Extracting gate netlist of module `\mult' to `/tmp/yosys-abc-NSjDeR/input.blif'..
Extracted 386 gates and 403 wires to a netlist network with 17 inputs and 48 outputs.

94.1.1. Executing ABC.
Running ABC command: "/nix/store/6l3aj1gi4lja8z5s4lan2k2cfz9mqkrz-yosys-abc/bin/abc" -s -f /tmp/yosys-abc-NSjDeR/abc.script 2>&1
ABC: ABC command line: "source /tmp/yosys-abc-NSjDeR/abc.script".
ABC: 
ABC: + read_blif /tmp/yosys-abc-NSjDeR/input.blif 
ABC: + read_lib -w /home/hassan-ul-haq/openlane2/designs/Multiplier/runs/80MHz/tmp/de6a2c3539074dfa963b0a88ed807277.lib 
ABC: Parsing finished successfully.  Parsing time =     0.16 sec
ABC: Scl_LibertyReadGenlib() skipped sequential cell "sky130_fd_sc_hd__dfbbn_2".
ABC: Scl_LibertyReadGenlib() skipped sequential cell "sky130_fd_sc_hd__dfrbp_2".
ABC: Scl_LibertyReadGenlib() skipped sequential cell "sky130_fd_sc_hd__dfrtp_2".
ABC: Scl_LibertyReadGenlib() skipped sequential cell "sky130_fd_sc_hd__dfrtp_4".
ABC: Scl_LibertyReadGenlib() skipped sequential cell "sky130_fd_sc_hd__dfsbp_2".
ABC: Scl_LibertyReadGenlib() skipped sequential cell "sky130_fd_sc_hd__dfstp_2".
ABC: Scl_LibertyReadGenlib() skipped sequential cell "sky130_fd_sc_hd__dfstp_4".
ABC: Scl_LibertyReadGenlib() skipped sequential cell "sky130_fd_sc_hd__dfxbp_2".
ABC: Scl_LibertyReadGenlib() skipped sequential cell "sky130_fd_sc_hd__dfxtp_2".
ABC: Scl_LibertyReadGenlib() skipped sequential cell "sky130_fd_sc_hd__dfxtp_4".
ABC: Scl_LibertyReadGenlib() skipped sequential cell "sky130_fd_sc_hd__dlxtn_1".
ABC: Scl_LibertyReadGenlib() skipped sequential cell "sky130_fd_sc_hd__dlxtn_2".
ABC: Scl_LibertyReadGenlib() skipped sequential cell "sky130_fd_sc_hd__dlxtn_4".
ABC: Scl_LibertyReadGenlib() skipped sequential cell "sky130_fd_sc_hd__dlxtp_1".
ABC: Scl_LibertyReadGenlib() skipped three-state cell "sky130_fd_sc_hd__ebufn_2".
ABC: Scl_LibertyReadGenlib() skipped three-state cell "sky130_fd_sc_hd__ebufn_4".
ABC: Scl_LibertyReadGenlib() skipped three-state cell "sky130_fd_sc_hd__ebufn_8".
ABC: Library "sky130_fd_sc_hd__tt_025C_1v80" from "/home/hassan-ul-haq/openlane2/designs/Multiplier/runs/80MHz/tmp/de6a2c3539074dfa963b0a88ed807277.lib" has 175 cells (17 skipped: 14 seq; 3 tri-state; 0 no func; 0 dont_use).  Time =     0.26 sec
ABC: Memory =    9.54 MB. Time =     0.26 sec
ABC: Warning: Detected 2 multi-output gates (for example, "sky130_fd_sc_hd__fa_1").
ABC: + read_constr -v /home/hassan-ul-haq/openlane2/designs/Multiplier/runs/80MHz/06-yosys-synthesis/synthesis.abc.sdc 
ABC: Setting driving cell to be "sky130_fd_sc_hd__inv_2/Y".
ABC: Setting output load to be 33.442001.
ABC: + source /home/hassan-ul-haq/openlane2/designs/Multiplier/runs/80MHz/06-yosys-synthesis/AREA_0.abc 
ABC: Error: The network is combinational.
ABC: Cannot find the default PI driving cell (sky130_fd_sc_hd__inv_2/Y) in the library.
ABC: WireLoad = "none"  Gates =    337 ( 11.0 %)   Cap = 13.2 ff (  2.6 %)   Area =     3065.44 ( 86.4 %)   Delay =  3976.88 ps  ( 12.8 %)               
ABC: Path  0 --      12 : 0   14 pi                        A =   0.00  Df =   0.0   -0.0 ps  S =   0.0 ps  Cin =  0.0 ff  Cout =  42.5 ff  Cmax =   0.0 ff  G =    0  
ABC: Path  1 --     144 : 4    3 sky130_fd_sc_hd__and4_2   A =  10.01  Df = 226.5   -3.2 ps  S =  78.4 ps  Cin =  1.5 ff  Cout =   8.2 ff  Cmax = 300.3 ff  G =  513  
ABC: Path  2 --     146 : 3    2 sky130_fd_sc_hd__or3_2    A =   7.51  Df = 689.1 -308.7 ps  S =  91.4 ps  Cin =  1.5 ff  Cout =   6.9 ff  Cmax = 310.4 ff  G =  441  
ABC: Path  3 --     150 : 3    3 sky130_fd_sc_hd__a21o_2   A =   8.76  Df = 909.3 -368.7 ps  S =  61.7 ps  Cin =  2.4 ff  Cout =   9.6 ff  Cmax = 309.5 ff  G =  390  
ABC: Path  4 --     190 : 3    2 sky130_fd_sc_hd__a21bo_2  A =  10.01  Df =1130.6 -355.2 ps  S =  55.9 ps  Cin =  2.0 ff  Cout =   7.3 ff  Cmax = 288.4 ff  G =  338  
ABC: Path  5 --     192 : 3    3 sky130_fd_sc_hd__a21o_2   A =   8.76  Df =1338.0 -428.4 ps  S =  70.9 ps  Cin =  2.4 ff  Cout =  11.7 ff  Cmax = 309.5 ff  G =  474  
ABC: Path  6 --     229 : 3    2 sky130_fd_sc_hd__a21boi_2 A =  11.26  Df =1520.2 -486.0 ps  S = 156.2 ps  Cin =  3.6 ff  Cout =  10.1 ff  Cmax = 129.1 ff  G =  272  
ABC: Path  7 --     231 : 2    2 sky130_fd_sc_hd__xnor2_2  A =  16.27  Df =1710.0 -164.6 ps  S = 194.0 ps  Cin =  8.5 ff  Cout =  10.9 ff  Cmax = 121.8 ff  G =  123  
ABC: Path  8 --     239 : 3    2 sky130_fd_sc_hd__a21o_2   A =   8.76  Df =1925.4 -227.2 ps  S =  34.4 ps  Cin =  2.4 ff  Cout =   3.1 ff  Cmax = 309.5 ff  G =  125  
ABC: Path  9 --     263 : 2    4 sky130_fd_sc_hd__or2_2    A =   6.26  Df =2241.9 -339.6 ps  S =  77.0 ps  Cin =  1.5 ff  Cout =  10.9 ff  Cmax = 299.4 ff  G =  716  
ABC: Path 10 --     342 : 5    1 sky130_fd_sc_hd__a221o_2  A =  11.26  Df =2623.1 -229.7 ps  S =  50.2 ps  Cin =  2.3 ff  Cout =   2.5 ff  Cmax = 299.4 ff  G =  100  
ABC: Path 11 --     343 : 4    2 sky130_fd_sc_hd__a211o_2  A =  10.01  Df =2883.7 -250.0 ps  S =  48.1 ps  Cin =  2.4 ff  Cout =   3.2 ff  Cmax = 325.0 ff  G =  131  
ABC: Path 12 --     345 : 4    4 sky130_fd_sc_hd__and4b_2  A =  11.26  Df =3133.1 -237.7 ps  S = 107.2 ps  Cin =  1.6 ff  Cout =  14.0 ff  Cmax = 297.6 ff  G =  853  
ABC: Path 13 --     359 : 4    1 sky130_fd_sc_hd__or4_2    A =   8.76  Df =3785.8 -755.8 ps  S = 107.0 ps  Cin =  1.5 ff  Cout =   4.6 ff  Cmax = 310.4 ff  G =  294  
ABC: Path 14 --     360 : 2    1 sky130_fd_sc_hd__nand2_2  A =   6.26  Df =3976.9 -544.7 ps  S = 185.8 ps  Cin =  4.4 ff  Cout =  33.4 ff  Cmax = 295.7 ff  G =  755  
ABC: Start-point = pi11 (\a_reg [5]).  End-point = po12 (\product_reg [13]).
ABC: netlist                       : i/o =   17/   48  lat =    0  nd =   337  edge =    855  area =3065.95  delay =14.00  lev = 14
ABC: + write_blif /tmp/yosys-abc-NSjDeR/output.blif 

94.1.2. Re-integrating ABC results.
ABC RESULTS:   sky130_fd_sc_hd__or3_2 cells:        3
ABC RESULTS:   sky130_fd_sc_hd__a211oi_2 cells:        2
ABC RESULTS:   sky130_fd_sc_hd__nand3b_2 cells:        1
ABC RESULTS:   sky130_fd_sc_hd__o211ai_2 cells:        1
ABC RESULTS:   sky130_fd_sc_hd__a41o_2 cells:        1
ABC RESULTS:   sky130_fd_sc_hd__a22oi_2 cells:        7
ABC RESULTS:   sky130_fd_sc_hd__a31oi_2 cells:        1
ABC RESULTS:   sky130_fd_sc_hd__nand4_2 cells:        3
ABC RESULTS:   sky130_fd_sc_hd__a21boi_2 cells:        2
ABC RESULTS:   sky130_fd_sc_hd__a21bo_2 cells:        6
ABC RESULTS:   sky130_fd_sc_hd__o21bai_2 cells:        6
ABC RESULTS:   sky130_fd_sc_hd__o32a_2 cells:        1
ABC RESULTS:   sky130_fd_sc_hd__nor3b_2 cells:        2
ABC RESULTS:   sky130_fd_sc_hd__and4_2 cells:       12
ABC RESULTS:   sky130_fd_sc_hd__a31o_2 cells:        9
ABC RESULTS:   sky130_fd_sc_hd__o21ba_2 cells:        1
ABC RESULTS:   sky130_fd_sc_hd__mux2_1 cells:        1
ABC RESULTS:   sky130_fd_sc_hd__and2_2 cells:       21
ABC RESULTS:   sky130_fd_sc_hd__xor2_2 cells:       15
ABC RESULTS:   sky130_fd_sc_hd__a21o_2 cells:       20
ABC RESULTS:   sky130_fd_sc_hd__nand2b_2 cells:        8
ABC RESULTS:   sky130_fd_sc_hd__a221o_2 cells:        1
ABC RESULTS:   sky130_fd_sc_hd__a211o_2 cells:        2
ABC RESULTS:   sky130_fd_sc_hd__and4b_2 cells:        1
ABC RESULTS:   sky130_fd_sc_hd__a22o_2 cells:       10
ABC RESULTS:   sky130_fd_sc_hd__nand3_2 cells:       14
ABC RESULTS:   sky130_fd_sc_hd__o2bb2a_2 cells:        1
ABC RESULTS:   sky130_fd_sc_hd__and2b_2 cells:        7
ABC RESULTS:   sky130_fd_sc_hd__nor3_2 cells:        4
ABC RESULTS:   sky130_fd_sc_hd__o21a_2 cells:        5
ABC RESULTS:   sky130_fd_sc_hd__o22ai_2 cells:        1
ABC RESULTS:   sky130_fd_sc_hd__or4_2 cells:        1
ABC RESULTS:   sky130_fd_sc_hd__nand2_2 cells:       27
ABC RESULTS:   sky130_fd_sc_hd__and3_2 cells:       16
ABC RESULTS:   sky130_fd_sc_hd__o21ai_2 cells:        5
ABC RESULTS:   sky130_fd_sc_hd__o211a_2 cells:        3
ABC RESULTS:   sky130_fd_sc_hd__xnor2_2 cells:       30
ABC RESULTS:   sky130_fd_sc_hd__o311a_2 cells:        1
ABC RESULTS:   sky130_fd_sc_hd__or2_2 cells:       10
ABC RESULTS:   sky130_fd_sc_hd__a21oi_2 cells:       12
ABC RESULTS:   sky130_fd_sc_hd__nor2_2 cells:       26
ABC RESULTS:   sky130_fd_sc_hd__inv_2 cells:       37
ABC RESULTS:        internal signals:      338
ABC RESULTS:           input signals:       17
ABC RESULTS:          output signals:       48
Removing temp directory.

95. Executing SETUNDEF pass (replace undef values with defined constants).

96. Executing HILOMAP pass (mapping to constant drivers).

97. Executing SPLITNETS pass (splitting up multi-bit signals).

98. Executing OPT_CLEAN pass (remove unused cells and wires).
Finding unused cells or wires in module \mult..
Removed 0 unused cells and 403 unused wires.
<suppressed ~1 debug messages>

99. Executing INSBUF pass (insert buffer cells for connected wires).

100. Executing CHECK pass (checking for obvious problems).
Checking module mult...
Found and reported 0 problems.
{
   "creator": "Yosys 0.46 (git sha1 e97731b9dda91fa5fa53ed87df7c34163ba59a41, clang++ 17.0.6 -fPIC -O3)",
   "invocation": "stat -json -liberty /home/hassan-ul-haq/openlane2/designs/Multiplier/runs/80MHz/tmp/de6a2c3539074dfa963b0a88ed807277.lib ",
   "modules": {
      "\\mult": {
         "num_wires":         358,
         "num_wire_bits":     387,
         "num_pub_wires":     37,
         "num_pub_wire_bits": 66,
         "num_ports":         5,
         "num_port_bits":     34,
         "num_memories":      0,
         "num_memory_bits":   0,
         "num_processes":     0,
         "num_cells":         369,
         "area":              3906.246400,
         "num_cells_by_type": {
            "sky130_fd_sc_hd__a211o_2": 2,
            "sky130_fd_sc_hd__a211oi_2": 2,
            "sky130_fd_sc_hd__a21bo_2": 6,
            "sky130_fd_sc_hd__a21boi_2": 2,
            "sky130_fd_sc_hd__a21o_2": 20,
            "sky130_fd_sc_hd__a21oi_2": 12,
            "sky130_fd_sc_hd__a221o_2": 1,
            "sky130_fd_sc_hd__a22o_2": 10,
            "sky130_fd_sc_hd__a22oi_2": 7,
            "sky130_fd_sc_hd__a31o_2": 9,
            "sky130_fd_sc_hd__a31oi_2": 1,
            "sky130_fd_sc_hd__a41o_2": 1,
            "sky130_fd_sc_hd__and2_2": 21,
            "sky130_fd_sc_hd__and2b_2": 7,
            "sky130_fd_sc_hd__and3_2": 16,
            "sky130_fd_sc_hd__and4_2": 12,
            "sky130_fd_sc_hd__and4b_2": 1,
            "sky130_fd_sc_hd__dfrtp_2": 32,
            "sky130_fd_sc_hd__inv_2": 37,
            "sky130_fd_sc_hd__mux2_1": 1,
            "sky130_fd_sc_hd__nand2_2": 27,
            "sky130_fd_sc_hd__nand2b_2": 8,
            "sky130_fd_sc_hd__nand3_2": 14,
            "sky130_fd_sc_hd__nand3b_2": 1,
            "sky130_fd_sc_hd__nand4_2": 3,
            "sky130_fd_sc_hd__nor2_2": 26,
            "sky130_fd_sc_hd__nor3_2": 4,
            "sky130_fd_sc_hd__nor3b_2": 2,
            "sky130_fd_sc_hd__o211a_2": 3,
            "sky130_fd_sc_hd__o211ai_2": 1,
            "sky130_fd_sc_hd__o21a_2": 5,
            "sky130_fd_sc_hd__o21ai_2": 5,
            "sky130_fd_sc_hd__o21ba_2": 1,
            "sky130_fd_sc_hd__o21bai_2": 6,
            "sky130_fd_sc_hd__o22ai_2": 1,
            "sky130_fd_sc_hd__o2bb2a_2": 1,
            "sky130_fd_sc_hd__o311a_2": 1,
            "sky130_fd_sc_hd__o32a_2": 1,
            "sky130_fd_sc_hd__or2_2": 10,
            "sky130_fd_sc_hd__or3_2": 3,
            "sky130_fd_sc_hd__or4_2": 1,
            "sky130_fd_sc_hd__xnor2_2": 30,
            "sky130_fd_sc_hd__xor2_2": 15
         }
      }
   },
      "design": {
         "num_wires":         358,
         "num_wire_bits":     387,
         "num_pub_wires":     37,
         "num_pub_wire_bits": 66,
         "num_ports":         5,
         "num_port_bits":     34,
         "num_memories":      0,
         "num_memory_bits":   0,
         "num_processes":     0,
         "num_cells":         369,
         "area":              3906.246400,
         "num_cells_by_type": {
            "sky130_fd_sc_hd__a211o_2": 2,
            "sky130_fd_sc_hd__a211oi_2": 2,
            "sky130_fd_sc_hd__a21bo_2": 6,
            "sky130_fd_sc_hd__a21boi_2": 2,
            "sky130_fd_sc_hd__a21o_2": 20,
            "sky130_fd_sc_hd__a21oi_2": 12,
            "sky130_fd_sc_hd__a221o_2": 1,
            "sky130_fd_sc_hd__a22o_2": 10,
            "sky130_fd_sc_hd__a22oi_2": 7,
            "sky130_fd_sc_hd__a31o_2": 9,
            "sky130_fd_sc_hd__a31oi_2": 1,
            "sky130_fd_sc_hd__a41o_2": 1,
            "sky130_fd_sc_hd__and2_2": 21,
            "sky130_fd_sc_hd__and2b_2": 7,
            "sky130_fd_sc_hd__and3_2": 16,
            "sky130_fd_sc_hd__and4_2": 12,
            "sky130_fd_sc_hd__and4b_2": 1,
            "sky130_fd_sc_hd__dfrtp_2": 32,
            "sky130_fd_sc_hd__inv_2": 37,
            "sky130_fd_sc_hd__mux2_1": 1,
            "sky130_fd_sc_hd__nand2_2": 27,
            "sky130_fd_sc_hd__nand2b_2": 8,
            "sky130_fd_sc_hd__nand3_2": 14,
            "sky130_fd_sc_hd__nand3b_2": 1,
            "sky130_fd_sc_hd__nand4_2": 3,
            "sky130_fd_sc_hd__nor2_2": 26,
            "sky130_fd_sc_hd__nor3_2": 4,
            "sky130_fd_sc_hd__nor3b_2": 2,
            "sky130_fd_sc_hd__o211a_2": 3,
            "sky130_fd_sc_hd__o211ai_2": 1,
            "sky130_fd_sc_hd__o21a_2": 5,
            "sky130_fd_sc_hd__o21ai_2": 5,
            "sky130_fd_sc_hd__o21ba_2": 1,
            "sky130_fd_sc_hd__o21bai_2": 6,
            "sky130_fd_sc_hd__o22ai_2": 1,
            "sky130_fd_sc_hd__o2bb2a_2": 1,
            "sky130_fd_sc_hd__o311a_2": 1,
            "sky130_fd_sc_hd__o32a_2": 1,
            "sky130_fd_sc_hd__or2_2": 10,
            "sky130_fd_sc_hd__or3_2": 3,
            "sky130_fd_sc_hd__or4_2": 1,
            "sky130_fd_sc_hd__xnor2_2": 30,
            "sky130_fd_sc_hd__xor2_2": 15
         }
      }
}

101. Printing statistics.

=== mult ===

   Number of wires:                358
   Number of wire bits:            387
   Number of public wires:          37
   Number of public wire bits:      66
   Number of ports:                  5
   Number of port bits:             34
   Number of memories:               0
   Number of memory bits:            0
   Number of processes:              0
   Number of cells:                369
     sky130_fd_sc_hd__a211o_2        2
     sky130_fd_sc_hd__a211oi_2       2
     sky130_fd_sc_hd__a21bo_2        6
     sky130_fd_sc_hd__a21boi_2       2
     sky130_fd_sc_hd__a21o_2        20
     sky130_fd_sc_hd__a21oi_2       12
     sky130_fd_sc_hd__a221o_2        1
     sky130_fd_sc_hd__a22o_2        10
     sky130_fd_sc_hd__a22oi_2        7
     sky130_fd_sc_hd__a31o_2         9
     sky130_fd_sc_hd__a31oi_2        1
     sky130_fd_sc_hd__a41o_2         1
     sky130_fd_sc_hd__and2_2        21
     sky130_fd_sc_hd__and2b_2        7
     sky130_fd_sc_hd__and3_2        16
     sky130_fd_sc_hd__and4_2        12
     sky130_fd_sc_hd__and4b_2        1
     sky130_fd_sc_hd__dfrtp_2       32
     sky130_fd_sc_hd__inv_2         37
     sky130_fd_sc_hd__mux2_1         1
     sky130_fd_sc_hd__nand2_2       27
     sky130_fd_sc_hd__nand2b_2       8
     sky130_fd_sc_hd__nand3_2       14
     sky130_fd_sc_hd__nand3b_2       1
     sky130_fd_sc_hd__nand4_2        3
     sky130_fd_sc_hd__nor2_2        26
     sky130_fd_sc_hd__nor3_2         4
     sky130_fd_sc_hd__nor3b_2        2
     sky130_fd_sc_hd__o211a_2        3
     sky130_fd_sc_hd__o211ai_2       1
     sky130_fd_sc_hd__o21a_2         5
     sky130_fd_sc_hd__o21ai_2        5
     sky130_fd_sc_hd__o21ba_2        1
     sky130_fd_sc_hd__o21bai_2       6
     sky130_fd_sc_hd__o22ai_2        1
     sky130_fd_sc_hd__o2bb2a_2       1
     sky130_fd_sc_hd__o311a_2        1
     sky130_fd_sc_hd__o32a_2         1
     sky130_fd_sc_hd__or2_2         10
     sky130_fd_sc_hd__or3_2          3
     sky130_fd_sc_hd__or4_2          1
     sky130_fd_sc_hd__xnor2_2       30
     sky130_fd_sc_hd__xor2_2        15

   Chip area for module '\mult': 3906.246400
     of which used for sequential elements: 840.806400 (21.52%)

102. Executing Verilog backend.
Dumping module `\mult'.

103. Executing JSON backend.
