Clock: clk
Sources: clk 
Generated: no
Virtual: no
Propagated: no
Period: 5.000000

===========================================================================
report_clock_properties
============================================================================
Clock                   Period          Waveform
----------------------------------------------------
clk                   5.000000    0.000000  2.500000

===========================================================================
report_clock_latency
============================================================================
Clock clk
rise -> rise
    min     max
0.000000 0.000000 source latency
1.420249         network latency _0894_/CLK
        1.420249 network latency _0894_/CLK
---------------
1.420249 1.420249 latency
        0.000000 skew

fall -> fall
    min     max
0.000000 0.000000 source latency
0.785672         network latency _0894_/CLK
        0.785672 network latency _0894_/CLK
---------------
0.785672 0.785672 latency
        0.000000 skew



===========================================================================
report_clock_min_period
============================================================================
clk period_min = 4.94 fmax = 202.62
