Clock: clk
Sources: clk 
Generated: no
Virtual: yes
Propagated: no
Period: 5.000000

===========================================================================
report_clock_properties
============================================================================
Clock                   Period          Waveform
----------------------------------------------------
clk                   5.000000    0.000000  2.500000

===========================================================================
report_clock_latency
============================================================================
Clock clk
rise -> rise
    min     max
0.000000 0.000000 source latency
0.475872         network latency _1026_/CLK
        0.490706 network latency _0981_/CLK
---------------
0.475872 0.490706 latency
        0.014834 skew

fall -> fall
    min     max
0.000000 0.000000 source latency
0.410119         network latency _1021_/CLK
        0.421639 network latency _0981_/CLK
---------------
0.410119 0.421639 latency
        0.011520 skew



===========================================================================
report_clock_min_period
============================================================================
clk period_min = 2.39 fmax = 417.75
