Reading OpenROAD database at '/home/hassan-ul-haq/openlane2/designs/Multiplier/runs/500MHz/24-openroad-ioplacement/mult.odb'…
Reading library file at '/home/hassan-ul-haq/.volare/volare/sky130/versions/0fe599b2afb6708d281543108caf8310912f54af/sky130A/libs.ref/sky130_fd_sc_hd/lib/sky130_fd_sc_hd__tt_025C_1v80.lib'…
Reading design constraints file at 'pnr.sdc'…
[WARNING STA-0366] port 'product[*]' not found.
[INFO] No information on clock propagation in input SDC file-- propagating all clocks.
[INFO] Setting RC values…
[INFO] Setting signal min routing layer to: met1 and clock min routing layer to met1. 
[INFO] Setting signal max routing layer to: met5 and clock max routing layer to met5. 
+ global_placement -density 0.1239761 -timing_driven -routability_driven -pad_right 0 -pad_left 0 -init_wirelength_coef 0.25
[INFO GPL-0002] DBU: 1000
[INFO GPL-0003] SiteSize: (  0.460  2.720 ) um
[INFO GPL-0004] CoreBBox: (  5.520 10.880 ) ( 446.200 451.520 ) um
[INFO GPL-0006] NumInstances:              3169
[INFO GPL-0007] NumPlaceInstances:           57
[INFO GPL-0008] NumFixedInstances:         3112
[INFO GPL-0009] NumDummyInstances:            0
[INFO GPL-0010] NumNets:                     75
[INFO GPL-0011] NumPins:                    230
[INFO GPL-0012] DieBBox:  (  0.000  0.000 ) ( 452.130 462.850 ) um
[INFO GPL-0013] CoreBBox: (  5.520 10.880 ) ( 446.200 451.520 ) um
[INFO GPL-0016] CoreArea:            194181.235 um^2
[INFO GPL-0017] NonPlaceInstsArea:     4704.512 um^2
[INFO GPL-0018] PlaceInstsArea:        1167.370 um^2
[INFO GPL-0019] Util:                     0.616 %
[INFO GPL-0020] StdInstsArea:          1167.370 um^2
[INFO GPL-0021] MacroInstsArea:           0.000 um^2
[InitialPlace]  Iter: 1 CG residual: 0.00000008 HPWL: 5463552
[InitialPlace]  Iter: 2 CG residual: 0.00000010 HPWL: 5279779
[InitialPlace]  Iter: 3 CG residual: 0.00000010 HPWL: 5166288
[InitialPlace]  Iter: 4 CG residual: 0.00000006 HPWL: 5157666
[InitialPlace]  Iter: 5 CG residual: 0.00000011 HPWL: 5095211
[INFO GPL-0031] FillerInit:NumGCells:      1130
[INFO GPL-0032] FillerInit:NumGNets:         75
[INFO GPL-0033] FillerInit:NumGPins:        230
[INFO GPL-0023] TargetDensity:            0.124
[INFO GPL-0024] AvrgPlaceInstArea:       20.480 um^2
[INFO GPL-0025] IdealBinArea:           165.194 um^2
[INFO GPL-0026] IdealBinCnt:               1175
[INFO GPL-0027] TotalBinArea:        194181.235 um^2
[INFO GPL-0028] BinCnt:        32     32
[INFO GPL-0029] BinSize: ( 13.772 13.770 )
[INFO GPL-0030] NumBins: 1024
[NesterovSolve] Iter:    1 overflow: 0.128 HPWL: 4320868
[INFO GPL-0100] Timing-driven: executing resizer for reweighting nets.
[INFO GPL-0101] Timing-driven: worst slack 1.18e-09
[INFO GPL-0103] Timing-driven: weighted 6 nets.
[NesterovSolve] Snapshot saved at iter = 0
[INFO GPL-0075] Routability numCall: 1 inflationIterCnt: 1 bloatIterCnt: 0
[INFO GPL-0036] TileBBox: (    0    0 ) ( 6900 6900 ) DBU
[INFO GPL-0038] TileCnt:      65   67
[INFO GPL-0040] NumTiles: 4355
[INFO GPL-0081] TotalRouteOverflow: 0
[INFO GPL-0082] OverflowTileCnt: 0
[INFO GPL-0083] 0.5%RC: 0.5297476703470404
[INFO GPL-0084] 1.0%RC: 0.5179684216325934
[INFO GPL-0085] 2.0%RC: 0.5006926252760671
[INFO GPL-0086] 5.0%RC: 0.4756720284803198
[INFO GPL-0087] FinalRC: 0.5238581
[INFO GPL-0077] FinalRC lower than targetRC(1.01), routability not needed.
[NesterovSolve] Finished with Overflow: 0.092708
[INFO] Setting RC values…
Setting global connections for newly added cells…
[INFO] Setting global connections...
Updating metrics…
Cell type report:                       Count       Area
  Fill cell                               324    1216.17
  Tap cell                               2788    3488.35
  Sequential cell                          41    1077.28
  Multi-Input combinational cell           16      90.09
  Total                                  3169    5871.88
Writing OpenROAD database to '/home/hassan-ul-haq/openlane2/designs/Multiplier/runs/500MHz/27-openroad-globalplacement/mult.odb'…
Writing netlist to '/home/hassan-ul-haq/openlane2/designs/Multiplier/runs/500MHz/27-openroad-globalplacement/mult.nl.v'…
Writing powered netlist to '/home/hassan-ul-haq/openlane2/designs/Multiplier/runs/500MHz/27-openroad-globalplacement/mult.pnl.v'…
Writing layout to '/home/hassan-ul-haq/openlane2/designs/Multiplier/runs/500MHz/27-openroad-globalplacement/mult.def'…
Writing timing constraints to '/home/hassan-ul-haq/openlane2/designs/Multiplier/runs/500MHz/27-openroad-globalplacement/mult.sdc'…
