
===========================================================================
report_checks -unconstrained
===========================================================================
======================= min_ss_100C_1v60 Corner ===================================

Startpoint: rst (input port clocked by clk)
Endpoint: _784_ (recovery check against rising-edge clock clk)
Path Group: asynchronous
Path Type: max

Fanout         Cap        Slew       Delay        Time   Description
---------------------------------------------------------------------------------------------
                                  0.000000    0.000000   clock clk (rise edge)
                                  0.000000    0.000000   clock network delay (propagated)
                                  1.000000    1.000000 v input external delay
     1    0.002385    0.016889    0.007905    1.007905 v rst (in)
                                                         rst (net)
                      0.016889    0.000000    1.007905 v input17/A (sky130_fd_sc_hd__buf_1)
     3    0.017971    0.209864    0.261413    1.269318 v input17/X (sky130_fd_sc_hd__buf_1)
                                                         net17 (net)
                      0.209864    0.000293    1.269611 v fanout67/A (sky130_fd_sc_hd__buf_2)
     6    0.037428    0.178593    0.421835    1.691446 v fanout67/X (sky130_fd_sc_hd__buf_2)
                                                         net67 (net)
                      0.178593    0.000189    1.691635 v fanout66/A (sky130_fd_sc_hd__buf_4)
    10    0.053097    0.139740    0.388376    2.080011 v fanout66/X (sky130_fd_sc_hd__buf_4)
                                                         net66 (net)
                      0.139740    0.000597    2.080608 v _712_/A (sky130_fd_sc_hd__inv_2)
     1    0.003905    0.054682    0.098995    2.179603 ^ _712_/Y (sky130_fd_sc_hd__inv_2)
                                                         _072_ (net)
                      0.054682    0.000036    2.179639 ^ _784_/RESET_B (sky130_fd_sc_hd__dfrtp_1)
                                              2.179639   data arrival time

                                  5.000000    5.000000   clock clk (rise edge)
                                  0.000000    5.000000   clock source latency
     1    0.018438    0.139138    0.094684    5.094684 ^ clk (in)
                                                         clk (net)
                      0.139150    0.000000    5.094684 ^ clkbuf_0_clk/A (sky130_fd_sc_hd__clkbuf_16)
     8    0.081844    0.150915    0.327351    5.422035 ^ clkbuf_0_clk/X (sky130_fd_sc_hd__clkbuf_16)
                                                         clknet_0_clk (net)
                      0.150920    0.001156    5.423192 ^ clkbuf_3_6__f_clk/A (sky130_fd_sc_hd__clkbuf_16)
    11    0.032645    0.084029    0.276666    5.699857 ^ clkbuf_3_6__f_clk/X (sky130_fd_sc_hd__clkbuf_16)
                                                         clknet_3_6__leaf_clk (net)
                      0.084029    0.000270    5.700127 ^ _784_/CLK (sky130_fd_sc_hd__dfrtp_1)
                                 -0.250000    5.450127   clock uncertainty
                                  0.000000    5.450127   clock reconvergence pessimism
                                  0.472922    5.923048   library recovery time
                                              5.923048   data required time
---------------------------------------------------------------------------------------------
                                              5.923048   data required time
                                             -2.179639   data arrival time
---------------------------------------------------------------------------------------------
                                              3.743410   slack (MET)


Startpoint: _832_ (rising edge-triggered flip-flop clocked by clk)
Endpoint: _818_ (rising edge-triggered flip-flop clocked by clk)
Path Group: clk
Path Type: max

Fanout         Cap        Slew       Delay        Time   Description
---------------------------------------------------------------------------------------------
                                  0.000000    0.000000   clock clk (rise edge)
                                  0.000000    0.000000   clock source latency
     1    0.018438    0.139138    0.094684    0.094684 ^ clk (in)
                                                         clk (net)
                      0.139150    0.000000    0.094684 ^ clkbuf_0_clk/A (sky130_fd_sc_hd__clkbuf_16)
     8    0.081844    0.150915    0.327352    0.422035 ^ clkbuf_0_clk/X (sky130_fd_sc_hd__clkbuf_16)
                                                         clknet_0_clk (net)
                      0.150942    0.002023    0.424058 ^ clkbuf_3_0__f_clk/A (sky130_fd_sc_hd__clkbuf_16)
     7    0.037861    0.091381    0.284087    0.708145 ^ clkbuf_3_0__f_clk/X (sky130_fd_sc_hd__clkbuf_16)
                                                         clknet_3_0__leaf_clk (net)
                      0.091381    0.000404    0.708549 ^ _832_/CLK (sky130_fd_sc_hd__dfrtp_1)
     3    0.018290    0.267951    0.808534    1.517083 ^ _832_/Q (sky130_fd_sc_hd__dfrtp_1)
                                                         b_high[0] (net)
                      0.267951    0.000143    1.517226 ^ fanout39/A (sky130_fd_sc_hd__buf_6)
    10    0.039207    0.138215    0.318388    1.835614 ^ fanout39/X (sky130_fd_sc_hd__buf_6)
                                                         net39 (net)
                      0.138225    0.001311    1.836925 ^ _384_/B (sky130_fd_sc_hd__and4_1)
     4    0.008931    0.187599    0.471401    2.308326 ^ _384_/X (sky130_fd_sc_hd__and4_1)
                                                         _125_ (net)
                      0.187599    0.000063    2.308390 ^ _388_/B_N (sky130_fd_sc_hd__and4bb_1)
     3    0.007347    0.113304    0.513182    2.821572 v _388_/X (sky130_fd_sc_hd__and4bb_1)
                                                         _129_ (net)
                      0.113304    0.000057    2.821629 v _412_/B (sky130_fd_sc_hd__or3_1)
     1    0.003161    0.138549    0.810722    3.632350 v _412_/X (sky130_fd_sc_hd__or3_1)
                                                         _151_ (net)
                      0.138549    0.000040    3.632391 v _413_/B (sky130_fd_sc_hd__and2_1)
     2    0.008193    0.110719    0.393622    4.026013 v _413_/X (sky130_fd_sc_hd__and2_1)
                                                         _152_ (net)
                      0.110719    0.000073    4.026086 v _415_/B (sky130_fd_sc_hd__xnor2_1)
     2    0.007893    0.362279    0.356580    4.382666 ^ _415_/Y (sky130_fd_sc_hd__xnor2_1)
                                                         _154_ (net)
                      0.362279    0.000040    4.382705 ^ _417_/A (sky130_fd_sc_hd__nand2_1)
     2    0.004818    0.139879    0.228473    4.611178 v _417_/Y (sky130_fd_sc_hd__nand2_1)
                                                         _156_ (net)
                      0.139879    0.000038    4.611216 v _430_/A1 (sky130_fd_sc_hd__o21ba_1)
     2    0.004849    0.082173    0.380108    4.991323 v _430_/X (sky130_fd_sc_hd__o21ba_1)
                                                         _167_ (net)
                      0.082173    0.000040    4.991364 v _431_/B (sky130_fd_sc_hd__nor2_1)
     2    0.006207    0.228090    0.216737    5.208101 ^ _431_/Y (sky130_fd_sc_hd__nor2_1)
                                                         _168_ (net)
                      0.228090    0.000059    5.208160 ^ _433_/A (sky130_fd_sc_hd__nor2_1)
     1    0.002246    0.065903    0.140160    5.348320 v _433_/Y (sky130_fd_sc_hd__nor2_1)
                                                         _046_ (net)
                      0.065903    0.000012    5.348332 v _818_/D (sky130_fd_sc_hd__dfrtp_1)
                                              5.348332   data arrival time

                                  5.000000    5.000000   clock clk (rise edge)
                                  0.000000    5.000000   clock source latency
     1    0.018438    0.139138    0.094684    5.094684 ^ clk (in)
                                                         clk (net)
                      0.139150    0.000000    5.094684 ^ clkbuf_0_clk/A (sky130_fd_sc_hd__clkbuf_16)
     8    0.081844    0.150915    0.327351    5.422035 ^ clkbuf_0_clk/X (sky130_fd_sc_hd__clkbuf_16)
                                                         clknet_0_clk (net)
                      0.150921    0.001227    5.423263 ^ clkbuf_3_7__f_clk/A (sky130_fd_sc_hd__clkbuf_16)
    13    0.037044    0.090375    0.282582    5.705844 ^ clkbuf_3_7__f_clk/X (sky130_fd_sc_hd__clkbuf_16)
                                                         clknet_3_7__leaf_clk (net)
                      0.090392    0.001242    5.707087 ^ _818_/CLK (sky130_fd_sc_hd__dfrtp_1)
                                 -0.250000    5.457087   clock uncertainty
                                  0.000000    5.457087   clock reconvergence pessimism
                                 -0.269422    5.187665   library setup time
                                              5.187665   data required time
---------------------------------------------------------------------------------------------
                                              5.187665   data required time
                                             -5.348332   data arrival time
---------------------------------------------------------------------------------------------
                                             -0.160667   slack (VIOLATED)




===========================================================================
report_checks --slack_max -0.01
============================================================================
======================= min_ss_100C_1v60 Corner ===================================

Startpoint: _832_ (rising edge-triggered flip-flop clocked by clk)
Endpoint: _818_ (rising edge-triggered flip-flop clocked by clk)
Path Group: clk
Path Type: max

Fanout         Cap        Slew       Delay        Time   Description
---------------------------------------------------------------------------------------------
                                  0.000000    0.000000   clock clk (rise edge)
                                  0.000000    0.000000   clock source latency
     1    0.018438    0.139138    0.094684    0.094684 ^ clk (in)
                                                         clk (net)
                      0.139150    0.000000    0.094684 ^ clkbuf_0_clk/A (sky130_fd_sc_hd__clkbuf_16)
     8    0.081844    0.150915    0.327352    0.422035 ^ clkbuf_0_clk/X (sky130_fd_sc_hd__clkbuf_16)
                                                         clknet_0_clk (net)
                      0.150942    0.002023    0.424058 ^ clkbuf_3_0__f_clk/A (sky130_fd_sc_hd__clkbuf_16)
     7    0.037861    0.091381    0.284087    0.708145 ^ clkbuf_3_0__f_clk/X (sky130_fd_sc_hd__clkbuf_16)
                                                         clknet_3_0__leaf_clk (net)
                      0.091381    0.000404    0.708549 ^ _832_/CLK (sky130_fd_sc_hd__dfrtp_1)
     3    0.018290    0.267951    0.808534    1.517083 ^ _832_/Q (sky130_fd_sc_hd__dfrtp_1)
                                                         b_high[0] (net)
                      0.267951    0.000143    1.517226 ^ fanout39/A (sky130_fd_sc_hd__buf_6)
    10    0.039207    0.138215    0.318388    1.835614 ^ fanout39/X (sky130_fd_sc_hd__buf_6)
                                                         net39 (net)
                      0.138225    0.001311    1.836925 ^ _384_/B (sky130_fd_sc_hd__and4_1)
     4    0.008931    0.187599    0.471401    2.308326 ^ _384_/X (sky130_fd_sc_hd__and4_1)
                                                         _125_ (net)
                      0.187599    0.000063    2.308390 ^ _388_/B_N (sky130_fd_sc_hd__and4bb_1)
     3    0.007347    0.113304    0.513182    2.821572 v _388_/X (sky130_fd_sc_hd__and4bb_1)
                                                         _129_ (net)
                      0.113304    0.000057    2.821629 v _412_/B (sky130_fd_sc_hd__or3_1)
     1    0.003161    0.138549    0.810722    3.632350 v _412_/X (sky130_fd_sc_hd__or3_1)
                                                         _151_ (net)
                      0.138549    0.000040    3.632391 v _413_/B (sky130_fd_sc_hd__and2_1)
     2    0.008193    0.110719    0.393622    4.026013 v _413_/X (sky130_fd_sc_hd__and2_1)
                                                         _152_ (net)
                      0.110719    0.000073    4.026086 v _415_/B (sky130_fd_sc_hd__xnor2_1)
     2    0.007893    0.362279    0.356580    4.382666 ^ _415_/Y (sky130_fd_sc_hd__xnor2_1)
                                                         _154_ (net)
                      0.362279    0.000040    4.382705 ^ _417_/A (sky130_fd_sc_hd__nand2_1)
     2    0.004818    0.139879    0.228473    4.611178 v _417_/Y (sky130_fd_sc_hd__nand2_1)
                                                         _156_ (net)
                      0.139879    0.000038    4.611216 v _430_/A1 (sky130_fd_sc_hd__o21ba_1)
     2    0.004849    0.082173    0.380108    4.991323 v _430_/X (sky130_fd_sc_hd__o21ba_1)
                                                         _167_ (net)
                      0.082173    0.000040    4.991364 v _431_/B (sky130_fd_sc_hd__nor2_1)
     2    0.006207    0.228090    0.216737    5.208101 ^ _431_/Y (sky130_fd_sc_hd__nor2_1)
                                                         _168_ (net)
                      0.228090    0.000059    5.208160 ^ _433_/A (sky130_fd_sc_hd__nor2_1)
     1    0.002246    0.065903    0.140160    5.348320 v _433_/Y (sky130_fd_sc_hd__nor2_1)
                                                         _046_ (net)
                      0.065903    0.000012    5.348332 v _818_/D (sky130_fd_sc_hd__dfrtp_1)
                                              5.348332   data arrival time

                                  5.000000    5.000000   clock clk (rise edge)
                                  0.000000    5.000000   clock source latency
     1    0.018438    0.139138    0.094684    5.094684 ^ clk (in)
                                                         clk (net)
                      0.139150    0.000000    5.094684 ^ clkbuf_0_clk/A (sky130_fd_sc_hd__clkbuf_16)
     8    0.081844    0.150915    0.327351    5.422035 ^ clkbuf_0_clk/X (sky130_fd_sc_hd__clkbuf_16)
                                                         clknet_0_clk (net)
                      0.150921    0.001227    5.423263 ^ clkbuf_3_7__f_clk/A (sky130_fd_sc_hd__clkbuf_16)
    13    0.037044    0.090375    0.282582    5.705844 ^ clkbuf_3_7__f_clk/X (sky130_fd_sc_hd__clkbuf_16)
                                                         clknet_3_7__leaf_clk (net)
                      0.090392    0.001242    5.707087 ^ _818_/CLK (sky130_fd_sc_hd__dfrtp_1)
                                 -0.250000    5.457087   clock uncertainty
                                  0.000000    5.457087   clock reconvergence pessimism
                                 -0.269422    5.187665   library setup time
                                              5.187665   data required time
---------------------------------------------------------------------------------------------
                                              5.187665   data required time
                                             -5.348332   data arrival time
---------------------------------------------------------------------------------------------
                                             -0.160667   slack (VIOLATED)




===========================================================================
 report_check_types -max_slew -max_cap -max_fanout -violators
============================================================================
======================= min_ss_100C_1v60 Corner ===================================

max fanout

Pin                                   Limit Fanout  Slack
---------------------------------------------------------
clkbuf_3_7__f_clk/X                      10     13     -3 (VIOLATED)
clkbuf_3_2__f_clk/X                      10     12     -2 (VIOLATED)
clkbuf_3_6__f_clk/X                      10     11        (VIOLATED)



===========================================================================
report_parasitic_annotation -report_unannotated
============================================================================
Found 7 unannotated drivers.
 clkload0/Y
 clkload1/Y
 clkload2/X
 clkload3/Y
 clkload4/Y
 clkload5/Y
 clkload6/Y
Found 0 partially unannotated drivers.

===========================================================================
max slew violation count 0
max fanout violation count 3
max cap violation count 0
============================================================================

===========================================================================
check_setup -verbose -unconstrained_endpoints -multiple_clock -no_clock -no_input_delay -loops -generated_clocks
===========================================================================
