Clock: clk
Sources: clk 
Generated: no
Virtual: yes
Propagated: no
Period: 5.000000

===========================================================================
report_clock_properties
============================================================================
Clock                   Period          Waveform
----------------------------------------------------
clk                   5.000000    0.000000  2.500000

===========================================================================
report_clock_latency
============================================================================
Clock clk
rise -> rise
    min     max
0.000000 0.000000 source latency
0.699948         network latency _770_/CLK
        0.708924 network latency _822_/CLK
---------------
0.699948 0.708924 latency
        0.008976 skew

fall -> fall
    min     max
0.000000 0.000000 source latency
0.655754         network latency _770_/CLK
        0.663830 network latency _821_/CLK
---------------
0.655754 0.663830 latency
        0.008076 skew



===========================================================================
report_clock_min_period
============================================================================
clk period_min = 5.16 fmax = 193.77
