
===========================================================================
report_checks -unconstrained
===========================================================================
======================= min_ff_n40C_1v95 Corner ===================================

Startpoint: rst (input port clocked by clk)
Endpoint: _834_ (recovery check against rising-edge clock clk)
Path Group: asynchronous
Path Type: max

Fanout         Cap        Slew       Delay        Time   Description
---------------------------------------------------------------------------------------------
                                  0.000000    0.000000   clock clk (rise edge)
                                  0.000000    0.000000   clock network delay (propagated)
                                  1.000000    1.000000 v input external delay
     1    0.002459    0.004233    0.001957    1.001957 v rst (in)
                                                         rst (net)
                      0.004233    0.000000    1.001957 v input17/A (sky130_fd_sc_hd__buf_1)
     3    0.018165    0.074075    0.092517    1.094473 v input17/X (sky130_fd_sc_hd__buf_1)
                                                         net17 (net)
                      0.074076    0.000301    1.094774 v fanout61/A (sky130_fd_sc_hd__clkbuf_4)
     7    0.041712    0.065861    0.148584    1.243359 v fanout61/X (sky130_fd_sc_hd__clkbuf_4)
                                                         net61 (net)
                      0.065889    0.001293    1.244652 v fanout60/A (sky130_fd_sc_hd__buf_4)
    10    0.058146    0.062761    0.142159    1.386811 v fanout60/X (sky130_fd_sc_hd__buf_4)
                                                         net60 (net)
                      0.062966    0.003115    1.389925 v _762_/A (sky130_fd_sc_hd__inv_2)
     1    0.004332    0.026753    0.042991    1.432916 ^ _762_/Y (sky130_fd_sc_hd__inv_2)
                                                         _122_ (net)
                      0.026754    0.000041    1.432957 ^ _834_/RESET_B (sky130_fd_sc_hd__dfrtp_1)
                                              1.432957   data arrival time

                                  5.000000    5.000000   clock clk (rise edge)
                                  0.000000    5.000000   clock source latency
     1    0.018507    0.066591    0.045806    5.045806 ^ clk (in)
                                                         clk (net)
                      0.066617    0.000000    5.045806 ^ clkbuf_0_clk/A (sky130_fd_sc_hd__clkbuf_16)
     8    0.082396    0.075769    0.129955    5.175760 ^ clkbuf_0_clk/X (sky130_fd_sc_hd__clkbuf_16)
                                                         clknet_0_clk (net)
                      0.075772    0.000651    5.176412 ^ clkbuf_3_5__f_clk/A (sky130_fd_sc_hd__clkbuf_16)
    10    0.035720    0.042410    0.106883    5.283294 ^ clkbuf_3_5__f_clk/X (sky130_fd_sc_hd__clkbuf_16)
                                                         clknet_3_5__leaf_clk (net)
                      0.042432    0.000939    5.284234 ^ _834_/CLK (sky130_fd_sc_hd__dfrtp_1)
                                 -0.250000    5.034234   clock uncertainty
                                  0.000000    5.034234   clock reconvergence pessimism
                                  0.146165    5.180399   library recovery time
                                              5.180399   data required time
---------------------------------------------------------------------------------------------
                                              5.180399   data required time
                                             -1.432957   data arrival time
---------------------------------------------------------------------------------------------
                                              3.747442   slack (MET)


Startpoint: _775_ (rising edge-triggered flip-flop clocked by clk)
Endpoint: product[11] (output port clocked by clk)
Path Group: clk
Path Type: max

Fanout         Cap        Slew       Delay        Time   Description
---------------------------------------------------------------------------------------------
                                  0.000000    0.000000   clock clk (rise edge)
                                  0.000000    0.000000   clock source latency
     1    0.018507    0.066591    0.045806    0.045806 ^ clk (in)
                                                         clk (net)
                      0.066617    0.000000    0.045806 ^ clkbuf_0_clk/A (sky130_fd_sc_hd__clkbuf_16)
     8    0.082396    0.075769    0.129955    0.175761 ^ clkbuf_0_clk/X (sky130_fd_sc_hd__clkbuf_16)
                                                         clknet_0_clk (net)
                      0.075838    0.001235    0.176996 ^ clkbuf_3_7__f_clk/A (sky130_fd_sc_hd__clkbuf_16)
    13    0.039449    0.044957    0.108900    0.285895 ^ clkbuf_3_7__f_clk/X (sky130_fd_sc_hd__clkbuf_16)
                                                         clknet_3_7__leaf_clk (net)
                      0.044974    0.000539    0.286434 ^ _775_/CLK (sky130_fd_sc_hd__dfrtp_1)
     1    0.002678    0.027417    0.223661    0.510096 v _775_/Q (sky130_fd_sc_hd__dfrtp_1)
                                                         net20 (net)
                      0.027417    0.000030    0.510126 v output20/A (sky130_fd_sc_hd__buf_2)
     1    0.034034    0.062246    0.116228    0.626355 v output20/X (sky130_fd_sc_hd__buf_2)
                                                         product[11] (net)
                      0.062246    0.000200    0.626555 v product[11] (out)
                                              0.626555   data arrival time

                                  5.000000    5.000000   clock clk (rise edge)
                                  0.000000    5.000000   clock network delay (propagated)
                                 -0.250000    4.750000   clock uncertainty
                                  0.000000    4.750000   clock reconvergence pessimism
                                 -1.000000    3.750000   output external delay
                                              3.750000   data required time
---------------------------------------------------------------------------------------------
                                              3.750000   data required time
                                             -0.626555   data arrival time
---------------------------------------------------------------------------------------------
                                              3.123445   slack (MET)




===========================================================================
report_checks --slack_max -0.01
============================================================================
======================= min_ff_n40C_1v95 Corner ===================================

No paths found.


===========================================================================
 report_check_types -max_slew -max_cap -max_fanout -violators
============================================================================
======================= min_ff_n40C_1v95 Corner ===================================

max fanout

Pin                                   Limit Fanout  Slack
---------------------------------------------------------
clkbuf_3_7__f_clk/X                      10     13     -3 (VIOLATED)
clkbuf_3_2__f_clk/X                      10     12     -2 (VIOLATED)
clkbuf_3_6__f_clk/X                      10     11        (VIOLATED)



===========================================================================
report_parasitic_annotation -report_unannotated
============================================================================
Found 7 unannotated drivers.
 clkload0/Y
 clkload1/Y
 clkload2/X
 clkload3/Y
 clkload4/Y
 clkload5/Y
 clkload6/Y
Found 0 partially unannotated drivers.

===========================================================================
max slew violation count 0
max fanout violation count 3
max cap violation count 0
============================================================================

===========================================================================
check_setup -verbose -unconstrained_endpoints -multiple_clock -no_clock -no_input_delay -loops -generated_clocks
===========================================================================
