Clock: clk
Sources: clk 
Generated: no
Virtual: yes
Propagated: no
Period: 5.000000

===========================================================================
report_clock_properties
============================================================================
Clock                   Period          Waveform
----------------------------------------------------
clk                   5.000000    0.000000  2.500000

===========================================================================
report_clock_latency
============================================================================
Clock clk
rise -> rise
    min     max
0.000000 0.000000 source latency
0.282897         network latency _807_/CLK
        0.287990 network latency _822_/CLK
---------------
0.282897 0.287990 latency
        0.005092 skew

fall -> fall
    min     max
0.000000 0.000000 source latency
0.253759         network latency _807_/CLK
        0.257719 network latency _822_/CLK
---------------
0.253759 0.257719 latency
        0.003960 skew



===========================================================================
report_clock_min_period
============================================================================
clk period_min = 1.78 fmax = 562.52
