
===========================================================================
report_checks -unconstrained
===========================================================================
======================= max_ss_100C_1v60 Corner ===================================

Startpoint: rst (input port clocked by clk)
Endpoint: _834_ (recovery check against rising-edge clock clk)
Path Group: asynchronous
Path Type: max

Fanout         Cap        Slew       Delay        Time   Description
---------------------------------------------------------------------------------------------
                                  0.000000    0.000000   clock clk (rise edge)
                                  0.000000    0.000000   clock network delay (propagated)
                                  1.000000    1.000000 v input external delay
     1    0.002427    0.017046    0.008100    1.008100 v rst (in)
                                                         rst (net)
                      0.017046    0.000000    1.008100 v input17/A (sky130_fd_sc_hd__buf_1)
     3    0.020129    0.233439    0.278135    1.286235 v input17/X (sky130_fd_sc_hd__buf_1)
                                                         net17 (net)
                      0.233439    0.000904    1.287139 v fanout61/A (sky130_fd_sc_hd__clkbuf_4)
     7    0.045384    0.174188    0.428601    1.715739 v fanout61/X (sky130_fd_sc_hd__clkbuf_4)
                                                         net61 (net)
                      0.174272    0.003597    1.719336 v fanout60/A (sky130_fd_sc_hd__buf_4)
    10    0.061454    0.158598    0.395634    2.114970 v fanout60/X (sky130_fd_sc_hd__buf_4)
                                                         net60 (net)
                      0.159468    0.009137    2.124107 v _762_/A (sky130_fd_sc_hd__inv_2)
     1    0.004128    0.060026    0.107953    2.232061 ^ _762_/Y (sky130_fd_sc_hd__inv_2)
                                                         _122_ (net)
                      0.060026    0.000215    2.232276 ^ _834_/RESET_B (sky130_fd_sc_hd__dfrtp_1)
                                              2.232276   data arrival time

                                  5.000000    5.000000   clock clk (rise edge)
                                  0.000000    5.000000   clock source latency
     1    0.019993    0.150062    0.102962    5.102962 ^ clk (in)
                                                         clk (net)
                      0.150116    0.000000    5.102962 ^ clkbuf_0_clk/A (sky130_fd_sc_hd__clkbuf_16)
     8    0.085895    0.156881    0.334822    5.437784 ^ clkbuf_0_clk/X (sky130_fd_sc_hd__clkbuf_16)
                                                         clknet_0_clk (net)
                      0.156975    0.003596    5.441380 ^ clkbuf_3_5__f_clk/A (sky130_fd_sc_hd__clkbuf_16)
    10    0.036291    0.089876    0.282864    5.724244 ^ clkbuf_3_5__f_clk/X (sky130_fd_sc_hd__clkbuf_16)
                                                         clknet_3_5__leaf_clk (net)
                      0.090092    0.003802    5.728046 ^ _834_/CLK (sky130_fd_sc_hd__dfrtp_1)
                                 -0.250000    5.478046   clock uncertainty
                                  0.000000    5.478046   clock reconvergence pessimism
                                  0.472961    5.951007   library recovery time
                                              5.951007   data required time
---------------------------------------------------------------------------------------------
                                              5.951007   data required time
                                             -2.232276   data arrival time
---------------------------------------------------------------------------------------------
                                              3.718732   slack (MET)


Startpoint: _828_ (rising edge-triggered flip-flop clocked by clk)
Endpoint: _795_ (rising edge-triggered flip-flop clocked by clk)
Path Group: clk
Path Type: max

Fanout         Cap        Slew       Delay        Time   Description
---------------------------------------------------------------------------------------------
                                  0.000000    0.000000   clock clk (rise edge)
                                  0.000000    0.000000   clock source latency
     1    0.019993    0.150062    0.102962    0.102962 ^ clk (in)
                                                         clk (net)
                      0.150116    0.000000    0.102962 ^ clkbuf_0_clk/A (sky130_fd_sc_hd__clkbuf_16)
     8    0.085895    0.156881    0.334822    0.437784 ^ clkbuf_0_clk/X (sky130_fd_sc_hd__clkbuf_16)
                                                         clknet_0_clk (net)
                      0.157293    0.005701    0.443485 ^ clkbuf_3_1__f_clk/A (sky130_fd_sc_hd__clkbuf_16)
     9    0.041136    0.095306    0.290582    0.734067 ^ clkbuf_3_1__f_clk/X (sky130_fd_sc_hd__clkbuf_16)
                                                         clknet_3_1__leaf_clk (net)
                      0.095423    0.002890    0.736957 ^ _828_/CLK (sky130_fd_sc_hd__dfrtp_1)
     2    0.016064    0.185230    0.865101    1.602058 v _828_/Q (sky130_fd_sc_hd__dfrtp_1)
                                                         b_low[0] (net)
                      0.185234    0.001188    1.603246 v fanout46/A (sky130_fd_sc_hd__buf_2)
    10    0.038223    0.182061    0.411674    2.014920 v fanout46/X (sky130_fd_sc_hd__buf_2)
                                                         net46 (net)
                      0.182064    0.001059    2.015980 v _495_/D (sky130_fd_sc_hd__and4_1)
     4    0.009911    0.130392    0.519268    2.535248 v _495_/X (sky130_fd_sc_hd__and4_1)
                                                         _225_ (net)
                      0.130392    0.000530    2.535778 v _497_/A_N (sky130_fd_sc_hd__and4bb_1)
     3    0.009714    0.196751    0.618135    3.153913 ^ _497_/X (sky130_fd_sc_hd__and4bb_1)
                                                         _227_ (net)
                      0.196751    0.000293    3.154207 ^ _500_/A2 (sky130_fd_sc_hd__o21a_1)
     3    0.011710    0.196355    0.347601    3.501808 ^ _500_/X (sky130_fd_sc_hd__o21a_1)
                                                         _230_ (net)
                      0.196355    0.000580    3.502388 ^ _503_/A (sky130_fd_sc_hd__nor2_1)
     2    0.008615    0.116621    0.174252    3.676640 v _503_/Y (sky130_fd_sc_hd__nor2_1)
                                                         _233_ (net)
                      0.116621    0.000319    3.676958 v _504_/C (sky130_fd_sc_hd__and3_1)
     2    0.007347    0.107619    0.424125    4.101083 v _504_/X (sky130_fd_sc_hd__and3_1)
                                                         _234_ (net)
                      0.107619    0.000230    4.101313 v _506_/C1 (sky130_fd_sc_hd__a211oi_1)
     2    0.008678    0.571222    0.516200    4.617513 ^ _506_/Y (sky130_fd_sc_hd__a211oi_1)
                                                         _236_ (net)
                      0.571222    0.000394    4.617907 ^ _520_/B1_N (sky130_fd_sc_hd__o21ba_1)
     2    0.008360    0.111216    0.486659    5.104566 v _520_/X (sky130_fd_sc_hd__o21ba_1)
                                                         _250_ (net)
                      0.111217    0.000544    5.105110 v _521_/A2 (sky130_fd_sc_hd__a21o_1)
     1    0.008674    0.105999    0.380713    5.485823 v _521_/X (sky130_fd_sc_hd__a21o_1)
                                                         _031_ (net)
                      0.106000    0.000556    5.486379 v _795_/D (sky130_fd_sc_hd__dfrtp_1)
                                              5.486379   data arrival time

                                  5.000000    5.000000   clock clk (rise edge)
                                  0.000000    5.000000   clock source latency
     1    0.019993    0.150062    0.102962    5.102962 ^ clk (in)
                                                         clk (net)
                      0.150116    0.000000    5.102962 ^ clkbuf_0_clk/A (sky130_fd_sc_hd__clkbuf_16)
     8    0.085895    0.156881    0.334822    5.437784 ^ clkbuf_0_clk/X (sky130_fd_sc_hd__clkbuf_16)
                                                         clknet_0_clk (net)
                      0.157037    0.004471    5.442255 ^ clkbuf_3_3__f_clk/A (sky130_fd_sc_hd__clkbuf_16)
     9    0.034552    0.086824    0.281460    5.723714 ^ clkbuf_3_3__f_clk/X (sky130_fd_sc_hd__clkbuf_16)
                                                         clknet_3_3__leaf_clk (net)
                      0.086848    0.001419    5.725133 ^ _795_/CLK (sky130_fd_sc_hd__dfrtp_1)
                                 -0.250000    5.475133   clock uncertainty
                                  0.000000    5.475133   clock reconvergence pessimism
                                 -0.287084    5.188050   library setup time
                                              5.188050   data required time
---------------------------------------------------------------------------------------------
                                              5.188050   data required time
                                             -5.486379   data arrival time
---------------------------------------------------------------------------------------------
                                             -0.298329   slack (VIOLATED)




===========================================================================
report_checks --slack_max -0.01
============================================================================
======================= max_ss_100C_1v60 Corner ===================================

Startpoint: _828_ (rising edge-triggered flip-flop clocked by clk)
Endpoint: _795_ (rising edge-triggered flip-flop clocked by clk)
Path Group: clk
Path Type: max

Fanout         Cap        Slew       Delay        Time   Description
---------------------------------------------------------------------------------------------
                                  0.000000    0.000000   clock clk (rise edge)
                                  0.000000    0.000000   clock source latency
     1    0.019993    0.150062    0.102962    0.102962 ^ clk (in)
                                                         clk (net)
                      0.150116    0.000000    0.102962 ^ clkbuf_0_clk/A (sky130_fd_sc_hd__clkbuf_16)
     8    0.085895    0.156881    0.334822    0.437784 ^ clkbuf_0_clk/X (sky130_fd_sc_hd__clkbuf_16)
                                                         clknet_0_clk (net)
                      0.157293    0.005701    0.443485 ^ clkbuf_3_1__f_clk/A (sky130_fd_sc_hd__clkbuf_16)
     9    0.041136    0.095306    0.290582    0.734067 ^ clkbuf_3_1__f_clk/X (sky130_fd_sc_hd__clkbuf_16)
                                                         clknet_3_1__leaf_clk (net)
                      0.095423    0.002890    0.736957 ^ _828_/CLK (sky130_fd_sc_hd__dfrtp_1)
     2    0.016064    0.185230    0.865101    1.602058 v _828_/Q (sky130_fd_sc_hd__dfrtp_1)
                                                         b_low[0] (net)
                      0.185234    0.001188    1.603246 v fanout46/A (sky130_fd_sc_hd__buf_2)
    10    0.038223    0.182061    0.411674    2.014920 v fanout46/X (sky130_fd_sc_hd__buf_2)
                                                         net46 (net)
                      0.182064    0.001059    2.015980 v _495_/D (sky130_fd_sc_hd__and4_1)
     4    0.009911    0.130392    0.519268    2.535248 v _495_/X (sky130_fd_sc_hd__and4_1)
                                                         _225_ (net)
                      0.130392    0.000530    2.535778 v _497_/A_N (sky130_fd_sc_hd__and4bb_1)
     3    0.009714    0.196751    0.618135    3.153913 ^ _497_/X (sky130_fd_sc_hd__and4bb_1)
                                                         _227_ (net)
                      0.196751    0.000293    3.154207 ^ _500_/A2 (sky130_fd_sc_hd__o21a_1)
     3    0.011710    0.196355    0.347601    3.501808 ^ _500_/X (sky130_fd_sc_hd__o21a_1)
                                                         _230_ (net)
                      0.196355    0.000580    3.502388 ^ _503_/A (sky130_fd_sc_hd__nor2_1)
     2    0.008615    0.116621    0.174252    3.676640 v _503_/Y (sky130_fd_sc_hd__nor2_1)
                                                         _233_ (net)
                      0.116621    0.000319    3.676958 v _504_/C (sky130_fd_sc_hd__and3_1)
     2    0.007347    0.107619    0.424125    4.101083 v _504_/X (sky130_fd_sc_hd__and3_1)
                                                         _234_ (net)
                      0.107619    0.000230    4.101313 v _506_/C1 (sky130_fd_sc_hd__a211oi_1)
     2    0.008678    0.571222    0.516200    4.617513 ^ _506_/Y (sky130_fd_sc_hd__a211oi_1)
                                                         _236_ (net)
                      0.571222    0.000394    4.617907 ^ _520_/B1_N (sky130_fd_sc_hd__o21ba_1)
     2    0.008360    0.111216    0.486659    5.104566 v _520_/X (sky130_fd_sc_hd__o21ba_1)
                                                         _250_ (net)
                      0.111217    0.000544    5.105110 v _521_/A2 (sky130_fd_sc_hd__a21o_1)
     1    0.008674    0.105999    0.380713    5.485823 v _521_/X (sky130_fd_sc_hd__a21o_1)
                                                         _031_ (net)
                      0.106000    0.000556    5.486379 v _795_/D (sky130_fd_sc_hd__dfrtp_1)
                                              5.486379   data arrival time

                                  5.000000    5.000000   clock clk (rise edge)
                                  0.000000    5.000000   clock source latency
     1    0.019993    0.150062    0.102962    5.102962 ^ clk (in)
                                                         clk (net)
                      0.150116    0.000000    5.102962 ^ clkbuf_0_clk/A (sky130_fd_sc_hd__clkbuf_16)
     8    0.085895    0.156881    0.334822    5.437784 ^ clkbuf_0_clk/X (sky130_fd_sc_hd__clkbuf_16)
                                                         clknet_0_clk (net)
                      0.157037    0.004471    5.442255 ^ clkbuf_3_3__f_clk/A (sky130_fd_sc_hd__clkbuf_16)
     9    0.034552    0.086824    0.281460    5.723714 ^ clkbuf_3_3__f_clk/X (sky130_fd_sc_hd__clkbuf_16)
                                                         clknet_3_3__leaf_clk (net)
                      0.086848    0.001419    5.725133 ^ _795_/CLK (sky130_fd_sc_hd__dfrtp_1)
                                 -0.250000    5.475133   clock uncertainty
                                  0.000000    5.475133   clock reconvergence pessimism
                                 -0.287084    5.188050   library setup time
                                              5.188050   data required time
---------------------------------------------------------------------------------------------
                                              5.188050   data required time
                                             -5.486379   data arrival time
---------------------------------------------------------------------------------------------
                                             -0.298329   slack (VIOLATED)




===========================================================================
 report_check_types -max_slew -max_cap -max_fanout -violators
============================================================================
======================= max_ss_100C_1v60 Corner ===================================

max fanout

Pin                                   Limit Fanout  Slack
---------------------------------------------------------
clkbuf_3_7__f_clk/X                      10     13     -3 (VIOLATED)
clkbuf_3_2__f_clk/X                      10     12     -2 (VIOLATED)
clkbuf_3_6__f_clk/X                      10     11        (VIOLATED)



===========================================================================
report_parasitic_annotation -report_unannotated
============================================================================
Found 7 unannotated drivers.
 clkload0/Y
 clkload1/Y
 clkload2/X
 clkload3/Y
 clkload4/Y
 clkload5/Y
 clkload6/Y
Found 0 partially unannotated drivers.

===========================================================================
max slew violation count 0
max fanout violation count 3
max cap violation count 0
============================================================================

===========================================================================
check_setup -verbose -unconstrained_endpoints -multiple_clock -no_clock -no_input_delay -loops -generated_clocks
===========================================================================
