Clock: clk
Sources: clk 
Generated: no
Virtual: yes
Propagated: no
Period: 5.000000

===========================================================================
report_clock_properties
============================================================================
Clock                   Period          Waveform
----------------------------------------------------
clk                   5.000000    0.000000  2.500000

===========================================================================
report_clock_latency
============================================================================
Clock clk
rise -> rise
    min     max
0.000000 0.000000 source latency
0.724611         network latency _772_/CLK
        0.737362 network latency _822_/CLK
---------------
0.724611 0.737362 latency
        0.012752 skew

fall -> fall
    min     max
0.000000 0.000000 source latency
0.673310         network latency _770_/CLK
        0.684186 network latency _822_/CLK
---------------
0.673310 0.684186 latency
        0.010876 skew



===========================================================================
report_clock_min_period
============================================================================
clk period_min = 5.30 fmax = 188.74
