Clock: clk
Sources: clk 
Generated: no
Virtual: yes
Propagated: no
Period: 6.250000

===========================================================================
report_clock_properties
============================================================================
Clock                   Period          Waveform
----------------------------------------------------
clk                   6.250000    0.000000  3.125000

===========================================================================
report_clock_latency
============================================================================
Clock clk
rise -> rise
    min     max
0.000000 0.000000 source latency
0.693155         network latency _806_/CLK
        0.702113 network latency _811_/CLK
---------------
0.693155 0.702113 latency
        0.008957 skew

fall -> fall
    min     max
0.000000 0.000000 source latency
0.650441         network latency _806_/CLK
        0.658490 network latency _811_/CLK
---------------
0.650441 0.658490 latency
        0.008049 skew



===========================================================================
report_clock_min_period
============================================================================
clk period_min = 6.30 fmax = 158.75
