Reading OpenROAD database at '/home/hassan-ul-haq/openlane2/designs/Multiplier/runs/300MHz/24-openroad-ioplacement/mult.odb'…
Reading library file at '/home/hassan-ul-haq/.volare/volare/sky130/versions/0fe599b2afb6708d281543108caf8310912f54af/sky130A/libs.ref/sky130_fd_sc_hd/lib/sky130_fd_sc_hd__tt_025C_1v80.lib'…
Reading design constraints file at '/nix/store/ss2cw3sxbrwwx9jl0rrppbw4kgcmgi2n-python3-3.11.9-env/lib/python3.11/site-packages/openlane/scripts/base.sdc'…
[INFO] Using clock clk…
[INFO] Setting output delay to: 0.6666
[INFO] Setting input delay to: 0.6666
[INFO] Setting load to: 0.033442
[INFO] Setting clock uncertainty to: 0.25
[INFO] Setting clock transition to: 0.1499999999999999944488848768742172978818416595458984375
[INFO] Setting timing derate to: 5%
[INFO] Setting RC values…
[INFO] Setting signal min routing layer to: met1 and clock min routing layer to met1. 
[INFO] Setting signal max routing layer to: met5 and clock max routing layer to met5. 
+ global_placement -density 0.621644 -timing_driven -routability_driven -pad_right 0 -pad_left 0 -init_wirelength_coef 0.25
[INFO GPL-0002] DBU: 1000
[INFO GPL-0003] SiteSize: (  0.460  2.720 ) um
[INFO GPL-0004] CoreBBox: (  5.520 10.880 ) ( 152.720 157.760 ) um
[INFO GPL-0006] NumInstances:              1302
[INFO GPL-0007] NumPlaceInstances:          886
[INFO GPL-0008] NumFixedInstances:          416
[INFO GPL-0009] NumDummyInstances:            0
[INFO GPL-0010] NumNets:                    904
[INFO GPL-0011] NumPins:                   2834
[INFO GPL-0012] DieBBox:  (  0.000  0.000 ) ( 158.640 169.360 ) um
[INFO GPL-0013] CoreBBox: (  5.520 10.880 ) ( 152.720 157.760 ) um
[INFO GPL-0016] CoreArea:             21620.736 um^2
[INFO GPL-0017] NonPlaceInstsArea:      790.758 um^2
[INFO GPL-0018] PlaceInstsArea:       10892.947 um^2
[INFO GPL-0019] Util:                    52.295 %
[INFO GPL-0020] StdInstsArea:         10892.947 um^2
[INFO GPL-0021] MacroInstsArea:           0.000 um^2
[InitialPlace]  Iter: 1 CG residual: 0.00152617 HPWL: 17210831
[InitialPlace]  Iter: 2 CG residual: 0.00000086 HPWL: 14373753
[InitialPlace]  Iter: 3 CG residual: 0.00000213 HPWL: 14439497
[InitialPlace]  Iter: 4 CG residual: 0.00000105 HPWL: 14490560
[InitialPlace]  Iter: 5 CG residual: 0.00000732 HPWL: 14487709
[INFO GPL-0031] FillerInit:NumGCells:      1057
[INFO GPL-0032] FillerInit:NumGNets:        904
[INFO GPL-0033] FillerInit:NumGPins:       2834
[INFO GPL-0023] TargetDensity:            0.622
[INFO GPL-0024] AvrgPlaceInstArea:       12.295 um^2
[INFO GPL-0025] IdealBinArea:            19.777 um^2
[INFO GPL-0026] IdealBinCnt:               1093
[INFO GPL-0027] TotalBinArea:         21620.736 um^2
[INFO GPL-0028] BinCnt:        32     32
[INFO GPL-0029] BinSize: (  4.600  4.590 )
[INFO GPL-0030] NumBins: 1024
[NesterovSolve] Iter:    1 overflow: 0.777 HPWL: 4536572
[INFO GPL-0100] Timing-driven: executing resizer for reweighting nets.
[INFO GPL-0101] Timing-driven: worst slack -2.32e-11
[INFO GPL-0103] Timing-driven: weighted 88 nets.
[NesterovSolve] Iter:   10 overflow: 0.722 HPWL: 4451158
[NesterovSolve] Iter:   20 overflow: 0.682 HPWL: 4567624
[NesterovSolve] Iter:   30 overflow: 0.658 HPWL: 4599266
[NesterovSolve] Iter:   40 overflow: 0.645 HPWL: 4629292
[NesterovSolve] Iter:   50 overflow: 0.641 HPWL: 4632973
[NesterovSolve] Iter:   60 overflow: 0.637 HPWL: 4620823
[NesterovSolve] Iter:   70 overflow: 0.640 HPWL: 4613432
[NesterovSolve] Iter:   80 overflow: 0.644 HPWL: 4610315
[NesterovSolve] Iter:   90 overflow: 0.646 HPWL: 4611067
[NesterovSolve] Iter:  100 overflow: 0.645 HPWL: 4616036
[NesterovSolve] Iter:  110 overflow: 0.643 HPWL: 4622293
[NesterovSolve] Iter:  120 overflow: 0.638 HPWL: 4630692
[INFO GPL-0100] Timing-driven: executing resizer for reweighting nets.
[INFO GPL-0101] Timing-driven: worst slack -1.41e-10
[INFO GPL-0103] Timing-driven: weighted 87 nets.
[NesterovSolve] Iter:  130 overflow: 0.633 HPWL: 4646851
[NesterovSolve] Iter:  140 overflow: 0.627 HPWL: 4675776
[NesterovSolve] Iter:  150 overflow: 0.619 HPWL: 4718915
[NesterovSolve] Iter:  160 overflow: 0.605 HPWL: 4777937
[NesterovSolve] Snapshot saved at iter = 163
[NesterovSolve] Iter:  170 overflow: 0.586 HPWL: 4853968
[NesterovSolve] Iter:  180 overflow: 0.563 HPWL: 4941152
[NesterovSolve] Iter:  190 overflow: 0.534 HPWL: 5053110
[NesterovSolve] Iter:  200 overflow: 0.505 HPWL: 5187819
[INFO GPL-0100] Timing-driven: executing resizer for reweighting nets.
[INFO GPL-0101] Timing-driven: worst slack -1.69e-10
[INFO GPL-0103] Timing-driven: weighted 89 nets.
[NesterovSolve] Iter:  210 overflow: 0.477 HPWL: 5318093
[NesterovSolve] Iter:  220 overflow: 0.445 HPWL: 5425143
[NesterovSolve] Iter:  230 overflow: 0.410 HPWL: 5534790
[NesterovSolve] Iter:  240 overflow: 0.376 HPWL: 5671703
[NesterovSolve] Iter:  250 overflow: 0.349 HPWL: 5835357
[NesterovSolve] Iter:  260 overflow: 0.318 HPWL: 5942165
[INFO GPL-0075] Routability numCall: 1 inflationIterCnt: 1 bloatIterCnt: 0
[INFO GPL-0036] TileBBox: (    0    0 ) ( 6900 6900 ) DBU
[INFO GPL-0038] TileCnt:      22   24
[INFO GPL-0040] NumTiles: 528
[INFO GPL-0081] TotalRouteOverflow: 0
[INFO GPL-0082] OverflowTileCnt: 0
[INFO GPL-0083] 0.5%RC: 0.7917200922966003
[INFO GPL-0084] 1.0%RC: 0.751771887143453
[INFO GPL-0085] 2.0%RC: 0.7252898812294006
[INFO GPL-0086] 5.0%RC: 0.6779143015543619
[INFO GPL-0087] FinalRC: 0.771746
[INFO GPL-0077] FinalRC lower than targetRC(1.01), routability not needed.
[NesterovSolve] Iter:  270 overflow: 0.294 HPWL: 5998895
[INFO GPL-0100] Timing-driven: executing resizer for reweighting nets.
[INFO GPL-0101] Timing-driven: worst slack -2.67e-10
[INFO GPL-0103] Timing-driven: weighted 90 nets.
[NesterovSolve] Iter:  280 overflow: 0.264 HPWL: 6048535
[NesterovSolve] Iter:  290 overflow: 0.236 HPWL: 6114255
[NesterovSolve] Iter:  300 overflow: 0.209 HPWL: 6166089
[INFO GPL-0100] Timing-driven: executing resizer for reweighting nets.
[INFO GPL-0101] Timing-driven: worst slack -3.02e-10
[INFO GPL-0103] Timing-driven: weighted 90 nets.
[NesterovSolve] Iter:  310 overflow: 0.182 HPWL: 6205117
[NesterovSolve] Iter:  320 overflow: 0.162 HPWL: 6241965
[NesterovSolve] Iter:  330 overflow: 0.144 HPWL: 6287641
[INFO GPL-0100] Timing-driven: executing resizer for reweighting nets.
[INFO GPL-0101] Timing-driven: worst slack -3.47e-10
[INFO GPL-0103] Timing-driven: weighted 89 nets.
[NesterovSolve] Iter:  340 overflow: 0.124 HPWL: 6308852
[NesterovSolve] Iter:  350 overflow: 0.109 HPWL: 6333608
[NesterovSolve] Finished with Overflow: 0.098854
[INFO] Setting RC values…
Setting global connections for newly added cells…
[INFO] Setting global connections...
Updating metrics…
Cell type report:                       Count       Area
  Fill cell                               108     405.39
  Tap cell                                308     385.37
  Inverter                                259     972.18
  Sequential cell                         247    6489.97
  Multi-Input combinational cell          380    3430.79
  Total                                  1302   11683.71
Writing OpenROAD database to '/home/hassan-ul-haq/openlane2/designs/Multiplier/runs/300MHz/27-openroad-globalplacement/mult.odb'…
Writing netlist to '/home/hassan-ul-haq/openlane2/designs/Multiplier/runs/300MHz/27-openroad-globalplacement/mult.nl.v'…
Writing powered netlist to '/home/hassan-ul-haq/openlane2/designs/Multiplier/runs/300MHz/27-openroad-globalplacement/mult.pnl.v'…
Writing layout to '/home/hassan-ul-haq/openlane2/designs/Multiplier/runs/300MHz/27-openroad-globalplacement/mult.def'…
Writing timing constraints to '/home/hassan-ul-haq/openlane2/designs/Multiplier/runs/300MHz/27-openroad-globalplacement/mult.sdc'…
