Clock: clk
Sources: clk 
Generated: no
Virtual: yes
Propagated: no
Period: 25.000000

===========================================================================
report_clock_properties
============================================================================
Clock                   Period          Waveform
----------------------------------------------------
clk                  25.000000    0.000000 12.500000

===========================================================================
report_clock_latency
============================================================================
Clock clk
rise -> rise
    min     max
0.000000 0.000000 source latency
0.241287         network latency _673_/CLK
        0.244855 network latency _661_/CLK
---------------
0.241287 0.244855 latency
        0.003568 skew

fall -> fall
    min     max
0.000000 0.000000 source latency
0.308316         network latency _673_/CLK
        0.310902 network latency _661_/CLK
---------------
0.308316 0.310902 latency
        0.002586 skew



===========================================================================
report_clock_min_period
============================================================================
clk period_min = 2.90 fmax = 345.04
