Clock: clk
Sources: clk 
Generated: no
Virtual: yes
Propagated: no
Period: 3.333000

===========================================================================
report_clock_properties
============================================================================
Clock                   Period          Waveform
----------------------------------------------------
clk                   3.333000    0.000000  1.666500

===========================================================================
report_clock_latency
============================================================================
Clock clk
rise -> rise
    min     max
0.000000 0.000000 source latency
0.414307         network latency _1325_/CLK
        0.432752 network latency _1438_/CLK
---------------
0.414307 0.432752 latency
        0.018445 skew

fall -> fall
    min     max
0.000000 0.000000 source latency
0.375576         network latency _1325_/CLK
        0.388361 network latency _1438_/CLK
---------------
0.375576 0.388361 latency
        0.012784 skew



===========================================================================
report_clock_min_period
============================================================================
clk period_min = 1.69 fmax = 591.92
