Clock: clk
Sources: clk 
Generated: no
Virtual: yes
Propagated: no
Period: 25.000000

===========================================================================
report_clock_properties
============================================================================
Clock                   Period          Waveform
----------------------------------------------------
clk                  25.000000    0.000000 12.500000

===========================================================================
report_clock_latency
============================================================================
Clock clk
rise -> rise
    min     max
0.000000 0.000000 source latency
0.244062         network latency _673_/CLK
        0.248449 network latency _661_/CLK
---------------
0.244062 0.248449 latency
        0.004387 skew

fall -> fall
    min     max
0.000000 0.000000 source latency
0.310993         network latency _673_/CLK
        0.314339 network latency _661_/CLK
---------------
0.310993 0.314339 latency
        0.003346 skew



===========================================================================
report_clock_min_period
============================================================================
clk period_min = 2.92 fmax = 342.13
