Clock: clk
Sources: clk 
Generated: no
Virtual: yes
Propagated: no
Period: 8.333000

===========================================================================
report_clock_properties
============================================================================
Clock                   Period          Waveform
----------------------------------------------------
clk                   8.333000    0.000000  4.166500

===========================================================================
report_clock_latency
============================================================================
Clock clk
rise -> rise
    min     max
0.000000 0.000000 source latency
0.336125         network latency _659_/CLK
        0.340355 network latency _680_/CLK
---------------
0.336125 0.340355 latency
        0.004230 skew

fall -> fall
    min     max
0.000000 0.000000 source latency
0.323726         network latency _659_/CLK
        0.327073 network latency _680_/CLK
---------------
0.323726 0.327073 latency
        0.003347 skew



===========================================================================
report_clock_min_period
============================================================================
clk period_min = 4.14 fmax = 241.33
