
===========================================================================
report_checks -path_delay min (Hold)
============================================================================
======================= nom_ss_100C_1v60 Corner ===================================

Startpoint: _34_ (rising edge-triggered flip-flop clocked by clk)
Endpoint: _08_ (rising edge-triggered flip-flop clocked by clk)
Path Group: clk
Path Type: min

Fanout         Cap        Slew       Delay        Time   Description
---------------------------------------------------------------------------------------------
                      0.000000    0.000000    0.000000   clock clk (rise edge)
                                  0.000000    0.000000   clock network delay (ideal)
                      0.000000    0.000000    0.000000 ^ _34_/CLK (sky130_fd_sc_hd__dfrtp_2)
     1    0.001853    0.064750    0.631255    0.631255 ^ _34_/Q (sky130_fd_sc_hd__dfrtp_2)
                                                         S_r3[0][0] (net)
                      0.064750    0.000000    0.631255 ^ _08_/D (sky130_fd_sc_hd__dfrtp_2)
                                              0.631255   data arrival time

                      0.000000    0.000000    0.000000   clock clk (rise edge)
                                  0.000000    0.000000   clock network delay (ideal)
                                  0.010000    0.010000   clock uncertainty
                                  0.000000    0.010000   clock reconvergence pessimism
                                              0.010000 ^ _08_/CLK (sky130_fd_sc_hd__dfrtp_2)
                                 -0.087186   -0.077186   library hold time
                                             -0.077186   data required time
---------------------------------------------------------------------------------------------
                                             -0.077186   data required time
                                             -0.631255   data arrival time
---------------------------------------------------------------------------------------------
                                              0.708440   slack (MET)


Startpoint: _35_ (rising edge-triggered flip-flop clocked by clk)
Endpoint: _09_ (rising edge-triggered flip-flop clocked by clk)
Path Group: clk
Path Type: min

Fanout         Cap        Slew       Delay        Time   Description
---------------------------------------------------------------------------------------------
                      0.000000    0.000000    0.000000   clock clk (rise edge)
                                  0.000000    0.000000   clock network delay (ideal)
                      0.000000    0.000000    0.000000 ^ _35_/CLK (sky130_fd_sc_hd__dfrtp_2)
     1    0.001853    0.064750    0.631255    0.631255 ^ _35_/Q (sky130_fd_sc_hd__dfrtp_2)
                                                         S_r3[0][1] (net)
                      0.064750    0.000000    0.631255 ^ _09_/D (sky130_fd_sc_hd__dfrtp_2)
                                              0.631255   data arrival time

                      0.000000    0.000000    0.000000   clock clk (rise edge)
                                  0.000000    0.000000   clock network delay (ideal)
                                  0.010000    0.010000   clock uncertainty
                                  0.000000    0.010000   clock reconvergence pessimism
                                              0.010000 ^ _09_/CLK (sky130_fd_sc_hd__dfrtp_2)
                                 -0.087186   -0.077186   library hold time
                                             -0.077186   data required time
---------------------------------------------------------------------------------------------
                                             -0.077186   data required time
                                             -0.631255   data arrival time
---------------------------------------------------------------------------------------------
                                              0.708440   slack (MET)


Startpoint: _36_ (rising edge-triggered flip-flop clocked by clk)
Endpoint: _10_ (rising edge-triggered flip-flop clocked by clk)
Path Group: clk
Path Type: min

Fanout         Cap        Slew       Delay        Time   Description
---------------------------------------------------------------------------------------------
                      0.000000    0.000000    0.000000   clock clk (rise edge)
                                  0.000000    0.000000   clock network delay (ideal)
                      0.000000    0.000000    0.000000 ^ _36_/CLK (sky130_fd_sc_hd__dfrtp_2)
     1    0.001853    0.064750    0.631255    0.631255 ^ _36_/Q (sky130_fd_sc_hd__dfrtp_2)
                                                         S_r3[0][2] (net)
                      0.064750    0.000000    0.631255 ^ _10_/D (sky130_fd_sc_hd__dfrtp_2)
                                              0.631255   data arrival time

                      0.000000    0.000000    0.000000   clock clk (rise edge)
                                  0.000000    0.000000   clock network delay (ideal)
                                  0.010000    0.010000   clock uncertainty
                                  0.000000    0.010000   clock reconvergence pessimism
                                              0.010000 ^ _10_/CLK (sky130_fd_sc_hd__dfrtp_2)
                                 -0.087186   -0.077186   library hold time
                                             -0.077186   data required time
---------------------------------------------------------------------------------------------
                                             -0.077186   data required time
                                             -0.631255   data arrival time
---------------------------------------------------------------------------------------------
                                              0.708440   slack (MET)


Startpoint: _37_ (rising edge-triggered flip-flop clocked by clk)
Endpoint: _11_ (rising edge-triggered flip-flop clocked by clk)
Path Group: clk
Path Type: min

Fanout         Cap        Slew       Delay        Time   Description
---------------------------------------------------------------------------------------------
                      0.000000    0.000000    0.000000   clock clk (rise edge)
                                  0.000000    0.000000   clock network delay (ideal)
                      0.000000    0.000000    0.000000 ^ _37_/CLK (sky130_fd_sc_hd__dfrtp_2)
     1    0.001853    0.064750    0.631255    0.631255 ^ _37_/Q (sky130_fd_sc_hd__dfrtp_2)
                                                         S_r3[1][3] (net)
                      0.064750    0.000000    0.631255 ^ _11_/D (sky130_fd_sc_hd__dfrtp_2)
                                              0.631255   data arrival time

                      0.000000    0.000000    0.000000   clock clk (rise edge)
                                  0.000000    0.000000   clock network delay (ideal)
                                  0.010000    0.010000   clock uncertainty
                                  0.000000    0.010000   clock reconvergence pessimism
                                              0.010000 ^ _11_/CLK (sky130_fd_sc_hd__dfrtp_2)
                                 -0.087186   -0.077186   library hold time
                                             -0.077186   data required time
---------------------------------------------------------------------------------------------
                                             -0.077186   data required time
                                             -0.631255   data arrival time
---------------------------------------------------------------------------------------------
                                              0.708440   slack (MET)


Startpoint: _38_ (rising edge-triggered flip-flop clocked by clk)
Endpoint: _12_ (rising edge-triggered flip-flop clocked by clk)
Path Group: clk
Path Type: min

Fanout         Cap        Slew       Delay        Time   Description
---------------------------------------------------------------------------------------------
                      0.000000    0.000000    0.000000   clock clk (rise edge)
                                  0.000000    0.000000   clock network delay (ideal)
                      0.000000    0.000000    0.000000 ^ _38_/CLK (sky130_fd_sc_hd__dfrtp_2)
     1    0.001853    0.064750    0.631255    0.631255 ^ _38_/Q (sky130_fd_sc_hd__dfrtp_2)
                                                         S_r3[1][4] (net)
                      0.064750    0.000000    0.631255 ^ _12_/D (sky130_fd_sc_hd__dfrtp_2)
                                              0.631255   data arrival time

                      0.000000    0.000000    0.000000   clock clk (rise edge)
                                  0.000000    0.000000   clock network delay (ideal)
                                  0.010000    0.010000   clock uncertainty
                                  0.000000    0.010000   clock reconvergence pessimism
                                              0.010000 ^ _12_/CLK (sky130_fd_sc_hd__dfrtp_2)
                                 -0.087186   -0.077186   library hold time
                                             -0.077186   data required time
---------------------------------------------------------------------------------------------
                                             -0.077186   data required time
                                             -0.631255   data arrival time
---------------------------------------------------------------------------------------------
                                              0.708440   slack (MET)


Startpoint: _39_ (rising edge-triggered flip-flop clocked by clk)
Endpoint: _13_ (rising edge-triggered flip-flop clocked by clk)
Path Group: clk
Path Type: min

Fanout         Cap        Slew       Delay        Time   Description
---------------------------------------------------------------------------------------------
                      0.000000    0.000000    0.000000   clock clk (rise edge)
                                  0.000000    0.000000   clock network delay (ideal)
                      0.000000    0.000000    0.000000 ^ _39_/CLK (sky130_fd_sc_hd__dfrtp_2)
     1    0.001853    0.064750    0.631255    0.631255 ^ _39_/Q (sky130_fd_sc_hd__dfrtp_2)
                                                         S_r3[1][5] (net)
                      0.064750    0.000000    0.631255 ^ _13_/D (sky130_fd_sc_hd__dfrtp_2)
                                              0.631255   data arrival time

                      0.000000    0.000000    0.000000   clock clk (rise edge)
                                  0.000000    0.000000   clock network delay (ideal)
                                  0.010000    0.010000   clock uncertainty
                                  0.000000    0.010000   clock reconvergence pessimism
                                              0.010000 ^ _13_/CLK (sky130_fd_sc_hd__dfrtp_2)
                                 -0.087186   -0.077186   library hold time
                                             -0.077186   data required time
---------------------------------------------------------------------------------------------
                                             -0.077186   data required time
                                             -0.631255   data arrival time
---------------------------------------------------------------------------------------------
                                              0.708440   slack (MET)


Startpoint: _16_ (rising edge-triggered flip-flop clocked by clk)
Endpoint: _14_ (rising edge-triggered flip-flop clocked by clk)
Path Group: clk
Path Type: min

Fanout         Cap        Slew       Delay        Time   Description
---------------------------------------------------------------------------------------------
                      0.000000    0.000000    0.000000   clock clk (rise edge)
                                  0.000000    0.000000   clock network delay (ideal)
                      0.000000    0.000000    0.000000 ^ _16_/CLK (sky130_fd_sc_hd__dfrtp_2)
     1    0.001853    0.064750    0.631255    0.631255 ^ _16_/Q (sky130_fd_sc_hd__dfrtp_2)
                                                         PPs_r3_remain[0][6] (net)
                      0.064750    0.000000    0.631255 ^ _14_/D (sky130_fd_sc_hd__dfrtp_2)
                                              0.631255   data arrival time

                      0.000000    0.000000    0.000000   clock clk (rise edge)
                                  0.000000    0.000000   clock network delay (ideal)
                                  0.010000    0.010000   clock uncertainty
                                  0.000000    0.010000   clock reconvergence pessimism
                                              0.010000 ^ _14_/CLK (sky130_fd_sc_hd__dfrtp_2)
                                 -0.087186   -0.077186   library hold time
                                             -0.077186   data required time
---------------------------------------------------------------------------------------------
                                             -0.077186   data required time
                                             -0.631255   data arrival time
---------------------------------------------------------------------------------------------
                                              0.708440   slack (MET)


Startpoint: _17_ (rising edge-triggered flip-flop clocked by clk)
Endpoint: _15_ (rising edge-triggered flip-flop clocked by clk)
Path Group: clk
Path Type: min

Fanout         Cap        Slew       Delay        Time   Description
---------------------------------------------------------------------------------------------
                      0.000000    0.000000    0.000000   clock clk (rise edge)
                                  0.000000    0.000000   clock network delay (ideal)
                      0.000000    0.000000    0.000000 ^ _17_/CLK (sky130_fd_sc_hd__dfrtp_2)
     1    0.001853    0.064750    0.631255    0.631255 ^ _17_/Q (sky130_fd_sc_hd__dfrtp_2)
                                                         PPs_r3_remain[1][7] (net)
                      0.064750    0.000000    0.631255 ^ _15_/D (sky130_fd_sc_hd__dfrtp_2)
                                              0.631255   data arrival time

                      0.000000    0.000000    0.000000   clock clk (rise edge)
                                  0.000000    0.000000   clock network delay (ideal)
                                  0.010000    0.010000   clock uncertainty
                                  0.000000    0.010000   clock reconvergence pessimism
                                              0.010000 ^ _15_/CLK (sky130_fd_sc_hd__dfrtp_2)
                                 -0.087186   -0.077186   library hold time
                                             -0.077186   data required time
---------------------------------------------------------------------------------------------
                                             -0.077186   data required time
                                             -0.631255   data arrival time
---------------------------------------------------------------------------------------------
                                              0.708440   slack (MET)


Startpoint: _32_ (rising edge-triggered flip-flop clocked by clk)
Endpoint: _16_ (rising edge-triggered flip-flop clocked by clk)
Path Group: clk
Path Type: min

Fanout         Cap        Slew       Delay        Time   Description
---------------------------------------------------------------------------------------------
                      0.000000    0.000000    0.000000   clock clk (rise edge)
                                  0.000000    0.000000   clock network delay (ideal)
                      0.000000    0.000000    0.000000 ^ _32_/CLK (sky130_fd_sc_hd__dfrtp_2)
     1    0.001853    0.064750    0.631255    0.631255 ^ _32_/Q (sky130_fd_sc_hd__dfrtp_2)
                                                         PPs_r2[6][6] (net)
                      0.064750    0.000000    0.631255 ^ _16_/D (sky130_fd_sc_hd__dfrtp_2)
                                              0.631255   data arrival time

                      0.000000    0.000000    0.000000   clock clk (rise edge)
                                  0.000000    0.000000   clock network delay (ideal)
                                  0.010000    0.010000   clock uncertainty
                                  0.000000    0.010000   clock reconvergence pessimism
                                              0.010000 ^ _16_/CLK (sky130_fd_sc_hd__dfrtp_2)
                                 -0.087186   -0.077186   library hold time
                                             -0.077186   data required time
---------------------------------------------------------------------------------------------
                                             -0.077186   data required time
                                             -0.631255   data arrival time
---------------------------------------------------------------------------------------------
                                              0.708440   slack (MET)


Startpoint: _33_ (rising edge-triggered flip-flop clocked by clk)
Endpoint: _17_ (rising edge-triggered flip-flop clocked by clk)
Path Group: clk
Path Type: min

Fanout         Cap        Slew       Delay        Time   Description
---------------------------------------------------------------------------------------------
                      0.000000    0.000000    0.000000   clock clk (rise edge)
                                  0.000000    0.000000   clock network delay (ideal)
                      0.000000    0.000000    0.000000 ^ _33_/CLK (sky130_fd_sc_hd__dfrtp_2)
     1    0.001853    0.064750    0.631255    0.631255 ^ _33_/Q (sky130_fd_sc_hd__dfrtp_2)
                                                         PPs_r2[7][7] (net)
                      0.064750    0.000000    0.631255 ^ _17_/D (sky130_fd_sc_hd__dfrtp_2)
                                              0.631255   data arrival time

                      0.000000    0.000000    0.000000   clock clk (rise edge)
                                  0.000000    0.000000   clock network delay (ideal)
                                  0.010000    0.010000   clock uncertainty
                                  0.000000    0.010000   clock reconvergence pessimism
                                              0.010000 ^ _17_/CLK (sky130_fd_sc_hd__dfrtp_2)
                                 -0.087186   -0.077186   library hold time
                                             -0.077186   data required time
---------------------------------------------------------------------------------------------
                                             -0.077186   data required time
                                             -0.631255   data arrival time
---------------------------------------------------------------------------------------------
                                              0.708440   slack (MET)


Startpoint: _08_ (rising edge-triggered flip-flop clocked by clk)
Endpoint: _22_ (rising edge-triggered flip-flop clocked by clk)
Path Group: clk
Path Type: min

Fanout         Cap        Slew       Delay        Time   Description
---------------------------------------------------------------------------------------------
                      0.000000    0.000000    0.000000   clock clk (rise edge)
                                  0.000000    0.000000   clock network delay (ideal)
                      0.000000    0.000000    0.000000 ^ _08_/CLK (sky130_fd_sc_hd__dfrtp_2)
     1    0.001853    0.064750    0.631255    0.631255 ^ _08_/Q (sky130_fd_sc_hd__dfrtp_2)
                                                         S_r4[0] (net)
                      0.064750    0.000000    0.631255 ^ _22_/D (sky130_fd_sc_hd__dfrtp_2)
                                              0.631255   data arrival time

                      0.000000    0.000000    0.000000   clock clk (rise edge)
                                  0.000000    0.000000   clock network delay (ideal)
                                  0.010000    0.010000   clock uncertainty
                                  0.000000    0.010000   clock reconvergence pessimism
                                              0.010000 ^ _22_/CLK (sky130_fd_sc_hd__dfrtp_2)
                                 -0.087186   -0.077186   library hold time
                                             -0.077186   data required time
---------------------------------------------------------------------------------------------
                                             -0.077186   data required time
                                             -0.631255   data arrival time
---------------------------------------------------------------------------------------------
                                              0.708440   slack (MET)


Startpoint: _09_ (rising edge-triggered flip-flop clocked by clk)
Endpoint: _23_ (rising edge-triggered flip-flop clocked by clk)
Path Group: clk
Path Type: min

Fanout         Cap        Slew       Delay        Time   Description
---------------------------------------------------------------------------------------------
                      0.000000    0.000000    0.000000   clock clk (rise edge)
                                  0.000000    0.000000   clock network delay (ideal)
                      0.000000    0.000000    0.000000 ^ _09_/CLK (sky130_fd_sc_hd__dfrtp_2)
     1    0.001853    0.064750    0.631255    0.631255 ^ _09_/Q (sky130_fd_sc_hd__dfrtp_2)
                                                         S_r4[1] (net)
                      0.064750    0.000000    0.631255 ^ _23_/D (sky130_fd_sc_hd__dfrtp_2)
                                              0.631255   data arrival time

                      0.000000    0.000000    0.000000   clock clk (rise edge)
                                  0.000000    0.000000   clock network delay (ideal)
                                  0.010000    0.010000   clock uncertainty
                                  0.000000    0.010000   clock reconvergence pessimism
                                              0.010000 ^ _23_/CLK (sky130_fd_sc_hd__dfrtp_2)
                                 -0.087186   -0.077186   library hold time
                                             -0.077186   data required time
---------------------------------------------------------------------------------------------
                                             -0.077186   data required time
                                             -0.631255   data arrival time
---------------------------------------------------------------------------------------------
                                              0.708440   slack (MET)


Startpoint: _10_ (rising edge-triggered flip-flop clocked by clk)
Endpoint: _24_ (rising edge-triggered flip-flop clocked by clk)
Path Group: clk
Path Type: min

Fanout         Cap        Slew       Delay        Time   Description
---------------------------------------------------------------------------------------------
                      0.000000    0.000000    0.000000   clock clk (rise edge)
                                  0.000000    0.000000   clock network delay (ideal)
                      0.000000    0.000000    0.000000 ^ _10_/CLK (sky130_fd_sc_hd__dfrtp_2)
     1    0.001853    0.064750    0.631255    0.631255 ^ _10_/Q (sky130_fd_sc_hd__dfrtp_2)
                                                         S_r4[2] (net)
                      0.064750    0.000000    0.631255 ^ _24_/D (sky130_fd_sc_hd__dfrtp_2)
                                              0.631255   data arrival time

                      0.000000    0.000000    0.000000   clock clk (rise edge)
                                  0.000000    0.000000   clock network delay (ideal)
                                  0.010000    0.010000   clock uncertainty
                                  0.000000    0.010000   clock reconvergence pessimism
                                              0.010000 ^ _24_/CLK (sky130_fd_sc_hd__dfrtp_2)
                                 -0.087186   -0.077186   library hold time
                                             -0.077186   data required time
---------------------------------------------------------------------------------------------
                                             -0.077186   data required time
                                             -0.631255   data arrival time
---------------------------------------------------------------------------------------------
                                              0.708440   slack (MET)


Startpoint: _11_ (rising edge-triggered flip-flop clocked by clk)
Endpoint: _25_ (rising edge-triggered flip-flop clocked by clk)
Path Group: clk
Path Type: min

Fanout         Cap        Slew       Delay        Time   Description
---------------------------------------------------------------------------------------------
                      0.000000    0.000000    0.000000   clock clk (rise edge)
                                  0.000000    0.000000   clock network delay (ideal)
                      0.000000    0.000000    0.000000 ^ _11_/CLK (sky130_fd_sc_hd__dfrtp_2)
     1    0.001853    0.064750    0.631255    0.631255 ^ _11_/Q (sky130_fd_sc_hd__dfrtp_2)
                                                         S_r4[3] (net)
                      0.064750    0.000000    0.631255 ^ _25_/D (sky130_fd_sc_hd__dfrtp_2)
                                              0.631255   data arrival time

                      0.000000    0.000000    0.000000   clock clk (rise edge)
                                  0.000000    0.000000   clock network delay (ideal)
                                  0.010000    0.010000   clock uncertainty
                                  0.000000    0.010000   clock reconvergence pessimism
                                              0.010000 ^ _25_/CLK (sky130_fd_sc_hd__dfrtp_2)
                                 -0.087186   -0.077186   library hold time
                                             -0.077186   data required time
---------------------------------------------------------------------------------------------
                                             -0.077186   data required time
                                             -0.631255   data arrival time
---------------------------------------------------------------------------------------------
                                              0.708440   slack (MET)


Startpoint: _12_ (rising edge-triggered flip-flop clocked by clk)
Endpoint: _26_ (rising edge-triggered flip-flop clocked by clk)
Path Group: clk
Path Type: min

Fanout         Cap        Slew       Delay        Time   Description
---------------------------------------------------------------------------------------------
                      0.000000    0.000000    0.000000   clock clk (rise edge)
                                  0.000000    0.000000   clock network delay (ideal)
                      0.000000    0.000000    0.000000 ^ _12_/CLK (sky130_fd_sc_hd__dfrtp_2)
     1    0.001853    0.064750    0.631255    0.631255 ^ _12_/Q (sky130_fd_sc_hd__dfrtp_2)
                                                         S_r4[4] (net)
                      0.064750    0.000000    0.631255 ^ _26_/D (sky130_fd_sc_hd__dfrtp_2)
                                              0.631255   data arrival time

                      0.000000    0.000000    0.000000   clock clk (rise edge)
                                  0.000000    0.000000   clock network delay (ideal)
                                  0.010000    0.010000   clock uncertainty
                                  0.000000    0.010000   clock reconvergence pessimism
                                              0.010000 ^ _26_/CLK (sky130_fd_sc_hd__dfrtp_2)
                                 -0.087186   -0.077186   library hold time
                                             -0.077186   data required time
---------------------------------------------------------------------------------------------
                                             -0.077186   data required time
                                             -0.631255   data arrival time
---------------------------------------------------------------------------------------------
                                              0.708440   slack (MET)


Startpoint: _13_ (rising edge-triggered flip-flop clocked by clk)
Endpoint: _27_ (rising edge-triggered flip-flop clocked by clk)
Path Group: clk
Path Type: min

Fanout         Cap        Slew       Delay        Time   Description
---------------------------------------------------------------------------------------------
                      0.000000    0.000000    0.000000   clock clk (rise edge)
                                  0.000000    0.000000   clock network delay (ideal)
                      0.000000    0.000000    0.000000 ^ _13_/CLK (sky130_fd_sc_hd__dfrtp_2)
     1    0.001853    0.064750    0.631255    0.631255 ^ _13_/Q (sky130_fd_sc_hd__dfrtp_2)
                                                         S_r4[5] (net)
                      0.064750    0.000000    0.631255 ^ _27_/D (sky130_fd_sc_hd__dfrtp_2)
                                              0.631255   data arrival time

                      0.000000    0.000000    0.000000   clock clk (rise edge)
                                  0.000000    0.000000   clock network delay (ideal)
                                  0.010000    0.010000   clock uncertainty
                                  0.000000    0.010000   clock reconvergence pessimism
                                              0.010000 ^ _27_/CLK (sky130_fd_sc_hd__dfrtp_2)
                                 -0.087186   -0.077186   library hold time
                                             -0.077186   data required time
---------------------------------------------------------------------------------------------
                                             -0.077186   data required time
                                             -0.631255   data arrival time
---------------------------------------------------------------------------------------------
                                              0.708440   slack (MET)


Startpoint: _14_ (rising edge-triggered flip-flop clocked by clk)
Endpoint: _28_ (rising edge-triggered flip-flop clocked by clk)
Path Group: clk
Path Type: min

Fanout         Cap        Slew       Delay        Time   Description
---------------------------------------------------------------------------------------------
                      0.000000    0.000000    0.000000   clock clk (rise edge)
                                  0.000000    0.000000   clock network delay (ideal)
                      0.000000    0.000000    0.000000 ^ _14_/CLK (sky130_fd_sc_hd__dfrtp_2)
     1    0.001853    0.064750    0.631255    0.631255 ^ _14_/Q (sky130_fd_sc_hd__dfrtp_2)
                                                         S_r4[6] (net)
                      0.064750    0.000000    0.631255 ^ _28_/D (sky130_fd_sc_hd__dfrtp_2)
                                              0.631255   data arrival time

                      0.000000    0.000000    0.000000   clock clk (rise edge)
                                  0.000000    0.000000   clock network delay (ideal)
                                  0.010000    0.010000   clock uncertainty
                                  0.000000    0.010000   clock reconvergence pessimism
                                              0.010000 ^ _28_/CLK (sky130_fd_sc_hd__dfrtp_2)
                                 -0.087186   -0.077186   library hold time
                                             -0.077186   data required time
---------------------------------------------------------------------------------------------
                                             -0.077186   data required time
                                             -0.631255   data arrival time
---------------------------------------------------------------------------------------------
                                              0.708440   slack (MET)


Startpoint: _15_ (rising edge-triggered flip-flop clocked by clk)
Endpoint: _29_ (rising edge-triggered flip-flop clocked by clk)
Path Group: clk
Path Type: min

Fanout         Cap        Slew       Delay        Time   Description
---------------------------------------------------------------------------------------------
                      0.000000    0.000000    0.000000   clock clk (rise edge)
                                  0.000000    0.000000   clock network delay (ideal)
                      0.000000    0.000000    0.000000 ^ _15_/CLK (sky130_fd_sc_hd__dfrtp_2)
     1    0.001853    0.064750    0.631255    0.631255 ^ _15_/Q (sky130_fd_sc_hd__dfrtp_2)
                                                         S_r4[7] (net)
                      0.064750    0.000000    0.631255 ^ _29_/D (sky130_fd_sc_hd__dfrtp_2)
                                              0.631255   data arrival time

                      0.000000    0.000000    0.000000   clock clk (rise edge)
                                  0.000000    0.000000   clock network delay (ideal)
                                  0.010000    0.010000   clock uncertainty
                                  0.000000    0.010000   clock reconvergence pessimism
                                              0.010000 ^ _29_/CLK (sky130_fd_sc_hd__dfrtp_2)
                                 -0.087186   -0.077186   library hold time
                                             -0.077186   data required time
---------------------------------------------------------------------------------------------
                                             -0.077186   data required time
                                             -0.631255   data arrival time
---------------------------------------------------------------------------------------------
                                              0.708440   slack (MET)


Startpoint: _18_ (rising edge-triggered flip-flop clocked by clk)
Endpoint: _34_ (rising edge-triggered flip-flop clocked by clk)
Path Group: clk
Path Type: min

Fanout         Cap        Slew       Delay        Time   Description
---------------------------------------------------------------------------------------------
                      0.000000    0.000000    0.000000   clock clk (rise edge)
                                  0.000000    0.000000   clock network delay (ideal)
                      0.000000    0.000000    0.000000 ^ _18_/CLK (sky130_fd_sc_hd__dfrtp_2)
     1    0.001853    0.064750    0.631255    0.631255 ^ _18_/Q (sky130_fd_sc_hd__dfrtp_2)
                                                         PPs_r2[0][0] (net)
                      0.064750    0.000000    0.631255 ^ _34_/D (sky130_fd_sc_hd__dfrtp_2)
                                              0.631255   data arrival time

                      0.000000    0.000000    0.000000   clock clk (rise edge)
                                  0.000000    0.000000   clock network delay (ideal)
                                  0.010000    0.010000   clock uncertainty
                                  0.000000    0.010000   clock reconvergence pessimism
                                              0.010000 ^ _34_/CLK (sky130_fd_sc_hd__dfrtp_2)
                                 -0.087186   -0.077186   library hold time
                                             -0.077186   data required time
---------------------------------------------------------------------------------------------
                                             -0.077186   data required time
                                             -0.631255   data arrival time
---------------------------------------------------------------------------------------------
                                              0.708440   slack (MET)


Startpoint: _19_ (rising edge-triggered flip-flop clocked by clk)
Endpoint: _35_ (rising edge-triggered flip-flop clocked by clk)
Path Group: clk
Path Type: min

Fanout         Cap        Slew       Delay        Time   Description
---------------------------------------------------------------------------------------------
                      0.000000    0.000000    0.000000   clock clk (rise edge)
                                  0.000000    0.000000   clock network delay (ideal)
                      0.000000    0.000000    0.000000 ^ _19_/CLK (sky130_fd_sc_hd__dfrtp_2)
     1    0.001853    0.064750    0.631255    0.631255 ^ _19_/Q (sky130_fd_sc_hd__dfrtp_2)
                                                         PPs_r2[1][1] (net)
                      0.064750    0.000000    0.631255 ^ _35_/D (sky130_fd_sc_hd__dfrtp_2)
                                              0.631255   data arrival time

                      0.000000    0.000000    0.000000   clock clk (rise edge)
                                  0.000000    0.000000   clock network delay (ideal)
                                  0.010000    0.010000   clock uncertainty
                                  0.000000    0.010000   clock reconvergence pessimism
                                              0.010000 ^ _35_/CLK (sky130_fd_sc_hd__dfrtp_2)
                                 -0.087186   -0.077186   library hold time
                                             -0.077186   data required time
---------------------------------------------------------------------------------------------
                                             -0.077186   data required time
                                             -0.631255   data arrival time
---------------------------------------------------------------------------------------------
                                              0.708440   slack (MET)


Startpoint: _20_ (rising edge-triggered flip-flop clocked by clk)
Endpoint: _36_ (rising edge-triggered flip-flop clocked by clk)
Path Group: clk
Path Type: min

Fanout         Cap        Slew       Delay        Time   Description
---------------------------------------------------------------------------------------------
                      0.000000    0.000000    0.000000   clock clk (rise edge)
                                  0.000000    0.000000   clock network delay (ideal)
                      0.000000    0.000000    0.000000 ^ _20_/CLK (sky130_fd_sc_hd__dfrtp_2)
     1    0.001853    0.064750    0.631255    0.631255 ^ _20_/Q (sky130_fd_sc_hd__dfrtp_2)
                                                         PPs_r2[2][2] (net)
                      0.064750    0.000000    0.631255 ^ _36_/D (sky130_fd_sc_hd__dfrtp_2)
                                              0.631255   data arrival time

                      0.000000    0.000000    0.000000   clock clk (rise edge)
                                  0.000000    0.000000   clock network delay (ideal)
                                  0.010000    0.010000   clock uncertainty
                                  0.000000    0.010000   clock reconvergence pessimism
                                              0.010000 ^ _36_/CLK (sky130_fd_sc_hd__dfrtp_2)
                                 -0.087186   -0.077186   library hold time
                                             -0.077186   data required time
---------------------------------------------------------------------------------------------
                                             -0.077186   data required time
                                             -0.631255   data arrival time
---------------------------------------------------------------------------------------------
                                              0.708440   slack (MET)


Startpoint: _21_ (rising edge-triggered flip-flop clocked by clk)
Endpoint: _37_ (rising edge-triggered flip-flop clocked by clk)
Path Group: clk
Path Type: min

Fanout         Cap        Slew       Delay        Time   Description
---------------------------------------------------------------------------------------------
                      0.000000    0.000000    0.000000   clock clk (rise edge)
                                  0.000000    0.000000   clock network delay (ideal)
                      0.000000    0.000000    0.000000 ^ _21_/CLK (sky130_fd_sc_hd__dfrtp_2)
     1    0.001853    0.064750    0.631255    0.631255 ^ _21_/Q (sky130_fd_sc_hd__dfrtp_2)
                                                         PPs_r2[3][3] (net)
                      0.064750    0.000000    0.631255 ^ _37_/D (sky130_fd_sc_hd__dfrtp_2)
                                              0.631255   data arrival time

                      0.000000    0.000000    0.000000   clock clk (rise edge)
                                  0.000000    0.000000   clock network delay (ideal)
                                  0.010000    0.010000   clock uncertainty
                                  0.000000    0.010000   clock reconvergence pessimism
                                              0.010000 ^ _37_/CLK (sky130_fd_sc_hd__dfrtp_2)
                                 -0.087186   -0.077186   library hold time
                                             -0.077186   data required time
---------------------------------------------------------------------------------------------
                                             -0.077186   data required time
                                             -0.631255   data arrival time
---------------------------------------------------------------------------------------------
                                              0.708440   slack (MET)


Startpoint: _30_ (rising edge-triggered flip-flop clocked by clk)
Endpoint: _38_ (rising edge-triggered flip-flop clocked by clk)
Path Group: clk
Path Type: min

Fanout         Cap        Slew       Delay        Time   Description
---------------------------------------------------------------------------------------------
                      0.000000    0.000000    0.000000   clock clk (rise edge)
                                  0.000000    0.000000   clock network delay (ideal)
                      0.000000    0.000000    0.000000 ^ _30_/CLK (sky130_fd_sc_hd__dfrtp_2)
     1    0.001853    0.064750    0.631255    0.631255 ^ _30_/Q (sky130_fd_sc_hd__dfrtp_2)
                                                         PPs_r2[4][4] (net)
                      0.064750    0.000000    0.631255 ^ _38_/D (sky130_fd_sc_hd__dfrtp_2)
                                              0.631255   data arrival time

                      0.000000    0.000000    0.000000   clock clk (rise edge)
                                  0.000000    0.000000   clock network delay (ideal)
                                  0.010000    0.010000   clock uncertainty
                                  0.000000    0.010000   clock reconvergence pessimism
                                              0.010000 ^ _38_/CLK (sky130_fd_sc_hd__dfrtp_2)
                                 -0.087186   -0.077186   library hold time
                                             -0.077186   data required time
---------------------------------------------------------------------------------------------
                                             -0.077186   data required time
                                             -0.631255   data arrival time
---------------------------------------------------------------------------------------------
                                              0.708440   slack (MET)


Startpoint: _31_ (rising edge-triggered flip-flop clocked by clk)
Endpoint: _39_ (rising edge-triggered flip-flop clocked by clk)
Path Group: clk
Path Type: min

Fanout         Cap        Slew       Delay        Time   Description
---------------------------------------------------------------------------------------------
                      0.000000    0.000000    0.000000   clock clk (rise edge)
                                  0.000000    0.000000   clock network delay (ideal)
                      0.000000    0.000000    0.000000 ^ _31_/CLK (sky130_fd_sc_hd__dfrtp_2)
     1    0.001853    0.064750    0.631255    0.631255 ^ _31_/Q (sky130_fd_sc_hd__dfrtp_2)
                                                         PPs_r2[5][5] (net)
                      0.064750    0.000000    0.631255 ^ _39_/D (sky130_fd_sc_hd__dfrtp_2)
                                              0.631255   data arrival time

                      0.000000    0.000000    0.000000   clock clk (rise edge)
                                  0.000000    0.000000   clock network delay (ideal)
                                  0.010000    0.010000   clock uncertainty
                                  0.000000    0.010000   clock reconvergence pessimism
                                              0.010000 ^ _39_/CLK (sky130_fd_sc_hd__dfrtp_2)
                                 -0.087186   -0.077186   library hold time
                                             -0.077186   data required time
---------------------------------------------------------------------------------------------
                                             -0.077186   data required time
                                             -0.631255   data arrival time
---------------------------------------------------------------------------------------------
                                              0.708440   slack (MET)


Startpoint: _46_ (rising edge-triggered flip-flop clocked by clk)
Endpoint: _32_ (rising edge-triggered flip-flop clocked by clk)
Path Group: clk
Path Type: min

Fanout         Cap        Slew       Delay        Time   Description
---------------------------------------------------------------------------------------------
                      0.000000    0.000000    0.000000   clock clk (rise edge)
                                  0.000000    0.000000   clock network delay (ideal)
                      0.000000    0.000000    0.000000 ^ _46_/CLK (sky130_fd_sc_hd__dfrtp_2)
     1    0.001416    0.061009    0.626059    0.626059 ^ _46_/Q (sky130_fd_sc_hd__dfrtp_2)
                                                         a_r1[6] (net)
                      0.061009    0.000000    0.626059 ^ _00_/A (sky130_fd_sc_hd__and2_2)
     1    0.001853    0.061317    0.235734    0.861792 ^ _00_/X (sky130_fd_sc_hd__and2_2)
                                                         PPs_w[6][6] (net)
                      0.061317    0.000000    0.861792 ^ _32_/D (sky130_fd_sc_hd__dfrtp_2)
                                              0.861792   data arrival time

                      0.000000    0.000000    0.000000   clock clk (rise edge)
                                  0.000000    0.000000   clock network delay (ideal)
                                  0.010000    0.010000   clock uncertainty
                                  0.000000    0.010000   clock reconvergence pessimism
                                              0.010000 ^ _32_/CLK (sky130_fd_sc_hd__dfrtp_2)
                                 -0.086403   -0.076403   library hold time
                                             -0.076403   data required time
---------------------------------------------------------------------------------------------
                                             -0.076403   data required time
                                             -0.861792   data arrival time
---------------------------------------------------------------------------------------------
                                              0.938196   slack (MET)


Startpoint: _40_ (rising edge-triggered flip-flop clocked by clk)
Endpoint: _18_ (rising edge-triggered flip-flop clocked by clk)
Path Group: clk
Path Type: min

Fanout         Cap        Slew       Delay        Time   Description
---------------------------------------------------------------------------------------------
                      0.000000    0.000000    0.000000   clock clk (rise edge)
                                  0.000000    0.000000   clock network delay (ideal)
                      0.000000    0.000000    0.000000 ^ _40_/CLK (sky130_fd_sc_hd__dfrtp_2)
     1    0.001460    0.061422    0.626650    0.626650 ^ _40_/Q (sky130_fd_sc_hd__dfrtp_2)
                                                         a_r1[0] (net)
                      0.061422    0.000000    0.626650 ^ _06_/B (sky130_fd_sc_hd__and2_2)
     1    0.001853    0.061179    0.246652    0.873302 ^ _06_/X (sky130_fd_sc_hd__and2_2)
                                                         PPs_w[0][0] (net)
                      0.061179    0.000000    0.873302 ^ _18_/D (sky130_fd_sc_hd__dfrtp_2)
                                              0.873302   data arrival time

                      0.000000    0.000000    0.000000   clock clk (rise edge)
                                  0.000000    0.000000   clock network delay (ideal)
                                  0.010000    0.010000   clock uncertainty
                                  0.000000    0.010000   clock reconvergence pessimism
                                              0.010000 ^ _18_/CLK (sky130_fd_sc_hd__dfrtp_2)
                                 -0.086372   -0.076372   library hold time
                                             -0.076372   data required time
---------------------------------------------------------------------------------------------
                                             -0.076372   data required time
                                             -0.873302   data arrival time
---------------------------------------------------------------------------------------------
                                              0.949674   slack (MET)


Startpoint: _41_ (rising edge-triggered flip-flop clocked by clk)
Endpoint: _19_ (rising edge-triggered flip-flop clocked by clk)
Path Group: clk
Path Type: min

Fanout         Cap        Slew       Delay        Time   Description
---------------------------------------------------------------------------------------------
                      0.000000    0.000000    0.000000   clock clk (rise edge)
                                  0.000000    0.000000   clock network delay (ideal)
                      0.000000    0.000000    0.000000 ^ _41_/CLK (sky130_fd_sc_hd__dfrtp_2)
     1    0.001460    0.061422    0.626650    0.626650 ^ _41_/Q (sky130_fd_sc_hd__dfrtp_2)
                                                         a_r1[1] (net)
                      0.061422    0.000000    0.626650 ^ _05_/B (sky130_fd_sc_hd__and2_2)
     1    0.001853    0.061179    0.246652    0.873302 ^ _05_/X (sky130_fd_sc_hd__and2_2)
                                                         PPs_w[1][1] (net)
                      0.061179    0.000000    0.873302 ^ _19_/D (sky130_fd_sc_hd__dfrtp_2)
                                              0.873302   data arrival time

                      0.000000    0.000000    0.000000   clock clk (rise edge)
                                  0.000000    0.000000   clock network delay (ideal)
                                  0.010000    0.010000   clock uncertainty
                                  0.000000    0.010000   clock reconvergence pessimism
                                              0.010000 ^ _19_/CLK (sky130_fd_sc_hd__dfrtp_2)
                                 -0.086372   -0.076372   library hold time
                                             -0.076372   data required time
---------------------------------------------------------------------------------------------
                                             -0.076372   data required time
                                             -0.873302   data arrival time
---------------------------------------------------------------------------------------------
                                              0.949674   slack (MET)


Startpoint: _42_ (rising edge-triggered flip-flop clocked by clk)
Endpoint: _20_ (rising edge-triggered flip-flop clocked by clk)
Path Group: clk
Path Type: min

Fanout         Cap        Slew       Delay        Time   Description
---------------------------------------------------------------------------------------------
                      0.000000    0.000000    0.000000   clock clk (rise edge)
                                  0.000000    0.000000   clock network delay (ideal)
                      0.000000    0.000000    0.000000 ^ _42_/CLK (sky130_fd_sc_hd__dfrtp_2)
     1    0.001460    0.061422    0.626650    0.626650 ^ _42_/Q (sky130_fd_sc_hd__dfrtp_2)
                                                         a_r1[2] (net)
                      0.061422    0.000000    0.626650 ^ _04_/B (sky130_fd_sc_hd__and2_2)
     1    0.001853    0.061179    0.246652    0.873302 ^ _04_/X (sky130_fd_sc_hd__and2_2)
                                                         PPs_w[2][2] (net)
                      0.061179    0.000000    0.873302 ^ _20_/D (sky130_fd_sc_hd__dfrtp_2)
                                              0.873302   data arrival time

                      0.000000    0.000000    0.000000   clock clk (rise edge)
                                  0.000000    0.000000   clock network delay (ideal)
                                  0.010000    0.010000   clock uncertainty
                                  0.000000    0.010000   clock reconvergence pessimism
                                              0.010000 ^ _20_/CLK (sky130_fd_sc_hd__dfrtp_2)
                                 -0.086372   -0.076372   library hold time
                                             -0.076372   data required time
---------------------------------------------------------------------------------------------
                                             -0.076372   data required time
                                             -0.873302   data arrival time
---------------------------------------------------------------------------------------------
                                              0.949674   slack (MET)


Startpoint: _43_ (rising edge-triggered flip-flop clocked by clk)
Endpoint: _21_ (rising edge-triggered flip-flop clocked by clk)
Path Group: clk
Path Type: min

Fanout         Cap        Slew       Delay        Time   Description
---------------------------------------------------------------------------------------------
                      0.000000    0.000000    0.000000   clock clk (rise edge)
                                  0.000000    0.000000   clock network delay (ideal)
                      0.000000    0.000000    0.000000 ^ _43_/CLK (sky130_fd_sc_hd__dfrtp_2)
     1    0.001460    0.061422    0.626650    0.626650 ^ _43_/Q (sky130_fd_sc_hd__dfrtp_2)
                                                         a_r1[3] (net)
                      0.061422    0.000000    0.626650 ^ _03_/B (sky130_fd_sc_hd__and2_2)
     1    0.001853    0.061179    0.246652    0.873302 ^ _03_/X (sky130_fd_sc_hd__and2_2)
                                                         PPs_w[3][3] (net)
                      0.061179    0.000000    0.873302 ^ _21_/D (sky130_fd_sc_hd__dfrtp_2)
                                              0.873302   data arrival time

                      0.000000    0.000000    0.000000   clock clk (rise edge)
                                  0.000000    0.000000   clock network delay (ideal)
                                  0.010000    0.010000   clock uncertainty
                                  0.000000    0.010000   clock reconvergence pessimism
                                              0.010000 ^ _21_/CLK (sky130_fd_sc_hd__dfrtp_2)
                                 -0.086372   -0.076372   library hold time
                                             -0.076372   data required time
---------------------------------------------------------------------------------------------
                                             -0.076372   data required time
                                             -0.873302   data arrival time
---------------------------------------------------------------------------------------------
                                              0.949674   slack (MET)


Startpoint: _44_ (rising edge-triggered flip-flop clocked by clk)
Endpoint: _30_ (rising edge-triggered flip-flop clocked by clk)
Path Group: clk
Path Type: min

Fanout         Cap        Slew       Delay        Time   Description
---------------------------------------------------------------------------------------------
                      0.000000    0.000000    0.000000   clock clk (rise edge)
                                  0.000000    0.000000   clock network delay (ideal)
                      0.000000    0.000000    0.000000 ^ _44_/CLK (sky130_fd_sc_hd__dfrtp_2)
     1    0.001460    0.061422    0.626650    0.626650 ^ _44_/Q (sky130_fd_sc_hd__dfrtp_2)
                                                         a_r1[4] (net)
                      0.061422    0.000000    0.626650 ^ _02_/B (sky130_fd_sc_hd__and2_2)
     1    0.001853    0.061179    0.246652    0.873302 ^ _02_/X (sky130_fd_sc_hd__and2_2)
                                                         PPs_w[4][4] (net)
                      0.061179    0.000000    0.873302 ^ _30_/D (sky130_fd_sc_hd__dfrtp_2)
                                              0.873302   data arrival time

                      0.000000    0.000000    0.000000   clock clk (rise edge)
                                  0.000000    0.000000   clock network delay (ideal)
                                  0.010000    0.010000   clock uncertainty
                                  0.000000    0.010000   clock reconvergence pessimism
                                              0.010000 ^ _30_/CLK (sky130_fd_sc_hd__dfrtp_2)
                                 -0.086372   -0.076372   library hold time
                                             -0.076372   data required time
---------------------------------------------------------------------------------------------
                                             -0.076372   data required time
                                             -0.873302   data arrival time
---------------------------------------------------------------------------------------------
                                              0.949674   slack (MET)


Startpoint: _45_ (rising edge-triggered flip-flop clocked by clk)
Endpoint: _31_ (rising edge-triggered flip-flop clocked by clk)
Path Group: clk
Path Type: min

Fanout         Cap        Slew       Delay        Time   Description
---------------------------------------------------------------------------------------------
                      0.000000    0.000000    0.000000   clock clk (rise edge)
                                  0.000000    0.000000   clock network delay (ideal)
                      0.000000    0.000000    0.000000 ^ _45_/CLK (sky130_fd_sc_hd__dfrtp_2)
     1    0.001460    0.061422    0.626650    0.626650 ^ _45_/Q (sky130_fd_sc_hd__dfrtp_2)
                                                         a_r1[5] (net)
                      0.061422    0.000000    0.626650 ^ _01_/B (sky130_fd_sc_hd__and2_2)
     1    0.001853    0.061179    0.246652    0.873302 ^ _01_/X (sky130_fd_sc_hd__and2_2)
                                                         PPs_w[5][5] (net)
                      0.061179    0.000000    0.873302 ^ _31_/D (sky130_fd_sc_hd__dfrtp_2)
                                              0.873302   data arrival time

                      0.000000    0.000000    0.000000   clock clk (rise edge)
                                  0.000000    0.000000   clock network delay (ideal)
                                  0.010000    0.010000   clock uncertainty
                                  0.000000    0.010000   clock reconvergence pessimism
                                              0.010000 ^ _31_/CLK (sky130_fd_sc_hd__dfrtp_2)
                                 -0.086372   -0.076372   library hold time
                                             -0.076372   data required time
---------------------------------------------------------------------------------------------
                                             -0.076372   data required time
                                             -0.873302   data arrival time
---------------------------------------------------------------------------------------------
                                              0.949674   slack (MET)


Startpoint: _47_ (rising edge-triggered flip-flop clocked by clk)
Endpoint: _33_ (rising edge-triggered flip-flop clocked by clk)
Path Group: clk
Path Type: min

Fanout         Cap        Slew       Delay        Time   Description
---------------------------------------------------------------------------------------------
                      0.000000    0.000000    0.000000   clock clk (rise edge)
                                  0.000000    0.000000   clock network delay (ideal)
                      0.000000    0.000000    0.000000 ^ _47_/CLK (sky130_fd_sc_hd__dfrtp_2)
     1    0.001460    0.061422    0.626650    0.626650 ^ _47_/Q (sky130_fd_sc_hd__dfrtp_2)
                                                         a_r1[7] (net)
                      0.061422    0.000000    0.626650 ^ _07_/B (sky130_fd_sc_hd__and2_2)
     1    0.001853    0.061179    0.246652    0.873302 ^ _07_/X (sky130_fd_sc_hd__and2_2)
                                                         PPs_w[7][7] (net)
                      0.061179    0.000000    0.873302 ^ _33_/D (sky130_fd_sc_hd__dfrtp_2)
                                              0.873302   data arrival time

                      0.000000    0.000000    0.000000   clock clk (rise edge)
                                  0.000000    0.000000   clock network delay (ideal)
                                  0.010000    0.010000   clock uncertainty
                                  0.000000    0.010000   clock reconvergence pessimism
                                              0.010000 ^ _33_/CLK (sky130_fd_sc_hd__dfrtp_2)
                                 -0.086372   -0.076372   library hold time
                                             -0.076372   data required time
---------------------------------------------------------------------------------------------
                                             -0.076372   data required time
                                             -0.873302   data arrival time
---------------------------------------------------------------------------------------------
                                              0.949674   slack (MET)



