
===========================================================================
report_checks -unconstrained
===========================================================================
======================= max_ss_100C_1v60 Corner ===================================

Startpoint: _663_ (rising edge-triggered flip-flop clocked by clk)
Endpoint: product[14] (output port clocked by clk)
Path Group: clk
Path Type: max

Fanout         Cap        Slew       Delay        Time   Description
---------------------------------------------------------------------------------------------
                                  0.000000    0.000000   clock clk (rise edge)
                                  0.000000    0.000000   clock source latency
     1    0.020664    0.250000    0.000000    0.000000 ^ clk (in)
                                                         clk (net)
                      0.252576    0.001288    0.001288 ^ clkbuf_0_clk/A (sky130_fd_sc_hd__clkbuf_16)
     4    0.040724    0.095868    0.332143    0.333431 ^ clkbuf_0_clk/X (sky130_fd_sc_hd__clkbuf_16)
                                                         clknet_0_clk (net)
                      0.095952    0.002544    0.335975 ^ clkbuf_2_2__f_clk/A (sky130_fd_sc_hd__clkbuf_16)
     7    0.039269    0.093713    0.259748    0.595723 ^ clkbuf_2_2__f_clk/X (sky130_fd_sc_hd__clkbuf_16)
                                                         clknet_2_2__leaf_clk (net)
                      0.093834    0.002976    0.598699 ^ _663_/CLK (sky130_fd_sc_hd__dfrtp_1)
     1    0.003048    0.077763    0.744025    1.342724 v _663_/Q (sky130_fd_sc_hd__dfrtp_1)
                                                         net23 (net)
                      0.077763    0.000212    1.342936 v output23/A (sky130_fd_sc_hd__buf_1)
     1    0.000991    0.032700    0.145280    1.488216 v output23/X (sky130_fd_sc_hd__buf_1)
                                                         product[14] (net)
                      0.032700    0.000025    1.488241 v product[14] (out)
                                              1.488241   data arrival time

                                 25.000000   25.000000   clock clk (rise edge)
                                  0.000000   25.000000   clock network delay (propagated)
                                 -0.250000   24.750000   clock uncertainty
                                  0.000000   24.750000   clock reconvergence pessimism
                                -18.750000    6.000000   output external delay
                                              6.000000   data required time
---------------------------------------------------------------------------------------------
                                              6.000000   data required time
                                             -1.488241   data arrival time
---------------------------------------------------------------------------------------------
                                              4.511760   slack (MET)




===========================================================================
report_checks --slack_max -0.01
============================================================================
======================= max_ss_100C_1v60 Corner ===================================

No paths found.


===========================================================================
 report_check_types -max_slew -max_cap -max_fanout -violators
============================================================================
======================= max_ss_100C_1v60 Corner ===================================

max fanout

Pin                                   Limit Fanout  Slack
---------------------------------------------------------
clkbuf_2_0__f_clk/X                      10     12     -2 (VIOLATED)



===========================================================================
report_parasitic_annotation -report_unannotated
============================================================================
Found 3 unannotated drivers.
 clkload0/Y
 clkload1/Y
 clkload2/Y
Found 0 partially unannotated drivers.

===========================================================================
max slew violation count 0
max fanout violation count 1
max cap violation count 0
============================================================================

===========================================================================
check_setup -verbose -unconstrained_endpoints -multiple_clock -no_clock -no_input_delay -loops -generated_clocks
===========================================================================
Warning: There is 1 input port missing set_input_delay.
  rst
