Clock: clk
Sources: clk 
Generated: no
Virtual: yes
Propagated: no
Period: 25.000000

===========================================================================
report_clock_properties
============================================================================
Clock                   Period          Waveform
----------------------------------------------------
clk                  25.000000    0.000000 12.500000

===========================================================================
report_clock_latency
============================================================================
Clock clk
rise -> rise
    min     max
0.000000 0.000000 source latency
0.588415         network latency _673_/CLK
        0.598782 network latency _661_/CLK
---------------
0.588415 0.598782 latency
        0.010367 skew

fall -> fall
    min     max
0.000000 0.000000 source latency
0.642264         network latency _673_/CLK
        0.650690 network latency _661_/CLK
---------------
0.642264 0.650690 latency
        0.008426 skew



===========================================================================
report_clock_min_period
============================================================================
clk period_min = 9.01 fmax = 111.04
