
===========================================================================
report_checks -path_delay min (Hold)
============================================================================
======================= max_ss_100C_1v60 Corner ===================================

Startpoint: _673_ (rising edge-triggered flip-flop clocked by clk)
Endpoint: _681_ (rising edge-triggered flip-flop clocked by clk)
Path Group: clk
Path Type: min

Fanout         Cap        Slew       Delay        Time   Description
---------------------------------------------------------------------------------------------
                                  0.000000    0.000000   clock clk (rise edge)
                                  0.000000    0.000000   clock source latency
     1    0.020664    0.250000    0.000000    0.000000 ^ clk (in)
                                                         clk (net)
                      0.252576    0.001288    0.001288 ^ clkbuf_0_clk/A (sky130_fd_sc_hd__clkbuf_16)
     4    0.040724    0.095868    0.332143    0.333431 ^ clkbuf_0_clk/X (sky130_fd_sc_hd__clkbuf_16)
                                                         clknet_0_clk (net)
                      0.095941    0.002385    0.335816 ^ clkbuf_2_0__f_clk/A (sky130_fd_sc_hd__clkbuf_16)
    12    0.033148    0.085312    0.250655    0.586471 ^ clkbuf_2_0__f_clk/X (sky130_fd_sc_hd__clkbuf_16)
                                                         clknet_2_0__leaf_clk (net)
                      0.085359    0.001945    0.588415 ^ _673_/CLK (sky130_fd_sc_hd__dfrtp_1)
     5    0.015350    0.230063    0.777646    1.366062 ^ _673_/Q (sky130_fd_sc_hd__dfrtp_1)
                                                         b_reg[0] (net)
                      0.230063    0.000882    1.366943 ^ _322_/A (sky130_fd_sc_hd__and2_1)
     2    0.004137    0.097132    0.298958    1.665901 ^ _322_/X (sky130_fd_sc_hd__and2_1)
                                                         product_reg[0] (net)
                      0.097132    0.000207    1.666107 ^ _681_/D (sky130_fd_sc_hd__dfrtp_1)
                                              1.666107   data arrival time

                                  0.000000    0.000000   clock clk (rise edge)
                                  0.000000    0.000000   clock source latency
     1    0.020664    0.250000    0.000000    0.000000 ^ clk (in)
                                                         clk (net)
                      0.252576    0.001288    0.001288 ^ clkbuf_0_clk/A (sky130_fd_sc_hd__clkbuf_16)
     4    0.040724    0.095868    0.332143    0.333431 ^ clkbuf_0_clk/X (sky130_fd_sc_hd__clkbuf_16)
                                                         clknet_0_clk (net)
                      0.095932    0.002261    0.335692 ^ clkbuf_2_1__f_clk/A (sky130_fd_sc_hd__clkbuf_16)
     8    0.034280    0.086573    0.252640    0.588332 ^ clkbuf_2_1__f_clk/X (sky130_fd_sc_hd__clkbuf_16)
                                                         clknet_2_1__leaf_clk (net)
                      0.086658    0.002426    0.590759 ^ _681_/CLK (sky130_fd_sc_hd__dfrtp_1)
                                  0.125000    0.715759   clock uncertainty
                                  0.000000    0.715759   clock reconvergence pessimism
                                 -0.080398    0.635361   library hold time
                                              0.635361   data required time
---------------------------------------------------------------------------------------------
                                              0.635361   data required time
                                             -1.666107   data arrival time
---------------------------------------------------------------------------------------------
                                              1.030747   slack (MET)


Startpoint: _673_ (rising edge-triggered flip-flop clocked by clk)
Endpoint: _682_ (rising edge-triggered flip-flop clocked by clk)
Path Group: clk
Path Type: min

Fanout         Cap        Slew       Delay        Time   Description
---------------------------------------------------------------------------------------------
                                  0.000000    0.000000   clock clk (rise edge)
                                  0.000000    0.000000   clock source latency
     1    0.020664    0.250000    0.000000    0.000000 ^ clk (in)
                                                         clk (net)
                      0.252576    0.001288    0.001288 ^ clkbuf_0_clk/A (sky130_fd_sc_hd__clkbuf_16)
     4    0.040724    0.095868    0.332143    0.333431 ^ clkbuf_0_clk/X (sky130_fd_sc_hd__clkbuf_16)
                                                         clknet_0_clk (net)
                      0.095941    0.002385    0.335816 ^ clkbuf_2_0__f_clk/A (sky130_fd_sc_hd__clkbuf_16)
    12    0.033148    0.085312    0.250655    0.586471 ^ clkbuf_2_0__f_clk/X (sky130_fd_sc_hd__clkbuf_16)
                                                         clknet_2_0__leaf_clk (net)
                      0.085359    0.001945    0.588415 ^ _673_/CLK (sky130_fd_sc_hd__dfrtp_1)
     5    0.015350    0.230063    0.777646    1.366062 ^ _673_/Q (sky130_fd_sc_hd__dfrtp_1)
                                                         b_reg[0] (net)
                      0.230065    0.001158    1.367219 ^ _323_/A1 (sky130_fd_sc_hd__a22oi_1)
     1    0.002628    0.124875    0.225826    1.593046 v _323_/Y (sky130_fd_sc_hd__a22oi_1)
                                                         _292_ (net)
                      0.124875    0.000123    1.593168 v _325_/A (sky130_fd_sc_hd__nor2_1)
     1    0.002582    0.124127    0.182575    1.775743 ^ _325_/Y (sky130_fd_sc_hd__nor2_1)
                                                         product_reg[1] (net)
                      0.124127    0.000168    1.775911 ^ _682_/D (sky130_fd_sc_hd__dfrtp_1)
                                              1.775911   data arrival time

                                  0.000000    0.000000   clock clk (rise edge)
                                  0.000000    0.000000   clock source latency
     1    0.020664    0.250000    0.000000    0.000000 ^ clk (in)
                                                         clk (net)
                      0.252576    0.001288    0.001288 ^ clkbuf_0_clk/A (sky130_fd_sc_hd__clkbuf_16)
     4    0.040724    0.095868    0.332143    0.333431 ^ clkbuf_0_clk/X (sky130_fd_sc_hd__clkbuf_16)
                                                         clknet_0_clk (net)
                      0.095932    0.002261    0.335692 ^ clkbuf_2_1__f_clk/A (sky130_fd_sc_hd__clkbuf_16)
     8    0.034280    0.086573    0.252640    0.588332 ^ clkbuf_2_1__f_clk/X (sky130_fd_sc_hd__clkbuf_16)
                                                         clknet_2_1__leaf_clk (net)
                      0.086671    0.002583    0.590915 ^ _682_/CLK (sky130_fd_sc_hd__dfrtp_1)
                                  0.125000    0.715915   clock uncertainty
                                  0.000000    0.715915   clock reconvergence pessimism
                                 -0.086556    0.629359   library hold time
                                              0.629359   data required time
---------------------------------------------------------------------------------------------
                                              0.629359   data required time
                                             -1.775911   data arrival time
---------------------------------------------------------------------------------------------
                                              1.146552   slack (MET)


Startpoint: _672_ (rising edge-triggered flip-flop clocked by clk)
Endpoint: _664_ (rising edge-triggered flip-flop clocked by clk)
Path Group: clk
Path Type: min

Fanout         Cap        Slew       Delay        Time   Description
---------------------------------------------------------------------------------------------
                                  0.000000    0.000000   clock clk (rise edge)
                                  0.000000    0.000000   clock source latency
     1    0.020664    0.250000    0.000000    0.000000 ^ clk (in)
                                                         clk (net)
                      0.252576    0.001288    0.001288 ^ clkbuf_0_clk/A (sky130_fd_sc_hd__clkbuf_16)
     4    0.040724    0.095868    0.332143    0.333431 ^ clkbuf_0_clk/X (sky130_fd_sc_hd__clkbuf_16)
                                                         clknet_0_clk (net)
                      0.095941    0.002385    0.335816 ^ clkbuf_2_0__f_clk/A (sky130_fd_sc_hd__clkbuf_16)
    12    0.033148    0.085312    0.250655    0.586471 ^ clkbuf_2_0__f_clk/X (sky130_fd_sc_hd__clkbuf_16)
                                                         clknet_2_0__leaf_clk (net)
                      0.085553    0.003868    0.590339 ^ _672_/CLK (sky130_fd_sc_hd__dfrtp_1)
     2    0.013501    0.206936    0.760107    1.350446 ^ _672_/Q (sky130_fd_sc_hd__dfrtp_1)
                                                         a_reg[7] (net)
                      0.206936    0.000812    1.351258 ^ fanout46/A (sky130_fd_sc_hd__buf_1)
     5    0.015815    0.306664    0.376769    1.728027 ^ fanout46/X (sky130_fd_sc_hd__buf_1)
                                                         net46 (net)
                      0.306664    0.000810    1.728836 ^ _623_/C1 (sky130_fd_sc_hd__o311a_1)
     1    0.002736    0.081724    0.403571    2.132407 ^ _623_/X (sky130_fd_sc_hd__o311a_1)
                                                         _290_ (net)
                      0.081724    0.000170    2.132578 ^ _624_/B (sky130_fd_sc_hd__or2_1)
     1    0.002123    0.056628    0.156417    2.288994 ^ _624_/X (sky130_fd_sc_hd__or2_1)
                                                         product_reg[15] (net)
                      0.056628    0.000151    2.289146 ^ _664_/D (sky130_fd_sc_hd__dfrtp_1)
                                              2.289146   data arrival time

                                  0.000000    0.000000   clock clk (rise edge)
                                  0.000000    0.000000   clock source latency
     1    0.020664    0.250000    0.000000    0.000000 ^ clk (in)
                                                         clk (net)
                      0.252576    0.001288    0.001288 ^ clkbuf_0_clk/A (sky130_fd_sc_hd__clkbuf_16)
     4    0.040724    0.095868    0.332143    0.333431 ^ clkbuf_0_clk/X (sky130_fd_sc_hd__clkbuf_16)
                                                         clknet_0_clk (net)
                      0.095952    0.002544    0.335975 ^ clkbuf_2_2__f_clk/A (sky130_fd_sc_hd__clkbuf_16)
     7    0.039269    0.093713    0.259748    0.595723 ^ clkbuf_2_2__f_clk/X (sky130_fd_sc_hd__clkbuf_16)
                                                         clknet_2_2__leaf_clk (net)
                      0.093799    0.002563    0.598286 ^ _664_/CLK (sky130_fd_sc_hd__dfrtp_1)
                                  0.125000    0.723286   clock uncertainty
                                  0.000000    0.723286   clock reconvergence pessimism
                                 -0.069984    0.653302   library hold time
                                              0.653302   data required time
---------------------------------------------------------------------------------------------
                                              0.653302   data required time
                                             -2.289146   data arrival time
---------------------------------------------------------------------------------------------
                                              1.635844   slack (MET)


Startpoint: _675_ (rising edge-triggered flip-flop clocked by clk)
Endpoint: _683_ (rising edge-triggered flip-flop clocked by clk)
Path Group: clk
Path Type: min

Fanout         Cap        Slew       Delay        Time   Description
---------------------------------------------------------------------------------------------
                                  0.000000    0.000000   clock clk (rise edge)
                                  0.000000    0.000000   clock source latency
     1    0.020664    0.250000    0.000000    0.000000 ^ clk (in)
                                                         clk (net)
                      0.252576    0.001288    0.001288 ^ clkbuf_0_clk/A (sky130_fd_sc_hd__clkbuf_16)
     4    0.040724    0.095868    0.332143    0.333431 ^ clkbuf_0_clk/X (sky130_fd_sc_hd__clkbuf_16)
                                                         clknet_0_clk (net)
                      0.095941    0.002385    0.335816 ^ clkbuf_2_0__f_clk/A (sky130_fd_sc_hd__clkbuf_16)
    12    0.033148    0.085312    0.250655    0.586471 ^ clkbuf_2_0__f_clk/X (sky130_fd_sc_hd__clkbuf_16)
                                                         clknet_2_0__leaf_clk (net)
                      0.085403    0.002537    0.589008 ^ _675_/CLK (sky130_fd_sc_hd__dfrtp_4)
    10    0.042861    0.244755    0.965080    1.554088 ^ _675_/Q (sky130_fd_sc_hd__dfrtp_4)
                                                         b_reg[2] (net)
                      0.244851    0.004532    1.558620 ^ _326_/B (sky130_fd_sc_hd__nand2_1)
     1    0.004929    0.108222    0.195938    1.754557 v _326_/Y (sky130_fd_sc_hd__nand2_1)
                                                         _294_ (net)
                      0.108222    0.000240    1.754798 v _330_/A (sky130_fd_sc_hd__xnor2_1)
     2    0.004551    0.097371    0.251301    2.006099 v _330_/Y (sky130_fd_sc_hd__xnor2_1)
                                                         _298_ (net)
                      0.097371    0.000185    2.006284 v _331_/B (sky130_fd_sc_hd__nand2_1)
     3    0.007100    0.121675    0.155748    2.162032 ^ _331_/Y (sky130_fd_sc_hd__nand2_1)
                                                         _299_ (net)
                      0.121675    0.000345    2.162376 ^ _333_/A (sky130_fd_sc_hd__and2_1)
     1    0.002214    0.072010    0.229087    2.391464 ^ _333_/X (sky130_fd_sc_hd__and2_1)
                                                         product_reg[2] (net)
                      0.072010    0.000155    2.391619 ^ _683_/D (sky130_fd_sc_hd__dfrtp_1)
                                              2.391619   data arrival time

                                  0.000000    0.000000   clock clk (rise edge)
                                  0.000000    0.000000   clock source latency
     1    0.020664    0.250000    0.000000    0.000000 ^ clk (in)
                                                         clk (net)
                      0.252576    0.001288    0.001288 ^ clkbuf_0_clk/A (sky130_fd_sc_hd__clkbuf_16)
     4    0.040724    0.095868    0.332143    0.333431 ^ clkbuf_0_clk/X (sky130_fd_sc_hd__clkbuf_16)
                                                         clknet_0_clk (net)
                      0.095932    0.002261    0.335692 ^ clkbuf_2_1__f_clk/A (sky130_fd_sc_hd__clkbuf_16)
     8    0.034280    0.086573    0.252640    0.588332 ^ clkbuf_2_1__f_clk/X (sky130_fd_sc_hd__clkbuf_16)
                                                         clknet_2_1__leaf_clk (net)
                      0.086704    0.002925    0.591257 ^ _683_/CLK (sky130_fd_sc_hd__dfrtp_1)
                                  0.125000    0.716257   clock uncertainty
                                  0.000000    0.716257   clock reconvergence pessimism
                                 -0.074658    0.641599   library hold time
                                              0.641599   data required time
---------------------------------------------------------------------------------------------
                                              0.641599   data required time
                                             -2.391619   data arrival time
---------------------------------------------------------------------------------------------
                                              1.750020   slack (MET)


Startpoint: _675_ (rising edge-triggered flip-flop clocked by clk)
Endpoint: _684_ (rising edge-triggered flip-flop clocked by clk)
Path Group: clk
Path Type: min

Fanout         Cap        Slew       Delay        Time   Description
---------------------------------------------------------------------------------------------
                                  0.000000    0.000000   clock clk (rise edge)
                                  0.000000    0.000000   clock source latency
     1    0.020664    0.250000    0.000000    0.000000 ^ clk (in)
                                                         clk (net)
                      0.252576    0.001288    0.001288 ^ clkbuf_0_clk/A (sky130_fd_sc_hd__clkbuf_16)
     4    0.040724    0.095868    0.332143    0.333431 ^ clkbuf_0_clk/X (sky130_fd_sc_hd__clkbuf_16)
                                                         clknet_0_clk (net)
                      0.095941    0.002385    0.335816 ^ clkbuf_2_0__f_clk/A (sky130_fd_sc_hd__clkbuf_16)
    12    0.033148    0.085312    0.250655    0.586471 ^ clkbuf_2_0__f_clk/X (sky130_fd_sc_hd__clkbuf_16)
                                                         clknet_2_0__leaf_clk (net)
                      0.085403    0.002537    0.589008 ^ _675_/CLK (sky130_fd_sc_hd__dfrtp_4)
    10    0.042861    0.244755    0.965080    1.554088 ^ _675_/Q (sky130_fd_sc_hd__dfrtp_4)
                                                         b_reg[2] (net)
                      0.244851    0.004532    1.558620 ^ _326_/B (sky130_fd_sc_hd__nand2_1)
     1    0.004929    0.108222    0.195938    1.754557 v _326_/Y (sky130_fd_sc_hd__nand2_1)
                                                         _294_ (net)
                      0.108222    0.000240    1.754798 v _330_/A (sky130_fd_sc_hd__xnor2_1)
     2    0.004551    0.097371    0.251301    2.006099 v _330_/Y (sky130_fd_sc_hd__xnor2_1)
                                                         _298_ (net)
                      0.097371    0.000185    2.006284 v _331_/B (sky130_fd_sc_hd__nand2_1)
     3    0.007100    0.121675    0.155748    2.162032 ^ _331_/Y (sky130_fd_sc_hd__nand2_1)
                                                         _299_ (net)
                      0.121675    0.000447    2.162479 ^ _345_/A (sky130_fd_sc_hd__nor2_1)
     3    0.008358    0.082086    0.137053    2.299531 v _345_/Y (sky130_fd_sc_hd__nor2_1)
                                                         _312_ (net)
                      0.082086    0.000260    2.299792 v _347_/A (sky130_fd_sc_hd__nor2_1)
     1    0.002278    0.114425    0.159537    2.459329 ^ _347_/Y (sky130_fd_sc_hd__nor2_1)
                                                         product_reg[3] (net)
                      0.114425    0.000156    2.459485 ^ _684_/D (sky130_fd_sc_hd__dfrtp_1)
                                              2.459485   data arrival time

                                  0.000000    0.000000   clock clk (rise edge)
                                  0.000000    0.000000   clock source latency
     1    0.020664    0.250000    0.000000    0.000000 ^ clk (in)
                                                         clk (net)
                      0.252576    0.001288    0.001288 ^ clkbuf_0_clk/A (sky130_fd_sc_hd__clkbuf_16)
     4    0.040724    0.095868    0.332143    0.333431 ^ clkbuf_0_clk/X (sky130_fd_sc_hd__clkbuf_16)
                                                         clknet_0_clk (net)
                      0.095932    0.002261    0.335692 ^ clkbuf_2_1__f_clk/A (sky130_fd_sc_hd__clkbuf_16)
     8    0.034280    0.086573    0.252640    0.588332 ^ clkbuf_2_1__f_clk/X (sky130_fd_sc_hd__clkbuf_16)
                                                         clknet_2_1__leaf_clk (net)
                      0.086710    0.002988    0.591320 ^ _684_/CLK (sky130_fd_sc_hd__dfrtp_1)
                                  0.125000    0.716320   clock uncertainty
                                  0.000000    0.716320   clock reconvergence pessimism
                                 -0.084335    0.631985   library hold time
                                              0.631985   data required time
---------------------------------------------------------------------------------------------
                                              0.631985   data required time
                                             -2.459485   data arrival time
---------------------------------------------------------------------------------------------
                                              1.827501   slack (MET)


Startpoint: _675_ (rising edge-triggered flip-flop clocked by clk)
Endpoint: _685_ (rising edge-triggered flip-flop clocked by clk)
Path Group: clk
Path Type: min

Fanout         Cap        Slew       Delay        Time   Description
---------------------------------------------------------------------------------------------
                                  0.000000    0.000000   clock clk (rise edge)
                                  0.000000    0.000000   clock source latency
     1    0.020664    0.250000    0.000000    0.000000 ^ clk (in)
                                                         clk (net)
                      0.252576    0.001288    0.001288 ^ clkbuf_0_clk/A (sky130_fd_sc_hd__clkbuf_16)
     4    0.040724    0.095868    0.332143    0.333431 ^ clkbuf_0_clk/X (sky130_fd_sc_hd__clkbuf_16)
                                                         clknet_0_clk (net)
                      0.095941    0.002385    0.335816 ^ clkbuf_2_0__f_clk/A (sky130_fd_sc_hd__clkbuf_16)
    12    0.033148    0.085312    0.250655    0.586471 ^ clkbuf_2_0__f_clk/X (sky130_fd_sc_hd__clkbuf_16)
                                                         clknet_2_0__leaf_clk (net)
                      0.085403    0.002537    0.589008 ^ _675_/CLK (sky130_fd_sc_hd__dfrtp_4)
    10    0.042861    0.244755    0.965080    1.554088 ^ _675_/Q (sky130_fd_sc_hd__dfrtp_4)
                                                         b_reg[2] (net)
                      0.244851    0.004532    1.558620 ^ _326_/B (sky130_fd_sc_hd__nand2_1)
     1    0.004929    0.108222    0.195938    1.754557 v _326_/Y (sky130_fd_sc_hd__nand2_1)
                                                         _294_ (net)
                      0.108222    0.000240    1.754798 v _330_/A (sky130_fd_sc_hd__xnor2_1)
     2    0.004551    0.097371    0.251301    2.006099 v _330_/Y (sky130_fd_sc_hd__xnor2_1)
                                                         _298_ (net)
                      0.097371    0.000185    2.006284 v _331_/B (sky130_fd_sc_hd__nand2_1)
     3    0.007100    0.121675    0.155748    2.162032 ^ _331_/Y (sky130_fd_sc_hd__nand2_1)
                                                         _299_ (net)
                      0.121675    0.000447    2.162479 ^ _345_/A (sky130_fd_sc_hd__nor2_1)
     3    0.008358    0.082086    0.137053    2.299531 v _345_/Y (sky130_fd_sc_hd__nor2_1)
                                                         _312_ (net)
                      0.082087    0.000438    2.299970 v _365_/A (sky130_fd_sc_hd__nor2_1)
     1    0.003505    0.146699    0.185285    2.485255 ^ _365_/Y (sky130_fd_sc_hd__nor2_1)
                                                         _042_ (net)
                      0.146699    0.000235    2.485491 ^ _366_/B (sky130_fd_sc_hd__nor2_1)
     1    0.002243    0.045860    0.094568    2.580059 v _366_/Y (sky130_fd_sc_hd__nor2_1)
                                                         product_reg[4] (net)
                      0.045860    0.000155    2.580214 v _685_/D (sky130_fd_sc_hd__dfrtp_1)
                                              2.580214   data arrival time

                                  0.000000    0.000000   clock clk (rise edge)
                                  0.000000    0.000000   clock source latency
     1    0.020664    0.250000    0.000000    0.000000 ^ clk (in)
                                                         clk (net)
                      0.252576    0.001288    0.001288 ^ clkbuf_0_clk/A (sky130_fd_sc_hd__clkbuf_16)
     4    0.040724    0.095868    0.332143    0.333431 ^ clkbuf_0_clk/X (sky130_fd_sc_hd__clkbuf_16)
                                                         clknet_0_clk (net)
                      0.095932    0.002261    0.335692 ^ clkbuf_2_1__f_clk/A (sky130_fd_sc_hd__clkbuf_16)
     8    0.034280    0.086573    0.252640    0.588332 ^ clkbuf_2_1__f_clk/X (sky130_fd_sc_hd__clkbuf_16)
                                                         clknet_2_1__leaf_clk (net)
                      0.086716    0.003038    0.591370 ^ _685_/CLK (sky130_fd_sc_hd__dfrtp_1)
                                  0.125000    0.716370   clock uncertainty
                                  0.000000    0.716370   clock reconvergence pessimism
                                 -0.084206    0.632164   library hold time
                                              0.632164   data required time
---------------------------------------------------------------------------------------------
                                              0.632164   data required time
                                             -2.580214   data arrival time
---------------------------------------------------------------------------------------------
                                              1.948050   slack (MET)


Startpoint: _672_ (rising edge-triggered flip-flop clocked by clk)
Endpoint: _663_ (rising edge-triggered flip-flop clocked by clk)
Path Group: clk
Path Type: min

Fanout         Cap        Slew       Delay        Time   Description
---------------------------------------------------------------------------------------------
                                  0.000000    0.000000   clock clk (rise edge)
                                  0.000000    0.000000   clock source latency
     1    0.020664    0.250000    0.000000    0.000000 ^ clk (in)
                                                         clk (net)
                      0.252576    0.001288    0.001288 ^ clkbuf_0_clk/A (sky130_fd_sc_hd__clkbuf_16)
     4    0.040724    0.095868    0.332143    0.333431 ^ clkbuf_0_clk/X (sky130_fd_sc_hd__clkbuf_16)
                                                         clknet_0_clk (net)
                      0.095941    0.002385    0.335816 ^ clkbuf_2_0__f_clk/A (sky130_fd_sc_hd__clkbuf_16)
    12    0.033148    0.085312    0.250655    0.586471 ^ clkbuf_2_0__f_clk/X (sky130_fd_sc_hd__clkbuf_16)
                                                         clknet_2_0__leaf_clk (net)
                      0.085553    0.003868    0.590339 ^ _672_/CLK (sky130_fd_sc_hd__dfrtp_1)
     2    0.013501    0.206936    0.760107    1.350446 ^ _672_/Q (sky130_fd_sc_hd__dfrtp_1)
                                                         a_reg[7] (net)
                      0.206936    0.000812    1.351258 ^ fanout46/A (sky130_fd_sc_hd__buf_1)
     5    0.015815    0.306664    0.376769    1.728027 ^ fanout46/X (sky130_fd_sc_hd__buf_1)
                                                         net46 (net)
                      0.306664    0.000812    1.728839 ^ _616_/A (sky130_fd_sc_hd__and3_1)
     1    0.007386    0.146970    0.423292    2.152131 ^ _616_/X (sky130_fd_sc_hd__and3_1)
                                                         _284_ (net)
                      0.146970    0.000600    2.152730 ^ _618_/A (sky130_fd_sc_hd__xnor2_1)
     2    0.009414    0.165918    0.300448    2.453178 ^ _618_/Y (sky130_fd_sc_hd__xnor2_1)
                                                         _286_ (net)
                      0.165918    0.000614    2.453792 ^ _622_/A (sky130_fd_sc_hd__xnor2_1)
     1    0.002413    0.069927    0.166211    2.620003 v _622_/Y (sky130_fd_sc_hd__xnor2_1)
                                                         product_reg[14] (net)
                      0.069927    0.000163    2.620166 v _663_/D (sky130_fd_sc_hd__dfrtp_1)
                                              2.620166   data arrival time

                                  0.000000    0.000000   clock clk (rise edge)
                                  0.000000    0.000000   clock source latency
     1    0.020664    0.250000    0.000000    0.000000 ^ clk (in)
                                                         clk (net)
                      0.252576    0.001288    0.001288 ^ clkbuf_0_clk/A (sky130_fd_sc_hd__clkbuf_16)
     4    0.040724    0.095868    0.332143    0.333431 ^ clkbuf_0_clk/X (sky130_fd_sc_hd__clkbuf_16)
                                                         clknet_0_clk (net)
                      0.095952    0.002544    0.335975 ^ clkbuf_2_2__f_clk/A (sky130_fd_sc_hd__clkbuf_16)
     7    0.039269    0.093713    0.259748    0.595723 ^ clkbuf_2_2__f_clk/X (sky130_fd_sc_hd__clkbuf_16)
                                                         clknet_2_2__leaf_clk (net)
                      0.093834    0.002976    0.598699 ^ _663_/CLK (sky130_fd_sc_hd__dfrtp_1)
                                  0.125000    0.723699   clock uncertainty
                                  0.000000    0.723699   clock reconvergence pessimism
                                 -0.091410    0.632289   library hold time
                                              0.632289   data required time
---------------------------------------------------------------------------------------------
                                              0.632289   data required time
                                             -2.620166   data arrival time
---------------------------------------------------------------------------------------------
                                              1.987877   slack (MET)


Startpoint: _668_ (rising edge-triggered flip-flop clocked by clk)
Endpoint: _661_ (rising edge-triggered flip-flop clocked by clk)
Path Group: clk
Path Type: min

Fanout         Cap        Slew       Delay        Time   Description
---------------------------------------------------------------------------------------------
                                  0.000000    0.000000   clock clk (rise edge)
                                  0.000000    0.000000   clock source latency
     1    0.020664    0.250000    0.000000    0.000000 ^ clk (in)
                                                         clk (net)
                      0.252576    0.001288    0.001288 ^ clkbuf_0_clk/A (sky130_fd_sc_hd__clkbuf_16)
     4    0.040724    0.095868    0.332143    0.333431 ^ clkbuf_0_clk/X (sky130_fd_sc_hd__clkbuf_16)
                                                         clknet_0_clk (net)
                      0.095941    0.002385    0.335816 ^ clkbuf_2_0__f_clk/A (sky130_fd_sc_hd__clkbuf_16)
    12    0.033148    0.085312    0.250655    0.586471 ^ clkbuf_2_0__f_clk/X (sky130_fd_sc_hd__clkbuf_16)
                                                         clknet_2_0__leaf_clk (net)
                      0.085418    0.002707    0.589177 ^ _668_/CLK (sky130_fd_sc_hd__dfrtp_1)
     2    0.010285    0.140894    0.812654    1.401831 v _668_/Q (sky130_fd_sc_hd__dfrtp_1)
                                                         a_reg[3] (net)
                      0.140895    0.000662    1.402493 v fanout52/A (sky130_fd_sc_hd__buf_1)
     5    0.015764    0.185892    0.301260    1.703753 v fanout52/X (sky130_fd_sc_hd__buf_1)
                                                         net52 (net)
                      0.185892    0.000439    1.704191 v _554_/A1 (sky130_fd_sc_hd__a31o_1)
     2    0.010463    0.125744    0.434711    2.138903 v _554_/X (sky130_fd_sc_hd__a31o_1)
                                                         _225_ (net)
                      0.125748    0.000852    2.139755 v _572_/A (sky130_fd_sc_hd__nand2_1)
     2    0.006171    0.109941    0.149017    2.288771 ^ _572_/Y (sky130_fd_sc_hd__nand2_1)
                                                         _243_ (net)
                      0.109941    0.000388    2.289159 ^ _594_/B (sky130_fd_sc_hd__nand3_1)
     1    0.002604    0.118059    0.169564    2.458723 v _594_/Y (sky130_fd_sc_hd__nand3_1)
                                                         _264_ (net)
                      0.118059    0.000184    2.458907 v _595_/B (sky130_fd_sc_hd__nand2_1)
     2    0.007431    0.124240    0.168865    2.627772 ^ _595_/Y (sky130_fd_sc_hd__nand2_1)
                                                         _265_ (net)
                      0.124243    0.000521    2.628293 ^ _601_/A (sky130_fd_sc_hd__xnor2_1)
     1    0.003108    0.077440    0.159035    2.787328 v _601_/Y (sky130_fd_sc_hd__xnor2_1)
                                                         product_reg[12] (net)
                      0.077440    0.000191    2.787519 v _661_/D (sky130_fd_sc_hd__dfrtp_1)
                                              2.787519   data arrival time

                                  0.000000    0.000000   clock clk (rise edge)
                                  0.000000    0.000000   clock source latency
     1    0.020664    0.250000    0.000000    0.000000 ^ clk (in)
                                                         clk (net)
                      0.252576    0.001288    0.001288 ^ clkbuf_0_clk/A (sky130_fd_sc_hd__clkbuf_16)
     4    0.040724    0.095868    0.332143    0.333431 ^ clkbuf_0_clk/X (sky130_fd_sc_hd__clkbuf_16)
                                                         clknet_0_clk (net)
                      0.095952    0.002544    0.335975 ^ clkbuf_2_2__f_clk/A (sky130_fd_sc_hd__clkbuf_16)
     7    0.039269    0.093713    0.259748    0.595723 ^ clkbuf_2_2__f_clk/X (sky130_fd_sc_hd__clkbuf_16)
                                                         clknet_2_2__leaf_clk (net)
                      0.093842    0.003059    0.598782 ^ _661_/CLK (sky130_fd_sc_hd__dfrtp_1)
                                  0.125000    0.723782   clock uncertainty
                                  0.000000    0.723782   clock reconvergence pessimism
                                 -0.094197    0.629584   library hold time
                                              0.629584   data required time
---------------------------------------------------------------------------------------------
                                              0.629584   data required time
                                             -2.787519   data arrival time
---------------------------------------------------------------------------------------------
                                              2.157935   slack (MET)


Startpoint: _669_ (rising edge-triggered flip-flop clocked by clk)
Endpoint: _662_ (rising edge-triggered flip-flop clocked by clk)
Path Group: clk
Path Type: min

Fanout         Cap        Slew       Delay        Time   Description
---------------------------------------------------------------------------------------------
                                  0.000000    0.000000   clock clk (rise edge)
                                  0.000000    0.000000   clock source latency
     1    0.020664    0.250000    0.000000    0.000000 ^ clk (in)
                                                         clk (net)
                      0.252576    0.001288    0.001288 ^ clkbuf_0_clk/A (sky130_fd_sc_hd__clkbuf_16)
     4    0.040724    0.095868    0.332143    0.333431 ^ clkbuf_0_clk/X (sky130_fd_sc_hd__clkbuf_16)
                                                         clknet_0_clk (net)
                      0.095941    0.002385    0.335816 ^ clkbuf_2_0__f_clk/A (sky130_fd_sc_hd__clkbuf_16)
    12    0.033148    0.085312    0.250655    0.586471 ^ clkbuf_2_0__f_clk/X (sky130_fd_sc_hd__clkbuf_16)
                                                         clknet_2_0__leaf_clk (net)
                      0.085499    0.003449    0.589920 ^ _669_/CLK (sky130_fd_sc_hd__dfrtp_1)
     3    0.012823    0.200884    0.752627    1.342547 ^ _669_/Q (sky130_fd_sc_hd__dfrtp_1)
                                                         a_reg[4] (net)
                      0.200890    0.001377    1.343924 ^ _563_/A (sky130_fd_sc_hd__and2_1)
     2    0.005411    0.114204    0.301438    1.645362 ^ _563_/X (sky130_fd_sc_hd__and2_1)
                                                         _234_ (net)
                      0.114204    0.000215    1.645576 ^ _565_/B (sky130_fd_sc_hd__and2_1)
     3    0.010266    0.182328    0.327236    1.972812 ^ _565_/X (sky130_fd_sc_hd__and2_1)
                                                         _236_ (net)
                      0.182328    0.000655    1.973467 ^ _589_/A2 (sky130_fd_sc_hd__o21a_1)
     3    0.008603    0.149248    0.308764    2.282231 ^ _589_/X (sky130_fd_sc_hd__o21a_1)
                                                         _259_ (net)
                      0.149248    0.000548    2.282780 ^ _610_/B (sky130_fd_sc_hd__nor3_1)
     3    0.010428    0.108034    0.164953    2.447732 v _610_/Y (sky130_fd_sc_hd__nor3_1)
                                                         _279_ (net)
                      0.108036    0.000601    2.448334 v _613_/B1 (sky130_fd_sc_hd__o22ai_1)
     1    0.002783    0.160479    0.216383    2.664717 ^ _613_/Y (sky130_fd_sc_hd__o22ai_1)
                                                         _282_ (net)
                      0.160479    0.000131    2.664847 ^ _615_/A (sky130_fd_sc_hd__nand2_1)
     1    0.003004    0.070765    0.133669    2.798516 v _615_/Y (sky130_fd_sc_hd__nand2_1)
                                                         product_reg[13] (net)
                      0.070765    0.000188    2.798704 v _662_/D (sky130_fd_sc_hd__dfrtp_1)
                                              2.798704   data arrival time

                                  0.000000    0.000000   clock clk (rise edge)
                                  0.000000    0.000000   clock source latency
     1    0.020664    0.250000    0.000000    0.000000 ^ clk (in)
                                                         clk (net)
                      0.252576    0.001288    0.001288 ^ clkbuf_0_clk/A (sky130_fd_sc_hd__clkbuf_16)
     4    0.040724    0.095868    0.332143    0.333431 ^ clkbuf_0_clk/X (sky130_fd_sc_hd__clkbuf_16)
                                                         clknet_0_clk (net)
                      0.095952    0.002544    0.335975 ^ clkbuf_2_2__f_clk/A (sky130_fd_sc_hd__clkbuf_16)
     7    0.039269    0.093713    0.259748    0.595723 ^ clkbuf_2_2__f_clk/X (sky130_fd_sc_hd__clkbuf_16)
                                                         clknet_2_2__leaf_clk (net)
                      0.093830    0.002927    0.598650 ^ _662_/CLK (sky130_fd_sc_hd__dfrtp_1)
                                  0.125000    0.723650   clock uncertainty
                                  0.000000    0.723650   clock reconvergence pessimism
                                 -0.091722    0.631928   library hold time
                                              0.631928   data required time
---------------------------------------------------------------------------------------------
                                              0.631928   data required time
                                             -2.798704   data arrival time
---------------------------------------------------------------------------------------------
                                              2.166776   slack (MET)


Startpoint: _667_ (rising edge-triggered flip-flop clocked by clk)
Endpoint: _659_ (rising edge-triggered flip-flop clocked by clk)
Path Group: clk
Path Type: min

Fanout         Cap        Slew       Delay        Time   Description
---------------------------------------------------------------------------------------------
                                  0.000000    0.000000   clock clk (rise edge)
                                  0.000000    0.000000   clock source latency
     1    0.020664    0.250000    0.000000    0.000000 ^ clk (in)
                                                         clk (net)
                      0.252576    0.001288    0.001288 ^ clkbuf_0_clk/A (sky130_fd_sc_hd__clkbuf_16)
     4    0.040724    0.095868    0.332143    0.333431 ^ clkbuf_0_clk/X (sky130_fd_sc_hd__clkbuf_16)
                                                         clknet_0_clk (net)
                      0.095941    0.002385    0.335816 ^ clkbuf_2_0__f_clk/A (sky130_fd_sc_hd__clkbuf_16)
    12    0.033148    0.085312    0.250655    0.586471 ^ clkbuf_2_0__f_clk/X (sky130_fd_sc_hd__clkbuf_16)
                                                         clknet_2_0__leaf_clk (net)
                      0.085396    0.002451    0.588922 ^ _667_/CLK (sky130_fd_sc_hd__dfrtp_1)
     2    0.011440    0.151669    0.823076    1.411998 v _667_/Q (sky130_fd_sc_hd__dfrtp_1)
                                                         a_reg[2] (net)
                      0.151674    0.001015    1.413012 v fanout54/A (sky130_fd_sc_hd__buf_1)
     5    0.015053    0.178240    0.300685    1.713697 v fanout54/X (sky130_fd_sc_hd__buf_1)
                                                         net54 (net)
                      0.178242    0.000869    1.714566 v _495_/A1 (sky130_fd_sc_hd__a31o_1)
     2    0.009114    0.114268    0.420417    2.134983 v _495_/X (sky130_fd_sc_hd__a31o_1)
                                                         _168_ (net)
                      0.114270    0.000653    2.135636 v _516_/A (sky130_fd_sc_hd__nand2_1)
     2    0.005049    0.094030    0.132402    2.268038 ^ _516_/Y (sky130_fd_sc_hd__nand2_1)
                                                         _189_ (net)
                      0.094030    0.000298    2.268336 ^ _548_/A2 (sky130_fd_sc_hd__a21oi_1)
     3    0.009162    0.099081    0.212419    2.480756 v _548_/Y (sky130_fd_sc_hd__a21oi_1)
                                                         _220_ (net)
                      0.099084    0.000684    2.481439 v _549_/B (sky130_fd_sc_hd__nor2_1)
     1    0.004921    0.185297    0.196500    2.677939 ^ _549_/Y (sky130_fd_sc_hd__nor2_1)
                                                         _221_ (net)
                      0.185356    0.000373    2.678313 ^ _553_/A (sky130_fd_sc_hd__xnor2_1)
     1    0.002818    0.075324    0.178870    2.857183 v _553_/Y (sky130_fd_sc_hd__xnor2_1)
                                                         product_reg[10] (net)
                      0.075324    0.000179    2.857361 v _659_/D (sky130_fd_sc_hd__dfrtp_1)
                                              2.857361   data arrival time

                                  0.000000    0.000000   clock clk (rise edge)
                                  0.000000    0.000000   clock source latency
     1    0.020664    0.250000    0.000000    0.000000 ^ clk (in)
                                                         clk (net)
                      0.252576    0.001288    0.001288 ^ clkbuf_0_clk/A (sky130_fd_sc_hd__clkbuf_16)
     4    0.040724    0.095868    0.332143    0.333431 ^ clkbuf_0_clk/X (sky130_fd_sc_hd__clkbuf_16)
                                                         clknet_0_clk (net)
                      0.095945    0.002451    0.335882 ^ clkbuf_2_3__f_clk/A (sky130_fd_sc_hd__clkbuf_16)
     8    0.034772    0.087123    0.253920    0.589802 ^ clkbuf_2_3__f_clk/X (sky130_fd_sc_hd__clkbuf_16)
                                                         clknet_2_3__leaf_clk (net)
                      0.087148    0.001410    0.591212 ^ _659_/CLK (sky130_fd_sc_hd__dfrtp_1)
                                  0.125000    0.716212   clock uncertainty
                                  0.000000    0.716212   clock reconvergence pessimism
                                 -0.095039    0.621173   library hold time
                                              0.621173   data required time
---------------------------------------------------------------------------------------------
                                              0.621173   data required time
                                             -2.857361   data arrival time
---------------------------------------------------------------------------------------------
                                              2.236189   slack (MET)


Startpoint: _665_ (rising edge-triggered flip-flop clocked by clk)
Endpoint: _689_ (rising edge-triggered flip-flop clocked by clk)
Path Group: clk
Path Type: min

Fanout         Cap        Slew       Delay        Time   Description
---------------------------------------------------------------------------------------------
                                  0.000000    0.000000   clock clk (rise edge)
                                  0.000000    0.000000   clock source latency
     1    0.020664    0.250000    0.000000    0.000000 ^ clk (in)
                                                         clk (net)
                      0.252576    0.001288    0.001288 ^ clkbuf_0_clk/A (sky130_fd_sc_hd__clkbuf_16)
     4    0.040724    0.095868    0.332143    0.333431 ^ clkbuf_0_clk/X (sky130_fd_sc_hd__clkbuf_16)
                                                         clknet_0_clk (net)
                      0.095932    0.002261    0.335692 ^ clkbuf_2_1__f_clk/A (sky130_fd_sc_hd__clkbuf_16)
     8    0.034280    0.086573    0.252640    0.588332 ^ clkbuf_2_1__f_clk/X (sky130_fd_sc_hd__clkbuf_16)
                                                         clknet_2_1__leaf_clk (net)
                      0.086643    0.002235    0.590567 ^ _665_/CLK (sky130_fd_sc_hd__dfrtp_1)
     4    0.020035    0.290774    0.821810    1.412378 ^ _665_/Q (sky130_fd_sc_hd__dfrtp_1)
                                                         a_reg[0] (net)
                      0.290788    0.002330    1.414707 ^ _427_/A (sky130_fd_sc_hd__and3_1)
     2    0.005534    0.122212    0.395942    1.810649 ^ _427_/X (sky130_fd_sc_hd__and3_1)
                                                         _102_ (net)
                      0.122212    0.000193    1.810842 ^ _460_/B1 (sky130_fd_sc_hd__a31o_1)
     2    0.009309    0.160389    0.256412    2.067254 ^ _460_/X (sky130_fd_sc_hd__a31o_1)
                                                         _134_ (net)
                      0.160389    0.000675    2.067929 ^ _487_/A (sky130_fd_sc_hd__xor2_1)
     3    0.008849    0.111446    0.227501    2.295430 v _487_/X (sky130_fd_sc_hd__xor2_1)
                                                         _161_ (net)
                      0.111447    0.000559    2.295989 v _491_/A (sky130_fd_sc_hd__xnor2_1)
     2    0.010206    0.181974    0.318508    2.614497 v _491_/Y (sky130_fd_sc_hd__xnor2_1)
                                                         _165_ (net)
                      0.181974    0.000542    2.615040 v _493_/A (sky130_fd_sc_hd__xnor2_1)
     1    0.003048    0.078593    0.269775    2.884815 v _493_/Y (sky130_fd_sc_hd__xnor2_1)
                                                         product_reg[8] (net)
                      0.078593    0.000123    2.884938 v _689_/D (sky130_fd_sc_hd__dfrtp_1)
                                              2.884938   data arrival time

                                  0.000000    0.000000   clock clk (rise edge)
                                  0.000000    0.000000   clock source latency
     1    0.020664    0.250000    0.000000    0.000000 ^ clk (in)
                                                         clk (net)
                      0.252576    0.001288    0.001288 ^ clkbuf_0_clk/A (sky130_fd_sc_hd__clkbuf_16)
     4    0.040724    0.095868    0.332143    0.333431 ^ clkbuf_0_clk/X (sky130_fd_sc_hd__clkbuf_16)
                                                         clknet_0_clk (net)
                      0.095945    0.002451    0.335882 ^ clkbuf_2_3__f_clk/A (sky130_fd_sc_hd__clkbuf_16)
     8    0.034772    0.087123    0.253920    0.589802 ^ clkbuf_2_3__f_clk/X (sky130_fd_sc_hd__clkbuf_16)
                                                         clknet_2_3__leaf_clk (net)
                      0.087148    0.001415    0.591217 ^ _689_/CLK (sky130_fd_sc_hd__dfrtp_1)
                                  0.125000    0.716217   clock uncertainty
                                  0.000000    0.716217   clock reconvergence pessimism
                                 -0.096253    0.619964   library hold time
                                              0.619964   data required time
---------------------------------------------------------------------------------------------
                                              0.619964   data required time
                                             -2.884938   data arrival time
---------------------------------------------------------------------------------------------
                                              2.264975   slack (MET)


Startpoint: _675_ (rising edge-triggered flip-flop clocked by clk)
Endpoint: _686_ (rising edge-triggered flip-flop clocked by clk)
Path Group: clk
Path Type: min

Fanout         Cap        Slew       Delay        Time   Description
---------------------------------------------------------------------------------------------
                                  0.000000    0.000000   clock clk (rise edge)
                                  0.000000    0.000000   clock source latency
     1    0.020664    0.250000    0.000000    0.000000 ^ clk (in)
                                                         clk (net)
                      0.252576    0.001288    0.001288 ^ clkbuf_0_clk/A (sky130_fd_sc_hd__clkbuf_16)
     4    0.040724    0.095868    0.332143    0.333431 ^ clkbuf_0_clk/X (sky130_fd_sc_hd__clkbuf_16)
                                                         clknet_0_clk (net)
                      0.095941    0.002385    0.335816 ^ clkbuf_2_0__f_clk/A (sky130_fd_sc_hd__clkbuf_16)
    12    0.033148    0.085312    0.250655    0.586471 ^ clkbuf_2_0__f_clk/X (sky130_fd_sc_hd__clkbuf_16)
                                                         clknet_2_0__leaf_clk (net)
                      0.085403    0.002537    0.589008 ^ _675_/CLK (sky130_fd_sc_hd__dfrtp_4)
    10    0.042861    0.244755    0.965080    1.554088 ^ _675_/Q (sky130_fd_sc_hd__dfrtp_4)
                                                         b_reg[2] (net)
                      0.244851    0.004532    1.558620 ^ _326_/B (sky130_fd_sc_hd__nand2_1)
     1    0.004929    0.108222    0.195938    1.754557 v _326_/Y (sky130_fd_sc_hd__nand2_1)
                                                         _294_ (net)
                      0.108222    0.000240    1.754798 v _330_/A (sky130_fd_sc_hd__xnor2_1)
     2    0.004551    0.097371    0.251301    2.006099 v _330_/Y (sky130_fd_sc_hd__xnor2_1)
                                                         _298_ (net)
                      0.097371    0.000185    2.006284 v _331_/B (sky130_fd_sc_hd__nand2_1)
     3    0.007100    0.121675    0.155748    2.162032 ^ _331_/Y (sky130_fd_sc_hd__nand2_1)
                                                         _299_ (net)
                      0.121675    0.000447    2.162479 ^ _345_/A (sky130_fd_sc_hd__nor2_1)
     3    0.008358    0.082086    0.137053    2.299531 v _345_/Y (sky130_fd_sc_hd__nor2_1)
                                                         _312_ (net)
                      0.082086    0.000385    2.299916 v _364_/A (sky130_fd_sc_hd__and2_1)
     4    0.012238    0.140758    0.356847    2.656764 v _364_/X (sky130_fd_sc_hd__and2_1)
                                                         _041_ (net)
                      0.140759    0.000698    2.657461 v _625_/B1 (sky130_fd_sc_hd__a21oi_1)
     1    0.003416    0.164004    0.225538    2.883000 ^ _625_/Y (sky130_fd_sc_hd__a21oi_1)
                                                         _291_ (net)
                      0.164004    0.000226    2.883225 ^ _626_/B (sky130_fd_sc_hd__nor2_1)
     1    0.002294    0.049244    0.101323    2.984548 v _626_/Y (sky130_fd_sc_hd__nor2_1)
                                                         product_reg[5] (net)
                      0.049244    0.000157    2.984705 v _686_/D (sky130_fd_sc_hd__dfrtp_1)
                                              2.984705   data arrival time

                                  0.000000    0.000000   clock clk (rise edge)
                                  0.000000    0.000000   clock source latency
     1    0.020664    0.250000    0.000000    0.000000 ^ clk (in)
                                                         clk (net)
                      0.252576    0.001288    0.001288 ^ clkbuf_0_clk/A (sky130_fd_sc_hd__clkbuf_16)
     4    0.040724    0.095868    0.332143    0.333431 ^ clkbuf_0_clk/X (sky130_fd_sc_hd__clkbuf_16)
                                                         clknet_0_clk (net)
                      0.095945    0.002451    0.335882 ^ clkbuf_2_3__f_clk/A (sky130_fd_sc_hd__clkbuf_16)
     8    0.034772    0.087123    0.253920    0.589802 ^ clkbuf_2_3__f_clk/X (sky130_fd_sc_hd__clkbuf_16)
                                                         clknet_2_3__leaf_clk (net)
                      0.087151    0.001468    0.591270 ^ _686_/CLK (sky130_fd_sc_hd__dfrtp_1)
                                  0.125000    0.716270   clock uncertainty
                                  0.000000    0.716270   clock reconvergence pessimism
                                 -0.085356    0.630914   library hold time
                                              0.630914   data required time
---------------------------------------------------------------------------------------------
                                              0.630914   data required time
                                             -2.984705   data arrival time
---------------------------------------------------------------------------------------------
                                              2.353791   slack (MET)


Startpoint: _679_ (rising edge-triggered flip-flop clocked by clk)
Endpoint: _688_ (rising edge-triggered flip-flop clocked by clk)
Path Group: clk
Path Type: min

Fanout         Cap        Slew       Delay        Time   Description
---------------------------------------------------------------------------------------------
                                  0.000000    0.000000   clock clk (rise edge)
                                  0.000000    0.000000   clock source latency
     1    0.020664    0.250000    0.000000    0.000000 ^ clk (in)
                                                         clk (net)
                      0.252576    0.001288    0.001288 ^ clkbuf_0_clk/A (sky130_fd_sc_hd__clkbuf_16)
     4    0.040724    0.095868    0.332143    0.333431 ^ clkbuf_0_clk/X (sky130_fd_sc_hd__clkbuf_16)
                                                         clknet_0_clk (net)
                      0.095952    0.002544    0.335975 ^ clkbuf_2_2__f_clk/A (sky130_fd_sc_hd__clkbuf_16)
     7    0.039269    0.093713    0.259748    0.595723 ^ clkbuf_2_2__f_clk/X (sky130_fd_sc_hd__clkbuf_16)
                                                         clknet_2_2__leaf_clk (net)
                      0.093798    0.002553    0.598276 ^ _679_/CLK (sky130_fd_sc_hd__dfrtp_1)
     2    0.011561    0.152881    0.827980    1.426257 v _679_/Q (sky130_fd_sc_hd__dfrtp_1)
                                                         b_reg[6] (net)
                      0.152886    0.001085    1.427341 v fanout36/A (sky130_fd_sc_hd__dlymetal6s2s_1)
     6    0.019656    0.207346    0.439163    1.866504 v fanout36/X (sky130_fd_sc_hd__dlymetal6s2s_1)
                                                         net36 (net)
                      0.207347    0.001027    1.867531 v _389_/C1 (sky130_fd_sc_hd__o211a_1)
     4    0.013428    0.147345    0.350576    2.218107 v _389_/X (sky130_fd_sc_hd__o211a_1)
                                                         _065_ (net)
                      0.147348    0.000897    2.219004 v _452_/A (sky130_fd_sc_hd__nand3_1)
     3    0.009008    0.167823    0.204746    2.423750 ^ _452_/Y (sky130_fd_sc_hd__nand3_1)
                                                         _127_ (net)
                      0.167823    0.000343    2.424093 ^ _454_/A1 (sky130_fd_sc_hd__a21oi_1)
     1    0.003566    0.087569    0.168740    2.592833 v _454_/Y (sky130_fd_sc_hd__a21oi_1)
                                                         _129_ (net)
                      0.087569    0.000234    2.593067 v _457_/A (sky130_fd_sc_hd__nor2_1)
     1    0.005098    0.189892    0.221052    2.814119 ^ _457_/Y (sky130_fd_sc_hd__nor2_1)
                                                         _132_ (net)
                      0.189893    0.000374    2.814493 ^ _459_/A (sky130_fd_sc_hd__xor2_1)
     1    0.002601    0.066131    0.170193    2.984686 v _459_/X (sky130_fd_sc_hd__xor2_1)
                                                         product_reg[7] (net)
                      0.066131    0.000185    2.984870 v _688_/D (sky130_fd_sc_hd__dfrtp_1)
                                              2.984870   data arrival time

                                  0.000000    0.000000   clock clk (rise edge)
                                  0.000000    0.000000   clock source latency
     1    0.020664    0.250000    0.000000    0.000000 ^ clk (in)
                                                         clk (net)
                      0.252576    0.001288    0.001288 ^ clkbuf_0_clk/A (sky130_fd_sc_hd__clkbuf_16)
     4    0.040724    0.095868    0.332143    0.333431 ^ clkbuf_0_clk/X (sky130_fd_sc_hd__clkbuf_16)
                                                         clknet_0_clk (net)
                      0.095945    0.002451    0.335882 ^ clkbuf_2_3__f_clk/A (sky130_fd_sc_hd__clkbuf_16)
     8    0.034772    0.087123    0.253920    0.589802 ^ clkbuf_2_3__f_clk/X (sky130_fd_sc_hd__clkbuf_16)
                                                         clknet_2_3__leaf_clk (net)
                      0.087146    0.001373    0.591175 ^ _688_/CLK (sky130_fd_sc_hd__dfrtp_1)
                                  0.125000    0.716175   clock uncertainty
                                  0.000000    0.716175   clock reconvergence pessimism
                                 -0.091627    0.624548   library hold time
                                              0.624548   data required time
---------------------------------------------------------------------------------------------
                                              0.624548   data required time
                                             -2.984870   data arrival time
---------------------------------------------------------------------------------------------
                                              2.360323   slack (MET)


Startpoint: _668_ (rising edge-triggered flip-flop clocked by clk)
Endpoint: _660_ (rising edge-triggered flip-flop clocked by clk)
Path Group: clk
Path Type: min

Fanout         Cap        Slew       Delay        Time   Description
---------------------------------------------------------------------------------------------
                                  0.000000    0.000000   clock clk (rise edge)
                                  0.000000    0.000000   clock source latency
     1    0.020664    0.250000    0.000000    0.000000 ^ clk (in)
                                                         clk (net)
                      0.252576    0.001288    0.001288 ^ clkbuf_0_clk/A (sky130_fd_sc_hd__clkbuf_16)
     4    0.040724    0.095868    0.332143    0.333431 ^ clkbuf_0_clk/X (sky130_fd_sc_hd__clkbuf_16)
                                                         clknet_0_clk (net)
                      0.095941    0.002385    0.335816 ^ clkbuf_2_0__f_clk/A (sky130_fd_sc_hd__clkbuf_16)
    12    0.033148    0.085312    0.250655    0.586471 ^ clkbuf_2_0__f_clk/X (sky130_fd_sc_hd__clkbuf_16)
                                                         clknet_2_0__leaf_clk (net)
                      0.085418    0.002707    0.589177 ^ _668_/CLK (sky130_fd_sc_hd__dfrtp_1)
     2    0.010285    0.140894    0.812654    1.401831 v _668_/Q (sky130_fd_sc_hd__dfrtp_1)
                                                         a_reg[3] (net)
                      0.140895    0.000662    1.402493 v fanout52/A (sky130_fd_sc_hd__buf_1)
     5    0.015764    0.185892    0.301260    1.703753 v fanout52/X (sky130_fd_sc_hd__buf_1)
                                                         net52 (net)
                      0.185894    0.000874    1.704627 v _524_/A1 (sky130_fd_sc_hd__a31o_1)
     2    0.009150    0.114571    0.424083    2.128710 v _524_/X (sky130_fd_sc_hd__a31o_1)
                                                         _196_ (net)
                      0.114573    0.000670    2.129380 v _545_/A (sky130_fd_sc_hd__nand2_1)
     2    0.005841    0.104542    0.140483    2.269863 ^ _545_/Y (sky130_fd_sc_hd__nand2_1)
                                                         _217_ (net)
                      0.104542    0.000370    2.270233 ^ _575_/B (sky130_fd_sc_hd__nand3_1)
     4    0.012756    0.338617    0.341118    2.611351 v _575_/Y (sky130_fd_sc_hd__nand3_1)
                                                         _246_ (net)
                      0.338620    0.000823    2.612174 v _576_/B (sky130_fd_sc_hd__nand2b_1)
     1    0.004914    0.105512    0.247013    2.859186 ^ _576_/Y (sky130_fd_sc_hd__nand2b_1)
                                                         _247_ (net)
                      0.105512    0.000367    2.859554 ^ _578_/A (sky130_fd_sc_hd__xor2_1)
     1    0.002420    0.064664    0.136282    2.995836 v _578_/X (sky130_fd_sc_hd__xor2_1)
                                                         product_reg[11] (net)
                      0.064664    0.000162    2.995997 v _660_/D (sky130_fd_sc_hd__dfrtp_1)
                                              2.995997   data arrival time

                                  0.000000    0.000000   clock clk (rise edge)
                                  0.000000    0.000000   clock source latency
     1    0.020664    0.250000    0.000000    0.000000 ^ clk (in)
                                                         clk (net)
                      0.252576    0.001288    0.001288 ^ clkbuf_0_clk/A (sky130_fd_sc_hd__clkbuf_16)
     4    0.040724    0.095868    0.332143    0.333431 ^ clkbuf_0_clk/X (sky130_fd_sc_hd__clkbuf_16)
                                                         clknet_0_clk (net)
                      0.095945    0.002451    0.335882 ^ clkbuf_2_3__f_clk/A (sky130_fd_sc_hd__clkbuf_16)
     8    0.034772    0.087123    0.253920    0.589802 ^ clkbuf_2_3__f_clk/X (sky130_fd_sc_hd__clkbuf_16)
                                                         clknet_2_3__leaf_clk (net)
                      0.087149    0.001423    0.591225 ^ _660_/CLK (sky130_fd_sc_hd__dfrtp_1)
                                  0.125000    0.716226   clock uncertainty
                                  0.000000    0.716226   clock reconvergence pessimism
                                 -0.091082    0.625144   library hold time
                                              0.625144   data required time
---------------------------------------------------------------------------------------------
                                              0.625144   data required time
                                             -2.995997   data arrival time
---------------------------------------------------------------------------------------------
                                              2.370854   slack (MET)


Startpoint: _665_ (rising edge-triggered flip-flop clocked by clk)
Endpoint: _658_ (rising edge-triggered flip-flop clocked by clk)
Path Group: clk
Path Type: min

Fanout         Cap        Slew       Delay        Time   Description
---------------------------------------------------------------------------------------------
                                  0.000000    0.000000   clock clk (rise edge)
                                  0.000000    0.000000   clock source latency
     1    0.020664    0.250000    0.000000    0.000000 ^ clk (in)
                                                         clk (net)
                      0.252576    0.001288    0.001288 ^ clkbuf_0_clk/A (sky130_fd_sc_hd__clkbuf_16)
     4    0.040724    0.095868    0.332143    0.333431 ^ clkbuf_0_clk/X (sky130_fd_sc_hd__clkbuf_16)
                                                         clknet_0_clk (net)
                      0.095932    0.002261    0.335692 ^ clkbuf_2_1__f_clk/A (sky130_fd_sc_hd__clkbuf_16)
     8    0.034280    0.086573    0.252640    0.588332 ^ clkbuf_2_1__f_clk/X (sky130_fd_sc_hd__clkbuf_16)
                                                         clknet_2_1__leaf_clk (net)
                      0.086643    0.002235    0.590567 ^ _665_/CLK (sky130_fd_sc_hd__dfrtp_1)
     4    0.020035    0.290774    0.821810    1.412378 ^ _665_/Q (sky130_fd_sc_hd__dfrtp_1)
                                                         a_reg[0] (net)
                      0.290788    0.002330    1.414707 ^ _427_/A (sky130_fd_sc_hd__and3_1)
     2    0.005534    0.122212    0.395942    1.810649 ^ _427_/X (sky130_fd_sc_hd__and3_1)
                                                         _102_ (net)
                      0.122212    0.000193    1.810842 ^ _460_/B1 (sky130_fd_sc_hd__a31o_1)
     2    0.009309    0.160389    0.256412    2.067254 ^ _460_/X (sky130_fd_sc_hd__a31o_1)
                                                         _134_ (net)
                      0.160389    0.000606    2.067860 ^ _494_/A1 (sky130_fd_sc_hd__a21o_1)
     2    0.003606    0.067291    0.245973    2.313833 ^ _494_/X (sky130_fd_sc_hd__a21o_1)
                                                         _167_ (net)
                      0.067291    0.000232    2.314064 ^ _520_/A (sky130_fd_sc_hd__and2_1)
     4    0.013087    0.221421    0.329059    2.643123 ^ _520_/X (sky130_fd_sc_hd__and2_1)
                                                         _193_ (net)
                      0.221421    0.000789    2.643912 ^ _521_/B (sky130_fd_sc_hd__nor2_1)
     1    0.004596    0.057655    0.144739    2.788651 v _521_/Y (sky130_fd_sc_hd__nor2_1)
                                                         _194_ (net)
                      0.057655    0.000219    2.788870 v _523_/A (sky130_fd_sc_hd__xor2_1)
     1    0.004442    0.205368    0.269579    3.058449 ^ _523_/X (sky130_fd_sc_hd__xor2_1)
                                                         product_reg[9] (net)
                      0.205368    0.000316    3.058765 ^ _658_/D (sky130_fd_sc_hd__dfrtp_1)
                                              3.058765   data arrival time

                                  0.000000    0.000000   clock clk (rise edge)
                                  0.000000    0.000000   clock source latency
     1    0.020664    0.250000    0.000000    0.000000 ^ clk (in)
                                                         clk (net)
                      0.252576    0.001288    0.001288 ^ clkbuf_0_clk/A (sky130_fd_sc_hd__clkbuf_16)
     4    0.040724    0.095868    0.332143    0.333431 ^ clkbuf_0_clk/X (sky130_fd_sc_hd__clkbuf_16)
                                                         clknet_0_clk (net)
                      0.095945    0.002451    0.335882 ^ clkbuf_2_3__f_clk/A (sky130_fd_sc_hd__clkbuf_16)
     8    0.034772    0.087123    0.253920    0.589802 ^ clkbuf_2_3__f_clk/X (sky130_fd_sc_hd__clkbuf_16)
                                                         clknet_2_3__leaf_clk (net)
                      0.087150    0.001451    0.591253 ^ _658_/CLK (sky130_fd_sc_hd__dfrtp_1)
                                  0.125000    0.716253   clock uncertainty
                                  0.000000    0.716253   clock reconvergence pessimism
                                 -0.105016    0.611237   library hold time
                                              0.611237   data required time
---------------------------------------------------------------------------------------------
                                              0.611237   data required time
                                             -3.058765   data arrival time
---------------------------------------------------------------------------------------------
                                              2.447528   slack (MET)


Startpoint: _665_ (rising edge-triggered flip-flop clocked by clk)
Endpoint: _687_ (rising edge-triggered flip-flop clocked by clk)
Path Group: clk
Path Type: min

Fanout         Cap        Slew       Delay        Time   Description
---------------------------------------------------------------------------------------------
                                  0.000000    0.000000   clock clk (rise edge)
                                  0.000000    0.000000   clock source latency
     1    0.020664    0.250000    0.000000    0.000000 ^ clk (in)
                                                         clk (net)
                      0.252576    0.001288    0.001288 ^ clkbuf_0_clk/A (sky130_fd_sc_hd__clkbuf_16)
     4    0.040724    0.095868    0.332143    0.333431 ^ clkbuf_0_clk/X (sky130_fd_sc_hd__clkbuf_16)
                                                         clknet_0_clk (net)
                      0.095932    0.002261    0.335692 ^ clkbuf_2_1__f_clk/A (sky130_fd_sc_hd__clkbuf_16)
     8    0.034280    0.086573    0.252640    0.588332 ^ clkbuf_2_1__f_clk/X (sky130_fd_sc_hd__clkbuf_16)
                                                         clknet_2_1__leaf_clk (net)
                      0.086643    0.002235    0.590567 ^ _665_/CLK (sky130_fd_sc_hd__dfrtp_1)
     4    0.020035    0.290774    0.821810    1.412378 ^ _665_/Q (sky130_fd_sc_hd__dfrtp_1)
                                                         a_reg[0] (net)
                      0.290790    0.002448    1.414826 ^ _390_/A1 (sky130_fd_sc_hd__a211oi_1)
     1    0.002330    0.063878    0.213305    1.628131 v _390_/Y (sky130_fd_sc_hd__a211oi_1)
                                                         _066_ (net)
                      0.063878    0.000107    1.628238 v _391_/B (sky130_fd_sc_hd__nor2_1)
     2    0.008711    0.288821    0.261653    1.889892 ^ _391_/Y (sky130_fd_sc_hd__nor2_1)
                                                         _067_ (net)
                      0.288823    0.000571    1.890463 ^ _412_/B1 (sky130_fd_sc_hd__a21o_1)
     2    0.005658    0.094592    0.247851    2.138314 ^ _412_/X (sky130_fd_sc_hd__a21o_1)
                                                         _088_ (net)
                      0.094592    0.000363    2.138677 ^ _414_/A2 (sky130_fd_sc_hd__a211oi_1)
     3    0.008943    0.116380    0.221846    2.360523 v _414_/Y (sky130_fd_sc_hd__a211oi_1)
                                                         _090_ (net)
                      0.116381    0.000444    2.360967 v _418_/B (sky130_fd_sc_hd__nor3_1)
     2    0.005027    0.344328    0.382058    2.743025 ^ _418_/Y (sky130_fd_sc_hd__nor3_1)
                                                         _094_ (net)
                      0.344328    0.000272    2.743297 ^ _420_/A (sky130_fd_sc_hd__or2_1)
     1    0.005274    0.097836    0.298180    3.041478 ^ _420_/X (sky130_fd_sc_hd__or2_1)
                                                         _096_ (net)
                      0.097836    0.000246    3.041723 ^ _423_/A (sky130_fd_sc_hd__xnor2_1)
     1    0.002604    0.072359    0.142515    3.184238 v _423_/Y (sky130_fd_sc_hd__xnor2_1)
                                                         product_reg[6] (net)
                      0.072360    0.000171    3.184409 v _687_/D (sky130_fd_sc_hd__dfrtp_1)
                                              3.184409   data arrival time

                                  0.000000    0.000000   clock clk (rise edge)
                                  0.000000    0.000000   clock source latency
     1    0.020664    0.250000    0.000000    0.000000 ^ clk (in)
                                                         clk (net)
                      0.252576    0.001288    0.001288 ^ clkbuf_0_clk/A (sky130_fd_sc_hd__clkbuf_16)
     4    0.040724    0.095868    0.332143    0.333431 ^ clkbuf_0_clk/X (sky130_fd_sc_hd__clkbuf_16)
                                                         clknet_0_clk (net)
                      0.095945    0.002451    0.335882 ^ clkbuf_2_3__f_clk/A (sky130_fd_sc_hd__clkbuf_16)
     8    0.034772    0.087123    0.253920    0.589802 ^ clkbuf_2_3__f_clk/X (sky130_fd_sc_hd__clkbuf_16)
                                                         clknet_2_3__leaf_clk (net)
                      0.087147    0.001396    0.591198 ^ _687_/CLK (sky130_fd_sc_hd__dfrtp_1)
                                  0.125000    0.716198   clock uncertainty
                                  0.000000    0.716198   clock reconvergence pessimism
                                 -0.093939    0.622259   library hold time
                                              0.622259   data required time
---------------------------------------------------------------------------------------------
                                              0.622259   data required time
                                             -3.184409   data arrival time
---------------------------------------------------------------------------------------------
                                              2.562150   slack (MET)



