Clock: clk
Sources: clk 
Generated: no
Virtual: yes
Propagated: no
Period: 12.500000

===========================================================================
report_clock_properties
============================================================================
Clock                   Period          Waveform
----------------------------------------------------
clk                  12.500000    0.000000  6.250000

===========================================================================
report_clock_latency
============================================================================
Clock clk
rise -> rise
    min     max
0.000000 0.000000 source latency
0.621262         network latency _688_/CLK
        0.635577 network latency _680_/CLK
---------------
0.621262 0.635577 latency
        0.014316 skew

fall -> fall
    min     max
0.000000 0.000000 source latency
0.602361         network latency _688_/CLK
        0.614226 network latency _680_/CLK
---------------
0.602361 0.614226 latency
        0.011865 skew



===========================================================================
report_clock_min_period
============================================================================
clk period_min = 8.80 fmax = 113.65
