Reading timing models for corner nom_tt_025C_1v80…
Reading timing library for the 'nom_tt_025C_1v80' corner at '/home/hassan-ul-haq/.volare/volare/sky130/versions/0fe599b2afb6708d281543108caf8310912f54af/sky130A/libs.ref/sky130_fd_sc_hd/lib/sky130_fd_sc_hd__tt_025C_1v80.lib'…
Reading timing models for corner nom_ff_n40C_1v95…
Reading timing library for the 'nom_ff_n40C_1v95' corner at '/home/hassan-ul-haq/.volare/volare/sky130/versions/0fe599b2afb6708d281543108caf8310912f54af/sky130A/libs.ref/sky130_fd_sc_hd/lib/sky130_fd_sc_hd__ff_n40C_1v95.lib'…
Reading timing models for corner nom_ss_100C_1v60…
Reading timing library for the 'nom_ss_100C_1v60' corner at '/home/hassan-ul-haq/.volare/volare/sky130/versions/0fe599b2afb6708d281543108caf8310912f54af/sky130A/libs.ref/sky130_fd_sc_hd/lib/sky130_fd_sc_hd__ss_100C_1v60.lib'…
Reading OpenROAD database at '/home/hassan-ul-haq/openlane2/designs/Multiplier/runs/120MHz/30-openroad-globalplacement/mult.odb'…
Reading design constraints file at '/nix/store/ss2cw3sxbrwwx9jl0rrppbw4kgcmgi2n-python3-3.11.9-env/lib/python3.11/site-packages/openlane/scripts/base.sdc'…
[INFO] Using clock clk…
[INFO] Setting output delay to: 1.6665999999999999
[INFO] Setting input delay to: 1.6665999999999999
[INFO] Setting load to: 0.033442
[INFO] Setting clock uncertainty to: 0.25
[INFO] Setting clock transition to: 0.1499999999999999944488848768742172978818416595458984375
[INFO] Setting timing derate to: 5%
[INFO] Setting RC values…
[INFO RSZ-0027] Inserted 17 input buffers.
[INFO RSZ-0028] Inserted 16 output buffers.
[INFO RSZ-0058] Using max wire length 6335um.
Iteration | Resized | Buffers | Nets repaired | Remaining
---------------------------------------------------------
        0 |       0 |       0 |             0 |       492
       10 |       9 |       0 |             0 |       482
       20 |      19 |       0 |             0 |       472
       30 |      29 |       0 |             0 |       462
       40 |      39 |       0 |             0 |       452
       50 |      49 |       0 |             0 |       442
       60 |      58 |       0 |             0 |       432
       70 |      67 |       0 |             0 |       422
       80 |      77 |       0 |             0 |       412
       90 |      87 |       0 |             0 |       402
      100 |      97 |       0 |             0 |       392
      110 |     107 |       0 |             0 |       382
      120 |     116 |       0 |             0 |       372
      130 |     126 |       0 |             0 |       362
      140 |     136 |       0 |             0 |       352
      150 |     146 |       0 |             0 |       342
      160 |     156 |       0 |             0 |       332
      170 |     166 |       0 |             0 |       322
      180 |     176 |       0 |             0 |       312
      190 |     186 |       0 |             0 |       302
      200 |     196 |       0 |             0 |       292
      210 |     206 |       0 |             0 |       282
      220 |     215 |       0 |             0 |       272
      230 |     225 |       0 |             0 |       262
      240 |     235 |       0 |             0 |       252
      250 |     245 |       0 |             0 |       242
      260 |     254 |       0 |             0 |       232
      270 |     264 |       0 |             0 |       222
      280 |     274 |       0 |             0 |       212
      290 |     284 |       0 |             0 |       202
      300 |     294 |       0 |             0 |       192
      310 |     304 |       0 |             0 |       182
      320 |     311 |       0 |             0 |       172
      330 |     321 |       0 |             0 |       162
      340 |     345 |      14 |            10 |       152
      350 |     362 |      21 |            16 |       142
      360 |     372 |      21 |            16 |       132
      370 |     382 |      21 |            16 |       122
      380 |     392 |      21 |            16 |       112
      390 |     402 |      21 |            16 |       102
      400 |     406 |      21 |            16 |        92
      410 |     406 |      21 |            16 |        82
      420 |     406 |      21 |            16 |        72
      430 |     406 |      21 |            16 |        62
      440 |     406 |      21 |            16 |        52
      450 |     406 |      21 |            16 |        42
      460 |     408 |      21 |            16 |        32
      470 |     426 |      29 |            17 |        22
      480 |     431 |      29 |            17 |        12
      490 |     431 |      29 |            17 |         2
    final |     431 |      29 |            17 |         0
---------------------------------------------------------
[INFO RSZ-0035] Found 17 fanout violations.
[INFO RSZ-0038] Inserted 29 buffers in 17 nets.
[INFO RSZ-0039] Resized 431 instances.
Placement Analysis
---------------------------------
total displacement       1194.8 u
average displacement        1.7 u
max displacement            8.8 u
original HPWL            5749.8 u
legalized HPWL           6850.8 u
delta HPWL                   19 %

[INFO DPL-0020] Mirrored 189 instances
[INFO DPL-0021] HPWL before            6850.8 u
[INFO DPL-0022] HPWL after             6660.4 u
[INFO DPL-0023] HPWL delta               -2.8 %
[INFO] Setting RC values…
Setting global connections for newly added cells…
[INFO] Setting global connections...
Updating metrics…
Cell type report:                       Count       Area
  Fill cell                                72     270.26
  Tap cell                                133     166.41
  Timing Repair Buffer                     62     319.06
  Inverter                                 71     266.51
  Sequential cell                          64    1601.54
  Multi-Input combinational cell          306    2065.73
  Total                                   708    4689.50
Writing OpenROAD database to '/home/hassan-ul-haq/openlane2/designs/Multiplier/runs/120MHz/34-openroad-repairdesignpostgpl/mult.odb'…
Writing netlist to '/home/hassan-ul-haq/openlane2/designs/Multiplier/runs/120MHz/34-openroad-repairdesignpostgpl/mult.nl.v'…
Writing powered netlist to '/home/hassan-ul-haq/openlane2/designs/Multiplier/runs/120MHz/34-openroad-repairdesignpostgpl/mult.pnl.v'…
Writing layout to '/home/hassan-ul-haq/openlane2/designs/Multiplier/runs/120MHz/34-openroad-repairdesignpostgpl/mult.def'…
Writing timing constraints to '/home/hassan-ul-haq/openlane2/designs/Multiplier/runs/120MHz/34-openroad-repairdesignpostgpl/mult.sdc'…
