
===========================================================================
report_checks -unconstrained
===========================================================================
======================= max_ff_n40C_1v95 Corner ===================================

Startpoint: rst (input port clocked by clk)
Endpoint: _781_ (recovery check against rising-edge clock clk)
Path Group: asynchronous
Path Type: max

Fanout         Cap        Slew       Delay        Time   Description
---------------------------------------------------------------------------------------------
                                  0.000000    0.000000   clock clk (rise edge)
                                  0.000000    0.000000   clock network delay (propagated)
                                  1.250000    1.250000 v input external delay
     1    0.002095    0.003685    0.001686    1.251686 v rst (in)
                                                         rst (net)
                      0.003687    0.000000    1.251686 v hold6/A (sky130_fd_sc_hd__dlygate4sd3_1)
     1    0.002776    0.037942    0.351120    1.602806 v hold6/X (sky130_fd_sc_hd__dlygate4sd3_1)
                                                         net68 (net)
                      0.037942    0.000184    1.602990 v input17/A (sky130_fd_sc_hd__clkbuf_2)
     3    0.032891    0.089103    0.125004    1.727994 v input17/X (sky130_fd_sc_hd__clkbuf_2)
                                                         net17 (net)
                      0.089139    0.001523    1.729517 v fanout62/A (sky130_fd_sc_hd__buf_2)
     6    0.034868    0.064628    0.139923    1.869440 v fanout62/X (sky130_fd_sc_hd__buf_2)
                                                         net62 (net)
                      0.064663    0.001452    1.870892 v fanout59/A (sky130_fd_sc_hd__clkbuf_4)
     8    0.043029    0.068012    0.144692    2.015584 v fanout59/X (sky130_fd_sc_hd__clkbuf_4)
                                                         net59 (net)
                      0.068333    0.003617    2.019201 v fanout57/A (sky130_fd_sc_hd__buf_4)
    10    0.054329    0.059755    0.140167    2.159369 v fanout57/X (sky130_fd_sc_hd__buf_4)
                                                         net57 (net)
                      0.060151    0.003843    2.163211 v _717_/A (sky130_fd_sc_hd__inv_2)
     1    0.004013    0.025399    0.041001    2.204213 ^ _717_/Y (sky130_fd_sc_hd__inv_2)
                                                         _071_ (net)
                      0.025400    0.000212    2.204425 ^ _781_/RESET_B (sky130_fd_sc_hd__dfrtp_1)
                                              2.204425   data arrival time

                                  6.250000    6.250000   clock clk (rise edge)
                                  0.000000    6.250000   clock source latency
     1    0.020359    0.073000    0.050676    6.300676 ^ clk (in)
                                                         clk (net)
                      0.073114    0.000000    6.300676 ^ clkbuf_0_clk/A (sky130_fd_sc_hd__clkbuf_16)
     8    0.083550    0.077031    0.130417    6.431092 ^ clkbuf_0_clk/X (sky130_fd_sc_hd__clkbuf_16)
                                                         clknet_0_clk (net)
                      0.077319    0.003775    6.434867 ^ clkbuf_3_3__f_clk/A (sky130_fd_sc_hd__clkbuf_16)
     8    0.034218    0.041370    0.106174    6.541041 ^ clkbuf_3_3__f_clk/X (sky130_fd_sc_hd__clkbuf_16)
                                                         clknet_3_3__leaf_clk (net)
                      0.041460    0.001803    6.542845 ^ _781_/CLK (sky130_fd_sc_hd__dfrtp_1)
                                 -0.250000    6.292845   clock uncertainty
                                  0.000000    6.292845   clock reconvergence pessimism
                                  0.146273    6.439117   library recovery time
                                              6.439117   data required time
---------------------------------------------------------------------------------------------
                                              6.439117   data required time
                                             -2.204425   data arrival time
---------------------------------------------------------------------------------------------
                                              4.234693   slack (MET)


Startpoint: _787_ (rising edge-triggered flip-flop clocked by clk)
Endpoint: _769_ (rising edge-triggered flip-flop clocked by clk)
Path Group: clk
Path Type: max

Fanout         Cap        Slew       Delay        Time   Description
---------------------------------------------------------------------------------------------
                                  0.000000    0.000000   clock clk (rise edge)
                                  0.000000    0.000000   clock source latency
     1    0.020359    0.073000    0.050676    0.050676 ^ clk (in)
                                                         clk (net)
                      0.073114    0.000000    0.050676 ^ clkbuf_0_clk/A (sky130_fd_sc_hd__clkbuf_16)
     8    0.083550    0.077031    0.130417    0.181093 ^ clkbuf_0_clk/X (sky130_fd_sc_hd__clkbuf_16)
                                                         clknet_0_clk (net)
                      0.077472    0.004642    0.185735 ^ clkbuf_3_2__f_clk/A (sky130_fd_sc_hd__clkbuf_16)
    12    0.036797    0.043140    0.107679    0.293414 ^ clkbuf_3_2__f_clk/X (sky130_fd_sc_hd__clkbuf_16)
                                                         clknet_3_2__leaf_clk (net)
                      0.043236    0.001355    0.294769 ^ _787_/CLK (sky130_fd_sc_hd__dfrtp_1)
     2    0.007121    0.041929    0.240788    0.535557 v _787_/Q (sky130_fd_sc_hd__dfrtp_1)
                                                         pp2[1] (net)
                      0.041935    0.000518    0.536075 v _569_/A (sky130_fd_sc_hd__xor2_1)
     2    0.007537    0.044652    0.115913    0.651988 v _569_/X (sky130_fd_sc_hd__xor2_1)
                                                         _279_ (net)
                      0.044653    0.000234    0.652222 v _574_/A1 (sky130_fd_sc_hd__a31o_1)
     3    0.012904    0.056659    0.143935    0.796157 v _574_/X (sky130_fd_sc_hd__a31o_1)
                                                         _283_ (net)
                      0.056671    0.000809    0.796966 v _594_/A1 (sky130_fd_sc_hd__a31o_4)
     3    0.015746    0.038619    0.159926    0.956892 v _594_/X (sky130_fd_sc_hd__a31o_4)
                                                         _301_ (net)
                      0.038655    0.001065    0.957957 v _617_/A1 (sky130_fd_sc_hd__a211oi_1)
     2    0.007332    0.214321    0.195489    1.153446 ^ _617_/Y (sky130_fd_sc_hd__a211oi_1)
                                                         _322_ (net)
                      0.214321    0.000435    1.153881 ^ _618_/B (sky130_fd_sc_hd__or2_1)
     1    0.009125    0.071651    0.108877    1.262758 ^ _618_/X (sky130_fd_sc_hd__or2_1)
                                                         _323_ (net)
                      0.071651    0.000250    1.263008 ^ _619_/B (sky130_fd_sc_hd__xor2_2)
     2    0.011989    0.140110    0.134171    1.397179 ^ _619_/X (sky130_fd_sc_hd__xor2_2)
                                                         _324_ (net)
                      0.140113    0.000879    1.398058 ^ _621_/B (sky130_fd_sc_hd__xnor2_2)
     3    0.010608    0.050767    0.058507    1.456565 v _621_/Y (sky130_fd_sc_hd__xnor2_2)
                                                         _326_ (net)
                      0.050768    0.000399    1.456964 v _637_/B (sky130_fd_sc_hd__or4_4)
     2    0.007285    0.061863    0.313935    1.770899 v _637_/X (sky130_fd_sc_hd__or4_4)
                                                         _340_ (net)
                      0.061864    0.000424    1.771322 v _639_/A1 (sky130_fd_sc_hd__a31o_1)
     4    0.011183    0.051818    0.146121    1.917444 v _639_/X (sky130_fd_sc_hd__a31o_1)
                                                         _342_ (net)
                      0.051832    0.000821    1.918265 v _645_/A2 (sky130_fd_sc_hd__a211o_1)
     1    0.004691    0.040022    0.192357    2.110622 v _645_/X (sky130_fd_sc_hd__a211o_1)
                                                         _346_ (net)
                      0.040025    0.000222    2.110844 v _647_/B (sky130_fd_sc_hd__xnor2_1)
     1    0.002488    0.027940    0.077444    2.188288 v _647_/Y (sky130_fd_sc_hd__xnor2_1)
                                                         _027_ (net)
                      0.027940    0.000173    2.188461 v _769_/D (sky130_fd_sc_hd__dfrtp_1)
                                              2.188461   data arrival time

                                  6.250000    6.250000   clock clk (rise edge)
                                  0.000000    6.250000   clock source latency
     1    0.020359    0.073000    0.050676    6.300676 ^ clk (in)
                                                         clk (net)
                      0.073114    0.000000    6.300676 ^ clkbuf_0_clk/A (sky130_fd_sc_hd__clkbuf_16)
     8    0.083550    0.077031    0.130417    6.431092 ^ clkbuf_0_clk/X (sky130_fd_sc_hd__clkbuf_16)
                                                         clknet_0_clk (net)
                      0.077391    0.004204    6.435297 ^ clkbuf_3_7__f_clk/A (sky130_fd_sc_hd__clkbuf_16)
    11    0.037503    0.043600    0.107996    6.543293 ^ clkbuf_3_7__f_clk/X (sky130_fd_sc_hd__clkbuf_16)
                                                         clknet_3_7__leaf_clk (net)
                      0.043770    0.001877    6.545169 ^ _769_/CLK (sky130_fd_sc_hd__dfrtp_1)
                                 -0.250000    6.295169   clock uncertainty
                                  0.000000    6.295169   clock reconvergence pessimism
                                 -0.069863    6.225307   library setup time
                                              6.225307   data required time
---------------------------------------------------------------------------------------------
                                              6.225307   data required time
                                             -2.188461   data arrival time
---------------------------------------------------------------------------------------------
                                              4.036846   slack (MET)




===========================================================================
report_checks --slack_max -0.01
============================================================================
======================= max_ff_n40C_1v95 Corner ===================================

No paths found.


===========================================================================
 report_check_types -max_slew -max_cap -max_fanout -violators
============================================================================
======================= max_ff_n40C_1v95 Corner ===================================

max fanout

Pin                                   Limit Fanout  Slack
---------------------------------------------------------
clkbuf_3_2__f_clk/X                      10     12     -2 (VIOLATED)
clkbuf_3_7__f_clk/X                      10     11        (VIOLATED)



===========================================================================
report_parasitic_annotation -report_unannotated
============================================================================
Found 7 unannotated drivers.
 clkload0/Y
 clkload1/Y
 clkload2/Y
 clkload3/Y
 clkload4/Y
 clkload5/Y
 clkload6/X
Found 0 partially unannotated drivers.

===========================================================================
max slew violation count 0
max fanout violation count 2
max cap violation count 0
============================================================================

===========================================================================
check_setup -verbose -unconstrained_endpoints -multiple_clock -no_clock -no_input_delay -loops -generated_clocks
===========================================================================
