Clock: clk
Sources: clk 
Generated: no
Virtual: yes
Propagated: no
Period: 6.250000

===========================================================================
report_clock_properties
============================================================================
Clock                   Period          Waveform
----------------------------------------------------
clk                   6.250000    0.000000  3.125000

===========================================================================
report_clock_latency
============================================================================
Clock clk
rise -> rise
    min     max
0.000000 0.000000 source latency
0.291973         network latency _806_/CLK
        0.297569 network latency _811_/CLK
---------------
0.291973 0.297569 latency
        0.005597 skew

fall -> fall
    min     max
0.000000 0.000000 source latency
0.259994         network latency _761_/CLK
        0.264992 network latency _811_/CLK
---------------
0.259994 0.264992 latency
        0.004998 skew



===========================================================================
report_clock_min_period
============================================================================
clk period_min = 2.21 fmax = 451.84
