
===========================================================================
report_checks -unconstrained
===========================================================================
======================= max_ff_n40C_1v95 Corner ===================================

Startpoint: rst (input port clocked by clk)
Endpoint: _679_ (recovery check against rising-edge clock clk)
Path Group: asynchronous
Path Type: max

Fanout         Cap        Slew       Delay        Time   Description
---------------------------------------------------------------------------------------------
                                  0.000000    0.000000   clock clk (rise edge)
                                  0.000000    0.000000   clock network delay (propagated)
                                  1.666600    1.666600 v input external delay
     1    0.002767    0.004664    0.002289    1.668889 v rst (in)
                                                         rst (net)
                      0.004672    0.000000    1.668889 v input17/A (sky130_fd_sc_hd__clkbuf_1)
     1    0.002325    0.016689    0.044669    1.713558 v input17/X (sky130_fd_sc_hd__clkbuf_1)
                                                         net17 (net)
                      0.016691    0.000153    1.713711 v fanout62/A (sky130_fd_sc_hd__buf_2)
     5    0.031645    0.059243    0.107909    1.821620 v fanout62/X (sky130_fd_sc_hd__buf_2)
                                                         net62 (net)
                      0.059331    0.001615    1.823235 v fanout60/A (sky130_fd_sc_hd__buf_4)
    10    0.066087    0.066642    0.141428    1.964663 v fanout60/X (sky130_fd_sc_hd__buf_4)
                                                         net60 (net)
                      0.066692    0.001583    1.966247 v fanout59/A (sky130_fd_sc_hd__buf_4)
    10    0.055406    0.061969    0.137660    2.103906 v fanout59/X (sky130_fd_sc_hd__buf_4)
                                                         net59 (net)
                      0.063388    0.007489    2.111395 v _647_/A (sky130_fd_sc_hd__inv_2)
     1    0.004405    0.027046    0.043281    2.154676 ^ _647_/Y (sky130_fd_sc_hd__inv_2)
                                                         _021_ (net)
                      0.027047    0.000234    2.154911 ^ _679_/RESET_B (sky130_fd_sc_hd__dfrtp_1)
                                              2.154911   data arrival time

                                  8.333000    8.333000   clock clk (rise edge)
                                  0.000000    8.333000   clock source latency
     1    0.019872    0.071073    0.049329    8.382330 ^ clk (in)
                                                         clk (net)
                      0.071141    0.000000    8.382330 ^ clkbuf_0_clk/A (sky130_fd_sc_hd__clkbuf_16)
     4    0.041535    0.046345    0.108130    8.490459 ^ clkbuf_0_clk/X (sky130_fd_sc_hd__clkbuf_16)
                                                         clknet_0_clk (net)
                      0.046617    0.002480    8.492939 ^ clkbuf_2_0__f_clk/A (sky130_fd_sc_hd__clkbuf_16)
    12    0.037213    0.042892    0.098684    8.591622 ^ clkbuf_2_0__f_clk/X (sky130_fd_sc_hd__clkbuf_16)
                                                         clknet_2_0__leaf_clk (net)
                      0.043643    0.004354    8.595977 ^ _679_/CLK (sky130_fd_sc_hd__dfrtp_1)
                                 -0.250000    8.345977   clock uncertainty
                                  0.000000    8.345977   clock reconvergence pessimism
                                  0.146291    8.492268   library recovery time
                                              8.492268   data required time
---------------------------------------------------------------------------------------------
                                              8.492268   data required time
                                             -2.154911   data arrival time
---------------------------------------------------------------------------------------------
                                              6.337357   slack (MET)


Startpoint: _669_ (rising edge-triggered flip-flop clocked by clk)
Endpoint: _662_ (rising edge-triggered flip-flop clocked by clk)
Path Group: clk
Path Type: max

Fanout         Cap        Slew       Delay        Time   Description
---------------------------------------------------------------------------------------------
                                  0.000000    0.000000   clock clk (rise edge)
                                  0.000000    0.000000   clock source latency
     1    0.019872    0.071073    0.049329    0.049329 ^ clk (in)
                                                         clk (net)
                      0.071141    0.000000    0.049329 ^ clkbuf_0_clk/A (sky130_fd_sc_hd__clkbuf_16)
     4    0.041535    0.046345    0.108130    0.157459 ^ clkbuf_0_clk/X (sky130_fd_sc_hd__clkbuf_16)
                                                         clknet_0_clk (net)
                      0.046617    0.002480    0.159939 ^ clkbuf_2_0__f_clk/A (sky130_fd_sc_hd__clkbuf_16)
    12    0.037213    0.042892    0.098684    0.258623 ^ clkbuf_2_0__f_clk/X (sky130_fd_sc_hd__clkbuf_16)
                                                         clknet_2_0__leaf_clk (net)
                      0.043463    0.003670    0.262293 ^ _669_/CLK (sky130_fd_sc_hd__dfrtp_1)
     3    0.013245    0.059563    0.260714    0.523006 v _669_/Q (sky130_fd_sc_hd__dfrtp_1)
                                                         a_reg[4] (net)
                      0.059569    0.000670    0.523676 v fanout51/A (sky130_fd_sc_hd__buf_2)
    10    0.037717    0.068425    0.132323    0.655999 v fanout51/X (sky130_fd_sc_hd__buf_2)
                                                         net51 (net)
                      0.068519    0.002257    0.658256 v _370_/C (sky130_fd_sc_hd__and4_1)
     3    0.007247    0.041403    0.146364    0.804621 v _370_/X (sky130_fd_sc_hd__and4_1)
                                                         _046_ (net)
                      0.041405    0.000338    0.804958 v _372_/B (sky130_fd_sc_hd__or3_1)
     2    0.006045    0.055163    0.213316    1.018274 v _372_/X (sky130_fd_sc_hd__or3_1)
                                                         _048_ (net)
                      0.055164    0.000335    1.018608 v _375_/A1 (sky130_fd_sc_hd__a21o_1)
     3    0.009289    0.043621    0.124014    1.142623 v _375_/X (sky130_fd_sc_hd__a21o_1)
                                                         _051_ (net)
                      0.043638    0.000799    1.143422 v _384_/A2 (sky130_fd_sc_hd__a21o_1)
     2    0.004752    0.029760    0.121303    1.264724 v _384_/X (sky130_fd_sc_hd__a21o_1)
                                                         _060_ (net)
                      0.029763    0.000298    1.265022 v _385_/C (sky130_fd_sc_hd__and3_1)
     4    0.015926    0.064535    0.149855    1.414876 v _385_/X (sky130_fd_sc_hd__and3_1)
                                                         _061_ (net)
                      0.064550    0.000974    1.415850 v _387_/B (sky130_fd_sc_hd__nor3b_2)
     3    0.008687    0.140537    0.152709    1.568560 ^ _387_/Y (sky130_fd_sc_hd__nor3b_2)
                                                         _063_ (net)
                      0.140538    0.000511    1.569071 ^ max_cap34/A (sky130_fd_sc_hd__clkbuf_1)
     2    0.006969    0.067477    0.085111    1.654182 ^ max_cap34/X (sky130_fd_sc_hd__clkbuf_1)
                                                         net34 (net)
                      0.067506    0.000493    1.654675 ^ _388_/A (sky130_fd_sc_hd__inv_2)
     1    0.003382    0.017754    0.016312    1.670987 v _388_/Y (sky130_fd_sc_hd__inv_2)
                                                         _064_ (net)
                      0.017756    0.000139    1.671126 v _421_/A1 (sky130_fd_sc_hd__a21o_1)
     3    0.008711    0.041694    0.108184    1.779311 v _421_/X (sky130_fd_sc_hd__a21o_1)
                                                         _097_ (net)
                      0.041700    0.000499    1.779810 v _458_/A4 (sky130_fd_sc_hd__a41o_1)
     2    0.008538    0.047609    0.176048    1.955857 v _458_/X (sky130_fd_sc_hd__a41o_1)
                                                         _133_ (net)
                      0.047616    0.000606    1.956463 v _492_/A2 (sky130_fd_sc_hd__a21o_1)
     4    0.017525    0.065412    0.158172    2.114635 v _492_/X (sky130_fd_sc_hd__a21o_1)
                                                         _166_ (net)
                      0.065449    0.001433    2.116068 v _598_/A1 (sky130_fd_sc_hd__a211o_1)
     2    0.006562    0.045976    0.180490    2.296557 v _598_/X (sky130_fd_sc_hd__a211o_1)
                                                         _268_ (net)
                      0.045977    0.000312    2.296870 v _600_/C (sky130_fd_sc_hd__and4b_1)
     4    0.013069    0.058992    0.153294    2.450163 v _600_/X (sky130_fd_sc_hd__and4b_1)
                                                         _270_ (net)
                      0.058998    0.000654    2.450818 v _614_/B (sky130_fd_sc_hd__or4_1)
     1    0.002749    0.052733    0.286178    2.736995 v _614_/X (sky130_fd_sc_hd__or4_1)
                                                         _283_ (net)
                      0.052733    0.000190    2.737185 v _615_/B (sky130_fd_sc_hd__nand2_1)
     1    0.002409    0.032631    0.049968    2.787153 ^ _615_/Y (sky130_fd_sc_hd__nand2_1)
                                                         product_reg[13] (net)
                      0.032631    0.000175    2.787328 ^ _662_/D (sky130_fd_sc_hd__dfrtp_1)
                                              2.787328   data arrival time

                                  8.333000    8.333000   clock clk (rise edge)
                                  0.000000    8.333000   clock source latency
     1    0.019872    0.071073    0.049329    8.382330 ^ clk (in)
                                                         clk (net)
                      0.071141    0.000000    8.382330 ^ clkbuf_0_clk/A (sky130_fd_sc_hd__clkbuf_16)
     4    0.041535    0.046345    0.108130    8.490459 ^ clkbuf_0_clk/X (sky130_fd_sc_hd__clkbuf_16)
                                                         clknet_0_clk (net)
                      0.046609    0.002432    8.492891 ^ clkbuf_2_2__f_clk/A (sky130_fd_sc_hd__clkbuf_16)
     8    0.046825    0.049929    0.104095    8.596986 ^ clkbuf_2_2__f_clk/X (sky130_fd_sc_hd__clkbuf_16)
                                                         clknet_2_2__leaf_clk (net)
                      0.050291    0.003276    8.600262 ^ _662_/CLK (sky130_fd_sc_hd__dfrtp_1)
                                 -0.250000    8.350262   clock uncertainty
                                  0.000000    8.350262   clock reconvergence pessimism
                                 -0.033292    8.316971   library setup time
                                              8.316971   data required time
---------------------------------------------------------------------------------------------
                                              8.316971   data required time
                                             -2.787328   data arrival time
---------------------------------------------------------------------------------------------
                                              5.529643   slack (MET)




===========================================================================
report_checks --slack_max -0.01
============================================================================
======================= max_ff_n40C_1v95 Corner ===================================

No paths found.


===========================================================================
 report_check_types -max_slew -max_cap -max_fanout -violators
============================================================================
======================= max_ff_n40C_1v95 Corner ===================================

max fanout

Pin                                   Limit Fanout  Slack
---------------------------------------------------------
clkbuf_2_0__f_clk/X                      10     12     -2 (VIOLATED)



===========================================================================
report_parasitic_annotation -report_unannotated
============================================================================
Found 3 unannotated drivers.
 clkload0/Y
 clkload1/Y
 clkload2/Y
Found 0 partially unannotated drivers.

===========================================================================
max slew violation count 0
max fanout violation count 1
max cap violation count 0
============================================================================

===========================================================================
check_setup -verbose -unconstrained_endpoints -multiple_clock -no_clock -no_input_delay -loops -generated_clocks
===========================================================================
