
===========================================================================
report_checks -unconstrained
===========================================================================
======================= max_ff_n40C_1v95 Corner ===================================

Startpoint: _48_ (rising edge-triggered flip-flop clocked by clk)
Endpoint: _32_ (rising edge-triggered flip-flop clocked by clk)
Path Group: clk
Path Type: max

Fanout         Cap        Slew       Delay        Time   Description
---------------------------------------------------------------------------------------------
                                  0.000000    0.000000   clock clk (rise edge)
                                  0.000000    0.000000   clock source latency
     2    0.037598    0.000000    0.000000    0.000000 ^ clk (in)
                                                         clk (net)
                      0.003107    0.001554    0.001554 ^ clkbuf_0_clk/A (sky130_fd_sc_hd__clkbuf_16)
     4    0.042364    0.046638    0.089633    0.091186 ^ clkbuf_0_clk/X (sky130_fd_sc_hd__clkbuf_16)
                                                         clknet_0_clk (net)
                      0.046889    0.002571    0.093758 ^ clkbuf_2_0__f_clk/A (sky130_fd_sc_hd__clkbuf_16)
    12    0.046271    0.049537    0.104005    0.197763 ^ clkbuf_2_0__f_clk/X (sky130_fd_sc_hd__clkbuf_16)
                                                         clknet_2_0__leaf_clk (net)
                      0.049782    0.002639    0.200402 ^ _48_/CLK (sky130_fd_sc_hd__dfrtp_4)
     8    0.039979    0.076953    0.339288    0.539690 v _48_/Q (sky130_fd_sc_hd__dfrtp_4)
                                                         b_r1[0] (net)
                      0.077085    0.002866    0.542556 v _00_/B (sky130_fd_sc_hd__and2_1)
     1    0.002334    0.024057    0.111553    0.654109 v _00_/X (sky130_fd_sc_hd__and2_1)
                                                         PPs_w[6][6] (net)
                      0.024057    0.000108    0.654217 v _32_/D (sky130_fd_sc_hd__dfrtp_1)
                                              0.654217   data arrival time

                                  2.000000    2.000000   clock clk (rise edge)
                                  0.000000    2.000000   clock source latency
     2    0.037598    0.000000    0.000000    2.000000 ^ clk (in)
                                                         clk (net)
                      0.003107    0.001554    2.001554 ^ clkbuf_0_clk/A (sky130_fd_sc_hd__clkbuf_16)
     4    0.042364    0.046638    0.089633    2.091186 ^ clkbuf_0_clk/X (sky130_fd_sc_hd__clkbuf_16)
                                                         clknet_0_clk (net)
                      0.046971    0.003022    2.094208 ^ clkbuf_2_2__f_clk/A (sky130_fd_sc_hd__clkbuf_16)
    10    0.044947    0.048605    0.103410    2.197618 ^ clkbuf_2_2__f_clk/X (sky130_fd_sc_hd__clkbuf_16)
                                                         clknet_2_2__leaf_clk (net)
                      0.048815    0.002419    2.200037 ^ _32_/CLK (sky130_fd_sc_hd__dfrtp_1)
                                 -0.020000    2.180037   clock uncertainty
                                  0.000000    2.180037   clock reconvergence pessimism
                                 -0.067992    2.112045   library setup time
                                              2.112045   data required time
---------------------------------------------------------------------------------------------
                                              2.112045   data required time
                                             -0.654217   data arrival time
---------------------------------------------------------------------------------------------
                                              1.457828   slack (MET)




===========================================================================
report_checks --slack_max -0.01
============================================================================
======================= max_ff_n40C_1v95 Corner ===================================

No paths found.


===========================================================================
 report_check_types -max_slew -max_cap -max_fanout -violators
============================================================================
======================= max_ff_n40C_1v95 Corner ===================================



===========================================================================
report_parasitic_annotation -report_unannotated
============================================================================
Found 18 unannotated drivers.
 b[1]
 b[2]
 b[3]
 b[4]
 b[5]
 b[6]
 b[7]
 clkload0/Y
 clkload1/Y
 clkload2/Y
 mult_19/HI
 mult_20/HI
 mult_21/HI
 mult_22/HI
 mult_23/HI
 mult_24/HI
 mult_25/HI
 mult_26/HI
Found 0 partially unannotated drivers.

===========================================================================
max slew violation count 0
max fanout violation count 0
max cap violation count 0
============================================================================

===========================================================================
check_setup -verbose -unconstrained_endpoints -multiple_clock -no_clock -no_input_delay -loops -generated_clocks
===========================================================================
Warning: There is 1 input port missing set_input_delay.
  rst
Warning: There are 16 unconstrained endpoints.
  product_out[0]
  product_out[10]
  product_out[11]
  product_out[12]
  product_out[13]
  product_out[14]
  product_out[15]
  product_out[1]
  product_out[2]
  product_out[3]
  product_out[4]
  product_out[5]
  product_out[6]
  product_out[7]
  product_out[8]
  product_out[9]
