Clock: clk
Sources: clk 
Generated: no
Virtual: yes
Propagated: no
Period: 5.000000

===========================================================================
report_clock_properties
============================================================================
Clock                   Period          Waveform
----------------------------------------------------
clk                   5.000000    0.000000  2.500000

===========================================================================
report_clock_latency
============================================================================
Clock clk
rise -> rise
    min     max
0.000000 0.000000 source latency
0.331130         network latency _1021_/CLK
        0.343498 network latency _0981_/CLK
---------------
0.331130 0.343498 latency
        0.012368 skew

fall -> fall
    min     max
0.000000 0.000000 source latency
0.283491         network latency _0936_/CLK
        0.293028 network latency _0981_/CLK
---------------
0.283491 0.293028 latency
        0.009537 skew



===========================================================================
report_clock_min_period
============================================================================
clk period_min = 1.61 fmax = 620.31
