Reading OpenROAD database at '/home/hassan-ul-haq/openlane2/designs/Multiplier/runs/120MHz/94-openroad-generatepdn/mult.odb'…
Reading library file at '/home/hassan-ul-haq/.volare/volare/sky130/versions/0fe599b2afb6708d281543108caf8310912f54af/sky130A/libs.ref/sky130_fd_sc_hd/lib/sky130_fd_sc_hd__tt_025C_1v80.lib'…
Reading design constraints file at '/nix/store/ss2cw3sxbrwwx9jl0rrppbw4kgcmgi2n-python3-3.11.9-env/lib/python3.11/site-packages/openlane/scripts/base.sdc'…
[INFO] Using clock clk…
[INFO] Setting output delay to: 1.6665999999999999
[INFO] Setting input delay to: 1.6665999999999999
[INFO] Setting load to: 0.033442
[INFO] Setting clock uncertainty to: 0.25
[INFO] Setting clock transition to: 0.1499999999999999944488848768742172978818416595458984375
[INFO] Setting timing derate to: 5%
+ global_placement -density 0.62474 -skip_io -pad_right 0 -pad_left 0 -init_wirelength_coef 0.25
[INFO GPL-0002] DBU: 1000
[INFO GPL-0003] SiteSize: (  0.460  2.720 ) um
[INFO GPL-0004] CoreBBox: (  5.520 10.880 ) ( 93.840 97.920 ) um
[INFO GPL-0006] NumInstances:               535
[INFO GPL-0007] NumPlaceInstances:          369
[INFO GPL-0008] NumFixedInstances:          166
[INFO GPL-0009] NumDummyInstances:            0
[INFO GPL-0010] NumNets:                    387
[INFO GPL-0011] NumPins:                   1320
[INFO GPL-0012] DieBBox:  (  0.000  0.000 ) ( 99.430 110.150 ) um
[INFO GPL-0013] CoreBBox: (  5.520 10.880 ) ( 93.840 97.920 ) um
[INFO GPL-0016] CoreArea:              7687.373 um^2
[INFO GPL-0017] NonPlaceInstsArea:      367.853 um^2
[INFO GPL-0018] PlaceInstsArea:        3906.246 um^2
[INFO GPL-0019] Util:                    53.368 %
[INFO GPL-0020] StdInstsArea:          3906.246 um^2
[INFO GPL-0021] MacroInstsArea:           0.000 um^2
[INFO GPL-0031] FillerInit:NumGCells:       435
[INFO GPL-0032] FillerInit:NumGNets:        387
[INFO GPL-0033] FillerInit:NumGPins:       1320
[INFO GPL-0023] TargetDensity:            0.625
[INFO GPL-0024] AvrgPlaceInstArea:       10.586 um^2
[INFO GPL-0025] IdealBinArea:            16.945 um^2
[INFO GPL-0026] IdealBinCnt:                453
[INFO GPL-0027] TotalBinArea:          7687.373 um^2
[INFO GPL-0028] BinCnt:        16     16
[INFO GPL-0029] BinSize: (  5.520  5.440 )
[INFO GPL-0030] NumBins: 256
[NesterovSolve] Iter:    1 overflow: 0.979 HPWL: 942652
[NesterovSolve] Iter:   10 overflow: 0.962 HPWL: 601511
[NesterovSolve] Iter:   20 overflow: 0.962 HPWL: 596337
[NesterovSolve] Iter:   30 overflow: 0.962 HPWL: 596683
[NesterovSolve] Iter:   40 overflow: 0.962 HPWL: 596625
[NesterovSolve] Iter:   50 overflow: 0.962 HPWL: 596489
[NesterovSolve] Iter:   60 overflow: 0.962 HPWL: 596124
[NesterovSolve] Iter:   70 overflow: 0.962 HPWL: 595562
[NesterovSolve] Iter:   80 overflow: 0.962 HPWL: 595293
[NesterovSolve] Iter:   90 overflow: 0.962 HPWL: 595144
[NesterovSolve] Iter:  100 overflow: 0.962 HPWL: 595006
[NesterovSolve] Iter:  110 overflow: 0.962 HPWL: 594475
[NesterovSolve] Iter:  120 overflow: 0.962 HPWL: 594151
[NesterovSolve] Iter:  130 overflow: 0.961 HPWL: 599763
[NesterovSolve] Iter:  140 overflow: 0.945 HPWL: 650565
[NesterovSolve] Iter:  150 overflow: 0.921 HPWL: 797019
[NesterovSolve] Iter:  160 overflow: 0.888 HPWL: 1068970
[NesterovSolve] Iter:  170 overflow: 0.842 HPWL: 1333962
[NesterovSolve] Iter:  180 overflow: 0.828 HPWL: 1457311
[NesterovSolve] Iter:  190 overflow: 0.783 HPWL: 1661379
[NesterovSolve] Iter:  200 overflow: 0.745 HPWL: 1784267
[NesterovSolve] Iter:  210 overflow: 0.698 HPWL: 2017050
[NesterovSolve] Iter:  220 overflow: 0.656 HPWL: 2170706
[NesterovSolve] Iter:  230 overflow: 0.605 HPWL: 2399772
[NesterovSolve] Iter:  240 overflow: 0.552 HPWL: 2591311
[NesterovSolve] Iter:  250 overflow: 0.497 HPWL: 2776313
[NesterovSolve] Iter:  260 overflow: 0.434 HPWL: 2927331
[NesterovSolve] Iter:  270 overflow: 0.371 HPWL: 3059340
[NesterovSolve] Iter:  280 overflow: 0.317 HPWL: 3141710
[NesterovSolve] Iter:  290 overflow: 0.279 HPWL: 3220211
[NesterovSolve] Iter:  300 overflow: 0.247 HPWL: 3319687
[NesterovSolve] Iter:  310 overflow: 0.219 HPWL: 3412922
[NesterovSolve] Iter:  320 overflow: 0.196 HPWL: 3484068
[NesterovSolve] Iter:  330 overflow: 0.169 HPWL: 3543329
[NesterovSolve] Iter:  340 overflow: 0.142 HPWL: 3577359
[NesterovSolve] Iter:  350 overflow: 0.127 HPWL: 3610380
[NesterovSolve] Iter:  360 overflow: 0.110 HPWL: 3632531
[NesterovSolve] Iter:  370 overflow: 0.100 HPWL: 3660713
[NesterovSolve] Finished with Overflow: 0.099835
[INFO] Setting RC values…
Setting global connections for newly added cells…
[INFO] Setting global connections...
Updating metrics…
Cell type report:                       Count       Area
  Fill cell                                64     240.23
  Tap cell                                102     127.62
  Inverter                                 37     138.88
  Sequential cell                          32     840.81
  Multi-Input combinational cell          300    2926.56
  Total                                   535    4274.10
Writing OpenROAD database to '/home/hassan-ul-haq/openlane2/designs/Multiplier/runs/120MHz/97-openroad-globalplacementskipio/mult.odb'…
Writing netlist to '/home/hassan-ul-haq/openlane2/designs/Multiplier/runs/120MHz/97-openroad-globalplacementskipio/mult.nl.v'…
Writing powered netlist to '/home/hassan-ul-haq/openlane2/designs/Multiplier/runs/120MHz/97-openroad-globalplacementskipio/mult.pnl.v'…
Writing layout to '/home/hassan-ul-haq/openlane2/designs/Multiplier/runs/120MHz/97-openroad-globalplacementskipio/mult.def'…
Writing timing constraints to '/home/hassan-ul-haq/openlane2/designs/Multiplier/runs/120MHz/97-openroad-globalplacementskipio/mult.sdc'…
