Reading OpenROAD database at '/home/hassan-ul-haq/openlane2/designs/Multiplier/runs/300MHz/47-odb-reportdisconnectedpins/mult.odb'…
Reading library file at '/home/hassan-ul-haq/.volare/volare/sky130/versions/0fe599b2afb6708d281543108caf8310912f54af/sky130A/libs.ref/sky130_fd_sc_hd/lib/sky130_fd_sc_hd__tt_025C_1v80.lib'…
Reading design constraints file at '/nix/store/ss2cw3sxbrwwx9jl0rrppbw4kgcmgi2n-python3-3.11.9-env/lib/python3.11/site-packages/openlane/scripts/base.sdc'…
[INFO] Using clock clk…
[INFO] Setting output delay to: 0.6666
[INFO] Setting input delay to: 0.6666
[INFO] Setting load to: 0.033442
[INFO] Setting clock uncertainty to: 0.25
[INFO] Setting clock transition to: 0.1499999999999999944488848768742172978818416595458984375
[INFO] Setting timing derate to: 5%
sky130_ef_sc_hd__decap_12 sky130_fd_sc_hd__decap_8 sky130_fd_sc_hd__decap_6 sky130_fd_sc_hd__decap_4 sky130_fd_sc_hd__decap_3 sky130_fd_sc_hd__fill*
[INFO DPL-0001] Placed 1248 filler instances.
Setting global connections for newly added cells…
[INFO] Setting global connections...
Updating metrics…
Cell type report:                       Count       Area
  Fill cell                              1356    8794.68
  Tap cell                                308     385.37
  Clock buffer                             30     440.42
  Timing Repair Buffer                    221    1910.58
  Inverter                                259     972.18
  Clock inverter                           18     175.17
  Sequential cell                         247    6237.23
  Multi-Input combinational cell          380    2705.09
  Total                                  2819   21620.74
Writing OpenROAD database to '/home/hassan-ul-haq/openlane2/designs/Multiplier/runs/300MHz/51-openroad-fillinsertion/mult.odb'…
Writing netlist to '/home/hassan-ul-haq/openlane2/designs/Multiplier/runs/300MHz/51-openroad-fillinsertion/mult.nl.v'…
Writing powered netlist to '/home/hassan-ul-haq/openlane2/designs/Multiplier/runs/300MHz/51-openroad-fillinsertion/mult.pnl.v'…
Writing layout to '/home/hassan-ul-haq/openlane2/designs/Multiplier/runs/300MHz/51-openroad-fillinsertion/mult.def'…
Writing timing constraints to '/home/hassan-ul-haq/openlane2/designs/Multiplier/runs/300MHz/51-openroad-fillinsertion/mult.sdc'…
