Clock: clk
Sources: clk 
Generated: no
Virtual: yes
Propagated: no
Period: 5.000000

===========================================================================
report_clock_properties
============================================================================
Clock                   Period          Waveform
----------------------------------------------------
clk                   5.000000    0.000000  2.500000

===========================================================================
report_clock_latency
============================================================================
Clock clk
rise -> rise
    min     max
0.000000 0.000000 source latency
0.322881         network latency _1021_/CLK
        0.333238 network latency _0981_/CLK
---------------
0.322881 0.333238 latency
        0.010357 skew

fall -> fall
    min     max
0.000000 0.000000 source latency
0.277209         network latency _1021_/CLK
        0.284776 network latency _0981_/CLK
---------------
0.277209 0.284776 latency
        0.007567 skew



===========================================================================
report_clock_min_period
============================================================================
clk period_min = 1.60 fmax = 625.41
