Reading timing models for corner nom_tt_025C_1v80…
Reading timing library for the 'nom_tt_025C_1v80' corner at '/home/hassan-ul-haq/.volare/volare/sky130/versions/0fe599b2afb6708d281543108caf8310912f54af/sky130A/libs.ref/sky130_fd_sc_hd/lib/sky130_fd_sc_hd__tt_025C_1v80.lib'…
Reading timing models for corner nom_ff_n40C_1v95…
Reading timing library for the 'nom_ff_n40C_1v95' corner at '/home/hassan-ul-haq/.volare/volare/sky130/versions/0fe599b2afb6708d281543108caf8310912f54af/sky130A/libs.ref/sky130_fd_sc_hd/lib/sky130_fd_sc_hd__ff_n40C_1v95.lib'…
Reading timing models for corner nom_ss_100C_1v60…
Reading timing library for the 'nom_ss_100C_1v60' corner at '/home/hassan-ul-haq/.volare/volare/sky130/versions/0fe599b2afb6708d281543108caf8310912f54af/sky130A/libs.ref/sky130_fd_sc_hd/lib/sky130_fd_sc_hd__ss_100C_1v60.lib'…
Reading OpenROAD database at '/home/hassan-ul-haq/openlane2/designs/Multiplier/runs/RUN_2025-11-05_19-27-52/27-openroad-globalplacement/mult.odb'…
Reading design constraints file at 'pnr.sdc'…
[INFO] Setting RC values…
[INFO RSZ-0027] Inserted 17 input buffers.
[INFO RSZ-0028] Inserted 16 output buffers.
[INFO RSZ-0058] Using max wire length 6335um.
Iteration | Resized | Buffers | Nets repaired | Remaining
---------------------------------------------------------
        0 |       0 |       0 |             0 |       420
       10 |       9 |       0 |             0 |       410
       20 |      18 |       0 |             0 |       400
       30 |      27 |       0 |             0 |       390
       40 |      36 |       0 |             0 |       380
       50 |      46 |       0 |             0 |       370
       60 |      56 |       0 |             0 |       360
       70 |      66 |       0 |             0 |       350
       80 |      76 |       0 |             0 |       340
       90 |      86 |       0 |             0 |       330
      100 |      93 |       0 |             0 |       320
      110 |     103 |       0 |             0 |       310
      120 |     112 |       0 |             0 |       300
      130 |     122 |       0 |             0 |       290
      140 |     132 |       0 |             0 |       280
      150 |     141 |       0 |             0 |       270
      160 |     151 |       0 |             0 |       260
      170 |     161 |       0 |             0 |       250
      180 |     171 |       0 |             0 |       240
      190 |     181 |       0 |             0 |       230
      200 |     191 |       0 |             0 |       220
      210 |     201 |       0 |             0 |       210
      220 |     209 |       0 |             0 |       200
      230 |     218 |       0 |             0 |       190
      240 |     228 |       0 |             0 |       180
      250 |     238 |       0 |             0 |       170
      260 |     248 |       0 |             0 |       160
      270 |     258 |       0 |             0 |       150
      280 |     267 |       0 |             0 |       140
      290 |     277 |       0 |             0 |       130
      300 |     285 |       0 |             0 |       120
      310 |     291 |       0 |             0 |       110
      320 |     291 |       0 |             0 |       100
      330 |     299 |       0 |             0 |        90
      340 |     320 |      13 |             8 |        80
      350 |     338 |      24 |            15 |        70
      360 |     342 |      24 |            15 |        60
      370 |     342 |      24 |            15 |        50
      380 |     342 |      24 |            15 |        40
      390 |     346 |      24 |            15 |        30
      400 |     360 |      28 |            16 |        20
      410 |     363 |      28 |            16 |        10
      420 |     363 |      28 |            16 |         0
    final |     363 |      28 |            16 |         0
---------------------------------------------------------
[INFO RSZ-0035] Found 16 fanout violations.
[INFO RSZ-0038] Inserted 28 buffers in 16 nets.
[INFO RSZ-0039] Resized 363 instances.
Placement Analysis
---------------------------------
total displacement        923.1 u
average displacement        1.5 u
max displacement            9.0 u
original HPWL            5233.2 u
legalized HPWL           6140.7 u
delta HPWL                   17 %

[INFO DPL-0020] Mirrored 171 instances
[INFO DPL-0021] HPWL before            6140.7 u
[INFO DPL-0022] HPWL after             5934.6 u
[INFO DPL-0023] HPWL delta               -3.4 %
[INFO] Setting RC values…
Setting global connections for newly added cells…
[INFO] Setting global connections...
Updating metrics…
Cell type report:                       Count       Area
  Fill cell                                64     240.23
  Tap cell                                102     127.62
  Timing Repair Buffer                     61     271.51
  Inverter                                 37     138.88
  Sequential cell                          32     804.52
  Multi-Input combinational cell          300    2068.23
  Total                                   596    3651.00
Writing OpenROAD database to '/home/hassan-ul-haq/openlane2/designs/Multiplier/runs/RUN_2025-11-05_19-27-52/31-openroad-repairdesignpostgpl/mult.odb'…
Writing netlist to '/home/hassan-ul-haq/openlane2/designs/Multiplier/runs/RUN_2025-11-05_19-27-52/31-openroad-repairdesignpostgpl/mult.nl.v'…
Writing powered netlist to '/home/hassan-ul-haq/openlane2/designs/Multiplier/runs/RUN_2025-11-05_19-27-52/31-openroad-repairdesignpostgpl/mult.pnl.v'…
Writing layout to '/home/hassan-ul-haq/openlane2/designs/Multiplier/runs/RUN_2025-11-05_19-27-52/31-openroad-repairdesignpostgpl/mult.def'…
Writing timing constraints to '/home/hassan-ul-haq/openlane2/designs/Multiplier/runs/RUN_2025-11-05_19-27-52/31-openroad-repairdesignpostgpl/mult.sdc'…
