Clock: clk
Sources: clk 
Generated: no
Virtual: yes
Propagated: no
Period: 5.000000

===========================================================================
report_clock_properties
============================================================================
Clock                   Period          Waveform
----------------------------------------------------
clk                   5.000000    0.000000  2.500000

===========================================================================
report_clock_latency
============================================================================
Clock clk
rise -> rise
    min     max
0.000000 0.000000 source latency
0.452653         network latency _1021_/CLK
        0.464091 network latency _0981_/CLK
---------------
0.452653 0.464091 latency
        0.011438 skew

fall -> fall
    min     max
0.000000 0.000000 source latency
0.394889         network latency _1021_/CLK
        0.403474 network latency _0981_/CLK
---------------
0.394889 0.403474 latency
        0.008584 skew



===========================================================================
report_clock_min_period
============================================================================
clk period_min = 2.36 fmax = 424.07
