
===========================================================================
report_checks -unconstrained
===========================================================================
======================= nom_tt_025C_1v80 Corner ===================================

Startpoint: rst (input port clocked by clk)
Endpoint: _809_ (recovery check against rising-edge clock clk)
Path Group: asynchronous
Path Type: max

Fanout         Cap        Slew       Delay        Time   Description
---------------------------------------------------------------------------------------------
                                  0.000000    0.000000   clock clk (rise edge)
                                  0.000000    0.000000   clock network delay (propagated)
                                  1.666600    1.666600 v input external delay
    64    0.320851    0.697485    0.523295    2.189895 v rst (in)
                                                         rst (net)
                      0.697636    0.000000    2.189895 v _745_/A (sky130_fd_sc_hd__inv_2)
     1    0.003672    0.117245    0.171431    2.361326 ^ _745_/Y (sky130_fd_sc_hd__inv_2)
                                                         _099_ (net)
                      0.117245    0.000001    2.361327 ^ _809_/RESET_B (sky130_fd_sc_hd__dfrtp_2)
                                              2.361327   data arrival time

                                  8.333000    8.333000   clock clk (rise edge)
                                  0.000000    8.333000   clock source latency
    64    0.165655    0.742738    0.511000    8.844001 ^ clk (in)
                                                         clk (net)
                      0.742738    0.000000    8.844001 ^ _809_/CLK (sky130_fd_sc_hd__dfrtp_2)
                                 -0.250000    8.594001   clock uncertainty
                                  0.000000    8.594001   clock reconvergence pessimism
                                  0.369962    8.963964   library recovery time
                                              8.963964   data required time
---------------------------------------------------------------------------------------------
                                              8.963964   data required time
                                             -2.361327   data arrival time
---------------------------------------------------------------------------------------------
                                              6.602636   slack (MET)


Startpoint: _787_ (rising edge-triggered flip-flop clocked by clk)
Endpoint: _769_ (rising edge-triggered flip-flop clocked by clk)
Path Group: clk
Path Type: max

Fanout         Cap        Slew       Delay        Time   Description
---------------------------------------------------------------------------------------------
                                  0.000000    0.000000   clock clk (rise edge)
                                  0.000000    0.000000   clock source latency
    64    0.165655    0.742738    0.514081    0.514081 ^ clk (in)
                                                         clk (net)
                      0.742765    0.000000    0.514081 ^ _787_/CLK (sky130_fd_sc_hd__dfrtp_2)
     2    0.010380    0.059784    0.561962    1.076043 v _787_/Q (sky130_fd_sc_hd__dfrtp_2)
                                                         pp2[1] (net)
                      0.059784    0.000016    1.076059 v _569_/A (sky130_fd_sc_hd__xor2_2)
     2    0.010778    0.066521    0.191153    1.267212 v _569_/X (sky130_fd_sc_hd__xor2_2)
                                                         _279_ (net)
                      0.066521    0.000002    1.267214 v _574_/A3 (sky130_fd_sc_hd__a31o_2)
     3    0.016648    0.068446    0.289801    1.557015 v _574_/X (sky130_fd_sc_hd__a31o_2)
                                                         _283_ (net)
                      0.068446    0.000101    1.557116 v _594_/A1 (sky130_fd_sc_hd__a31o_2)
     3    0.018512    0.072595    0.249786    1.806902 v _594_/X (sky130_fd_sc_hd__a31o_2)
                                                         _301_ (net)
                      0.072595    0.000160    1.807063 v _598_/A (sky130_fd_sc_hd__xnor2_2)
     3    0.008337    0.067714    0.156071    1.963133 v _598_/Y (sky130_fd_sc_hd__xnor2_2)
                                                         _305_ (net)
                      0.067714    0.000013    1.963147 v _600_/B (sky130_fd_sc_hd__and2_2)
     1    0.001564    0.033352    0.186795    2.149942 v _600_/X (sky130_fd_sc_hd__and2_2)
                                                         _307_ (net)
                      0.033352    0.000002    2.149944 v _601_/B (sky130_fd_sc_hd__or2_2)
     3    0.013640    0.086940    0.310644    2.460588 v _601_/X (sky130_fd_sc_hd__or2_2)
                                                         _308_ (net)
                      0.086940    0.000008    2.460595 v _622_/B1 (sky130_fd_sc_hd__o221a_2)
     2    0.004102    0.046586    0.261329    2.721924 v _622_/X (sky130_fd_sc_hd__o221a_2)
                                                         _327_ (net)
                      0.046586    0.000028    2.721952 v _637_/C (sky130_fd_sc_hd__or4_2)
     2    0.007543    0.117811    0.635211    3.357162 v _637_/X (sky130_fd_sc_hd__or4_2)
                                                         _340_ (net)
                      0.117811    0.000044    3.357206 v _639_/A2 (sky130_fd_sc_hd__a31o_2)
     4    0.010992    0.056788    0.284140    3.641346 v _639_/X (sky130_fd_sc_hd__a31o_2)
                                                         _342_ (net)
                      0.056788    0.000055    3.641402 v _645_/A2 (sky130_fd_sc_hd__a211o_2)
     1    0.008422    0.064597    0.350891    3.992293 v _645_/X (sky130_fd_sc_hd__a211o_2)
                                                         _346_ (net)
                      0.064597    0.000016    3.992309 v _647_/B (sky130_fd_sc_hd__xnor2_2)
     1    0.002033    0.039998    0.125011    4.117320 v _647_/Y (sky130_fd_sc_hd__xnor2_2)
                                                         _027_ (net)
                      0.039998    0.000001    4.117321 v _769_/D (sky130_fd_sc_hd__dfrtp_2)
                                              4.117321   data arrival time

                                  8.333000    8.333000   clock clk (rise edge)
                                  0.000000    8.333000   clock source latency
    64    0.165655    0.742738    0.512663    8.845663 ^ clk (in)
                                                         clk (net)
                      0.742748    0.000000    8.845663 ^ _769_/CLK (sky130_fd_sc_hd__dfrtp_2)
                                 -0.250000    8.595663   clock uncertainty
                                  0.000000    8.595663   clock reconvergence pessimism
                                  0.012525    8.608189   library setup time
                                              8.608189   data required time
---------------------------------------------------------------------------------------------
                                              8.608189   data required time
                                             -4.117321   data arrival time
---------------------------------------------------------------------------------------------
                                              4.490867   slack (MET)




===========================================================================
report_checks --slack_max -0.01
============================================================================
======================= nom_tt_025C_1v80 Corner ===================================

No paths found.


===========================================================================
 report_check_types -max_slew -max_cap -max_fanout -violators
============================================================================
======================= nom_tt_025C_1v80 Corner ===================================

max slew

Pin                                        Limit        Slew       Slack
------------------------------------------------------------------------
_744_/A                                 0.750000    1.534346   -0.784346 (VIOLATED)
_745_/A                                 0.750000    1.534346   -0.784346 (VIOLATED)
_743_/A                                 0.750000    1.534345   -0.784345 (VIOLATED)
_750_/A                                 0.750000    1.534345   -0.784345 (VIOLATED)
_751_/A                                 0.750000    1.534345   -0.784345 (VIOLATED)
_752_/A                                 0.750000    1.534344   -0.784344 (VIOLATED)
_742_/A                                 0.750000    1.534344   -0.784344 (VIOLATED)
_753_/A                                 0.750000    1.534344   -0.784344 (VIOLATED)
_736_/A                                 0.750000    1.534338   -0.784338 (VIOLATED)
_734_/A                                 0.750000    1.534337   -0.784337 (VIOLATED)
_735_/A                                 0.750000    1.534338   -0.784338 (VIOLATED)
_737_/A                                 0.750000    1.534338   -0.784338 (VIOLATED)
_732_/A                                 0.750000    1.534336   -0.784336 (VIOLATED)
_733_/A                                 0.750000    1.534336   -0.784336 (VIOLATED)
_721_/A                                 0.750000    1.534333   -0.784333 (VIOLATED)
_728_/A                                 0.750000    1.534333   -0.784333 (VIOLATED)
_729_/A                                 0.750000    1.534333   -0.784333 (VIOLATED)
_720_/A                                 0.750000    1.534328   -0.784328 (VIOLATED)
_727_/A                                 0.750000    1.534324   -0.784324 (VIOLATED)
_726_/A                                 0.750000    1.534319   -0.784319 (VIOLATED)
_718_/A                                 0.750000    1.534315   -0.784315 (VIOLATED)
_724_/A                                 0.750000    1.534311   -0.784311 (VIOLATED)
_731_/A                                 0.750000    1.534309   -0.784309 (VIOLATED)
_730_/A                                 0.750000    1.534307   -0.784307 (VIOLATED)
_703_/A                                 0.750000    1.534306   -0.784306 (VIOLATED)
_704_/A                                 0.750000    1.534306   -0.784306 (VIOLATED)
_705_/A                                 0.750000    1.534306   -0.784306 (VIOLATED)
_702_/A                                 0.750000    1.534304   -0.784304 (VIOLATED)
_700_/A                                 0.750000    1.534302   -0.784302 (VIOLATED)
_701_/A                                 0.750000    1.534303   -0.784303 (VIOLATED)
_699_/A                                 0.750000    1.534300   -0.784300 (VIOLATED)
_698_/A                                 0.750000    1.534298   -0.784298 (VIOLATED)
_741_/A                                 0.750000    1.534298   -0.784298 (VIOLATED)
_739_/A                                 0.750000    1.534297   -0.784297 (VIOLATED)
_740_/A                                 0.750000    1.534297   -0.784297 (VIOLATED)
_746_/A                                 0.750000    1.534297   -0.784297 (VIOLATED)
_748_/A                                 0.750000    1.534297   -0.784297 (VIOLATED)
_749_/A                                 0.750000    1.534298   -0.784298 (VIOLATED)
_738_/A                                 0.750000    1.534294   -0.784294 (VIOLATED)
_706_/A                                 0.750000    1.534293   -0.784293 (VIOLATED)
_747_/A                                 0.750000    1.534294   -0.784294 (VIOLATED)
_380_/A                                 0.750000    1.534292   -0.784292 (VIOLATED)
_707_/A                                 0.750000    1.534291   -0.784291 (VIOLATED)
_691_/A                                 0.750000    1.534290   -0.784290 (VIOLATED)
_708_/A                                 0.750000    1.534288   -0.784288 (VIOLATED)
_692_/A                                 0.750000    1.534286   -0.784286 (VIOLATED)
_693_/A                                 0.750000    1.534286   -0.784286 (VIOLATED)
_697_/A                                 0.750000    1.534287   -0.784287 (VIOLATED)
_709_/A                                 0.750000    1.534285   -0.784285 (VIOLATED)
_717_/A                                 0.750000    1.534285   -0.784285 (VIOLATED)
_719_/A                                 0.750000    1.534285   -0.784285 (VIOLATED)
_722_/A                                 0.750000    1.534284   -0.784284 (VIOLATED)
_723_/A                                 0.750000    1.534284   -0.784284 (VIOLATED)
_725_/A                                 0.750000    1.534285   -0.784285 (VIOLATED)
_714_/A                                 0.750000    1.534283   -0.784283 (VIOLATED)
_715_/A                                 0.750000    1.534284   -0.784284 (VIOLATED)
_710_/A                                 0.750000    1.534281   -0.784281 (VIOLATED)
_711_/A                                 0.750000    1.534280   -0.784280 (VIOLATED)
_712_/A                                 0.750000    1.534279   -0.784280 (VIOLATED)
_713_/A                                 0.750000    1.534280   -0.784280 (VIOLATED)
_716_/A                                 0.750000    1.534280   -0.784280 (VIOLATED)
_696_/A                                 0.750000    1.534278   -0.784278 (VIOLATED)
_694_/A                                 0.750000    1.534274   -0.784274 (VIOLATED)
_695_/A                                 0.750000    1.534273   -0.784273 (VIOLATED)
rst                                     0.750000    1.534265   -0.784265 (VIOLATED)

max fanout

Pin                                   Limit Fanout  Slack
---------------------------------------------------------
clk                                      10     64    -54 (VIOLATED)
rst                                      10     64    -54 (VIOLATED)
_812_/Q                                  10     18     -8 (VIOLATED)
_805_/Q                                  10     16     -6 (VIOLATED)
_809_/Q                                  10     16     -6 (VIOLATED)
_813_/Q                                  10     16     -6 (VIOLATED)
_817_/Q                                  10     15     -5 (VIOLATED)
_803_/Q                                  10     14     -4 (VIOLATED)
_808_/Q                                  10     14     -4 (VIOLATED)
_814_/Q                                  10     14     -4 (VIOLATED)
_815_/Q                                  10     14     -4 (VIOLATED)
_804_/Q                                  10     13     -3 (VIOLATED)
_806_/Q                                  10     13     -3 (VIOLATED)
_802_/Q                                  10     12     -2 (VIOLATED)
_807_/Q                                  10     12     -2 (VIOLATED)
_810_/Q                                  10     12     -2 (VIOLATED)
_811_/Q                                  10     12     -2 (VIOLATED)
_816_/Q                                  10     11        (VIOLATED)

max capacitance

Pin                                        Limit         Cap       Slack
------------------------------------------------------------------------
rst                                     0.200000    0.344275   -0.144275 (VIOLATED)



===========================================================================
report_parasitic_annotation -report_unannotated
============================================================================
Found 0 unannotated drivers.
Found 0 partially unannotated drivers.

===========================================================================
max slew violation count 65
Writing metric design__max_slew_violation__count__corner:nom_tt_025C_1v80: 65
max fanout violation count 18
Writing metric design__max_fanout_violation__count__corner:nom_tt_025C_1v80: 18
max cap violation count 1
Writing metric design__max_cap_violation__count__corner:nom_tt_025C_1v80: 1
============================================================================

===========================================================================
check_setup -verbose -unconstrained_endpoints -multiple_clock -no_clock -no_input_delay -loops -generated_clocks
===========================================================================
