Clock: clk
Sources: clk 
Generated: no
Virtual: yes
Propagated: no
Period: 8.333000

===========================================================================
report_clock_properties
============================================================================
Clock                   Period          Waveform
----------------------------------------------------
clk                   8.333000    0.000000  4.166500

===========================================================================
report_clock_latency
============================================================================
Clock clk
rise -> rise
    min     max
0.000000 0.000000 source latency
0.510622         network latency _808_/CLK
        0.514124 network latency _775_/CLK
---------------
0.510622 0.514124 latency
        0.003502 skew

fall -> fall
    min     max
0.000000 0.000000 source latency
0.250451         network latency _808_/CLK
        0.253743 network latency _775_/CLK
---------------
0.250451 0.253743 latency
        0.003292 skew



===========================================================================
report_clock_min_period
============================================================================
clk period_min = 3.84 fmax = 260.27
