
===========================================================================
report_checks -unconstrained
===========================================================================
======================= nom_ff_n40C_1v95 Corner ===================================

Startpoint: rst (input port clocked by clk)
Endpoint: _834_ (recovery check against rising-edge clock clk)
Path Group: asynchronous
Path Type: max

Fanout         Cap        Slew       Delay        Time   Description
---------------------------------------------------------------------------------------------
                                  0.000000    0.000000   clock clk (rise edge)
                                  0.000000    0.000000   clock network delay (propagated)
                                  1.000000    1.000000 v input external delay
     1    0.002482    0.004257    0.001995    1.001994 v rst (in)
                                                         rst (net)
                      0.004257    0.000000    1.001994 v input17/A (sky130_fd_sc_hd__buf_1)
     3    0.019436    0.078885    0.096014    1.098009 v input17/X (sky130_fd_sc_hd__buf_1)
                                                         net17 (net)
                      0.078887    0.000534    1.098542 v fanout61/A (sky130_fd_sc_hd__clkbuf_4)
     7    0.043438    0.067884    0.151973    1.250516 v fanout61/X (sky130_fd_sc_hd__clkbuf_4)
                                                         net61 (net)
                      0.067959    0.002046    1.252562 v fanout60/A (sky130_fd_sc_hd__buf_4)
    10    0.059837    0.064765    0.143175    1.395737 v fanout60/X (sky130_fd_sc_hd__buf_4)
                                                         net60 (net)
                      0.065320    0.004776    1.400512 v _762_/A (sky130_fd_sc_hd__inv_2)
     1    0.004414    0.027451    0.043939    1.444451 ^ _762_/Y (sky130_fd_sc_hd__inv_2)
                                                         _122_ (net)
                      0.027451    0.000097    1.444548 ^ _834_/RESET_B (sky130_fd_sc_hd__dfrtp_1)
                                              1.444548   data arrival time

                                  5.000000    5.000000   clock clk (rise edge)
                                  0.000000    5.000000   clock source latency
     1    0.019342    0.069329    0.047975    5.047975 ^ clk (in)
                                                         clk (net)
                      0.069382    0.000000    5.047975 ^ clkbuf_0_clk/A (sky130_fd_sc_hd__clkbuf_16)
     8    0.084421    0.077608    0.131139    5.179114 ^ clkbuf_0_clk/X (sky130_fd_sc_hd__clkbuf_16)
                                                         clknet_0_clk (net)
                      0.077659    0.001604    5.180718 ^ clkbuf_3_5__f_clk/A (sky130_fd_sc_hd__clkbuf_16)
    10    0.036800    0.043121    0.107667    5.288385 ^ clkbuf_3_5__f_clk/X (sky130_fd_sc_hd__clkbuf_16)
                                                         clknet_3_5__leaf_clk (net)
                      0.043249    0.001740    5.290125 ^ _834_/CLK (sky130_fd_sc_hd__dfrtp_1)
                                 -0.250000    5.040125   clock uncertainty
                                  0.000000    5.040125   clock reconvergence pessimism
                                  0.146157    5.186282   library recovery time
                                              5.186282   data required time
---------------------------------------------------------------------------------------------
                                              5.186282   data required time
                                             -1.444548   data arrival time
---------------------------------------------------------------------------------------------
                                              3.741734   slack (MET)


Startpoint: _775_ (rising edge-triggered flip-flop clocked by clk)
Endpoint: product[11] (output port clocked by clk)
Path Group: clk
Path Type: max

Fanout         Cap        Slew       Delay        Time   Description
---------------------------------------------------------------------------------------------
                                  0.000000    0.000000   clock clk (rise edge)
                                  0.000000    0.000000   clock source latency
     1    0.019342    0.069329    0.047974    0.047974 ^ clk (in)
                                                         clk (net)
                      0.069382    0.000000    0.047974 ^ clkbuf_0_clk/A (sky130_fd_sc_hd__clkbuf_16)
     8    0.084421    0.077608    0.131139    0.179114 ^ clkbuf_0_clk/X (sky130_fd_sc_hd__clkbuf_16)
                                                         clknet_0_clk (net)
                      0.077718    0.002342    0.181455 ^ clkbuf_3_7__f_clk/A (sky130_fd_sc_hd__clkbuf_16)
    13    0.040737    0.045890    0.109813    0.291269 ^ clkbuf_3_7__f_clk/X (sky130_fd_sc_hd__clkbuf_16)
                                                         clknet_3_7__leaf_clk (net)
                      0.045935    0.001062    0.292331 ^ _775_/CLK (sky130_fd_sc_hd__dfrtp_1)
     1    0.002781    0.027769    0.224447    0.516778 v _775_/Q (sky130_fd_sc_hd__dfrtp_1)
                                                         net20 (net)
                      0.027769    0.000081    0.516859 v output20/A (sky130_fd_sc_hd__buf_2)
     1    0.034075    0.062492    0.116074    0.632933 v output20/X (sky130_fd_sc_hd__buf_2)
                                                         product[11] (net)
                      0.062499    0.000656    0.633589 v product[11] (out)
                                              0.633589   data arrival time

                                  5.000000    5.000000   clock clk (rise edge)
                                  0.000000    5.000000   clock network delay (propagated)
                                 -0.250000    4.750000   clock uncertainty
                                  0.000000    4.750000   clock reconvergence pessimism
                                 -1.000000    3.750000   output external delay
                                              3.750000   data required time
---------------------------------------------------------------------------------------------
                                              3.750000   data required time
                                             -0.633589   data arrival time
---------------------------------------------------------------------------------------------
                                              3.116411   slack (MET)




===========================================================================
report_checks --slack_max -0.01
============================================================================
======================= nom_ff_n40C_1v95 Corner ===================================

No paths found.


===========================================================================
 report_check_types -max_slew -max_cap -max_fanout -violators
============================================================================
======================= nom_ff_n40C_1v95 Corner ===================================

max fanout

Pin                                   Limit Fanout  Slack
---------------------------------------------------------
clkbuf_3_7__f_clk/X                      10     13     -3 (VIOLATED)
clkbuf_3_2__f_clk/X                      10     12     -2 (VIOLATED)
clkbuf_3_6__f_clk/X                      10     11        (VIOLATED)



===========================================================================
report_parasitic_annotation -report_unannotated
============================================================================
Found 7 unannotated drivers.
 clkload0/Y
 clkload1/Y
 clkload2/X
 clkload3/Y
 clkload4/Y
 clkload5/Y
 clkload6/Y
Found 0 partially unannotated drivers.

===========================================================================
max slew violation count 0
max fanout violation count 3
max cap violation count 0
============================================================================

===========================================================================
check_setup -verbose -unconstrained_endpoints -multiple_clock -no_clock -no_input_delay -loops -generated_clocks
===========================================================================
