Clock: clk
Sources: clk 
Generated: no
Virtual: yes
Propagated: no
Period: 5.000000

===========================================================================
report_clock_properties
============================================================================
Clock                   Period          Waveform
----------------------------------------------------
clk                   5.000000    0.000000  2.500000

===========================================================================
report_clock_latency
============================================================================
Clock clk
rise -> rise
    min     max
0.000000 0.000000 source latency
0.288345         network latency _807_/CLK
        0.294517 network latency _822_/CLK
---------------
0.288345 0.294517 latency
        0.006172 skew

fall -> fall
    min     max
0.000000 0.000000 source latency
0.257543         network latency _807_/CLK
        0.262489 network latency _822_/CLK
---------------
0.257543 0.262489 latency
        0.004946 skew



===========================================================================
report_clock_min_period
============================================================================
clk period_min = 1.80 fmax = 555.47
