Clock: clk
Sources: clk 
Generated: no
Virtual: yes
Propagated: no
Period: 8.333000

===========================================================================
report_clock_properties
============================================================================
Clock                   Period          Waveform
----------------------------------------------------
clk                   8.333000    0.000000  4.166500

===========================================================================
report_clock_latency
============================================================================
Clock clk
rise -> rise
    min     max
0.000000 0.000000 source latency
0.632776         network latency _688_/CLK
        0.647616 network latency _680_/CLK
---------------
0.632776 0.647616 latency
        0.014840 skew

fall -> fall
    min     max
0.000000 0.000000 source latency
0.610276         network latency _688_/CLK
        0.622735 network latency _680_/CLK
---------------
0.610276 0.622735 latency
        0.012458 skew



===========================================================================
report_clock_min_period
============================================================================
clk period_min = 8.49 fmax = 117.78
