Clock: clk
Sources: clk 
Generated: no
Virtual: yes
Propagated: no
Period: 6.250000

===========================================================================
report_clock_properties
============================================================================
Clock                   Period          Waveform
----------------------------------------------------
clk                   6.250000    0.000000  3.125000

===========================================================================
report_clock_latency
============================================================================
Clock clk
rise -> rise
    min     max
0.000000 0.000000 source latency
0.280220         network latency _806_/CLK
        0.284728 network latency _811_/CLK
---------------
0.280220 0.284728 latency
        0.004507 skew

fall -> fall
    min     max
0.000000 0.000000 source latency
0.251335         network latency _806_/CLK
        0.255382 network latency _811_/CLK
---------------
0.251335 0.255382 latency
        0.004047 skew



===========================================================================
report_clock_min_period
============================================================================
clk period_min = 2.19 fmax = 456.44
