Clock: clk
Sources: clk 
Generated: no
Virtual: yes
Propagated: no
Period: 2.000000

===========================================================================
report_clock_properties
============================================================================
Clock                   Period          Waveform
----------------------------------------------------
clk                   2.000000    0.000000  1.000000

===========================================================================
report_clock_latency
============================================================================
Clock clk
rise -> rise
    min     max
0.000000 0.000000 source latency
0.193065         network latency _37_/CLK
        0.199317 network latency _29_/CLK
---------------
0.193065 0.199317 latency
        0.006251 skew

fall -> fall
    min     max
0.000000 0.000000 source latency
0.207408         network latency _37_/CLK
        0.212137 network latency _29_/CLK
---------------
0.207408 0.212137 latency
        0.004729 skew



===========================================================================
report_clock_min_period
============================================================================
clk period_min = 0.54 fmax = 1857.48
