
===========================================================================
report_checks -unconstrained
===========================================================================
======================= nom_ss_100C_1v60 Corner ===================================

Startpoint: rst (input port clocked by clk)
Endpoint: _800_ (recovery check against rising-edge clock clk)
Path Group: asynchronous
Path Type: max

Fanout         Cap        Slew       Delay        Time   Description
---------------------------------------------------------------------------------------------
                                  0.000000    0.000000   clock clk (rise edge)
                                  0.000000    0.000000   clock network delay (propagated)
                                  1.250000    1.250000 v input external delay
     1    0.002409    0.016979    0.008002    1.258002 v rst (in)
                                                         rst (net)
                      0.016979    0.000000    1.258002 v input17/A (sky130_fd_sc_hd__buf_1)
     2    0.015306    0.181014    0.240131    1.498133 v input17/X (sky130_fd_sc_hd__buf_1)
                                                         net17 (net)
                      0.181014    0.000311    1.498445 v fanout67/A (sky130_fd_sc_hd__buf_2)
     6    0.031585    0.155621    0.388705    1.887150 v fanout67/X (sky130_fd_sc_hd__buf_2)
                                                         net67 (net)
                      0.155648    0.002024    1.889174 v fanout66/A (sky130_fd_sc_hd__buf_2)
     6    0.040445    0.190738    0.404817    2.293990 v fanout66/X (sky130_fd_sc_hd__buf_2)
                                                         net66 (net)
                      0.190739    0.000866    2.294857 v fanout64/A (sky130_fd_sc_hd__buf_4)
    10    0.054120    0.142129    0.395102    2.689959 v fanout64/X (sky130_fd_sc_hd__buf_4)
                                                         net64 (net)
                      0.142144    0.001550    2.691509 v _728_/A (sky130_fd_sc_hd__inv_2)
     1    0.003585    0.053379    0.097619    2.789128 ^ _728_/Y (sky130_fd_sc_hd__inv_2)
                                                         _088_ (net)
                      0.053379    0.000040    2.789168 ^ _800_/RESET_B (sky130_fd_sc_hd__dfrtp_1)
                                              2.789168   data arrival time

                                  6.250000    6.250000   clock clk (rise edge)
                                  0.000000    6.250000   clock source latency
     1    0.018924    0.142506    0.097305    6.347305 ^ clk (in)
                                                         clk (net)
                      0.142530    0.000000    6.347305 ^ clkbuf_0_clk/A (sky130_fd_sc_hd__clkbuf_16)
     8    0.081834    0.150652    0.328421    6.675726 ^ clkbuf_0_clk/X (sky130_fd_sc_hd__clkbuf_16)
                                                         clknet_0_clk (net)
                      0.150681    0.002074    6.677800 ^ clkbuf_3_4__f_clk/A (sky130_fd_sc_hd__clkbuf_16)
     8    0.031017    0.081793    0.273999    6.951798 ^ clkbuf_3_4__f_clk/X (sky130_fd_sc_hd__clkbuf_16)
                                                         clknet_3_4__leaf_clk (net)
                      0.081805    0.000979    6.952777 ^ _800_/CLK (sky130_fd_sc_hd__dfrtp_1)
                                 -0.250000    6.702777   clock uncertainty
                                  0.000000    6.702777   clock reconvergence pessimism
                                  0.472664    7.175441   library recovery time
                                              7.175441   data required time
---------------------------------------------------------------------------------------------
                                              7.175441   data required time
                                             -2.789168   data arrival time
---------------------------------------------------------------------------------------------
                                              4.386274   slack (MET)


Startpoint: _832_ (rising edge-triggered flip-flop clocked by clk)
Endpoint: _802_ (rising edge-triggered flip-flop clocked by clk)
Path Group: clk
Path Type: max

Fanout         Cap        Slew       Delay        Time   Description
---------------------------------------------------------------------------------------------
                                  0.000000    0.000000   clock clk (rise edge)
                                  0.000000    0.000000   clock source latency
     1    0.018924    0.142506    0.097305    0.097305 ^ clk (in)
                                                         clk (net)
                      0.142530    0.000000    0.097305 ^ clkbuf_0_clk/A (sky130_fd_sc_hd__clkbuf_16)
     8    0.081834    0.150652    0.328421    0.425726 ^ clkbuf_0_clk/X (sky130_fd_sc_hd__clkbuf_16)
                                                         clknet_0_clk (net)
                      0.150679    0.002031    0.427757 ^ clkbuf_3_1__f_clk/A (sky130_fd_sc_hd__clkbuf_16)
     9    0.034420    0.086583    0.278555    0.706312 ^ clkbuf_3_1__f_clk/X (sky130_fd_sc_hd__clkbuf_16)
                                                         clknet_3_1__leaf_clk (net)
                      0.086635    0.001921    0.708234 ^ _832_/CLK (sky130_fd_sc_hd__dfrtp_1)
     3    0.019785    0.287354    0.820140    1.528373 ^ _832_/Q (sky130_fd_sc_hd__dfrtp_1)
                                                         b_high[0] (net)
                      0.287354    0.000423    1.528797 ^ fanout39/A (sky130_fd_sc_hd__buf_2)
    10    0.040388    0.318517    0.471308    2.000105 ^ fanout39/X (sky130_fd_sc_hd__buf_2)
                                                         net39 (net)
                      0.318517    0.000444    2.000549 ^ _447_/A (sky130_fd_sc_hd__and4_1)
     4    0.010934    0.211143    0.537774    2.538323 ^ _447_/X (sky130_fd_sc_hd__and4_1)
                                                         _181_ (net)
                      0.211143    0.000207    2.538530 ^ _449_/A_N (sky130_fd_sc_hd__and4bb_1)
     3    0.008573    0.123532    0.474164    3.012694 v _449_/X (sky130_fd_sc_hd__and4bb_1)
                                                         _183_ (net)
                      0.123532    0.000100    3.012794 v _464_/B (sky130_fd_sc_hd__or3_1)
     1    0.002398    0.130594    0.798542    3.811336 v _464_/X (sky130_fd_sc_hd__or3_1)
                                                         _197_ (net)
                      0.130594    0.000068    3.811404 v _465_/B (sky130_fd_sc_hd__and2_1)
     2    0.007280    0.103419    0.382343    4.193747 v _465_/X (sky130_fd_sc_hd__and2_1)
                                                         _198_ (net)
                      0.103419    0.000191    4.193937 v _467_/B (sky130_fd_sc_hd__xnor2_1)
     2    0.008242    0.361499    0.362167    4.556104 ^ _467_/Y (sky130_fd_sc_hd__xnor2_1)
                                                         _200_ (net)
                      0.361499    0.000217    4.556321 ^ _469_/A (sky130_fd_sc_hd__nand2_1)
     2    0.005610    0.144961    0.239007    4.795328 v _469_/Y (sky130_fd_sc_hd__nand2_1)
                                                         _202_ (net)
                      0.144961    0.000162    4.795490 v _483_/A1 (sky130_fd_sc_hd__o21ba_1)
     2    0.004272    0.077494    0.376851    5.172341 v _483_/X (sky130_fd_sc_hd__o21ba_1)
                                                         _214_ (net)
                      0.077494    0.000061    5.172402 v _485_/B (sky130_fd_sc_hd__and2_1)
     1    0.002979    0.069307    0.318015    5.490417 v _485_/X (sky130_fd_sc_hd__and2_1)
                                                         _216_ (net)
                      0.069307    0.000086    5.490503 v _486_/B (sky130_fd_sc_hd__nor2_1)
     1    0.004819    0.182377    0.182975    5.673478 ^ _486_/Y (sky130_fd_sc_hd__nor2_1)
                                                         _051_ (net)
                      0.182377    0.000186    5.673664 ^ _802_/D (sky130_fd_sc_hd__dfrtp_1)
                                              5.673664   data arrival time

                                  6.250000    6.250000   clock clk (rise edge)
                                  0.000000    6.250000   clock source latency
     1    0.018924    0.142506    0.097305    6.347305 ^ clk (in)
                                                         clk (net)
                      0.142530    0.000000    6.347305 ^ clkbuf_0_clk/A (sky130_fd_sc_hd__clkbuf_16)
     8    0.081834    0.150652    0.328421    6.675726 ^ clkbuf_0_clk/X (sky130_fd_sc_hd__clkbuf_16)
                                                         clknet_0_clk (net)
                      0.150681    0.002074    6.677800 ^ clkbuf_3_4__f_clk/A (sky130_fd_sc_hd__clkbuf_16)
     8    0.031017    0.081793    0.273999    6.951798 ^ clkbuf_3_4__f_clk/X (sky130_fd_sc_hd__clkbuf_16)
                                                         clknet_3_4__leaf_clk (net)
                      0.081796    0.000610    6.952408 ^ _802_/CLK (sky130_fd_sc_hd__dfrtp_1)
                                 -0.250000    6.702408   clock uncertainty
                                  0.000000    6.702408   clock reconvergence pessimism
                                 -0.159283    6.543125   library setup time
                                              6.543125   data required time
---------------------------------------------------------------------------------------------
                                              6.543125   data required time
                                             -5.673664   data arrival time
---------------------------------------------------------------------------------------------
                                              0.869461   slack (MET)




===========================================================================
report_checks --slack_max -0.01
============================================================================
======================= nom_ss_100C_1v60 Corner ===================================

No paths found.


===========================================================================
 report_check_types -max_slew -max_cap -max_fanout -violators
============================================================================
======================= nom_ss_100C_1v60 Corner ===================================

max fanout

Pin                                   Limit Fanout  Slack
---------------------------------------------------------
clkbuf_3_2__f_clk/X                      10     13     -3 (VIOLATED)
clkbuf_3_7__f_clk/X                      10     13     -3 (VIOLATED)
clkbuf_3_6__f_clk/X                      10     11        (VIOLATED)



===========================================================================
report_parasitic_annotation -report_unannotated
============================================================================
Found 7 unannotated drivers.
 clkload0/Y
 clkload1/Y
 clkload2/X
 clkload3/Y
 clkload4/Y
 clkload5/Y
 clkload6/Y
Found 0 partially unannotated drivers.

===========================================================================
max slew violation count 0
max fanout violation count 3
max cap violation count 0
============================================================================

===========================================================================
check_setup -verbose -unconstrained_endpoints -multiple_clock -no_clock -no_input_delay -loops -generated_clocks
===========================================================================
