Clock: clk
Sources: clk 
Generated: no
Virtual: yes
Propagated: no
Period: 6.250000

===========================================================================
report_clock_properties
============================================================================
Clock                   Period          Waveform
----------------------------------------------------
clk                   6.250000    0.000000  3.125000

===========================================================================
report_clock_latency
============================================================================
Clock clk
rise -> rise
    min     max
0.000000 0.000000 source latency
0.702236         network latency _794_/CLK
        0.718676 network latency _764_/CLK
---------------
0.702236 0.718676 latency
        0.016440 skew

fall -> fall
    min     max
0.000000 0.000000 source latency
0.657178         network latency _794_/CLK
        0.671513 network latency _764_/CLK
---------------
0.657178 0.671513 latency
        0.014334 skew



===========================================================================
report_clock_min_period
============================================================================
clk period_min = 5.38 fmax = 185.85
