Clock: clk
Sources: clk 
Generated: no
Virtual: yes
Propagated: no
Period: 8.333000

===========================================================================
report_clock_properties
============================================================================
Clock                   Period          Waveform
----------------------------------------------------
clk                   8.333000    0.000000  4.166500

===========================================================================
report_clock_latency
============================================================================
Clock clk
rise -> rise
    min     max
0.000000 0.000000 source latency
0.365254         network latency _688_/CLK
        0.373830 network latency _680_/CLK
---------------
0.365254 0.373830 latency
        0.008576 skew

fall -> fall
    min     max
0.000000 0.000000 source latency
0.341711         network latency _688_/CLK
        0.348141 network latency _680_/CLK
---------------
0.341711 0.348141 latency
        0.006430 skew



===========================================================================
report_clock_min_period
============================================================================
clk period_min = 4.28 fmax = 233.75
