
===========================================================================
report_checks -unconstrained
===========================================================================
======================= nom_tt_025C_1v80 Corner ===================================

Startpoint: rst (input port clocked by clk)
Endpoint: _834_ (recovery check against rising-edge clock clk)
Path Group: asynchronous
Path Type: max

Fanout         Cap        Slew       Delay        Time   Description
---------------------------------------------------------------------------------------------
                                  0.000000    0.000000   clock clk (rise edge)
                                  0.000000    0.000000   clock network delay (propagated)
                                  1.000000    1.000000 v input external delay
     1    0.002340    0.007561    0.003667    1.003667 v rst (in)
                                                         rst (net)
                      0.007562    0.000000    1.003667 v input17/A (sky130_fd_sc_hd__buf_1)
     3    0.014827    0.091283    0.124683    1.128350 v input17/X (sky130_fd_sc_hd__buf_1)
                                                         net17 (net)
                      0.091284    0.000386    1.128736 v fanout61/A (sky130_fd_sc_hd__clkbuf_4)
     7    0.036934    0.084214    0.206878    1.335615 v fanout61/X (sky130_fd_sc_hd__clkbuf_4)
                                                         net61 (net)
                      0.084255    0.001759    1.337374 v fanout60/A (sky130_fd_sc_hd__buf_4)
    10    0.056133    0.080920    0.207021    1.544394 v fanout60/X (sky130_fd_sc_hd__buf_4)
                                                         net60 (net)
                      0.081308    0.004043    1.548437 v _762_/A (sky130_fd_sc_hd__inv_2)
     1    0.005451    0.038830    0.063431    1.611868 ^ _762_/Y (sky130_fd_sc_hd__inv_2)
                                                         _122_ (net)
                      0.038831    0.000178    1.612046 ^ _834_/RESET_B (sky130_fd_sc_hd__dfrtp_1)
                                              1.612046   data arrival time

                                  5.000000    5.000000   clock clk (rise edge)
                                  0.000000    5.000000   clock source latency
     1    0.015985    0.077873    0.053544    5.053544 ^ clk (in)
                                                         clk (net)
                      0.077899    0.000000    5.053544 ^ clkbuf_0_clk/A (sky130_fd_sc_hd__clkbuf_16)
     8    0.077513    0.094757    0.180587    5.234130 ^ clkbuf_0_clk/X (sky130_fd_sc_hd__clkbuf_16)
                                                         clknet_0_clk (net)
                      0.094863    0.001867    5.235998 ^ clkbuf_3_5__f_clk/A (sky130_fd_sc_hd__clkbuf_16)
    10    0.033300    0.053836    0.154890    5.390888 ^ clkbuf_3_5__f_clk/X (sky130_fd_sc_hd__clkbuf_16)
                                                         clknet_3_5__leaf_clk (net)
                      0.053850    0.001133    5.392021 ^ _834_/CLK (sky130_fd_sc_hd__dfrtp_1)
                                 -0.250000    5.142021   clock uncertainty
                                  0.000000    5.142021   clock reconvergence pessimism
                                  0.234640    5.376661   library recovery time
                                              5.376661   data required time
---------------------------------------------------------------------------------------------
                                              5.376661   data required time
                                             -1.612046   data arrival time
---------------------------------------------------------------------------------------------
                                              3.764616   slack (MET)


Startpoint: _831_ (rising edge-triggered flip-flop clocked by clk)
Endpoint: _810_ (rising edge-triggered flip-flop clocked by clk)
Path Group: clk
Path Type: max

Fanout         Cap        Slew       Delay        Time   Description
---------------------------------------------------------------------------------------------
                                  0.000000    0.000000   clock clk (rise edge)
                                  0.000000    0.000000   clock source latency
     1    0.015985    0.077873    0.053544    0.053544 ^ clk (in)
                                                         clk (net)
                      0.077899    0.000000    0.053544 ^ clkbuf_0_clk/A (sky130_fd_sc_hd__clkbuf_16)
     8    0.077513    0.094757    0.180587    0.234130 ^ clkbuf_0_clk/X (sky130_fd_sc_hd__clkbuf_16)
                                                         clknet_0_clk (net)
                      0.095036    0.003718    0.237849 ^ clkbuf_3_0__f_clk/A (sky130_fd_sc_hd__clkbuf_16)
     7    0.034668    0.055031    0.156033    0.393882 ^ clkbuf_3_0__f_clk/X (sky130_fd_sc_hd__clkbuf_16)
                                                         clknet_3_0__leaf_clk (net)
                      0.055075    0.001159    0.395041 ^ _831_/CLK (sky130_fd_sc_hd__dfrtp_1)
     2    0.008207    0.064514    0.386630    0.781671 v _831_/Q (sky130_fd_sc_hd__dfrtp_1)
                                                         b_low[3] (net)
                      0.064514    0.000259    0.781930 v fanout41/A (sky130_fd_sc_hd__buf_1)
     6    0.016074    0.097871    0.154373    0.936303 v fanout41/X (sky130_fd_sc_hd__buf_1)
                                                         net41 (net)
                      0.097871    0.000272    0.936575 v _643_/A2 (sky130_fd_sc_hd__a22o_1)
     3    0.008394    0.065540    0.274757    1.211332 v _643_/X (sky130_fd_sc_hd__a22o_1)
                                                         _339_ (net)
                      0.065540    0.000204    1.211536 v _646_/B2 (sky130_fd_sc_hd__a22o_1)
     2    0.005185    0.050975    0.213136    1.424672 v _646_/X (sky130_fd_sc_hd__a22o_1)
                                                         _342_ (net)
                      0.050975    0.000085    1.424757 v _648_/A2 (sky130_fd_sc_hd__a21o_1)
     2    0.005810    0.045768    0.188271    1.613029 v _648_/X (sky130_fd_sc_hd__a21o_1)
                                                         _344_ (net)
                      0.045768    0.000127    1.613156 v _649_/C (sky130_fd_sc_hd__nand3b_1)
     3    0.008082    0.110608    0.113660    1.726816 ^ _649_/Y (sky130_fd_sc_hd__nand3b_1)
                                                         _345_ (net)
                      0.110608    0.000104    1.726920 ^ _651_/B (sky130_fd_sc_hd__and3_1)
     3    0.007197    0.087169    0.192755    1.919675 ^ _651_/X (sky130_fd_sc_hd__and3_1)
                                                         _347_ (net)
                      0.087169    0.000141    1.919815 ^ _669_/B1_N (sky130_fd_sc_hd__o21ba_1)
     3    0.011436    0.072679    0.187744    2.107560 v _669_/X (sky130_fd_sc_hd__o21ba_1)
                                                         _364_ (net)
                      0.072679    0.000251    2.107811 v _684_/A3 (sky130_fd_sc_hd__a31o_1)
     2    0.004565    0.044583    0.230543    2.338353 v _684_/X (sky130_fd_sc_hd__a31o_1)
                                                         _377_ (net)
                      0.044583    0.000089    2.338443 v _685_/B (sky130_fd_sc_hd__or2_1)
     2    0.005549    0.060293    0.218702    2.557144 v _685_/X (sky130_fd_sc_hd__or2_1)
                                                         _378_ (net)
                      0.060293    0.000127    2.557271 v _687_/A (sky130_fd_sc_hd__and2_1)
     1    0.002910    0.035498    0.139001    2.696272 v _687_/X (sky130_fd_sc_hd__and2_1)
                                                         _040_ (net)
                      0.035498    0.000069    2.696341 v _810_/D (sky130_fd_sc_hd__dfrtp_1)
                                              2.696341   data arrival time

                                  5.000000    5.000000   clock clk (rise edge)
                                  0.000000    5.000000   clock source latency
     1    0.015985    0.077873    0.053544    5.053544 ^ clk (in)
                                                         clk (net)
                      0.077899    0.000000    5.053544 ^ clkbuf_0_clk/A (sky130_fd_sc_hd__clkbuf_16)
     8    0.077513    0.094757    0.180587    5.234130 ^ clkbuf_0_clk/X (sky130_fd_sc_hd__clkbuf_16)
                                                         clknet_0_clk (net)
                      0.094853    0.001691    5.235821 ^ clkbuf_3_4__f_clk/A (sky130_fd_sc_hd__clkbuf_16)
     8    0.032904    0.053522    0.154673    5.390494 ^ clkbuf_3_4__f_clk/X (sky130_fd_sc_hd__clkbuf_16)
                                                         clknet_3_4__leaf_clk (net)
                      0.053539    0.001187    5.391682 ^ _810_/CLK (sky130_fd_sc_hd__dfrtp_1)
                                 -0.250000    5.141682   clock uncertainty
                                  0.000000    5.141682   clock reconvergence pessimism
                                 -0.108176    5.033506   library setup time
                                              5.033506   data required time
---------------------------------------------------------------------------------------------
                                              5.033506   data required time
                                             -2.696341   data arrival time
---------------------------------------------------------------------------------------------
                                              2.337165   slack (MET)




===========================================================================
report_checks --slack_max -0.01
============================================================================
======================= nom_tt_025C_1v80 Corner ===================================

No paths found.


===========================================================================
 report_check_types -max_slew -max_cap -max_fanout -violators
============================================================================
======================= nom_tt_025C_1v80 Corner ===================================

max fanout

Pin                                   Limit Fanout  Slack
---------------------------------------------------------
clkbuf_3_7__f_clk/X                      10     13     -3 (VIOLATED)
clkbuf_3_2__f_clk/X                      10     12     -2 (VIOLATED)
clkbuf_3_6__f_clk/X                      10     11        (VIOLATED)



===========================================================================
report_parasitic_annotation -report_unannotated
============================================================================
Found 7 unannotated drivers.
 clkload0/Y
 clkload1/Y
 clkload2/X
 clkload3/Y
 clkload4/Y
 clkload5/Y
 clkload6/Y
Found 0 partially unannotated drivers.

===========================================================================
max slew violation count 0
Writing metric design__max_slew_violation__count__corner:nom_tt_025C_1v80: 0
max fanout violation count 3
Writing metric design__max_fanout_violation__count__corner:nom_tt_025C_1v80: 3
max cap violation count 0
Writing metric design__max_cap_violation__count__corner:nom_tt_025C_1v80: 0
============================================================================

===========================================================================
check_setup -verbose -unconstrained_endpoints -multiple_clock -no_clock -no_input_delay -loops -generated_clocks
===========================================================================
