Clock: clk
Sources: clk 
Generated: no
Virtual: yes
Propagated: no
Period: 5.000000

===========================================================================
report_clock_properties
============================================================================
Clock                   Period          Waveform
----------------------------------------------------
clk                   5.000000    0.000000  2.500000

===========================================================================
report_clock_latency
============================================================================
Clock clk
rise -> rise
    min     max
0.000000 0.000000 source latency
0.390975         network latency _800_/CLK
        0.396654 network latency _779_/CLK
---------------
0.390975 0.396654 latency
        0.005678 skew

fall -> fall
    min     max
0.000000 0.000000 source latency
0.360459         network latency _800_/CLK
        0.365295 network latency _779_/CLK
---------------
0.360459 0.365295 latency
        0.004836 skew



===========================================================================
report_clock_min_period
============================================================================
clk period_min = 2.66 fmax = 375.54
