Reading OpenROAD database at '/home/hassan-ul-haq/openlane2/designs/Multiplier/runs/200MHz/24-openroad-ioplacement/mult.odb'…
Reading library file at '/home/hassan-ul-haq/.volare/volare/sky130/versions/0fe599b2afb6708d281543108caf8310912f54af/sky130A/libs.ref/sky130_fd_sc_hd/lib/sky130_fd_sc_hd__tt_025C_1v80.lib'…
Reading design constraints file at '/nix/store/ss2cw3sxbrwwx9jl0rrppbw4kgcmgi2n-python3-3.11.9-env/lib/python3.11/site-packages/openlane/scripts/base.sdc'…
[INFO] Using clock clk…
[INFO] Setting output delay to: 1
[INFO] Setting input delay to: 1
[INFO] Setting load to: 0.033442
[INFO] Setting clock uncertainty to: 0.25
[INFO] Setting clock transition to: 0.1499999999999999944488848768742172978818416595458984375
[INFO] Setting timing derate to: 5%
[INFO] Setting RC values…
[INFO] Setting signal min routing layer to: met1 and clock min routing layer to met1. 
[INFO] Setting signal max routing layer to: met5 and clock max routing layer to met5. 
+ global_placement -density 0.62772 -timing_driven -routability_driven -pad_right 0 -pad_left 0 -init_wirelength_coef 0.25
[INFO GPL-0002] DBU: 1000
[INFO GPL-0003] SiteSize: (  0.460  2.720 ) um
[INFO GPL-0004] CoreBBox: (  5.520 10.880 ) ( 126.960 130.560 ) um
[INFO GPL-0006] NumInstances:               902
[INFO GPL-0007] NumPlaceInstances:          607
[INFO GPL-0008] NumFixedInstances:          295
[INFO GPL-0009] NumDummyInstances:            0
[INFO GPL-0010] NumNets:                    625
[INFO GPL-0011] NumPins:                   1960
[INFO GPL-0012] DieBBox:  (  0.000  0.000 ) ( 132.785 143.505 ) um
[INFO GPL-0013] CoreBBox: (  5.520 10.880 ) ( 126.960 130.560 ) um
[INFO GPL-0016] CoreArea:             14533.939 um^2
[INFO GPL-0017] NonPlaceInstsArea:      589.315 um^2
[INFO GPL-0018] PlaceInstsArea:        7410.858 um^2
[INFO GPL-0019] Util:                    53.145 %
[INFO GPL-0020] StdInstsArea:          7410.858 um^2
[INFO GPL-0021] MacroInstsArea:           0.000 um^2
[InitialPlace]  Iter: 1 CG residual: 0.00000019 HPWL: 12376051
[InitialPlace]  Iter: 2 CG residual: 0.00000012 HPWL: 10033911
[InitialPlace]  Iter: 3 CG residual: 0.00000011 HPWL: 10072712
[InitialPlace]  Iter: 4 CG residual: 0.00000011 HPWL: 10081705
[InitialPlace]  Iter: 5 CG residual: 0.00000008 HPWL: 10080708
[INFO GPL-0031] FillerInit:NumGCells:       720
[INFO GPL-0032] FillerInit:NumGNets:        625
[INFO GPL-0033] FillerInit:NumGPins:       1960
[INFO GPL-0023] TargetDensity:            0.628
[INFO GPL-0024] AvrgPlaceInstArea:       12.209 um^2
[INFO GPL-0025] IdealBinArea:            19.450 um^2
[INFO GPL-0026] IdealBinCnt:                747
[INFO GPL-0027] TotalBinArea:         14533.939 um^2
[INFO GPL-0028] BinCnt:        16     16
[INFO GPL-0029] BinSize: (  7.590  7.480 )
[INFO GPL-0030] NumBins: 256
[NesterovSolve] Iter:    1 overflow: 0.761 HPWL: 3424178
[INFO GPL-0100] Timing-driven: executing resizer for reweighting nets.
[INFO GPL-0101] Timing-driven: worst slack 1.96e-09
[INFO GPL-0103] Timing-driven: weighted 59 nets.
[NesterovSolve] Iter:   10 overflow: 0.642 HPWL: 3499136
[INFO GPL-0100] Timing-driven: executing resizer for reweighting nets.
[INFO GPL-0101] Timing-driven: worst slack 1.88e-09
[INFO GPL-0103] Timing-driven: weighted 61 nets.
[NesterovSolve] Snapshot saved at iter = 16
[NesterovSolve] Iter:   20 overflow: 0.587 HPWL: 3628701
[NesterovSolve] Iter:   30 overflow: 0.585 HPWL: 3668757
[NesterovSolve] Iter:   40 overflow: 0.583 HPWL: 3651070
[NesterovSolve] Iter:   50 overflow: 0.584 HPWL: 3652308
[NesterovSolve] Iter:   60 overflow: 0.588 HPWL: 3657647
[NesterovSolve] Iter:   70 overflow: 0.590 HPWL: 3655857
[NesterovSolve] Iter:   80 overflow: 0.589 HPWL: 3655227
[NesterovSolve] Iter:   90 overflow: 0.586 HPWL: 3656687
[NesterovSolve] Iter:  100 overflow: 0.585 HPWL: 3655077
[NesterovSolve] Iter:  110 overflow: 0.584 HPWL: 3652439
[NesterovSolve] Iter:  120 overflow: 0.582 HPWL: 3656645
[NesterovSolve] Iter:  130 overflow: 0.580 HPWL: 3669276
[NesterovSolve] Iter:  140 overflow: 0.576 HPWL: 3688644
[NesterovSolve] Iter:  150 overflow: 0.571 HPWL: 3716088
[NesterovSolve] Iter:  160 overflow: 0.565 HPWL: 3754735
[NesterovSolve] Iter:  170 overflow: 0.554 HPWL: 3803904
[NesterovSolve] Iter:  180 overflow: 0.538 HPWL: 3861514
[NesterovSolve] Iter:  190 overflow: 0.516 HPWL: 3932239
[NesterovSolve] Iter:  200 overflow: 0.495 HPWL: 4022710
[INFO GPL-0100] Timing-driven: executing resizer for reweighting nets.
[INFO GPL-0101] Timing-driven: worst slack 1.87e-09
[INFO GPL-0103] Timing-driven: weighted 59 nets.
[NesterovSolve] Iter:  210 overflow: 0.465 HPWL: 4125550
[NesterovSolve] Iter:  220 overflow: 0.431 HPWL: 4235101
[NesterovSolve] Iter:  230 overflow: 0.392 HPWL: 4343946
[NesterovSolve] Iter:  240 overflow: 0.358 HPWL: 4462225
[NesterovSolve] Iter:  250 overflow: 0.324 HPWL: 4576647
[NesterovSolve] Iter:  260 overflow: 0.299 HPWL: 4626555
[INFO GPL-0075] Routability numCall: 1 inflationIterCnt: 1 bloatIterCnt: 0
[INFO GPL-0036] TileBBox: (    0    0 ) ( 6900 6900 ) DBU
[INFO GPL-0038] TileCnt:      19   20
[INFO GPL-0040] NumTiles: 380
[INFO GPL-0081] TotalRouteOverflow: 0
[INFO GPL-0082] OverflowTileCnt: 0
[INFO GPL-0083] 0.5%RC: 0.7635592520236969
[INFO GPL-0084] 1.0%RC: 0.7535246163606644
[INFO GPL-0085] 2.0%RC: 0.7333004251122475
[INFO GPL-0086] 5.0%RC: 0.6921889970177099
[INFO GPL-0087] FinalRC: 0.75854194
[INFO GPL-0077] FinalRC lower than targetRC(1.01), routability not needed.
[INFO GPL-0100] Timing-driven: executing resizer for reweighting nets.
[INFO GPL-0101] Timing-driven: worst slack 1.82e-09
[INFO GPL-0103] Timing-driven: weighted 60 nets.
[NesterovSolve] Iter:  270 overflow: 0.272 HPWL: 4723071
[NesterovSolve] Iter:  280 overflow: 0.248 HPWL: 4813342
[NesterovSolve] Iter:  290 overflow: 0.228 HPWL: 4928987
[NesterovSolve] Iter:  300 overflow: 0.203 HPWL: 4998699
[INFO GPL-0100] Timing-driven: executing resizer for reweighting nets.
[INFO GPL-0101] Timing-driven: worst slack 1.8e-09
[INFO GPL-0103] Timing-driven: weighted 61 nets.
[NesterovSolve] Iter:  310 overflow: 0.177 HPWL: 5050027
[NesterovSolve] Iter:  320 overflow: 0.150 HPWL: 5074857
[INFO GPL-0100] Timing-driven: executing resizer for reweighting nets.
[INFO GPL-0101] Timing-driven: worst slack 1.78e-09
[INFO GPL-0103] Timing-driven: weighted 61 nets.
[NesterovSolve] Iter:  330 overflow: 0.130 HPWL: 5127280
[NesterovSolve] Iter:  340 overflow: 0.106 HPWL: 5147207
[NesterovSolve] Finished with Overflow: 0.098311
[INFO] Setting RC values…
Setting global connections for newly added cells…
[INFO] Setting global connections...
Updating metrics…
Cell type report:                       Count       Area
  Fill cell                                88     330.32
  Tap cell                                207     259.00
  Inverter                                171     641.87
  Sequential cell                         160    4204.03
  Multi-Input combinational cell          276    2564.96
  Total                                   902    8000.17
Writing OpenROAD database to '/home/hassan-ul-haq/openlane2/designs/Multiplier/runs/200MHz/27-openroad-globalplacement/mult.odb'…
Writing netlist to '/home/hassan-ul-haq/openlane2/designs/Multiplier/runs/200MHz/27-openroad-globalplacement/mult.nl.v'…
Writing powered netlist to '/home/hassan-ul-haq/openlane2/designs/Multiplier/runs/200MHz/27-openroad-globalplacement/mult.pnl.v'…
Writing layout to '/home/hassan-ul-haq/openlane2/designs/Multiplier/runs/200MHz/27-openroad-globalplacement/mult.def'…
Writing timing constraints to '/home/hassan-ul-haq/openlane2/designs/Multiplier/runs/200MHz/27-openroad-globalplacement/mult.sdc'…
