Reading OpenROAD database at '/home/hassan-ul-haq/openlane2/designs/Multiplier/runs/160MHz/31-openroad-repairdesignpostgpl/mult.odb'…
Reading library file at '/home/hassan-ul-haq/.volare/volare/sky130/versions/0fe599b2afb6708d281543108caf8310912f54af/sky130A/libs.ref/sky130_fd_sc_hd/lib/sky130_fd_sc_hd__tt_025C_1v80.lib'…
Reading design constraints file at '/nix/store/ss2cw3sxbrwwx9jl0rrppbw4kgcmgi2n-python3-3.11.9-env/lib/python3.11/site-packages/openlane/scripts/base.sdc'…
[INFO] Using clock clk…
[INFO] Setting output delay to: 1.25
[INFO] Setting input delay to: 1.25
[INFO] Setting load to: 0.033442
[INFO] Setting clock uncertainty to: 0.25
[INFO] Setting clock transition to: 0.1499999999999999944488848768742172978818416595458984375
[INFO] Setting timing derate to: 5%
Placement Analysis
---------------------------------
total displacement          0.0 u
average displacement        0.0 u
max displacement            0.0 u
original HPWL            6674.2 u
legalized HPWL           6865.5 u
delta HPWL                    3 %

[INFO DPL-0020] Mirrored 186 instances
[INFO DPL-0021] HPWL before            6865.5 u
[INFO DPL-0022] HPWL after             6674.2 u
[INFO DPL-0023] HPWL delta               -2.8 %
Setting global connections for newly added cells…
[INFO] Setting global connections...
Updating metrics…
Cell type report:                       Count       Area
  Fill cell                                72     270.26
  Tap cell                                133     166.41
  Timing Repair Buffer                     67     366.60
  Inverter                                 77     289.03
  Sequential cell                          72    1801.73
  Multi-Input combinational cell          305    2044.46
  Total                                   726    4938.49
Writing OpenROAD database to '/home/hassan-ul-haq/openlane2/designs/Multiplier/runs/160MHz/33-openroad-detailedplacement/mult.odb'…
Writing netlist to '/home/hassan-ul-haq/openlane2/designs/Multiplier/runs/160MHz/33-openroad-detailedplacement/mult.nl.v'…
Writing powered netlist to '/home/hassan-ul-haq/openlane2/designs/Multiplier/runs/160MHz/33-openroad-detailedplacement/mult.pnl.v'…
Writing layout to '/home/hassan-ul-haq/openlane2/designs/Multiplier/runs/160MHz/33-openroad-detailedplacement/mult.def'…
Writing timing constraints to '/home/hassan-ul-haq/openlane2/designs/Multiplier/runs/160MHz/33-openroad-detailedplacement/mult.sdc'…
