                                                                        Cells by Master                                                                         
┏━━━━━━━━━━━━━━━━━━━━━━━━━━━━━━━━━━━━━━━━━━━━━━━━━━━━━━━━━━━━━━━━━━━━━━━━━━━━━━━━━━━━━━━━━━━━━━━━━━━━━━━━━━━━━━━━━━━━━━━━━━━━━━━━━━┳━━━━━━━━━━━━━━━━━━━━━━━━━━━┓
┃ Cell                                                                                                                             ┃ Count                     ┃
┡━━━━━━━━━━━━━━━━━━━━━━━━━━━━━━━━━━━━━━━━━━━━━━━━━━━━━━━━━━━━━━━━━━━━━━━━━━━━━━━━━━━━━━━━━━━━━━━━━━━━━━━━━━━━━━━━━━━━━━━━━━━━━━━━━━╇━━━━━━━━━━━━━━━━━━━━━━━━━━━┩
│ sky130_ef_sc_hd__decap_12                                                                                                        │ 145                       │
│ sky130_fd_sc_hd__a211o_1                                                                                                         │ 2                         │
│ sky130_fd_sc_hd__a211oi_1                                                                                                        │ 1                         │
│ sky130_fd_sc_hd__a211oi_2                                                                                                        │ 1                         │
│ sky130_fd_sc_hd__a21bo_1                                                                                                         │ 6                         │
│ sky130_fd_sc_hd__a21boi_1                                                                                                        │ 1                         │
│ sky130_fd_sc_hd__a21boi_2                                                                                                        │ 1                         │
│ sky130_fd_sc_hd__a21o_1                                                                                                          │ 20                        │
│ sky130_fd_sc_hd__a21oi_1                                                                                                         │ 12                        │
│ sky130_fd_sc_hd__a221o_1                                                                                                         │ 1                         │
│ sky130_fd_sc_hd__a22o_1                                                                                                          │ 10                        │
│ sky130_fd_sc_hd__a22oi_1                                                                                                         │ 4                         │
│ sky130_fd_sc_hd__a22oi_2                                                                                                         │ 3                         │
│ sky130_fd_sc_hd__a31o_1                                                                                                          │ 9                         │
│ sky130_fd_sc_hd__a31oi_2                                                                                                         │ 1                         │
│ sky130_fd_sc_hd__a41o_1                                                                                                          │ 1                         │
│ sky130_fd_sc_hd__and2_1                                                                                                          │ 21                        │
│ sky130_fd_sc_hd__and2b_1                                                                                                         │ 7                         │
│ sky130_fd_sc_hd__and3_1                                                                                                          │ 16                        │
│ sky130_fd_sc_hd__and4_1                                                                                                          │ 12                        │
│ sky130_fd_sc_hd__and4b_1                                                                                                         │ 1                         │
│ sky130_fd_sc_hd__buf_1                                                                                                           │ 6                         │
│ sky130_fd_sc_hd__buf_2                                                                                                           │ 24                        │
│ sky130_fd_sc_hd__buf_4                                                                                                           │ 4                         │
│ sky130_fd_sc_hd__clkbuf_1                                                                                                        │ 19                        │
│ sky130_fd_sc_hd__clkbuf_16                                                                                                       │ 5                         │
│ sky130_fd_sc_hd__clkbuf_2                                                                                                        │ 8                         │
│ sky130_fd_sc_hd__clkbuf_4                                                                                                        │ 2                         │
│ sky130_fd_sc_hd__clkinv_4                                                                                                        │ 1                         │
│ sky130_fd_sc_hd__clkinvlp_4                                                                                                      │ 2                         │
│ sky130_fd_sc_hd__decap_3                                                                                                         │ 106                       │
│ sky130_fd_sc_hd__decap_4                                                                                                         │ 58                        │
│ sky130_fd_sc_hd__decap_6                                                                                                         │ 33                        │
│ sky130_fd_sc_hd__decap_8                                                                                                         │ 63                        │
│ sky130_fd_sc_hd__dfrtp_1                                                                                                         │ 31                        │
│ sky130_fd_sc_hd__dfrtp_4                                                                                                         │ 1                         │
│ sky130_fd_sc_hd__dlygate4sd1_1                                                                                                   │ 1                         │
│ sky130_fd_sc_hd__dlymetal6s2s_1                                                                                                  │ 2                         │
│ sky130_fd_sc_hd__fill_1                                                                                                          │ 121                       │
│ sky130_fd_sc_hd__fill_2                                                                                                          │ 62                        │
│ sky130_fd_sc_hd__inv_2                                                                                                           │ 37                        │
│ sky130_fd_sc_hd__mux2_1                                                                                                          │ 1                         │
│ sky130_fd_sc_hd__nand2_1                                                                                                         │ 27                        │
│ sky130_fd_sc_hd__nand2b_1                                                                                                        │ 8                         │
│ sky130_fd_sc_hd__nand3_1                                                                                                         │ 12                        │
│ sky130_fd_sc_hd__nand3_2                                                                                                         │ 2                         │
│ sky130_fd_sc_hd__nand3b_2                                                                                                        │ 1                         │
│ sky130_fd_sc_hd__nand4_1                                                                                                         │ 3                         │
│ sky130_fd_sc_hd__nor2_1                                                                                                          │ 26                        │
│ sky130_fd_sc_hd__nor3_1                                                                                                          │ 4                         │
│ sky130_fd_sc_hd__nor3b_1                                                                                                         │ 1                         │
│ sky130_fd_sc_hd__nor3b_2                                                                                                         │ 1                         │
│ sky130_fd_sc_hd__o211a_1                                                                                                         │ 3                         │
│ sky130_fd_sc_hd__o211ai_2                                                                                                        │ 1                         │
│ sky130_fd_sc_hd__o21a_1                                                                                                          │ 5                         │
│ sky130_fd_sc_hd__o21ai_1                                                                                                         │ 5                         │
│ sky130_fd_sc_hd__o21ba_1                                                                                                         │ 1                         │
│ sky130_fd_sc_hd__o21bai_1                                                                                                        │ 6                         │
│ sky130_fd_sc_hd__o22ai_1                                                                                                         │ 1                         │
│ sky130_fd_sc_hd__o2bb2a_1                                                                                                        │ 1                         │
│ sky130_fd_sc_hd__o311a_1                                                                                                         │ 1                         │
│ sky130_fd_sc_hd__o32a_1                                                                                                          │ 1                         │
│ sky130_fd_sc_hd__or2_1                                                                                                           │ 9                         │
│ sky130_fd_sc_hd__or2_4                                                                                                           │ 1                         │
│ sky130_fd_sc_hd__or3_1                                                                                                           │ 3                         │
│ sky130_fd_sc_hd__or4_1                                                                                                           │ 1                         │
│ sky130_fd_sc_hd__tapvpwrvgnd_1                                                                                                   │ 102                       │
│ sky130_fd_sc_hd__xnor2_1                                                                                                         │ 30                        │
│ sky130_fd_sc_hd__xor2_1                                                                                                          │ 15                        │
└──────────────────────────────────────────────────────────────────────────────────────────────────────────────────────────────────┴───────────────────────────┘
