Clock: clk
Sources: clk 
Generated: no
Virtual: yes
Propagated: no
Period: 6.250000

===========================================================================
report_clock_properties
============================================================================
Clock                   Period          Waveform
----------------------------------------------------
clk                   6.250000    0.000000  3.125000

===========================================================================
report_clock_latency
============================================================================
Clock clk
rise -> rise
    min     max
0.000000 0.000000 source latency
0.691204         network latency _794_/CLK
        0.705667 network latency _764_/CLK
---------------
0.691204 0.705667 latency
        0.014462 skew

fall -> fall
    min     max
0.000000 0.000000 source latency
0.649466         network latency _794_/CLK
        0.662118 network latency _764_/CLK
---------------
0.649466 0.662118 latency
        0.012652 skew



===========================================================================
report_clock_min_period
============================================================================
clk period_min = 5.32 fmax = 188.11
