
===========================================================================
report_checks -unconstrained
===========================================================================
======================= nom_tt_025C_1v80 Corner ===================================

Startpoint: rst (input port clocked by clk)
Endpoint: _680_ (recovery check against rising-edge clock clk)
Path Group: asynchronous
Path Type: max

Fanout         Cap        Slew       Delay        Time   Description
---------------------------------------------------------------------------------------------
                                  0.000000    0.000000   clock clk (rise edge)
                                  0.000000    0.000000   clock network delay (propagated)
                                  2.500000    2.500000 v input external delay
    32    0.162178    0.353813    0.263578    2.763578 v rst (in)
                                                         rst (net)
                      0.353862    0.000000    2.763578 v _648_/A (sky130_fd_sc_hd__inv_2)
     1    0.003678    0.078281    0.119273    2.882852 ^ _648_/Y (sky130_fd_sc_hd__inv_2)
                                                         _022_ (net)
                      0.078281    0.000001    2.882853 ^ _680_/RESET_B (sky130_fd_sc_hd__dfrtp_2)
                                              2.882853   data arrival time

                                 12.500000   12.500000   clock clk (rise edge)
                                  0.000000   12.500000   clock source latency
    32    0.085390    0.386866    0.266626   12.766625 ^ clk (in)
                                                         clk (net)
                      0.386867    0.000000   12.766625 ^ _680_/CLK (sky130_fd_sc_hd__dfrtp_2)
                                 -0.250000   12.516625   clock uncertainty
                                  0.000000   12.516625   clock reconvergence pessimism
                                  0.314764   12.831389   library recovery time
                                             12.831389   data required time
---------------------------------------------------------------------------------------------
                                             12.831389   data required time
                                             -2.882853   data arrival time
---------------------------------------------------------------------------------------------
                                              9.948537   slack (MET)


Startpoint: _670_ (rising edge-triggered flip-flop clocked by clk)
Endpoint: _662_ (rising edge-triggered flip-flop clocked by clk)
Path Group: clk
Path Type: max

Fanout         Cap        Slew       Delay        Time   Description
---------------------------------------------------------------------------------------------
                                  0.000000    0.000000   clock clk (rise edge)
                                  0.000000    0.000000   clock source latency
    32    0.085390    0.386866    0.267446    0.267446 ^ clk (in)
                                                         clk (net)
                      0.386873    0.000000    0.267446 ^ _670_/CLK (sky130_fd_sc_hd__dfrtp_2)
    14    0.045565    0.131799    0.587967    0.855413 v _670_/Q (sky130_fd_sc_hd__dfrtp_2)
                                                         a_reg[5] (net)
                      0.131799    0.000228    0.855641 v _399_/D (sky130_fd_sc_hd__and4_2)
     3    0.008068    0.053869    0.284876    1.140517 v _399_/X (sky130_fd_sc_hd__and4_2)
                                                         _075_ (net)
                      0.053869    0.000021    1.140538 v _401_/B (sky130_fd_sc_hd__or3_2)
     2    0.007119    0.093478    0.469627    1.610165 v _401_/X (sky130_fd_sc_hd__or3_2)
                                                         _077_ (net)
                      0.093478    0.000016    1.610182 v _405_/A1 (sky130_fd_sc_hd__a21o_2)
     3    0.009587    0.050464    0.223715    1.833897 v _405_/X (sky130_fd_sc_hd__a21o_2)
                                                         _081_ (net)
                      0.050464    0.000033    1.833930 v _445_/A2 (sky130_fd_sc_hd__a21bo_2)
     2    0.007611    0.046291    0.225323    2.059253 v _445_/X (sky130_fd_sc_hd__a21bo_2)
                                                         _120_ (net)
                      0.046291    0.000051    2.059305 v _447_/B1 (sky130_fd_sc_hd__a21o_2)
     3    0.011398    0.055640    0.210259    2.269563 v _447_/X (sky130_fd_sc_hd__a21o_2)
                                                         _122_ (net)
                      0.055640    0.000039    2.269603 v _484_/A2 (sky130_fd_sc_hd__a21boi_2)
     2    0.010843    0.164443    0.188752    2.458354 ^ _484_/Y (sky130_fd_sc_hd__a21boi_2)
                                                         _158_ (net)
                      0.164443    0.000048    2.458402 ^ _485_/A_N (sky130_fd_sc_hd__and2b_2)
     1    0.002431    0.035139    0.230577    2.688979 v _485_/X (sky130_fd_sc_hd__and2b_2)
                                                         _159_ (net)
                      0.035139    0.000003    2.688982 v _494_/B1 (sky130_fd_sc_hd__a21o_2)
     2    0.003396    0.036163    0.178938    2.867920 v _494_/X (sky130_fd_sc_hd__a21o_2)
                                                         _167_ (net)
                      0.036163    0.000010    2.867929 v _518_/A (sky130_fd_sc_hd__or2_2)
     4    0.010455    0.078575    0.319438    3.187368 v _518_/X (sky130_fd_sc_hd__or2_2)
                                                         _191_ (net)
                      0.078575    0.000015    3.187382 v _597_/A2 (sky130_fd_sc_hd__a221o_2)
     1    0.002341    0.050998    0.383237    3.570620 v _597_/X (sky130_fd_sc_hd__a221o_2)
                                                         _267_ (net)
                      0.050998    0.000002    3.570622 v _598_/C1 (sky130_fd_sc_hd__a211o_2)
     2    0.004439    0.052714    0.269553    3.840175 v _598_/X (sky130_fd_sc_hd__a211o_2)
                                                         _268_ (net)
                      0.052714    0.000023    3.840199 v _600_/C (sky130_fd_sc_hd__and4b_2)
     4    0.014187    0.068955    0.255501    4.095699 v _600_/X (sky130_fd_sc_hd__and4b_2)
                                                         _270_ (net)
                      0.068955    0.000082    4.095782 v _614_/B (sky130_fd_sc_hd__or4_2)
     1    0.004535    0.108378    0.655237    4.751019 v _614_/X (sky130_fd_sc_hd__or4_2)
                                                         _283_ (net)
                      0.108378    0.000008    4.751026 v _615_/B (sky130_fd_sc_hd__nand2_2)
     1    0.002278    0.043316    0.082079    4.833105 ^ _615_/Y (sky130_fd_sc_hd__nand2_2)
                                                         product_reg[13] (net)
                      0.043316    0.000004    4.833109 ^ _662_/D (sky130_fd_sc_hd__dfrtp_2)
                                              4.833109   data arrival time

                                 12.500000   12.500000   clock clk (rise edge)
                                  0.000000   12.500000   clock source latency
    32    0.085390    0.386866    0.266497   12.766497 ^ clk (in)
                                                         clk (net)
                      0.386867    0.000000   12.766497 ^ _662_/CLK (sky130_fd_sc_hd__dfrtp_2)
                                 -0.250000   12.516497   clock uncertainty
                                  0.000000   12.516497   clock reconvergence pessimism
                                 -0.011003   12.505493   library setup time
                                             12.505493   data required time
---------------------------------------------------------------------------------------------
                                             12.505493   data required time
                                             -4.833109   data arrival time
---------------------------------------------------------------------------------------------
                                              7.672384   slack (MET)




===========================================================================
report_checks --slack_max -0.01
============================================================================
======================= nom_tt_025C_1v80 Corner ===================================

No paths found.


===========================================================================
 report_check_types -max_slew -max_cap -max_fanout -violators
============================================================================
======================= nom_tt_025C_1v80 Corner ===================================

max slew

Pin                                        Limit        Slew       Slack
------------------------------------------------------------------------
_632_/A                                 0.750000    0.779210   -0.029210 (VIOLATED)
_648_/A                                 0.750000    0.779210   -0.029210 (VIOLATED)
_647_/A                                 0.750000    0.779208   -0.029208 (VIOLATED)
_646_/A                                 0.750000    0.779207   -0.029207 (VIOLATED)
_645_/A                                 0.750000    0.779206   -0.029206 (VIOLATED)
_638_/A                                 0.750000    0.779206   -0.029206 (VIOLATED)
_639_/A                                 0.750000    0.779205   -0.029205 (VIOLATED)
_640_/A                                 0.750000    0.779203   -0.029203 (VIOLATED)
_644_/A                                 0.750000    0.779202   -0.029202 (VIOLATED)
_637_/A                                 0.750000    0.779201   -0.029201 (VIOLATED)
_636_/A                                 0.750000    0.779198   -0.029198 (VIOLATED)
_630_/A                                 0.750000    0.779197   -0.029197 (VIOLATED)
_631_/A                                 0.750000    0.779197   -0.029197 (VIOLATED)
_629_/A                                 0.750000    0.779197   -0.029197 (VIOLATED)
_628_/A                                 0.750000    0.779196   -0.029196 (VIOLATED)
_642_/A                                 0.750000    0.779196   -0.029196 (VIOLATED)
_627_/A                                 0.750000    0.779195   -0.029195 (VIOLATED)
_643_/A                                 0.750000    0.779195   -0.029195 (VIOLATED)
_635_/A                                 0.750000    0.779194   -0.029194 (VIOLATED)
_641_/A                                 0.750000    0.779193   -0.029193 (VIOLATED)
_321_/A                                 0.750000    0.779192   -0.029192 (VIOLATED)
_634_/A                                 0.750000    0.779192   -0.029192 (VIOLATED)
_657_/A                                 0.750000    0.779191   -0.029191 (VIOLATED)
_633_/A                                 0.750000    0.779191   -0.029191 (VIOLATED)
_656_/A                                 0.750000    0.779190   -0.029190 (VIOLATED)
_649_/A                                 0.750000    0.779189   -0.029189 (VIOLATED)
_655_/A                                 0.750000    0.779188   -0.029188 (VIOLATED)
_654_/A                                 0.750000    0.779187   -0.029187 (VIOLATED)
_650_/A                                 0.750000    0.779187   -0.029187 (VIOLATED)
_653_/A                                 0.750000    0.779185   -0.029185 (VIOLATED)
rst                                     0.750000    0.779183   -0.029183 (VIOLATED)
_651_/A                                 0.750000    0.779183   -0.029183 (VIOLATED)
_652_/A                                 0.750000    0.779183   -0.029183 (VIOLATED)

max fanout

Pin                                   Limit Fanout  Slack
---------------------------------------------------------
clk                                      10     32    -22 (VIOLATED)
rst                                      10     32    -22 (VIOLATED)
_676_/Q                                  10     17     -7 (VIOLATED)
_677_/Q                                  10     17     -7 (VIOLATED)
_674_/Q                                  10     16     -6 (VIOLATED)
_679_/Q                                  10     16     -6 (VIOLATED)
_666_/Q                                  10     15     -5 (VIOLATED)
_667_/Q                                  10     15     -5 (VIOLATED)
_668_/Q                                  10     15     -5 (VIOLATED)
_671_/Q                                  10     15     -5 (VIOLATED)
_672_/Q                                  10     15     -5 (VIOLATED)
_670_/Q                                  10     14     -4 (VIOLATED)
_673_/Q                                  10     14     -4 (VIOLATED)
_678_/Q                                  10     14     -4 (VIOLATED)
_665_/Q                                  10     13     -3 (VIOLATED)
_669_/Q                                  10     12     -2 (VIOLATED)
_680_/Q                                  10     12     -2 (VIOLATED)



===========================================================================
report_parasitic_annotation -report_unannotated
============================================================================
Found 0 unannotated drivers.
Found 0 partially unannotated drivers.

===========================================================================
max slew violation count 33
Writing metric design__max_slew_violation__count__corner:nom_tt_025C_1v80: 33
max fanout violation count 17
Writing metric design__max_fanout_violation__count__corner:nom_tt_025C_1v80: 17
max cap violation count 0
Writing metric design__max_cap_violation__count__corner:nom_tt_025C_1v80: 0
============================================================================

===========================================================================
check_setup -verbose -unconstrained_endpoints -multiple_clock -no_clock -no_input_delay -loops -generated_clocks
===========================================================================
