Clock: clk
Sources: clk 
Generated: no
Virtual: yes
Propagated: no
Period: 12.500000

===========================================================================
report_clock_properties
============================================================================
Clock                   Period          Waveform
----------------------------------------------------
clk                  12.500000    0.000000  6.250000

===========================================================================
report_clock_latency
============================================================================
Clock clk
rise -> rise
    min     max
0.000000 0.000000 source latency
0.266394         network latency _664_/CLK
        0.268017 network latency _682_/CLK
---------------
0.266394 0.268017 latency
        0.001623 skew

fall -> fall
    min     max
0.000000 0.000000 source latency
0.129002         network latency _664_/CLK
        0.130524 network latency _682_/CLK
---------------
0.129002 0.130524 latency
        0.001522 skew



===========================================================================
report_clock_min_period
============================================================================
clk period_min = 4.83 fmax = 207.14
