Clock: clk
Sources: clk 
Generated: no
Virtual: yes
Propagated: no
Period: 8.333000

===========================================================================
report_clock_properties
============================================================================
Clock                   Period          Waveform
----------------------------------------------------
clk                   8.333000    0.000000  4.166500

===========================================================================
report_clock_latency
============================================================================
Clock clk
rise -> rise
    min     max
0.000000 0.000000 source latency
0.378847         network latency _816_/CLK
        0.382409 network latency _811_/CLK
---------------
0.378847 0.382409 latency
        0.003562 skew

fall -> fall
    min     max
0.000000 0.000000 source latency
0.351299         network latency _816_/CLK
        0.354873 network latency _811_/CLK
---------------
0.351299 0.354873 latency
        0.003574 skew



===========================================================================
report_clock_min_period
============================================================================
clk period_min = 3.36 fmax = 297.39
