
===========================================================================
report_checks -unconstrained
===========================================================================
======================= max_tt_025C_1v80 Corner ===================================

Startpoint: rst (input port clocked by clk)
Endpoint: _781_ (recovery check against rising-edge clock clk)
Path Group: asynchronous
Path Type: max

Fanout         Cap        Slew       Delay        Time   Description
---------------------------------------------------------------------------------------------
                                  0.000000    0.000000   clock clk (rise edge)
                                  0.000000    0.000000   clock network delay (propagated)
                                  1.250000    1.250000 v input external delay
     1    0.001986    0.006751    0.003090    1.253090 v rst (in)
                                                         rst (net)
                      0.006752    0.000000    1.253090 v hold6/A (sky130_fd_sc_hd__dlygate4sd3_1)
     1    0.002738    0.052668    0.533378    1.786468 v hold6/X (sky130_fd_sc_hd__dlygate4sd3_1)
                                                         net68 (net)
                      0.052668    0.000181    1.786648 v input17/A (sky130_fd_sc_hd__clkbuf_2)
     3    0.032785    0.128106    0.184901    1.971550 v input17/X (sky130_fd_sc_hd__clkbuf_2)
                                                         net17 (net)
                      0.128130    0.001516    1.973065 v fanout62/A (sky130_fd_sc_hd__buf_2)
     6    0.034776    0.091615    0.216548    2.189614 v fanout62/X (sky130_fd_sc_hd__buf_2)
                                                         net62 (net)
                      0.091639    0.001448    2.191062 v fanout59/A (sky130_fd_sc_hd__clkbuf_4)
     8    0.042878    0.095077    0.215171    2.406233 v fanout59/X (sky130_fd_sc_hd__clkbuf_4)
                                                         net59 (net)
                      0.095254    0.003610    2.409843 v fanout57/A (sky130_fd_sc_hd__buf_4)
    10    0.054239    0.078855    0.210769    2.620612 v fanout57/X (sky130_fd_sc_hd__buf_4)
                                                         net57 (net)
                      0.079112    0.003852    2.624464 v _717_/A (sky130_fd_sc_hd__inv_2)
     1    0.004024    0.033355    0.057342    2.681806 ^ _717_/Y (sky130_fd_sc_hd__inv_2)
                                                         _071_ (net)
                      0.033356    0.000213    2.682019 ^ _781_/RESET_B (sky130_fd_sc_hd__dfrtp_1)
                                              2.682019   data arrival time

                                  6.250000    6.250000   clock clk (rise edge)
                                  0.000000    6.250000   clock source latency
     1    0.020290    0.096734    0.067510    6.317510 ^ clk (in)
                                                         clk (net)
                      0.096819    0.000000    6.317510 ^ clkbuf_0_clk/A (sky130_fd_sc_hd__clkbuf_16)
     8    0.082998    0.100122    0.190473    6.507983 ^ clkbuf_0_clk/X (sky130_fd_sc_hd__clkbuf_16)
                                                         clknet_0_clk (net)
                      0.100395    0.003753    6.511737 ^ clkbuf_3_3__f_clk/A (sky130_fd_sc_hd__clkbuf_16)
     8    0.033332    0.053903    0.156773    6.668510 ^ clkbuf_3_3__f_clk/X (sky130_fd_sc_hd__clkbuf_16)
                                                         clknet_3_3__leaf_clk (net)
                      0.053970    0.001755    6.670265 ^ _781_/CLK (sky130_fd_sc_hd__dfrtp_1)
                                 -0.250000    6.420265   clock uncertainty
                                  0.000000    6.420265   clock reconvergence pessimism
                                  0.236093    6.656358   library recovery time
                                              6.656358   data required time
---------------------------------------------------------------------------------------------
                                              6.656358   data required time
                                             -2.682019   data arrival time
---------------------------------------------------------------------------------------------
                                              3.974339   slack (MET)


Startpoint: _787_ (rising edge-triggered flip-flop clocked by clk)
Endpoint: _769_ (rising edge-triggered flip-flop clocked by clk)
Path Group: clk
Path Type: max

Fanout         Cap        Slew       Delay        Time   Description
---------------------------------------------------------------------------------------------
                                  0.000000    0.000000   clock clk (rise edge)
                                  0.000000    0.000000   clock source latency
     1    0.020290    0.096734    0.067511    0.067511 ^ clk (in)
                                                         clk (net)
                      0.096819    0.000000    0.067511 ^ clkbuf_0_clk/A (sky130_fd_sc_hd__clkbuf_16)
     8    0.082998    0.100122    0.190473    0.257983 ^ clkbuf_0_clk/X (sky130_fd_sc_hd__clkbuf_16)
                                                         clknet_0_clk (net)
                      0.100509    0.004619    0.262602 ^ clkbuf_3_2__f_clk/A (sky130_fd_sc_hd__clkbuf_16)
    12    0.035837    0.056070    0.158718    0.421320 ^ clkbuf_3_2__f_clk/X (sky130_fd_sc_hd__clkbuf_16)
                                                         clknet_3_2__leaf_clk (net)
                      0.056166    0.001317    0.422637 ^ _787_/CLK (sky130_fd_sc_hd__dfrtp_1)
     2    0.007057    0.058858    0.380652    0.803289 v _787_/Q (sky130_fd_sc_hd__dfrtp_1)
                                                         pp2[1] (net)
                      0.058939    0.000515    0.803804 v _569_/A (sky130_fd_sc_hd__xor2_1)
     2    0.007549    0.070767    0.180499    0.984303 v _569_/X (sky130_fd_sc_hd__xor2_1)
                                                         _279_ (net)
                      0.070767    0.000234    0.984536 v _574_/A1 (sky130_fd_sc_hd__a31o_1)
     3    0.012905    0.079706    0.224995    1.209532 v _574_/X (sky130_fd_sc_hd__a31o_1)
                                                         _283_ (net)
                      0.079713    0.000809    1.210340 v _594_/A1 (sky130_fd_sc_hd__a31o_4)
     3    0.015788    0.050581    0.247878    1.458218 v _594_/X (sky130_fd_sc_hd__a31o_4)
                                                         _301_ (net)
                      0.050581    0.001070    1.459288 v _617_/A1 (sky130_fd_sc_hd__a211oi_1)
     2    0.007225    0.300763    0.288984    1.748272 ^ _617_/Y (sky130_fd_sc_hd__a211oi_1)
                                                         _322_ (net)
                      0.300764    0.000426    1.748698 ^ _618_/B (sky130_fd_sc_hd__or2_1)
     1    0.009209    0.096371    0.188990    1.937688 ^ _618_/X (sky130_fd_sc_hd__or2_1)
                                                         _323_ (net)
                      0.096371    0.000252    1.937940 ^ _619_/B (sky130_fd_sc_hd__xor2_2)
     2    0.012042    0.186779    0.201930    2.139870 ^ _619_/X (sky130_fd_sc_hd__xor2_2)
                                                         _324_ (net)
                      0.186781    0.000884    2.140754 ^ _621_/B (sky130_fd_sc_hd__xnor2_2)
     3    0.010629    0.072754    0.105832    2.246586 v _621_/Y (sky130_fd_sc_hd__xnor2_2)
                                                         _326_ (net)
                      0.072756    0.000400    2.246985 v _637_/B (sky130_fd_sc_hd__or4_4)
     2    0.007272    0.089259    0.524858    2.771844 v _637_/X (sky130_fd_sc_hd__or4_4)
                                                         _340_ (net)
                      0.089259    0.000423    2.772266 v _639_/A1 (sky130_fd_sc_hd__a31o_1)
     4    0.010992    0.071719    0.225436    2.997702 v _639_/X (sky130_fd_sc_hd__a31o_1)
                                                         _342_ (net)
                      0.071728    0.000810    2.998512 v _645_/A2 (sky130_fd_sc_hd__a211o_1)
     1    0.004717    0.056527    0.306260    3.304772 v _645_/X (sky130_fd_sc_hd__a211o_1)
                                                         _346_ (net)
                      0.056527    0.000223    3.304995 v _647_/B (sky130_fd_sc_hd__xnor2_1)
     1    0.002378    0.042590    0.119498    3.424493 v _647_/Y (sky130_fd_sc_hd__xnor2_1)
                                                         _027_ (net)
                      0.042590    0.000164    3.424657 v _769_/D (sky130_fd_sc_hd__dfrtp_1)
                                              3.424657   data arrival time

                                  6.250000    6.250000   clock clk (rise edge)
                                  0.000000    6.250000   clock source latency
     1    0.020290    0.096734    0.067510    6.317510 ^ clk (in)
                                                         clk (net)
                      0.096819    0.000000    6.317510 ^ clkbuf_0_clk/A (sky130_fd_sc_hd__clkbuf_16)
     8    0.082998    0.100122    0.190473    6.507983 ^ clkbuf_0_clk/X (sky130_fd_sc_hd__clkbuf_16)
                                                         clknet_0_clk (net)
                      0.100448    0.004182    6.512165 ^ clkbuf_3_7__f_clk/A (sky130_fd_sc_hd__clkbuf_16)
    11    0.036670    0.056838    0.159262    6.671427 ^ clkbuf_3_7__f_clk/X (sky130_fd_sc_hd__clkbuf_16)
                                                         clknet_3_7__leaf_clk (net)
                      0.056940    0.001833    6.673260 ^ _769_/CLK (sky130_fd_sc_hd__dfrtp_1)
                                 -0.250000    6.423260   clock uncertainty
                                  0.000000    6.423260   clock reconvergence pessimism
                                 -0.110491    6.312769   library setup time
                                              6.312769   data required time
---------------------------------------------------------------------------------------------
                                              6.312769   data required time
                                             -3.424657   data arrival time
---------------------------------------------------------------------------------------------
                                              2.888113   slack (MET)




===========================================================================
report_checks --slack_max -0.01
============================================================================
======================= max_tt_025C_1v80 Corner ===================================

No paths found.


===========================================================================
 report_check_types -max_slew -max_cap -max_fanout -violators
============================================================================
======================= max_tt_025C_1v80 Corner ===================================

max fanout

Pin                                   Limit Fanout  Slack
---------------------------------------------------------
clkbuf_3_2__f_clk/X                      10     12     -2 (VIOLATED)
clkbuf_3_7__f_clk/X                      10     11        (VIOLATED)



===========================================================================
report_parasitic_annotation -report_unannotated
============================================================================
Found 7 unannotated drivers.
 clkload0/Y
 clkload1/Y
 clkload2/Y
 clkload3/Y
 clkload4/Y
 clkload5/Y
 clkload6/X
Found 0 partially unannotated drivers.

===========================================================================
max slew violation count 0
max fanout violation count 2
max cap violation count 0
============================================================================

===========================================================================
check_setup -verbose -unconstrained_endpoints -multiple_clock -no_clock -no_input_delay -loops -generated_clocks
===========================================================================
