Clock: clk
Sources: clk 
Generated: no
Virtual: yes
Propagated: no
Period: 6.250000

===========================================================================
report_clock_properties
============================================================================
Clock                   Period          Waveform
----------------------------------------------------
clk                   6.250000    0.000000  3.125000

===========================================================================
report_clock_latency
============================================================================
Clock clk
rise -> rise
    min     max
0.000000 0.000000 source latency
0.419332         network latency _806_/CLK
        0.426058 network latency _811_/CLK
---------------
0.419332 0.426058 latency
        0.006726 skew

fall -> fall
    min     max
0.000000 0.000000 source latency
0.378194         network latency _761_/CLK
        0.383905 network latency _811_/CLK
---------------
0.378194 0.383905 latency
        0.005711 skew



===========================================================================
report_clock_min_period
============================================================================
clk period_min = 3.36 fmax = 297.45
