
===========================================================================
report_checks -unconstrained
===========================================================================
======================= nom_tt_025C_1v80 Corner ===================================

Startpoint: _48_ (rising edge-triggered flip-flop clocked by clk)
Endpoint: _32_ (rising edge-triggered flip-flop clocked by clk)
Path Group: clk
Path Type: max

Fanout         Cap        Slew       Delay        Time   Description
---------------------------------------------------------------------------------------------
                                  0.000000    0.000000   clock clk (rise edge)
                                  0.000000    0.000000   clock source latency
     1    0.029040    0.000000    0.000000    0.000000 ^ clk (in)
                                                         clk (net)
                      0.002518    0.001259    0.001259 ^ clkbuf_0_clk/A (sky130_fd_sc_hd__clkbuf_16)
     4    0.038246    0.058200    0.125773    0.127032 ^ clkbuf_0_clk/X (sky130_fd_sc_hd__clkbuf_16)
                                                         clknet_0_clk (net)
                      0.058201    0.000297    0.127329 ^ clkbuf_2_0__f_clk/A (sky130_fd_sc_hd__clkbuf_16)
    12    0.039020    0.058927    0.146071    0.273400 ^ clkbuf_2_0__f_clk/X (sky130_fd_sc_hd__clkbuf_16)
                                                         clknet_2_0__leaf_clk (net)
                      0.058927    0.000172    0.273572 ^ _48_/CLK (sky130_fd_sc_hd__dfrtp_4)
     8    0.031165    0.093652    0.522984    0.796556 v _48_/Q (sky130_fd_sc_hd__dfrtp_4)
                                                         b_r1[0] (net)
                      0.093652    0.000291    0.796846 v _00_/B (sky130_fd_sc_hd__and2_1)
     1    0.002136    0.033095    0.168290    0.965137 v _00_/X (sky130_fd_sc_hd__and2_1)
                                                         PPs_w[6][6] (net)
                      0.033095    0.000002    0.965138 v _32_/D (sky130_fd_sc_hd__dfrtp_1)
                                              0.965138   data arrival time

                                  2.000000    2.000000   clock clk (rise edge)
                                  0.000000    2.000000   clock source latency
     1    0.029040    0.000000    0.000000    2.000000 ^ clk (in)
                                                         clk (net)
                      0.002518    0.001259    2.001259 ^ clkbuf_0_clk/A (sky130_fd_sc_hd__clkbuf_16)
     4    0.038246    0.058200    0.125773    2.127032 ^ clkbuf_0_clk/X (sky130_fd_sc_hd__clkbuf_16)
                                                         clknet_0_clk (net)
                      0.058200    0.000280    2.127312 ^ clkbuf_2_2__f_clk/A (sky130_fd_sc_hd__clkbuf_16)
    10    0.036786    0.056958    0.144429    2.271741 ^ clkbuf_2_2__f_clk/X (sky130_fd_sc_hd__clkbuf_16)
                                                         clknet_2_2__leaf_clk (net)
                      0.056958    0.000124    2.271865 ^ _32_/CLK (sky130_fd_sc_hd__dfrtp_1)
                                 -0.020000    2.251865   clock uncertainty
                                  0.000000    2.251865   clock reconvergence pessimism
                                 -0.106347    2.145519   library setup time
                                              2.145519   data required time
---------------------------------------------------------------------------------------------
                                              2.145519   data required time
                                             -0.965138   data arrival time
---------------------------------------------------------------------------------------------
                                              1.180380   slack (MET)




===========================================================================
report_checks --slack_max -0.01
============================================================================
======================= nom_tt_025C_1v80 Corner ===================================

No paths found.


===========================================================================
 report_check_types -max_slew -max_cap -max_fanout -violators
============================================================================
======================= nom_tt_025C_1v80 Corner ===================================



===========================================================================
report_parasitic_annotation -report_unannotated
============================================================================
Found 18 unannotated drivers.
 b[1]
 b[2]
 b[3]
 b[4]
 b[5]
 b[6]
 b[7]
 clkload0/Y
 clkload1/Y
 clkload2/Y
 mult_19/HI
 mult_20/HI
 mult_21/HI
 mult_22/HI
 mult_23/HI
 mult_24/HI
 mult_25/HI
 mult_26/HI
Found 0 partially unannotated drivers.

===========================================================================
max slew violation count 0
Writing metric design__max_slew_violation__count__corner:nom_tt_025C_1v80: 0
max fanout violation count 0
Writing metric design__max_fanout_violation__count__corner:nom_tt_025C_1v80: 0
max cap violation count 0
Writing metric design__max_cap_violation__count__corner:nom_tt_025C_1v80: 0
============================================================================

===========================================================================
check_setup -verbose -unconstrained_endpoints -multiple_clock -no_clock -no_input_delay -loops -generated_clocks
===========================================================================
Warning: There is 1 input port missing set_input_delay.
  rst
Warning: There are 16 unconstrained endpoints.
  product_out[0]
  product_out[10]
  product_out[11]
  product_out[12]
  product_out[13]
  product_out[14]
  product_out[15]
  product_out[1]
  product_out[2]
  product_out[3]
  product_out[4]
  product_out[5]
  product_out[6]
  product_out[7]
  product_out[8]
  product_out[9]
