Clock: clk
Sources: clk 
Generated: no
Virtual: yes
Propagated: no
Period: 12.500000

===========================================================================
report_clock_properties
============================================================================
Clock                   Period          Waveform
----------------------------------------------------
clk                  12.500000    0.000000  6.250000

===========================================================================
report_clock_latency
============================================================================
Clock clk
rise -> rise
    min     max
0.000000 0.000000 source latency
0.358384         network latency _688_/CLK
        0.366388 network latency _680_/CLK
---------------
0.358384 0.366388 latency
        0.008005 skew

fall -> fall
    min     max
0.000000 0.000000 source latency
0.337427         network latency _688_/CLK
        0.343353 network latency _680_/CLK
---------------
0.337427 0.343353 latency
        0.005925 skew



===========================================================================
report_clock_min_period
============================================================================
clk period_min = 4.43 fmax = 225.65
