
===========================================================================
report_checks -unconstrained
===========================================================================
======================= min_ff_n40C_1v95 Corner ===================================

Startpoint: rst (input port clocked by clk)
Endpoint: _800_ (recovery check against rising-edge clock clk)
Path Group: asynchronous
Path Type: max

Fanout         Cap        Slew       Delay        Time   Description
---------------------------------------------------------------------------------------------
                                  0.000000    0.000000   clock clk (rise edge)
                                  0.000000    0.000000   clock network delay (propagated)
                                  1.250000    1.250000 v input external delay
     1    0.002459    0.004234    0.001958    1.251958 v rst (in)
                                                         rst (net)
                      0.004234    0.000000    1.251958 v input17/A (sky130_fd_sc_hd__buf_1)
     2    0.014130    0.059079    0.080866    1.332823 v input17/X (sky130_fd_sc_hd__buf_1)
                                                         net17 (net)
                      0.059079    0.000114    1.332938 v fanout67/A (sky130_fd_sc_hd__buf_2)
     6    0.030562    0.057390    0.124018    1.456956 v fanout67/X (sky130_fd_sc_hd__buf_2)
                                                         net67 (net)
                      0.057419    0.001198    1.458153 v fanout66/A (sky130_fd_sc_hd__buf_2)
     6    0.038577    0.069260    0.133579    1.591732 v fanout66/X (sky130_fd_sc_hd__buf_2)
                                                         net66 (net)
                      0.069261    0.000376    1.592108 v fanout64/A (sky130_fd_sc_hd__buf_4)
    10    0.052949    0.057919    0.140900    1.733008 v fanout64/X (sky130_fd_sc_hd__buf_4)
                                                         net64 (net)
                      0.057930    0.000790    1.733798 v _728_/A (sky130_fd_sc_hd__inv_2)
     1    0.003914    0.024715    0.040131    1.773929 ^ _728_/Y (sky130_fd_sc_hd__inv_2)
                                                         _088_ (net)
                      0.024715    0.000013    1.773942 ^ _800_/RESET_B (sky130_fd_sc_hd__dfrtp_1)
                                              1.773942   data arrival time

                                  6.250000    6.250000   clock clk (rise edge)
                                  0.000000    6.250000   clock source latency
     1    0.018217    0.065633    0.045123    6.295122 ^ clk (in)
                                                         clk (net)
                      0.065658    0.000000    6.295122 ^ clkbuf_0_clk/A (sky130_fd_sc_hd__clkbuf_16)
     8    0.080612    0.074474    0.128864    6.423987 ^ clkbuf_0_clk/X (sky130_fd_sc_hd__clkbuf_16)
                                                         clknet_0_clk (net)
                      0.074487    0.000989    6.424975 ^ clkbuf_3_4__f_clk/A (sky130_fd_sc_hd__clkbuf_16)
     8    0.031540    0.039634    0.104434    6.529409 ^ clkbuf_3_4__f_clk/X (sky130_fd_sc_hd__clkbuf_16)
                                                         clknet_3_4__leaf_clk (net)
                      0.039636    0.000495    6.529904 ^ _800_/CLK (sky130_fd_sc_hd__dfrtp_1)
                                 -0.250000    6.279904   clock uncertainty
                                  0.000000    6.279904   clock reconvergence pessimism
                                  0.146129    6.426033   library recovery time
                                              6.426033   data required time
---------------------------------------------------------------------------------------------
                                              6.426033   data required time
                                             -1.773942   data arrival time
---------------------------------------------------------------------------------------------
                                              4.652092   slack (MET)


Startpoint: _772_ (rising edge-triggered flip-flop clocked by clk)
Endpoint: product[8] (output port clocked by clk)
Path Group: clk
Path Type: max

Fanout         Cap        Slew       Delay        Time   Description
---------------------------------------------------------------------------------------------
                                  0.000000    0.000000   clock clk (rise edge)
                                  0.000000    0.000000   clock source latency
     1    0.018217    0.065633    0.045123    0.045123 ^ clk (in)
                                                         clk (net)
                      0.065658    0.000000    0.045123 ^ clkbuf_0_clk/A (sky130_fd_sc_hd__clkbuf_16)
     8    0.080612    0.074474    0.128864    0.173987 ^ clkbuf_0_clk/X (sky130_fd_sc_hd__clkbuf_16)
                                                         clknet_0_clk (net)
                      0.074493    0.001148    0.175135 ^ clkbuf_3_6__f_clk/A (sky130_fd_sc_hd__clkbuf_16)
    11    0.037406    0.043642    0.107701    0.282835 ^ clkbuf_3_6__f_clk/X (sky130_fd_sc_hd__clkbuf_16)
                                                         clknet_3_6__leaf_clk (net)
                      0.043644    0.000149    0.282984 ^ _772_/CLK (sky130_fd_sc_hd__dfrtp_1)
     1    0.002773    0.027739    0.223755    0.506739 v _772_/Q (sky130_fd_sc_hd__dfrtp_1)
                                                         net32 (net)
                      0.027739    0.000023    0.506763 v output32/A (sky130_fd_sc_hd__buf_2)
     1    0.035032    0.063799    0.117493    0.624255 v output32/X (sky130_fd_sc_hd__buf_2)
                                                         product[8] (net)
                      0.063800    0.000383    0.624638 v product[8] (out)
                                              0.624638   data arrival time

                                  6.250000    6.250000   clock clk (rise edge)
                                  0.000000    6.250000   clock network delay (propagated)
                                 -0.250000    6.000000   clock uncertainty
                                  0.000000    6.000000   clock reconvergence pessimism
                                 -1.250000    4.750000   output external delay
                                              4.750000   data required time
---------------------------------------------------------------------------------------------
                                              4.750000   data required time
                                             -0.624638   data arrival time
---------------------------------------------------------------------------------------------
                                              4.125361   slack (MET)




===========================================================================
report_checks --slack_max -0.01
============================================================================
======================= min_ff_n40C_1v95 Corner ===================================

No paths found.


===========================================================================
 report_check_types -max_slew -max_cap -max_fanout -violators
============================================================================
======================= min_ff_n40C_1v95 Corner ===================================

max fanout

Pin                                   Limit Fanout  Slack
---------------------------------------------------------
clkbuf_3_2__f_clk/X                      10     13     -3 (VIOLATED)
clkbuf_3_7__f_clk/X                      10     13     -3 (VIOLATED)
clkbuf_3_6__f_clk/X                      10     11        (VIOLATED)



===========================================================================
report_parasitic_annotation -report_unannotated
============================================================================
Found 7 unannotated drivers.
 clkload0/Y
 clkload1/Y
 clkload2/X
 clkload3/Y
 clkload4/Y
 clkload5/Y
 clkload6/Y
Found 0 partially unannotated drivers.

===========================================================================
max slew violation count 0
max fanout violation count 3
max cap violation count 0
============================================================================

===========================================================================
check_setup -verbose -unconstrained_endpoints -multiple_clock -no_clock -no_input_delay -loops -generated_clocks
===========================================================================
