Clock: clk
Sources: clk 
Generated: no
Virtual: yes
Propagated: no
Period: 6.250000

===========================================================================
report_clock_properties
============================================================================
Clock                   Period          Waveform
----------------------------------------------------
clk                   6.250000    0.000000  3.125000

===========================================================================
report_clock_latency
============================================================================
Clock clk
rise -> rise
    min     max
0.000000 0.000000 source latency
0.279515         network latency _794_/CLK
        0.285486 network latency _764_/CLK
---------------
0.279515 0.285486 latency
        0.005970 skew

fall -> fall
    min     max
0.000000 0.000000 source latency
0.251027         network latency _794_/CLK
        0.255921 network latency _764_/CLK
---------------
0.251027 0.255921 latency
        0.004893 skew



===========================================================================
report_clock_min_period
============================================================================
clk period_min = 1.83 fmax = 547.87
