                                                                        Cells by Master                                                                         
┏━━━━━━━━━━━━━━━━━━━━━━━━━━━━━━━━━━━━━━━━━━━━━━━━━━━━━━━━━━━━━━━━━━━━━━━━━━━━━━━━━━━━━━━━━━━━━━━━━━━━━━━━━━━━━━━━━━━━━━━━━━━━━━━━━━┳━━━━━━━━━━━━━━━━━━━━━━━━━━━┓
┃ Cell                                                                                                                             ┃ Count                     ┃
┡━━━━━━━━━━━━━━━━━━━━━━━━━━━━━━━━━━━━━━━━━━━━━━━━━━━━━━━━━━━━━━━━━━━━━━━━━━━━━━━━━━━━━━━━━━━━━━━━━━━━━━━━━━━━━━━━━━━━━━━━━━━━━━━━━━╇━━━━━━━━━━━━━━━━━━━━━━━━━━━┩
│ sky130_ef_sc_hd__decap_12                                                                                                        │ 286                       │
│ sky130_fd_sc_hd__a211o_1                                                                                                         │ 1                         │
│ sky130_fd_sc_hd__a211oi_1                                                                                                        │ 3                         │
│ sky130_fd_sc_hd__a21bo_1                                                                                                         │ 3                         │
│ sky130_fd_sc_hd__a21bo_4                                                                                                         │ 1                         │
│ sky130_fd_sc_hd__a21boi_2                                                                                                        │ 1                         │
│ sky130_fd_sc_hd__a21o_1                                                                                                          │ 2                         │
│ sky130_fd_sc_hd__a21oi_1                                                                                                         │ 12                        │
│ sky130_fd_sc_hd__a21oi_2                                                                                                         │ 5                         │
│ sky130_fd_sc_hd__a21oi_4                                                                                                         │ 1                         │
│ sky130_fd_sc_hd__a22o_1                                                                                                          │ 9                         │
│ sky130_fd_sc_hd__a22oi_1                                                                                                         │ 9                         │
│ sky130_fd_sc_hd__a31o_4                                                                                                          │ 1                         │
│ sky130_fd_sc_hd__and2_1                                                                                                          │ 42                        │
│ sky130_fd_sc_hd__and2_4                                                                                                          │ 9                         │
│ sky130_fd_sc_hd__and2b_1                                                                                                         │ 13                        │
│ sky130_fd_sc_hd__and3_1                                                                                                          │ 15                        │
│ sky130_fd_sc_hd__and3b_1                                                                                                         │ 9                         │
│ sky130_fd_sc_hd__and4_1                                                                                                          │ 1                         │
│ sky130_fd_sc_hd__buf_2                                                                                                           │ 24                        │
│ sky130_fd_sc_hd__buf_4                                                                                                           │ 20                        │
│ sky130_fd_sc_hd__clkbuf_1                                                                                                        │ 17                        │
│ sky130_fd_sc_hd__clkbuf_16                                                                                                       │ 3                         │
│ sky130_fd_sc_hd__clkbuf_2                                                                                                        │ 2                         │
│ sky130_fd_sc_hd__clkbuf_4                                                                                                        │ 6                         │
│ sky130_fd_sc_hd__clkbuf_8                                                                                                        │ 26                        │
│ sky130_fd_sc_hd__clkinv_2                                                                                                        │ 1                         │
│ sky130_fd_sc_hd__clkinv_4                                                                                                        │ 4                         │
│ sky130_fd_sc_hd__clkinv_8                                                                                                        │ 2                         │
│ sky130_fd_sc_hd__clkinvlp_4                                                                                                      │ 1                         │
│ sky130_fd_sc_hd__decap_3                                                                                                         │ 228                       │
│ sky130_fd_sc_hd__decap_4                                                                                                         │ 148                       │
│ sky130_fd_sc_hd__decap_6                                                                                                         │ 93                        │
│ sky130_fd_sc_hd__decap_8                                                                                                         │ 143                       │
│ sky130_fd_sc_hd__dfrtp_1                                                                                                         │ 232                       │
│ sky130_fd_sc_hd__dfrtp_4                                                                                                         │ 15                        │
│ sky130_fd_sc_hd__dlygate4sd1_1                                                                                                   │ 12                        │
│ sky130_fd_sc_hd__dlygate4sd3_1                                                                                                   │ 136                       │
│ sky130_fd_sc_hd__dlymetal6s2s_1                                                                                                  │ 4                         │
│ sky130_fd_sc_hd__dlymetal6s4s_1                                                                                                  │ 1                         │
│ sky130_fd_sc_hd__fill_1                                                                                                          │ 297                       │
│ sky130_fd_sc_hd__fill_2                                                                                                          │ 161                       │
│ sky130_fd_sc_hd__inv_2                                                                                                           │ 259                       │
│ sky130_fd_sc_hd__inv_6                                                                                                           │ 7                         │
│ sky130_fd_sc_hd__inv_8                                                                                                           │ 3                         │
│ sky130_fd_sc_hd__nand2_1                                                                                                         │ 39                        │
│ sky130_fd_sc_hd__nand2_2                                                                                                         │ 1                         │
│ sky130_fd_sc_hd__nand2_4                                                                                                         │ 1                         │
│ sky130_fd_sc_hd__nand3_1                                                                                                         │ 2                         │
│ sky130_fd_sc_hd__nand4_1                                                                                                         │ 1                         │
│ sky130_fd_sc_hd__nor2_1                                                                                                          │ 61                        │
│ sky130_fd_sc_hd__nor2_2                                                                                                          │ 5                         │
│ sky130_fd_sc_hd__nor2_4                                                                                                          │ 5                         │
│ sky130_fd_sc_hd__nor2_8                                                                                                          │ 1                         │
│ sky130_fd_sc_hd__nor3_1                                                                                                          │ 1                         │
│ sky130_fd_sc_hd__nor3_2                                                                                                          │ 1                         │
│ sky130_fd_sc_hd__nor3b_4                                                                                                         │ 1                         │
│ sky130_fd_sc_hd__o2111a_1                                                                                                        │ 1                         │
│ sky130_fd_sc_hd__o211a_1                                                                                                         │ 5                         │
│ sky130_fd_sc_hd__o21a_1                                                                                                          │ 13                        │
│ sky130_fd_sc_hd__o21ai_1                                                                                                         │ 2                         │
│ sky130_fd_sc_hd__o21ai_2                                                                                                         │ 4                         │
│ sky130_fd_sc_hd__o21ba_1                                                                                                         │ 2                         │
│ sky130_fd_sc_hd__o21ba_4                                                                                                         │ 2                         │
│ sky130_fd_sc_hd__o21bai_1                                                                                                        │ 2                         │
│ sky130_fd_sc_hd__o31a_1                                                                                                          │ 1                         │
│ sky130_fd_sc_hd__o32a_1                                                                                                          │ 1                         │
│ sky130_fd_sc_hd__or2_1                                                                                                           │ 20                        │
│ sky130_fd_sc_hd__or2_4                                                                                                           │ 7                         │
│ sky130_fd_sc_hd__or3_4                                                                                                           │ 5                         │
│ sky130_fd_sc_hd__or3b_1                                                                                                          │ 1                         │
│ sky130_fd_sc_hd__or3b_4                                                                                                          │ 1                         │
│ sky130_fd_sc_hd__tapvpwrvgnd_1                                                                                                   │ 308                       │
│ sky130_fd_sc_hd__xnor2_1                                                                                                         │ 27                        │
│ sky130_fd_sc_hd__xnor2_2                                                                                                         │ 7                         │
│ sky130_fd_sc_hd__xnor2_4                                                                                                         │ 1                         │
│ sky130_fd_sc_hd__xor2_1                                                                                                          │ 19                        │
│ sky130_fd_sc_hd__xor2_2                                                                                                          │ 3                         │
└──────────────────────────────────────────────────────────────────────────────────────────────────────────────────────────────────┴───────────────────────────┘
