Reading OpenROAD database at '/home/hassan-ul-haq/openlane2/designs/Multiplier/runs/RUN_2025-11-05_19-27-52/47-odb-reportdisconnectedpins/mult.odb'…
Reading library file at '/home/hassan-ul-haq/.volare/volare/sky130/versions/0fe599b2afb6708d281543108caf8310912f54af/sky130A/libs.ref/sky130_fd_sc_hd/lib/sky130_fd_sc_hd__tt_025C_1v80.lib'…
Reading design constraints file at 'pnr.sdc'…
sky130_ef_sc_hd__decap_12 sky130_fd_sc_hd__decap_8 sky130_fd_sc_hd__decap_6 sky130_fd_sc_hd__decap_4 sky130_fd_sc_hd__decap_3 sky130_fd_sc_hd__fill*
[INFO DPL-0001] Placed 537 filler instances.
Setting global connections for newly added cells…
[INFO] Setting global connections...
Updating metrics…
Cell type report:                       Count       Area
  Fill cell                               601    4127.71
  Tap cell                                102     127.62
  Clock buffer                              5     125.12
  Timing Repair Buffer                     61     271.51
  Inverter                                 37     138.88
  Clock inverter                            3      23.77
  Sequential cell                          32     804.52
  Multi-Input combinational cell          300    2068.23
  Total                                  1141    7687.37
Writing OpenROAD database to '/home/hassan-ul-haq/openlane2/designs/Multiplier/runs/RUN_2025-11-05_19-27-52/51-openroad-fillinsertion/mult.odb'…
Writing netlist to '/home/hassan-ul-haq/openlane2/designs/Multiplier/runs/RUN_2025-11-05_19-27-52/51-openroad-fillinsertion/mult.nl.v'…
Writing powered netlist to '/home/hassan-ul-haq/openlane2/designs/Multiplier/runs/RUN_2025-11-05_19-27-52/51-openroad-fillinsertion/mult.pnl.v'…
Writing layout to '/home/hassan-ul-haq/openlane2/designs/Multiplier/runs/RUN_2025-11-05_19-27-52/51-openroad-fillinsertion/mult.def'…
Writing timing constraints to '/home/hassan-ul-haq/openlane2/designs/Multiplier/runs/RUN_2025-11-05_19-27-52/51-openroad-fillinsertion/mult.sdc'…
